ERKALE - HF/DFT from Hel, OpenMP version, running on 8 cores.
(c) Susi Lehtola, 2010-2016.

This program is free software; you can redistribute it and/or modify
it under the terms of the GNU General Public License as published by
the Free Software Foundation; either version 2 of the License, or
(at your option) any later version.

Running on host silver.

Current time is Sun 25 Jan 2026 12:01:12.

Current Settings used by ERKALE:
     AtomGuess      	                Auto	Method used for atomic guess (Auto for same as method)
     Basis          	           AHGBSP1-9	Basis set used in calculation
     BasisCutoff    	           1.000e-08	Cutoff for dropping out small primitives from contraction
     BasisOrth      	                Auto	Method of orthonormalization of basis set
     BasisRotate    	               false	Rotate basis set to remove redundant functions?
     Charge         	                   0	Total charge of system
     CholDepThresh  	           1.000e-07	Partial Cholesky decomposition threshold
     Cholesky       	                true	Use Cholesky decomposition?
     CholeskyMode   	                   0	Save/load integrals? 0 no, 1 save, -1 load
     CholeskyNAFThr 	           0.000e+00	Cholesky natural auxiliary function threshold
     CholeskyShThr  	           1.000e-02	Cholesky cache threshold
     CholeskyThr    	           1.000e-07	Cholesky decomposition threshold
     Complexbas     	                true	Use complex basis?
     Confinement    	         0.0 0.0 0.0	Confinement potential V(r) = V_i x_i^2
     ConvThr        	           1.000e-06	Orbital gradient convergence threshold
     DFTBasisThr    	           1.000e-10	Threshold for screening basis functions on grid
     DFTCpars       	                    	Override parameters of correlation functional (expert)
     DFTDelta       	           1.000e+02	Switch to final DFT grid has converged within factor X
     DFTDensityThr  	           1.000e-10	Threshold for screening density on grid
     DFTFinalTol    	           1.000e-05	Tolerance of final DFT grid
     DFTGrid        	             75 -302	DFT integration grid to use: nrad lmax or Auto for adaptive
     DFTInitialTol  	           1.000e-04	Tolerance of initial DFT grid
     DFTLobatto     	               false	Use Lobatto quadrature instead of Lebedev quadrature?
     DFTQuadThresh  	           2.220e-16	Threshold for pruning points with small quadrature weight
     DFTXpars       	                    	Override parameters of exchange functional (expert)
     DIISComb       	               false	Combine alpha and beta errors in unrestricted calcs?
     DIISEps        	           1.000e-01	Start mixing in DIIS when error is
     DIISOrder      	                  10	How many DIIS iterations to keep in memory?
     DIISThr        	           1.000e-02	DIIS error threshold for DIIS updates
     DecFock        	               false	Use decontracted basis to calculate Fock matrix (direct HF)
     Decontract     	                   *	Indices of atoms to decontract basis set for
     DensityFitting 	               false	Use density fitting / RI?
     Direct         	               false	Calculate two-electron integrals (or density fitting) on-the-fly?
     EField         	         0.0 0.0 0.0	Electric field
     ErrorNorm      	                 rms	Error norm to use in the SCF code
     FittingBasis   	                Auto	Basis to use for density fitting / RI (Auto for automatic)
     FittingCholeskyThreshold	           1.000e-08	Linear dependence threshold for pivoted Cholesky of Coulomb integrals in density fitting
     FittingMemory  	                1000	Amount of memory in MB to use for exchange fitting
     FittingThreshold	           1.000e-07	Linear dependence threshold for Coulomb integrals in density fitting
     Guess          	              sapfit	Used guess: SAD (default), SADNO, core, GWH, SAP, or SAPfit
     InitConvThr    	           1.000e-05	Initialization convergence threshold
     InputBohr      	               false	Use atomic units as input units instead of angstrom?
     IntegralThresh 	           1.000e-10	Integral screening threshold
     Kgwh           	           1.750e+00	Scaling constant for GWH
     LinDepThresh   	           1.000e-05	Basis set linear dependency threshold
     LinearB        	           4.000e-02	Magnetic field along bond axis
     LinearFreeze   	               false	If using linear symmetry, freeze symmetry to input guess
     LinearOccupationFile	     ../../Ne_4.occs	File to read linear occupations from
     LinearOccupations	                  -1	Read in occupations for linear molecule calculations?
     LinearSymmetry 	                true	Do special calculation on linear molecule along z axis
     LoadChk        	                    	Checkpoint file to load from
     Logfile        	          erkale.log	File to print out full information, stdout for screen
     MaxInitIter    	                  50	Maximum number of iterations in the stepwise solutions
     MaxIter        	                 100	Maximum number of iterations in SCF cycle
     Method         	                  HF	Method used in calculation (HF or a DFT functional)
     Multiplicity   	                   3	Spin multiplicity
     NLGrid         	             50 -194	Integration grid to use for nonlocal correlation: nrad lmax
     Occupancies    	                    	Orbital occupancies
     OptLM          	               false	If spherical harmonics used, use cartesian s and p functions?
     PZ             	               false	Perform Perdew-Zunger self-interaction correction?
     PZEthr         	           1.000e-10	Threshold for energy convergence
     PZIthr         	           1.000e-02	Threshold for initialization convergence (not too small!)
     PZNRthr        	           0.000e+00	Threshold for use of NR method in OO optimization
     PZOOthr        	           1.000e-04	Gradient threshold for OO optimization
     PZOVthr        	           1.000e-05	Gradient threshold for OV optimization
     PZimag         	                Auto	Imaginary degrees of freedom in PZ?
     PZiter         	                  20	Max number of iterations in self-consistency iteration
     PZloc          	                Auto	Initial localization before SIC calculation?
     PZlocmet       	                  FB	Initial localization method (recommend FB or IAO)
     PZmode         	                  XC	Apply PZ to the operators (in addition to J): X C D
     PZoo           	                true	Optimize OO block?
     PZov           	                true	Optimize OV block?
     PZprec         	                   1	Precondition OV block? 0: no, 1: unified, 2: orbital
     PZrand         	                true	Apply random rotation in PZ initialization? (Should be true)
     PZscale        	            Constant	Scaling for PZ: Constant, Density or Kinetic
     PZscaleExp     	           1.000e+00	Exponent in the dynamic scaling equation
     PZseed         	                   0	Seed number for randomized matrices?
     PZstab         	                   0	Stability analysis for PZ-SIC? 1 or -1 for OO, 2 or -2 for OO+OV
     PZstabThr      	           1.000e-03	Instability threshold (interpreted as -thr)
     PZw            	           1.000e+00	Weight for Perdew-Zunger self-interaction correction
     Restricted     	               false	Spin restricted?
     SAPBasis       	    helfem_large.gbs	Tabulated atomic effective potential "basis set"
     SAPGrid        	                    	SAP integration grid to use: nrad lmax or leave empty
     SaveChk        	   complex_basis.chk	Checkpoint file to save to
     Shift          	           0.000e+00	Level shift to use in Hartree
     System         	        ../atoms.xyz	System as an xyz file
     TRRHminS       	           9.750e-01	Trust-Region Roothaan-Hall minimal occupied orbital overlap
     UseADIIS       	                true	Use ADIIS for Fock matrix interpolation?
     UseBroyden     	               false	Use Broyden mixing of Fock matrices?
     UseDIIS        	                true	Use Pulay's Direct Inversion in the Iterative Subspace?
     UseLM          	                true	Use a spherical harmonics basis set by default?
     UseTRRH        	               false	Use Trust-Region Roothaan-Hall?
     VV10           	                Auto	Use VV10 non-local correlation?
     VV10Pars       	                    	VV10 parameters: b C
     Verbose        	                true	Verbose calculation?
     Verbosity      	                   5	Verboseness level

Basis set AHGBSP1-9 found in file AHGBSP1-9.gbs in /home/lehtola/programs/erkale/basis/.
Basis set helfem_large.gbs found in file helfem_large.gbs in /home/lehtola/programs/erkale/basis/.
Screening by shell pairs and symmetry reduced dofs by factor 2.01.
Individual screening reduced dofs by a total factor 2.01.
Computing Cholesky vectors. Estimated memory size is 124 Mi - 414 Mi.
Cholesky vectors no     0 -     0 computed, error is 4.226655e+02 (0.03 s).
Cholesky vectors no     1 -     1 computed, error is 1.065514e+02 (0.03 s).
Cholesky vectors no     2 -     2 computed, error is 6.119656e+01 (0.03 s).
Cholesky vectors no     3 -     3 computed, error is 3.811385e+01 (0.03 s).
Cholesky vectors no     4 -     9 computed, error is 1.338543e+01 (0.16 s).
Cholesky vectors no    10 -    12 computed, error is 1.070683e+01 (0.08 s).
Cholesky vectors no    13 -    18 computed, error is 9.979284e+00 (0.00 s).
Cholesky vectors no    19 -    19 computed, error is 3.559563e+00 (0.00 s).
Cholesky vectors no    20 -    22 computed, error is 3.397537e+00 (0.00 s).
Cholesky vectors no    23 -    37 computed, error is 3.297481e+00 (0.01 s).
Cholesky vectors no    38 -    38 computed, error is 2.928387e+00 (0.00 s).
Cholesky vectors no    39 -    39 computed, error is 2.337655e+00 (0.00 s).
Cholesky vectors no    40 -    45 computed, error is 1.787232e+00 (0.01 s).
Cholesky vectors no    46 -    55 computed, error is 1.401352e+00 (0.01 s).
Cholesky vectors no    56 -    58 computed, error is 1.098615e+00 (0.00 s).
Cholesky vectors no    59 -    73 computed, error is 9.089125e-01 (0.02 s).
Cholesky vectors no    74 -    88 computed, error is 7.177511e-01 (0.02 s).
Cholesky vectors no    89 -    98 computed, error is 3.498799e-01 (0.01 s).
Cholesky vectors no    99 -   113 computed, error is 2.961299e-01 (0.04 s).
Cholesky vectors no   114 -   123 computed, error is 2.940826e-01 (0.01 s).
Cholesky vectors no   124 -   138 computed, error is 2.788152e-01 (0.03 s).
Cholesky vectors no   139 -   141 computed, error is 2.556611e-01 (0.01 s).
Cholesky vectors no   142 -   142 computed, error is 1.578678e-01 (0.00 s).
Cholesky vectors no   143 -   148 computed, error is 1.430373e-01 (0.01 s).
Cholesky vectors no   149 -   158 computed, error is 1.246841e-01 (0.02 s).
Cholesky vectors no   159 -   161 computed, error is 1.240882e-01 (0.01 s).
Cholesky vectors no   162 -   171 computed, error is 1.112200e-01 (0.02 s).
Cholesky vectors no   172 -   186 computed, error is 1.008136e-01 (0.04 s).
Cholesky vectors no   187 -   187 computed, error is 9.358212e-02 (0.00 s).
Cholesky vectors no   188 -   202 computed, error is 7.773070e-02 (0.07 s).
Cholesky vectors no   203 -   212 computed, error is 5.994214e-02 (0.03 s).
Cholesky vectors no   213 -   222 computed, error is 4.188185e-02 (0.03 s).
Cholesky vectors no   223 -   237 computed, error is 3.535286e-02 (0.04 s).
Cholesky vectors no   238 -   252 computed, error is 2.973780e-02 (0.04 s).
Cholesky vectors no   253 -   267 computed, error is 2.456064e-02 (0.04 s).
Cholesky vectors no   268 -   277 computed, error is 2.450126e-02 (0.03 s).
Cholesky vectors no   278 -   278 computed, error is 2.425998e-02 (0.00 s).
Cholesky vectors no   279 -   288 computed, error is 1.904615e-02 (0.03 s).
Cholesky vectors no   289 -   291 computed, error is 1.895964e-02 (0.01 s).
Cholesky vectors no   292 -   292 computed, error is 1.816844e-02 (0.00 s).
Cholesky vectors no   293 -   298 computed, error is 1.227627e-02 (0.02 s).
Cholesky vectors no   299 -   308 computed, error is 1.123753e-02 (0.07 s).
Cholesky vectors no   309 -   323 computed, error is 1.106340e-02 (0.05 s).
Cholesky vectors no   324 -   338 computed, error is 1.067061e-02 (0.04 s).
Cholesky vectors no   339 -   341 computed, error is 1.032414e-02 (0.01 s).
Cholesky vectors no   342 -   348 computed, error is 9.731533e-03 (0.02 s).
Cholesky vectors no   349 -   358 computed, error is 9.579983e-03 (0.03 s).
Cholesky vectors no   359 -   359 computed, error is 9.452434e-03 (0.00 s).
Cholesky vectors no   360 -   374 computed, error is 6.692769e-03 (0.05 s).
Cholesky vectors no   375 -   384 computed, error is 3.871080e-03 (0.03 s).
Cholesky vectors no   385 -   399 computed, error is 3.372706e-03 (0.05 s).
Cholesky vectors no   400 -   414 computed, error is 3.114905e-03 (0.11 s).
Cholesky vectors no   415 -   429 computed, error is 2.880014e-03 (0.06 s).
Cholesky vectors no   430 -   439 computed, error is 2.712471e-03 (0.04 s).
Cholesky vectors no   440 -   449 computed, error is 1.629926e-03 (0.04 s).
Cholesky vectors no   450 -   452 computed, error is 1.255814e-03 (0.01 s).
Cholesky vectors no   453 -   462 computed, error is 1.118097e-03 (0.04 s).
Cholesky vectors no   463 -   477 computed, error is 1.052432e-03 (0.06 s).
Cholesky vectors no   478 -   483 computed, error is 9.870983e-04 (0.02 s).
Cholesky vectors no   484 -   486 computed, error is 9.627972e-04 (0.01 s).
Cholesky vectors no   487 -   496 computed, error is 9.474769e-04 (0.04 s).
Cholesky vectors no   497 -   511 computed, error is 7.641017e-04 (0.13 s).
Cholesky vectors no   512 -   517 computed, error is 7.344289e-04 (0.03 s).
Cholesky vectors no   518 -   524 computed, error is 6.869690e-04 (0.03 s).
Cholesky vectors no   525 -   527 computed, error is 3.610714e-04 (0.01 s).
Cholesky vectors no   528 -   542 computed, error is 3.396299e-04 (0.06 s).
Cholesky vectors no   543 -   552 computed, error is 2.973608e-04 (0.04 s).
Cholesky vectors no   553 -   567 computed, error is 2.762237e-04 (0.06 s).
Cholesky vectors no   568 -   577 computed, error is 2.174104e-04 (0.04 s).
Cholesky vectors no   578 -   578 computed, error is 1.733811e-04 (0.00 s).
Cholesky vectors no   579 -   593 computed, error is 1.724932e-04 (0.06 s).
Cholesky vectors no   594 -   608 computed, error is 1.694340e-04 (0.12 s).
Cholesky vectors no   609 -   618 computed, error is 1.376725e-04 (0.04 s).
Cholesky vectors no   619 -   621 computed, error is 1.006984e-04 (0.01 s).
Cholesky vectors no   622 -   631 computed, error is 9.497668e-05 (0.04 s).
Cholesky vectors no   632 -   646 computed, error is 9.132216e-05 (0.07 s).
Cholesky vectors no   647 -   647 computed, error is 6.941638e-05 (0.00 s).
Cholesky vectors no   648 -   657 computed, error is 6.667241e-05 (0.04 s).
Cholesky vectors no   658 -   660 computed, error is 6.515397e-05 (0.01 s).
Cholesky vectors no   661 -   667 computed, error is 6.366720e-05 (0.03 s).
Cholesky vectors no   668 -   668 computed, error is 3.481860e-05 (0.00 s).
Cholesky vectors no   669 -   683 computed, error is 3.206324e-05 (0.07 s).
Cholesky vectors no   684 -   693 computed, error is 2.605650e-05 (0.04 s).
Cholesky vectors no   694 -   703 computed, error is 1.825592e-05 (0.13 s).
Cholesky vectors no   704 -   706 computed, error is 1.480903e-05 (0.02 s).
Cholesky vectors no   707 -   707 computed, error is 1.467839e-05 (0.01 s).
Cholesky vectors no   708 -   710 computed, error is 1.321907e-05 (0.02 s).
Cholesky vectors no   711 -   720 computed, error is 1.190853e-05 (0.06 s).
Cholesky vectors no   721 -   735 computed, error is 1.062858e-05 (0.09 s).
Cholesky vectors no   736 -   741 computed, error is 9.379891e-06 (0.03 s).
Cholesky vectors no   742 -   751 computed, error is 5.360758e-06 (0.06 s).
Cholesky vectors no   752 -   752 computed, error is 4.647781e-06 (0.01 s).
Cholesky vectors no   753 -   762 computed, error is 4.455225e-06 (0.06 s).
Cholesky vectors no   763 -   777 computed, error is 3.652380e-06 (0.09 s).
Cholesky vectors no   778 -   780 computed, error is 3.057171e-06 (0.02 s).
Cholesky vectors no   781 -   790 computed, error is 2.460034e-06 (0.06 s).
Cholesky vectors no   791 -   793 computed, error is 1.896490e-06 (0.02 s).
Cholesky vectors no   794 -   808 computed, error is 1.693747e-06 (0.18 s).
Cholesky vectors no   809 -   818 computed, error is 1.439605e-06 (0.09 s).
Cholesky vectors no   819 -   833 computed, error is 1.183754e-06 (0.14 s).
Cholesky vectors no   834 -   848 computed, error is 1.015301e-06 (0.14 s).
Cholesky vectors no   849 -   858 computed, error is 9.860800e-07 (0.09 s).
Cholesky vectors no   859 -   864 computed, error is 9.433913e-07 (0.05 s).
Cholesky vectors no   865 -   865 computed, error is 7.726537e-07 (0.01 s).
Cholesky vectors no   866 -   868 computed, error is 7.477826e-07 (0.02 s).
Cholesky vectors no   869 -   883 computed, error is 5.839485e-07 (0.11 s).
Cholesky vectors no   884 -   898 computed, error is 3.956876e-07 (0.10 s).
Cholesky vectors no   899 -   899 computed, error is 3.632079e-07 (0.01 s).
Cholesky vectors no   900 -   904 computed, error is 2.907484e-07 (0.12 s).
Cholesky vectors no   905 -   914 computed, error is 2.187002e-07 (0.08 s).
Cholesky vectors no   915 -   915 computed, error is 1.953175e-07 (0.01 s).
Cholesky vectors no   916 -   925 computed, error is 1.761397e-07 (0.07 s).
Cholesky vectors no   926 -   940 computed, error is 1.600725e-07 (0.10 s).
Cholesky vectors no   941 -   950 computed, error is 1.271475e-07 (0.07 s).
Cholesky vectors no   951 -   965 computed, error is 1.130620e-07 (0.10 s).
Cholesky vectors no   966 -   968 computed, error is 6.647224e-08 (0.02 s).
Cholesky decomposition finished in 5.56 s. Realized memory size is 186 Mi 770 ki.
Time use: integrals 9.7 %, linear algebra 90.3 %.
3185 shell pairs and 1 nuclei
SAP potential formed in 0.006 s.
Smallest eigenvalue of overlap matrix is 2.23e-04, reciprocal condition number is 4.61e-05.
Using symmetric orthogonalization.
Smallest eigenvalue of overlap matrix is 1.30e-04, reciprocal condition number is 2.37e-05.
Using symmetric orthogonalization.
Smallest eigenvalue of overlap matrix is 4.60e-05, reciprocal condition number is 6.59e-06.
Using symmetric orthogonalization.
Smallest eigenvalue of overlap matrix is 1.30e-04, reciprocal condition number is 2.37e-05.
Using symmetric orthogonalization.
Smallest eigenvalue of overlap matrix is 2.23e-04, reciprocal condition number is 4.61e-05.
Using symmetric orthogonalization.
Nela = 6 Nelb = 4



Solving SCF
Evaluated energy -126.8916600597 (change from lowest -1.268917e+02)


Iteration 1: 1 Fock evaluations energy -126.8916600597 change -1.268917e+02 DIIS error vector rms norm 1.064346e-02
History size 1
alpha m=-1 occupations
   1.0000
alpha m=0 occupations
   1.0000   1.0000   1.0000
alpha m=1 occupations
   1.0000
alpha m=2 occupations
   1.0000
beta m=0 occupations
   1.0000   1.0000   1.0000
beta m=1 occupations
   1.0000
EDIIS+DIIS step
Evaluated energy -127.8175757096 (change from lowest -9.259156e-01)
Density matrix difference 8.125967e-02 between lowest-energy and newest entry


Iteration 2: 2 Fock evaluations energy -127.8175757096 change -9.259156e-01 DIIS error vector rms norm 3.512065e-03
History size 2
alpha m=-1 occupations
   1.0000
alpha m=0 occupations
   1.0000   1.0000   1.0000
alpha m=1 occupations
   1.0000
alpha m=2 occupations
   1.0000
beta m=0 occupations
   1.0000   1.0000   1.0000
beta m=1 occupations
   1.0000
EDIIS+DIIS step
Evaluated energy -127.8383492848 (change from lowest -2.077358e-02)
Density matrix difference 4.278798e-03 between lowest-energy and newest entry


Iteration 3: 3 Fock evaluations energy -127.8383492848 change -2.077358e-02 DIIS error vector rms norm 3.390422e-04
History size 3
alpha m=-1 occupations
   1.0000
alpha m=0 occupations
   1.0000   1.0000   1.0000
alpha m=1 occupations
   1.0000
alpha m=2 occupations
   1.0000
beta m=0 occupations
   1.0000   1.0000   1.0000
beta m=1 occupations
   1.0000
EDIIS+DIIS step
Evaluated energy -127.8387431907 (change from lowest -3.939059e-04)
Density matrix difference 9.726205e-04 between lowest-energy and newest entry


Iteration 4: 4 Fock evaluations energy -127.8387431907 change -3.939059e-04 DIIS error vector rms norm 6.336462e-05
History size 4
alpha m=-1 occupations
   1.0000
alpha m=0 occupations
   1.0000   1.0000   1.0000
alpha m=1 occupations
   1.0000
alpha m=2 occupations
   1.0000
beta m=0 occupations
   1.0000   1.0000   1.0000
beta m=1 occupations
   1.0000
DIIS step
Evaluated energy -127.8387695581 (change from lowest -2.636743e-05)
Density matrix difference 3.974493e-04 between lowest-energy and newest entry


Iteration 5: 5 Fock evaluations energy -127.8387695581 change -2.636743e-05 DIIS error vector rms norm 1.818440e-05
History size 5
alpha m=-1 occupations
   1.0000
alpha m=0 occupations
   1.0000   1.0000   1.0000
alpha m=1 occupations
   1.0000
alpha m=2 occupations
   1.0000
beta m=0 occupations
   1.0000   1.0000   1.0000
beta m=1 occupations
   1.0000
DIIS step
Evaluated energy -127.8387724158 (change from lowest -2.857667e-06)
Density matrix difference 1.852755e-04 between lowest-energy and newest entry


Iteration 6: 6 Fock evaluations energy -127.8387724158 change -2.857667e-06 DIIS error vector rms norm 4.249975e-06
History size 6
alpha m=-1 occupations
   1.0000
alpha m=0 occupations
   1.0000   1.0000   1.0000
alpha m=1 occupations
   1.0000
alpha m=2 occupations
   1.0000
beta m=0 occupations
   1.0000   1.0000   1.0000
beta m=1 occupations
   1.0000
DIIS step
Evaluated energy -127.8387726879 (change from lowest -2.721214e-07)
Density matrix difference 8.093900e-05 between lowest-energy and newest entry


Iteration 7: 7 Fock evaluations energy -127.8387726879 change -2.721214e-07 DIIS error vector rms norm 4.793557e-07
History size 7
Converged to energy -127.8387726879!

Running program took 1 min 40.58 s.
