ERKALE - HF/DFT from Hel, OpenMP version, running on 8 cores.
(c) Susi Lehtola, 2010-2016.

This program is free software; you can redistribute it and/or modify
it under the terms of the GNU General Public License as published by
the Free Software Foundation; either version 2 of the License, or
(at your option) any later version.

Running on host silver.

Current time is Fri 30 Jan 2026 15:03:04.

Current Settings used by ERKALE:
     AtomGuess      	                Auto	Method used for atomic guess (Auto for same as method)
     Basis          	           AHGBSP2-9	Basis set used in calculation
     BasisCutoff    	           1.000e-08	Cutoff for dropping out small primitives from contraction
     BasisOrth      	                Auto	Method of orthonormalization of basis set
     BasisRotate    	               false	Rotate basis set to remove redundant functions?
     Charge         	                   0	Total charge of system
     CholDepThresh  	           1.000e-07	Partial Cholesky decomposition threshold
     Cholesky       	                true	Use Cholesky decomposition?
     CholeskyMode   	                   0	Save/load integrals? 0 no, 1 save, -1 load
     CholeskyNAFThr 	           0.000e+00	Cholesky natural auxiliary function threshold
     CholeskyShThr  	           1.000e-02	Cholesky cache threshold
     CholeskyThr    	           1.000e-07	Cholesky decomposition threshold
     Complexbas     	                true	Use complex basis?
     Confinement    	         0.0 0.0 0.0	Confinement potential V(r) = V_i x_i^2
     ConvThr        	           1.000e-06	Orbital gradient convergence threshold
     DFTBasisThr    	           1.000e-10	Threshold for screening basis functions on grid
     DFTCpars       	                    	Override parameters of correlation functional (expert)
     DFTDelta       	           1.000e+02	Switch to final DFT grid has converged within factor X
     DFTDensityThr  	           1.000e-10	Threshold for screening density on grid
     DFTFinalTol    	           1.000e-05	Tolerance of final DFT grid
     DFTGrid        	             75 -302	DFT integration grid to use: nrad lmax or Auto for adaptive
     DFTInitialTol  	           1.000e-04	Tolerance of initial DFT grid
     DFTLobatto     	               false	Use Lobatto quadrature instead of Lebedev quadrature?
     DFTQuadThresh  	           2.220e-16	Threshold for pruning points with small quadrature weight
     DFTXpars       	                    	Override parameters of exchange functional (expert)
     DIISComb       	               false	Combine alpha and beta errors in unrestricted calcs?
     DIISEps        	           1.000e-01	Start mixing in DIIS when error is
     DIISOrder      	                  10	How many DIIS iterations to keep in memory?
     DIISThr        	           1.000e-02	DIIS error threshold for DIIS updates
     DecFock        	               false	Use decontracted basis to calculate Fock matrix (direct HF)
     Decontract     	                   *	Indices of atoms to decontract basis set for
     DensityFitting 	               false	Use density fitting / RI?
     Direct         	               false	Calculate two-electron integrals (or density fitting) on-the-fly?
     EField         	         0.0 0.0 0.0	Electric field
     ErrorNorm      	                 rms	Error norm to use in the SCF code
     FittingBasis   	                Auto	Basis to use for density fitting / RI (Auto for automatic)
     FittingCholeskyThreshold	           1.000e-08	Linear dependence threshold for pivoted Cholesky of Coulomb integrals in density fitting
     FittingMemory  	                1000	Amount of memory in MB to use for exchange fitting
     FittingThreshold	           1.000e-07	Linear dependence threshold for Coulomb integrals in density fitting
     Guess          	              sapfit	Used guess: SAD (default), SADNO, core, GWH, SAP, or SAPfit
     InitConvThr    	           1.000e-05	Initialization convergence threshold
     InputBohr      	               false	Use atomic units as input units instead of angstrom?
     IntegralThresh 	           1.000e-10	Integral screening threshold
     Kgwh           	           1.750e+00	Scaling constant for GWH
     LinDepThresh   	           1.000e-05	Basis set linear dependency threshold
     LinearB        	           5.600e-01	Magnetic field along bond axis
     LinearFreeze   	               false	If using linear symmetry, freeze symmetry to input guess
     LinearOccupationFile	     ../../Na_4.occs	File to read linear occupations from
     LinearOccupations	                  -1	Read in occupations for linear molecule calculations?
     LinearSymmetry 	                true	Do special calculation on linear molecule along z axis
     LoadChk        	                    	Checkpoint file to load from
     Logfile        	          erkale.log	File to print out full information, stdout for screen
     MaxInitIter    	                  50	Maximum number of iterations in the stepwise solutions
     MaxIter        	                 100	Maximum number of iterations in SCF cycle
     Method         	                  HF	Method used in calculation (HF or a DFT functional)
     Multiplicity   	                   2	Spin multiplicity
     NLGrid         	             50 -194	Integration grid to use for nonlocal correlation: nrad lmax
     Occupancies    	                    	Orbital occupancies
     OptLM          	               false	If spherical harmonics used, use cartesian s and p functions?
     PZ             	               false	Perform Perdew-Zunger self-interaction correction?
     PZEthr         	           1.000e-10	Threshold for energy convergence
     PZIthr         	           1.000e-02	Threshold for initialization convergence (not too small!)
     PZNRthr        	           0.000e+00	Threshold for use of NR method in OO optimization
     PZOOthr        	           1.000e-04	Gradient threshold for OO optimization
     PZOVthr        	           1.000e-05	Gradient threshold for OV optimization
     PZimag         	                Auto	Imaginary degrees of freedom in PZ?
     PZiter         	                  20	Max number of iterations in self-consistency iteration
     PZloc          	                Auto	Initial localization before SIC calculation?
     PZlocmet       	                  FB	Initial localization method (recommend FB or IAO)
     PZmode         	                  XC	Apply PZ to the operators (in addition to J): X C D
     PZoo           	                true	Optimize OO block?
     PZov           	                true	Optimize OV block?
     PZprec         	                   1	Precondition OV block? 0: no, 1: unified, 2: orbital
     PZrand         	                true	Apply random rotation in PZ initialization? (Should be true)
     PZscale        	            Constant	Scaling for PZ: Constant, Density or Kinetic
     PZscaleExp     	           1.000e+00	Exponent in the dynamic scaling equation
     PZseed         	                   0	Seed number for randomized matrices?
     PZstab         	                   0	Stability analysis for PZ-SIC? 1 or -1 for OO, 2 or -2 for OO+OV
     PZstabThr      	           1.000e-03	Instability threshold (interpreted as -thr)
     PZw            	           1.000e+00	Weight for Perdew-Zunger self-interaction correction
     Restricted     	               false	Spin restricted?
     SAPBasis       	    helfem_large.gbs	Tabulated atomic effective potential "basis set"
     SAPGrid        	                    	SAP integration grid to use: nrad lmax or leave empty
     SaveChk        	   complex_basis.chk	Checkpoint file to save to
     Shift          	           0.000e+00	Level shift to use in Hartree
     System         	        ../atoms.xyz	System as an xyz file
     TRRHminS       	           9.750e-01	Trust-Region Roothaan-Hall minimal occupied orbital overlap
     UseADIIS       	                true	Use ADIIS for Fock matrix interpolation?
     UseBroyden     	               false	Use Broyden mixing of Fock matrices?
     UseDIIS        	                true	Use Pulay's Direct Inversion in the Iterative Subspace?
     UseLM          	                true	Use a spherical harmonics basis set by default?
     UseTRRH        	               false	Use Trust-Region Roothaan-Hall?
     VV10           	                Auto	Use VV10 non-local correlation?
     VV10Pars       	                    	VV10 parameters: b C
     Verbose        	                true	Verbose calculation?
     Verbosity      	                   5	Verboseness level

Basis set AHGBSP2-9 found in file AHGBSP2-9.gbs in /home/lehtola/programs/erkale/basis/.
Basis set helfem_large.gbs found in file helfem_large.gbs in /home/lehtola/programs/erkale/basis/.
Screening by shell pairs and symmetry reduced dofs by factor 2.05.
Individual screening reduced dofs by a total factor 2.05.
Computing Cholesky vectors. Estimated memory size is 632 Mi - 2 Gi.
Cholesky vectors no     0 -     0 computed, error is 4.567160e+02 (0.00 s).
Cholesky vectors no     1 -     1 computed, error is 1.154735e+02 (0.01 s).
Cholesky vectors no     2 -     2 computed, error is 6.557354e+01 (0.01 s).
Cholesky vectors no     3 -     3 computed, error is 4.159257e+01 (0.01 s).
Cholesky vectors no     4 -     9 computed, error is 1.467551e+01 (0.07 s).
Cholesky vectors no    10 -    12 computed, error is 1.177286e+01 (0.03 s).
Cholesky vectors no    13 -    18 computed, error is 1.067736e+01 (0.11 s).
Cholesky vectors no    19 -    19 computed, error is 3.898782e+00 (0.02 s).
Cholesky vectors no    20 -    22 computed, error is 3.737415e+00 (0.06 s).
Cholesky vectors no    23 -    37 computed, error is 3.509232e+00 (0.35 s).
Cholesky vectors no    38 -    38 computed, error is 3.078223e+00 (0.02 s).
Cholesky vectors no    39 -    39 computed, error is 2.560429e+00 (0.02 s).
Cholesky vectors no    40 -    45 computed, error is 1.962978e+00 (0.14 s).
Cholesky vectors no    46 -    55 computed, error is 1.559539e+00 (0.19 s).
Cholesky vectors no    56 -    58 computed, error is 1.322796e+00 (0.06 s).
Cholesky vectors no    59 -    86 computed, error is 9.894479e-01 (0.46 s).
Cholesky vectors no    87 -   101 computed, error is 7.904444e-01 (0.43 s).
Cholesky vectors no   102 -   122 computed, error is 4.988655e-01 (0.73 s).
Cholesky vectors no   123 -   150 computed, error is 3.520032e-01 (0.89 s).
Cholesky vectors no   151 -   171 computed, error is 3.219463e-01 (0.60 s).
Cholesky vectors no   172 -   199 computed, error is 3.061384e-01 (0.78 s).
Cholesky vectors no   200 -   202 computed, error is 2.704244e-01 (0.33 s).
Cholesky vectors no   203 -   203 computed, error is 1.824595e-01 (0.04 s).
Cholesky vectors no   204 -   213 computed, error is 1.753708e-01 (0.39 s).
Cholesky vectors no   214 -   241 computed, error is 1.719313e-01 (1.01 s).
Cholesky vectors no   242 -   247 computed, error is 1.576877e-01 (0.25 s).
Cholesky vectors no   248 -   268 computed, error is 1.406821e-01 (0.66 s).
Cholesky vectors no   269 -   271 computed, error is 1.390838e-01 (0.09 s).
Cholesky vectors no   272 -   299 computed, error is 1.059851e-01 (1.01 s).
Cholesky vectors no   300 -   300 computed, error is 8.652238e-02 (0.34 s).
Cholesky vectors no   301 -   310 computed, error is 6.866573e-02 (0.49 s).
Cholesky vectors no   311 -   331 computed, error is 6.475489e-02 (0.87 s).
Cholesky vectors no   332 -   352 computed, error is 6.144496e-02 (0.78 s).
Cholesky vectors no   353 -   380 computed, error is 4.908716e-02 (1.07 s).
Cholesky vectors no   381 -   408 computed, error is 3.704274e-02 (1.13 s).
Cholesky vectors no   409 -   423 computed, error is 2.866744e-02 (0.45 s).
Cholesky vectors no   424 -   444 computed, error is 2.585777e-02 (0.65 s).
Cholesky vectors no   445 -   445 computed, error is 2.324412e-02 (0.03 s).
Cholesky vectors no   446 -   466 computed, error is 2.152651e-02 (0.67 s).
Cholesky vectors no   467 -   494 computed, error is 2.022306e-02 (0.83 s).
Cholesky vectors no   495 -   497 computed, error is 1.985865e-02 (0.10 s).
Cholesky vectors no   498 -   498 computed, error is 1.953747e-02 (0.03 s).
Cholesky vectors no   499 -   504 computed, error is 1.720136e-02 (0.48 s).
Cholesky vectors no   505 -   532 computed, error is 1.610457e-02 (0.91 s).
Cholesky vectors no   533 -   560 computed, error is 1.318026e-02 (0.96 s).
Cholesky vectors no   561 -   581 computed, error is 1.222043e-02 (0.69 s).
Cholesky vectors no   582 -   584 computed, error is 1.150818e-02 (0.11 s).
Cholesky vectors no   585 -   591 computed, error is 9.795179e-03 (0.25 s).
Cholesky vectors no   592 -   592 computed, error is 9.707751e-03 (0.04 s).
Cholesky vectors no   593 -   613 computed, error is 8.535336e-03 (1.04 s).
Cholesky vectors no   614 -   633 computed, error is 7.541530e-03 (0.73 s).
Cholesky vectors no   634 -   661 computed, error is 6.726526e-03 (1.30 s).
Cholesky vectors no   662 -   682 computed, error is 6.184681e-03 (1.13 s).
Cholesky vectors no   683 -   710 computed, error is 6.024084e-03 (2.44 s).
Cholesky vectors no   711 -   738 computed, error is 4.541565e-03 (2.27 s).
Cholesky vectors no   739 -   759 computed, error is 2.626326e-03 (1.44 s).
Cholesky vectors no   760 -   780 computed, error is 2.179796e-03 (1.43 s).
Cholesky vectors no   781 -   808 computed, error is 2.175894e-03 (1.93 s).
Cholesky vectors no   809 -   836 computed, error is 2.090474e-03 (1.25 s).
Cholesky vectors no   837 -   864 computed, error is 1.605429e-03 (1.62 s).
Cholesky vectors no   865 -   867 computed, error is 1.219423e-03 (0.20 s).
Cholesky vectors no   868 -   873 computed, error is 1.178385e-03 (0.33 s).
Cholesky vectors no   874 -   894 computed, error is 1.144950e-03 (1.05 s).
Cholesky vectors no   895 -   897 computed, error is 1.090499e-03 (0.15 s).
Cholesky vectors no   898 -   918 computed, error is 9.317559e-04 (1.91 s).
Cholesky vectors no   919 -   924 computed, error is 8.146781e-04 (0.35 s).
Cholesky vectors no   925 -   931 computed, error is 7.625546e-04 (0.47 s).
Cholesky vectors no   932 -   959 computed, error is 7.392989e-04 (1.76 s).
Cholesky vectors no   960 -   962 computed, error is 6.389534e-04 (0.19 s).
Cholesky vectors no   963 -   983 computed, error is 6.183673e-04 (1.18 s).
Cholesky vectors no   984 -   995 computed, error is 6.059684e-04 (0.74 s).
Cholesky vectors no   996 -  1023 computed, error is 4.153899e-04 (2.53 s).
Cholesky vectors no  1024 -  1044 computed, error is 3.200787e-04 (1.55 s).
Cholesky vectors no  1045 -  1054 computed, error is 2.759464e-04 (0.74 s).
Cholesky vectors no  1055 -  1069 computed, error is 2.704027e-04 (1.11 s).
Cholesky vectors no  1070 -  1097 computed, error is 2.270303e-04 (1.91 s).
Cholesky vectors no  1098 -  1098 computed, error is 2.100500e-04 (0.06 s).
Cholesky vectors no  1099 -  1126 computed, error is 1.717196e-04 (2.06 s).
Cholesky vectors no  1127 -  1147 computed, error is 1.695078e-04 (1.38 s).
Cholesky vectors no  1148 -  1168 computed, error is 1.523586e-04 (1.40 s).
Cholesky vectors no  1169 -  1171 computed, error is 1.363481e-04 (0.20 s).
Cholesky vectors no  1172 -  1199 computed, error is 1.318285e-04 (1.75 s).
Cholesky vectors no  1200 -  1220 computed, error is 1.229252e-04 (1.99 s).
Cholesky vectors no  1221 -  1235 computed, error is 9.128306e-05 (0.84 s).
Cholesky vectors no  1236 -  1256 computed, error is 8.092164e-05 (1.43 s).
Cholesky vectors no  1257 -  1257 computed, error is 7.791899e-05 (0.07 s).
Cholesky vectors no  1258 -  1260 computed, error is 7.389863e-05 (0.21 s).
Cholesky vectors no  1261 -  1288 computed, error is 7.030814e-05 (1.97 s).
Cholesky vectors no  1289 -  1295 computed, error is 6.960528e-05 (0.50 s).
Cholesky vectors no  1296 -  1323 computed, error is 6.587551e-05 (2.53 s).
Cholesky vectors no  1324 -  1324 computed, error is 3.465854e-05 (0.06 s).
Cholesky vectors no  1325 -  1345 computed, error is 2.932232e-05 (1.56 s).
Cholesky vectors no  1346 -  1373 computed, error is 2.673184e-05 (2.52 s).
Cholesky vectors no  1374 -  1394 computed, error is 2.192082e-05 (2.43 s).
Cholesky vectors no  1395 -  1415 computed, error is 1.810071e-05 (2.78 s).
Cholesky vectors no  1416 -  1418 computed, error is 1.655200e-05 (0.23 s).
Cholesky vectors no  1419 -  1421 computed, error is 1.502140e-05 (0.25 s).
Cholesky vectors no  1422 -  1422 computed, error is 1.141554e-05 (0.14 s).
Cholesky vectors no  1423 -  1432 computed, error is 1.131975e-05 (1.07 s).
Cholesky vectors no  1433 -  1438 computed, error is 1.016431e-05 (0.55 s).
Cholesky vectors no  1439 -  1459 computed, error is 9.386679e-06 (2.15 s).
Cholesky vectors no  1460 -  1480 computed, error is 6.451120e-06 (1.76 s).
Cholesky vectors no  1481 -  1508 computed, error is 5.524581e-06 (2.84 s).
Cholesky vectors no  1509 -  1509 computed, error is 4.485906e-06 (0.06 s).
Cholesky vectors no  1510 -  1530 computed, error is 4.267218e-06 (1.32 s).
Cholesky vectors no  1531 -  1533 computed, error is 2.872210e-06 (0.29 s).
Cholesky vectors no  1534 -  1561 computed, error is 2.362931e-06 (2.32 s).
Cholesky vectors no  1562 -  1564 computed, error is 1.558958e-06 (0.25 s).
Cholesky vectors no  1565 -  1585 computed, error is 1.528214e-06 (1.70 s).
Cholesky vectors no  1586 -  1591 computed, error is 1.428757e-06 (0.51 s).
Cholesky vectors no  1592 -  1600 computed, error is 1.026246e-06 (1.48 s).
Cholesky vectors no  1601 -  1628 computed, error is 9.967805e-07 (2.36 s).
Cholesky vectors no  1629 -  1656 computed, error is 9.627077e-07 (2.15 s).
Cholesky vectors no  1657 -  1657 computed, error is 8.818489e-07 (0.09 s).
Cholesky vectors no  1658 -  1660 computed, error is 8.603579e-07 (0.27 s).
Cholesky vectors no  1661 -  1688 computed, error is 5.679658e-07 (2.55 s).
Cholesky vectors no  1689 -  1709 computed, error is 4.724940e-07 (2.75 s).
Cholesky vectors no  1710 -  1737 computed, error is 4.047764e-07 (2.43 s).
Cholesky vectors no  1738 -  1742 computed, error is 3.772207e-07 (0.45 s).
Cholesky vectors no  1743 -  1743 computed, error is 3.482575e-07 (0.10 s).
Cholesky vectors no  1744 -  1771 computed, error is 2.719111e-07 (2.55 s).
Cholesky vectors no  1772 -  1786 computed, error is 2.270400e-07 (1.46 s).
Cholesky vectors no  1787 -  1807 computed, error is 2.254166e-07 (3.08 s).
Cholesky vectors no  1808 -  1808 computed, error is 1.734973e-07 (0.11 s).
Cholesky vectors no  1809 -  1836 computed, error is 1.572555e-07 (2.84 s).
Cholesky vectors no  1837 -  1845 computed, error is 1.518558e-07 (0.95 s).
Cholesky vectors no  1846 -  1866 computed, error is 1.398748e-07 (2.25 s).
Cholesky vectors no  1867 -  1876 computed, error is 1.150179e-07 (1.12 s).
Cholesky vectors no  1877 -  1897 computed, error is 1.135344e-07 (2.15 s).
Cholesky vectors no  1898 -  1900 computed, error is 9.889220e-08 (1.06 s).
Cholesky decomposition finished in 2 min 8.80 s. Realized memory size is 1 Gi 73 Mi 359 ki.
Time use: integrals 1.3 %, linear algebra 98.7 %.
5200 shell pairs and 1 nuclei
SAP potential formed in 0.024 s.
Smallest eigenvalue of overlap matrix is 2.21e-04, reciprocal condition number is 4.79e-05.
Using symmetric orthogonalization.
Smallest eigenvalue of overlap matrix is 2.21e-04, reciprocal condition number is 4.56e-05.
Using symmetric orthogonalization.
Smallest eigenvalue of overlap matrix is 1.30e-04, reciprocal condition number is 2.37e-05.
Using symmetric orthogonalization.
Smallest eigenvalue of overlap matrix is 4.40e-05, reciprocal condition number is 6.29e-06.
Using symmetric orthogonalization.
Smallest eigenvalue of overlap matrix is 1.30e-04, reciprocal condition number is 2.37e-05.
Using symmetric orthogonalization.
Smallest eigenvalue of overlap matrix is 2.21e-04, reciprocal condition number is 4.56e-05.
Using symmetric orthogonalization.
Smallest eigenvalue of overlap matrix is 2.21e-04, reciprocal condition number is 4.79e-05.
Using symmetric orthogonalization.
Nela = 6 Nelb = 5



Solving SCF
Evaluated energy  129.0955863949 (change from lowest 1.290956e+02)


Iteration 1: 1 Fock evaluations energy  129.0955863949 change  1.290956e+02 DIIS error vector rms norm 5.507063e-01
History size 1
alpha m=-1 occupations
   1.0000
alpha m=0 occupations
   1.0000   1.0000   1.0000
alpha m=1 occupations
   1.0000
alpha m=3 occupations
   1.0000
beta m=-1 occupations
   1.0000
beta m=0 occupations
   1.0000   1.0000   1.0000
beta m=1 occupations
   1.0000
EDIIS step
Evaluated energy -160.0376764304 (change from lowest -2.891333e+02)
Density matrix difference 6.674927e-02 between lowest-energy and newest entry


Iteration 2: 2 Fock evaluations energy -160.0376764304 change -2.891333e+02 DIIS error vector rms norm 8.026692e-04
History size 2
alpha m=-1 occupations
   1.0000
alpha m=0 occupations
   1.0000   1.0000   1.0000
alpha m=1 occupations
   1.0000
alpha m=3 occupations
   1.0000
beta m=-1 occupations
   1.0000
beta m=0 occupations
   1.0000   1.0000   1.0000
beta m=1 occupations
   1.0000
EDIIS+DIIS step
Evaluated energy -160.0394736821 (change from lowest -1.797252e-03)
Density matrix difference 1.123460e-03 between lowest-energy and newest entry


Iteration 3: 3 Fock evaluations energy -160.0394736821 change -1.797252e-03 DIIS error vector rms norm 2.735484e-04
History size 3
alpha m=-1 occupations
   1.0000
alpha m=0 occupations
   1.0000   1.0000   1.0000
alpha m=1 occupations
   1.0000
alpha m=3 occupations
   1.0000
beta m=-1 occupations
   1.0000
beta m=0 occupations
   1.0000   1.0000   1.0000
beta m=1 occupations
   1.0000
EDIIS+DIIS step
Evaluated energy -160.0397303381 (change from lowest -2.566560e-04)
Density matrix difference 3.445501e-04 between lowest-energy and newest entry


Iteration 4: 4 Fock evaluations energy -160.0397303381 change -2.566560e-04 DIIS error vector rms norm 1.906953e-05
History size 4
alpha m=-1 occupations
   1.0000
alpha m=0 occupations
   1.0000   1.0000   1.0000
alpha m=1 occupations
   1.0000
alpha m=3 occupations
   1.0000
beta m=-1 occupations
   1.0000
beta m=0 occupations
   1.0000   1.0000   1.0000
beta m=1 occupations
   1.0000
DIIS step
Evaluated energy -160.0397325618 (change from lowest -2.223710e-06)
Density matrix difference 4.558177e-05 between lowest-energy and newest entry


Iteration 5: 5 Fock evaluations energy -160.0397325618 change -2.223710e-06 DIIS error vector rms norm 2.206016e-06
History size 5
alpha m=-1 occupations
   1.0000
alpha m=0 occupations
   1.0000   1.0000   1.0000
alpha m=1 occupations
   1.0000
alpha m=3 occupations
   1.0000
beta m=-1 occupations
   1.0000
beta m=0 occupations
   1.0000   1.0000   1.0000
beta m=1 occupations
   1.0000
DIIS step
Evaluated energy -160.0397326142 (change from lowest -5.245730e-08)
Density matrix difference 7.675608e-06 between lowest-energy and newest entry


Iteration 6: 6 Fock evaluations energy -160.0397326142 change -5.245730e-08 DIIS error vector rms norm 5.748380e-07
History size 6
Converged to energy -160.0397326142!

Running program took 4 min 25.11 s.
