ERKALE - HF/DFT from Hel, OpenMP version, running on 8 cores.
(c) Susi Lehtola, 2010-2016.

This program is free software; you can redistribute it and/or modify
it under the terms of the GNU General Public License as published by
the Free Software Foundation; either version 2 of the License, or
(at your option) any later version.

Running on host silver.

Current time is Thu 22 Jan 2026 17:29:29.

Current Settings used by ERKALE:
     AtomGuess      	                Auto	Method used for atomic guess (Auto for same as method)
     Basis          	         aug-cc-pVQZ	Basis set used in calculation
     BasisCutoff    	           1.000e-08	Cutoff for dropping out small primitives from contraction
     BasisOrth      	                Auto	Method of orthonormalization of basis set
     BasisRotate    	               false	Rotate basis set to remove redundant functions?
     Charge         	                   0	Total charge of system
     CholDepThresh  	           1.000e-07	Partial Cholesky decomposition threshold
     Cholesky       	                true	Use Cholesky decomposition?
     CholeskyMode   	                   0	Save/load integrals? 0 no, 1 save, -1 load
     CholeskyNAFThr 	           0.000e+00	Cholesky natural auxiliary function threshold
     CholeskyShThr  	           1.000e-02	Cholesky cache threshold
     CholeskyThr    	           1.000e-07	Cholesky decomposition threshold
     Complexbas     	                true	Use complex basis?
     Confinement    	         0.0 0.0 0.0	Confinement potential V(r) = V_i x_i^2
     ConvThr        	           1.000e-06	Orbital gradient convergence threshold
     DFTBasisThr    	           1.000e-10	Threshold for screening basis functions on grid
     DFTCpars       	                    	Override parameters of correlation functional (expert)
     DFTDelta       	           1.000e+02	Switch to final DFT grid has converged within factor X
     DFTDensityThr  	           1.000e-10	Threshold for screening density on grid
     DFTFinalTol    	           1.000e-05	Tolerance of final DFT grid
     DFTGrid        	             75 -302	DFT integration grid to use: nrad lmax or Auto for adaptive
     DFTInitialTol  	           1.000e-04	Tolerance of initial DFT grid
     DFTLobatto     	               false	Use Lobatto quadrature instead of Lebedev quadrature?
     DFTQuadThresh  	           2.220e-16	Threshold for pruning points with small quadrature weight
     DFTXpars       	                    	Override parameters of exchange functional (expert)
     DIISComb       	               false	Combine alpha and beta errors in unrestricted calcs?
     DIISEps        	           1.000e-01	Start mixing in DIIS when error is
     DIISOrder      	                  10	How many DIIS iterations to keep in memory?
     DIISThr        	           1.000e-02	DIIS error threshold for DIIS updates
     DecFock        	               false	Use decontracted basis to calculate Fock matrix (direct HF)
     Decontract     	                   *	Indices of atoms to decontract basis set for
     DensityFitting 	               false	Use density fitting / RI?
     Direct         	               false	Calculate two-electron integrals (or density fitting) on-the-fly?
     EField         	         0.0 0.0 0.0	Electric field
     ErrorNorm      	                 rms	Error norm to use in the SCF code
     FittingBasis   	                Auto	Basis to use for density fitting / RI (Auto for automatic)
     FittingCholeskyThreshold	           1.000e-08	Linear dependence threshold for pivoted Cholesky of Coulomb integrals in density fitting
     FittingMemory  	                1000	Amount of memory in MB to use for exchange fitting
     FittingThreshold	           1.000e-07	Linear dependence threshold for Coulomb integrals in density fitting
     Guess          	              sapfit	Used guess: SAD (default), SADNO, core, GWH, SAP, or SAPfit
     InitConvThr    	           1.000e-05	Initialization convergence threshold
     InputBohr      	               false	Use atomic units as input units instead of angstrom?
     IntegralThresh 	           1.000e-10	Integral screening threshold
     Kgwh           	           1.750e+00	Scaling constant for GWH
     LinDepThresh   	           1.000e-05	Basis set linear dependency threshold
     LinearB        	           2.600e-01	Magnetic field along bond axis
     LinearFreeze   	               false	If using linear symmetry, freeze symmetry to input guess
     LinearOccupationFile	      ../../C_3.occs	File to read linear occupations from
     LinearOccupations	                  -1	Read in occupations for linear molecule calculations?
     LinearSymmetry 	                true	Do special calculation on linear molecule along z axis
     LoadChk        	                    	Checkpoint file to load from
     Logfile        	          erkale.log	File to print out full information, stdout for screen
     MaxInitIter    	                  50	Maximum number of iterations in the stepwise solutions
     MaxIter        	                 100	Maximum number of iterations in SCF cycle
     Method         	                  HF	Method used in calculation (HF or a DFT functional)
     Multiplicity   	                   5	Spin multiplicity
     NLGrid         	             50 -194	Integration grid to use for nonlocal correlation: nrad lmax
     Occupancies    	                    	Orbital occupancies
     OptLM          	               false	If spherical harmonics used, use cartesian s and p functions?
     PZ             	               false	Perform Perdew-Zunger self-interaction correction?
     PZEthr         	           1.000e-10	Threshold for energy convergence
     PZIthr         	           1.000e-02	Threshold for initialization convergence (not too small!)
     PZNRthr        	           0.000e+00	Threshold for use of NR method in OO optimization
     PZOOthr        	           1.000e-04	Gradient threshold for OO optimization
     PZOVthr        	           1.000e-05	Gradient threshold for OV optimization
     PZimag         	                Auto	Imaginary degrees of freedom in PZ?
     PZiter         	                  20	Max number of iterations in self-consistency iteration
     PZloc          	                Auto	Initial localization before SIC calculation?
     PZlocmet       	                  FB	Initial localization method (recommend FB or IAO)
     PZmode         	                  XC	Apply PZ to the operators (in addition to J): X C D
     PZoo           	                true	Optimize OO block?
     PZov           	                true	Optimize OV block?
     PZprec         	                   1	Precondition OV block? 0: no, 1: unified, 2: orbital
     PZrand         	                true	Apply random rotation in PZ initialization? (Should be true)
     PZscale        	            Constant	Scaling for PZ: Constant, Density or Kinetic
     PZscaleExp     	           1.000e+00	Exponent in the dynamic scaling equation
     PZseed         	                   0	Seed number for randomized matrices?
     PZstab         	                   0	Stability analysis for PZ-SIC? 1 or -1 for OO, 2 or -2 for OO+OV
     PZstabThr      	           1.000e-03	Instability threshold (interpreted as -thr)
     PZw            	           1.000e+00	Weight for Perdew-Zunger self-interaction correction
     Restricted     	               false	Spin restricted?
     SAPBasis       	    helfem_large.gbs	Tabulated atomic effective potential "basis set"
     SAPGrid        	                    	SAP integration grid to use: nrad lmax or leave empty
     SaveChk        	   complex_basis.chk	Checkpoint file to save to
     Shift          	           0.000e+00	Level shift to use in Hartree
     System         	        ../atoms.xyz	System as an xyz file
     TRRHminS       	           9.750e-01	Trust-Region Roothaan-Hall minimal occupied orbital overlap
     UseADIIS       	                true	Use ADIIS for Fock matrix interpolation?
     UseBroyden     	               false	Use Broyden mixing of Fock matrices?
     UseDIIS        	                true	Use Pulay's Direct Inversion in the Iterative Subspace?
     UseLM          	                true	Use a spherical harmonics basis set by default?
     UseTRRH        	               false	Use Trust-Region Roothaan-Hall?
     VV10           	                Auto	Use VV10 non-local correlation?
     VV10Pars       	                    	VV10 parameters: b C
     Verbose        	                true	Verbose calculation?
     Verbosity      	                   5	Verboseness level

Basis set aug-cc-pVQZ found in file aug-cc-pVQZ.gbs in /home/lehtola/programs/erkale/basis/.
Basis set helfem_large.gbs found in file helfem_large.gbs in /home/lehtola/programs/erkale/basis/.
Screening by shell pairs and symmetry reduced dofs by factor 1.99.
Individual screening reduced dofs by a total factor 1.99.
Computing Cholesky vectors. Estimated memory size is 9 Mi - 30 Mi.
Cholesky vectors no     0 -     0 computed, error is 2.630822e+01 (0.02 s).
Cholesky vectors no     1 -     1 computed, error is 9.701490e+00 (0.03 s).
Cholesky vectors no     2 -     2 computed, error is 3.367596e+00 (0.03 s).
Cholesky vectors no     3 -     8 computed, error is 1.345602e+00 (0.16 s).
Cholesky vectors no     9 -     9 computed, error is 1.073082e+00 (0.03 s).
Cholesky vectors no    10 -    12 computed, error is 8.609496e-01 (0.07 s).
Cholesky vectors no    13 -    18 computed, error is 3.303207e-01 (0.15 s).
Cholesky vectors no    19 -    21 computed, error is 3.085760e-01 (0.08 s).
Cholesky vectors no    22 -    22 computed, error is 2.915195e-01 (0.02 s).
Cholesky vectors no    23 -    67 computed, error is 2.868839e-01 (1.15 s).
Cholesky vectors no    68 -    68 computed, error is 2.225162e-01 (0.00 s).
Cholesky vectors no    69 -    74 computed, error is 1.547051e-01 (0.00 s).
Cholesky vectors no    75 -    84 computed, error is 1.150928e-01 (0.00 s).
Cholesky vectors no    85 -   112 computed, error is 6.763568e-02 (0.01 s).
Cholesky vectors no   113 -   148 computed, error is 5.408437e-02 (0.01 s).
Cholesky vectors no   149 -   151 computed, error is 4.311005e-02 (0.00 s).
Cholesky vectors no   152 -   166 computed, error is 3.374734e-02 (0.01 s).
Cholesky vectors no   167 -   172 computed, error is 2.592709e-02 (0.00 s).
Cholesky vectors no   173 -   182 computed, error is 2.121478e-02 (0.00 s).
Cholesky vectors no   183 -   218 computed, error is 1.814295e-02 (0.02 s).
Cholesky vectors no   219 -   219 computed, error is 1.645549e-02 (0.00 s).
Cholesky vectors no   220 -   264 computed, error is 1.243360e-02 (0.02 s).
Cholesky vectors no   265 -   267 computed, error is 1.013964e-02 (0.00 s).
Cholesky vectors no   268 -   270 computed, error is 8.378922e-03 (0.00 s).
Cholesky vectors no   271 -   271 computed, error is 7.775810e-03 (0.00 s).
Cholesky vectors no   272 -   299 computed, error is 5.728902e-03 (0.01 s).
Cholesky vectors no   300 -   320 computed, error is 5.315787e-03 (0.02 s).
Cholesky vectors no   321 -   330 computed, error is 5.250163e-03 (0.00 s).
Cholesky vectors no   331 -   348 computed, error is 3.702653e-03 (0.01 s).
Cholesky vectors no   349 -   354 computed, error is 2.893859e-03 (0.00 s).
Cholesky vectors no   355 -   369 computed, error is 2.199272e-03 (0.01 s).
Cholesky vectors no   370 -   372 computed, error is 1.513705e-03 (0.00 s).
Cholesky vectors no   373 -   373 computed, error is 1.276349e-03 (0.00 s).
Cholesky vectors no   374 -   409 computed, error is 1.084905e-03 (0.02 s).
Cholesky vectors no   410 -   412 computed, error is 5.340499e-04 (0.00 s).
Cholesky vectors no   413 -   448 computed, error is 3.414387e-04 (0.02 s).
Cholesky vectors no   449 -   493 computed, error is 2.087287e-04 (0.02 s).
Cholesky vectors no   494 -   496 computed, error is 1.929882e-04 (0.00 s).
Cholesky vectors no   497 -   510 computed, error is 1.485965e-04 (0.02 s).
Cholesky vectors no   511 -   520 computed, error is 1.409381e-04 (0.00 s).
Cholesky vectors no   521 -   521 computed, error is 7.406134e-05 (0.00 s).
Cholesky vectors no   522 -   527 computed, error is 3.866329e-05 (0.00 s).
Cholesky vectors no   528 -   528 computed, error is 2.020725e-05 (0.00 s).
Cholesky vectors no   529 -   531 computed, error is 1.718569e-05 (0.00 s).
Cholesky vectors no   532 -   534 computed, error is 1.264310e-05 (0.00 s).
Cholesky vectors no   535 -   549 computed, error is 1.087825e-05 (0.01 s).
Cholesky vectors no   550 -   567 computed, error is 9.329530e-06 (0.01 s).
Cholesky vectors no   568 -   588 computed, error is 7.875455e-06 (0.01 s).
Cholesky vectors no   589 -   591 computed, error is 5.942685e-06 (0.00 s).
Cholesky vectors no   592 -   604 computed, error is 5.146046e-06 (0.02 s).
Cholesky vectors no   605 -   605 computed, error is 3.180611e-06 (0.00 s).
Cholesky vectors no   606 -   614 computed, error is 2.669899e-06 (0.00 s).
Cholesky vectors no   615 -   615 computed, error is 2.408608e-06 (0.00 s).
Cholesky vectors no   616 -   629 computed, error is 1.912219e-06 (0.01 s).
Cholesky vectors no   630 -   630 computed, error is 1.620387e-06 (0.00 s).
Cholesky vectors no   631 -   658 computed, error is 1.238684e-06 (0.01 s).
Cholesky vectors no   659 -   694 computed, error is 8.892633e-07 (0.02 s).
Cholesky vectors no   695 -   704 computed, error is 4.582589e-07 (0.02 s).
Cholesky vectors no   705 -   705 computed, error is 4.213156e-07 (0.00 s).
Cholesky vectors no   706 -   708 computed, error is 2.982149e-07 (0.00 s).
Cholesky vectors no   709 -   714 computed, error is 2.271089e-07 (0.00 s).
Cholesky vectors no   715 -   742 computed, error is 1.147730e-07 (0.01 s).
Cholesky vectors no   743 -   749 computed, error is 1.123022e-07 (0.00 s).
Cholesky vectors no   750 -   754 computed, error is 1.111512e-07 (0.00 s).
Cholesky vectors no   755 -   755 computed, error is 9.876882e-08 (0.00 s).
Cholesky decomposition finished in 2.60 s. Realized memory size is 26 Mi 582 ki.
Time use: integrals 19.0 %, linear algebra 81.0 %.
433 shell pairs and 1 nuclei
SAP potential formed in 0.005 s.
Smallest eigenvalue of overlap matrix is 3.96e-01, reciprocal condition number is 2.47e-01.
Using symmetric orthogonalization.
Smallest eigenvalue of overlap matrix is 2.50e-01, reciprocal condition number is 1.33e-01.
Using symmetric orthogonalization.
Smallest eigenvalue of overlap matrix is 1.40e-01, reciprocal condition number is 6.37e-02.
Using symmetric orthogonalization.
Smallest eigenvalue of overlap matrix is 4.64e-02, reciprocal condition number is 1.66e-02.
Using symmetric orthogonalization.
Smallest eigenvalue of overlap matrix is 4.31e-03, reciprocal condition number is 1.01e-03.
Using symmetric orthogonalization.
Smallest eigenvalue of overlap matrix is 4.64e-02, reciprocal condition number is 1.66e-02.
Using symmetric orthogonalization.
Smallest eigenvalue of overlap matrix is 1.40e-01, reciprocal condition number is 6.37e-02.
Using symmetric orthogonalization.
Smallest eigenvalue of overlap matrix is 2.50e-01, reciprocal condition number is 1.33e-01.
Using symmetric orthogonalization.
Smallest eigenvalue of overlap matrix is 3.96e-01, reciprocal condition number is 2.47e-01.
Using symmetric orthogonalization.
Nela = 5 Nelb = 1



Solving SCF
Evaluated energy -37.7048377701 (change from lowest -3.770484e+01)


Iteration 1: 1 Fock evaluations energy -37.7048377701 change -3.770484e+01 DIIS error vector rms norm 1.597438e-02
History size 1
alpha m=-1 occupations
   1.0000
alpha m=0 occupations
   1.0000   1.0000   1.0000
alpha m=1 occupations
   1.0000
beta m=0 occupations
   1.0000
EDIIS+DIIS step
Evaluated energy -38.0358661052 (change from lowest -3.310283e-01)
Density matrix difference 7.929839e-02 between lowest-energy and newest entry


Iteration 2: 2 Fock evaluations energy -38.0358661052 change -3.310283e-01 DIIS error vector rms norm 3.430943e-03
History size 2
alpha m=-1 occupations
   1.0000
alpha m=0 occupations
   1.0000   1.0000   1.0000
alpha m=1 occupations
   1.0000
beta m=0 occupations
   1.0000
EDIIS+DIIS step
Evaluated energy -38.0447843632 (change from lowest -8.918258e-03)
Density matrix difference 9.241211e-03 between lowest-energy and newest entry


Iteration 3: 3 Fock evaluations energy -38.0447843632 change -8.918258e-03 DIIS error vector rms norm 5.522654e-04
History size 3
alpha m=-1 occupations
   1.0000
alpha m=0 occupations
   1.0000   1.0000   1.0000
alpha m=1 occupations
   1.0000
beta m=0 occupations
   1.0000
EDIIS+DIIS step
Evaluated energy -38.0452037595 (change from lowest -4.193963e-04)
Density matrix difference 2.663518e-03 between lowest-energy and newest entry


Iteration 4: 4 Fock evaluations energy -38.0452037595 change -4.193963e-04 DIIS error vector rms norm 7.734136e-05
History size 4
alpha m=-1 occupations
   1.0000
alpha m=0 occupations
   1.0000   1.0000   1.0000
alpha m=1 occupations
   1.0000
beta m=0 occupations
   1.0000
DIIS step
Evaluated energy -38.0452140757 (change from lowest -1.031625e-05)
Density matrix difference 4.633871e-04 between lowest-energy and newest entry


Iteration 5: 5 Fock evaluations energy -38.0452140757 change -1.031625e-05 DIIS error vector rms norm 1.046091e-05
History size 5
alpha m=-1 occupations
   1.0000
alpha m=0 occupations
   1.0000   1.0000   1.0000
alpha m=1 occupations
   1.0000
beta m=0 occupations
   1.0000
DIIS step
Evaluated energy -38.0452142342 (change from lowest -1.584985e-07)
Density matrix difference 5.164422e-05 between lowest-energy and newest entry


Iteration 6: 6 Fock evaluations energy -38.0452142342 change -1.584985e-07 DIIS error vector rms norm 2.510334e-06
History size 6
alpha m=-1 occupations
   1.0000
alpha m=0 occupations
   1.0000   1.0000   1.0000
alpha m=1 occupations
   1.0000
beta m=0 occupations
   1.0000
DIIS step
Evaluated energy -38.0452142463 (change from lowest -1.210017e-08)
Density matrix difference 1.253470e-05 between lowest-energy and newest entry


Iteration 7: 7 Fock evaluations energy -38.0452142463 change -1.210017e-08 DIIS error vector rms norm 7.425552e-07
History size 7
Converged to energy -38.0452142463!

Running program took 3.07 s.
