ERKALE - HF/DFT from Hel, OpenMP version, running on 8 cores.
(c) Susi Lehtola, 2010-2016.

This program is free software; you can redistribute it and/or modify
it under the terms of the GNU General Public License as published by
the Free Software Foundation; either version 2 of the License, or
(at your option) any later version.

Running on host silver.

Current time is Mon 02 Feb 2026 15:27:32.

Current Settings used by ERKALE:
     AtomGuess      	                Auto	Method used for atomic guess (Auto for same as method)
     Basis          	            HGBSP1-9	Basis set used in calculation
     BasisCutoff    	           1.000e-08	Cutoff for dropping out small primitives from contraction
     BasisOrth      	                Auto	Method of orthonormalization of basis set
     BasisRotate    	               false	Rotate basis set to remove redundant functions?
     Charge         	                   0	Total charge of system
     CholDepThresh  	           1.000e-07	Partial Cholesky decomposition threshold
     Cholesky       	                true	Use Cholesky decomposition?
     CholeskyMode   	                   0	Save/load integrals? 0 no, 1 save, -1 load
     CholeskyNAFThr 	           0.000e+00	Cholesky natural auxiliary function threshold
     CholeskyShThr  	           1.000e-02	Cholesky cache threshold
     CholeskyThr    	           1.000e-07	Cholesky decomposition threshold
     Complexbas     	                true	Use complex basis?
     Confinement    	         0.0 0.0 0.0	Confinement potential V(r) = V_i x_i^2
     ConvThr        	           1.000e-06	Orbital gradient convergence threshold
     DFTBasisThr    	           1.000e-10	Threshold for screening basis functions on grid
     DFTCpars       	                    	Override parameters of correlation functional (expert)
     DFTDelta       	           1.000e+02	Switch to final DFT grid has converged within factor X
     DFTDensityThr  	           1.000e-10	Threshold for screening density on grid
     DFTFinalTol    	           1.000e-05	Tolerance of final DFT grid
     DFTGrid        	             75 -302	DFT integration grid to use: nrad lmax or Auto for adaptive
     DFTInitialTol  	           1.000e-04	Tolerance of initial DFT grid
     DFTLobatto     	               false	Use Lobatto quadrature instead of Lebedev quadrature?
     DFTQuadThresh  	           2.220e-16	Threshold for pruning points with small quadrature weight
     DFTXpars       	                    	Override parameters of exchange functional (expert)
     DIISComb       	               false	Combine alpha and beta errors in unrestricted calcs?
     DIISEps        	           1.000e-01	Start mixing in DIIS when error is
     DIISOrder      	                  10	How many DIIS iterations to keep in memory?
     DIISThr        	           1.000e-02	DIIS error threshold for DIIS updates
     DecFock        	               false	Use decontracted basis to calculate Fock matrix (direct HF)
     Decontract     	                   *	Indices of atoms to decontract basis set for
     DensityFitting 	               false	Use density fitting / RI?
     Direct         	               false	Calculate two-electron integrals (or density fitting) on-the-fly?
     EField         	         0.0 0.0 0.0	Electric field
     ErrorNorm      	                 rms	Error norm to use in the SCF code
     FittingBasis   	                Auto	Basis to use for density fitting / RI (Auto for automatic)
     FittingCholeskyThreshold	           1.000e-08	Linear dependence threshold for pivoted Cholesky of Coulomb integrals in density fitting
     FittingMemory  	                1000	Amount of memory in MB to use for exchange fitting
     FittingThreshold	           1.000e-07	Linear dependence threshold for Coulomb integrals in density fitting
     Guess          	              sapfit	Used guess: SAD (default), SADNO, core, GWH, SAP, or SAPfit
     InitConvThr    	           1.000e-05	Initialization convergence threshold
     InputBohr      	               false	Use atomic units as input units instead of angstrom?
     IntegralThresh 	           1.000e-10	Integral screening threshold
     Kgwh           	           1.750e+00	Scaling constant for GWH
     LinDepThresh   	           1.000e-05	Basis set linear dependency threshold
     LinearB        	           5.600e-01	Magnetic field along bond axis
     LinearFreeze   	               false	If using linear symmetry, freeze symmetry to input guess
     LinearOccupationFile	      ../../O_1.occs	File to read linear occupations from
     LinearOccupations	                  -1	Read in occupations for linear molecule calculations?
     LinearSymmetry 	                true	Do special calculation on linear molecule along z axis
     LoadChk        	                    	Checkpoint file to load from
     Logfile        	          erkale.log	File to print out full information, stdout for screen
     MaxInitIter    	                  50	Maximum number of iterations in the stepwise solutions
     MaxIter        	                 100	Maximum number of iterations in SCF cycle
     Method         	                  HF	Method used in calculation (HF or a DFT functional)
     Multiplicity   	                   3	Spin multiplicity
     NLGrid         	             50 -194	Integration grid to use for nonlocal correlation: nrad lmax
     Occupancies    	                    	Orbital occupancies
     OptLM          	               false	If spherical harmonics used, use cartesian s and p functions?
     PZ             	               false	Perform Perdew-Zunger self-interaction correction?
     PZEthr         	           1.000e-10	Threshold for energy convergence
     PZIthr         	           1.000e-02	Threshold for initialization convergence (not too small!)
     PZNRthr        	           0.000e+00	Threshold for use of NR method in OO optimization
     PZOOthr        	           1.000e-04	Gradient threshold for OO optimization
     PZOVthr        	           1.000e-05	Gradient threshold for OV optimization
     PZimag         	                Auto	Imaginary degrees of freedom in PZ?
     PZiter         	                  20	Max number of iterations in self-consistency iteration
     PZloc          	                Auto	Initial localization before SIC calculation?
     PZlocmet       	                  FB	Initial localization method (recommend FB or IAO)
     PZmode         	                  XC	Apply PZ to the operators (in addition to J): X C D
     PZoo           	                true	Optimize OO block?
     PZov           	                true	Optimize OV block?
     PZprec         	                   1	Precondition OV block? 0: no, 1: unified, 2: orbital
     PZrand         	                true	Apply random rotation in PZ initialization? (Should be true)
     PZscale        	            Constant	Scaling for PZ: Constant, Density or Kinetic
     PZscaleExp     	           1.000e+00	Exponent in the dynamic scaling equation
     PZseed         	                   0	Seed number for randomized matrices?
     PZstab         	                   0	Stability analysis for PZ-SIC? 1 or -1 for OO, 2 or -2 for OO+OV
     PZstabThr      	           1.000e-03	Instability threshold (interpreted as -thr)
     PZw            	           1.000e+00	Weight for Perdew-Zunger self-interaction correction
     Restricted     	               false	Spin restricted?
     SAPBasis       	    helfem_large.gbs	Tabulated atomic effective potential "basis set"
     SAPGrid        	                    	SAP integration grid to use: nrad lmax or leave empty
     SaveChk        	   complex_basis.chk	Checkpoint file to save to
     Shift          	           0.000e+00	Level shift to use in Hartree
     System         	        ../atoms.xyz	System as an xyz file
     TRRHminS       	           9.750e-01	Trust-Region Roothaan-Hall minimal occupied orbital overlap
     UseADIIS       	                true	Use ADIIS for Fock matrix interpolation?
     UseBroyden     	               false	Use Broyden mixing of Fock matrices?
     UseDIIS        	                true	Use Pulay's Direct Inversion in the Iterative Subspace?
     UseLM          	                true	Use a spherical harmonics basis set by default?
     UseTRRH        	               false	Use Trust-Region Roothaan-Hall?
     VV10           	                Auto	Use VV10 non-local correlation?
     VV10Pars       	                    	VV10 parameters: b C
     Verbose        	                true	Verbose calculation?
     Verbosity      	                   5	Verboseness level

Basis set HGBSP1-9 found in file HGBSP1-9.gbs in /home/lehtola/programs/erkale/basis/.
Basis set helfem_large.gbs found in file helfem_large.gbs in /home/lehtola/programs/erkale/basis/.
Screening by shell pairs and symmetry reduced dofs by factor 2.00.
Individual screening reduced dofs by a total factor 2.00.
Computing Cholesky vectors. Estimated memory size is 85 Mi - 286 Mi.
Cholesky vectors no     0 -     0 computed, error is 3.305231e+02 (0.03 s).
Cholesky vectors no     1 -     1 computed, error is 8.361163e+01 (0.03 s).
Cholesky vectors no     2 -     2 computed, error is 4.738353e+01 (0.03 s).
Cholesky vectors no     3 -     3 computed, error is 3.016790e+01 (0.03 s).
Cholesky vectors no     4 -     9 computed, error is 1.065724e+01 (0.16 s).
Cholesky vectors no    10 -    12 computed, error is 8.559551e+00 (0.08 s).
Cholesky vectors no    13 -    18 computed, error is 7.710725e+00 (0.16 s).
Cholesky vectors no    19 -    19 computed, error is 2.829791e+00 (0.03 s).
Cholesky vectors no    20 -    22 computed, error is 2.717765e+00 (0.07 s).
Cholesky vectors no    23 -    37 computed, error is 2.532611e+00 (0.36 s).
Cholesky vectors no    38 -    38 computed, error is 2.206653e+00 (0.03 s).
Cholesky vectors no    39 -    39 computed, error is 1.859057e+00 (0.02 s).
Cholesky vectors no    40 -    45 computed, error is 1.426377e+00 (0.15 s).
Cholesky vectors no    46 -    55 computed, error is 1.138753e+00 (0.26 s).
Cholesky vectors no    56 -    58 computed, error is 8.790497e-01 (0.00 s).
Cholesky vectors no    59 -    73 computed, error is 7.264863e-01 (0.02 s).
Cholesky vectors no    74 -    88 computed, error is 5.739954e-01 (0.02 s).
Cholesky vectors no    89 -    98 computed, error is 2.799387e-01 (0.01 s).
Cholesky vectors no    99 -   113 computed, error is 2.369674e-01 (0.03 s).
Cholesky vectors no   114 -   123 computed, error is 2.353477e-01 (0.01 s).
Cholesky vectors no   124 -   138 computed, error is 2.211122e-01 (0.02 s).
Cholesky vectors no   139 -   141 computed, error is 1.949365e-01 (0.01 s).
Cholesky vectors no   142 -   142 computed, error is 1.250800e-01 (0.00 s).
Cholesky vectors no   143 -   148 computed, error is 1.144394e-01 (0.01 s).
Cholesky vectors no   149 -   158 computed, error is 1.034106e-01 (0.02 s).
Cholesky vectors no   159 -   161 computed, error is 9.920614e-02 (0.01 s).
Cholesky vectors no   162 -   171 computed, error is 8.898022e-02 (0.02 s).
Cholesky vectors no   172 -   186 computed, error is 7.620955e-02 (0.03 s).
Cholesky vectors no   187 -   187 computed, error is 7.488995e-02 (0.00 s).
Cholesky vectors no   188 -   202 computed, error is 6.192473e-02 (0.05 s).
Cholesky vectors no   203 -   212 computed, error is 4.795263e-02 (0.02 s).
Cholesky vectors no   213 -   222 computed, error is 3.350529e-02 (0.02 s).
Cholesky vectors no   223 -   237 computed, error is 2.828142e-02 (0.03 s).
Cholesky vectors no   238 -   252 computed, error is 2.379616e-02 (0.03 s).
Cholesky vectors no   253 -   267 computed, error is 1.964515e-02 (0.03 s).
Cholesky vectors no   268 -   277 computed, error is 1.940629e-02 (0.02 s).
Cholesky vectors no   278 -   287 computed, error is 1.863333e-02 (0.02 s).
Cholesky vectors no   288 -   288 computed, error is 1.458287e-02 (0.00 s).
Cholesky vectors no   289 -   291 computed, error is 1.453399e-02 (0.01 s).
Cholesky vectors no   292 -   297 computed, error is 1.416334e-02 (0.01 s).
Cholesky vectors no   298 -   298 computed, error is 9.819551e-03 (0.00 s).
Cholesky vectors no   299 -   308 computed, error is 8.997075e-03 (0.05 s).
Cholesky vectors no   309 -   311 computed, error is 8.855885e-03 (0.01 s).
Cholesky vectors no   312 -   326 computed, error is 8.272437e-03 (0.03 s).
Cholesky vectors no   327 -   333 computed, error is 7.840883e-03 (0.01 s).
Cholesky vectors no   334 -   348 computed, error is 6.982731e-03 (0.03 s).
Cholesky vectors no   349 -   349 computed, error is 5.385077e-03 (0.00 s).
Cholesky vectors no   350 -   359 computed, error is 4.849886e-03 (0.02 s).
Cholesky vectors no   360 -   369 computed, error is 3.098693e-03 (0.02 s).
Cholesky vectors no   370 -   384 computed, error is 2.700033e-03 (0.03 s).
Cholesky vectors no   385 -   399 computed, error is 1.988949e-03 (0.03 s).
Cholesky vectors no   400 -   414 computed, error is 1.795332e-03 (0.07 s).
Cholesky vectors no   415 -   424 computed, error is 1.267730e-03 (0.02 s).
Cholesky vectors no   425 -   427 computed, error is 1.002729e-03 (0.01 s).
Cholesky vectors no   428 -   437 computed, error is 8.811118e-04 (0.02 s).
Cholesky vectors no   438 -   452 computed, error is 8.454605e-04 (0.03 s).
Cholesky vectors no   453 -   455 computed, error is 8.316181e-04 (0.01 s).
Cholesky vectors no   456 -   461 computed, error is 7.584667e-04 (0.01 s).
Cholesky vectors no   462 -   476 computed, error is 6.063544e-04 (0.03 s).
Cholesky vectors no   477 -   482 computed, error is 5.885560e-04 (0.01 s).
Cholesky vectors no   483 -   489 computed, error is 5.350467e-04 (0.02 s).
Cholesky vectors no   490 -   492 computed, error is 2.719498e-04 (0.01 s).
Cholesky vectors no   493 -   502 computed, error is 2.478236e-04 (0.07 s).
Cholesky vectors no   503 -   517 computed, error is 2.188870e-04 (0.04 s).
Cholesky vectors no   518 -   527 computed, error is 1.844937e-04 (0.03 s).
Cholesky vectors no   528 -   542 computed, error is 1.632835e-04 (0.04 s).
Cholesky vectors no   543 -   543 computed, error is 1.380531e-04 (0.00 s).
Cholesky vectors no   544 -   558 computed, error is 1.360648e-04 (0.04 s).
Cholesky vectors no   559 -   568 computed, error is 1.114105e-04 (0.03 s).
Cholesky vectors no   569 -   571 computed, error is 8.737538e-05 (0.01 s).
Cholesky vectors no   572 -   581 computed, error is 7.959204e-05 (0.03 s).
Cholesky vectors no   582 -   591 computed, error is 7.214747e-05 (0.03 s).
Cholesky vectors no   592 -   606 computed, error is 5.763074e-05 (0.09 s).
Cholesky vectors no   607 -   609 computed, error is 5.510497e-05 (0.01 s).
Cholesky vectors no   610 -   610 computed, error is 5.218019e-05 (0.00 s).
Cholesky vectors no   611 -   617 computed, error is 4.729008e-05 (0.02 s).
Cholesky vectors no   618 -   618 computed, error is 2.563308e-05 (0.00 s).
Cholesky vectors no   619 -   628 computed, error is 1.926020e-05 (0.03 s).
Cholesky vectors no   629 -   638 computed, error is 1.299164e-05 (0.03 s).
Cholesky vectors no   639 -   641 computed, error is 1.205510e-05 (0.01 s).
Cholesky vectors no   642 -   644 computed, error is 1.072894e-05 (0.01 s).
Cholesky vectors no   645 -   645 computed, error is 1.050207e-05 (0.00 s).
Cholesky vectors no   646 -   655 computed, error is 9.534654e-06 (0.03 s).
Cholesky vectors no   656 -   670 computed, error is 8.426541e-06 (0.04 s).
Cholesky vectors no   671 -   676 computed, error is 4.874775e-06 (0.02 s).
Cholesky vectors no   677 -   686 computed, error is 3.963593e-06 (0.03 s).
Cholesky vectors no   687 -   687 computed, error is 3.571082e-06 (0.00 s).
Cholesky vectors no   688 -   702 computed, error is 3.156030e-06 (0.09 s).
Cholesky vectors no   703 -   705 computed, error is 2.459402e-06 (0.01 s).
Cholesky vectors no   706 -   715 computed, error is 2.238307e-06 (0.04 s).
Cholesky vectors no   716 -   730 computed, error is 1.780297e-06 (0.05 s).
Cholesky vectors no   731 -   733 computed, error is 1.517920e-06 (0.01 s).
Cholesky vectors no   734 -   748 computed, error is 1.355467e-06 (0.05 s).
Cholesky vectors no   749 -   758 computed, error is 1.144769e-06 (0.03 s).
Cholesky vectors no   759 -   773 computed, error is 8.435363e-07 (0.05 s).
Cholesky vectors no   774 -   783 computed, error is 7.811935e-07 (0.03 s).
Cholesky vectors no   784 -   789 computed, error is 6.878991e-07 (0.02 s).
Cholesky vectors no   790 -   790 computed, error is 6.493230e-07 (0.00 s).
Cholesky vectors no   791 -   793 computed, error is 5.988795e-07 (0.01 s).
Cholesky vectors no   794 -   808 computed, error is 4.432375e-07 (0.12 s).
Cholesky vectors no   809 -   823 computed, error is 2.931165e-07 (0.06 s).
Cholesky vectors no   824 -   828 computed, error is 2.587794e-07 (0.02 s).
Cholesky vectors no   829 -   829 computed, error is 2.325545e-07 (0.00 s).
Cholesky vectors no   830 -   839 computed, error is 1.617430e-07 (0.04 s).
Cholesky vectors no   840 -   840 computed, error is 1.308536e-07 (0.00 s).
Cholesky vectors no   841 -   855 computed, error is 1.274997e-07 (0.06 s).
Cholesky vectors no   856 -   865 computed, error is 8.253515e-08 (0.04 s).
Cholesky decomposition finished in 4.57 s. Realized memory size is 131 Mi 616 ki.
Time use: integrals 16.6 %, linear algebra 83.4 %.
2600 shell pairs and 1 nuclei
SAP potential formed in 0.005 s.
Smallest eigenvalue of overlap matrix is 2.41e-04, reciprocal condition number is 5.02e-05.
Using symmetric orthogonalization.
Smallest eigenvalue of overlap matrix is 1.37e-04, reciprocal condition number is 2.53e-05.
Using symmetric orthogonalization.
Smallest eigenvalue of overlap matrix is 4.48e-05, reciprocal condition number is 6.44e-06.
Using symmetric orthogonalization.
Smallest eigenvalue of overlap matrix is 1.37e-04, reciprocal condition number is 2.53e-05.
Using symmetric orthogonalization.
Smallest eigenvalue of overlap matrix is 2.41e-04, reciprocal condition number is 5.02e-05.
Using symmetric orthogonalization.
Nela = 5 Nelb = 3



Solving SCF
Evaluated energy -75.3040238085 (change from lowest -7.530402e+01)


Iteration 1: 1 Fock evaluations energy -75.3040238085 change -7.530402e+01 DIIS error vector rms norm 5.771673e-03
History size 1
alpha m=-1 occupations
   1.0000
alpha m=0 occupations
   1.0000   1.0000   1.0000
alpha m=1 occupations
   1.0000
beta m=-1 occupations
   1.0000
beta m=0 occupations
   1.0000   1.0000
EDIIS+DIIS step
Evaluated energy -75.3632351170 (change from lowest -5.921131e-02)
Density matrix difference 1.230026e-02 between lowest-energy and newest entry


Iteration 2: 2 Fock evaluations energy -75.3632351170 change -5.921131e-02 DIIS error vector rms norm 1.024902e-03
History size 2
alpha m=-1 occupations
   1.0000
alpha m=0 occupations
   1.0000   1.0000   1.0000
alpha m=1 occupations
   1.0000
beta m=-1 occupations
   1.0000
beta m=0 occupations
   1.0000   1.0000
EDIIS+DIIS step
Evaluated energy -75.3661713413 (change from lowest -2.936224e-03)
Density matrix difference 2.096234e-03 between lowest-energy and newest entry


Iteration 3: 3 Fock evaluations energy -75.3661713413 change -2.936224e-03 DIIS error vector rms norm 2.373284e-04
History size 3
alpha m=-1 occupations
   1.0000
alpha m=0 occupations
   1.0000   1.0000   1.0000
alpha m=1 occupations
   1.0000
beta m=-1 occupations
   1.0000
beta m=0 occupations
   1.0000   1.0000
EDIIS+DIIS step
Evaluated energy -75.3664332329 (change from lowest -2.618917e-04)
Density matrix difference 6.203628e-04 between lowest-energy and newest entry


Iteration 4: 4 Fock evaluations energy -75.3664332329 change -2.618917e-04 DIIS error vector rms norm 7.939998e-05
History size 4
alpha m=-1 occupations
   1.0000
alpha m=0 occupations
   1.0000   1.0000   1.0000
alpha m=1 occupations
   1.0000
beta m=-1 occupations
   1.0000
beta m=0 occupations
   1.0000   1.0000
DIIS step
Evaluated energy -75.3664860015 (change from lowest -5.276855e-05)
Density matrix difference 3.698723e-04 between lowest-energy and newest entry


Iteration 5: 5 Fock evaluations energy -75.3664860015 change -5.276855e-05 DIIS error vector rms norm 2.391066e-05
History size 5
alpha m=-1 occupations
   1.0000
alpha m=0 occupations
   1.0000   1.0000   1.0000
alpha m=1 occupations
   1.0000
beta m=-1 occupations
   1.0000
beta m=0 occupations
   1.0000   1.0000
DIIS step
Evaluated energy -75.3664912037 (change from lowest -5.202176e-06)
Density matrix difference 1.371983e-04 between lowest-energy and newest entry


Iteration 6: 6 Fock evaluations energy -75.3664912037 change -5.202176e-06 DIIS error vector rms norm 3.144995e-06
History size 6
alpha m=-1 occupations
   1.0000
alpha m=0 occupations
   1.0000   1.0000   1.0000
alpha m=1 occupations
   1.0000
beta m=-1 occupations
   1.0000
beta m=0 occupations
   1.0000   1.0000
DIIS step
Evaluated energy -75.3664912769 (change from lowest -7.326359e-08)
Density matrix difference 1.427863e-05 between lowest-energy and newest entry


Iteration 7: 7 Fock evaluations energy -75.3664912769 change -7.326359e-08 DIIS error vector rms norm 3.799196e-07
History size 7
Converged to energy -75.3664912769!

Running program took 59.06 s.
