ERKALE - HF/DFT from Hel, OpenMP version, running on 8 cores.
(c) Susi Lehtola, 2010-2016.

This program is free software; you can redistribute it and/or modify
it under the terms of the GNU General Public License as published by
the Free Software Foundation; either version 2 of the License, or
(at your option) any later version.

Running on host silver.

Current time is Sat 24 Jan 2026 18:07:33.

Current Settings used by ERKALE:
     AtomGuess      	                Auto	Method used for atomic guess (Auto for same as method)
     Basis          	         aug-cc-pVDZ	Basis set used in calculation
     BasisCutoff    	           1.000e-08	Cutoff for dropping out small primitives from contraction
     BasisOrth      	                Auto	Method of orthonormalization of basis set
     BasisRotate    	               false	Rotate basis set to remove redundant functions?
     Charge         	                   0	Total charge of system
     CholDepThresh  	           1.000e-07	Partial Cholesky decomposition threshold
     Cholesky       	                true	Use Cholesky decomposition?
     CholeskyMode   	                   0	Save/load integrals? 0 no, 1 save, -1 load
     CholeskyNAFThr 	           0.000e+00	Cholesky natural auxiliary function threshold
     CholeskyShThr  	           1.000e-02	Cholesky cache threshold
     CholeskyThr    	           1.000e-07	Cholesky decomposition threshold
     Complexbas     	                true	Use complex basis?
     Confinement    	         0.0 0.0 0.0	Confinement potential V(r) = V_i x_i^2
     ConvThr        	           1.000e-06	Orbital gradient convergence threshold
     DFTBasisThr    	           1.000e-10	Threshold for screening basis functions on grid
     DFTCpars       	                    	Override parameters of correlation functional (expert)
     DFTDelta       	           1.000e+02	Switch to final DFT grid has converged within factor X
     DFTDensityThr  	           1.000e-10	Threshold for screening density on grid
     DFTFinalTol    	           1.000e-05	Tolerance of final DFT grid
     DFTGrid        	             75 -302	DFT integration grid to use: nrad lmax or Auto for adaptive
     DFTInitialTol  	           1.000e-04	Tolerance of initial DFT grid
     DFTLobatto     	               false	Use Lobatto quadrature instead of Lebedev quadrature?
     DFTQuadThresh  	           2.220e-16	Threshold for pruning points with small quadrature weight
     DFTXpars       	                    	Override parameters of exchange functional (expert)
     DIISComb       	               false	Combine alpha and beta errors in unrestricted calcs?
     DIISEps        	           1.000e-01	Start mixing in DIIS when error is
     DIISOrder      	                  10	How many DIIS iterations to keep in memory?
     DIISThr        	           1.000e-02	DIIS error threshold for DIIS updates
     DecFock        	               false	Use decontracted basis to calculate Fock matrix (direct HF)
     Decontract     	                   *	Indices of atoms to decontract basis set for
     DensityFitting 	               false	Use density fitting / RI?
     Direct         	               false	Calculate two-electron integrals (or density fitting) on-the-fly?
     EField         	         0.0 0.0 0.0	Electric field
     ErrorNorm      	                 rms	Error norm to use in the SCF code
     FittingBasis   	                Auto	Basis to use for density fitting / RI (Auto for automatic)
     FittingCholeskyThreshold	           1.000e-08	Linear dependence threshold for pivoted Cholesky of Coulomb integrals in density fitting
     FittingMemory  	                1000	Amount of memory in MB to use for exchange fitting
     FittingThreshold	           1.000e-07	Linear dependence threshold for Coulomb integrals in density fitting
     Guess          	              sapfit	Used guess: SAD (default), SADNO, core, GWH, SAP, or SAPfit
     InitConvThr    	           1.000e-05	Initialization convergence threshold
     InputBohr      	               false	Use atomic units as input units instead of angstrom?
     IntegralThresh 	           1.000e-10	Integral screening threshold
     Kgwh           	           1.750e+00	Scaling constant for GWH
     LinDepThresh   	           1.000e-05	Basis set linear dependency threshold
     LinearB        	           8.000e-02	Magnetic field along bond axis
     LinearFreeze   	               false	If using linear symmetry, freeze symmetry to input guess
     LinearOccupationFile	      ../../N_0.occs	File to read linear occupations from
     LinearOccupations	                  -1	Read in occupations for linear molecule calculations?
     LinearSymmetry 	                true	Do special calculation on linear molecule along z axis
     LoadChk        	                    	Checkpoint file to load from
     Logfile        	          erkale.log	File to print out full information, stdout for screen
     MaxInitIter    	                  50	Maximum number of iterations in the stepwise solutions
     MaxIter        	                 100	Maximum number of iterations in SCF cycle
     Method         	                  HF	Method used in calculation (HF or a DFT functional)
     Multiplicity   	                   4	Spin multiplicity
     NLGrid         	             50 -194	Integration grid to use for nonlocal correlation: nrad lmax
     Occupancies    	                    	Orbital occupancies
     OptLM          	               false	If spherical harmonics used, use cartesian s and p functions?
     PZ             	               false	Perform Perdew-Zunger self-interaction correction?
     PZEthr         	           1.000e-10	Threshold for energy convergence
     PZIthr         	           1.000e-02	Threshold for initialization convergence (not too small!)
     PZNRthr        	           0.000e+00	Threshold for use of NR method in OO optimization
     PZOOthr        	           1.000e-04	Gradient threshold for OO optimization
     PZOVthr        	           1.000e-05	Gradient threshold for OV optimization
     PZimag         	                Auto	Imaginary degrees of freedom in PZ?
     PZiter         	                  20	Max number of iterations in self-consistency iteration
     PZloc          	                Auto	Initial localization before SIC calculation?
     PZlocmet       	                  FB	Initial localization method (recommend FB or IAO)
     PZmode         	                  XC	Apply PZ to the operators (in addition to J): X C D
     PZoo           	                true	Optimize OO block?
     PZov           	                true	Optimize OV block?
     PZprec         	                   1	Precondition OV block? 0: no, 1: unified, 2: orbital
     PZrand         	                true	Apply random rotation in PZ initialization? (Should be true)
     PZscale        	            Constant	Scaling for PZ: Constant, Density or Kinetic
     PZscaleExp     	           1.000e+00	Exponent in the dynamic scaling equation
     PZseed         	                   0	Seed number for randomized matrices?
     PZstab         	                   0	Stability analysis for PZ-SIC? 1 or -1 for OO, 2 or -2 for OO+OV
     PZstabThr      	           1.000e-03	Instability threshold (interpreted as -thr)
     PZw            	           1.000e+00	Weight for Perdew-Zunger self-interaction correction
     Restricted     	               false	Spin restricted?
     SAPBasis       	    helfem_large.gbs	Tabulated atomic effective potential "basis set"
     SAPGrid        	                    	SAP integration grid to use: nrad lmax or leave empty
     SaveChk        	   complex_basis.chk	Checkpoint file to save to
     Shift          	           0.000e+00	Level shift to use in Hartree
     System         	        ../atoms.xyz	System as an xyz file
     TRRHminS       	           9.750e-01	Trust-Region Roothaan-Hall minimal occupied orbital overlap
     UseADIIS       	                true	Use ADIIS for Fock matrix interpolation?
     UseBroyden     	               false	Use Broyden mixing of Fock matrices?
     UseDIIS        	                true	Use Pulay's Direct Inversion in the Iterative Subspace?
     UseLM          	                true	Use a spherical harmonics basis set by default?
     UseTRRH        	               false	Use Trust-Region Roothaan-Hall?
     VV10           	                Auto	Use VV10 non-local correlation?
     VV10Pars       	                    	VV10 parameters: b C
     Verbose        	                true	Verbose calculation?
     Verbosity      	                   5	Verboseness level

Basis set aug-cc-pVDZ found in file aug-cc-pVDZ.gbs in /home/lehtola/programs/erkale/basis/.
Basis set helfem_large.gbs found in file helfem_large.gbs in /home/lehtola/programs/erkale/basis/.
Screening by shell pairs and symmetry reduced dofs by factor 1.94.
Individual screening reduced dofs by a total factor 1.94.
Computing Cholesky vectors. Estimated memory size is 516 ki - 1 Mi.
Cholesky vectors no     0 -     0 computed, error is 1.356816e+01 (0.02 s).
Cholesky vectors no     1 -     1 computed, error is 5.010298e+00 (0.04 s).
Cholesky vectors no     2 -     2 computed, error is 1.854652e+00 (0.03 s).
Cholesky vectors no     3 -     8 computed, error is 7.175185e-01 (0.15 s).
Cholesky vectors no     9 -    11 computed, error is 6.606683e-01 (0.06 s).
Cholesky vectors no    12 -    12 computed, error is 5.194921e-01 (0.03 s).
Cholesky vectors no    13 -    18 computed, error is 1.869568e-01 (0.16 s).
Cholesky vectors no    19 -    24 computed, error is 1.532482e-01 (0.14 s).
Cholesky vectors no    25 -    34 computed, error is 1.521466e-01 (0.26 s).
Cholesky vectors no    35 -    35 computed, error is 1.273041e-01 (0.03 s).
Cholesky vectors no    36 -    50 computed, error is 9.012189e-02 (0.38 s).
Cholesky vectors no    51 -    53 computed, error is 8.222933e-02 (0.08 s).
Cholesky vectors no    54 -    54 computed, error is 4.804180e-02 (0.03 s).
Cholesky vectors no    55 -    57 computed, error is 4.631869e-02 (0.08 s).
Cholesky vectors no    58 -    67 computed, error is 3.704456e-02 (0.26 s).
Cholesky vectors no    68 -    73 computed, error is 2.128662e-02 (0.16 s).
Cholesky vectors no    74 -    88 computed, error is 9.626532e-03 (0.39 s).
Cholesky vectors no    89 -    91 computed, error is 9.028620e-03 (0.08 s).
Cholesky vectors no    92 -    92 computed, error is 6.117440e-03 (0.03 s).
Cholesky vectors no    93 -    95 computed, error is 4.817867e-03 (0.08 s).
Cholesky vectors no    96 -   105 computed, error is 3.529583e-03 (0.26 s).
Cholesky vectors no   106 -   111 computed, error is 2.416530e-03 (0.16 s).
Cholesky vectors no   112 -   114 computed, error is 1.026262e-03 (0.08 s).
Cholesky vectors no   115 -   124 computed, error is 9.397533e-04 (0.26 s).
Cholesky vectors no   125 -   125 computed, error is 6.611432e-04 (0.03 s).
Cholesky vectors no   126 -   140 computed, error is 3.933160e-04 (0.39 s).
Cholesky vectors no   141 -   150 computed, error is 2.742536e-04 (0.26 s).
Cholesky vectors no   151 -   153 computed, error is 1.481993e-04 (0.08 s).
Cholesky vectors no   154 -   163 computed, error is 1.322688e-04 (0.12 s).
Cholesky vectors no   164 -   164 computed, error is 1.078102e-04 (0.00 s).
Cholesky vectors no   165 -   165 computed, error is 6.836090e-05 (0.00 s).
Cholesky vectors no   166 -   171 computed, error is 3.561898e-05 (0.00 s).
Cholesky vectors no   172 -   176 computed, error is 2.010033e-05 (0.00 s).
Cholesky vectors no   177 -   177 computed, error is 1.467106e-05 (0.00 s).
Cholesky vectors no   178 -   178 computed, error is 1.065653e-05 (0.00 s).
Cholesky vectors no   179 -   181 computed, error is 1.015752e-05 (0.00 s).
Cholesky vectors no   182 -   184 computed, error is 5.206014e-06 (0.00 s).
Cholesky vectors no   185 -   185 computed, error is 3.905064e-06 (0.00 s).
Cholesky vectors no   186 -   191 computed, error is 2.408184e-06 (0.00 s).
Cholesky vectors no   192 -   194 computed, error is 1.280134e-06 (0.00 s).
Cholesky vectors no   195 -   197 computed, error is 9.970558e-07 (0.00 s).
Cholesky vectors no   198 -   198 computed, error is 3.461146e-07 (0.00 s).
Cholesky vectors no   199 -   204 computed, error is 3.187237e-07 (0.00 s).
Cholesky vectors no   205 -   210 computed, error is 2.545195e-07 (0.00 s).
Cholesky vectors no   211 -   220 computed, error is 1.640025e-07 (0.00 s).
Cholesky vectors no   221 -   225 computed, error is 1.061025e-07 (0.00 s).
Cholesky vectors no   226 -   235 computed, error is 5.974223e-08 (0.00 s).
Cholesky decomposition finished in 5.23 s. Realized memory size is 1 Mi 452 ki.
Time use: integrals 21.8 %, linear algebra 78.2 %.
153 shell pairs and 1 nuclei
SAP potential formed in 0.001 s.
Smallest eigenvalue of overlap matrix is 4.83e-01, reciprocal condition number is 3.19e-01.
Using symmetric orthogonalization.
Smallest eigenvalue of overlap matrix is 1.47e-01, reciprocal condition number is 6.55e-02.
Using symmetric orthogonalization.
Smallest eigenvalue of overlap matrix is 1.52e-02, reciprocal condition number is 4.29e-03.
Using symmetric orthogonalization.
Smallest eigenvalue of overlap matrix is 1.47e-01, reciprocal condition number is 6.55e-02.
Using symmetric orthogonalization.
Smallest eigenvalue of overlap matrix is 4.83e-01, reciprocal condition number is 3.19e-01.
Using symmetric orthogonalization.
Nela = 5 Nelb = 2



Solving SCF
Evaluated energy -54.4521452073 (change from lowest -5.445215e+01)


Iteration 1: 1 Fock evaluations energy -54.4521452073 change -5.445215e+01 DIIS error vector rms norm 2.927834e-02
History size 1
alpha m=-1 occupations
   1.0000
alpha m=0 occupations
   1.0000   1.0000   1.0000
alpha m=1 occupations
   1.0000
beta m=0 occupations
   1.0000   1.0000
EDIIS+DIIS step
Evaluated energy -54.5029536767 (change from lowest -5.080847e-02)
Density matrix difference 6.250943e-02 between lowest-energy and newest entry


Iteration 2: 2 Fock evaluations energy -54.5029536767 change -5.080847e-02 DIIS error vector rms norm 4.130747e-03
History size 2
alpha m=-1 occupations
   1.0000
alpha m=0 occupations
   1.0000   1.0000   1.0000
alpha m=1 occupations
   1.0000
beta m=0 occupations
   1.0000   1.0000
EDIIS+DIIS step
Evaluated energy -54.5063537168 (change from lowest -3.400040e-03)
Density matrix difference 1.090514e-02 between lowest-energy and newest entry


Iteration 3: 3 Fock evaluations energy -54.5063537168 change -3.400040e-03 DIIS error vector rms norm 9.961947e-04
History size 3
alpha m=-1 occupations
   1.0000
alpha m=0 occupations
   1.0000   1.0000   1.0000
alpha m=1 occupations
   1.0000
beta m=0 occupations
   1.0000   1.0000
EDIIS+DIIS step
Evaluated energy -54.5067963799 (change from lowest -4.426631e-04)
Density matrix difference 5.080769e-03 between lowest-energy and newest entry


Iteration 4: 4 Fock evaluations energy -54.5067963799 change -4.426631e-04 DIIS error vector rms norm 4.337674e-04
History size 4
alpha m=-1 occupations
   1.0000
alpha m=0 occupations
   1.0000   1.0000   1.0000
alpha m=1 occupations
   1.0000
beta m=0 occupations
   1.0000   1.0000
EDIIS+DIIS step
Evaluated energy -54.5068879671 (change from lowest -9.158723e-05)
Density matrix difference 2.689613e-03 between lowest-energy and newest entry


Iteration 5: 5 Fock evaluations energy -54.5068879671 change -9.158723e-05 DIIS error vector rms norm 5.973935e-05
History size 5
alpha m=-1 occupations
   1.0000
alpha m=0 occupations
   1.0000   1.0000   1.0000
alpha m=1 occupations
   1.0000
beta m=0 occupations
   1.0000   1.0000
DIIS step
Evaluated energy -54.5068893165 (change from lowest -1.349385e-06)
Density matrix difference 2.642807e-04 between lowest-energy and newest entry


Iteration 6: 6 Fock evaluations energy -54.5068893165 change -1.349385e-06 DIIS error vector rms norm 6.830610e-06
History size 6
alpha m=-1 occupations
   1.0000
alpha m=0 occupations
   1.0000   1.0000   1.0000
alpha m=1 occupations
   1.0000
beta m=0 occupations
   1.0000   1.0000
DIIS step
Evaluated energy -54.5068893371 (change from lowest -2.057543e-08)
Density matrix difference 4.430524e-05 between lowest-energy and newest entry


Iteration 7: 7 Fock evaluations energy -54.5068893371 change -2.057543e-08 DIIS error vector rms norm 1.006858e-06
History size 7
alpha m=-1 occupations
   1.0000
alpha m=0 occupations
   1.0000   1.0000   1.0000
alpha m=1 occupations
   1.0000
beta m=0 occupations
   1.0000   1.0000
DIIS step
Evaluated energy -54.5068893375 (change from lowest -4.347527e-10)
Density matrix difference 7.362355e-06 between lowest-energy and newest entry


Iteration 8: 8 Fock evaluations energy -54.5068893375 change -4.347527e-10 DIIS error vector rms norm 1.093553e-07
History size 7
Converged to energy -54.5068893375!

Running program took 5.38 s.
