ERKALE - HF/DFT from Hel, OpenMP version, running on 8 cores.
(c) Susi Lehtola, 2010-2016.

This program is free software; you can redistribute it and/or modify
it under the terms of the GNU General Public License as published by
the Free Software Foundation; either version 2 of the License, or
(at your option) any later version.

Running on host silver.

Current time is Sun 15 Feb 2026 05:52:46.

Current Settings used by ERKALE:
     AtomGuess      	                Auto	Method used for atomic guess (Auto for same as method)
     Basis          	            HGBSP3-5	Basis set used in calculation
     BasisCutoff    	           1.000e-08	Cutoff for dropping out small primitives from contraction
     BasisOrth      	                Auto	Method of orthonormalization of basis set
     BasisRotate    	               false	Rotate basis set to remove redundant functions?
     Charge         	                   0	Total charge of system
     CholDepThresh  	           1.000e-07	Partial Cholesky decomposition threshold
     Cholesky       	                true	Use Cholesky decomposition?
     CholeskyMode   	                   0	Save/load integrals? 0 no, 1 save, -1 load
     CholeskyNAFThr 	           0.000e+00	Cholesky natural auxiliary function threshold
     CholeskyShThr  	           1.000e-02	Cholesky cache threshold
     CholeskyThr    	           1.000e-07	Cholesky decomposition threshold
     Complexbas     	                true	Use complex basis?
     Confinement    	         0.0 0.0 0.0	Confinement potential V(r) = V_i x_i^2
     ConvThr        	           1.000e-06	Orbital gradient convergence threshold
     DFTBasisThr    	           1.000e-10	Threshold for screening basis functions on grid
     DFTCpars       	                    	Override parameters of correlation functional (expert)
     DFTDelta       	           1.000e+02	Switch to final DFT grid has converged within factor X
     DFTDensityThr  	           1.000e-10	Threshold for screening density on grid
     DFTFinalTol    	           1.000e-05	Tolerance of final DFT grid
     DFTGrid        	             75 -302	DFT integration grid to use: nrad lmax or Auto for adaptive
     DFTInitialTol  	           1.000e-04	Tolerance of initial DFT grid
     DFTLobatto     	               false	Use Lobatto quadrature instead of Lebedev quadrature?
     DFTQuadThresh  	           2.220e-16	Threshold for pruning points with small quadrature weight
     DFTXpars       	                    	Override parameters of exchange functional (expert)
     DIISComb       	               false	Combine alpha and beta errors in unrestricted calcs?
     DIISEps        	           1.000e-01	Start mixing in DIIS when error is
     DIISOrder      	                  10	How many DIIS iterations to keep in memory?
     DIISThr        	           1.000e-02	DIIS error threshold for DIIS updates
     DecFock        	               false	Use decontracted basis to calculate Fock matrix (direct HF)
     Decontract     	                   *	Indices of atoms to decontract basis set for
     DensityFitting 	               false	Use density fitting / RI?
     Direct         	               false	Calculate two-electron integrals (or density fitting) on-the-fly?
     EField         	         0.0 0.0 0.0	Electric field
     ErrorNorm      	                 rms	Error norm to use in the SCF code
     FittingBasis   	                Auto	Basis to use for density fitting / RI (Auto for automatic)
     FittingCholeskyThreshold	           1.000e-08	Linear dependence threshold for pivoted Cholesky of Coulomb integrals in density fitting
     FittingMemory  	                1000	Amount of memory in MB to use for exchange fitting
     FittingThreshold	           1.000e-07	Linear dependence threshold for Coulomb integrals in density fitting
     Guess          	              sapfit	Used guess: SAD (default), SADNO, core, GWH, SAP, or SAPfit
     InitConvThr    	           1.000e-05	Initialization convergence threshold
     InputBohr      	               false	Use atomic units as input units instead of angstrom?
     IntegralThresh 	           1.000e-10	Integral screening threshold
     Kgwh           	           1.750e+00	Scaling constant for GWH
     LinDepThresh   	           1.000e-05	Basis set linear dependency threshold
     LinearB        	           1.800e-01	Magnetic field along bond axis
     LinearFreeze   	               false	If using linear symmetry, freeze symmetry to input guess
     LinearOccupationFile	     ../../Ar_8.occs	File to read linear occupations from
     LinearOccupations	                  -1	Read in occupations for linear molecule calculations?
     LinearSymmetry 	                true	Do special calculation on linear molecule along z axis
     LoadChk        	                    	Checkpoint file to load from
     Logfile        	          erkale.log	File to print out full information, stdout for screen
     MaxInitIter    	                  50	Maximum number of iterations in the stepwise solutions
     MaxIter        	                 100	Maximum number of iterations in SCF cycle
     Method         	                  HF	Method used in calculation (HF or a DFT functional)
     Multiplicity   	                   7	Spin multiplicity
     NLGrid         	             50 -194	Integration grid to use for nonlocal correlation: nrad lmax
     Occupancies    	                    	Orbital occupancies
     OptLM          	               false	If spherical harmonics used, use cartesian s and p functions?
     PZ             	               false	Perform Perdew-Zunger self-interaction correction?
     PZEthr         	           1.000e-10	Threshold for energy convergence
     PZIthr         	           1.000e-02	Threshold for initialization convergence (not too small!)
     PZNRthr        	           0.000e+00	Threshold for use of NR method in OO optimization
     PZOOthr        	           1.000e-04	Gradient threshold for OO optimization
     PZOVthr        	           1.000e-05	Gradient threshold for OV optimization
     PZimag         	                Auto	Imaginary degrees of freedom in PZ?
     PZiter         	                  20	Max number of iterations in self-consistency iteration
     PZloc          	                Auto	Initial localization before SIC calculation?
     PZlocmet       	                  FB	Initial localization method (recommend FB or IAO)
     PZmode         	                  XC	Apply PZ to the operators (in addition to J): X C D
     PZoo           	                true	Optimize OO block?
     PZov           	                true	Optimize OV block?
     PZprec         	                   1	Precondition OV block? 0: no, 1: unified, 2: orbital
     PZrand         	                true	Apply random rotation in PZ initialization? (Should be true)
     PZscale        	            Constant	Scaling for PZ: Constant, Density or Kinetic
     PZscaleExp     	           1.000e+00	Exponent in the dynamic scaling equation
     PZseed         	                   0	Seed number for randomized matrices?
     PZstab         	                   0	Stability analysis for PZ-SIC? 1 or -1 for OO, 2 or -2 for OO+OV
     PZstabThr      	           1.000e-03	Instability threshold (interpreted as -thr)
     PZw            	           1.000e+00	Weight for Perdew-Zunger self-interaction correction
     Restricted     	               false	Spin restricted?
     SAPBasis       	    helfem_large.gbs	Tabulated atomic effective potential "basis set"
     SAPGrid        	                    	SAP integration grid to use: nrad lmax or leave empty
     SaveChk        	   complex_basis.chk	Checkpoint file to save to
     Shift          	           0.000e+00	Level shift to use in Hartree
     System         	        ../atoms.xyz	System as an xyz file
     TRRHminS       	           9.750e-01	Trust-Region Roothaan-Hall minimal occupied orbital overlap
     UseADIIS       	                true	Use ADIIS for Fock matrix interpolation?
     UseBroyden     	               false	Use Broyden mixing of Fock matrices?
     UseDIIS        	                true	Use Pulay's Direct Inversion in the Iterative Subspace?
     UseLM          	                true	Use a spherical harmonics basis set by default?
     UseTRRH        	               false	Use Trust-Region Roothaan-Hall?
     VV10           	                Auto	Use VV10 non-local correlation?
     VV10Pars       	                    	VV10 parameters: b C
     Verbose        	                true	Verbose calculation?
     Verbosity      	                   5	Verboseness level

Basis set HGBSP3-5 found in file HGBSP3-5.gbs in /home/lehtola/programs/erkale/basis/.
Basis set helfem_large.gbs found in file helfem_large.gbs in /home/lehtola/programs/erkale/basis/.
Screening by shell pairs and symmetry reduced dofs by factor 2.03.
Individual screening reduced dofs by a total factor 2.03.
Computing Cholesky vectors. Estimated memory size is 301 Mi - 1003 Mi.
Cholesky vectors no     0 -     0 computed, error is 3.963165e+01 (0.00 s).
Cholesky vectors no     1 -     1 computed, error is 1.550897e+01 (0.00 s).
Cholesky vectors no     2 -     7 computed, error is 4.467550e+00 (0.01 s).
Cholesky vectors no     8 -    10 computed, error is 4.188795e+00 (0.00 s).
Cholesky vectors no    11 -    11 computed, error is 3.563055e+00 (0.00 s).
Cholesky vectors no    12 -    26 computed, error is 2.154294e+00 (0.02 s).
Cholesky vectors no    27 -    27 computed, error is 1.268969e+00 (0.00 s).
Cholesky vectors no    28 -    30 computed, error is 1.185360e+00 (0.01 s).
Cholesky vectors no    31 -    58 computed, error is 9.075997e-01 (0.06 s).
Cholesky vectors no    59 -    64 computed, error is 6.154099e-01 (0.02 s).
Cholesky vectors no    65 -    74 computed, error is 5.046840e-01 (0.03 s).
Cholesky vectors no    75 -   119 computed, error is 2.968268e-01 (0.19 s).
Cholesky vectors no   120 -   122 computed, error is 2.840339e-01 (0.01 s).
Cholesky vectors no   123 -   143 computed, error is 2.323144e-01 (0.11 s).
Cholesky vectors no   144 -   144 computed, error is 2.145418e-01 (0.01 s).
Cholesky vectors no   145 -   154 computed, error is 2.023572e-01 (0.06 s).
Cholesky vectors no   155 -   199 computed, error is 1.870620e-01 (0.31 s).
Cholesky vectors no   200 -   214 computed, error is 1.301625e-01 (0.16 s).
Cholesky vectors no   215 -   250 computed, error is 9.910311e-02 (0.25 s).
Cholesky vectors no   251 -   295 computed, error is 9.556424e-02 (0.27 s).
Cholesky vectors no   296 -   340 computed, error is 7.644681e-02 (0.36 s).
Cholesky vectors no   341 -   361 computed, error is 5.993801e-02 (0.14 s).
Cholesky vectors no   362 -   367 computed, error is 5.672434e-02 (0.04 s).
Cholesky vectors no   368 -   403 computed, error is 4.471672e-02 (0.34 s).
Cholesky vectors no   404 -   404 computed, error is 3.707823e-02 (0.01 s).
Cholesky vectors no   405 -   440 computed, error is 3.512106e-02 (0.31 s).
Cholesky vectors no   441 -   485 computed, error is 3.266430e-02 (0.38 s).
Cholesky vectors no   486 -   488 computed, error is 3.154244e-02 (0.03 s).
Cholesky vectors no   489 -   533 computed, error is 2.493720e-02 (0.54 s).
Cholesky vectors no   534 -   554 computed, error is 2.089765e-02 (0.19 s).
Cholesky vectors no   555 -   599 computed, error is 1.610207e-02 (0.41 s).
Cholesky vectors no   600 -   609 computed, error is 1.486928e-02 (0.20 s).
Cholesky vectors no   610 -   645 computed, error is 1.155559e-02 (0.33 s).
Cholesky vectors no   646 -   690 computed, error is 1.146787e-02 (0.42 s).
Cholesky vectors no   691 -   726 computed, error is 1.065197e-02 (0.49 s).
Cholesky vectors no   727 -   747 computed, error is 1.034876e-02 (0.22 s).
Cholesky vectors no   748 -   792 computed, error is 9.943728e-03 (0.48 s).
Cholesky vectors no   793 -   795 computed, error is 6.793694e-03 (0.03 s).
Cholesky vectors no   796 -   831 computed, error is 6.561325e-03 (0.55 s).
Cholesky vectors no   832 -   876 computed, error is 5.963532e-03 (0.53 s).
Cholesky vectors no   877 -   886 computed, error is 5.048336e-03 (0.12 s).
Cholesky vectors no   887 -   892 computed, error is 3.721352e-03 (0.07 s).
Cholesky vectors no   893 -   928 computed, error is 3.081825e-03 (0.59 s).
Cholesky vectors no   929 -   956 computed, error is 3.041266e-03 (0.36 s).
Cholesky vectors no   957 -   973 computed, error is 2.683516e-03 (0.22 s).
Cholesky vectors no   974 -  1009 computed, error is 2.675421e-03 (0.63 s).
Cholesky vectors no  1010 -  1054 computed, error is 2.368857e-03 (0.63 s).
Cholesky vectors no  1055 -  1073 computed, error is 2.152383e-03 (0.27 s).
Cholesky vectors no  1074 -  1076 computed, error is 1.712242e-03 (0.05 s).
Cholesky vectors no  1077 -  1077 computed, error is 1.420377e-03 (0.01 s).
Cholesky vectors no  1078 -  1084 computed, error is 1.373596e-03 (0.10 s).
Cholesky vectors no  1085 -  1129 computed, error is 1.263140e-03 (0.84 s).
Cholesky vectors no  1130 -  1144 computed, error is 8.172578e-04 (0.22 s).
Cholesky vectors no  1145 -  1179 computed, error is 7.877700e-04 (0.52 s).
Cholesky vectors no  1180 -  1200 computed, error is 5.385994e-04 (0.50 s).
Cholesky vectors no  1201 -  1236 computed, error is 4.978677e-04 (0.58 s).
Cholesky vectors no  1237 -  1281 computed, error is 4.320141e-04 (0.75 s).
Cholesky vectors no  1282 -  1282 computed, error is 3.658199e-04 (0.02 s).
Cholesky vectors no  1283 -  1285 computed, error is 2.364898e-04 (0.05 s).
Cholesky vectors no  1286 -  1286 computed, error is 2.040592e-04 (0.02 s).
Cholesky vectors no  1287 -  1322 computed, error is 1.842785e-04 (0.81 s).
Cholesky vectors no  1323 -  1367 computed, error is 9.705465e-05 (0.78 s).
Cholesky vectors no  1368 -  1370 computed, error is 9.189893e-05 (0.05 s).
Cholesky vectors no  1371 -  1406 computed, error is 9.070520e-05 (0.83 s).
Cholesky vectors no  1407 -  1442 computed, error is 8.652305e-05 (0.68 s).
Cholesky vectors no  1443 -  1487 computed, error is 8.548093e-05 (0.84 s).
Cholesky vectors no  1488 -  1493 computed, error is 6.773520e-05 (0.11 s).
Cholesky vectors no  1494 -  1508 computed, error is 4.693615e-05 (0.50 s).
Cholesky vectors no  1509 -  1544 computed, error is 4.271825e-05 (0.81 s).
Cholesky vectors no  1545 -  1572 computed, error is 2.927657e-05 (0.63 s).
Cholesky vectors no  1573 -  1590 computed, error is 2.652277e-05 (0.40 s).
Cholesky vectors no  1591 -  1635 computed, error is 2.504661e-05 (1.30 s).
Cholesky vectors no  1636 -  1653 computed, error is 2.076336e-05 (0.42 s).
Cholesky vectors no  1654 -  1698 computed, error is 1.895752e-05 (1.06 s).
Cholesky vectors no  1699 -  1743 computed, error is 1.649096e-05 (1.32 s).
Cholesky vectors no  1744 -  1746 computed, error is 1.641676e-05 (0.08 s).
Cholesky vectors no  1747 -  1782 computed, error is 1.599059e-05 (0.88 s).
Cholesky vectors no  1783 -  1783 computed, error is 1.168688e-05 (0.02 s).
Cholesky vectors no  1784 -  1796 computed, error is 8.655095e-06 (0.32 s).
Cholesky vectors no  1797 -  1832 computed, error is 7.755028e-06 (1.15 s).
Cholesky vectors no  1833 -  1837 computed, error is 6.297916e-06 (0.15 s).
Cholesky vectors no  1838 -  1873 computed, error is 5.704180e-06 (0.93 s).
Cholesky vectors no  1874 -  1918 computed, error is 5.501579e-06 (1.46 s).
Cholesky vectors no  1919 -  1963 computed, error is 4.464427e-06 (1.21 s).
Cholesky vectors no  1964 -  1991 computed, error is 4.259807e-06 (0.80 s).
Cholesky vectors no  1992 -  1992 computed, error is 2.732273e-06 (0.03 s).
Cholesky vectors no  1993 -  2028 computed, error is 2.694564e-06 (1.26 s).
Cholesky vectors no  2029 -  2032 computed, error is 2.554915e-06 (0.11 s).
Cholesky vectors no  2033 -  2041 computed, error is 1.895629e-06 (0.24 s).
Cholesky vectors no  2042 -  2086 computed, error is 1.168576e-06 (1.32 s).
Cholesky vectors no  2087 -  2106 computed, error is 1.015082e-06 (0.86 s).
Cholesky vectors no  2107 -  2151 computed, error is 8.695877e-07 (1.35 s).
Cholesky vectors no  2152 -  2167 computed, error is 5.440086e-07 (0.43 s).
Cholesky vectors no  2168 -  2172 computed, error is 5.216315e-07 (0.14 s).
Cholesky vectors no  2173 -  2195 computed, error is 4.621573e-07 (0.63 s).
Cholesky vectors no  2196 -  2198 computed, error is 4.447273e-07 (0.08 s).
Cholesky vectors no  2199 -  2199 computed, error is 3.767846e-07 (0.03 s).
Cholesky vectors no  2200 -  2208 computed, error is 3.466982e-07 (0.55 s).
Cholesky vectors no  2209 -  2233 computed, error is 2.679114e-07 (0.70 s).
Cholesky vectors no  2234 -  2248 computed, error is 2.489779e-07 (0.42 s).
Cholesky vectors no  2249 -  2254 computed, error is 2.194920e-07 (0.17 s).
Cholesky vectors no  2255 -  2275 computed, error is 1.900942e-07 (0.59 s).
Cholesky vectors no  2276 -  2285 computed, error is 7.075286e-08 (0.28 s).
Cholesky decomposition finished in 42.96 s. Realized memory size is 772 Mi 258 ki.
Time use: integrals 3.6 %, linear algebra 96.4 %.
1941 shell pairs and 1 nuclei
SAP potential formed in 0.035 s.
Smallest eigenvalue of overlap matrix is 2.46e-02, reciprocal condition number is 8.49e-03.
Using symmetric orthogonalization.
Smallest eigenvalue of overlap matrix is 2.46e-02, reciprocal condition number is 8.45e-03.
Using symmetric orthogonalization.
Smallest eigenvalue of overlap matrix is 1.48e-02, reciprocal condition number is 4.56e-03.
Using symmetric orthogonalization.
Smallest eigenvalue of overlap matrix is 1.02e-02, reciprocal condition number is 2.83e-03.
Using symmetric orthogonalization.
Smallest eigenvalue of overlap matrix is 4.28e-03, reciprocal condition number is 9.60e-04.
Using symmetric orthogonalization.
Smallest eigenvalue of overlap matrix is 1.02e-02, reciprocal condition number is 2.83e-03.
Using symmetric orthogonalization.
Smallest eigenvalue of overlap matrix is 1.48e-02, reciprocal condition number is 4.56e-03.
Using symmetric orthogonalization.
Smallest eigenvalue of overlap matrix is 2.46e-02, reciprocal condition number is 8.45e-03.
Using symmetric orthogonalization.
Smallest eigenvalue of overlap matrix is 2.46e-02, reciprocal condition number is 8.49e-03.
Using symmetric orthogonalization.
Nela = 12 Nelb = 6



Solving SCF
Evaluated energy -510.7550653492 (change from lowest -5.107551e+02)


Iteration 1: 1 Fock evaluations energy -510.7550653492 change -5.107551e+02 DIIS error vector rms norm 2.197737e-02
History size 1
alpha m=-1 occupations
   1.0000   1.0000
alpha m=0 occupations
   1.0000   1.0000   1.0000   1.0000   1.0000   1.0000
alpha m=1 occupations
   1.0000   1.0000   1.0000
alpha m=2 occupations
   1.0000
beta m=-1 occupations
   1.0000
beta m=0 occupations
   1.0000   1.0000   1.0000   1.0000
beta m=1 occupations
   1.0000
EDIIS+DIIS step
Evaluated energy -524.9550549759 (change from lowest -1.419999e+01)
Density matrix difference 1.040405e-01 between lowest-energy and newest entry


Iteration 2: 2 Fock evaluations energy -524.9550549759 change -1.419999e+01 DIIS error vector rms norm 8.109696e-03
History size 2
alpha m=-1 occupations
   1.0000   1.0000
alpha m=0 occupations
   1.0000   1.0000   1.0000   1.0000   1.0000   1.0000
alpha m=1 occupations
   1.0000   1.0000   1.0000
alpha m=2 occupations
   1.0000
beta m=-1 occupations
   1.0000
beta m=0 occupations
   1.0000   1.0000   1.0000   1.0000
beta m=1 occupations
   1.0000
EDIIS+DIIS step
Evaluated energy -525.3600020914 (change from lowest -4.049471e-01)
Density matrix difference 4.028862e-02 between lowest-energy and newest entry


Iteration 3: 3 Fock evaluations energy -525.3600020914 change -4.049471e-01 DIIS error vector rms norm 1.964830e-03
History size 3
alpha m=-1 occupations
   1.0000   1.0000
alpha m=0 occupations
   1.0000   1.0000   1.0000   1.0000   1.0000   1.0000
alpha m=1 occupations
   1.0000   1.0000   1.0000
alpha m=2 occupations
   1.0000
beta m=-1 occupations
   1.0000
beta m=0 occupations
   1.0000   1.0000   1.0000   1.0000
beta m=1 occupations
   1.0000
EDIIS+DIIS step
Evaluated energy -525.3711218968 (change from lowest -1.111981e-02)
Density matrix difference 4.317671e-03 between lowest-energy and newest entry


Iteration 4: 4 Fock evaluations energy -525.3711218968 change -1.111981e-02 DIIS error vector rms norm 4.843201e-04
History size 4
alpha m=-1 occupations
   1.0000   1.0000
alpha m=0 occupations
   1.0000   1.0000   1.0000   1.0000   1.0000   1.0000
alpha m=1 occupations
   1.0000   1.0000   1.0000
alpha m=2 occupations
   1.0000
beta m=-1 occupations
   1.0000
beta m=0 occupations
   1.0000   1.0000   1.0000   1.0000
beta m=1 occupations
   1.0000
EDIIS+DIIS step
Evaluated energy -525.3746079233 (change from lowest -3.486027e-03)
Density matrix difference 2.336443e-03 between lowest-energy and newest entry


Iteration 5: 5 Fock evaluations energy -525.3746079233 change -3.486027e-03 DIIS error vector rms norm 2.488627e-04
History size 5
alpha m=-1 occupations
   1.0000   1.0000
alpha m=0 occupations
   1.0000   1.0000   1.0000   1.0000   1.0000   1.0000
alpha m=1 occupations
   1.0000   1.0000   1.0000
alpha m=2 occupations
   1.0000
beta m=-1 occupations
   1.0000
beta m=0 occupations
   1.0000   1.0000   1.0000   1.0000
beta m=1 occupations
   1.0000
EDIIS+DIIS step
Evaluated energy -525.3787162857 (change from lowest -4.108362e-03)
Density matrix difference 2.821511e-03 between lowest-energy and newest entry


Iteration 6: 6 Fock evaluations energy -525.3787162857 change -4.108362e-03 DIIS error vector rms norm 2.130958e-04
History size 6
alpha m=-1 occupations
   1.0000   1.0000
alpha m=0 occupations
   1.0000   1.0000   1.0000   1.0000   1.0000   1.0000
alpha m=1 occupations
   1.0000   1.0000   1.0000
alpha m=2 occupations
   1.0000
beta m=-1 occupations
   1.0000
beta m=0 occupations
   1.0000   1.0000   1.0000   1.0000
beta m=1 occupations
   1.0000
EDIIS+DIIS step
Evaluated energy -525.3813674248 (change from lowest -2.651139e-03)
Density matrix difference 1.822116e-03 between lowest-energy and newest entry


Iteration 7: 7 Fock evaluations energy -525.3813674248 change -2.651139e-03 DIIS error vector rms norm 2.182284e-04
History size 7
alpha m=-1 occupations
   1.0000   1.0000
alpha m=0 occupations
   1.0000   1.0000   1.0000   1.0000   1.0000   1.0000
alpha m=1 occupations
   1.0000   1.0000   1.0000
alpha m=2 occupations
   1.0000
beta m=-1 occupations
   1.0000
beta m=0 occupations
   1.0000   1.0000   1.0000   1.0000
beta m=1 occupations
   1.0000
EDIIS+DIIS step
Evaluated energy -525.3811152968 (change from lowest 2.521280e-04)
Density matrix difference 1.748522e-04 between lowest-energy and newest entry


Iteration 8: 8 Fock evaluations energy -525.3813674248 change  0.000000e+00 DIIS error vector rms norm 2.182284e-04
History size 8
alpha m=-1 occupations
   1.0000   1.0000
alpha m=0 occupations
   1.0000   1.0000   1.0000   1.0000   1.0000   1.0000
alpha m=1 occupations
   1.0000   1.0000   1.0000
alpha m=2 occupations
   1.0000
beta m=-1 occupations
   1.0000
beta m=0 occupations
   1.0000   1.0000   1.0000   1.0000
beta m=1 occupations
   1.0000
EDIIS+DIIS step
Evaluated energy -525.3811286409 (change from lowest 2.387839e-04)
Density matrix difference 1.656199e-04 between lowest-energy and newest entry


Iteration 9: 9 Fock evaluations energy -525.3813674248 change  0.000000e+00 DIIS error vector rms norm 2.182284e-04
History size 9
alpha m=-1 occupations
   1.0000   1.0000
alpha m=0 occupations
   1.0000   1.0000   1.0000   1.0000   1.0000   1.0000
alpha m=1 occupations
   1.0000   1.0000   1.0000
alpha m=2 occupations
   1.0000
beta m=-1 occupations
   1.0000
beta m=0 occupations
   1.0000   1.0000   1.0000   1.0000
beta m=1 occupations
   1.0000
EDIIS+DIIS step
Evaluated energy -525.3811321467 (change from lowest 2.352781e-04)
Density matrix difference 1.631939e-04 between lowest-energy and newest entry


Iteration 10: 10 Fock evaluations energy -525.3813674248 change  0.000000e+00 DIIS error vector rms norm 2.182284e-04
History size 10
alpha m=-1 occupations
   1.0000   1.0000
alpha m=0 occupations
   1.0000   1.0000   1.0000   1.0000   1.0000   1.0000
alpha m=1 occupations
   1.0000   1.0000   1.0000
alpha m=2 occupations
   1.0000
beta m=-1 occupations
   1.0000
beta m=0 occupations
   1.0000   1.0000   1.0000   1.0000
beta m=1 occupations
   1.0000
EDIIS+DIIS step
Evaluated energy -525.3811335774 (change from lowest 2.338474e-04)
Density matrix difference 1.622037e-04 between lowest-energy and newest entry


Iteration 11: 11 Fock evaluations energy -525.3813674248 change  0.000000e+00 DIIS error vector rms norm 2.182284e-04
History size 10
alpha m=-1 occupations
   1.0000   1.0000
alpha m=0 occupations
   1.0000   1.0000   1.0000   1.0000   1.0000   1.0000
alpha m=1 occupations
   1.0000   1.0000   1.0000
alpha m=2 occupations
   1.0000
beta m=-1 occupations
   1.0000
beta m=0 occupations
   1.0000   1.0000   1.0000   1.0000
beta m=1 occupations
   1.0000
EDIIS+DIIS step
Evaluated energy -525.3811343022 (change from lowest 2.331226e-04)
Density matrix difference 1.617021e-04 between lowest-energy and newest entry


Iteration 12: 12 Fock evaluations energy -525.3813674248 change  0.000000e+00 DIIS error vector rms norm 2.182284e-04
History size 10
alpha m=-1 occupations
   1.0000   1.0000
alpha m=0 occupations
   1.0000   1.0000   1.0000   1.0000   1.0000   1.0000
alpha m=1 occupations
   1.0000   1.0000   1.0000
alpha m=2 occupations
   1.0000
beta m=-1 occupations
   1.0000
beta m=0 occupations
   1.0000   1.0000   1.0000   1.0000
beta m=1 occupations
   1.0000
Switching to optimal damping for next iterations
EDIIS+DIIS step
Evaluated energy -525.3805740444 (change from lowest 7.933804e-04)
Density matrix difference 5.610214e-04 between lowest-energy and newest entry


Iteration 13: 13 Fock evaluations energy -525.3813674248 change  0.000000e+00 DIIS error vector rms norm 2.182284e-04
History size 10
alpha m=-1 occupations
   1.0000   1.0000
alpha m=0 occupations
   1.0000   1.0000   1.0000   1.0000   1.0000   1.0000
alpha m=1 occupations
   1.0000   1.0000   1.0000
alpha m=2 occupations
   1.0000
beta m=-1 occupations
   1.0000
beta m=0 occupations
   1.0000   1.0000   1.0000   1.0000
beta m=1 occupations
   1.0000
Switching to optimal damping for next iterations
EDIIS+DIIS step
Evaluated energy -525.3806475316 (change from lowest 7.198932e-04)
Density matrix difference 5.178889e-04 between lowest-energy and newest entry


Iteration 14: 14 Fock evaluations energy -525.3813674248 change  0.000000e+00 DIIS error vector rms norm 2.182284e-04
History size 10
alpha m=-1 occupations
   1.0000   1.0000
alpha m=0 occupations
   1.0000   1.0000   1.0000   1.0000   1.0000   1.0000
alpha m=1 occupations
   1.0000   1.0000   1.0000
alpha m=2 occupations
   1.0000
beta m=-1 occupations
   1.0000
beta m=0 occupations
   1.0000   1.0000   1.0000   1.0000
beta m=1 occupations
   1.0000
Switching to optimal damping for next iterations
EDIIS+DIIS step
Evaluated energy -525.3817396707 (change from lowest -3.722459e-04)
Density matrix difference 7.612877e-04 between lowest-energy and newest entry


Iteration 15: 15 Fock evaluations energy -525.3817396707 change -3.722459e-04 DIIS error vector rms norm 2.141455e-04
History size 10
alpha m=-1 occupations
   1.0000   1.0000
alpha m=0 occupations
   1.0000   1.0000   1.0000   1.0000   1.0000   1.0000
alpha m=1 occupations
   1.0000   1.0000   1.0000
alpha m=2 occupations
   1.0000
beta m=-1 occupations
   1.0000
beta m=0 occupations
   1.0000   1.0000   1.0000   1.0000
beta m=1 occupations
   1.0000
EDIIS+DIIS step
Evaluated energy -525.3818949562 (change from lowest -1.552855e-04)
Density matrix difference 1.074558e-04 between lowest-energy and newest entry


Iteration 16: 16 Fock evaluations energy -525.3818949562 change -1.552855e-04 DIIS error vector rms norm 2.146774e-04
History size 10
alpha m=-1 occupations
   1.0000   1.0000
alpha m=0 occupations
   1.0000   1.0000   1.0000   1.0000   1.0000   1.0000
alpha m=1 occupations
   1.0000   1.0000   1.0000
alpha m=2 occupations
   1.0000
beta m=-1 occupations
   1.0000
beta m=0 occupations
   1.0000   1.0000   1.0000   1.0000
beta m=1 occupations
   1.0000
EDIIS+DIIS step
Evaluated energy -525.3841671112 (change from lowest -2.272155e-03)
Density matrix difference 1.548999e-03 between lowest-energy and newest entry


Iteration 17: 17 Fock evaluations energy -525.3841671112 change -2.272155e-03 DIIS error vector rms norm 2.187613e-04
History size 10
alpha m=-1 occupations
   1.0000   1.0000
alpha m=0 occupations
   1.0000   1.0000   1.0000   1.0000   1.0000   1.0000
alpha m=1 occupations
   1.0000   1.0000   1.0000
alpha m=2 occupations
   1.0000
beta m=-1 occupations
   1.0000
beta m=0 occupations
   1.0000   1.0000   1.0000   1.0000
beta m=1 occupations
   1.0000
EDIIS+DIIS step
Evaluated energy -525.3828916630 (change from lowest 1.275448e-03)
Density matrix difference 8.768647e-04 between lowest-energy and newest entry


Iteration 18: 18 Fock evaluations energy -525.3841671112 change  0.000000e+00 DIIS error vector rms norm 2.187613e-04
History size 10
alpha m=-1 occupations
   1.0000   1.0000
alpha m=0 occupations
   1.0000   1.0000   1.0000   1.0000   1.0000   1.0000
alpha m=1 occupations
   1.0000   1.0000   1.0000
alpha m=2 occupations
   1.0000
beta m=-1 occupations
   1.0000
beta m=0 occupations
   1.0000   1.0000   1.0000   1.0000
beta m=1 occupations
   1.0000
EDIIS+DIIS step
Evaluated energy -525.3828277910 (change from lowest 1.339320e-03)
Density matrix difference 9.197827e-04 between lowest-energy and newest entry


Iteration 19: 19 Fock evaluations energy -525.3841671112 change  0.000000e+00 DIIS error vector rms norm 2.187613e-04
History size 10
alpha m=-1 occupations
   1.0000   1.0000
alpha m=0 occupations
   1.0000   1.0000   1.0000   1.0000   1.0000   1.0000
alpha m=1 occupations
   1.0000   1.0000   1.0000
alpha m=2 occupations
   1.0000
beta m=-1 occupations
   1.0000
beta m=0 occupations
   1.0000   1.0000   1.0000   1.0000
beta m=1 occupations
   1.0000
EDIIS+DIIS step
Evaluated energy -525.3827800286 (change from lowest 1.387083e-03)
Density matrix difference 9.514630e-04 between lowest-energy and newest entry


Iteration 20: 20 Fock evaluations energy -525.3841671112 change  0.000000e+00 DIIS error vector rms norm 2.187613e-04
History size 10
alpha m=-1 occupations
   1.0000   1.0000
alpha m=0 occupations
   1.0000   1.0000   1.0000   1.0000   1.0000   1.0000
alpha m=1 occupations
   1.0000   1.0000   1.0000
alpha m=2 occupations
   1.0000
beta m=-1 occupations
   1.0000
beta m=0 occupations
   1.0000   1.0000   1.0000   1.0000
beta m=1 occupations
   1.0000
EDIIS+DIIS step
Evaluated energy -525.3827257099 (change from lowest 1.441401e-03)
Density matrix difference 9.872124e-04 between lowest-energy and newest entry


Iteration 21: 21 Fock evaluations energy -525.3841671112 change  0.000000e+00 DIIS error vector rms norm 2.187613e-04
History size 10
alpha m=-1 occupations
   1.0000   1.0000
alpha m=0 occupations
   1.0000   1.0000   1.0000   1.0000   1.0000   1.0000
alpha m=1 occupations
   1.0000   1.0000   1.0000
alpha m=2 occupations
   1.0000
beta m=-1 occupations
   1.0000
beta m=0 occupations
   1.0000   1.0000   1.0000   1.0000
beta m=1 occupations
   1.0000
EDIIS+DIIS step
Evaluated energy -525.3826446756 (change from lowest 1.522436e-03)
Density matrix difference 1.040410e-03 between lowest-energy and newest entry


Iteration 22: 22 Fock evaluations energy -525.3841671112 change  0.000000e+00 DIIS error vector rms norm 2.187613e-04
History size 10
alpha m=-1 occupations
   1.0000   1.0000
alpha m=0 occupations
   1.0000   1.0000   1.0000   1.0000   1.0000   1.0000
alpha m=1 occupations
   1.0000   1.0000   1.0000
alpha m=2 occupations
   1.0000
beta m=-1 occupations
   1.0000
beta m=0 occupations
   1.0000   1.0000   1.0000   1.0000
beta m=1 occupations
   1.0000
Switching to optimal damping for next iterations
EDIIS+DIIS step
Evaluated energy -525.3824917056 (change from lowest 1.675406e-03)
Density matrix difference 1.140907e-03 between lowest-energy and newest entry


Iteration 23: 23 Fock evaluations energy -525.3841671112 change  0.000000e+00 DIIS error vector rms norm 2.187613e-04
History size 10
alpha m=-1 occupations
   1.0000   1.0000
alpha m=0 occupations
   1.0000   1.0000   1.0000   1.0000   1.0000   1.0000
alpha m=1 occupations
   1.0000   1.0000   1.0000
alpha m=2 occupations
   1.0000
beta m=-1 occupations
   1.0000
beta m=0 occupations
   1.0000   1.0000   1.0000   1.0000
beta m=1 occupations
   1.0000
Switching to optimal damping for next iterations
EDIIS+DIIS step
Evaluated energy -525.3833074500 (change from lowest 8.596612e-04)
Density matrix difference 5.822082e-04 between lowest-energy and newest entry


Iteration 24: 24 Fock evaluations energy -525.3841671112 change  0.000000e+00 DIIS error vector rms norm 2.187613e-04
History size 10
alpha m=-1 occupations
   1.0000   1.0000
alpha m=0 occupations
   1.0000   1.0000   1.0000   1.0000   1.0000   1.0000
alpha m=1 occupations
   1.0000   1.0000   1.0000
alpha m=2 occupations
   1.0000
beta m=-1 occupations
   1.0000
beta m=0 occupations
   1.0000   1.0000   1.0000   1.0000
beta m=1 occupations
   1.0000
Switching to optimal damping for next iterations
EDIIS+DIIS step
Evaluated energy -525.3845124459 (change from lowest -3.453347e-04)
Density matrix difference 8.229635e-04 between lowest-energy and newest entry


Iteration 25: 25 Fock evaluations energy -525.3845124459 change -3.453347e-04 DIIS error vector rms norm 2.193737e-04
History size 10
alpha m=-1 occupations
   1.0000   1.0000
alpha m=0 occupations
   1.0000   1.0000   1.0000   1.0000   1.0000   1.0000
alpha m=1 occupations
   1.0000   1.0000   1.0000
alpha m=2 occupations
   1.0000
beta m=-1 occupations
   1.0000
beta m=0 occupations
   1.0000   1.0000   1.0000   1.0000
beta m=1 occupations
   1.0000
EDIIS+DIIS step
Evaluated energy -525.3844362114 (change from lowest 7.623453e-05)
Density matrix difference 5.657449e-05 between lowest-energy and newest entry


Iteration 26: 26 Fock evaluations energy -525.3845124459 change  0.000000e+00 DIIS error vector rms norm 2.193737e-04
History size 10
alpha m=-1 occupations
   1.0000   1.0000
alpha m=0 occupations
   1.0000   1.0000   1.0000   1.0000   1.0000   1.0000
alpha m=1 occupations
   1.0000   1.0000   1.0000
alpha m=2 occupations
   1.0000
beta m=-1 occupations
   1.0000
beta m=0 occupations
   1.0000   1.0000   1.0000   1.0000
beta m=1 occupations
   1.0000
EDIIS+DIIS step
Evaluated energy -525.3847170312 (change from lowest -2.045852e-04)
Density matrix difference 1.910987e-04 between lowest-energy and newest entry


Iteration 27: 27 Fock evaluations energy -525.3847170312 change -2.045852e-04 DIIS error vector rms norm 2.195744e-04
History size 10
alpha m=-1 occupations
   1.0000   1.0000
alpha m=0 occupations
   1.0000   1.0000   1.0000   1.0000   1.0000   1.0000
alpha m=1 occupations
   1.0000   1.0000   1.0000
alpha m=2 occupations
   1.0000
beta m=-1 occupations
   1.0000
beta m=0 occupations
   1.0000   1.0000   1.0000   1.0000
beta m=1 occupations
   1.0000
EDIIS+DIIS step
Evaluated energy -525.3844451619 (change from lowest 2.718693e-04)
Density matrix difference 1.872184e-04 between lowest-energy and newest entry


Iteration 28: 28 Fock evaluations energy -525.3847170312 change  0.000000e+00 DIIS error vector rms norm 2.195744e-04
History size 10
alpha m=-1 occupations
   1.0000   1.0000
alpha m=0 occupations
   1.0000   1.0000   1.0000   1.0000   1.0000   1.0000
alpha m=1 occupations
   1.0000   1.0000   1.0000
alpha m=2 occupations
   1.0000
beta m=-1 occupations
   1.0000
beta m=0 occupations
   1.0000   1.0000   1.0000   1.0000
beta m=1 occupations
   1.0000
EDIIS+DIIS step
Evaluated energy -525.3843536070 (change from lowest 3.634241e-04)
Density matrix difference 2.498094e-04 between lowest-energy and newest entry


Iteration 29: 29 Fock evaluations energy -525.3847170312 change  0.000000e+00 DIIS error vector rms norm 2.195744e-04
History size 10
alpha m=-1 occupations
   1.0000   1.0000
alpha m=0 occupations
   1.0000   1.0000   1.0000   1.0000   1.0000   1.0000
alpha m=1 occupations
   1.0000   1.0000   1.0000
alpha m=2 occupations
   1.0000
beta m=-1 occupations
   1.0000
beta m=0 occupations
   1.0000   1.0000   1.0000   1.0000
beta m=1 occupations
   1.0000
EDIIS+DIIS step
Evaluated energy -525.3844627419 (change from lowest 2.542893e-04)
Density matrix difference 1.737478e-04 between lowest-energy and newest entry


Iteration 30: 30 Fock evaluations energy -525.3847170312 change  0.000000e+00 DIIS error vector rms norm 2.195744e-04
History size 10
alpha m=-1 occupations
   1.0000   1.0000
alpha m=0 occupations
   1.0000   1.0000   1.0000   1.0000   1.0000   1.0000
alpha m=1 occupations
   1.0000   1.0000   1.0000
alpha m=2 occupations
   1.0000
beta m=-1 occupations
   1.0000
beta m=0 occupations
   1.0000   1.0000   1.0000   1.0000
beta m=1 occupations
   1.0000
EDIIS+DIIS step
Evaluated energy -525.3847145953 (change from lowest 2.435884e-06)
Density matrix difference 8.067793e-06 between lowest-energy and newest entry


Iteration 31: 31 Fock evaluations energy -525.3847170312 change  0.000000e+00 DIIS error vector rms norm 2.195744e-04
History size 10
alpha m=-1 occupations
   1.0000   1.0000
alpha m=0 occupations
   1.0000   1.0000   1.0000   1.0000   1.0000   1.0000
alpha m=1 occupations
   1.0000   1.0000   1.0000
alpha m=2 occupations
   1.0000
beta m=-1 occupations
   1.0000
beta m=0 occupations
   1.0000   1.0000   1.0000   1.0000
beta m=1 occupations
   1.0000
EDIIS+DIIS step
Evaluated energy -525.3851332238 (change from lowest -4.161926e-04)
Density matrix difference 2.889197e-04 between lowest-energy and newest entry


Iteration 32: 32 Fock evaluations energy -525.3851332238 change -4.161926e-04 DIIS error vector rms norm 2.201612e-04
History size 10
alpha m=-1 occupations
   1.0000   1.0000
alpha m=0 occupations
   1.0000   1.0000   1.0000   1.0000   1.0000   1.0000
alpha m=1 occupations
   1.0000   1.0000   1.0000
alpha m=2 occupations
   1.0000
beta m=-1 occupations
   1.0000
beta m=0 occupations
   1.0000   1.0000   1.0000   1.0000
beta m=1 occupations
   1.0000
EDIIS+DIIS step
Evaluated energy -525.3858054156 (change from lowest -6.721917e-04)
Density matrix difference 4.624538e-04 between lowest-energy and newest entry


Iteration 33: 33 Fock evaluations energy -525.3858054156 change -6.721917e-04 DIIS error vector rms norm 2.208695e-04
History size 10
alpha m=-1 occupations
   1.0000   1.0000
alpha m=0 occupations
   1.0000   1.0000   1.0000   1.0000   1.0000   1.0000
alpha m=1 occupations
   1.0000   1.0000   1.0000
alpha m=2 occupations
   1.0000
beta m=-1 occupations
   1.0000
beta m=0 occupations
   1.0000   1.0000   1.0000   1.0000
beta m=1 occupations
   1.0000
EDIIS+DIIS step
Evaluated energy -525.3869824578 (change from lowest -1.177042e-03)
Density matrix difference 8.079550e-04 between lowest-energy and newest entry


Iteration 34: 34 Fock evaluations energy -525.3869824578 change -1.177042e-03 DIIS error vector rms norm 2.216302e-04
History size 10
alpha m=-1 occupations
   1.0000   1.0000
alpha m=0 occupations
   1.0000   1.0000   1.0000   1.0000   1.0000   1.0000
alpha m=1 occupations
   1.0000   1.0000   1.0000
alpha m=2 occupations
   1.0000
beta m=-1 occupations
   1.0000
beta m=0 occupations
   1.0000   1.0000   1.0000   1.0000
beta m=1 occupations
   1.0000
EDIIS+DIIS step
Evaluated energy -525.3871751374 (change from lowest -1.926796e-04)
Density matrix difference 1.307443e-04 between lowest-energy and newest entry


Iteration 35: 35 Fock evaluations energy -525.3871751374 change -1.926796e-04 DIIS error vector rms norm 2.216580e-04
History size 10
alpha m=-1 occupations
   1.0000   1.0000
alpha m=0 occupations
   1.0000   1.0000   1.0000   1.0000   1.0000   1.0000
alpha m=1 occupations
   1.0000   1.0000   1.0000
alpha m=2 occupations
   1.0000
beta m=-1 occupations
   1.0000
beta m=0 occupations
   1.0000   1.0000   1.0000   1.0000
beta m=1 occupations
   1.0000
EDIIS+DIIS step
Evaluated energy -525.3868673240 (change from lowest 3.078134e-04)
Density matrix difference 2.131246e-04 between lowest-energy and newest entry


Iteration 36: 36 Fock evaluations energy -525.3871751374 change  0.000000e+00 DIIS error vector rms norm 2.216580e-04
History size 10
alpha m=-1 occupations
   1.0000   1.0000
alpha m=0 occupations
   1.0000   1.0000   1.0000   1.0000   1.0000   1.0000
alpha m=1 occupations
   1.0000   1.0000   1.0000
alpha m=2 occupations
   1.0000
beta m=-1 occupations
   1.0000
beta m=0 occupations
   1.0000   1.0000   1.0000   1.0000
beta m=1 occupations
   1.0000
EDIIS+DIIS step
Evaluated energy -525.3868959682 (change from lowest 2.791692e-04)
Density matrix difference 1.930775e-04 between lowest-energy and newest entry


Iteration 37: 37 Fock evaluations energy -525.3871751374 change  0.000000e+00 DIIS error vector rms norm 2.216580e-04
History size 10
alpha m=-1 occupations
   1.0000   1.0000
alpha m=0 occupations
   1.0000   1.0000   1.0000   1.0000   1.0000   1.0000
alpha m=1 occupations
   1.0000   1.0000   1.0000
alpha m=2 occupations
   1.0000
beta m=-1 occupations
   1.0000
beta m=0 occupations
   1.0000   1.0000   1.0000   1.0000
beta m=1 occupations
   1.0000
EDIIS+DIIS step
Evaluated energy -525.3869548508 (change from lowest 2.202866e-04)
Density matrix difference 1.519100e-04 between lowest-energy and newest entry


Iteration 38: 38 Fock evaluations energy -525.3871751374 change  0.000000e+00 DIIS error vector rms norm 2.216580e-04
History size 10
alpha m=-1 occupations
   1.0000   1.0000
alpha m=0 occupations
   1.0000   1.0000   1.0000   1.0000   1.0000   1.0000
alpha m=1 occupations
   1.0000   1.0000   1.0000
alpha m=2 occupations
   1.0000
beta m=-1 occupations
   1.0000
beta m=0 occupations
   1.0000   1.0000   1.0000   1.0000
beta m=1 occupations
   1.0000
EDIIS+DIIS step
Evaluated energy -525.3873155164 (change from lowest -1.403790e-04)
Density matrix difference 2.498946e-04 between lowest-energy and newest entry


Iteration 39: 39 Fock evaluations energy -525.3873155164 change -1.403790e-04 DIIS error vector rms norm 2.217041e-04
History size 10
alpha m=-1 occupations
   1.0000   1.0000
alpha m=0 occupations
   1.0000   1.0000   1.0000   1.0000   1.0000   1.0000
alpha m=1 occupations
   1.0000   1.0000   1.0000
alpha m=2 occupations
   1.0000
beta m=-1 occupations
   1.0000
beta m=0 occupations
   1.0000   1.0000   1.0000   1.0000
beta m=1 occupations
   1.0000
EDIIS+DIIS step
Evaluated energy -525.3879261703 (change from lowest -6.106539e-04)
Density matrix difference 4.226319e-04 between lowest-energy and newest entry


Iteration 40: 40 Fock evaluations energy -525.3879261703 change -6.106539e-04 DIIS error vector rms norm 2.218735e-04
History size 10
alpha m=-1 occupations
   1.0000   1.0000
alpha m=0 occupations
   1.0000   1.0000   1.0000   1.0000   1.0000   1.0000
alpha m=1 occupations
   1.0000   1.0000   1.0000
alpha m=2 occupations
   1.0000
beta m=-1 occupations
   1.0000
beta m=0 occupations
   1.0000   1.0000   1.0000   1.0000
beta m=1 occupations
   1.0000
EDIIS+DIIS step
Evaluated energy -525.3886894554 (change from lowest -7.632851e-04)
Density matrix difference 5.285030e-04 between lowest-energy and newest entry


Iteration 41: 41 Fock evaluations energy -525.3886894554 change -7.632851e-04 DIIS error vector rms norm 2.218706e-04
History size 10
alpha m=-1 occupations
   1.0000   1.0000
alpha m=0 occupations
   1.0000   1.0000   1.0000   1.0000   1.0000   1.0000
alpha m=1 occupations
   1.0000   1.0000   1.0000
alpha m=2 occupations
   1.0000
beta m=-1 occupations
   1.0000
beta m=0 occupations
   1.0000   1.0000   1.0000   1.0000
beta m=1 occupations
   1.0000
EDIIS+DIIS step
Evaluated energy -525.3895737092 (change from lowest -8.842538e-04)
Density matrix difference 6.138355e-04 between lowest-energy and newest entry


Iteration 42: 42 Fock evaluations energy -525.3895737092 change -8.842538e-04 DIIS error vector rms norm 2.215546e-04
History size 10
alpha m=-1 occupations
   1.0000   1.0000
alpha m=0 occupations
   1.0000   1.0000   1.0000   1.0000   1.0000   1.0000
alpha m=1 occupations
   1.0000   1.0000   1.0000
alpha m=2 occupations
   1.0000
beta m=-1 occupations
   1.0000
beta m=0 occupations
   1.0000   1.0000   1.0000   1.0000
beta m=1 occupations
   1.0000
EDIIS+DIIS step
Evaluated energy -525.3905873532 (change from lowest -1.013644e-03)
Density matrix difference 7.072866e-04 between lowest-energy and newest entry


Iteration 43: 43 Fock evaluations energy -525.3905873532 change -1.013644e-03 DIIS error vector rms norm 2.207720e-04
History size 10
alpha m=-1 occupations
   1.0000   1.0000
alpha m=0 occupations
   1.0000   1.0000   1.0000   1.0000   1.0000   1.0000
alpha m=1 occupations
   1.0000   1.0000   1.0000
alpha m=2 occupations
   1.0000
beta m=-1 occupations
   1.0000
beta m=0 occupations
   1.0000   1.0000   1.0000   1.0000
beta m=1 occupations
   1.0000
EDIIS+DIIS step
Evaluated energy -525.3918123429 (change from lowest -1.224990e-03)
Density matrix difference 8.618721e-04 between lowest-energy and newest entry


Iteration 44: 44 Fock evaluations energy -525.3918123429 change -1.224990e-03 DIIS error vector rms norm 2.192225e-04
History size 10
alpha m=-1 occupations
   1.0000   1.0000
alpha m=0 occupations
   1.0000   1.0000   1.0000   1.0000   1.0000   1.0000
alpha m=1 occupations
   1.0000   1.0000   1.0000
alpha m=2 occupations
   1.0000
beta m=-1 occupations
   1.0000
beta m=0 occupations
   1.0000   1.0000   1.0000   1.0000
beta m=1 occupations
   1.0000
EDIIS+DIIS step
Evaluated energy -525.3936174636 (change from lowest -1.805121e-03)
Density matrix difference 1.288643e-03 between lowest-energy and newest entry


Iteration 45: 45 Fock evaluations energy -525.3936174636 change -1.805121e-03 DIIS error vector rms norm 2.155897e-04
History size 10
alpha m=-1 occupations
   1.0000   1.0000
alpha m=0 occupations
   1.0000   1.0000   1.0000   1.0000   1.0000   1.0000
alpha m=1 occupations
   1.0000   1.0000   1.0000
alpha m=2 occupations
   1.0000
beta m=-1 occupations
   1.0000
beta m=0 occupations
   1.0000   1.0000   1.0000   1.0000
beta m=1 occupations
   1.0000
EDIIS+DIIS step
Evaluated energy -525.3973727032 (change from lowest -3.755240e-03)
Density matrix difference 2.796632e-03 between lowest-energy and newest entry


Iteration 46: 46 Fock evaluations energy -525.3973727032 change -3.755240e-03 DIIS error vector rms norm 2.011966e-04
History size 10
alpha m=-1 occupations
   1.0000   1.0000
alpha m=0 occupations
   1.0000   1.0000   1.0000   1.0000   1.0000   1.0000
alpha m=1 occupations
   1.0000   1.0000   1.0000
alpha m=2 occupations
   1.0000
beta m=-1 occupations
   1.0000
beta m=0 occupations
   1.0000   1.0000   1.0000   1.0000
beta m=1 occupations
   1.0000
EDIIS+DIIS step
Evaluated energy -525.4046706437 (change from lowest -7.297940e-03)
Density matrix difference 6.636130e-03 between lowest-energy and newest entry


Iteration 47: 47 Fock evaluations energy -525.4046706437 change -7.297940e-03 DIIS error vector rms norm 1.420883e-04
History size 10
alpha m=-1 occupations
   1.0000   1.0000
alpha m=0 occupations
   1.0000   1.0000   1.0000   1.0000   1.0000   1.0000
alpha m=1 occupations
   1.0000   1.0000   1.0000
alpha m=2 occupations
   1.0000
beta m=-1 occupations
   1.0000
beta m=0 occupations
   1.0000   1.0000   1.0000   1.0000
beta m=1 occupations
   1.0000
EDIIS+DIIS step
Evaluated energy -525.4056391443 (change from lowest -9.685006e-04)
Density matrix difference 1.277497e-03 between lowest-energy and newest entry


Iteration 48: 48 Fock evaluations energy -525.4056391443 change -9.685006e-04 DIIS error vector rms norm 1.533032e-04
History size 10
alpha m=-1 occupations
   1.0000   1.0000
alpha m=0 occupations
   1.0000   1.0000   1.0000   1.0000   1.0000   1.0000
alpha m=1 occupations
   1.0000   1.0000   1.0000
alpha m=2 occupations
   1.0000
beta m=-1 occupations
   1.0000
beta m=0 occupations
   1.0000   1.0000   1.0000   1.0000
beta m=1 occupations
   1.0000
EDIIS+DIIS step
Evaluated energy -525.4087127784 (change from lowest -3.073634e-03)
Density matrix difference 6.013157e-03 between lowest-energy and newest entry


Iteration 49: 49 Fock evaluations energy -525.4087127784 change -3.073634e-03 DIIS error vector rms norm 8.422592e-05
History size 10
alpha m=-1 occupations
   1.0000   1.0000
alpha m=0 occupations
   1.0000   1.0000   1.0000   1.0000   1.0000   1.0000
alpha m=1 occupations
   1.0000   1.0000   1.0000
alpha m=2 occupations
   1.0000
beta m=-1 occupations
   1.0000
beta m=0 occupations
   1.0000   1.0000   1.0000   1.0000
beta m=1 occupations
   1.0000
DIIS step
Evaluated energy -525.4089183745 (change from lowest -2.055961e-04)
Density matrix difference 1.039437e-03 between lowest-energy and newest entry


Iteration 50: 50 Fock evaluations energy -525.4089183745 change -2.055961e-04 DIIS error vector rms norm 1.706249e-05
History size 10
alpha m=-1 occupations
   1.0000   1.0000
alpha m=0 occupations
   1.0000   1.0000   1.0000   1.0000   1.0000   1.0000
alpha m=1 occupations
   1.0000   1.0000   1.0000
alpha m=2 occupations
   1.0000
beta m=-1 occupations
   1.0000
beta m=0 occupations
   1.0000   1.0000   1.0000   1.0000
beta m=1 occupations
   1.0000
DIIS step
Evaluated energy -525.4089662040 (change from lowest -4.782942e-05)
Density matrix difference 7.292639e-04 between lowest-energy and newest entry

Running program took 2 min 56.87 s.
