ERKALE - HF/DFT from Hel, OpenMP version, running on 8 cores.
(c) Susi Lehtola, 2010-2016.

This program is free software; you can redistribute it and/or modify
it under the terms of the GNU General Public License as published by
the Free Software Foundation; either version 2 of the License, or
(at your option) any later version.

Running on host silver.

Current time is Sun 25 Jan 2026 09:20:24.

Current Settings used by ERKALE:
     AtomGuess      	                Auto	Method used for atomic guess (Auto for same as method)
     Basis          	           AHGBSP1-5	Basis set used in calculation
     BasisCutoff    	           1.000e-08	Cutoff for dropping out small primitives from contraction
     BasisOrth      	                Auto	Method of orthonormalization of basis set
     BasisRotate    	               false	Rotate basis set to remove redundant functions?
     Charge         	                   0	Total charge of system
     CholDepThresh  	           1.000e-07	Partial Cholesky decomposition threshold
     Cholesky       	                true	Use Cholesky decomposition?
     CholeskyMode   	                   0	Save/load integrals? 0 no, 1 save, -1 load
     CholeskyNAFThr 	           0.000e+00	Cholesky natural auxiliary function threshold
     CholeskyShThr  	           1.000e-02	Cholesky cache threshold
     CholeskyThr    	           1.000e-07	Cholesky decomposition threshold
     Complexbas     	                true	Use complex basis?
     Confinement    	         0.0 0.0 0.0	Confinement potential V(r) = V_i x_i^2
     ConvThr        	           1.000e-06	Orbital gradient convergence threshold
     DFTBasisThr    	           1.000e-10	Threshold for screening basis functions on grid
     DFTCpars       	                    	Override parameters of correlation functional (expert)
     DFTDelta       	           1.000e+02	Switch to final DFT grid has converged within factor X
     DFTDensityThr  	           1.000e-10	Threshold for screening density on grid
     DFTFinalTol    	           1.000e-05	Tolerance of final DFT grid
     DFTGrid        	             75 -302	DFT integration grid to use: nrad lmax or Auto for adaptive
     DFTInitialTol  	           1.000e-04	Tolerance of initial DFT grid
     DFTLobatto     	               false	Use Lobatto quadrature instead of Lebedev quadrature?
     DFTQuadThresh  	           2.220e-16	Threshold for pruning points with small quadrature weight
     DFTXpars       	                    	Override parameters of exchange functional (expert)
     DIISComb       	               false	Combine alpha and beta errors in unrestricted calcs?
     DIISEps        	           1.000e-01	Start mixing in DIIS when error is
     DIISOrder      	                  10	How many DIIS iterations to keep in memory?
     DIISThr        	           1.000e-02	DIIS error threshold for DIIS updates
     DecFock        	               false	Use decontracted basis to calculate Fock matrix (direct HF)
     Decontract     	                   *	Indices of atoms to decontract basis set for
     DensityFitting 	               false	Use density fitting / RI?
     Direct         	               false	Calculate two-electron integrals (or density fitting) on-the-fly?
     EField         	         0.0 0.0 0.0	Electric field
     ErrorNorm      	                 rms	Error norm to use in the SCF code
     FittingBasis   	                Auto	Basis to use for density fitting / RI (Auto for automatic)
     FittingCholeskyThreshold	           1.000e-08	Linear dependence threshold for pivoted Cholesky of Coulomb integrals in density fitting
     FittingMemory  	                1000	Amount of memory in MB to use for exchange fitting
     FittingThreshold	           1.000e-07	Linear dependence threshold for Coulomb integrals in density fitting
     Guess          	              sapfit	Used guess: SAD (default), SADNO, core, GWH, SAP, or SAPfit
     InitConvThr    	           1.000e-05	Initialization convergence threshold
     InputBohr      	               false	Use atomic units as input units instead of angstrom?
     IntegralThresh 	           1.000e-10	Integral screening threshold
     Kgwh           	           1.750e+00	Scaling constant for GWH
     LinDepThresh   	           1.000e-05	Basis set linear dependency threshold
     LinearB        	           3.600e-01	Magnetic field along bond axis
     LinearFreeze   	               false	If using linear symmetry, freeze symmetry to input guess
     LinearOccupationFile	      ../../F_4.occs	File to read linear occupations from
     LinearOccupations	                  -1	Read in occupations for linear molecule calculations?
     LinearSymmetry 	                true	Do special calculation on linear molecule along z axis
     LoadChk        	                    	Checkpoint file to load from
     Logfile        	          erkale.log	File to print out full information, stdout for screen
     MaxInitIter    	                  50	Maximum number of iterations in the stepwise solutions
     MaxIter        	                 100	Maximum number of iterations in SCF cycle
     Method         	                  HF	Method used in calculation (HF or a DFT functional)
     Multiplicity   	                   4	Spin multiplicity
     NLGrid         	             50 -194	Integration grid to use for nonlocal correlation: nrad lmax
     Occupancies    	                    	Orbital occupancies
     OptLM          	               false	If spherical harmonics used, use cartesian s and p functions?
     PZ             	               false	Perform Perdew-Zunger self-interaction correction?
     PZEthr         	           1.000e-10	Threshold for energy convergence
     PZIthr         	           1.000e-02	Threshold for initialization convergence (not too small!)
     PZNRthr        	           0.000e+00	Threshold for use of NR method in OO optimization
     PZOOthr        	           1.000e-04	Gradient threshold for OO optimization
     PZOVthr        	           1.000e-05	Gradient threshold for OV optimization
     PZimag         	                Auto	Imaginary degrees of freedom in PZ?
     PZiter         	                  20	Max number of iterations in self-consistency iteration
     PZloc          	                Auto	Initial localization before SIC calculation?
     PZlocmet       	                  FB	Initial localization method (recommend FB or IAO)
     PZmode         	                  XC	Apply PZ to the operators (in addition to J): X C D
     PZoo           	                true	Optimize OO block?
     PZov           	                true	Optimize OV block?
     PZprec         	                   1	Precondition OV block? 0: no, 1: unified, 2: orbital
     PZrand         	                true	Apply random rotation in PZ initialization? (Should be true)
     PZscale        	            Constant	Scaling for PZ: Constant, Density or Kinetic
     PZscaleExp     	           1.000e+00	Exponent in the dynamic scaling equation
     PZseed         	                   0	Seed number for randomized matrices?
     PZstab         	                   0	Stability analysis for PZ-SIC? 1 or -1 for OO, 2 or -2 for OO+OV
     PZstabThr      	           1.000e-03	Instability threshold (interpreted as -thr)
     PZw            	           1.000e+00	Weight for Perdew-Zunger self-interaction correction
     Restricted     	               false	Spin restricted?
     SAPBasis       	    helfem_large.gbs	Tabulated atomic effective potential "basis set"
     SAPGrid        	                    	SAP integration grid to use: nrad lmax or leave empty
     SaveChk        	   complex_basis.chk	Checkpoint file to save to
     Shift          	           0.000e+00	Level shift to use in Hartree
     System         	        ../atoms.xyz	System as an xyz file
     TRRHminS       	           9.750e-01	Trust-Region Roothaan-Hall minimal occupied orbital overlap
     UseADIIS       	                true	Use ADIIS for Fock matrix interpolation?
     UseBroyden     	               false	Use Broyden mixing of Fock matrices?
     UseDIIS        	                true	Use Pulay's Direct Inversion in the Iterative Subspace?
     UseLM          	                true	Use a spherical harmonics basis set by default?
     UseTRRH        	               false	Use Trust-Region Roothaan-Hall?
     VV10           	                Auto	Use VV10 non-local correlation?
     VV10Pars       	                    	VV10 parameters: b C
     Verbose        	                true	Verbose calculation?
     Verbosity      	                   5	Verboseness level

Basis set AHGBSP1-5 found in file AHGBSP1-5.gbs in /home/lehtola/programs/erkale/basis/.
Basis set helfem_large.gbs found in file helfem_large.gbs in /home/lehtola/programs/erkale/basis/.
Screening by shell pairs and symmetry reduced dofs by factor 1.98.
Individual screening reduced dofs by a total factor 1.98.
Computing Cholesky vectors. Estimated memory size is 17 Mi - 56 Mi.
Cholesky vectors no     0 -     0 computed, error is 1.981863e+01 (0.03 s).
Cholesky vectors no     1 -     1 computed, error is 7.754762e+00 (0.03 s).
Cholesky vectors no     2 -     7 computed, error is 2.233744e+00 (0.06 s).
Cholesky vectors no     8 -    10 computed, error is 2.094866e+00 (0.00 s).
Cholesky vectors no    11 -    11 computed, error is 1.781607e+00 (0.00 s).
Cholesky vectors no    12 -    26 computed, error is 1.077450e+00 (0.00 s).
Cholesky vectors no    27 -    27 computed, error is 6.345013e-01 (0.00 s).
Cholesky vectors no    28 -    30 computed, error is 5.371518e-01 (0.00 s).
Cholesky vectors no    31 -    45 computed, error is 4.494195e-01 (0.00 s).
Cholesky vectors no    46 -    51 computed, error is 3.076987e-01 (0.00 s).
Cholesky vectors no    52 -    61 computed, error is 2.248406e-01 (0.00 s).
Cholesky vectors no    62 -    76 computed, error is 1.483946e-01 (0.00 s).
Cholesky vectors no    77 -    79 computed, error is 1.161258e-01 (0.00 s).
Cholesky vectors no    80 -    80 computed, error is 1.153188e-01 (0.00 s).
Cholesky vectors no    81 -    90 computed, error is 1.072519e-01 (0.00 s).
Cholesky vectors no    91 -   100 computed, error is 9.734378e-02 (0.01 s).
Cholesky vectors no   101 -   115 computed, error is 6.526866e-02 (0.00 s).
Cholesky vectors no   116 -   130 computed, error is 4.943785e-02 (0.01 s).
Cholesky vectors no   131 -   140 computed, error is 4.203823e-02 (0.01 s).
Cholesky vectors no   141 -   155 computed, error is 2.965759e-02 (0.01 s).
Cholesky vectors no   156 -   161 computed, error is 2.712417e-02 (0.00 s).
Cholesky vectors no   162 -   171 computed, error is 2.236595e-02 (0.01 s).
Cholesky vectors no   172 -   172 computed, error is 1.957257e-02 (0.00 s).
Cholesky vectors no   173 -   187 computed, error is 1.821395e-02 (0.01 s).
Cholesky vectors no   188 -   197 computed, error is 1.816951e-02 (0.01 s).
Cholesky vectors no   198 -   212 computed, error is 1.639008e-02 (0.02 s).
Cholesky vectors no   213 -   215 computed, error is 1.168615e-02 (0.00 s).
Cholesky vectors no   216 -   225 computed, error is 8.474849e-03 (0.01 s).
Cholesky vectors no   226 -   240 computed, error is 8.190065e-03 (0.01 s).
Cholesky vectors no   241 -   250 computed, error is 4.979703e-03 (0.01 s).
Cholesky vectors no   251 -   253 computed, error is 4.664899e-03 (0.00 s).
Cholesky vectors no   254 -   263 computed, error is 4.177872e-03 (0.01 s).
Cholesky vectors no   264 -   273 computed, error is 4.143489e-03 (0.01 s).
Cholesky vectors no   274 -   288 computed, error is 3.591802e-03 (0.01 s).
Cholesky vectors no   289 -   303 computed, error is 3.060890e-03 (0.02 s).
Cholesky vectors no   304 -   313 computed, error is 2.481746e-03 (0.01 s).
Cholesky vectors no   314 -   319 computed, error is 1.244704e-03 (0.00 s).
Cholesky vectors no   320 -   334 computed, error is 1.228940e-03 (0.01 s).
Cholesky vectors no   335 -   344 computed, error is 1.128928e-03 (0.01 s).
Cholesky vectors no   345 -   354 computed, error is 1.077698e-03 (0.01 s).
Cholesky vectors no   355 -   357 computed, error is 8.569043e-04 (0.00 s).
Cholesky vectors no   358 -   358 computed, error is 8.309787e-04 (0.00 s).
Cholesky vectors no   359 -   368 computed, error is 7.134280e-04 (0.01 s).
Cholesky vectors no   369 -   383 computed, error is 2.176858e-04 (0.01 s).
Cholesky vectors no   384 -   384 computed, error is 2.010414e-04 (0.00 s).
Cholesky vectors no   385 -   394 computed, error is 1.827473e-04 (0.01 s).
Cholesky vectors no   395 -   397 computed, error is 1.659545e-04 (0.00 s).
Cholesky vectors no   398 -   412 computed, error is 1.242487e-04 (0.02 s).
Cholesky vectors no   413 -   422 computed, error is 1.182775e-04 (0.01 s).
Cholesky vectors no   423 -   423 computed, error is 6.827523e-05 (0.00 s).
Cholesky vectors no   424 -   438 computed, error is 4.934373e-05 (0.01 s).
Cholesky vectors no   439 -   441 computed, error is 4.388789e-05 (0.00 s).
Cholesky vectors no   442 -   451 computed, error is 4.073057e-05 (0.01 s).
Cholesky vectors no   452 -   457 computed, error is 2.957781e-05 (0.00 s).
Cholesky vectors no   458 -   472 computed, error is 2.217145e-05 (0.01 s).
Cholesky vectors no   473 -   487 computed, error is 1.667561e-05 (0.01 s).
Cholesky vectors no   488 -   497 computed, error is 1.575887e-05 (0.01 s).
Cholesky vectors no   498 -   512 computed, error is 1.202848e-05 (0.02 s).
Cholesky vectors no   513 -   522 computed, error is 8.806745e-06 (0.01 s).
Cholesky vectors no   523 -   537 computed, error is 7.998329e-06 (0.01 s).
Cholesky vectors no   538 -   538 computed, error is 6.516774e-06 (0.00 s).
Cholesky vectors no   539 -   548 computed, error is 4.004020e-06 (0.01 s).
Cholesky vectors no   549 -   558 computed, error is 3.878815e-06 (0.01 s).
Cholesky vectors no   559 -   563 computed, error is 3.729171e-06 (0.00 s).
Cholesky vectors no   564 -   578 computed, error is 2.131281e-06 (0.01 s).
Cholesky vectors no   579 -   579 computed, error is 1.950854e-06 (0.00 s).
Cholesky vectors no   580 -   589 computed, error is 1.931003e-06 (0.01 s).
Cholesky vectors no   590 -   592 computed, error is 1.511705e-06 (0.00 s).
Cholesky vectors no   593 -   607 computed, error is 8.336666e-07 (0.03 s).
Cholesky vectors no   608 -   622 computed, error is 6.599867e-07 (0.01 s).
Cholesky vectors no   623 -   632 computed, error is 4.022135e-07 (0.01 s).
Cholesky vectors no   633 -   647 computed, error is 3.173926e-07 (0.01 s).
Cholesky vectors no   648 -   657 computed, error is 2.722557e-07 (0.01 s).
Cholesky vectors no   658 -   662 computed, error is 2.238540e-07 (0.00 s).
Cholesky vectors no   663 -   663 computed, error is 1.422839e-07 (0.00 s).
Cholesky vectors no   664 -   669 computed, error is 1.368220e-07 (0.00 s).
Cholesky vectors no   670 -   676 computed, error is 8.730072e-08 (0.00 s).
Cholesky decomposition finished in 0.77 s. Realized memory size is 34 Mi 1004 ki.
Time use: integrals 25.5 %, linear algebra 74.5 %.
819 shell pairs and 1 nuclei
SAP potential formed in 0.002 s.
Smallest eigenvalue of overlap matrix is 1.48e-02, reciprocal condition number is 4.57e-03.
Using symmetric orthogonalization.
Smallest eigenvalue of overlap matrix is 1.02e-02, reciprocal condition number is 2.83e-03.
Using symmetric orthogonalization.
Smallest eigenvalue of overlap matrix is 4.28e-03, reciprocal condition number is 9.60e-04.
Using symmetric orthogonalization.
Smallest eigenvalue of overlap matrix is 1.02e-02, reciprocal condition number is 2.83e-03.
Using symmetric orthogonalization.
Smallest eigenvalue of overlap matrix is 1.48e-02, reciprocal condition number is 4.57e-03.
Using symmetric orthogonalization.
Nela = 6 Nelb = 3



Solving SCF
Evaluated energy -85.3296738080 (change from lowest -8.532967e+01)


Iteration 1: 1 Fock evaluations energy -85.3296738080 change -8.532967e+01 DIIS error vector rms norm 8.246914e-02
History size 1
alpha m=-1 occupations
   1.0000
alpha m=0 occupations
   1.0000   1.0000   1.0000
alpha m=1 occupations
   1.0000   1.0000
beta m=0 occupations
   1.0000   1.0000
beta m=1 occupations
   1.0000
EDIIS+DIIS step
Evaluated energy -98.7665381524 (change from lowest -1.343686e+01)
Density matrix difference 8.225777e-02 between lowest-energy and newest entry


Iteration 2: 2 Fock evaluations energy -98.7665381524 change -1.343686e+01 DIIS error vector rms norm 4.792160e-03
History size 2
alpha m=-1 occupations
   1.0000
alpha m=0 occupations
   1.0000   1.0000   1.0000
alpha m=1 occupations
   1.0000   1.0000
beta m=0 occupations
   1.0000   1.0000
beta m=1 occupations
   1.0000
EDIIS+DIIS step
Evaluated energy -98.7803261156 (change from lowest -1.378796e-02)
Density matrix difference 8.319744e-03 between lowest-energy and newest entry


Iteration 3: 3 Fock evaluations energy -98.7803261156 change -1.378796e-02 DIIS error vector rms norm 1.010635e-03
History size 3
alpha m=-1 occupations
   1.0000
alpha m=0 occupations
   1.0000   1.0000   1.0000
alpha m=1 occupations
   1.0000   1.0000
beta m=0 occupations
   1.0000   1.0000
beta m=1 occupations
   1.0000
EDIIS+DIIS step
Evaluated energy -98.7810787214 (change from lowest -7.526059e-04)
Density matrix difference 1.577148e-03 between lowest-energy and newest entry


Iteration 4: 4 Fock evaluations energy -98.7810787214 change -7.526059e-04 DIIS error vector rms norm 1.778860e-04
History size 4
alpha m=-1 occupations
   1.0000
alpha m=0 occupations
   1.0000   1.0000   1.0000
alpha m=1 occupations
   1.0000   1.0000
beta m=0 occupations
   1.0000   1.0000
beta m=1 occupations
   1.0000
EDIIS+DIIS step
Evaluated energy -98.7811507352 (change from lowest -7.201372e-05)
Density matrix difference 7.806697e-04 between lowest-energy and newest entry


Iteration 5: 5 Fock evaluations energy -98.7811507352 change -7.201372e-05 DIIS error vector rms norm 3.919855e-05
History size 5
alpha m=-1 occupations
   1.0000
alpha m=0 occupations
   1.0000   1.0000   1.0000
alpha m=1 occupations
   1.0000   1.0000
beta m=0 occupations
   1.0000   1.0000
beta m=1 occupations
   1.0000
DIIS step
Evaluated energy -98.7811539326 (change from lowest -3.197457e-06)
Density matrix difference 1.765463e-04 between lowest-energy and newest entry


Iteration 6: 6 Fock evaluations energy -98.7811539326 change -3.197457e-06 DIIS error vector rms norm 6.876371e-06
History size 6
alpha m=-1 occupations
   1.0000
alpha m=0 occupations
   1.0000   1.0000   1.0000
alpha m=1 occupations
   1.0000   1.0000
beta m=0 occupations
   1.0000   1.0000
beta m=1 occupations
   1.0000
DIIS step
Evaluated energy -98.7811540315 (change from lowest -9.891492e-08)
Density matrix difference 2.729530e-05 between lowest-energy and newest entry


Iteration 7: 7 Fock evaluations energy -98.7811540315 change -9.891492e-08 DIIS error vector rms norm 8.598992e-07
History size 7
Converged to energy -98.7811540315!

Running program took 1.40 s.
