ERKALE - HF/DFT from Hel, OpenMP version, running on 8 cores.
(c) Susi Lehtola, 2010-2016.

This program is free software; you can redistribute it and/or modify
it under the terms of the GNU General Public License as published by
the Free Software Foundation; either version 2 of the License, or
(at your option) any later version.

Running on host silver.

Current time is Wed 21 Jan 2026 15:31:21.

Current Settings used by ERKALE:
     AtomGuess      	                Auto	Method used for atomic guess (Auto for same as method)
     Basis          	            HGBSP2-5	Basis set used in calculation
     BasisCutoff    	           1.000e-08	Cutoff for dropping out small primitives from contraction
     BasisOrth      	                Auto	Method of orthonormalization of basis set
     BasisRotate    	               false	Rotate basis set to remove redundant functions?
     Charge         	                   0	Total charge of system
     CholDepThresh  	           1.000e-07	Partial Cholesky decomposition threshold
     Cholesky       	                true	Use Cholesky decomposition?
     CholeskyMode   	                   0	Save/load integrals? 0 no, 1 save, -1 load
     CholeskyNAFThr 	           0.000e+00	Cholesky natural auxiliary function threshold
     CholeskyShThr  	           1.000e-02	Cholesky cache threshold
     CholeskyThr    	           1.000e-07	Cholesky decomposition threshold
     Complexbas     	                true	Use complex basis?
     Confinement    	         0.0 0.0 0.0	Confinement potential V(r) = V_i x_i^2
     ConvThr        	           1.000e-06	Orbital gradient convergence threshold
     DFTBasisThr    	           1.000e-10	Threshold for screening basis functions on grid
     DFTCpars       	                    	Override parameters of correlation functional (expert)
     DFTDelta       	           1.000e+02	Switch to final DFT grid has converged within factor X
     DFTDensityThr  	           1.000e-10	Threshold for screening density on grid
     DFTFinalTol    	           1.000e-05	Tolerance of final DFT grid
     DFTGrid        	             75 -302	DFT integration grid to use: nrad lmax or Auto for adaptive
     DFTInitialTol  	           1.000e-04	Tolerance of initial DFT grid
     DFTLobatto     	               false	Use Lobatto quadrature instead of Lebedev quadrature?
     DFTQuadThresh  	           2.220e-16	Threshold for pruning points with small quadrature weight
     DFTXpars       	                    	Override parameters of exchange functional (expert)
     DIISComb       	               false	Combine alpha and beta errors in unrestricted calcs?
     DIISEps        	           1.000e-01	Start mixing in DIIS when error is
     DIISOrder      	                  10	How many DIIS iterations to keep in memory?
     DIISThr        	           1.000e-02	DIIS error threshold for DIIS updates
     DecFock        	               false	Use decontracted basis to calculate Fock matrix (direct HF)
     Decontract     	                   *	Indices of atoms to decontract basis set for
     DensityFitting 	               false	Use density fitting / RI?
     Direct         	               false	Calculate two-electron integrals (or density fitting) on-the-fly?
     EField         	         0.0 0.0 0.0	Electric field
     ErrorNorm      	                 rms	Error norm to use in the SCF code
     FittingBasis   	                Auto	Basis to use for density fitting / RI (Auto for automatic)
     FittingCholeskyThreshold	           1.000e-08	Linear dependence threshold for pivoted Cholesky of Coulomb integrals in density fitting
     FittingMemory  	                1000	Amount of memory in MB to use for exchange fitting
     FittingThreshold	           1.000e-07	Linear dependence threshold for Coulomb integrals in density fitting
     Guess          	              sapfit	Used guess: SAD (default), SADNO, core, GWH, SAP, or SAPfit
     InitConvThr    	           1.000e-05	Initialization convergence threshold
     InputBohr      	               false	Use atomic units as input units instead of angstrom?
     IntegralThresh 	           1.000e-10	Integral screening threshold
     Kgwh           	           1.750e+00	Scaling constant for GWH
     LinDepThresh   	           1.000e-05	Basis set linear dependency threshold
     LinearB        	           1.200e-01	Magnetic field along bond axis
     LinearFreeze   	               false	If using linear symmetry, freeze symmetry to input guess
     LinearOccupationFile	     ../../Al_2.occs	File to read linear occupations from
     LinearOccupations	                  -1	Read in occupations for linear molecule calculations?
     LinearSymmetry 	                true	Do special calculation on linear molecule along z axis
     LoadChk        	                    	Checkpoint file to load from
     Logfile        	          erkale.log	File to print out full information, stdout for screen
     MaxInitIter    	                  50	Maximum number of iterations in the stepwise solutions
     MaxIter        	                 100	Maximum number of iterations in SCF cycle
     Method         	                  HF	Method used in calculation (HF or a DFT functional)
     Multiplicity   	                   2	Spin multiplicity
     NLGrid         	             50 -194	Integration grid to use for nonlocal correlation: nrad lmax
     Occupancies    	                    	Orbital occupancies
     OptLM          	               false	If spherical harmonics used, use cartesian s and p functions?
     PZ             	               false	Perform Perdew-Zunger self-interaction correction?
     PZEthr         	           1.000e-10	Threshold for energy convergence
     PZIthr         	           1.000e-02	Threshold for initialization convergence (not too small!)
     PZNRthr        	           0.000e+00	Threshold for use of NR method in OO optimization
     PZOOthr        	           1.000e-04	Gradient threshold for OO optimization
     PZOVthr        	           1.000e-05	Gradient threshold for OV optimization
     PZimag         	                Auto	Imaginary degrees of freedom in PZ?
     PZiter         	                  20	Max number of iterations in self-consistency iteration
     PZloc          	                Auto	Initial localization before SIC calculation?
     PZlocmet       	                  FB	Initial localization method (recommend FB or IAO)
     PZmode         	                  XC	Apply PZ to the operators (in addition to J): X C D
     PZoo           	                true	Optimize OO block?
     PZov           	                true	Optimize OV block?
     PZprec         	                   1	Precondition OV block? 0: no, 1: unified, 2: orbital
     PZrand         	                true	Apply random rotation in PZ initialization? (Should be true)
     PZscale        	            Constant	Scaling for PZ: Constant, Density or Kinetic
     PZscaleExp     	           1.000e+00	Exponent in the dynamic scaling equation
     PZseed         	                   0	Seed number for randomized matrices?
     PZstab         	                   0	Stability analysis for PZ-SIC? 1 or -1 for OO, 2 or -2 for OO+OV
     PZstabThr      	           1.000e-03	Instability threshold (interpreted as -thr)
     PZw            	           1.000e+00	Weight for Perdew-Zunger self-interaction correction
     Restricted     	               false	Spin restricted?
     SAPBasis       	    helfem_large.gbs	Tabulated atomic effective potential "basis set"
     SAPGrid        	                    	SAP integration grid to use: nrad lmax or leave empty
     SaveChk        	   complex_basis.chk	Checkpoint file to save to
     Shift          	           0.000e+00	Level shift to use in Hartree
     System         	        ../atoms.xyz	System as an xyz file
     TRRHminS       	           9.750e-01	Trust-Region Roothaan-Hall minimal occupied orbital overlap
     UseADIIS       	                true	Use ADIIS for Fock matrix interpolation?
     UseBroyden     	               false	Use Broyden mixing of Fock matrices?
     UseDIIS        	                true	Use Pulay's Direct Inversion in the Iterative Subspace?
     UseLM          	                true	Use a spherical harmonics basis set by default?
     UseTRRH        	               false	Use Trust-Region Roothaan-Hall?
     VV10           	                Auto	Use VV10 non-local correlation?
     VV10Pars       	                    	VV10 parameters: b C
     Verbose        	                true	Verbose calculation?
     Verbosity      	                   5	Verboseness level

Basis set HGBSP2-5 found in file HGBSP2-5.gbs in /home/lehtola/programs/erkale/basis/.
Basis set helfem_large.gbs found in file helfem_large.gbs in /home/lehtola/programs/erkale/basis/.
Screening by shell pairs and symmetry reduced dofs by factor 2.00.
Individual screening reduced dofs by a total factor 2.00.
Computing Cholesky vectors. Estimated memory size is 69 Mi - 233 Mi.
Cholesky vectors no     0 -     0 computed, error is 2.862238e+01 (0.02 s).
Cholesky vectors no     1 -     1 computed, error is 1.119904e+01 (0.03 s).
Cholesky vectors no     2 -     7 computed, error is 3.225539e+00 (0.16 s).
Cholesky vectors no     8 -    10 computed, error is 3.026270e+00 (0.08 s).
Cholesky vectors no    11 -    11 computed, error is 2.573022e+00 (0.03 s).
Cholesky vectors no    12 -    26 computed, error is 1.556000e+00 (0.38 s).
Cholesky vectors no    27 -    27 computed, error is 9.162981e-01 (0.00 s).
Cholesky vectors no    28 -    30 computed, error is 8.561729e-01 (0.00 s).
Cholesky vectors no    31 -    58 computed, error is 6.550211e-01 (0.02 s).
Cholesky vectors no    59 -    64 computed, error is 4.443803e-01 (0.00 s).
Cholesky vectors no    65 -    74 computed, error is 3.363077e-01 (0.01 s).
Cholesky vectors no    75 -   102 computed, error is 2.142254e-01 (0.04 s).
Cholesky vectors no   103 -   105 computed, error is 2.051449e-01 (0.00 s).
Cholesky vectors no   106 -   126 computed, error is 1.678293e-01 (0.02 s).
Cholesky vectors no   127 -   127 computed, error is 1.549871e-01 (0.00 s).
Cholesky vectors no   128 -   137 computed, error is 1.481225e-01 (0.02 s).
Cholesky vectors no   138 -   165 computed, error is 1.329526e-01 (0.06 s).
Cholesky vectors no   166 -   180 computed, error is 9.155794e-02 (0.03 s).
Cholesky vectors no   181 -   201 computed, error is 6.553602e-02 (0.07 s).
Cholesky vectors no   202 -   229 computed, error is 5.461324e-02 (0.08 s).
Cholesky vectors no   230 -   250 computed, error is 4.659234e-02 (0.06 s).
Cholesky vectors no   251 -   278 computed, error is 4.250153e-02 (0.08 s).
Cholesky vectors no   279 -   284 computed, error is 4.021861e-02 (0.02 s).
Cholesky vectors no   285 -   305 computed, error is 3.229777e-02 (0.10 s).
Cholesky vectors no   306 -   306 computed, error is 2.901320e-02 (0.00 s).
Cholesky vectors no   307 -   334 computed, error is 2.361333e-02 (0.09 s).
Cholesky vectors no   335 -   337 computed, error is 1.853697e-02 (0.01 s).
Cholesky vectors no   338 -   365 computed, error is 1.768240e-02 (0.09 s).
Cholesky vectors no   366 -   386 computed, error is 1.714003e-02 (0.06 s).
Cholesky vectors no   387 -   407 computed, error is 1.284612e-02 (0.10 s).
Cholesky vectors no   408 -   435 computed, error is 1.161414e-02 (0.10 s).
Cholesky vectors no   436 -   445 computed, error is 8.158029e-03 (0.04 s).
Cholesky vectors no   446 -   473 computed, error is 7.360584e-03 (0.10 s).
Cholesky vectors no   474 -   494 computed, error is 7.183199e-03 (0.08 s).
Cholesky vectors no   495 -   497 computed, error is 5.321787e-03 (0.01 s).
Cholesky vectors no   498 -   507 computed, error is 5.225932e-03 (0.07 s).
Cholesky vectors no   508 -   528 computed, error is 3.844698e-03 (0.08 s).
Cholesky vectors no   529 -   549 computed, error is 3.628391e-03 (0.08 s).
Cholesky vectors no   550 -   577 computed, error is 3.625742e-03 (0.11 s).
Cholesky vectors no   578 -   583 computed, error is 2.600447e-03 (0.02 s).
Cholesky vectors no   584 -   604 computed, error is 1.730706e-03 (0.13 s).
Cholesky vectors no   605 -   632 computed, error is 1.554694e-03 (0.13 s).
Cholesky vectors no   633 -   635 computed, error is 1.238329e-03 (0.01 s).
Cholesky vectors no   636 -   636 computed, error is 1.227508e-03 (0.00 s).
Cholesky vectors no   637 -   651 computed, error is 1.057224e-03 (0.07 s).
Cholesky vectors no   652 -   659 computed, error is 7.511903e-04 (0.04 s).
Cholesky vectors no   660 -   670 computed, error is 7.324558e-04 (0.05 s).
Cholesky vectors no   671 -   698 computed, error is 3.425815e-04 (0.13 s).
Cholesky vectors no   699 -   719 computed, error is 3.128180e-04 (0.15 s).
Cholesky vectors no   720 -   720 computed, error is 2.641555e-04 (0.00 s).
Cholesky vectors no   721 -   723 computed, error is 2.118771e-04 (0.01 s).
Cholesky vectors no   724 -   751 computed, error is 1.933198e-04 (0.14 s).
Cholesky vectors no   752 -   772 computed, error is 1.708421e-04 (0.10 s).
Cholesky vectors no   773 -   773 computed, error is 9.051660e-05 (0.01 s).
Cholesky vectors no   774 -   801 computed, error is 7.700327e-05 (0.19 s).
Cholesky vectors no   802 -   804 computed, error is 7.519829e-05 (0.02 s).
Cholesky vectors no   805 -   825 computed, error is 6.898189e-05 (0.11 s).
Cholesky vectors no   826 -   828 computed, error is 6.168960e-05 (0.02 s).
Cholesky vectors no   829 -   834 computed, error is 5.037027e-05 (0.03 s).
Cholesky vectors no   835 -   849 computed, error is 4.049894e-05 (0.08 s).
Cholesky vectors no   850 -   877 computed, error is 3.383184e-05 (0.15 s).
Cholesky vectors no   878 -   898 computed, error is 3.225447e-05 (0.12 s).
Cholesky vectors no   899 -   926 computed, error is 2.613177e-05 (0.22 s).
Cholesky vectors no   927 -   947 computed, error is 2.234142e-05 (0.12 s).
Cholesky vectors no   948 -   975 computed, error is 1.154331e-05 (0.17 s).
Cholesky vectors no   976 -   976 computed, error is 1.074471e-05 (0.01 s).
Cholesky vectors no   977 -   997 computed, error is 6.959274e-06 (0.13 s).
Cholesky vectors no   998 -  1025 computed, error is 6.512958e-06 (0.24 s).
Cholesky vectors no  1026 -  1053 computed, error is 5.601862e-06 (0.18 s).
Cholesky vectors no  1054 -  1058 computed, error is 5.294706e-06 (0.03 s).
Cholesky vectors no  1059 -  1079 computed, error is 3.077765e-06 (0.13 s).
Cholesky vectors no  1080 -  1080 computed, error is 2.468947e-06 (0.01 s).
Cholesky vectors no  1081 -  1101 computed, error is 2.054189e-06 (0.20 s).
Cholesky vectors no  1102 -  1129 computed, error is 1.958872e-06 (0.18 s).
Cholesky vectors no  1130 -  1138 computed, error is 1.832150e-06 (0.06 s).
Cholesky vectors no  1139 -  1148 computed, error is 1.722068e-06 (0.07 s).
Cholesky vectors no  1149 -  1169 computed, error is 1.279862e-06 (0.14 s).
Cholesky vectors no  1170 -  1197 computed, error is 7.448806e-07 (0.19 s).
Cholesky vectors no  1198 -  1218 computed, error is 3.937407e-07 (0.21 s).
Cholesky vectors no  1219 -  1223 computed, error is 3.357098e-07 (0.04 s).
Cholesky vectors no  1224 -  1226 computed, error is 3.261945e-07 (0.02 s).
Cholesky vectors no  1227 -  1227 computed, error is 2.773727e-07 (0.01 s).
Cholesky vectors no  1228 -  1236 computed, error is 2.079405e-07 (0.07 s).
Cholesky vectors no  1237 -  1242 computed, error is 1.492980e-07 (0.04 s).
Cholesky vectors no  1243 -  1256 computed, error is 1.408856e-07 (0.10 s).
Cholesky vectors no  1257 -  1265 computed, error is 7.610838e-08 (0.07 s).
Cholesky decomposition finished in 7.29 s. Realized memory size is 165 Mi 750 ki.
Time use: integrals 6.6 %, linear algebra 93.4 %.
1207 shell pairs and 1 nuclei
SAP potential formed in 0.007 s.
Smallest eigenvalue of overlap matrix is 2.73e-02, reciprocal condition number is 9.38e-03.
Using symmetric orthogonalization.
Smallest eigenvalue of overlap matrix is 1.56e-02, reciprocal condition number is 4.84e-03.
Using symmetric orthogonalization.
Smallest eigenvalue of overlap matrix is 1.06e-02, reciprocal condition number is 2.97e-03.
Using symmetric orthogonalization.
Smallest eigenvalue of overlap matrix is 4.28e-03, reciprocal condition number is 9.60e-04.
Using symmetric orthogonalization.
Smallest eigenvalue of overlap matrix is 1.06e-02, reciprocal condition number is 2.97e-03.
Using symmetric orthogonalization.
Smallest eigenvalue of overlap matrix is 1.56e-02, reciprocal condition number is 4.84e-03.
Using symmetric orthogonalization.
Smallest eigenvalue of overlap matrix is 2.73e-02, reciprocal condition number is 9.38e-03.
Using symmetric orthogonalization.
Nela = 7 Nelb = 6



Solving SCF
Evaluated energy -241.8105681590 (change from lowest -2.418106e+02)


Iteration 1: 1 Fock evaluations energy -241.8105681590 change -2.418106e+02 DIIS error vector rms norm 1.253524e-02
History size 1
alpha m=-1 occupations
   1.0000
alpha m=0 occupations
   1.0000   1.0000   1.0000   1.0000
alpha m=1 occupations
   1.0000   1.0000
beta m=-1 occupations
   1.0000
beta m=0 occupations
   1.0000   1.0000   1.0000   1.0000
beta m=1 occupations
   1.0000
EDIIS+DIIS step
Evaluated energy -241.8301414937 (change from lowest -1.957333e-02)
Density matrix difference 7.027861e-03 between lowest-energy and newest entry


Iteration 2: 2 Fock evaluations energy -241.8301414937 change -1.957333e-02 DIIS error vector rms norm 7.685649e-04
History size 2
alpha m=-1 occupations
   1.0000
alpha m=0 occupations
   1.0000   1.0000   1.0000   1.0000
alpha m=1 occupations
   1.0000   1.0000
beta m=-1 occupations
   1.0000
beta m=0 occupations
   1.0000   1.0000   1.0000   1.0000
beta m=1 occupations
   1.0000
EDIIS+DIIS step
Evaluated energy -241.8310422957 (change from lowest -9.008020e-04)
Density matrix difference 2.018786e-03 between lowest-energy and newest entry


Iteration 3: 3 Fock evaluations energy -241.8310422957 change -9.008020e-04 DIIS error vector rms norm 1.953281e-04
History size 3
alpha m=-1 occupations
   1.0000
alpha m=0 occupations
   1.0000   1.0000   1.0000   1.0000
alpha m=1 occupations
   1.0000   1.0000
beta m=-1 occupations
   1.0000
beta m=0 occupations
   1.0000   1.0000   1.0000   1.0000
beta m=1 occupations
   1.0000
EDIIS+DIIS step
Evaluated energy -241.8311689955 (change from lowest -1.266998e-04)
Density matrix difference 7.194031e-04 between lowest-energy and newest entry


Iteration 4: 4 Fock evaluations energy -241.8311689955 change -1.266998e-04 DIIS error vector rms norm 5.567149e-05
History size 4
alpha m=-1 occupations
   1.0000
alpha m=0 occupations
   1.0000   1.0000   1.0000   1.0000
alpha m=1 occupations
   1.0000   1.0000
beta m=-1 occupations
   1.0000
beta m=0 occupations
   1.0000   1.0000   1.0000   1.0000
beta m=1 occupations
   1.0000
DIIS step
Evaluated energy -241.8312131362 (change from lowest -4.414075e-05)
Density matrix difference 5.142456e-04 between lowest-energy and newest entry


Iteration 5: 5 Fock evaluations energy -241.8312131362 change -4.414075e-05 DIIS error vector rms norm 2.044088e-05
History size 5
alpha m=-1 occupations
   1.0000
alpha m=0 occupations
   1.0000   1.0000   1.0000   1.0000
alpha m=1 occupations
   1.0000   1.0000
beta m=-1 occupations
   1.0000
beta m=0 occupations
   1.0000   1.0000   1.0000   1.0000
beta m=1 occupations
   1.0000
DIIS step
Evaluated energy -241.8312209209 (change from lowest -7.784687e-06)
Density matrix difference 2.836863e-04 between lowest-energy and newest entry


Iteration 6: 6 Fock evaluations energy -241.8312209209 change -7.784687e-06 DIIS error vector rms norm 3.747765e-06
History size 6
alpha m=-1 occupations
   1.0000
alpha m=0 occupations
   1.0000   1.0000   1.0000   1.0000
alpha m=1 occupations
   1.0000   1.0000
beta m=-1 occupations
   1.0000
beta m=0 occupations
   1.0000   1.0000   1.0000   1.0000
beta m=1 occupations
   1.0000
DIIS step
Evaluated energy -241.8312211292 (change from lowest -2.082778e-07)
Density matrix difference 4.012586e-05 between lowest-energy and newest entry


Iteration 7: 7 Fock evaluations energy -241.8312211292 change -2.082778e-07 DIIS error vector rms norm 1.053254e-06
History size 7
alpha m=-1 occupations
   1.0000
alpha m=0 occupations
   1.0000   1.0000   1.0000   1.0000
alpha m=1 occupations
   1.0000   1.0000
beta m=-1 occupations
   1.0000
beta m=0 occupations
   1.0000   1.0000   1.0000   1.0000
beta m=1 occupations
   1.0000
DIIS step
Evaluated energy -241.8312211445 (change from lowest -1.529864e-08)
Density matrix difference 1.031543e-05 between lowest-energy and newest entry


Iteration 8: 8 Fock evaluations energy -241.8312211445 change -1.529864e-08 DIIS error vector rms norm 1.859325e-07
History size 8
Converged to energy -241.8312211445!

Running program took 1 min 7.55 s.
