ERKALE - HF/DFT from Hel, OpenMP version, running on 8 cores.
(c) Susi Lehtola, 2010-2016.

This program is free software; you can redistribute it and/or modify
it under the terms of the GNU General Public License as published by
the Free Software Foundation; either version 2 of the License, or
(at your option) any later version.

Running on host silver.

Current time is Tue 20 Jan 2026 13:43:38.

Current Settings used by ERKALE:
     AtomGuess      	                Auto	Method used for atomic guess (Auto for same as method)
     Basis          	           AHGBSP2-5	Basis set used in calculation
     BasisCutoff    	           1.000e-08	Cutoff for dropping out small primitives from contraction
     BasisOrth      	                Auto	Method of orthonormalization of basis set
     BasisRotate    	               false	Rotate basis set to remove redundant functions?
     Charge         	                   0	Total charge of system
     CholDepThresh  	           1.000e-07	Partial Cholesky decomposition threshold
     Cholesky       	                true	Use Cholesky decomposition?
     CholeskyMode   	                   0	Save/load integrals? 0 no, 1 save, -1 load
     CholeskyNAFThr 	           0.000e+00	Cholesky natural auxiliary function threshold
     CholeskyShThr  	           1.000e-02	Cholesky cache threshold
     CholeskyThr    	           1.000e-07	Cholesky decomposition threshold
     Complexbas     	                true	Use complex basis?
     Confinement    	         0.0 0.0 0.0	Confinement potential V(r) = V_i x_i^2
     ConvThr        	           1.000e-06	Orbital gradient convergence threshold
     DFTBasisThr    	           1.000e-10	Threshold for screening basis functions on grid
     DFTCpars       	                    	Override parameters of correlation functional (expert)
     DFTDelta       	           1.000e+02	Switch to final DFT grid has converged within factor X
     DFTDensityThr  	           1.000e-10	Threshold for screening density on grid
     DFTFinalTol    	           1.000e-05	Tolerance of final DFT grid
     DFTGrid        	             75 -302	DFT integration grid to use: nrad lmax or Auto for adaptive
     DFTInitialTol  	           1.000e-04	Tolerance of initial DFT grid
     DFTLobatto     	               false	Use Lobatto quadrature instead of Lebedev quadrature?
     DFTQuadThresh  	           2.220e-16	Threshold for pruning points with small quadrature weight
     DFTXpars       	                    	Override parameters of exchange functional (expert)
     DIISComb       	               false	Combine alpha and beta errors in unrestricted calcs?
     DIISEps        	           1.000e-01	Start mixing in DIIS when error is
     DIISOrder      	                  10	How many DIIS iterations to keep in memory?
     DIISThr        	           1.000e-02	DIIS error threshold for DIIS updates
     DecFock        	               false	Use decontracted basis to calculate Fock matrix (direct HF)
     Decontract     	                   *	Indices of atoms to decontract basis set for
     DensityFitting 	               false	Use density fitting / RI?
     Direct         	               false	Calculate two-electron integrals (or density fitting) on-the-fly?
     EField         	         0.0 0.0 0.0	Electric field
     ErrorNorm      	                 rms	Error norm to use in the SCF code
     FittingBasis   	                Auto	Basis to use for density fitting / RI (Auto for automatic)
     FittingCholeskyThreshold	           1.000e-08	Linear dependence threshold for pivoted Cholesky of Coulomb integrals in density fitting
     FittingMemory  	                1000	Amount of memory in MB to use for exchange fitting
     FittingThreshold	           1.000e-07	Linear dependence threshold for Coulomb integrals in density fitting
     Guess          	              sapfit	Used guess: SAD (default), SADNO, core, GWH, SAP, or SAPfit
     InitConvThr    	           1.000e-05	Initialization convergence threshold
     InputBohr      	               false	Use atomic units as input units instead of angstrom?
     IntegralThresh 	           1.000e-10	Integral screening threshold
     Kgwh           	           1.750e+00	Scaling constant for GWH
     LinDepThresh   	           1.000e-05	Basis set linear dependency threshold
     LinearB        	           1.000e-01	Magnetic field along bond axis
     LinearFreeze   	               false	If using linear symmetry, freeze symmetry to input guess
     LinearOccupationFile	     ../../Be_5.occs	File to read linear occupations from
     LinearOccupations	                  -1	Read in occupations for linear molecule calculations?
     LinearSymmetry 	                true	Do special calculation on linear molecule along z axis
     LoadChk        	                    	Checkpoint file to load from
     Logfile        	          erkale.log	File to print out full information, stdout for screen
     MaxInitIter    	                  50	Maximum number of iterations in the stepwise solutions
     MaxIter        	                 100	Maximum number of iterations in SCF cycle
     Method         	                  HF	Method used in calculation (HF or a DFT functional)
     Multiplicity   	                   3	Spin multiplicity
     NLGrid         	             50 -194	Integration grid to use for nonlocal correlation: nrad lmax
     Occupancies    	                    	Orbital occupancies
     OptLM          	               false	If spherical harmonics used, use cartesian s and p functions?
     PZ             	               false	Perform Perdew-Zunger self-interaction correction?
     PZEthr         	           1.000e-10	Threshold for energy convergence
     PZIthr         	           1.000e-02	Threshold for initialization convergence (not too small!)
     PZNRthr        	           0.000e+00	Threshold for use of NR method in OO optimization
     PZOOthr        	           1.000e-04	Gradient threshold for OO optimization
     PZOVthr        	           1.000e-05	Gradient threshold for OV optimization
     PZimag         	                Auto	Imaginary degrees of freedom in PZ?
     PZiter         	                  20	Max number of iterations in self-consistency iteration
     PZloc          	                Auto	Initial localization before SIC calculation?
     PZlocmet       	                  FB	Initial localization method (recommend FB or IAO)
     PZmode         	                  XC	Apply PZ to the operators (in addition to J): X C D
     PZoo           	                true	Optimize OO block?
     PZov           	                true	Optimize OV block?
     PZprec         	                   1	Precondition OV block? 0: no, 1: unified, 2: orbital
     PZrand         	                true	Apply random rotation in PZ initialization? (Should be true)
     PZscale        	            Constant	Scaling for PZ: Constant, Density or Kinetic
     PZscaleExp     	           1.000e+00	Exponent in the dynamic scaling equation
     PZseed         	                   0	Seed number for randomized matrices?
     PZstab         	                   0	Stability analysis for PZ-SIC? 1 or -1 for OO, 2 or -2 for OO+OV
     PZstabThr      	           1.000e-03	Instability threshold (interpreted as -thr)
     PZw            	           1.000e+00	Weight for Perdew-Zunger self-interaction correction
     Restricted     	               false	Spin restricted?
     SAPBasis       	    helfem_large.gbs	Tabulated atomic effective potential "basis set"
     SAPGrid        	                    	SAP integration grid to use: nrad lmax or leave empty
     SaveChk        	   complex_basis.chk	Checkpoint file to save to
     Shift          	           0.000e+00	Level shift to use in Hartree
     System         	        ../atoms.xyz	System as an xyz file
     TRRHminS       	           9.750e-01	Trust-Region Roothaan-Hall minimal occupied orbital overlap
     UseADIIS       	                true	Use ADIIS for Fock matrix interpolation?
     UseBroyden     	               false	Use Broyden mixing of Fock matrices?
     UseDIIS        	                true	Use Pulay's Direct Inversion in the Iterative Subspace?
     UseLM          	                true	Use a spherical harmonics basis set by default?
     UseTRRH        	               false	Use Trust-Region Roothaan-Hall?
     VV10           	                Auto	Use VV10 non-local correlation?
     VV10Pars       	                    	VV10 parameters: b C
     Verbose        	                true	Verbose calculation?
     Verbosity      	                   5	Verboseness level

Basis set AHGBSP2-5 found in file AHGBSP2-5.gbs in /home/lehtola/programs/erkale/basis/.
Basis set helfem_large.gbs found in file helfem_large.gbs in /home/lehtola/programs/erkale/basis/.
Screening by shell pairs and symmetry reduced dofs by factor 2.00.
Individual screening reduced dofs by a total factor 2.00.
Computing Cholesky vectors. Estimated memory size is 46 Mi - 156 Mi.
Cholesky vectors no     0 -     0 computed, error is 8.807892e+00 (0.03 s).
Cholesky vectors no     1 -     1 computed, error is 3.446555e+00 (0.03 s).
Cholesky vectors no     2 -     7 computed, error is 9.928181e-01 (0.00 s).
Cholesky vectors no     8 -    10 computed, error is 9.309083e-01 (0.00 s).
Cholesky vectors no    11 -    11 computed, error is 7.918209e-01 (0.00 s).
Cholesky vectors no    12 -    26 computed, error is 4.788345e-01 (0.01 s).
Cholesky vectors no    27 -    27 computed, error is 2.820076e-01 (0.00 s).
Cholesky vectors no    28 -    30 computed, error is 2.634337e-01 (0.00 s).
Cholesky vectors no    31 -    58 computed, error is 2.016773e-01 (0.01 s).
Cholesky vectors no    59 -    64 computed, error is 1.367611e-01 (0.00 s).
Cholesky vectors no    65 -    74 computed, error is 1.034709e-01 (0.01 s).
Cholesky vectors no    75 -   102 computed, error is 6.596330e-02 (0.03 s).
Cholesky vectors no   103 -   105 computed, error is 6.312153e-02 (0.00 s).
Cholesky vectors no   106 -   126 computed, error is 5.163545e-02 (0.01 s).
Cholesky vectors no   127 -   127 computed, error is 4.767939e-02 (0.00 s).
Cholesky vectors no   128 -   137 computed, error is 4.557378e-02 (0.01 s).
Cholesky vectors no   138 -   165 computed, error is 4.091713e-02 (0.04 s).
Cholesky vectors no   166 -   180 computed, error is 2.817083e-02 (0.02 s).
Cholesky vectors no   181 -   201 computed, error is 2.016464e-02 (0.04 s).
Cholesky vectors no   202 -   229 computed, error is 1.680566e-02 (0.04 s).
Cholesky vectors no   230 -   250 computed, error is 1.433360e-02 (0.03 s).
Cholesky vectors no   251 -   278 computed, error is 1.310464e-02 (0.04 s).
Cholesky vectors no   279 -   284 computed, error is 1.237493e-02 (0.01 s).
Cholesky vectors no   285 -   305 computed, error is 9.939534e-03 (0.05 s).
Cholesky vectors no   306 -   306 computed, error is 8.927349e-03 (0.00 s).
Cholesky vectors no   307 -   334 computed, error is 7.268199e-03 (0.04 s).
Cholesky vectors no   335 -   337 computed, error is 5.702437e-03 (0.00 s).
Cholesky vectors no   338 -   365 computed, error is 5.440866e-03 (0.04 s).
Cholesky vectors no   366 -   386 computed, error is 5.273057e-03 (0.03 s).
Cholesky vectors no   387 -   407 computed, error is 3.572104e-03 (0.06 s).
Cholesky vectors no   408 -   417 computed, error is 2.522214e-03 (0.02 s).
Cholesky vectors no   418 -   445 computed, error is 2.264465e-03 (0.04 s).
Cholesky vectors no   446 -   466 computed, error is 2.211915e-03 (0.04 s).
Cholesky vectors no   467 -   469 computed, error is 1.639952e-03 (0.00 s).
Cholesky vectors no   470 -   479 computed, error is 1.202590e-03 (0.01 s).
Cholesky vectors no   480 -   507 computed, error is 1.182798e-03 (0.07 s).
Cholesky vectors no   508 -   528 computed, error is 1.116653e-03 (0.03 s).
Cholesky vectors no   529 -   534 computed, error is 1.044785e-03 (0.01 s).
Cholesky vectors no   535 -   555 computed, error is 4.787876e-04 (0.03 s).
Cholesky vectors no   556 -   558 computed, error is 3.810242e-04 (0.00 s).
Cholesky vectors no   559 -   559 computed, error is 3.778604e-04 (0.00 s).
Cholesky vectors no   560 -   574 computed, error is 3.251008e-04 (0.02 s).
Cholesky vectors no   575 -   582 computed, error is 2.310705e-04 (0.01 s).
Cholesky vectors no   583 -   593 computed, error is 2.253669e-04 (0.02 s).
Cholesky vectors no   594 -   621 computed, error is 1.494518e-04 (0.09 s).
Cholesky vectors no   622 -   642 computed, error is 9.611272e-05 (0.04 s).
Cholesky vectors no   643 -   643 computed, error is 8.135350e-05 (0.00 s).
Cholesky vectors no   644 -   646 computed, error is 6.525442e-05 (0.01 s).
Cholesky vectors no   647 -   674 computed, error is 5.944509e-05 (0.05 s).
Cholesky vectors no   675 -   695 computed, error is 5.257632e-05 (0.04 s).
Cholesky vectors no   696 -   696 computed, error is 2.827895e-05 (0.00 s).
Cholesky vectors no   697 -   724 computed, error is 2.381011e-05 (0.10 s).
Cholesky vectors no   725 -   727 computed, error is 2.296937e-05 (0.01 s).
Cholesky vectors no   728 -   748 computed, error is 2.241392e-05 (0.04 s).
Cholesky vectors no   749 -   776 computed, error is 2.121309e-05 (0.06 s).
Cholesky vectors no   777 -   779 computed, error is 1.903000e-05 (0.01 s).
Cholesky vectors no   780 -   785 computed, error is 1.550613e-05 (0.01 s).
Cholesky vectors no   786 -   800 computed, error is 9.573630e-06 (0.07 s).
Cholesky vectors no   801 -   821 computed, error is 8.038682e-06 (0.06 s).
Cholesky vectors no   822 -   842 computed, error is 6.950333e-06 (0.05 s).
Cholesky vectors no   843 -   870 computed, error is 4.612406e-06 (0.06 s).
Cholesky vectors no   871 -   898 computed, error is 3.550137e-06 (0.06 s).
Cholesky vectors no   899 -   899 computed, error is 1.721640e-06 (0.00 s).
Cholesky vectors no   900 -   904 computed, error is 1.688976e-06 (0.06 s).
Cholesky vectors no   905 -   925 computed, error is 1.566824e-06 (0.05 s).
Cholesky vectors no   926 -   946 computed, error is 1.485697e-06 (0.05 s).
Cholesky vectors no   947 -   974 computed, error is 9.472140e-07 (0.07 s).
Cholesky vectors no   975 -   975 computed, error is 8.904070e-07 (0.00 s).
Cholesky vectors no   976 -  1003 computed, error is 6.030076e-07 (0.12 s).
Cholesky vectors no  1004 -  1012 computed, error is 5.722867e-07 (0.03 s).
Cholesky vectors no  1013 -  1022 computed, error is 5.274912e-07 (0.03 s).
Cholesky vectors no  1023 -  1043 computed, error is 1.210392e-07 (0.05 s).
Cholesky vectors no  1044 -  1048 computed, error is 1.032810e-07 (0.01 s).
Cholesky vectors no  1049 -  1051 computed, error is 9.982255e-08 (0.01 s).
Cholesky decomposition finished in 2.49 s. Realized memory size is 107 Mi 517 ki.
Time use: integrals 11.4 %, linear algebra 88.6 %.
980 shell pairs and 1 nuclei
SAP potential formed in 0.005 s.
Smallest eigenvalue of overlap matrix is 3.09e-02, reciprocal condition number is 1.08e-02.
Using symmetric orthogonalization.
Smallest eigenvalue of overlap matrix is 1.66e-02, reciprocal condition number is 5.21e-03.
Using symmetric orthogonalization.
Smallest eigenvalue of overlap matrix is 1.11e-02, reciprocal condition number is 3.16e-03.
Using symmetric orthogonalization.
Smallest eigenvalue of overlap matrix is 4.41e-03, reciprocal condition number is 9.98e-04.
Using symmetric orthogonalization.
Smallest eigenvalue of overlap matrix is 1.11e-02, reciprocal condition number is 3.16e-03.
Using symmetric orthogonalization.
Smallest eigenvalue of overlap matrix is 1.66e-02, reciprocal condition number is 5.21e-03.
Using symmetric orthogonalization.
Smallest eigenvalue of overlap matrix is 3.09e-02, reciprocal condition number is 1.08e-02.
Using symmetric orthogonalization.
Nela = 3 Nelb = 1



Solving SCF
Evaluated energy -11.6293100145 (change from lowest -1.162931e+01)


Iteration 1: 1 Fock evaluations energy -11.6293100145 change -1.162931e+01 DIIS error vector rms norm 1.050276e-02
History size 1
alpha m=0 occupations
   1.0000
alpha m=1 occupations
   1.0000
alpha m=2 occupations
   1.0000
beta m=0 occupations
   1.0000
EDIIS+DIIS step
Evaluated energy -14.0754322308 (change from lowest -2.446122e+00)
Density matrix difference 8.843821e-02 between lowest-energy and newest entry


Iteration 2: 2 Fock evaluations energy -14.0754322308 change -2.446122e+00 DIIS error vector rms norm 3.267377e-04
History size 2
alpha m=0 occupations
   1.0000
alpha m=1 occupations
   1.0000
alpha m=2 occupations
   1.0000
beta m=0 occupations
   1.0000
EDIIS+DIIS step
Evaluated energy -14.0764135251 (change from lowest -9.812943e-04)
Density matrix difference 3.761401e-03 between lowest-energy and newest entry


Iteration 3: 3 Fock evaluations energy -14.0764135251 change -9.812943e-04 DIIS error vector rms norm 1.263530e-04
History size 3
alpha m=0 occupations
   1.0000
alpha m=1 occupations
   1.0000
alpha m=2 occupations
   1.0000
beta m=0 occupations
   1.0000
EDIIS+DIIS step
Evaluated energy -14.0767332718 (change from lowest -3.197467e-04)
Density matrix difference 2.567719e-03 between lowest-energy and newest entry


Iteration 4: 4 Fock evaluations energy -14.0767332718 change -3.197467e-04 DIIS error vector rms norm 5.690264e-05
History size 4
alpha m=0 occupations
   1.0000
alpha m=1 occupations
   1.0000
alpha m=2 occupations
   1.0000
beta m=0 occupations
   1.0000
DIIS step
Evaluated energy -14.0768190076 (change from lowest -8.573582e-05)
Density matrix difference 1.906188e-03 between lowest-energy and newest entry


Iteration 5: 5 Fock evaluations energy -14.0768190076 change -8.573582e-05 DIIS error vector rms norm 1.007034e-05
History size 5
alpha m=0 occupations
   1.0000
alpha m=1 occupations
   1.0000
alpha m=2 occupations
   1.0000
beta m=0 occupations
   1.0000
DIIS step
Evaluated energy -14.0768216535 (change from lowest -2.645848e-06)
Density matrix difference 3.531067e-04 between lowest-energy and newest entry


Iteration 6: 6 Fock evaluations energy -14.0768216535 change -2.645848e-06 DIIS error vector rms norm 1.562069e-06
History size 6
alpha m=0 occupations
   1.0000
alpha m=1 occupations
   1.0000
alpha m=2 occupations
   1.0000
beta m=0 occupations
   1.0000
DIIS step
Evaluated energy -14.0768217108 (change from lowest -5.728510e-08)
Density matrix difference 4.965918e-05 between lowest-energy and newest entry


Iteration 7: 7 Fock evaluations energy -14.0768217108 change -5.728510e-08 DIIS error vector rms norm 2.039639e-07
History size 7
Converged to energy -14.0768217108!

Running program took 45.24 s.
