ERKALE - HF/DFT from Hel, OpenMP version, running on 8 cores.
(c) Susi Lehtola, 2010-2016.

This program is free software; you can redistribute it and/or modify
it under the terms of the GNU General Public License as published by
the Free Software Foundation; either version 2 of the License, or
(at your option) any later version.

Running on host silver.

Current time is Mon 09 Feb 2026 04:55:56.

Current Settings used by ERKALE:
     AtomGuess      	                Auto	Method used for atomic guess (Auto for same as method)
     Basis          	            HGBSP3-9	Basis set used in calculation
     BasisCutoff    	           1.000e-08	Cutoff for dropping out small primitives from contraction
     BasisOrth      	                Auto	Method of orthonormalization of basis set
     BasisRotate    	               false	Rotate basis set to remove redundant functions?
     Charge         	                   0	Total charge of system
     CholDepThresh  	           1.000e-07	Partial Cholesky decomposition threshold
     Cholesky       	                true	Use Cholesky decomposition?
     CholeskyMode   	                   0	Save/load integrals? 0 no, 1 save, -1 load
     CholeskyNAFThr 	           0.000e+00	Cholesky natural auxiliary function threshold
     CholeskyShThr  	           1.000e-02	Cholesky cache threshold
     CholeskyThr    	           1.000e-07	Cholesky decomposition threshold
     Complexbas     	                true	Use complex basis?
     Confinement    	         0.0 0.0 0.0	Confinement potential V(r) = V_i x_i^2
     ConvThr        	           1.000e-06	Orbital gradient convergence threshold
     DFTBasisThr    	           1.000e-10	Threshold for screening basis functions on grid
     DFTCpars       	                    	Override parameters of correlation functional (expert)
     DFTDelta       	           1.000e+02	Switch to final DFT grid has converged within factor X
     DFTDensityThr  	           1.000e-10	Threshold for screening density on grid
     DFTFinalTol    	           1.000e-05	Tolerance of final DFT grid
     DFTGrid        	             75 -302	DFT integration grid to use: nrad lmax or Auto for adaptive
     DFTInitialTol  	           1.000e-04	Tolerance of initial DFT grid
     DFTLobatto     	               false	Use Lobatto quadrature instead of Lebedev quadrature?
     DFTQuadThresh  	           2.220e-16	Threshold for pruning points with small quadrature weight
     DFTXpars       	                    	Override parameters of exchange functional (expert)
     DIISComb       	               false	Combine alpha and beta errors in unrestricted calcs?
     DIISEps        	           1.000e-01	Start mixing in DIIS when error is
     DIISOrder      	                  10	How many DIIS iterations to keep in memory?
     DIISThr        	           1.000e-02	DIIS error threshold for DIIS updates
     DecFock        	               false	Use decontracted basis to calculate Fock matrix (direct HF)
     Decontract     	                   *	Indices of atoms to decontract basis set for
     DensityFitting 	               false	Use density fitting / RI?
     Direct         	               false	Calculate two-electron integrals (or density fitting) on-the-fly?
     EField         	         0.0 0.0 0.0	Electric field
     ErrorNorm      	                 rms	Error norm to use in the SCF code
     FittingBasis   	                Auto	Basis to use for density fitting / RI (Auto for automatic)
     FittingCholeskyThreshold	           1.000e-08	Linear dependence threshold for pivoted Cholesky of Coulomb integrals in density fitting
     FittingMemory  	                1000	Amount of memory in MB to use for exchange fitting
     FittingThreshold	           1.000e-07	Linear dependence threshold for Coulomb integrals in density fitting
     Guess          	              sapfit	Used guess: SAD (default), SADNO, core, GWH, SAP, or SAPfit
     InitConvThr    	           1.000e-05	Initialization convergence threshold
     InputBohr      	               false	Use atomic units as input units instead of angstrom?
     IntegralThresh 	           1.000e-10	Integral screening threshold
     Kgwh           	           1.750e+00	Scaling constant for GWH
     LinDepThresh   	           1.000e-05	Basis set linear dependency threshold
     LinearB        	           4.600e-01	Magnetic field along bond axis
     LinearFreeze   	               false	If using linear symmetry, freeze symmetry to input guess
     LinearOccupationFile	     ../../Cl_4.occs	File to read linear occupations from
     LinearOccupations	                  -1	Read in occupations for linear molecule calculations?
     LinearSymmetry 	                true	Do special calculation on linear molecule along z axis
     LoadChk        	                    	Checkpoint file to load from
     Logfile        	          erkale.log	File to print out full information, stdout for screen
     MaxInitIter    	                  50	Maximum number of iterations in the stepwise solutions
     MaxIter        	                 100	Maximum number of iterations in SCF cycle
     Method         	                  HF	Method used in calculation (HF or a DFT functional)
     Multiplicity   	                   4	Spin multiplicity
     NLGrid         	             50 -194	Integration grid to use for nonlocal correlation: nrad lmax
     Occupancies    	                    	Orbital occupancies
     OptLM          	               false	If spherical harmonics used, use cartesian s and p functions?
     PZ             	               false	Perform Perdew-Zunger self-interaction correction?
     PZEthr         	           1.000e-10	Threshold for energy convergence
     PZIthr         	           1.000e-02	Threshold for initialization convergence (not too small!)
     PZNRthr        	           0.000e+00	Threshold for use of NR method in OO optimization
     PZOOthr        	           1.000e-04	Gradient threshold for OO optimization
     PZOVthr        	           1.000e-05	Gradient threshold for OV optimization
     PZimag         	                Auto	Imaginary degrees of freedom in PZ?
     PZiter         	                  20	Max number of iterations in self-consistency iteration
     PZloc          	                Auto	Initial localization before SIC calculation?
     PZlocmet       	                  FB	Initial localization method (recommend FB or IAO)
     PZmode         	                  XC	Apply PZ to the operators (in addition to J): X C D
     PZoo           	                true	Optimize OO block?
     PZov           	                true	Optimize OV block?
     PZprec         	                   1	Precondition OV block? 0: no, 1: unified, 2: orbital
     PZrand         	                true	Apply random rotation in PZ initialization? (Should be true)
     PZscale        	            Constant	Scaling for PZ: Constant, Density or Kinetic
     PZscaleExp     	           1.000e+00	Exponent in the dynamic scaling equation
     PZseed         	                   0	Seed number for randomized matrices?
     PZstab         	                   0	Stability analysis for PZ-SIC? 1 or -1 for OO, 2 or -2 for OO+OV
     PZstabThr      	           1.000e-03	Instability threshold (interpreted as -thr)
     PZw            	           1.000e+00	Weight for Perdew-Zunger self-interaction correction
     Restricted     	               false	Spin restricted?
     SAPBasis       	    helfem_large.gbs	Tabulated atomic effective potential "basis set"
     SAPGrid        	                    	SAP integration grid to use: nrad lmax or leave empty
     SaveChk        	   complex_basis.chk	Checkpoint file to save to
     Shift          	           0.000e+00	Level shift to use in Hartree
     System         	        ../atoms.xyz	System as an xyz file
     TRRHminS       	           9.750e-01	Trust-Region Roothaan-Hall minimal occupied orbital overlap
     UseADIIS       	                true	Use ADIIS for Fock matrix interpolation?
     UseBroyden     	               false	Use Broyden mixing of Fock matrices?
     UseDIIS        	                true	Use Pulay's Direct Inversion in the Iterative Subspace?
     UseLM          	                true	Use a spherical harmonics basis set by default?
     UseTRRH        	               false	Use Trust-Region Roothaan-Hall?
     VV10           	                Auto	Use VV10 non-local correlation?
     VV10Pars       	                    	VV10 parameters: b C
     Verbose        	                true	Verbose calculation?
     Verbosity      	                   5	Verboseness level

Basis set HGBSP3-9 found in file HGBSP3-9.gbs in /home/lehtola/programs/erkale/basis/.
Basis set helfem_large.gbs found in file helfem_large.gbs in /home/lehtola/programs/erkale/basis/.
Screening by shell pairs and symmetry reduced dofs by factor 2.09.
Individual screening reduced dofs by a total factor 2.09.
Computing Cholesky vectors. Estimated memory size is 1 Gi - 6 Gi.
Cholesky vectors no     0 -     0 computed, error is 7.155203e+02 (0.00 s).
Cholesky vectors no     1 -     1 computed, error is 1.805090e+02 (0.01 s).
Cholesky vectors no     2 -     2 computed, error is 1.033838e+02 (0.01 s).
Cholesky vectors no     3 -     3 computed, error is 6.467712e+01 (0.01 s).
Cholesky vectors no     4 -     9 computed, error is 2.273985e+01 (0.04 s).
Cholesky vectors no    10 -    12 computed, error is 1.820085e+01 (0.02 s).
Cholesky vectors no    13 -    18 computed, error is 1.685329e+01 (0.07 s).
Cholesky vectors no    19 -    19 computed, error is 6.045878e+00 (0.02 s).
Cholesky vectors no    20 -    22 computed, error is 5.776032e+00 (0.05 s).
Cholesky vectors no    23 -    37 computed, error is 5.561297e+00 (0.26 s).
Cholesky vectors no    38 -    38 computed, error is 4.926061e+00 (0.01 s).
Cholesky vectors no    39 -    39 computed, error is 3.970626e+00 (0.01 s).
Cholesky vectors no    40 -    45 computed, error is 3.037305e+00 (0.07 s).
Cholesky vectors no    46 -    55 computed, error is 2.388935e+00 (0.14 s).
Cholesky vectors no    56 -    58 computed, error is 2.044133e+00 (0.04 s).
Cholesky vectors no    59 -    86 computed, error is 1.529632e+00 (0.33 s).
Cholesky vectors no    87 -   101 computed, error is 1.221924e+00 (0.39 s).
Cholesky vectors no   102 -   122 computed, error is 8.223517e-01 (0.51 s).
Cholesky vectors no   123 -   167 computed, error is 5.750545e-01 (1.95 s).
Cholesky vectors no   168 -   203 computed, error is 4.962689e-01 (1.94 s).
Cholesky vectors no   204 -   231 computed, error is 4.757306e-01 (1.14 s).
Cholesky vectors no   232 -   234 computed, error is 4.305341e-01 (0.10 s).
Cholesky vectors no   235 -   235 computed, error is 3.098028e-01 (0.04 s).
Cholesky vectors no   236 -   280 computed, error is 2.851852e-01 (1.90 s).
Cholesky vectors no   281 -   290 computed, error is 2.672048e-01 (0.45 s).
Cholesky vectors no   291 -   296 computed, error is 2.469727e-01 (0.27 s).
Cholesky vectors no   297 -   332 computed, error is 2.411123e-01 (2.02 s).
Cholesky vectors no   333 -   377 computed, error is 2.129548e-01 (2.26 s).
Cholesky vectors no   378 -   380 computed, error is 1.695293e-01 (0.14 s).
Cholesky vectors no   381 -   381 computed, error is 1.342658e-01 (0.05 s).
Cholesky vectors no   382 -   391 computed, error is 1.170696e-01 (0.47 s).
Cholesky vectors no   392 -   412 computed, error is 1.149171e-01 (1.34 s).
Cholesky vectors no   413 -   457 computed, error is 1.106154e-01 (2.32 s).
Cholesky vectors no   458 -   493 computed, error is 9.335687e-02 (2.03 s).
Cholesky vectors no   494 -   538 computed, error is 5.709262e-02 (2.82 s).
Cholesky vectors no   539 -   553 computed, error is 5.106351e-02 (0.82 s).
Cholesky vectors no   554 -   589 computed, error is 4.317180e-02 (2.11 s).
Cholesky vectors no   590 -   625 computed, error is 4.259566e-02 (3.17 s).
Cholesky vectors no   626 -   670 computed, error is 4.123711e-02 (3.70 s).
Cholesky vectors no   671 -   671 computed, error is 3.464583e-02 (0.07 s).
Cholesky vectors no   672 -   716 computed, error is 3.393373e-02 (4.07 s).
Cholesky vectors no   717 -   761 computed, error is 3.208725e-02 (3.39 s).
Cholesky vectors no   762 -   764 computed, error is 3.185113e-02 (0.14 s).
Cholesky vectors no   765 -   765 computed, error is 3.009431e-02 (0.05 s).
Cholesky vectors no   766 -   771 computed, error is 2.796037e-02 (0.36 s).
Cholesky vectors no   772 -   807 computed, error is 1.931464e-02 (3.23 s).
Cholesky vectors no   808 -   843 computed, error is 1.831513e-02 (2.87 s).
Cholesky vectors no   844 -   846 computed, error is 1.778081e-02 (0.22 s).
Cholesky vectors no   847 -   853 computed, error is 1.600687e-02 (0.78 s).
Cholesky vectors no   854 -   854 computed, error is 1.578845e-02 (0.09 s).
Cholesky vectors no   855 -   899 computed, error is 1.336309e-02 (4.33 s).
Cholesky vectors no   900 -   935 computed, error is 1.333704e-02 (3.43 s).
Cholesky vectors no   936 -   955 computed, error is 1.284202e-02 (1.64 s).
Cholesky vectors no   956 -  1000 computed, error is 8.623704e-03 (3.80 s).
Cholesky vectors no  1001 -  1028 computed, error is 8.275213e-03 (1.99 s).
Cholesky vectors no  1029 -  1064 computed, error is 7.895186e-03 (2.71 s).
Cholesky vectors no  1065 -  1109 computed, error is 6.238008e-03 (3.64 s).
Cholesky vectors no  1110 -  1145 computed, error is 6.181913e-03 (2.71 s).
Cholesky vectors no  1146 -  1181 computed, error is 4.881923e-03 (3.07 s).
Cholesky vectors no  1182 -  1226 computed, error is 3.952063e-03 (4.55 s).
Cholesky vectors no  1227 -  1271 computed, error is 3.651667e-03 (3.92 s).
Cholesky vectors no  1272 -  1307 computed, error is 2.993040e-03 (4.34 s).
Cholesky vectors no  1308 -  1352 computed, error is 2.835314e-03 (3.27 s).
Cholesky vectors no  1353 -  1397 computed, error is 2.506323e-03 (3.34 s).
Cholesky vectors no  1398 -  1400 computed, error is 2.132042e-03 (0.92 s).
Cholesky vectors no  1401 -  1436 computed, error is 1.871931e-03 (2.91 s).
Cholesky vectors no  1437 -  1442 computed, error is 1.699400e-03 (0.47 s).
Cholesky vectors no  1443 -  1445 computed, error is 1.530192e-03 (0.24 s).
Cholesky vectors no  1446 -  1481 computed, error is 1.449546e-03 (2.63 s).
Cholesky vectors no  1482 -  1487 computed, error is 1.256316e-03 (0.47 s).
Cholesky vectors no  1488 -  1494 computed, error is 1.162033e-03 (0.57 s).
Cholesky vectors no  1495 -  1497 computed, error is 1.109390e-03 (0.24 s).
Cholesky vectors no  1498 -  1542 computed, error is 9.284026e-04 (5.36 s).
Cholesky vectors no  1543 -  1587 computed, error is 9.278730e-04 (3.59 s).
Cholesky vectors no  1588 -  1599 computed, error is 8.022507e-04 (1.01 s).
Cholesky vectors no  1600 -  1635 computed, error is 7.870156e-04 (4.82 s).
Cholesky vectors no  1636 -  1671 computed, error is 5.259625e-04 (3.55 s).
Cholesky vectors no  1672 -  1686 computed, error is 4.916656e-04 (1.51 s).
Cholesky vectors no  1687 -  1696 computed, error is 4.148154e-04 (1.04 s).
Cholesky vectors no  1697 -  1741 computed, error is 4.043653e-04 (6.39 s).
Cholesky vectors no  1742 -  1756 computed, error is 3.649147e-04 (1.80 s).
Cholesky vectors no  1757 -  1757 computed, error is 3.424709e-04 (0.12 s).
Cholesky vectors no  1758 -  1802 computed, error is 3.203458e-04 (5.96 s).
Cholesky vectors no  1803 -  1838 computed, error is 2.344554e-04 (4.26 s).
Cholesky vectors no  1839 -  1841 computed, error is 2.105270e-04 (0.41 s).
Cholesky vectors no  1842 -  1886 computed, error is 2.082408e-04 (5.66 s).
Cholesky vectors no  1887 -  1907 computed, error is 1.696087e-04 (4.16 s).
Cholesky vectors no  1908 -  1922 computed, error is 1.469585e-04 (2.01 s).
Cholesky vectors no  1923 -  1923 computed, error is 1.272813e-04 (0.14 s).
Cholesky vectors no  1924 -  1968 computed, error is 1.224093e-04 (8.39 s).
Cholesky vectors no  1969 -  2004 computed, error is 1.149923e-04 (8.28 s).
Cholesky vectors no  2005 -  2007 computed, error is 1.084302e-04 (0.55 s).
Cholesky vectors no  2008 -  2014 computed, error is 1.076619e-04 (1.08 s).
Cholesky vectors no  2015 -  2050 computed, error is 1.066332e-04 (6.83 s).
Cholesky vectors no  2051 -  2051 computed, error is 8.714941e-05 (0.15 s).
Cholesky vectors no  2052 -  2079 computed, error is 6.450487e-05 (5.21 s).
Cholesky vectors no  2080 -  2115 computed, error is 6.336148e-05 (8.00 s).
Cholesky vectors no  2116 -  2160 computed, error is 5.219853e-05 (9.35 s).
Cholesky vectors no  2161 -  2205 computed, error is 3.632586e-05 (7.92 s).
Cholesky vectors no  2206 -  2241 computed, error is 3.029072e-05 (5.47 s).
Cholesky vectors no  2242 -  2244 computed, error is 2.509725e-05 (0.44 s).
Cholesky vectors no  2245 -  2247 computed, error is 2.465129e-05 (0.44 s).
Cholesky vectors no  2248 -  2248 computed, error is 2.245149e-05 (0.15 s).
Cholesky vectors no  2249 -  2284 computed, error is 2.133107e-05 (5.11 s).
Cholesky vectors no  2285 -  2294 computed, error is 2.009250e-05 (1.50 s).
Cholesky vectors no  2295 -  2330 computed, error is 1.746786e-05 (7.57 s).
Cholesky vectors no  2331 -  2336 computed, error is 1.722454e-05 (1.01 s).
Cholesky vectors no  2337 -  2372 computed, error is 1.025612e-05 (5.71 s).
Cholesky vectors no  2373 -  2408 computed, error is 8.969601e-06 (6.52 s).
Cholesky vectors no  2409 -  2409 computed, error is 8.128610e-06 (0.15 s).
Cholesky vectors no  2410 -  2454 computed, error is 6.299043e-06 (6.47 s).
Cholesky vectors no  2455 -  2457 computed, error is 4.286140e-06 (0.43 s).
Cholesky vectors no  2458 -  2478 computed, error is 3.780229e-06 (3.00 s).
Cholesky vectors no  2479 -  2481 computed, error is 3.000145e-06 (0.42 s).
Cholesky vectors no  2482 -  2526 computed, error is 2.345162e-06 (8.99 s).
Cholesky vectors no  2527 -  2532 computed, error is 2.183840e-06 (1.35 s).
Cholesky vectors no  2533 -  2541 computed, error is 2.132067e-06 (2.00 s).
Cholesky vectors no  2542 -  2586 computed, error is 1.901224e-06 (8.35 s).
Cholesky vectors no  2587 -  2622 computed, error is 1.710746e-06 (8.13 s).
Cholesky vectors no  2623 -  2667 computed, error is 1.628707e-06 (8.45 s).
Cholesky vectors no  2668 -  2703 computed, error is 1.598471e-06 (7.49 s).
Cholesky vectors no  2704 -  2716 computed, error is 1.575924e-06 (2.31 s).
Cholesky vectors no  2717 -  2717 computed, error is 1.324864e-06 (0.19 s).
Cholesky vectors no  2718 -  2720 computed, error is 1.100304e-06 (0.54 s).
Cholesky vectors no  2721 -  2765 computed, error is 1.009510e-06 (7.88 s).
Cholesky vectors no  2766 -  2801 computed, error is 6.570827e-07 (8.31 s).
Cholesky vectors no  2802 -  2802 computed, error is 6.233351e-07 (0.17 s).
Cholesky vectors no  2803 -  2817 computed, error is 6.175752e-07 (2.85 s).
Cholesky vectors no  2818 -  2822 computed, error is 5.395067e-07 (0.86 s).
Cholesky vectors no  2823 -  2867 computed, error is 3.792337e-07 (7.65 s).
Cholesky vectors no  2868 -  2912 computed, error is 3.659467e-07 (9.40 s).
Cholesky vectors no  2913 -  2913 computed, error is 2.761698e-07 (0.18 s).
Cholesky vectors no  2914 -  2923 computed, error is 2.628487e-07 (1.78 s).
Cholesky vectors no  2924 -  2959 computed, error is 2.496902e-07 (6.49 s).
Cholesky vectors no  2960 -  2968 computed, error is 2.281755e-07 (1.70 s).
Cholesky vectors no  2969 -  2981 computed, error is 1.861273e-07 (2.71 s).
Cholesky vectors no  2982 -  2984 computed, error is 1.823539e-07 (0.84 s).
Cholesky vectors no  2985 -  3029 computed, error is 1.755230e-07 (11.24 s).
Cholesky vectors no  3030 -  3057 computed, error is 1.646320e-07 (5.92 s).
Cholesky vectors no  3058 -  3093 computed, error is 1.477586e-07 (7.33 s).
Cholesky vectors no  3094 -  3129 computed, error is 1.362900e-07 (9.48 s).
Cholesky vectors no  3130 -  3174 computed, error is 1.139273e-07 (8.70 s).
Cholesky vectors no  3175 -  3219 computed, error is 1.028041e-07 (9.46 s).
Cholesky vectors no  3220 -  3225 computed, error is 8.353320e-08 (0.87 s).
Cholesky decomposition finished in 6 min 58.83 s. Realized memory size is 3 Gi 836 Mi 540 ki.
Time use: integrals 1.8 %, linear algebra 98.2 %.
7041 shell pairs and 1 nuclei
SAP potential formed in 0.194 s.
Smallest eigenvalue of overlap matrix is 2.93e-04, reciprocal condition number is 6.70e-05.
Using symmetric orthogonalization.
Smallest eigenvalue of overlap matrix is 2.27e-04, reciprocal condition number is 4.92e-05.
Using symmetric orthogonalization.
Smallest eigenvalue of overlap matrix is 2.27e-04, reciprocal condition number is 4.69e-05.
Using symmetric orthogonalization.
Smallest eigenvalue of overlap matrix is 1.30e-04, reciprocal condition number is 2.37e-05.
Using symmetric orthogonalization.
Smallest eigenvalue of overlap matrix is 4.56e-05, reciprocal condition number is 6.53e-06.
Using symmetric orthogonalization.
Smallest eigenvalue of overlap matrix is 1.30e-04, reciprocal condition number is 2.37e-05.
Using symmetric orthogonalization.
Smallest eigenvalue of overlap matrix is 2.27e-04, reciprocal condition number is 4.69e-05.
Using symmetric orthogonalization.
Smallest eigenvalue of overlap matrix is 2.27e-04, reciprocal condition number is 4.92e-05.
Using symmetric orthogonalization.
Smallest eigenvalue of overlap matrix is 2.93e-04, reciprocal condition number is 6.70e-05.
Using symmetric orthogonalization.
Nela = 10 Nelb = 7



Solving SCF
Evaluated energy -379.1602594611 (change from lowest -3.791603e+02)


Iteration 1: 1 Fock evaluations energy -379.1602594611 change -3.791603e+02 DIIS error vector rms norm 1.014025e-01
History size 1
alpha m=-1 occupations
   1.0000   1.0000
alpha m=0 occupations
   1.0000   1.0000   1.0000   1.0000   1.0000
alpha m=1 occupations
   1.0000   1.0000
alpha m=2 occupations
   1.0000
beta m=-1 occupations
   1.0000
beta m=0 occupations
   1.0000   1.0000   1.0000   1.0000   1.0000
beta m=1 occupations
   1.0000
EDIIS step
Evaluated energy -458.7514802110 (change from lowest -7.959122e+01)
Density matrix difference 3.008336e-02 between lowest-energy and newest entry


Iteration 2: 2 Fock evaluations energy -458.7514802110 change -7.959122e+01 DIIS error vector rms norm 1.277139e-03
History size 2
alpha m=-1 occupations
   1.0000   1.0000
alpha m=0 occupations
   1.0000   1.0000   1.0000   1.0000   1.0000
alpha m=1 occupations
   1.0000   1.0000
alpha m=2 occupations
   1.0000
beta m=-1 occupations
   1.0000
beta m=0 occupations
   1.0000   1.0000   1.0000   1.0000   1.0000
beta m=1 occupations
   1.0000
EDIIS+DIIS step
Evaluated energy -458.7780322991 (change from lowest -2.655209e-02)
Density matrix difference 4.377096e-03 between lowest-energy and newest entry


Iteration 3: 3 Fock evaluations energy -458.7780322991 change -2.655209e-02 DIIS error vector rms norm 4.038035e-04
History size 3
alpha m=-1 occupations
   1.0000   1.0000
alpha m=0 occupations
   1.0000   1.0000   1.0000   1.0000   1.0000
alpha m=1 occupations
   1.0000   1.0000
alpha m=2 occupations
   1.0000
beta m=-1 occupations
   1.0000
beta m=0 occupations
   1.0000   1.0000   1.0000   1.0000   1.0000
beta m=1 occupations
   1.0000
EDIIS+DIIS step
Evaluated energy -458.7792421535 (change from lowest -1.209854e-03)
Density matrix difference 7.247219e-04 between lowest-energy and newest entry


Iteration 4: 4 Fock evaluations energy -458.7792421535 change -1.209854e-03 DIIS error vector rms norm 6.601960e-05
History size 4
alpha m=-1 occupations
   1.0000   1.0000
alpha m=0 occupations
   1.0000   1.0000   1.0000   1.0000   1.0000
alpha m=1 occupations
   1.0000   1.0000
alpha m=2 occupations
   1.0000
beta m=-1 occupations
   1.0000
beta m=0 occupations
   1.0000   1.0000   1.0000   1.0000   1.0000
beta m=1 occupations
   1.0000
DIIS step
Evaluated energy -458.7793985889 (change from lowest -1.564353e-04)
Density matrix difference 2.756615e-04 between lowest-energy and newest entry


Iteration 5: 5 Fock evaluations energy -458.7793985889 change -1.564353e-04 DIIS error vector rms norm 2.300407e-05
History size 5
alpha m=-1 occupations
   1.0000   1.0000
alpha m=0 occupations
   1.0000   1.0000   1.0000   1.0000   1.0000
alpha m=1 occupations
   1.0000   1.0000
alpha m=2 occupations
   1.0000
beta m=-1 occupations
   1.0000
beta m=0 occupations
   1.0000   1.0000   1.0000   1.0000   1.0000
beta m=1 occupations
   1.0000
DIIS step
Evaluated energy -458.7794217047 (change from lowest -2.311588e-05)
Density matrix difference 1.350815e-04 between lowest-energy and newest entry


Iteration 6: 6 Fock evaluations energy -458.7794217047 change -2.311588e-05 DIIS error vector rms norm 3.151497e-06
History size 6
alpha m=-1 occupations
   1.0000   1.0000
alpha m=0 occupations
   1.0000   1.0000   1.0000   1.0000   1.0000
alpha m=1 occupations
   1.0000   1.0000
alpha m=2 occupations
   1.0000
beta m=-1 occupations
   1.0000
beta m=0 occupations
   1.0000   1.0000   1.0000   1.0000   1.0000
beta m=1 occupations
   1.0000
DIIS step
Evaluated energy -458.7794221816 (change from lowest -4.768586e-07)
Density matrix difference 2.209275e-05 between lowest-energy and newest entry


Iteration 7: 7 Fock evaluations energy -458.7794221816 change -4.768586e-07 DIIS error vector rms norm 6.831564e-07
History size 7
Converged to energy -458.7794221816!

Running program took 13 min 32.64 s.
