ERKALE - HF/DFT from Hel, OpenMP version, running on 8 cores.
(c) Susi Lehtola, 2010-2016.

This program is free software; you can redistribute it and/or modify
it under the terms of the GNU General Public License as published by
the Free Software Foundation; either version 2 of the License, or
(at your option) any later version.

Running on host silver.

Current time is Fri 23 Jan 2026 18:42:55.

Current Settings used by ERKALE:
     AtomGuess      	                Auto	Method used for atomic guess (Auto for same as method)
     Basis          	             cc-pV5Z	Basis set used in calculation
     BasisCutoff    	           1.000e-08	Cutoff for dropping out small primitives from contraction
     BasisOrth      	                Auto	Method of orthonormalization of basis set
     BasisRotate    	               false	Rotate basis set to remove redundant functions?
     Charge         	                   0	Total charge of system
     CholDepThresh  	           1.000e-07	Partial Cholesky decomposition threshold
     Cholesky       	                true	Use Cholesky decomposition?
     CholeskyMode   	                   0	Save/load integrals? 0 no, 1 save, -1 load
     CholeskyNAFThr 	           0.000e+00	Cholesky natural auxiliary function threshold
     CholeskyShThr  	           1.000e-02	Cholesky cache threshold
     CholeskyThr    	           1.000e-07	Cholesky decomposition threshold
     Complexbas     	                true	Use complex basis?
     Confinement    	         0.0 0.0 0.0	Confinement potential V(r) = V_i x_i^2
     ConvThr        	           1.000e-06	Orbital gradient convergence threshold
     DFTBasisThr    	           1.000e-10	Threshold for screening basis functions on grid
     DFTCpars       	                    	Override parameters of correlation functional (expert)
     DFTDelta       	           1.000e+02	Switch to final DFT grid has converged within factor X
     DFTDensityThr  	           1.000e-10	Threshold for screening density on grid
     DFTFinalTol    	           1.000e-05	Tolerance of final DFT grid
     DFTGrid        	             75 -302	DFT integration grid to use: nrad lmax or Auto for adaptive
     DFTInitialTol  	           1.000e-04	Tolerance of initial DFT grid
     DFTLobatto     	               false	Use Lobatto quadrature instead of Lebedev quadrature?
     DFTQuadThresh  	           2.220e-16	Threshold for pruning points with small quadrature weight
     DFTXpars       	                    	Override parameters of exchange functional (expert)
     DIISComb       	               false	Combine alpha and beta errors in unrestricted calcs?
     DIISEps        	           1.000e-01	Start mixing in DIIS when error is
     DIISOrder      	                  10	How many DIIS iterations to keep in memory?
     DIISThr        	           1.000e-02	DIIS error threshold for DIIS updates
     DecFock        	               false	Use decontracted basis to calculate Fock matrix (direct HF)
     Decontract     	                   *	Indices of atoms to decontract basis set for
     DensityFitting 	               false	Use density fitting / RI?
     Direct         	               false	Calculate two-electron integrals (or density fitting) on-the-fly?
     EField         	         0.0 0.0 0.0	Electric field
     ErrorNorm      	                 rms	Error norm to use in the SCF code
     FittingBasis   	                Auto	Basis to use for density fitting / RI (Auto for automatic)
     FittingCholeskyThreshold	           1.000e-08	Linear dependence threshold for pivoted Cholesky of Coulomb integrals in density fitting
     FittingMemory  	                1000	Amount of memory in MB to use for exchange fitting
     FittingThreshold	           1.000e-07	Linear dependence threshold for Coulomb integrals in density fitting
     Guess          	              sapfit	Used guess: SAD (default), SADNO, core, GWH, SAP, or SAPfit
     InitConvThr    	           1.000e-05	Initialization convergence threshold
     InputBohr      	               false	Use atomic units as input units instead of angstrom?
     IntegralThresh 	           1.000e-10	Integral screening threshold
     Kgwh           	           1.750e+00	Scaling constant for GWH
     LinDepThresh   	           1.000e-05	Basis set linear dependency threshold
     LinearB        	           3.600e-01	Magnetic field along bond axis
     LinearFreeze   	               false	If using linear symmetry, freeze symmetry to input guess
     LinearOccupationFile	      ../../C_0.occs	File to read linear occupations from
     LinearOccupations	                  -1	Read in occupations for linear molecule calculations?
     LinearSymmetry 	                true	Do special calculation on linear molecule along z axis
     LoadChk        	                    	Checkpoint file to load from
     Logfile        	          erkale.log	File to print out full information, stdout for screen
     MaxInitIter    	                  50	Maximum number of iterations in the stepwise solutions
     MaxIter        	                 100	Maximum number of iterations in SCF cycle
     Method         	                  HF	Method used in calculation (HF or a DFT functional)
     Multiplicity   	                   3	Spin multiplicity
     NLGrid         	             50 -194	Integration grid to use for nonlocal correlation: nrad lmax
     Occupancies    	                    	Orbital occupancies
     OptLM          	               false	If spherical harmonics used, use cartesian s and p functions?
     PZ             	               false	Perform Perdew-Zunger self-interaction correction?
     PZEthr         	           1.000e-10	Threshold for energy convergence
     PZIthr         	           1.000e-02	Threshold for initialization convergence (not too small!)
     PZNRthr        	           0.000e+00	Threshold for use of NR method in OO optimization
     PZOOthr        	           1.000e-04	Gradient threshold for OO optimization
     PZOVthr        	           1.000e-05	Gradient threshold for OV optimization
     PZimag         	                Auto	Imaginary degrees of freedom in PZ?
     PZiter         	                  20	Max number of iterations in self-consistency iteration
     PZloc          	                Auto	Initial localization before SIC calculation?
     PZlocmet       	                  FB	Initial localization method (recommend FB or IAO)
     PZmode         	                  XC	Apply PZ to the operators (in addition to J): X C D
     PZoo           	                true	Optimize OO block?
     PZov           	                true	Optimize OV block?
     PZprec         	                   1	Precondition OV block? 0: no, 1: unified, 2: orbital
     PZrand         	                true	Apply random rotation in PZ initialization? (Should be true)
     PZscale        	            Constant	Scaling for PZ: Constant, Density or Kinetic
     PZscaleExp     	           1.000e+00	Exponent in the dynamic scaling equation
     PZseed         	                   0	Seed number for randomized matrices?
     PZstab         	                   0	Stability analysis for PZ-SIC? 1 or -1 for OO, 2 or -2 for OO+OV
     PZstabThr      	           1.000e-03	Instability threshold (interpreted as -thr)
     PZw            	           1.000e+00	Weight for Perdew-Zunger self-interaction correction
     Restricted     	               false	Spin restricted?
     SAPBasis       	    helfem_large.gbs	Tabulated atomic effective potential "basis set"
     SAPGrid        	                    	SAP integration grid to use: nrad lmax or leave empty
     SaveChk        	   complex_basis.chk	Checkpoint file to save to
     Shift          	           0.000e+00	Level shift to use in Hartree
     System         	        ../atoms.xyz	System as an xyz file
     TRRHminS       	           9.750e-01	Trust-Region Roothaan-Hall minimal occupied orbital overlap
     UseADIIS       	                true	Use ADIIS for Fock matrix interpolation?
     UseBroyden     	               false	Use Broyden mixing of Fock matrices?
     UseDIIS        	                true	Use Pulay's Direct Inversion in the Iterative Subspace?
     UseLM          	                true	Use a spherical harmonics basis set by default?
     UseTRRH        	               false	Use Trust-Region Roothaan-Hall?
     VV10           	                Auto	Use VV10 non-local correlation?
     VV10Pars       	                    	VV10 parameters: b C
     Verbose        	                true	Verbose calculation?
     Verbosity      	                   5	Verboseness level

Basis set cc-pV5Z found in file cc-pV5Z.gbs in /home/lehtola/programs/erkale/basis/.
Basis set helfem_large.gbs found in file helfem_large.gbs in /home/lehtola/programs/erkale/basis/.
Screening by shell pairs and symmetry reduced dofs by factor 2.00.
Individual screening reduced dofs by a total factor 2.00.
Computing Cholesky vectors. Estimated memory size is 14 Mi - 48 Mi.
Cholesky vectors no     0 -     0 computed, error is 4.439080e+01 (0.03 s).
Cholesky vectors no     1 -     1 computed, error is 1.637834e+01 (0.03 s).
Cholesky vectors no     2 -     2 computed, error is 5.733111e+00 (0.03 s).
Cholesky vectors no     3 -     8 computed, error is 2.249450e+00 (0.16 s).
Cholesky vectors no     9 -     9 computed, error is 1.849179e+00 (0.03 s).
Cholesky vectors no    10 -    12 computed, error is 1.498135e+00 (0.08 s).
Cholesky vectors no    13 -    18 computed, error is 5.615478e-01 (0.16 s).
Cholesky vectors no    19 -    21 computed, error is 5.042857e-01 (0.08 s).
Cholesky vectors no    22 -    66 computed, error is 5.011729e-01 (0.01 s).
Cholesky vectors no    67 -    67 computed, error is 4.832850e-01 (0.00 s).
Cholesky vectors no    68 -    68 computed, error is 3.705366e-01 (0.00 s).
Cholesky vectors no    69 -    74 computed, error is 2.813094e-01 (0.00 s).
Cholesky vectors no    75 -    84 computed, error is 1.508552e-01 (0.00 s).
Cholesky vectors no    85 -   112 computed, error is 1.273523e-01 (0.01 s).
Cholesky vectors no   113 -   127 computed, error is 1.002932e-01 (0.01 s).
Cholesky vectors no   128 -   148 computed, error is 9.190779e-02 (0.01 s).
Cholesky vectors no   149 -   151 computed, error is 6.500897e-02 (0.00 s).
Cholesky vectors no   152 -   154 computed, error is 3.735685e-02 (0.00 s).
Cholesky vectors no   155 -   190 computed, error is 3.469775e-02 (0.02 s).
Cholesky vectors no   191 -   196 computed, error is 3.038847e-02 (0.00 s).
Cholesky vectors no   197 -   197 computed, error is 2.778943e-02 (0.00 s).
Cholesky vectors no   198 -   207 computed, error is 2.474059e-02 (0.01 s).
Cholesky vectors no   208 -   273 computed, error is 1.960337e-02 (0.04 s).
Cholesky vectors no   274 -   276 computed, error is 1.321316e-02 (0.00 s).
Cholesky vectors no   277 -   277 computed, error is 7.885894e-03 (0.00 s).
Cholesky vectors no   278 -   283 computed, error is 7.710792e-03 (0.00 s).
Cholesky vectors no   284 -   319 computed, error is 6.894611e-03 (0.03 s).
Cholesky vectors no   320 -   374 computed, error is 4.412523e-03 (0.04 s).
Cholesky vectors no   375 -   384 computed, error is 3.981413e-03 (0.01 s).
Cholesky vectors no   385 -   387 computed, error is 3.765190e-03 (0.00 s).
Cholesky vectors no   388 -   432 computed, error is 2.819814e-03 (0.04 s).
Cholesky vectors no   433 -   435 computed, error is 2.709540e-03 (0.00 s).
Cholesky vectors no   436 -   463 computed, error is 2.516694e-03 (0.02 s).
Cholesky vectors no   464 -   484 computed, error is 2.474287e-03 (0.01 s).
Cholesky vectors no   485 -   485 computed, error is 2.051968e-03 (0.00 s).
Cholesky vectors no   486 -   522 computed, error is 9.982150e-04 (0.04 s).
Cholesky vectors no   523 -   528 computed, error is 7.588294e-04 (0.00 s).
Cholesky vectors no   529 -   543 computed, error is 7.423116e-04 (0.01 s).
Cholesky vectors no   544 -   564 computed, error is 5.833844e-04 (0.01 s).
Cholesky vectors no   565 -   574 computed, error is 3.827353e-04 (0.01 s).
Cholesky vectors no   575 -   577 computed, error is 2.054119e-04 (0.00 s).
Cholesky vectors no   578 -   578 computed, error is 1.203585e-04 (0.00 s).
Cholesky vectors no   579 -   584 computed, error is 8.728456e-05 (0.00 s).
Cholesky vectors no   585 -   597 computed, error is 6.510678e-05 (0.01 s).
Cholesky vectors no   598 -   598 computed, error is 4.414476e-05 (0.00 s).
Cholesky vectors no   599 -   606 computed, error is 4.362114e-05 (0.02 s).
Cholesky vectors no   607 -   609 computed, error is 3.417624e-05 (0.00 s).
Cholesky vectors no   610 -   624 computed, error is 2.179150e-05 (0.01 s).
Cholesky vectors no   625 -   633 computed, error is 1.687663e-05 (0.01 s).
Cholesky vectors no   634 -   660 computed, error is 1.450697e-05 (0.02 s).
Cholesky vectors no   661 -   663 computed, error is 1.087289e-05 (0.00 s).
Cholesky vectors no   664 -   666 computed, error is 8.586936e-06 (0.00 s).
Cholesky vectors no   667 -   710 computed, error is 7.278820e-06 (0.05 s).
Cholesky vectors no   711 -   711 computed, error is 3.688928e-06 (0.00 s).
Cholesky vectors no   712 -   744 computed, error is 3.652330e-06 (0.02 s).
Cholesky vectors no   745 -   745 computed, error is 3.174201e-06 (0.00 s).
Cholesky vectors no   746 -   746 computed, error is 2.161825e-06 (0.00 s).
Cholesky vectors no   747 -   777 computed, error is 1.972194e-06 (0.02 s).
Cholesky vectors no   778 -   783 computed, error is 1.794089e-06 (0.00 s).
Cholesky vectors no   784 -   786 computed, error is 1.669282e-06 (0.00 s).
Cholesky vectors no   787 -   820 computed, error is 1.092558e-06 (0.05 s).
Cholesky vectors no   821 -   826 computed, error is 9.691210e-07 (0.01 s).
Cholesky vectors no   827 -   844 computed, error is 6.725062e-07 (0.01 s).
Cholesky vectors no   845 -   854 computed, error is 6.302960e-07 (0.01 s).
Cholesky vectors no   855 -   883 computed, error is 4.922940e-07 (0.02 s).
Cholesky vectors no   884 -   885 computed, error is 3.748935e-07 (0.00 s).
Cholesky vectors no   886 -   912 computed, error is 2.755138e-07 (0.04 s).
Cholesky vectors no   913 -   913 computed, error is 2.227477e-07 (0.00 s).
Cholesky vectors no   914 -   922 computed, error is 1.772194e-07 (0.01 s).
Cholesky vectors no   923 -   923 computed, error is 1.616982e-07 (0.00 s).
Cholesky vectors no   924 -   936 computed, error is 1.575324e-07 (0.01 s).
Cholesky vectors no   937 -   939 computed, error is 6.587585e-08 (0.00 s).
Cholesky decomposition finished in 1.81 s. Realized memory size is 44 Mi 615 ki.
Time use: integrals 25.9 %, linear algebra 74.1 %.
524 shell pairs and 1 nuclei
SAP potential formed in 0.013 s.
Smallest eigenvalue of overlap matrix is 1.00e+00, reciprocal condition number is 1.00e+00.
Using symmetric orthogonalization.
Smallest eigenvalue of overlap matrix is 4.50e-01, reciprocal condition number is 2.91e-01.
Using symmetric orthogonalization.
Smallest eigenvalue of overlap matrix is 1.69e-01, reciprocal condition number is 8.23e-02.
Using symmetric orthogonalization.
Smallest eigenvalue of overlap matrix is 8.73e-02, reciprocal condition number is 3.66e-02.
Using symmetric orthogonalization.
Smallest eigenvalue of overlap matrix is 1.69e-02, reciprocal condition number is 5.23e-03.
Using symmetric orthogonalization.
Smallest eigenvalue of overlap matrix is 1.45e-03, reciprocal condition number is 3.05e-04.
Using symmetric orthogonalization.
Smallest eigenvalue of overlap matrix is 1.69e-02, reciprocal condition number is 5.23e-03.
Using symmetric orthogonalization.
Smallest eigenvalue of overlap matrix is 8.73e-02, reciprocal condition number is 3.66e-02.
Using symmetric orthogonalization.
Smallest eigenvalue of overlap matrix is 1.69e-01, reciprocal condition number is 8.23e-02.
Using symmetric orthogonalization.
Smallest eigenvalue of overlap matrix is 4.50e-01, reciprocal condition number is 2.91e-01.
Using symmetric orthogonalization.
Smallest eigenvalue of overlap matrix is 1.00e+00, reciprocal condition number is 1.00e+00.
Using symmetric orthogonalization.
Nela = 4 Nelb = 2



Solving SCF
Evaluated energy -37.7138436250 (change from lowest -3.771384e+01)


Iteration 1: 1 Fock evaluations energy -37.7138436250 change -3.771384e+01 DIIS error vector rms norm 1.204626e-02
History size 1
alpha m=-1 occupations
   1.0000
alpha m=0 occupations
   1.0000   1.0000
alpha m=1 occupations
   1.0000
beta m=0 occupations
   1.0000   1.0000
EDIIS+DIIS step
Evaluated energy -37.8907683072 (change from lowest -1.769247e-01)
Density matrix difference 5.233887e-02 between lowest-energy and newest entry


Iteration 2: 2 Fock evaluations energy -37.8907683072 change -1.769247e-01 DIIS error vector rms norm 2.480799e-03
History size 2
alpha m=-1 occupations
   1.0000
alpha m=0 occupations
   1.0000   1.0000
alpha m=1 occupations
   1.0000
beta m=0 occupations
   1.0000   1.0000
EDIIS+DIIS step
Evaluated energy -37.8990593893 (change from lowest -8.291082e-03)
Density matrix difference 9.154941e-03 between lowest-energy and newest entry


Iteration 3: 3 Fock evaluations energy -37.8990593893 change -8.291082e-03 DIIS error vector rms norm 5.982922e-04
History size 3
alpha m=-1 occupations
   1.0000
alpha m=0 occupations
   1.0000   1.0000
alpha m=1 occupations
   1.0000
beta m=0 occupations
   1.0000   1.0000
EDIIS+DIIS step
Evaluated energy -37.8999631582 (change from lowest -9.037689e-04)
Density matrix difference 3.517844e-03 between lowest-energy and newest entry


Iteration 4: 4 Fock evaluations energy -37.8999631582 change -9.037689e-04 DIIS error vector rms norm 1.982513e-04
History size 4
alpha m=-1 occupations
   1.0000
alpha m=0 occupations
   1.0000   1.0000
alpha m=1 occupations
   1.0000
beta m=0 occupations
   1.0000   1.0000
EDIIS+DIIS step
Evaluated energy -37.9000724760 (change from lowest -1.093178e-04)
Density matrix difference 1.300611e-03 between lowest-energy and newest entry


Iteration 5: 5 Fock evaluations energy -37.9000724760 change -1.093178e-04 DIIS error vector rms norm 4.637374e-05
History size 5
alpha m=-1 occupations
   1.0000
alpha m=0 occupations
   1.0000   1.0000
alpha m=1 occupations
   1.0000
beta m=0 occupations
   1.0000   1.0000
DIIS step
Evaluated energy -37.9000775989 (change from lowest -5.122884e-06)
Density matrix difference 2.673301e-04 between lowest-energy and newest entry


Iteration 6: 6 Fock evaluations energy -37.9000775989 change -5.122884e-06 DIIS error vector rms norm 5.308499e-06
History size 6
alpha m=-1 occupations
   1.0000
alpha m=0 occupations
   1.0000   1.0000
alpha m=1 occupations
   1.0000
beta m=0 occupations
   1.0000   1.0000
DIIS step
Evaluated energy -37.9000776433 (change from lowest -4.438216e-08)
Density matrix difference 1.967527e-05 between lowest-energy and newest entry


Iteration 7: 7 Fock evaluations energy -37.9000776433 change -4.438216e-08 DIIS error vector rms norm 8.003886e-07
History size 7
Converged to energy -37.9000776433!

Running program took 2.48 s.
