ERKALE - HF/DFT from Hel, OpenMP version, running on 8 cores.
(c) Susi Lehtola, 2010-2016.

This program is free software; you can redistribute it and/or modify
it under the terms of the GNU General Public License as published by
the Free Software Foundation; either version 2 of the License, or
(at your option) any later version.

Running on host silver.

Current time is Tue 20 Jan 2026 20:44:05.

Current Settings used by ERKALE:
     AtomGuess      	                Auto	Method used for atomic guess (Auto for same as method)
     Basis          	           AHGBSP3-7	Basis set used in calculation
     BasisCutoff    	           1.000e-08	Cutoff for dropping out small primitives from contraction
     BasisOrth      	                Auto	Method of orthonormalization of basis set
     BasisRotate    	               false	Rotate basis set to remove redundant functions?
     Charge         	                   0	Total charge of system
     CholDepThresh  	           1.000e-07	Partial Cholesky decomposition threshold
     Cholesky       	                true	Use Cholesky decomposition?
     CholeskyMode   	                   0	Save/load integrals? 0 no, 1 save, -1 load
     CholeskyNAFThr 	           0.000e+00	Cholesky natural auxiliary function threshold
     CholeskyShThr  	           1.000e-02	Cholesky cache threshold
     CholeskyThr    	           1.000e-07	Cholesky decomposition threshold
     Complexbas     	                true	Use complex basis?
     Confinement    	         0.0 0.0 0.0	Confinement potential V(r) = V_i x_i^2
     ConvThr        	           1.000e-06	Orbital gradient convergence threshold
     DFTBasisThr    	           1.000e-10	Threshold for screening basis functions on grid
     DFTCpars       	                    	Override parameters of correlation functional (expert)
     DFTDelta       	           1.000e+02	Switch to final DFT grid has converged within factor X
     DFTDensityThr  	           1.000e-10	Threshold for screening density on grid
     DFTFinalTol    	           1.000e-05	Tolerance of final DFT grid
     DFTGrid        	             75 -302	DFT integration grid to use: nrad lmax or Auto for adaptive
     DFTInitialTol  	           1.000e-04	Tolerance of initial DFT grid
     DFTLobatto     	               false	Use Lobatto quadrature instead of Lebedev quadrature?
     DFTQuadThresh  	           2.220e-16	Threshold for pruning points with small quadrature weight
     DFTXpars       	                    	Override parameters of exchange functional (expert)
     DIISComb       	               false	Combine alpha and beta errors in unrestricted calcs?
     DIISEps        	           1.000e-01	Start mixing in DIIS when error is
     DIISOrder      	                  10	How many DIIS iterations to keep in memory?
     DIISThr        	           1.000e-02	DIIS error threshold for DIIS updates
     DecFock        	               false	Use decontracted basis to calculate Fock matrix (direct HF)
     Decontract     	                   *	Indices of atoms to decontract basis set for
     DensityFitting 	               false	Use density fitting / RI?
     Direct         	               false	Calculate two-electron integrals (or density fitting) on-the-fly?
     EField         	         0.0 0.0 0.0	Electric field
     ErrorNorm      	                 rms	Error norm to use in the SCF code
     FittingBasis   	                Auto	Basis to use for density fitting / RI (Auto for automatic)
     FittingCholeskyThreshold	           1.000e-08	Linear dependence threshold for pivoted Cholesky of Coulomb integrals in density fitting
     FittingMemory  	                1000	Amount of memory in MB to use for exchange fitting
     FittingThreshold	           1.000e-07	Linear dependence threshold for Coulomb integrals in density fitting
     Guess          	              sapfit	Used guess: SAD (default), SADNO, core, GWH, SAP, or SAPfit
     InitConvThr    	           1.000e-05	Initialization convergence threshold
     InputBohr      	               false	Use atomic units as input units instead of angstrom?
     IntegralThresh 	           1.000e-10	Integral screening threshold
     Kgwh           	           1.750e+00	Scaling constant for GWH
     LinDepThresh   	           1.000e-05	Basis set linear dependency threshold
     LinearB        	           2.000e-02	Magnetic field along bond axis
     LinearFreeze   	               false	If using linear symmetry, freeze symmetry to input guess
     LinearOccupationFile	     ../../Cl_1.occs	File to read linear occupations from
     LinearOccupations	                  -1	Read in occupations for linear molecule calculations?
     LinearSymmetry 	                true	Do special calculation on linear molecule along z axis
     LoadChk        	                    	Checkpoint file to load from
     Logfile        	          erkale.log	File to print out full information, stdout for screen
     MaxInitIter    	                  50	Maximum number of iterations in the stepwise solutions
     MaxIter        	                 100	Maximum number of iterations in SCF cycle
     Method         	                  HF	Method used in calculation (HF or a DFT functional)
     Multiplicity   	                   2	Spin multiplicity
     NLGrid         	             50 -194	Integration grid to use for nonlocal correlation: nrad lmax
     Occupancies    	                    	Orbital occupancies
     OptLM          	               false	If spherical harmonics used, use cartesian s and p functions?
     PZ             	               false	Perform Perdew-Zunger self-interaction correction?
     PZEthr         	           1.000e-10	Threshold for energy convergence
     PZIthr         	           1.000e-02	Threshold for initialization convergence (not too small!)
     PZNRthr        	           0.000e+00	Threshold for use of NR method in OO optimization
     PZOOthr        	           1.000e-04	Gradient threshold for OO optimization
     PZOVthr        	           1.000e-05	Gradient threshold for OV optimization
     PZimag         	                Auto	Imaginary degrees of freedom in PZ?
     PZiter         	                  20	Max number of iterations in self-consistency iteration
     PZloc          	                Auto	Initial localization before SIC calculation?
     PZlocmet       	                  FB	Initial localization method (recommend FB or IAO)
     PZmode         	                  XC	Apply PZ to the operators (in addition to J): X C D
     PZoo           	                true	Optimize OO block?
     PZov           	                true	Optimize OV block?
     PZprec         	                   1	Precondition OV block? 0: no, 1: unified, 2: orbital
     PZrand         	                true	Apply random rotation in PZ initialization? (Should be true)
     PZscale        	            Constant	Scaling for PZ: Constant, Density or Kinetic
     PZscaleExp     	           1.000e+00	Exponent in the dynamic scaling equation
     PZseed         	                   0	Seed number for randomized matrices?
     PZstab         	                   0	Stability analysis for PZ-SIC? 1 or -1 for OO, 2 or -2 for OO+OV
     PZstabThr      	           1.000e-03	Instability threshold (interpreted as -thr)
     PZw            	           1.000e+00	Weight for Perdew-Zunger self-interaction correction
     Restricted     	               false	Spin restricted?
     SAPBasis       	    helfem_large.gbs	Tabulated atomic effective potential "basis set"
     SAPGrid        	                    	SAP integration grid to use: nrad lmax or leave empty
     SaveChk        	   complex_basis.chk	Checkpoint file to save to
     Shift          	           0.000e+00	Level shift to use in Hartree
     System         	        ../atoms.xyz	System as an xyz file
     TRRHminS       	           9.750e-01	Trust-Region Roothaan-Hall minimal occupied orbital overlap
     UseADIIS       	                true	Use ADIIS for Fock matrix interpolation?
     UseBroyden     	               false	Use Broyden mixing of Fock matrices?
     UseDIIS        	                true	Use Pulay's Direct Inversion in the Iterative Subspace?
     UseLM          	                true	Use a spherical harmonics basis set by default?
     UseTRRH        	               false	Use Trust-Region Roothaan-Hall?
     VV10           	                Auto	Use VV10 non-local correlation?
     VV10Pars       	                    	VV10 parameters: b C
     Verbose        	                true	Verbose calculation?
     Verbosity      	                   5	Verboseness level

Basis set AHGBSP3-7 found in file AHGBSP3-7.gbs in /home/lehtola/programs/erkale/basis/.
Basis set helfem_large.gbs found in file helfem_large.gbs in /home/lehtola/programs/erkale/basis/.
Screening by shell pairs and symmetry reduced dofs by factor 2.08.
Individual screening reduced dofs by a total factor 2.08.
Computing Cholesky vectors. Estimated memory size is 1 Gi - 3 Gi.
Cholesky vectors no     0 -     0 computed, error is 1.687231e+02 (0.03 s).
Cholesky vectors no     1 -     1 computed, error is 4.658227e+01 (0.01 s).
Cholesky vectors no     2 -     2 computed, error is 1.948103e+01 (0.00 s).
Cholesky vectors no     3 -     8 computed, error is 1.785360e+01 (0.02 s).
Cholesky vectors no     9 -     9 computed, error is 1.042310e+01 (0.00 s).
Cholesky vectors no    10 -    12 computed, error is 8.034405e+00 (0.01 s).
Cholesky vectors no    13 -    18 computed, error is 2.872928e+00 (0.02 s).
Cholesky vectors no    19 -    33 computed, error is 2.710324e+00 (0.11 s).
Cholesky vectors no    34 -    36 computed, error is 2.466342e+00 (0.02 s).
Cholesky vectors no    37 -    37 computed, error is 1.658021e+00 (0.01 s).
Cholesky vectors no    38 -    47 computed, error is 1.312805e+00 (0.08 s).
Cholesky vectors no    48 -    53 computed, error is 1.078660e+00 (0.05 s).
Cholesky vectors no    54 -    98 computed, error is 8.578681e-01 (0.40 s).
Cholesky vectors no    99 -   101 computed, error is 8.234044e-01 (0.11 s).
Cholesky vectors no   102 -   116 computed, error is 7.358644e-01 (0.16 s).
Cholesky vectors no   117 -   137 computed, error is 4.919609e-01 (0.28 s).
Cholesky vectors no   138 -   138 computed, error is 4.078462e-01 (0.02 s).
Cholesky vectors no   139 -   183 computed, error is 3.058145e-01 (0.74 s).
Cholesky vectors no   184 -   219 computed, error is 2.417619e-01 (0.74 s).
Cholesky vectors no   220 -   247 computed, error is 2.196248e-01 (0.51 s).
Cholesky vectors no   248 -   257 computed, error is 1.583738e-01 (0.18 s).
Cholesky vectors no   258 -   302 computed, error is 1.566870e-01 (1.02 s).
Cholesky vectors no   303 -   338 computed, error is 1.325289e-01 (0.78 s).
Cholesky vectors no   339 -   339 computed, error is 1.119037e-01 (0.02 s).
Cholesky vectors no   340 -   342 computed, error is 8.356096e-02 (0.07 s).
Cholesky vectors no   343 -   378 computed, error is 8.279532e-02 (0.80 s).
Cholesky vectors no   379 -   423 computed, error is 7.815274e-02 (1.31 s).
Cholesky vectors no   424 -   438 computed, error is 7.566661e-02 (0.37 s).
Cholesky vectors no   439 -   441 computed, error is 6.165493e-02 (0.07 s).
Cholesky vectors no   442 -   486 computed, error is 5.538033e-02 (1.10 s).
Cholesky vectors no   487 -   492 computed, error is 4.946163e-02 (0.15 s).
Cholesky vectors no   493 -   502 computed, error is 4.540435e-02 (0.49 s).
Cholesky vectors no   503 -   503 computed, error is 4.437686e-02 (0.03 s).
Cholesky vectors no   504 -   539 computed, error is 4.094872e-02 (1.17 s).
Cholesky vectors no   540 -   567 computed, error is 3.671244e-02 (0.85 s).
Cholesky vectors no   568 -   612 computed, error is 3.653185e-02 (1.65 s).
Cholesky vectors no   613 -   613 computed, error is 3.020468e-02 (0.03 s).
Cholesky vectors no   614 -   634 computed, error is 2.398017e-02 (0.68 s).
Cholesky vectors no   635 -   679 computed, error is 2.347974e-02 (1.49 s).
Cholesky vectors no   680 -   715 computed, error is 1.551188e-02 (1.51 s).
Cholesky vectors no   716 -   751 computed, error is 1.442719e-02 (1.25 s).
Cholesky vectors no   752 -   796 computed, error is 1.394928e-02 (1.69 s).
Cholesky vectors no   797 -   817 computed, error is 1.240981e-02 (1.07 s).
Cholesky vectors no   818 -   862 computed, error is 1.238081e-02 (1.69 s).
Cholesky vectors no   863 -   898 computed, error is 9.326509e-03 (1.35 s).
Cholesky vectors no   899 -   943 computed, error is 8.651151e-03 (2.41 s).
Cholesky vectors no   944 -   946 computed, error is 7.221342e-03 (0.11 s).
Cholesky vectors no   947 -   982 computed, error is 6.505653e-03 (1.84 s).
Cholesky vectors no   983 -  1018 computed, error is 5.610276e-03 (1.82 s).
Cholesky vectors no  1019 -  1063 computed, error is 4.861377e-03 (1.93 s).
Cholesky vectors no  1064 -  1066 computed, error is 4.535636e-03 (0.12 s).
Cholesky vectors no  1067 -  1111 computed, error is 3.884008e-03 (2.45 s).
Cholesky vectors no  1112 -  1118 computed, error is 3.801355e-03 (0.30 s).
Cholesky vectors no  1119 -  1154 computed, error is 3.406591e-03 (1.72 s).
Cholesky vectors no  1155 -  1190 computed, error is 3.267590e-03 (1.90 s).
Cholesky vectors no  1191 -  1235 computed, error is 2.838925e-03 (2.62 s).
Cholesky vectors no  1236 -  1241 computed, error is 2.425987e-03 (0.38 s).
Cholesky vectors no  1242 -  1268 computed, error is 2.133097e-03 (1.80 s).
Cholesky vectors no  1269 -  1313 computed, error is 2.007431e-03 (3.07 s).
Cholesky vectors no  1314 -  1349 computed, error is 1.758697e-03 (2.05 s).
Cholesky vectors no  1350 -  1394 computed, error is 1.247429e-03 (2.31 s).
Cholesky vectors no  1395 -  1405 computed, error is 1.135579e-03 (1.07 s).
Cholesky vectors no  1406 -  1441 computed, error is 1.058925e-03 (2.32 s).
Cholesky vectors no  1442 -  1477 computed, error is 9.937162e-04 (2.47 s).
Cholesky vectors no  1478 -  1480 computed, error is 8.371250e-04 (0.19 s).
Cholesky vectors no  1481 -  1481 computed, error is 7.351549e-04 (0.07 s).
Cholesky vectors no  1482 -  1491 computed, error is 6.915610e-04 (0.64 s).
Cholesky vectors no  1492 -  1536 computed, error is 6.863895e-04 (3.46 s).
Cholesky vectors no  1537 -  1551 computed, error is 5.523955e-04 (0.92 s).
Cholesky vectors no  1552 -  1587 computed, error is 4.687628e-04 (2.34 s).
Cholesky vectors no  1588 -  1590 computed, error is 4.469572e-04 (0.22 s).
Cholesky vectors no  1591 -  1618 computed, error is 4.269353e-04 (2.61 s).
Cholesky vectors no  1619 -  1653 computed, error is 3.907457e-04 (2.76 s).
Cholesky vectors no  1654 -  1660 computed, error is 3.762589e-04 (0.52 s).
Cholesky vectors no  1661 -  1705 computed, error is 2.782363e-04 (4.25 s).
Cholesky vectors no  1706 -  1750 computed, error is 2.655514e-04 (3.31 s).
Cholesky vectors no  1751 -  1786 computed, error is 2.277997e-04 (2.57 s).
Cholesky vectors no  1787 -  1831 computed, error is 2.164041e-04 (3.94 s).
Cholesky vectors no  1832 -  1834 computed, error is 1.641041e-04 (0.27 s).
Cholesky vectors no  1835 -  1835 computed, error is 9.959191e-05 (0.10 s).
Cholesky vectors no  1836 -  1856 computed, error is 8.195549e-05 (2.03 s).
Cholesky vectors no  1857 -  1862 computed, error is 7.268819e-05 (0.62 s).
Cholesky vectors no  1863 -  1863 computed, error is 7.151079e-05 (0.10 s).
Cholesky vectors no  1864 -  1908 computed, error is 5.718261e-05 (5.37 s).
Cholesky vectors no  1909 -  1944 computed, error is 4.717437e-05 (4.16 s).
Cholesky vectors no  1945 -  1980 computed, error is 3.024329e-05 (4.20 s).
Cholesky vectors no  1981 -  1983 computed, error is 2.746364e-05 (0.30 s).
Cholesky vectors no  1984 -  2028 computed, error is 2.175657e-05 (5.88 s).
Cholesky vectors no  2029 -  2064 computed, error is 1.754594e-05 (4.06 s).
Cholesky vectors no  2065 -  2067 computed, error is 1.731556e-05 (0.28 s).
Cholesky vectors no  2068 -  2112 computed, error is 1.498415e-05 (4.92 s).
Cholesky vectors no  2113 -  2148 computed, error is 1.342544e-05 (3.74 s).
Cholesky vectors no  2149 -  2149 computed, error is 1.065553e-05 (0.11 s).
Cholesky vectors no  2150 -  2194 computed, error is 9.542485e-06 (4.43 s).
Cholesky vectors no  2195 -  2200 computed, error is 8.683256e-06 (1.43 s).
Cholesky vectors no  2201 -  2228 computed, error is 8.457274e-06 (2.15 s).
Cholesky vectors no  2229 -  2264 computed, error is 4.746550e-06 (2.79 s).
Cholesky vectors no  2265 -  2309 computed, error is 4.205585e-06 (4.39 s).
Cholesky vectors no  2310 -  2354 computed, error is 3.903362e-06 (3.61 s).
Cholesky vectors no  2355 -  2399 computed, error is 3.693233e-06 (3.63 s).
Cholesky vectors no  2400 -  2409 computed, error is 3.473226e-06 (1.81 s).
Cholesky vectors no  2410 -  2445 computed, error is 3.178894e-06 (3.11 s).
Cholesky vectors no  2446 -  2460 computed, error is 3.177279e-06 (1.57 s).
Cholesky vectors no  2461 -  2496 computed, error is 3.090496e-06 (3.86 s).
Cholesky vectors no  2497 -  2497 computed, error is 2.172535e-06 (0.10 s).
Cholesky vectors no  2498 -  2533 computed, error is 1.758246e-06 (4.58 s).
Cholesky vectors no  2534 -  2538 computed, error is 1.667752e-06 (0.50 s).
Cholesky vectors no  2539 -  2547 computed, error is 1.636022e-06 (0.76 s).
Cholesky vectors no  2548 -  2592 computed, error is 1.328361e-06 (5.26 s).
Cholesky vectors no  2593 -  2605 computed, error is 1.254189e-06 (2.59 s).
Cholesky vectors no  2606 -  2641 computed, error is 1.203157e-06 (4.15 s).
Cholesky vectors no  2642 -  2642 computed, error is 9.538568e-07 (0.11 s).
Cholesky vectors no  2643 -  2687 computed, error is 7.755293e-07 (4.15 s).
Cholesky vectors no  2688 -  2723 computed, error is 7.702617e-07 (4.17 s).
Cholesky vectors no  2724 -  2726 computed, error is 7.252264e-07 (0.26 s).
Cholesky vectors no  2727 -  2771 computed, error is 5.921116e-07 (4.02 s).
Cholesky vectors no  2772 -  2807 computed, error is 5.851228e-07 (5.29 s).
Cholesky vectors no  2808 -  2852 computed, error is 5.492891e-07 (9.00 s).
Cholesky vectors no  2853 -  2853 computed, error is 4.357192e-07 (0.14 s).
Cholesky vectors no  2854 -  2889 computed, error is 4.037462e-07 (4.36 s).
Cholesky vectors no  2890 -  2898 computed, error is 3.440673e-07 (1.25 s).
Cholesky vectors no  2899 -  2904 computed, error is 1.996546e-07 (1.42 s).
Cholesky vectors no  2905 -  2949 computed, error is 1.501926e-07 (3.92 s).
Cholesky vectors no  2950 -  2962 computed, error is 1.421269e-07 (1.17 s).
Cholesky vectors no  2963 -  2976 computed, error is 1.413284e-07 (1.29 s).
Cholesky vectors no  2977 -  3012 computed, error is 1.300931e-07 (4.39 s).
Cholesky vectors no  3013 -  3017 computed, error is 8.507463e-08 (0.49 s).
Cholesky decomposition finished in 3 min 45.19 s. Realized memory size is 2 Gi 430 Mi 919 ki.
Time use: integrals 2.5 %, linear algebra 97.5 %.
4609 shell pairs and 1 nuclei
SAP potential formed in 0.082 s.
Smallest eigenvalue of overlap matrix is 5.21e-03, reciprocal condition number is 1.51e-03.
Using symmetric orthogonalization.
Smallest eigenvalue of overlap matrix is 3.11e-03, reciprocal condition number is 8.35e-04.
Using symmetric orthogonalization.
Smallest eigenvalue of overlap matrix is 2.22e-03, reciprocal condition number is 5.54e-04.
Using symmetric orthogonalization.
Smallest eigenvalue of overlap matrix is 1.27e-03, reciprocal condition number is 2.82e-04.
Using symmetric orthogonalization.
Smallest eigenvalue of overlap matrix is 5.07e-04, reciprocal condition number is 8.91e-05.
Using symmetric orthogonalization.
Smallest eigenvalue of overlap matrix is 1.27e-03, reciprocal condition number is 2.82e-04.
Using symmetric orthogonalization.
Smallest eigenvalue of overlap matrix is 2.22e-03, reciprocal condition number is 5.54e-04.
Using symmetric orthogonalization.
Smallest eigenvalue of overlap matrix is 3.11e-03, reciprocal condition number is 8.35e-04.
Using symmetric orthogonalization.
Smallest eigenvalue of overlap matrix is 5.21e-03, reciprocal condition number is 1.51e-03.
Using symmetric orthogonalization.
Nela = 9 Nelb = 8



Solving SCF
Evaluated energy -459.4820101333 (change from lowest -4.594820e+02)


Iteration 1: 1 Fock evaluations energy -459.4820101333 change -4.594820e+02 DIIS error vector rms norm 6.724377e-03
History size 1
alpha m=-1 occupations
   1.0000   1.0000
alpha m=0 occupations
   1.0000   1.0000   1.0000   1.0000   1.0000
alpha m=1 occupations
   1.0000   1.0000
beta m=-1 occupations
   1.0000   1.0000
beta m=0 occupations
   1.0000   1.0000   1.0000   1.0000   1.0000
beta m=1 occupations
   1.0000
EDIIS+DIIS step
Evaluated energy -459.5027807452 (change from lowest -2.077061e-02)
Density matrix difference 2.491427e-03 between lowest-energy and newest entry


Iteration 2: 2 Fock evaluations energy -459.5027807452 change -2.077061e-02 DIIS error vector rms norm 3.149305e-04
History size 2
alpha m=-1 occupations
   1.0000   1.0000
alpha m=0 occupations
   1.0000   1.0000   1.0000   1.0000   1.0000
alpha m=1 occupations
   1.0000   1.0000
beta m=-1 occupations
   1.0000   1.0000
beta m=0 occupations
   1.0000   1.0000   1.0000   1.0000   1.0000
beta m=1 occupations
   1.0000
EDIIS+DIIS step
Evaluated energy -459.5033645339 (change from lowest -5.837887e-04)
Density matrix difference 6.354628e-04 between lowest-energy and newest entry


Iteration 3: 3 Fock evaluations energy -459.5033645339 change -5.837887e-04 DIIS error vector rms norm 6.488315e-05
History size 3
alpha m=-1 occupations
   1.0000   1.0000
alpha m=0 occupations
   1.0000   1.0000   1.0000   1.0000   1.0000
alpha m=1 occupations
   1.0000   1.0000
beta m=-1 occupations
   1.0000   1.0000
beta m=0 occupations
   1.0000   1.0000   1.0000   1.0000   1.0000
beta m=1 occupations
   1.0000
DIIS step
Evaluated energy -459.5034353913 (change from lowest -7.085741e-05)
Density matrix difference 2.405833e-04 between lowest-energy and newest entry


Iteration 4: 4 Fock evaluations energy -459.5034353913 change -7.085741e-05 DIIS error vector rms norm 2.444042e-05
History size 4
alpha m=-1 occupations
   1.0000   1.0000
alpha m=0 occupations
   1.0000   1.0000   1.0000   1.0000   1.0000
alpha m=1 occupations
   1.0000   1.0000
beta m=-1 occupations
   1.0000   1.0000
beta m=0 occupations
   1.0000   1.0000   1.0000   1.0000   1.0000
beta m=1 occupations
   1.0000
DIIS step
Evaluated energy -459.5034522983 (change from lowest -1.690701e-05)
Density matrix difference 1.373056e-04 between lowest-energy and newest entry


Iteration 5: 5 Fock evaluations energy -459.5034522983 change -1.690701e-05 DIIS error vector rms norm 7.928624e-06
History size 5
alpha m=-1 occupations
   1.0000   1.0000
alpha m=0 occupations
   1.0000   1.0000   1.0000   1.0000   1.0000
alpha m=1 occupations
   1.0000   1.0000
beta m=-1 occupations
   1.0000   1.0000
beta m=0 occupations
   1.0000   1.0000   1.0000   1.0000   1.0000
beta m=1 occupations
   1.0000
DIIS step
Evaluated energy -459.5034546764 (change from lowest -2.378035e-06)
Density matrix difference 6.799175e-05 between lowest-energy and newest entry


Iteration 6: 6 Fock evaluations energy -459.5034546764 change -2.378035e-06 DIIS error vector rms norm 1.348045e-06
History size 6
alpha m=-1 occupations
   1.0000   1.0000
alpha m=0 occupations
   1.0000   1.0000   1.0000   1.0000   1.0000
alpha m=1 occupations
   1.0000   1.0000
beta m=-1 occupations
   1.0000   1.0000
beta m=0 occupations
   1.0000   1.0000   1.0000   1.0000   1.0000
beta m=1 occupations
   1.0000
DIIS step
Evaluated energy -459.5034547490 (change from lowest -7.262406e-08)
Density matrix difference 1.046184e-05 between lowest-energy and newest entry


Iteration 7: 7 Fock evaluations energy -459.5034547490 change -7.262406e-08 DIIS error vector rms norm 3.825315e-07
History size 7
Converged to energy -459.5034547490!

Running program took 7 min 31.07 s.
