ERKALE - HF/DFT from Hel, OpenMP version, running on 8 cores.
(c) Susi Lehtola, 2010-2016.

This program is free software; you can redistribute it and/or modify
it under the terms of the GNU General Public License as published by
the Free Software Foundation; either version 2 of the License, or
(at your option) any later version.

Running on host silver.

Current time is Thu 12 Mar 2026 14:49:00.

Current Settings used by ERKALE:
     AtomGuess      	                Auto	Method used for atomic guess (Auto for same as method)
     Basis          	             cc-pV5Z	Basis set used in calculation
     BasisCutoff    	           1.000e-08	Cutoff for dropping out small primitives from contraction
     BasisOrth      	                Auto	Method of orthonormalization of basis set
     BasisRotate    	               false	Rotate basis set to remove redundant functions?
     Charge         	                   0	Total charge of system
     CholDepThresh  	           1.000e-07	Partial Cholesky decomposition threshold
     Cholesky       	                true	Use Cholesky decomposition?
     CholeskyMode   	                   0	Save/load integrals? 0 no, 1 save, -1 load
     CholeskyNAFThr 	           0.000e+00	Cholesky natural auxiliary function threshold
     CholeskyShThr  	           1.000e-02	Cholesky cache threshold
     CholeskyThr    	           1.000e-07	Cholesky decomposition threshold
     Complexbas     	                true	Use complex basis?
     Confinement    	         0.0 0.0 0.0	Confinement potential V(r) = V_i x_i^2
     ConvThr        	           1.000e-06	Orbital gradient convergence threshold
     DFTBasisThr    	           1.000e-10	Threshold for screening basis functions on grid
     DFTCpars       	                    	Override parameters of correlation functional (expert)
     DFTDelta       	           1.000e+02	Switch to final DFT grid has converged within factor X
     DFTDensityThr  	           1.000e-10	Threshold for screening density on grid
     DFTFinalTol    	           1.000e-05	Tolerance of final DFT grid
     DFTGrid        	             75 -302	DFT integration grid to use: nrad lmax or Auto for adaptive
     DFTInitialTol  	           1.000e-04	Tolerance of initial DFT grid
     DFTLobatto     	               false	Use Lobatto quadrature instead of Lebedev quadrature?
     DFTQuadThresh  	           2.220e-16	Threshold for pruning points with small quadrature weight
     DFTXpars       	                    	Override parameters of exchange functional (expert)
     DIISComb       	               false	Combine alpha and beta errors in unrestricted calcs?
     DIISEps        	           1.000e-01	Start mixing in DIIS when error is
     DIISOrder      	                  10	How many DIIS iterations to keep in memory?
     DIISThr        	           1.000e-02	DIIS error threshold for DIIS updates
     DecFock        	               false	Use decontracted basis to calculate Fock matrix (direct HF)
     Decontract     	                   *	Indices of atoms to decontract basis set for
     DensityFitting 	               false	Use density fitting / RI?
     Direct         	               false	Calculate two-electron integrals (or density fitting) on-the-fly?
     EField         	         0.0 0.0 0.0	Electric field
     ErrorNorm      	                 rms	Error norm to use in the SCF code
     FittingBasis   	                Auto	Basis to use for density fitting / RI (Auto for automatic)
     FittingCholeskyThreshold	           1.000e-08	Linear dependence threshold for pivoted Cholesky of Coulomb integrals in density fitting
     FittingMemory  	                1000	Amount of memory in MB to use for exchange fitting
     FittingThreshold	           1.000e-07	Linear dependence threshold for Coulomb integrals in density fitting
     Guess          	                core	Used guess: SAD (default), SADNO, core, GWH, SAP, or SAPfit
     InitConvThr    	           1.000e-05	Initialization convergence threshold
     InputBohr      	               false	Use atomic units as input units instead of angstrom?
     IntegralThresh 	           1.000e-10	Integral screening threshold
     Kgwh           	           1.750e+00	Scaling constant for GWH
     LinDepThresh   	           1.000e-05	Basis set linear dependency threshold
     LinearB        	           2.000e-02	Magnetic field along bond axis
     LinearFreeze   	               false	If using linear symmetry, freeze symmetry to input guess
     LinearOccupationFile	     ../../Cl_8.occs	File to read linear occupations from
     LinearOccupations	                  -1	Read in occupations for linear molecule calculations?
     LinearSymmetry 	                true	Do special calculation on linear molecule along z axis
     LoadChk        	                    	Checkpoint file to load from
     Logfile        	          erkale.log	File to print out full information, stdout for screen
     MaxInitIter    	                 100	Maximum number of iterations in the stepwise solutions
     MaxIter        	                 100	Maximum number of iterations in SCF cycle
     Method         	                  HF	Method used in calculation (HF or a DFT functional)
     Multiplicity   	                   8	Spin multiplicity
     NLGrid         	             50 -194	Integration grid to use for nonlocal correlation: nrad lmax
     Occupancies    	                    	Orbital occupancies
     OptLM          	               false	If spherical harmonics used, use cartesian s and p functions?
     PZ             	               false	Perform Perdew-Zunger self-interaction correction?
     PZEthr         	           1.000e-10	Threshold for energy convergence
     PZIthr         	           1.000e-02	Threshold for initialization convergence (not too small!)
     PZNRthr        	           0.000e+00	Threshold for use of NR method in OO optimization
     PZOOthr        	           1.000e-04	Gradient threshold for OO optimization
     PZOVthr        	           1.000e-05	Gradient threshold for OV optimization
     PZimag         	                Auto	Imaginary degrees of freedom in PZ?
     PZiter         	                  20	Max number of iterations in self-consistency iteration
     PZloc          	                Auto	Initial localization before SIC calculation?
     PZlocmet       	                  FB	Initial localization method (recommend FB or IAO)
     PZmode         	                  XC	Apply PZ to the operators (in addition to J): X C D
     PZoo           	                true	Optimize OO block?
     PZov           	                true	Optimize OV block?
     PZprec         	                   1	Precondition OV block? 0: no, 1: unified, 2: orbital
     PZrand         	                true	Apply random rotation in PZ initialization? (Should be true)
     PZscale        	            Constant	Scaling for PZ: Constant, Density or Kinetic
     PZscaleExp     	           1.000e+00	Exponent in the dynamic scaling equation
     PZseed         	                   0	Seed number for randomized matrices?
     PZstab         	                   0	Stability analysis for PZ-SIC? 1 or -1 for OO, 2 or -2 for OO+OV
     PZstabThr      	           1.000e-03	Instability threshold (interpreted as -thr)
     PZw            	           1.000e+00	Weight for Perdew-Zunger self-interaction correction
     Restricted     	               false	Spin restricted?
     SAPBasis       	    helfem_large.gbs	Tabulated atomic effective potential "basis set"
     SAPGrid        	                    	SAP integration grid to use: nrad lmax or leave empty
     SaveChk        	   complex_basis.chk	Checkpoint file to save to
     Shift          	           0.000e+00	Level shift to use in Hartree
     System         	        ../atoms.xyz	System as an xyz file
     TRRHminS       	           9.750e-01	Trust-Region Roothaan-Hall minimal occupied orbital overlap
     UseADIIS       	                true	Use ADIIS for Fock matrix interpolation?
     UseBroyden     	               false	Use Broyden mixing of Fock matrices?
     UseDIIS        	                true	Use Pulay's Direct Inversion in the Iterative Subspace?
     UseLM          	                true	Use a spherical harmonics basis set by default?
     UseTRRH        	               false	Use Trust-Region Roothaan-Hall?
     VV10           	                Auto	Use VV10 non-local correlation?
     VV10Pars       	                    	VV10 parameters: b C
     Verbose        	                true	Verbose calculation?
     Verbosity      	                   5	Verboseness level

Basis set cc-pV5Z found in file cc-pV5Z.gbs in /home/lehtola/programs/erkale/basis/.
Basis set helfem_large.gbs found in file helfem_large.gbs in /home/lehtola/programs/erkale/basis/.
Screening by shell pairs and symmetry reduced dofs by factor 2.03.
Individual screening reduced dofs by a total factor 2.03.
Computing Cholesky vectors. Estimated memory size is 22 Mi - 75 Mi.
Cholesky vectors no     0 -     0 computed, error is 3.613724e+02 (0.00 s).
Cholesky vectors no     1 -     1 computed, error is 1.332393e+02 (0.00 s).
Cholesky vectors no     2 -     2 computed, error is 3.545591e+01 (0.00 s).
Cholesky vectors no     3 -     8 computed, error is 1.944882e+01 (0.00 s).
Cholesky vectors no     9 -     9 computed, error is 1.014550e+01 (0.00 s).
Cholesky vectors no    10 -    10 computed, error is 9.200454e+00 (0.00 s).
Cholesky vectors no    11 -    13 computed, error is 7.291596e+00 (0.00 s).
Cholesky vectors no    14 -    19 computed, error is 4.034047e+00 (0.00 s).
Cholesky vectors no    20 -    20 computed, error is 2.727599e+00 (0.00 s).
Cholesky vectors no    21 -    23 computed, error is 2.107402e+00 (0.00 s).
Cholesky vectors no    24 -    29 computed, error is 1.724431e+00 (0.00 s).
Cholesky vectors no    30 -    35 computed, error is 1.102684e+00 (0.00 s).
Cholesky vectors no    36 -    38 computed, error is 1.071049e+00 (0.00 s).
Cholesky vectors no    39 -    39 computed, error is 8.712254e-01 (0.00 s).
Cholesky vectors no    40 -    54 computed, error is 5.274459e-01 (0.00 s).
Cholesky vectors no    55 -    57 computed, error is 4.140339e-01 (0.00 s).
Cholesky vectors no    58 -    60 computed, error is 3.287213e-01 (0.00 s).
Cholesky vectors no    61 -   126 computed, error is 2.390323e-01 (0.02 s).
Cholesky vectors no   127 -   127 computed, error is 2.320054e-01 (0.00 s).
Cholesky vectors no   128 -   137 computed, error is 1.882018e-01 (0.01 s).
Cholesky vectors no   138 -   143 computed, error is 1.322657e-01 (0.00 s).
Cholesky vectors no   144 -   146 computed, error is 1.130753e-01 (0.00 s).
Cholesky vectors no   147 -   182 computed, error is 1.051358e-01 (0.03 s).
Cholesky vectors no   183 -   188 computed, error is 8.660407e-02 (0.00 s).
Cholesky vectors no   189 -   194 computed, error is 8.511467e-02 (0.00 s).
Cholesky vectors no   195 -   197 computed, error is 5.770938e-02 (0.00 s).
Cholesky vectors no   198 -   212 computed, error is 5.619541e-02 (0.02 s).
Cholesky vectors no   213 -   233 computed, error is 5.494223e-02 (0.02 s).
Cholesky vectors no   234 -   239 computed, error is 3.369160e-02 (0.00 s).
Cholesky vectors no   240 -   242 computed, error is 2.669617e-02 (0.00 s).
Cholesky vectors no   243 -   243 computed, error is 2.073308e-02 (0.00 s).
Cholesky vectors no   244 -   246 computed, error is 1.763439e-02 (0.00 s).
Cholesky vectors no   247 -   274 computed, error is 1.407146e-02 (0.02 s).
Cholesky vectors no   275 -   277 computed, error is 1.306142e-02 (0.00 s).
Cholesky vectors no   278 -   283 computed, error is 1.194351e-02 (0.00 s).
Cholesky vectors no   284 -   284 computed, error is 1.192800e-02 (0.00 s).
Cholesky vectors no   285 -   339 computed, error is 9.568412e-03 (0.06 s).
Cholesky vectors no   340 -   349 computed, error is 9.339064e-03 (0.01 s).
Cholesky vectors no   350 -   377 computed, error is 4.432629e-03 (0.03 s).
Cholesky vectors no   378 -   383 computed, error is 4.203247e-03 (0.01 s).
Cholesky vectors no   384 -   393 computed, error is 3.380491e-03 (0.01 s).
Cholesky vectors no   394 -   396 computed, error is 3.363877e-03 (0.00 s).
Cholesky vectors no   397 -   416 computed, error is 3.341974e-03 (0.03 s).
Cholesky vectors no   417 -   461 computed, error is 2.753765e-03 (0.05 s).
Cholesky vectors no   462 -   462 computed, error is 2.131101e-03 (0.00 s).
Cholesky vectors no   463 -   507 computed, error is 2.088361e-03 (0.07 s).
Cholesky vectors no   508 -   510 computed, error is 1.980083e-03 (0.00 s).
Cholesky vectors no   511 -   565 computed, error is 8.815572e-04 (0.06 s).
Cholesky vectors no   566 -   601 computed, error is 5.730234e-04 (0.06 s).
Cholesky vectors no   602 -   607 computed, error is 5.338260e-04 (0.01 s).
Cholesky vectors no   608 -   608 computed, error is 4.475995e-04 (0.00 s).
Cholesky vectors no   609 -   615 computed, error is 3.089469e-04 (0.01 s).
Cholesky vectors no   616 -   618 computed, error is 2.947519e-04 (0.00 s).
Cholesky vectors no   619 -   621 computed, error is 2.801859e-04 (0.00 s).
Cholesky vectors no   622 -   622 computed, error is 2.073431e-04 (0.00 s).
Cholesky vectors no   623 -   625 computed, error is 1.136958e-04 (0.00 s).
Cholesky vectors no   626 -   638 computed, error is 1.018649e-04 (0.02 s).
Cholesky vectors no   639 -   644 computed, error is 6.972161e-05 (0.01 s).
Cholesky vectors no   645 -   651 computed, error is 6.497228e-05 (0.01 s).
Cholesky vectors no   652 -   665 computed, error is 3.869287e-05 (0.02 s).
Cholesky vectors no   666 -   675 computed, error is 3.646873e-05 (0.01 s).
Cholesky vectors no   676 -   685 computed, error is 2.873947e-05 (0.01 s).
Cholesky vectors no   686 -   711 computed, error is 2.767945e-05 (0.06 s).
Cholesky vectors no   712 -   712 computed, error is 2.570105e-05 (0.00 s).
Cholesky vectors no   713 -   713 computed, error is 2.176426e-05 (0.00 s).
Cholesky vectors no   714 -   716 computed, error is 1.630877e-05 (0.00 s).
Cholesky vectors no   717 -   722 computed, error is 1.430291e-05 (0.01 s).
Cholesky vectors no   723 -   731 computed, error is 1.324843e-05 (0.01 s).
Cholesky vectors no   732 -   734 computed, error is 1.087176e-05 (0.00 s).
Cholesky vectors no   735 -   778 computed, error is 1.050233e-05 (0.06 s).
Cholesky vectors no   779 -   781 computed, error is 8.620928e-06 (0.00 s).
Cholesky vectors no   782 -   782 computed, error is 6.466359e-06 (0.00 s).
Cholesky vectors no   783 -   789 computed, error is 6.273746e-06 (0.01 s).
Cholesky vectors no   790 -   790 computed, error is 5.932594e-06 (0.00 s).
Cholesky vectors no   791 -   796 computed, error is 5.048517e-06 (0.01 s).
Cholesky vectors no   797 -   811 computed, error is 3.649973e-06 (0.05 s).
Cholesky vectors no   812 -   814 computed, error is 2.607392e-06 (0.00 s).
Cholesky vectors no   815 -   825 computed, error is 2.453855e-06 (0.02 s).
Cholesky vectors no   826 -   861 computed, error is 1.740050e-06 (0.06 s).
Cholesky vectors no   862 -   867 computed, error is 1.647656e-06 (0.01 s).
Cholesky vectors no   868 -   868 computed, error is 1.331030e-06 (0.00 s).
Cholesky vectors no   869 -   871 computed, error is 8.577900e-07 (0.00 s).
Cholesky vectors no   872 -   880 computed, error is 6.352565e-07 (0.01 s).
Cholesky vectors no   881 -   913 computed, error is 5.648363e-07 (0.08 s).
Cholesky vectors no   914 -   916 computed, error is 3.808636e-07 (0.00 s).
Cholesky vectors no   917 -   923 computed, error is 3.521897e-07 (0.01 s).
Cholesky vectors no   924 -   933 computed, error is 3.400246e-07 (0.02 s).
Cholesky vectors no   934 -   945 computed, error is 2.384364e-07 (0.02 s).
Cholesky vectors no   946 -   946 computed, error is 2.099340e-07 (0.00 s).
Cholesky vectors no   947 -   949 computed, error is 2.090344e-07 (0.01 s).
Cholesky vectors no   950 -   955 computed, error is 1.141232e-07 (0.01 s).
Cholesky vectors no   956 -   956 computed, error is 1.115526e-07 (0.00 s).
Cholesky vectors no   957 -   983 computed, error is 8.906681e-08 (0.04 s).
Cholesky decomposition finished in 1.35 s. Realized memory size is 59 Mi 771 ki.
Time use: integrals 9.9 %, linear algebra 90.1 %.
884 shell pairs and 1 nuclei
SAP potential formed in 0.021 s.
Smallest eigenvalue of overlap matrix is 1.00e+00, reciprocal condition number is 1.00e+00.
Using symmetric orthogonalization.
Smallest eigenvalue of overlap matrix is 3.83e-01, reciprocal condition number is 2.37e-01.
Using symmetric orthogonalization.
Smallest eigenvalue of overlap matrix is 9.28e-02, reciprocal condition number is 4.13e-02.
Using symmetric orthogonalization.
Smallest eigenvalue of overlap matrix is 7.76e-02, reciprocal condition number is 3.19e-02.
Using symmetric orthogonalization.
Smallest eigenvalue of overlap matrix is 4.48e-03, reciprocal condition number is 1.17e-03.
Using symmetric orthogonalization.
Smallest eigenvalue of overlap matrix is 2.52e-04, reciprocal condition number is 4.42e-05.
Using symmetric orthogonalization.
Smallest eigenvalue of overlap matrix is 4.48e-03, reciprocal condition number is 1.17e-03.
Using symmetric orthogonalization.
Smallest eigenvalue of overlap matrix is 7.76e-02, reciprocal condition number is 3.19e-02.
Using symmetric orthogonalization.
Smallest eigenvalue of overlap matrix is 9.28e-02, reciprocal condition number is 4.13e-02.
Using symmetric orthogonalization.
Smallest eigenvalue of overlap matrix is 3.83e-01, reciprocal condition number is 2.37e-01.
Using symmetric orthogonalization.
Smallest eigenvalue of overlap matrix is 1.00e+00, reciprocal condition number is 1.00e+00.
Using symmetric orthogonalization.
Nela = 12 Nelb = 5



Solving SCF
Evaluated energy -407.4628923322 (change from lowest -4.074629e+02)


Iteration 1: 1 Fock evaluations energy -407.4628923322 change -4.074629e+02 DIIS error vector rms norm 5.074250e-01
History size 1
alpha m=-1 occupations
   1.0000   1.0000
alpha m=0 occupations
   1.0000   1.0000   1.0000   1.0000   1.0000   1.0000
alpha m=1 occupations
   1.0000   1.0000   1.0000
alpha m=2 occupations
   1.0000
beta m=-1 occupations
   1.0000
beta m=0 occupations
   1.0000   1.0000   1.0000
beta m=1 occupations
   1.0000
EDIIS step
Evaluated energy -444.7036872802 (change from lowest -3.724079e+01)
Density matrix difference 4.466417e-01 between lowest-energy and newest entry


Iteration 2: 2 Fock evaluations energy -444.7036872802 change -3.724079e+01 DIIS error vector rms norm 1.919491e-01
History size 2
alpha m=-1 occupations
   1.0000   1.0000
alpha m=0 occupations
   1.0000   1.0000   1.0000   1.0000   1.0000   1.0000
alpha m=1 occupations
   1.0000   1.0000   1.0000
alpha m=2 occupations
   1.0000
beta m=-1 occupations
   1.0000
beta m=0 occupations
   1.0000   1.0000   1.0000
beta m=1 occupations
   1.0000
EDIIS step
Evaluated energy -457.3339740741 (change from lowest -1.263029e+01)
Density matrix difference 3.155506e-01 between lowest-energy and newest entry


Iteration 3: 3 Fock evaluations energy -457.3339740741 change -1.263029e+01 DIIS error vector rms norm 3.526685e-02
History size 3
alpha m=-1 occupations
   1.0000   1.0000
alpha m=0 occupations
   1.0000   1.0000   1.0000   1.0000   1.0000   1.0000
alpha m=1 occupations
   1.0000   1.0000   1.0000
alpha m=2 occupations
   1.0000
beta m=-1 occupations
   1.0000
beta m=0 occupations
   1.0000   1.0000   1.0000
beta m=1 occupations
   1.0000
EDIIS+DIIS step
Evaluated energy -457.8455671068 (change from lowest -5.115930e-01)
Density matrix difference 6.352331e-02 between lowest-energy and newest entry


Iteration 4: 4 Fock evaluations energy -457.8455671068 change -5.115930e-01 DIIS error vector rms norm 3.018955e-03
History size 4
alpha m=-1 occupations
   1.0000   1.0000
alpha m=0 occupations
   1.0000   1.0000   1.0000   1.0000   1.0000   1.0000
alpha m=1 occupations
   1.0000   1.0000   1.0000
alpha m=2 occupations
   1.0000
beta m=-1 occupations
   1.0000
beta m=0 occupations
   1.0000   1.0000   1.0000
beta m=1 occupations
   1.0000
EDIIS+DIIS step
Evaluated energy -457.8485497302 (change from lowest -2.982623e-03)
Density matrix difference 3.716667e-03 between lowest-energy and newest entry


Iteration 5: 5 Fock evaluations energy -457.8485497302 change -2.982623e-03 DIIS error vector rms norm 3.636332e-04
History size 5
alpha m=-1 occupations
   1.0000   1.0000
alpha m=0 occupations
   1.0000   1.0000   1.0000   1.0000   1.0000   1.0000
alpha m=1 occupations
   1.0000   1.0000   1.0000
alpha m=2 occupations
   1.0000
beta m=-1 occupations
   1.0000
beta m=0 occupations
   1.0000   1.0000   1.0000
beta m=1 occupations
   1.0000
EDIIS+DIIS step
Evaluated energy -457.8486801000 (change from lowest -1.303698e-04)
Density matrix difference 1.371340e-03 between lowest-energy and newest entry


Iteration 6: 6 Fock evaluations energy -457.8486801000 change -1.303698e-04 DIIS error vector rms norm 4.711589e-05
History size 6
alpha m=-1 occupations
   1.0000   1.0000
alpha m=0 occupations
   1.0000   1.0000   1.0000   1.0000   1.0000   1.0000
alpha m=1 occupations
   1.0000   1.0000   1.0000
alpha m=2 occupations
   1.0000
beta m=-1 occupations
   1.0000
beta m=0 occupations
   1.0000   1.0000   1.0000
beta m=1 occupations
   1.0000
DIIS step
Evaluated energy -457.8486881348 (change from lowest -8.034841e-06)
Density matrix difference 1.897318e-04 between lowest-energy and newest entry


Iteration 7: 7 Fock evaluations energy -457.8486881348 change -8.034841e-06 DIIS error vector rms norm 2.291301e-05
History size 7
alpha m=-1 occupations
   1.0000   1.0000
alpha m=0 occupations
   1.0000   1.0000   1.0000   1.0000   1.0000   1.0000
alpha m=1 occupations
   1.0000   1.0000   1.0000
alpha m=2 occupations
   1.0000
beta m=-1 occupations
   1.0000
beta m=0 occupations
   1.0000   1.0000   1.0000
beta m=1 occupations
   1.0000
DIIS step
Evaluated energy -457.8486973965 (change from lowest -9.261744e-06)
Density matrix difference 1.871042e-04 between lowest-energy and newest entry


Iteration 8: 8 Fock evaluations energy -457.8486973965 change -9.261744e-06 DIIS error vector rms norm 2.212805e-05
History size 8
alpha m=-1 occupations
   1.0000   1.0000
alpha m=0 occupations
   1.0000   1.0000   1.0000   1.0000   1.0000   1.0000
alpha m=1 occupations
   1.0000   1.0000   1.0000
alpha m=2 occupations
   1.0000
beta m=-1 occupations
   1.0000
beta m=0 occupations
   1.0000   1.0000   1.0000
beta m=1 occupations
   1.0000
DIIS step
Evaluated energy -457.8487009844 (change from lowest -3.587893e-06)
Density matrix difference 6.367511e-05 between lowest-energy and newest entry


Iteration 9: 9 Fock evaluations energy -457.8487009844 change -3.587893e-06 DIIS error vector rms norm 2.256140e-05
History size 9
alpha m=-1 occupations
   1.0000   1.0000
alpha m=0 occupations
   1.0000   1.0000   1.0000   1.0000   1.0000   1.0000
alpha m=1 occupations
   1.0000   1.0000   1.0000
alpha m=2 occupations
   1.0000
beta m=-1 occupations
   1.0000
beta m=0 occupations
   1.0000   1.0000   1.0000
beta m=1 occupations
   1.0000
DIIS step
Evaluated energy -457.8486995361 (change from lowest 1.448324e-06)
Density matrix difference 2.541243e-05 between lowest-energy and newest entry


Iteration 10: 10 Fock evaluations energy -457.8487009844 change  0.000000e+00 DIIS error vector rms norm 2.256140e-05
History size 8
alpha m=-1 occupations
   1.0000   1.0000
alpha m=0 occupations
   1.0000   1.0000   1.0000   1.0000   1.0000   1.0000
alpha m=1 occupations
   1.0000   1.0000   1.0000
alpha m=2 occupations
   1.0000
beta m=-1 occupations
   1.0000
beta m=0 occupations
   1.0000   1.0000   1.0000
beta m=1 occupations
   1.0000
DIIS step
Evaluated energy -457.8486996566 (change from lowest 1.327880e-06)
Density matrix difference 2.328589e-05 between lowest-energy and newest entry


Iteration 11: 11 Fock evaluations energy -457.8487009844 change  0.000000e+00 DIIS error vector rms norm 2.256140e-05
History size 9
alpha m=-1 occupations
   1.0000   1.0000
alpha m=0 occupations
   1.0000   1.0000   1.0000   1.0000   1.0000   1.0000
alpha m=1 occupations
   1.0000   1.0000   1.0000
alpha m=2 occupations
   1.0000
beta m=-1 occupations
   1.0000
beta m=0 occupations
   1.0000   1.0000   1.0000
beta m=1 occupations
   1.0000
DIIS step
Evaluated energy -457.8486996999 (change from lowest 1.284533e-06)
Density matrix difference 2.252127e-05 between lowest-energy and newest entry


Iteration 12: 12 Fock evaluations energy -457.8487009844 change  0.000000e+00 DIIS error vector rms norm 2.256140e-05
History size 10
alpha m=-1 occupations
   1.0000   1.0000
alpha m=0 occupations
   1.0000   1.0000   1.0000   1.0000   1.0000   1.0000
alpha m=1 occupations
   1.0000   1.0000   1.0000
alpha m=2 occupations
   1.0000
beta m=-1 occupations
   1.0000
beta m=0 occupations
   1.0000   1.0000   1.0000
beta m=1 occupations
   1.0000
DIIS step
Evaluated energy -457.8486997196 (change from lowest 1.264881e-06)
Density matrix difference 2.217473e-05 between lowest-energy and newest entry


Iteration 13: 13 Fock evaluations energy -457.8487009844 change  0.000000e+00 DIIS error vector rms norm 2.256140e-05
History size 10
alpha m=-1 occupations
   1.0000   1.0000
alpha m=0 occupations
   1.0000   1.0000   1.0000   1.0000   1.0000   1.0000
alpha m=1 occupations
   1.0000   1.0000   1.0000
alpha m=2 occupations
   1.0000
beta m=-1 occupations
   1.0000
beta m=0 occupations
   1.0000   1.0000   1.0000
beta m=1 occupations
   1.0000
DIIS step
Evaluated energy -457.8486997300 (change from lowest 1.254482e-06)
Density matrix difference 2.199147e-05 between lowest-energy and newest entry


Iteration 14: 14 Fock evaluations energy -457.8487009844 change  0.000000e+00 DIIS error vector rms norm 2.256140e-05
History size 10
alpha m=-1 occupations
   1.0000   1.0000
alpha m=0 occupations
   1.0000   1.0000   1.0000   1.0000   1.0000   1.0000
alpha m=1 occupations
   1.0000   1.0000   1.0000
alpha m=2 occupations
   1.0000
beta m=-1 occupations
   1.0000
beta m=0 occupations
   1.0000   1.0000   1.0000
beta m=1 occupations
   1.0000
Switching to optimal damping for next iterations
DIIS step
Evaluated energy -457.8486997361 (change from lowest 1.248373e-06)
Density matrix difference 2.188373e-05 between lowest-energy and newest entry


Iteration 15: 15 Fock evaluations energy -457.8487009844 change  0.000000e+00 DIIS error vector rms norm 2.256140e-05
History size 10
alpha m=-1 occupations
   1.0000   1.0000
alpha m=0 occupations
   1.0000   1.0000   1.0000   1.0000   1.0000   1.0000
alpha m=1 occupations
   1.0000   1.0000   1.0000
alpha m=2 occupations
   1.0000
beta m=-1 occupations
   1.0000
beta m=0 occupations
   1.0000   1.0000   1.0000
beta m=1 occupations
   1.0000
Switching to optimal damping for next iterations
DIIS step
Evaluated energy -457.8487027168 (change from lowest -1.732341e-06)
Density matrix difference 5.165266e-05 between lowest-energy and newest entry


Iteration 16: 16 Fock evaluations energy -457.8487027168 change -1.732341e-06 DIIS error vector rms norm 2.279482e-05
History size 10
alpha m=-1 occupations
   1.0000   1.0000
alpha m=0 occupations
   1.0000   1.0000   1.0000   1.0000   1.0000   1.0000
alpha m=1 occupations
   1.0000   1.0000   1.0000
alpha m=2 occupations
   1.0000
beta m=-1 occupations
   1.0000
beta m=0 occupations
   1.0000   1.0000   1.0000
beta m=1 occupations
   1.0000
DIIS step
Evaluated energy -457.8487004689 (change from lowest 2.247842e-06)
Density matrix difference 3.917872e-05 between lowest-energy and newest entry


Iteration 17: 17 Fock evaluations energy -457.8487027168 change  0.000000e+00 DIIS error vector rms norm 2.279482e-05
History size 10
alpha m=-1 occupations
   1.0000   1.0000
alpha m=0 occupations
   1.0000   1.0000   1.0000   1.0000   1.0000   1.0000
alpha m=1 occupations
   1.0000   1.0000   1.0000
alpha m=2 occupations
   1.0000
beta m=-1 occupations
   1.0000
beta m=0 occupations
   1.0000   1.0000   1.0000
beta m=1 occupations
   1.0000
DIIS step
Evaluated energy -457.8487041883 (change from lowest -1.471560e-06)
Density matrix difference 6.541185e-05 between lowest-energy and newest entry


Iteration 18: 18 Fock evaluations energy -457.8487041883 change -1.471560e-06 DIIS error vector rms norm 2.292927e-05
History size 10
alpha m=-1 occupations
   1.0000   1.0000
alpha m=0 occupations
   1.0000   1.0000   1.0000   1.0000   1.0000   1.0000
alpha m=1 occupations
   1.0000   1.0000   1.0000
alpha m=2 occupations
   1.0000
beta m=-1 occupations
   1.0000
beta m=0 occupations
   1.0000   1.0000   1.0000
beta m=1 occupations
   1.0000
DIIS step
Evaluated energy -457.8487034574 (change from lowest 7.309427e-07)
Density matrix difference 1.259687e-05 between lowest-energy and newest entry


Iteration 19: 19 Fock evaluations energy -457.8487041883 change  0.000000e+00 DIIS error vector rms norm 2.292927e-05
History size 10
alpha m=-1 occupations
   1.0000   1.0000
alpha m=0 occupations
   1.0000   1.0000   1.0000   1.0000   1.0000   1.0000
alpha m=1 occupations
   1.0000   1.0000   1.0000
alpha m=2 occupations
   1.0000
beta m=-1 occupations
   1.0000
beta m=0 occupations
   1.0000   1.0000   1.0000
beta m=1 occupations
   1.0000
DIIS step
Evaluated energy -457.8487020421 (change from lowest 2.146234e-06)
Density matrix difference 3.704577e-05 between lowest-energy and newest entry


Iteration 20: 20 Fock evaluations energy -457.8487041883 change  0.000000e+00 DIIS error vector rms norm 2.292927e-05
History size 10
alpha m=-1 occupations
   1.0000   1.0000
alpha m=0 occupations
   1.0000   1.0000   1.0000   1.0000   1.0000   1.0000
alpha m=1 occupations
   1.0000   1.0000   1.0000
alpha m=2 occupations
   1.0000
beta m=-1 occupations
   1.0000
beta m=0 occupations
   1.0000   1.0000   1.0000
beta m=1 occupations
   1.0000
DIIS step
Evaluated energy -457.8487025972 (change from lowest 1.591134e-06)
Density matrix difference 2.746475e-05 between lowest-energy and newest entry


Iteration 21: 21 Fock evaluations energy -457.8487041883 change  0.000000e+00 DIIS error vector rms norm 2.292927e-05
History size 10
alpha m=-1 occupations
   1.0000   1.0000
alpha m=0 occupations
   1.0000   1.0000   1.0000   1.0000   1.0000   1.0000
alpha m=1 occupations
   1.0000   1.0000   1.0000
alpha m=2 occupations
   1.0000
beta m=-1 occupations
   1.0000
beta m=0 occupations
   1.0000   1.0000   1.0000
beta m=1 occupations
   1.0000
DIIS step
Evaluated energy -457.8487031265 (change from lowest 1.061856e-06)
Density matrix difference 1.836539e-05 between lowest-energy and newest entry


Iteration 22: 22 Fock evaluations energy -457.8487041883 change  0.000000e+00 DIIS error vector rms norm 2.292927e-05
History size 10
alpha m=-1 occupations
   1.0000   1.0000
alpha m=0 occupations
   1.0000   1.0000   1.0000   1.0000   1.0000   1.0000
alpha m=1 occupations
   1.0000   1.0000   1.0000
alpha m=2 occupations
   1.0000
beta m=-1 occupations
   1.0000
beta m=0 occupations
   1.0000   1.0000   1.0000
beta m=1 occupations
   1.0000
DIIS step
Evaluated energy -457.8487037723 (change from lowest 4.160837e-07)
Density matrix difference 7.304494e-06 between lowest-energy and newest entry


Iteration 23: 23 Fock evaluations energy -457.8487041883 change  0.000000e+00 DIIS error vector rms norm 2.292927e-05
History size 10
alpha m=-1 occupations
   1.0000   1.0000
alpha m=0 occupations
   1.0000   1.0000   1.0000   1.0000   1.0000   1.0000
alpha m=1 occupations
   1.0000   1.0000   1.0000
alpha m=2 occupations
   1.0000
beta m=-1 occupations
   1.0000
beta m=0 occupations
   1.0000   1.0000   1.0000
beta m=1 occupations
   1.0000
Switching to optimal damping for next iterations
DIIS step
Evaluated energy -457.8487046134 (change from lowest -4.250494e-07)
Density matrix difference 1.435313e-05 between lowest-energy and newest entry


Iteration 24: 24 Fock evaluations energy -457.8487046134 change -4.250494e-07 DIIS error vector rms norm 2.298954e-05
History size 10
alpha m=-1 occupations
   1.0000   1.0000
alpha m=0 occupations
   1.0000   1.0000   1.0000   1.0000   1.0000   1.0000
alpha m=1 occupations
   1.0000   1.0000   1.0000
alpha m=2 occupations
   1.0000
beta m=-1 occupations
   1.0000
beta m=0 occupations
   1.0000   1.0000   1.0000
beta m=1 occupations
   1.0000
DIIS step
Evaluated energy -457.8487057173 (change from lowest -1.103948e-06)
Density matrix difference 1.873396e-05 between lowest-energy and newest entry


Iteration 25: 25 Fock evaluations energy -457.8487057173 change -1.103948e-06 DIIS error vector rms norm 2.312846e-05
History size 10
alpha m=-1 occupations
   1.0000   1.0000
alpha m=0 occupations
   1.0000   1.0000   1.0000   1.0000   1.0000   1.0000
alpha m=1 occupations
   1.0000   1.0000   1.0000
alpha m=2 occupations
   1.0000
beta m=-1 occupations
   1.0000
beta m=0 occupations
   1.0000   1.0000   1.0000
beta m=1 occupations
   1.0000
DIIS step
Evaluated energy -457.8487071739 (change from lowest -1.456589e-06)
Density matrix difference 2.453859e-05 between lowest-energy and newest entry


Iteration 26: 26 Fock evaluations energy -457.8487071739 change -1.456589e-06 DIIS error vector rms norm 2.330969e-05
History size 10
alpha m=-1 occupations
   1.0000   1.0000
alpha m=0 occupations
   1.0000   1.0000   1.0000   1.0000   1.0000   1.0000
alpha m=1 occupations
   1.0000   1.0000   1.0000
alpha m=2 occupations
   1.0000
beta m=-1 occupations
   1.0000
beta m=0 occupations
   1.0000   1.0000   1.0000
beta m=1 occupations
   1.0000
DIIS step
Evaluated energy -457.8487042191 (change from lowest 2.954791e-06)
Density matrix difference 5.013935e-05 between lowest-energy and newest entry


Iteration 27: 27 Fock evaluations energy -457.8487071739 change  0.000000e+00 DIIS error vector rms norm 2.330969e-05
History size 10
alpha m=-1 occupations
   1.0000   1.0000
alpha m=0 occupations
   1.0000   1.0000   1.0000   1.0000   1.0000   1.0000
alpha m=1 occupations
   1.0000   1.0000   1.0000
alpha m=2 occupations
   1.0000
beta m=-1 occupations
   1.0000
beta m=0 occupations
   1.0000   1.0000   1.0000
beta m=1 occupations
   1.0000
DIIS step
Evaluated energy -457.8487075233 (change from lowest -3.494126e-07)
Density matrix difference 5.621054e-05 between lowest-energy and newest entry


Iteration 28: 28 Fock evaluations energy -457.8487075233 change -3.494126e-07 DIIS error vector rms norm 2.334145e-05
History size 10
alpha m=-1 occupations
   1.0000   1.0000
alpha m=0 occupations
   1.0000   1.0000   1.0000   1.0000   1.0000   1.0000
alpha m=1 occupations
   1.0000   1.0000   1.0000
alpha m=2 occupations
   1.0000
beta m=-1 occupations
   1.0000
beta m=0 occupations
   1.0000   1.0000   1.0000
beta m=1 occupations
   1.0000
DIIS step
Evaluated energy -457.8487051510 (change from lowest 2.372340e-06)
Density matrix difference 4.015558e-05 between lowest-energy and newest entry


Iteration 29: 29 Fock evaluations energy -457.8487075233 change  0.000000e+00 DIIS error vector rms norm 2.334145e-05
History size 10
alpha m=-1 occupations
   1.0000   1.0000
alpha m=0 occupations
   1.0000   1.0000   1.0000   1.0000   1.0000   1.0000
alpha m=1 occupations
   1.0000   1.0000   1.0000
alpha m=2 occupations
   1.0000
beta m=-1 occupations
   1.0000
beta m=0 occupations
   1.0000   1.0000   1.0000
beta m=1 occupations
   1.0000
DIIS step
Evaluated energy -457.8487054924 (change from lowest 2.030956e-06)
Density matrix difference 3.435233e-05 between lowest-energy and newest entry


Iteration 30: 30 Fock evaluations energy -457.8487075233 change  0.000000e+00 DIIS error vector rms norm 2.334145e-05
History size 10
alpha m=-1 occupations
   1.0000   1.0000
alpha m=0 occupations
   1.0000   1.0000   1.0000   1.0000   1.0000   1.0000
alpha m=1 occupations
   1.0000   1.0000   1.0000
alpha m=2 occupations
   1.0000
beta m=-1 occupations
   1.0000
beta m=0 occupations
   1.0000   1.0000   1.0000
beta m=1 occupations
   1.0000
DIIS step
Evaluated energy -457.8487077089 (change from lowest -1.856018e-07)
Density matrix difference 3.742984e-05 between lowest-energy and newest entry


Iteration 31: 31 Fock evaluations energy -457.8487077089 change -1.856018e-07 DIIS error vector rms norm 2.336766e-05
History size 10
alpha m=-1 occupations
   1.0000   1.0000
alpha m=0 occupations
   1.0000   1.0000   1.0000   1.0000   1.0000   1.0000
alpha m=1 occupations
   1.0000   1.0000   1.0000
alpha m=2 occupations
   1.0000
beta m=-1 occupations
   1.0000
beta m=0 occupations
   1.0000   1.0000   1.0000
beta m=1 occupations
   1.0000
DIIS step
Evaluated energy -457.8487083862 (change from lowest -6.772480e-07)
Density matrix difference 1.133612e-05 between lowest-energy and newest entry


Iteration 32: 32 Fock evaluations energy -457.8487083862 change -6.772480e-07 DIIS error vector rms norm 2.345356e-05
History size 10
alpha m=-1 occupations
   1.0000   1.0000
alpha m=0 occupations
   1.0000   1.0000   1.0000   1.0000   1.0000   1.0000
alpha m=1 occupations
   1.0000   1.0000   1.0000
alpha m=2 occupations
   1.0000
beta m=-1 occupations
   1.0000
beta m=0 occupations
   1.0000   1.0000   1.0000
beta m=1 occupations
   1.0000
DIIS step
Evaluated energy -457.8487088238 (change from lowest -4.376051e-07)
Density matrix difference 7.307465e-06 between lowest-energy and newest entry


Iteration 33: 33 Fock evaluations energy -457.8487088238 change -4.376051e-07 DIIS error vector rms norm 2.350785e-05
History size 10
alpha m=-1 occupations
   1.0000   1.0000
alpha m=0 occupations
   1.0000   1.0000   1.0000   1.0000   1.0000   1.0000
alpha m=1 occupations
   1.0000   1.0000   1.0000
alpha m=2 occupations
   1.0000
beta m=-1 occupations
   1.0000
beta m=0 occupations
   1.0000   1.0000   1.0000
beta m=1 occupations
   1.0000
DIIS step
Evaluated energy -457.8487091515 (change from lowest -3.276936e-07)
Density matrix difference 5.470003e-06 between lowest-energy and newest entry


Iteration 34: 34 Fock evaluations energy -457.8487091515 change -3.276936e-07 DIIS error vector rms norm 2.354761e-05
History size 10
alpha m=-1 occupations
   1.0000   1.0000
alpha m=0 occupations
   1.0000   1.0000   1.0000   1.0000   1.0000   1.0000
alpha m=1 occupations
   1.0000   1.0000   1.0000
alpha m=2 occupations
   1.0000
beta m=-1 occupations
   1.0000
beta m=0 occupations
   1.0000   1.0000   1.0000
beta m=1 occupations
   1.0000
DIIS step
Evaluated energy -457.8487091688 (change from lowest -1.734435e-08)
Density matrix difference 3.408737e-07 between lowest-energy and newest entry


Iteration 35: 35 Fock evaluations energy -457.8487091688 change -1.734435e-08 DIIS error vector rms norm 2.354798e-05
History size 10
alpha m=-1 occupations
   1.0000   1.0000
alpha m=0 occupations
   1.0000   1.0000   1.0000   1.0000   1.0000   1.0000
alpha m=1 occupations
   1.0000   1.0000   1.0000
alpha m=2 occupations
   1.0000
beta m=-1 occupations
   1.0000
beta m=0 occupations
   1.0000   1.0000   1.0000
beta m=1 occupations
   1.0000
DIIS step
Evaluated energy -457.8487088677 (change from lowest 3.011431e-07)
Density matrix difference 5.006780e-06 between lowest-energy and newest entry


Iteration 36: 36 Fock evaluations energy -457.8487091688 change  0.000000e+00 DIIS error vector rms norm 2.354798e-05
History size 10
alpha m=-1 occupations
   1.0000   1.0000
alpha m=0 occupations
   1.0000   1.0000   1.0000   1.0000   1.0000   1.0000
alpha m=1 occupations
   1.0000   1.0000   1.0000
alpha m=2 occupations
   1.0000
beta m=-1 occupations
   1.0000
beta m=0 occupations
   1.0000   1.0000   1.0000
beta m=1 occupations
   1.0000
DIIS step
Evaluated energy -457.8487084454 (change from lowest 7.233913e-07)
Density matrix difference 1.205306e-05 between lowest-energy and newest entry


Iteration 37: 37 Fock evaluations energy -457.8487091688 change  0.000000e+00 DIIS error vector rms norm 2.354798e-05
History size 10
alpha m=-1 occupations
   1.0000   1.0000
alpha m=0 occupations
   1.0000   1.0000   1.0000   1.0000   1.0000   1.0000
alpha m=1 occupations
   1.0000   1.0000   1.0000
alpha m=2 occupations
   1.0000
beta m=-1 occupations
   1.0000
beta m=0 occupations
   1.0000   1.0000   1.0000
beta m=1 occupations
   1.0000
DIIS step
Evaluated energy -457.8487119594 (change from lowest -2.790540e-06)
Density matrix difference 5.822003e-05 between lowest-energy and newest entry


Iteration 38: 38 Fock evaluations energy -457.8487119594 change -2.790540e-06 DIIS error vector rms norm 2.389714e-05
History size 10
alpha m=-1 occupations
   1.0000   1.0000
alpha m=0 occupations
   1.0000   1.0000   1.0000   1.0000   1.0000   1.0000
alpha m=1 occupations
   1.0000   1.0000   1.0000
alpha m=2 occupations
   1.0000
beta m=-1 occupations
   1.0000
beta m=0 occupations
   1.0000   1.0000   1.0000
beta m=1 occupations
   1.0000
DIIS step
Evaluated energy -457.8487086727 (change from lowest 3.286713e-06)
Density matrix difference 5.442675e-05 between lowest-energy and newest entry


Iteration 39: 39 Fock evaluations energy -457.8487119594 change  0.000000e+00 DIIS error vector rms norm 2.389714e-05
History size 10
alpha m=-1 occupations
   1.0000   1.0000
alpha m=0 occupations
   1.0000   1.0000   1.0000   1.0000   1.0000   1.0000
alpha m=1 occupations
   1.0000   1.0000   1.0000
alpha m=2 occupations
   1.0000
beta m=-1 occupations
   1.0000
beta m=0 occupations
   1.0000   1.0000   1.0000
beta m=1 occupations
   1.0000
DIIS step
Evaluated energy -457.8487120624 (change from lowest -1.030010e-07)
Density matrix difference 5.608188e-05 between lowest-energy and newest entry


Iteration 40: 40 Fock evaluations energy -457.8487120624 change -1.030010e-07 DIIS error vector rms norm 2.391015e-05
History size 10
alpha m=-1 occupations
   1.0000   1.0000
alpha m=0 occupations
   1.0000   1.0000   1.0000   1.0000   1.0000   1.0000
alpha m=1 occupations
   1.0000   1.0000   1.0000
alpha m=2 occupations
   1.0000
beta m=-1 occupations
   1.0000
beta m=0 occupations
   1.0000   1.0000   1.0000
beta m=1 occupations
   1.0000
DIIS step
Evaluated energy -457.8487137287 (change from lowest -1.666297e-06)
Density matrix difference 2.718354e-05 between lowest-energy and newest entry


Iteration 41: 41 Fock evaluations energy -457.8487137287 change -1.666297e-06 DIIS error vector rms norm 2.411774e-05
History size 10
alpha m=-1 occupations
   1.0000   1.0000
alpha m=0 occupations
   1.0000   1.0000   1.0000   1.0000   1.0000   1.0000
alpha m=1 occupations
   1.0000   1.0000   1.0000
alpha m=2 occupations
   1.0000
beta m=-1 occupations
   1.0000
beta m=0 occupations
   1.0000   1.0000   1.0000
beta m=1 occupations
   1.0000
DIIS step
Evaluated energy -457.8487110246 (change from lowest 2.704031e-06)
Density matrix difference 4.430774e-05 between lowest-energy and newest entry


Iteration 42: 42 Fock evaluations energy -457.8487137287 change  0.000000e+00 DIIS error vector rms norm 2.411774e-05
History size 10
alpha m=-1 occupations
   1.0000   1.0000
alpha m=0 occupations
   1.0000   1.0000   1.0000   1.0000   1.0000   1.0000
alpha m=1 occupations
   1.0000   1.0000   1.0000
alpha m=2 occupations
   1.0000
beta m=-1 occupations
   1.0000
beta m=0 occupations
   1.0000   1.0000   1.0000
beta m=1 occupations
   1.0000
DIIS step
Evaluated energy -457.8487117308 (change from lowest 1.997830e-06)
Density matrix difference 3.268315e-05 between lowest-energy and newest entry


Iteration 43: 43 Fock evaluations energy -457.8487137287 change  0.000000e+00 DIIS error vector rms norm 2.411774e-05
History size 10
alpha m=-1 occupations
   1.0000   1.0000
alpha m=0 occupations
   1.0000   1.0000   1.0000   1.0000   1.0000   1.0000
alpha m=1 occupations
   1.0000   1.0000   1.0000
alpha m=2 occupations
   1.0000
beta m=-1 occupations
   1.0000
beta m=0 occupations
   1.0000   1.0000   1.0000
beta m=1 occupations
   1.0000
DIIS step
Evaluated energy -457.8487120725 (change from lowest 1.656137e-06)
Density matrix difference 2.707328e-05 between lowest-energy and newest entry


Iteration 44: 44 Fock evaluations energy -457.8487137287 change  0.000000e+00 DIIS error vector rms norm 2.411774e-05
History size 10
alpha m=-1 occupations
   1.0000   1.0000
alpha m=0 occupations
   1.0000   1.0000   1.0000   1.0000   1.0000   1.0000
alpha m=1 occupations
   1.0000   1.0000   1.0000
alpha m=2 occupations
   1.0000
beta m=-1 occupations
   1.0000
beta m=0 occupations
   1.0000   1.0000   1.0000
beta m=1 occupations
   1.0000
DIIS step
Evaluated energy -457.8487123531 (change from lowest 1.375529e-06)
Density matrix difference 2.247241e-05 between lowest-energy and newest entry


Iteration 45: 45 Fock evaluations energy -457.8487137287 change  0.000000e+00 DIIS error vector rms norm 2.411774e-05
History size 10
alpha m=-1 occupations
   1.0000   1.0000
alpha m=0 occupations
   1.0000   1.0000   1.0000   1.0000   1.0000   1.0000
alpha m=1 occupations
   1.0000   1.0000   1.0000
alpha m=2 occupations
   1.0000
beta m=-1 occupations
   1.0000
beta m=0 occupations
   1.0000   1.0000   1.0000
beta m=1 occupations
   1.0000
DIIS step
Evaluated energy -457.8487129257 (change from lowest 8.029490e-07)
Density matrix difference 1.310568e-05 between lowest-energy and newest entry


Iteration 46: 46 Fock evaluations energy -457.8487137287 change  0.000000e+00 DIIS error vector rms norm 2.411774e-05
History size 10
alpha m=-1 occupations
   1.0000   1.0000
alpha m=0 occupations
   1.0000   1.0000   1.0000   1.0000   1.0000   1.0000
alpha m=1 occupations
   1.0000   1.0000   1.0000
alpha m=2 occupations
   1.0000
beta m=-1 occupations
   1.0000
beta m=0 occupations
   1.0000   1.0000   1.0000
beta m=1 occupations
   1.0000
Switching to optimal damping for next iterations
DIIS step
Evaluated energy -457.8487141765 (change from lowest -4.478435e-07)
Density matrix difference 2.036412e-05 between lowest-energy and newest entry


Iteration 47: 47 Fock evaluations energy -457.8487141765 change -4.478435e-07 DIIS error vector rms norm 2.417072e-05
History size 10
alpha m=-1 occupations
   1.0000   1.0000
alpha m=0 occupations
   1.0000   1.0000   1.0000   1.0000   1.0000   1.0000
alpha m=1 occupations
   1.0000   1.0000   1.0000
alpha m=2 occupations
   1.0000
beta m=-1 occupations
   1.0000
beta m=0 occupations
   1.0000   1.0000   1.0000
beta m=1 occupations
   1.0000
DIIS step
Evaluated energy -457.8487163082 (change from lowest -2.131670e-06)
Density matrix difference 3.439985e-05 between lowest-energy and newest entry


Iteration 48: 48 Fock evaluations energy -457.8487163082 change -2.131670e-06 DIIS error vector rms norm 2.443369e-05
History size 10
alpha m=-1 occupations
   1.0000   1.0000
alpha m=0 occupations
   1.0000   1.0000   1.0000   1.0000   1.0000   1.0000
alpha m=1 occupations
   1.0000   1.0000   1.0000
alpha m=2 occupations
   1.0000
beta m=-1 occupations
   1.0000
beta m=0 occupations
   1.0000   1.0000   1.0000
beta m=1 occupations
   1.0000
DIIS step
Evaluated energy -457.8487127770 (change from lowest 3.531211e-06)
Density matrix difference 5.722105e-05 between lowest-energy and newest entry


Iteration 49: 49 Fock evaluations energy -457.8487163082 change  0.000000e+00 DIIS error vector rms norm 2.443369e-05
History size 10
alpha m=-1 occupations
   1.0000   1.0000
alpha m=0 occupations
   1.0000   1.0000   1.0000   1.0000   1.0000   1.0000
alpha m=1 occupations
   1.0000   1.0000   1.0000
alpha m=2 occupations
   1.0000
beta m=-1 occupations
   1.0000
beta m=0 occupations
   1.0000   1.0000   1.0000
beta m=1 occupations
   1.0000
DIIS step
Evaluated energy -457.8487175865 (change from lowest -1.278297e-06)
Density matrix difference 7.765166e-05 between lowest-energy and newest entry


Iteration 50: 50 Fock evaluations energy -457.8487175865 change -1.278297e-06 DIIS error vector rms norm 2.459007e-05
History size 10
alpha m=-1 occupations
   1.0000   1.0000
alpha m=0 occupations
   1.0000   1.0000   1.0000   1.0000   1.0000   1.0000
alpha m=1 occupations
   1.0000   1.0000   1.0000
alpha m=2 occupations
   1.0000
beta m=-1 occupations
   1.0000
beta m=0 occupations
   1.0000   1.0000   1.0000
beta m=1 occupations
   1.0000
DIIS step
Evaluated energy -457.8487137381 (change from lowest 3.848380e-06)
Density matrix difference 6.201227e-05 between lowest-energy and newest entry


Iteration 51: 51 Fock evaluations energy -457.8487175865 change  0.000000e+00 DIIS error vector rms norm 2.459007e-05
History size 10
alpha m=-1 occupations
   1.0000   1.0000
alpha m=0 occupations
   1.0000   1.0000   1.0000   1.0000   1.0000   1.0000
alpha m=1 occupations
   1.0000   1.0000   1.0000
alpha m=2 occupations
   1.0000
beta m=-1 occupations
   1.0000
beta m=0 occupations
   1.0000   1.0000   1.0000
beta m=1 occupations
   1.0000
DIIS step
Evaluated energy -457.8487137402 (change from lowest 3.846314e-06)
Density matrix difference 6.197895e-05 between lowest-energy and newest entry


Iteration 52: 52 Fock evaluations energy -457.8487175865 change  0.000000e+00 DIIS error vector rms norm 2.459007e-05
History size 10
alpha m=-1 occupations
   1.0000   1.0000
alpha m=0 occupations
   1.0000   1.0000   1.0000   1.0000   1.0000   1.0000
alpha m=1 occupations
   1.0000   1.0000   1.0000
alpha m=2 occupations
   1.0000
beta m=-1 occupations
   1.0000
beta m=0 occupations
   1.0000   1.0000   1.0000
beta m=1 occupations
   1.0000
DIIS step
Evaluated energy -457.8487156786 (change from lowest 1.907860e-06)
Density matrix difference 3.060061e-05 between lowest-energy and newest entry


Iteration 53: 53 Fock evaluations energy -457.8487175865 change  0.000000e+00 DIIS error vector rms norm 2.459007e-05
History size 10
alpha m=-1 occupations
   1.0000   1.0000
alpha m=0 occupations
   1.0000   1.0000   1.0000   1.0000   1.0000   1.0000
alpha m=1 occupations
   1.0000   1.0000   1.0000
alpha m=2 occupations
   1.0000
beta m=-1 occupations
   1.0000
beta m=0 occupations
   1.0000   1.0000   1.0000
beta m=1 occupations
   1.0000
DIIS step
Evaluated energy -457.8487165316 (change from lowest 1.054891e-06)
Density matrix difference 1.688988e-05 between lowest-energy and newest entry


Iteration 54: 54 Fock evaluations energy -457.8487175865 change  0.000000e+00 DIIS error vector rms norm 2.459007e-05
History size 10
alpha m=-1 occupations
   1.0000   1.0000
alpha m=0 occupations
   1.0000   1.0000   1.0000   1.0000   1.0000   1.0000
alpha m=1 occupations
   1.0000   1.0000   1.0000
alpha m=2 occupations
   1.0000
beta m=-1 occupations
   1.0000
beta m=0 occupations
   1.0000   1.0000   1.0000
beta m=1 occupations
   1.0000
DIIS step
Evaluated energy -457.8487171146 (change from lowest 4.718683e-07)
Density matrix difference 7.554440e-06 between lowest-energy and newest entry


Iteration 55: 55 Fock evaluations energy -457.8487175865 change  0.000000e+00 DIIS error vector rms norm 2.459007e-05
History size 10
alpha m=-1 occupations
   1.0000   1.0000
alpha m=0 occupations
   1.0000   1.0000   1.0000   1.0000   1.0000   1.0000
alpha m=1 occupations
   1.0000   1.0000   1.0000
alpha m=2 occupations
   1.0000
beta m=-1 occupations
   1.0000
beta m=0 occupations
   1.0000   1.0000   1.0000
beta m=1 occupations
   1.0000
Switching to optimal damping for next iterations
DIIS step
Evaluated energy -457.8487178228 (change from lowest -2.362820e-07)
Density matrix difference 1.130210e-05 between lowest-energy and newest entry


Iteration 56: 56 Fock evaluations energy -457.8487178228 change -2.362820e-07 DIIS error vector rms norm 2.461809e-05
History size 10
alpha m=-1 occupations
   1.0000   1.0000
alpha m=0 occupations
   1.0000   1.0000   1.0000   1.0000   1.0000   1.0000
alpha m=1 occupations
   1.0000   1.0000   1.0000
alpha m=2 occupations
   1.0000
beta m=-1 occupations
   1.0000
beta m=0 occupations
   1.0000   1.0000   1.0000
beta m=1 occupations
   1.0000
DIIS step
Evaluated energy -457.8487181658 (change from lowest -3.430665e-07)
Density matrix difference 5.457684e-06 between lowest-energy and newest entry


Iteration 57: 57 Fock evaluations energy -457.8487181658 change -3.430665e-07 DIIS error vector rms norm 2.465981e-05
History size 10
alpha m=-1 occupations
   1.0000   1.0000
alpha m=0 occupations
   1.0000   1.0000   1.0000   1.0000   1.0000   1.0000
alpha m=1 occupations
   1.0000   1.0000   1.0000
alpha m=2 occupations
   1.0000
beta m=-1 occupations
   1.0000
beta m=0 occupations
   1.0000   1.0000   1.0000
beta m=1 occupations
   1.0000
DIIS step
Evaluated energy -457.8487177151 (change from lowest 4.507075e-07)
Density matrix difference 7.183552e-06 between lowest-energy and newest entry


Iteration 58: 58 Fock evaluations energy -457.8487181658 change  0.000000e+00 DIIS error vector rms norm 2.465981e-05
History size 10
alpha m=-1 occupations
   1.0000   1.0000
alpha m=0 occupations
   1.0000   1.0000   1.0000   1.0000   1.0000   1.0000
alpha m=1 occupations
   1.0000   1.0000   1.0000
alpha m=2 occupations
   1.0000
beta m=-1 occupations
   1.0000
beta m=0 occupations
   1.0000   1.0000   1.0000
beta m=1 occupations
   1.0000
DIIS step
Evaluated energy -457.8487171591 (change from lowest 1.006688e-06)
Density matrix difference 1.606276e-05 between lowest-energy and newest entry


Iteration 59: 59 Fock evaluations energy -457.8487181658 change  0.000000e+00 DIIS error vector rms norm 2.465981e-05
History size 10
alpha m=-1 occupations
   1.0000   1.0000
alpha m=0 occupations
   1.0000   1.0000   1.0000   1.0000   1.0000   1.0000
alpha m=1 occupations
   1.0000   1.0000   1.0000
alpha m=2 occupations
   1.0000
beta m=-1 occupations
   1.0000
beta m=0 occupations
   1.0000   1.0000   1.0000
beta m=1 occupations
   1.0000
DIIS step
Evaluated energy -457.8487206218 (change from lowest -2.456019e-06)
Density matrix difference 5.490194e-05 between lowest-energy and newest entry


Iteration 60: 60 Fock evaluations energy -457.8487206218 change -2.456019e-06 DIIS error vector rms norm 2.495732e-05
History size 10
alpha m=-1 occupations
   1.0000   1.0000
alpha m=0 occupations
   1.0000   1.0000   1.0000   1.0000   1.0000   1.0000
alpha m=1 occupations
   1.0000   1.0000   1.0000
alpha m=2 occupations
   1.0000
beta m=-1 occupations
   1.0000
beta m=0 occupations
   1.0000   1.0000   1.0000
beta m=1 occupations
   1.0000
DIIS step
Evaluated energy -457.8487174393 (change from lowest 3.182554e-06)
Density matrix difference 5.044940e-05 between lowest-energy and newest entry


Iteration 61: 61 Fock evaluations energy -457.8487206218 change  0.000000e+00 DIIS error vector rms norm 2.495732e-05
History size 10
alpha m=-1 occupations
   1.0000   1.0000
alpha m=0 occupations
   1.0000   1.0000   1.0000   1.0000   1.0000   1.0000
alpha m=1 occupations
   1.0000   1.0000   1.0000
alpha m=2 occupations
   1.0000
beta m=-1 occupations
   1.0000
beta m=0 occupations
   1.0000   1.0000   1.0000
beta m=1 occupations
   1.0000
DIIS step
Evaluated energy -457.8487204618 (change from lowest 1.600013e-07)
Density matrix difference 2.532452e-06 between lowest-energy and newest entry


Iteration 62: 62 Fock evaluations energy -457.8487206218 change  0.000000e+00 DIIS error vector rms norm 2.495732e-05
History size 10
alpha m=-1 occupations
   1.0000   1.0000
alpha m=0 occupations
   1.0000   1.0000   1.0000   1.0000   1.0000   1.0000
alpha m=1 occupations
   1.0000   1.0000   1.0000
alpha m=2 occupations
   1.0000
beta m=-1 occupations
   1.0000
beta m=0 occupations
   1.0000   1.0000   1.0000
beta m=1 occupations
   1.0000
DIIS step
Evaluated energy -457.8487228252 (change from lowest -2.203370e-06)
Density matrix difference 3.697213e-05 between lowest-energy and newest entry


Iteration 63: 63 Fock evaluations energy -457.8487228252 change -2.203370e-06 DIIS error vector rms norm 2.522148e-05
History size 10
alpha m=-1 occupations
   1.0000   1.0000
alpha m=0 occupations
   1.0000   1.0000   1.0000   1.0000   1.0000   1.0000
alpha m=1 occupations
   1.0000   1.0000   1.0000
alpha m=2 occupations
   1.0000
beta m=-1 occupations
   1.0000
beta m=0 occupations
   1.0000   1.0000   1.0000
beta m=1 occupations
   1.0000
DIIS step
Evaluated energy -457.8487202117 (change from lowest 2.613524e-06)
Density matrix difference 4.095362e-05 between lowest-energy and newest entry


Iteration 64: 64 Fock evaluations energy -457.8487228252 change  0.000000e+00 DIIS error vector rms norm 2.522148e-05
History size 10
alpha m=-1 occupations
   1.0000   1.0000
alpha m=0 occupations
   1.0000   1.0000   1.0000   1.0000   1.0000   1.0000
alpha m=1 occupations
   1.0000   1.0000   1.0000
alpha m=2 occupations
   1.0000
beta m=-1 occupations
   1.0000
beta m=0 occupations
   1.0000   1.0000   1.0000
beta m=1 occupations
   1.0000
DIIS step
Evaluated energy -457.8487212678 (change from lowest 1.557397e-06)
Density matrix difference 2.435142e-05 between lowest-energy and newest entry


Iteration 65: 65 Fock evaluations energy -457.8487228252 change  0.000000e+00 DIIS error vector rms norm 2.522148e-05
History size 10
alpha m=-1 occupations
   1.0000   1.0000
alpha m=0 occupations
   1.0000   1.0000   1.0000   1.0000   1.0000   1.0000
alpha m=1 occupations
   1.0000   1.0000   1.0000
alpha m=2 occupations
   1.0000
beta m=-1 occupations
   1.0000
beta m=0 occupations
   1.0000   1.0000   1.0000
beta m=1 occupations
   1.0000
DIIS step
Evaluated energy -457.8487216117 (change from lowest 1.213507e-06)
Density matrix difference 1.896474e-05 between lowest-energy and newest entry


Iteration 66: 66 Fock evaluations energy -457.8487228252 change  0.000000e+00 DIIS error vector rms norm 2.522148e-05
History size 10
alpha m=-1 occupations
   1.0000   1.0000
alpha m=0 occupations
   1.0000   1.0000   1.0000   1.0000   1.0000   1.0000
alpha m=1 occupations
   1.0000   1.0000   1.0000
alpha m=2 occupations
   1.0000
beta m=-1 occupations
   1.0000
beta m=0 occupations
   1.0000   1.0000   1.0000
beta m=1 occupations
   1.0000
DIIS step
Evaluated energy -457.8487216802 (change from lowest 1.145043e-06)
Density matrix difference 1.789382e-05 between lowest-energy and newest entry


Iteration 67: 67 Fock evaluations energy -457.8487228252 change  0.000000e+00 DIIS error vector rms norm 2.522148e-05
History size 10
alpha m=-1 occupations
   1.0000   1.0000
alpha m=0 occupations
   1.0000   1.0000   1.0000   1.0000   1.0000   1.0000
alpha m=1 occupations
   1.0000   1.0000   1.0000
alpha m=2 occupations
   1.0000
beta m=-1 occupations
   1.0000
beta m=0 occupations
   1.0000   1.0000   1.0000
beta m=1 occupations
   1.0000
DIIS step
Evaluated energy -457.8487220039 (change from lowest 8.213050e-07)
Density matrix difference 1.283053e-05 between lowest-energy and newest entry


Iteration 68: 68 Fock evaluations energy -457.8487228252 change  0.000000e+00 DIIS error vector rms norm 2.522148e-05
History size 10
alpha m=-1 occupations
   1.0000   1.0000
alpha m=0 occupations
   1.0000   1.0000   1.0000   1.0000   1.0000   1.0000
alpha m=1 occupations
   1.0000   1.0000   1.0000
alpha m=2 occupations
   1.0000
beta m=-1 occupations
   1.0000
beta m=0 occupations
   1.0000   1.0000   1.0000
beta m=1 occupations
   1.0000
Switching to optimal damping for next iterations
DIIS step
Evaluated energy -457.8487233687 (change from lowest -5.435037e-07)
Density matrix difference 2.125964e-05 between lowest-energy and newest entry


Iteration 69: 69 Fock evaluations energy -457.8487233687 change -5.435037e-07 DIIS error vector rms norm 2.528612e-05
History size 10
alpha m=-1 occupations
   1.0000   1.0000
alpha m=0 occupations
   1.0000   1.0000   1.0000   1.0000   1.0000   1.0000
alpha m=1 occupations
   1.0000   1.0000   1.0000
alpha m=2 occupations
   1.0000
beta m=-1 occupations
   1.0000
beta m=0 occupations
   1.0000   1.0000   1.0000
beta m=1 occupations
   1.0000
DIIS step
Evaluated energy -457.8487258759 (change from lowest -2.507168e-06)
Density matrix difference 3.869564e-05 between lowest-energy and newest entry


Iteration 70: 70 Fock evaluations energy -457.8487258759 change -2.507168e-06 DIIS error vector rms norm 2.558264e-05
History size 10
alpha m=-1 occupations
   1.0000   1.0000
alpha m=0 occupations
   1.0000   1.0000   1.0000   1.0000   1.0000   1.0000
alpha m=1 occupations
   1.0000   1.0000   1.0000
alpha m=2 occupations
   1.0000
beta m=-1 occupations
   1.0000
beta m=0 occupations
   1.0000   1.0000   1.0000
beta m=1 occupations
   1.0000
DIIS step
Evaluated energy -457.8487220247 (change from lowest 3.851169e-06)
Density matrix difference 5.966459e-05 between lowest-energy and newest entry


Iteration 71: 71 Fock evaluations energy -457.8487258759 change  0.000000e+00 DIIS error vector rms norm 2.558264e-05
History size 10
alpha m=-1 occupations
   1.0000   1.0000
alpha m=0 occupations
   1.0000   1.0000   1.0000   1.0000   1.0000   1.0000
alpha m=1 occupations
   1.0000   1.0000   1.0000
alpha m=2 occupations
   1.0000
beta m=-1 occupations
   1.0000
beta m=0 occupations
   1.0000   1.0000   1.0000
beta m=1 occupations
   1.0000
DIIS step
Evaluated energy -457.8487274416 (change from lowest -1.565681e-06)
Density matrix difference 8.358451e-05 between lowest-energy and newest entry


Iteration 72: 72 Fock evaluations energy -457.8487274416 change -1.565681e-06 DIIS error vector rms norm 2.576619e-05
History size 10
alpha m=-1 occupations
   1.0000   1.0000
alpha m=0 occupations
   1.0000   1.0000   1.0000   1.0000   1.0000   1.0000
alpha m=1 occupations
   1.0000   1.0000   1.0000
alpha m=2 occupations
   1.0000
beta m=-1 occupations
   1.0000
beta m=0 occupations
   1.0000   1.0000   1.0000
beta m=1 occupations
   1.0000
DIIS step
Evaluated energy -457.8487235964 (change from lowest 3.845211e-06)
Density matrix difference 5.915403e-05 between lowest-energy and newest entry


Iteration 73: 73 Fock evaluations energy -457.8487274416 change  0.000000e+00 DIIS error vector rms norm 2.576619e-05
History size 10
alpha m=-1 occupations
   1.0000   1.0000
alpha m=0 occupations
   1.0000   1.0000   1.0000   1.0000   1.0000   1.0000
alpha m=1 occupations
   1.0000   1.0000   1.0000
alpha m=2 occupations
   1.0000
beta m=-1 occupations
   1.0000
beta m=0 occupations
   1.0000   1.0000   1.0000
beta m=1 occupations
   1.0000
DIIS step
Evaluated energy -457.8487235371 (change from lowest 3.904423e-06)
Density matrix difference 6.007214e-05 between lowest-energy and newest entry


Iteration 74: 74 Fock evaluations energy -457.8487274416 change  0.000000e+00 DIIS error vector rms norm 2.576619e-05
History size 10
alpha m=-1 occupations
   1.0000   1.0000
alpha m=0 occupations
   1.0000   1.0000   1.0000   1.0000   1.0000   1.0000
alpha m=1 occupations
   1.0000   1.0000   1.0000
alpha m=2 occupations
   1.0000
beta m=-1 occupations
   1.0000
beta m=0 occupations
   1.0000   1.0000   1.0000
beta m=1 occupations
   1.0000
DIIS step
Evaluated energy -457.8487257172 (change from lowest 1.724334e-06)
Density matrix difference 2.640927e-05 between lowest-energy and newest entry


Iteration 75: 75 Fock evaluations energy -457.8487274416 change  0.000000e+00 DIIS error vector rms norm 2.576619e-05
History size 10
alpha m=-1 occupations
   1.0000   1.0000
alpha m=0 occupations
   1.0000   1.0000   1.0000   1.0000   1.0000   1.0000
alpha m=1 occupations
   1.0000   1.0000   1.0000
alpha m=2 occupations
   1.0000
beta m=-1 occupations
   1.0000
beta m=0 occupations
   1.0000   1.0000   1.0000
beta m=1 occupations
   1.0000
DIIS step
Evaluated energy -457.8487260947 (change from lowest 1.346843e-06)
Density matrix difference 2.061548e-05 between lowest-energy and newest entry


Iteration 76: 76 Fock evaluations energy -457.8487274416 change  0.000000e+00 DIIS error vector rms norm 2.576619e-05
History size 10
alpha m=-1 occupations
   1.0000   1.0000
alpha m=0 occupations
   1.0000   1.0000   1.0000   1.0000   1.0000   1.0000
alpha m=1 occupations
   1.0000   1.0000   1.0000
alpha m=2 occupations
   1.0000
beta m=-1 occupations
   1.0000
beta m=0 occupations
   1.0000   1.0000   1.0000
beta m=1 occupations
   1.0000
DIIS step
Evaluated energy -457.8487266548 (change from lowest 7.867231e-07)
Density matrix difference 1.203662e-05 between lowest-energy and newest entry


Iteration 77: 77 Fock evaluations energy -457.8487274416 change  0.000000e+00 DIIS error vector rms norm 2.576619e-05
History size 10
alpha m=-1 occupations
   1.0000   1.0000
alpha m=0 occupations
   1.0000   1.0000   1.0000   1.0000   1.0000   1.0000
alpha m=1 occupations
   1.0000   1.0000   1.0000
alpha m=2 occupations
   1.0000
beta m=-1 occupations
   1.0000
beta m=0 occupations
   1.0000   1.0000   1.0000
beta m=1 occupations
   1.0000
Switching to optimal damping for next iterations
DIIS step
Evaluated energy -457.8487276670 (change from lowest -2.253838e-07)
Density matrix difference 1.544678e-05 between lowest-energy and newest entry


Iteration 78: 78 Fock evaluations energy -457.8487276670 change -2.253838e-07 DIIS error vector rms norm 2.579258e-05
History size 10
alpha m=-1 occupations
   1.0000   1.0000
alpha m=0 occupations
   1.0000   1.0000   1.0000   1.0000   1.0000   1.0000
alpha m=1 occupations
   1.0000   1.0000   1.0000
alpha m=2 occupations
   1.0000
beta m=-1 occupations
   1.0000
beta m=0 occupations
   1.0000   1.0000   1.0000
beta m=1 occupations
   1.0000
DIIS step
Evaluated energy -457.8487284997 (change from lowest -8.327381e-07)
Density matrix difference 1.265349e-05 between lowest-energy and newest entry


Iteration 79: 79 Fock evaluations energy -457.8487284997 change -8.327381e-07 DIIS error vector rms norm 2.588953e-05
History size 10
alpha m=-1 occupations
   1.0000   1.0000
alpha m=0 occupations
   1.0000   1.0000   1.0000   1.0000   1.0000   1.0000
alpha m=1 occupations
   1.0000   1.0000   1.0000
alpha m=2 occupations
   1.0000
beta m=-1 occupations
   1.0000
beta m=0 occupations
   1.0000   1.0000   1.0000
beta m=1 occupations
   1.0000
DIIS step
Evaluated energy -457.8487279169 (change from lowest 5.828097e-07)
Density matrix difference 8.861407e-06 between lowest-energy and newest entry


Iteration 80: 80 Fock evaluations energy -457.8487284997 change  0.000000e+00 DIIS error vector rms norm 2.588953e-05
History size 10
alpha m=-1 occupations
   1.0000   1.0000
alpha m=0 occupations
   1.0000   1.0000   1.0000   1.0000   1.0000   1.0000
alpha m=1 occupations
   1.0000   1.0000   1.0000
alpha m=2 occupations
   1.0000
beta m=-1 occupations
   1.0000
beta m=0 occupations
   1.0000   1.0000   1.0000
beta m=1 occupations
   1.0000
DIIS step
Evaluated energy -457.8487271154 (change from lowest 1.384339e-06)
Density matrix difference 2.107965e-05 between lowest-energy and newest entry


Iteration 81: 81 Fock evaluations energy -457.8487284997 change  0.000000e+00 DIIS error vector rms norm 2.588953e-05
History size 10
alpha m=-1 occupations
   1.0000   1.0000
alpha m=0 occupations
   1.0000   1.0000   1.0000   1.0000   1.0000   1.0000
alpha m=1 occupations
   1.0000   1.0000   1.0000
alpha m=2 occupations
   1.0000
beta m=-1 occupations
   1.0000
beta m=0 occupations
   1.0000   1.0000   1.0000
beta m=1 occupations
   1.0000
DIIS step
Evaluated energy -457.8487314983 (change from lowest -2.998619e-06)
Density matrix difference 6.627311e-05 between lowest-energy and newest entry


Iteration 82: 82 Fock evaluations energy -457.8487314983 change -2.998619e-06 DIIS error vector rms norm 2.623563e-05
History size 10
alpha m=-1 occupations
   1.0000   1.0000
alpha m=0 occupations
   1.0000   1.0000   1.0000   1.0000   1.0000   1.0000
alpha m=1 occupations
   1.0000   1.0000   1.0000
alpha m=2 occupations
   1.0000
beta m=-1 occupations
   1.0000
beta m=0 occupations
   1.0000   1.0000   1.0000
beta m=1 occupations
   1.0000
DIIS step
Evaluated energy -457.8487269663 (change from lowest 4.531974e-06)
Density matrix difference 6.858455e-05 between lowest-energy and newest entry


Iteration 83: 83 Fock evaluations energy -457.8487314983 change  0.000000e+00 DIIS error vector rms norm 2.623563e-05
History size 10
alpha m=-1 occupations
   1.0000   1.0000
alpha m=0 occupations
   1.0000   1.0000   1.0000   1.0000   1.0000   1.0000
alpha m=1 occupations
   1.0000   1.0000   1.0000
alpha m=2 occupations
   1.0000
beta m=-1 occupations
   1.0000
beta m=0 occupations
   1.0000   1.0000   1.0000
beta m=1 occupations
   1.0000
DIIS step
Evaluated energy -457.8487299184 (change from lowest 1.579898e-06)
Density matrix difference 2.376828e-05 between lowest-energy and newest entry


Iteration 84: 84 Fock evaluations energy -457.8487314983 change  0.000000e+00 DIIS error vector rms norm 2.623563e-05
History size 10
alpha m=-1 occupations
   1.0000   1.0000
alpha m=0 occupations
   1.0000   1.0000   1.0000   1.0000   1.0000   1.0000
alpha m=1 occupations
   1.0000   1.0000   1.0000
alpha m=2 occupations
   1.0000
beta m=-1 occupations
   1.0000
beta m=0 occupations
   1.0000   1.0000   1.0000
beta m=1 occupations
   1.0000
DIIS step
Evaluated energy -457.8487329145 (change from lowest -1.416178e-06)
Density matrix difference 4.488619e-05 between lowest-energy and newest entry


Iteration 85: 85 Fock evaluations energy -457.8487329145 change -1.416178e-06 DIIS error vector rms norm 2.639771e-05
History size 10
alpha m=-1 occupations
   1.0000   1.0000
alpha m=0 occupations
   1.0000   1.0000   1.0000   1.0000   1.0000   1.0000
alpha m=1 occupations
   1.0000   1.0000   1.0000
alpha m=2 occupations
   1.0000
beta m=-1 occupations
   1.0000
beta m=0 occupations
   1.0000   1.0000   1.0000
beta m=1 occupations
   1.0000
DIIS step
Evaluated energy -457.8487301534 (change from lowest 2.761137e-06)
Density matrix difference 4.137769e-05 between lowest-energy and newest entry


Iteration 86: 86 Fock evaluations energy -457.8487329145 change  0.000000e+00 DIIS error vector rms norm 2.639771e-05
History size 10
alpha m=-1 occupations
   1.0000   1.0000
alpha m=0 occupations
   1.0000   1.0000   1.0000   1.0000   1.0000   1.0000
alpha m=1 occupations
   1.0000   1.0000   1.0000
alpha m=2 occupations
   1.0000
beta m=-1 occupations
   1.0000
beta m=0 occupations
   1.0000   1.0000   1.0000
beta m=1 occupations
   1.0000
DIIS step
Evaluated energy -457.8487316239 (change from lowest 1.290622e-06)
Density matrix difference 1.928929e-05 between lowest-energy and newest entry


Iteration 87: 87 Fock evaluations energy -457.8487329145 change  0.000000e+00 DIIS error vector rms norm 2.639771e-05
History size 10
alpha m=-1 occupations
   1.0000   1.0000
alpha m=0 occupations
   1.0000   1.0000   1.0000   1.0000   1.0000   1.0000
alpha m=1 occupations
   1.0000   1.0000   1.0000
alpha m=2 occupations
   1.0000
beta m=-1 occupations
   1.0000
beta m=0 occupations
   1.0000   1.0000   1.0000
beta m=1 occupations
   1.0000
DIIS step
Evaluated energy -457.8487322126 (change from lowest 7.019053e-07)
Density matrix difference 1.048805e-05 between lowest-energy and newest entry


Iteration 88: 88 Fock evaluations energy -457.8487329145 change  0.000000e+00 DIIS error vector rms norm 2.639771e-05
History size 10
alpha m=-1 occupations
   1.0000   1.0000
alpha m=0 occupations
   1.0000   1.0000   1.0000   1.0000   1.0000   1.0000
alpha m=1 occupations
   1.0000   1.0000   1.0000
alpha m=2 occupations
   1.0000
beta m=-1 occupations
   1.0000
beta m=0 occupations
   1.0000   1.0000   1.0000
beta m=1 occupations
   1.0000
DIIS step
Evaluated energy -457.8487320890 (change from lowest 8.255309e-07)
Density matrix difference 1.233712e-05 between lowest-energy and newest entry


Iteration 89: 89 Fock evaluations energy -457.8487329145 change  0.000000e+00 DIIS error vector rms norm 2.639771e-05
History size 10
alpha m=-1 occupations
   1.0000   1.0000
alpha m=0 occupations
   1.0000   1.0000   1.0000   1.0000   1.0000   1.0000
alpha m=1 occupations
   1.0000   1.0000   1.0000
alpha m=2 occupations
   1.0000
beta m=-1 occupations
   1.0000
beta m=0 occupations
   1.0000   1.0000   1.0000
beta m=1 occupations
   1.0000
DIIS step
Evaluated energy -457.8487320512 (change from lowest 8.633056e-07)
Density matrix difference 1.290143e-05 between lowest-energy and newest entry


Iteration 90: 90 Fock evaluations energy -457.8487329145 change  0.000000e+00 DIIS error vector rms norm 2.639771e-05
History size 10
alpha m=-1 occupations
   1.0000   1.0000
alpha m=0 occupations
   1.0000   1.0000   1.0000   1.0000   1.0000   1.0000
alpha m=1 occupations
   1.0000   1.0000   1.0000
alpha m=2 occupations
   1.0000
beta m=-1 occupations
   1.0000
beta m=0 occupations
   1.0000   1.0000   1.0000
beta m=1 occupations
   1.0000
Switching to optimal damping for next iterations
DIIS step
Evaluated energy -457.8487332785 (change from lowest -3.639647e-07)
Density matrix difference 1.829708e-05 between lowest-energy and newest entry


Iteration 91: 91 Fock evaluations energy -457.8487332785 change -3.639647e-07 DIIS error vector rms norm 2.643928e-05
History size 10
alpha m=-1 occupations
   1.0000   1.0000
alpha m=0 occupations
   1.0000   1.0000   1.0000   1.0000   1.0000   1.0000
alpha m=1 occupations
   1.0000   1.0000   1.0000
alpha m=2 occupations
   1.0000
beta m=-1 occupations
   1.0000
beta m=0 occupations
   1.0000   1.0000   1.0000
beta m=1 occupations
   1.0000
DIIS step
Evaluated energy -457.8487360892 (change from lowest -2.810730e-06)
Density matrix difference 4.153864e-05 between lowest-energy and newest entry


Iteration 92: 92 Fock evaluations energy -457.8487360892 change -2.810730e-06 DIIS error vector rms norm 2.675709e-05
History size 10
alpha m=-1 occupations
   1.0000   1.0000
alpha m=0 occupations
   1.0000   1.0000   1.0000   1.0000   1.0000   1.0000
alpha m=1 occupations
   1.0000   1.0000   1.0000
alpha m=2 occupations
   1.0000
beta m=-1 occupations
   1.0000
beta m=0 occupations
   1.0000   1.0000   1.0000
beta m=1 occupations
   1.0000
DIIS step
Evaluated energy -457.8487321848 (change from lowest 3.904404e-06)
Density matrix difference 5.786762e-05 between lowest-energy and newest entry


Iteration 93: 93 Fock evaluations energy -457.8487360892 change  0.000000e+00 DIIS error vector rms norm 2.675709e-05
History size 10
alpha m=-1 occupations
   1.0000   1.0000
alpha m=0 occupations
   1.0000   1.0000   1.0000   1.0000   1.0000   1.0000
alpha m=1 occupations
   1.0000   1.0000   1.0000
alpha m=2 occupations
   1.0000
beta m=-1 occupations
   1.0000
beta m=0 occupations
   1.0000   1.0000   1.0000
beta m=1 occupations
   1.0000
DIIS step
Evaluated energy -457.8487384650 (change from lowest -2.375824e-06)
Density matrix difference 9.257963e-05 between lowest-energy and newest entry


Iteration 94: 94 Fock evaluations energy -457.8487384650 change -2.375824e-06 DIIS error vector rms norm 2.702300e-05
History size 10
alpha m=-1 occupations
   1.0000   1.0000
alpha m=0 occupations
   1.0000   1.0000   1.0000   1.0000   1.0000   1.0000
alpha m=1 occupations
   1.0000   1.0000   1.0000
alpha m=2 occupations
   1.0000
beta m=-1 occupations
   1.0000
beta m=0 occupations
   1.0000   1.0000   1.0000
beta m=1 occupations
   1.0000
DIIS step
Evaluated energy -457.8487341705 (change from lowest 4.294508e-06)
Density matrix difference 6.309041e-05 between lowest-energy and newest entry


Iteration 95: 95 Fock evaluations energy -457.8487384650 change  0.000000e+00 DIIS error vector rms norm 2.702300e-05
History size 10
alpha m=-1 occupations
   1.0000   1.0000
alpha m=0 occupations
   1.0000   1.0000   1.0000   1.0000   1.0000   1.0000
alpha m=1 occupations
   1.0000   1.0000   1.0000
alpha m=2 occupations
   1.0000
beta m=-1 occupations
   1.0000
beta m=0 occupations
   1.0000   1.0000   1.0000
beta m=1 occupations
   1.0000
DIIS step
Evaluated energy -457.8487340748 (change from lowest 4.390187e-06)
Density matrix difference 6.450728e-05 between lowest-energy and newest entry


Iteration 96: 96 Fock evaluations energy -457.8487384650 change  0.000000e+00 DIIS error vector rms norm 2.702300e-05
History size 10
alpha m=-1 occupations
   1.0000   1.0000
alpha m=0 occupations
   1.0000   1.0000   1.0000   1.0000   1.0000   1.0000
alpha m=1 occupations
   1.0000   1.0000   1.0000
alpha m=2 occupations
   1.0000
beta m=-1 occupations
   1.0000
beta m=0 occupations
   1.0000   1.0000   1.0000
beta m=1 occupations
   1.0000
DIIS step
Evaluated energy -457.8487366543 (change from lowest 1.810702e-06)
Density matrix difference 2.648042e-05 between lowest-energy and newest entry


Iteration 97: 97 Fock evaluations energy -457.8487384650 change  0.000000e+00 DIIS error vector rms norm 2.702300e-05
History size 10
alpha m=-1 occupations
   1.0000   1.0000
alpha m=0 occupations
   1.0000   1.0000   1.0000   1.0000   1.0000   1.0000
alpha m=1 occupations
   1.0000   1.0000   1.0000
alpha m=2 occupations
   1.0000
beta m=-1 occupations
   1.0000
beta m=0 occupations
   1.0000   1.0000   1.0000
beta m=1 occupations
   1.0000
DIIS step
Evaluated energy -457.8487365959 (change from lowest 1.869073e-06)
Density matrix difference 2.733856e-05 between lowest-energy and newest entry


Iteration 98: 98 Fock evaluations energy -457.8487384650 change  0.000000e+00 DIIS error vector rms norm 2.702300e-05
History size 10
alpha m=-1 occupations
   1.0000   1.0000
alpha m=0 occupations
   1.0000   1.0000   1.0000   1.0000   1.0000   1.0000
alpha m=1 occupations
   1.0000   1.0000   1.0000
alpha m=2 occupations
   1.0000
beta m=-1 occupations
   1.0000
beta m=0 occupations
   1.0000   1.0000   1.0000
beta m=1 occupations
   1.0000
DIIS step
Evaluated energy -457.8487369030 (change from lowest 1.562005e-06)
Density matrix difference 2.283789e-05 between lowest-energy and newest entry


Iteration 99: 99 Fock evaluations energy -457.8487384650 change  0.000000e+00 DIIS error vector rms norm 2.702300e-05
History size 10
alpha m=-1 occupations
   1.0000   1.0000
alpha m=0 occupations
   1.0000   1.0000   1.0000   1.0000   1.0000   1.0000
alpha m=1 occupations
   1.0000   1.0000   1.0000
alpha m=2 occupations
   1.0000
beta m=-1 occupations
   1.0000
beta m=0 occupations
   1.0000   1.0000   1.0000
beta m=1 occupations
   1.0000
Switching to optimal damping for next iterations
DIIS step
Evaluated energy -457.8487380040 (change from lowest 4.610465e-07)
Density matrix difference 6.747388e-06 between lowest-energy and newest entry


Iteration 100: 100 Fock evaluations energy -457.8487384650 change  0.000000e+00 DIIS error vector rms norm 2.702300e-05
History size 10
alpha m=-1 occupations
   1.0000   1.0000
alpha m=0 occupations
   1.0000   1.0000   1.0000   1.0000   1.0000   1.0000
alpha m=1 occupations
   1.0000   1.0000   1.0000
alpha m=2 occupations
   1.0000
beta m=-1 occupations
   1.0000
beta m=0 occupations
   1.0000   1.0000   1.0000
beta m=1 occupations
   1.0000
Switching to optimal damping for next iterations
DIIS step
Evaluated energy -457.8487394474 (change from lowest -9.823909e-07)
Density matrix difference 2.098368e-05 between lowest-energy and newest entry

Running program took 13.58 s.
