ERKALE - HF/DFT from Hel, OpenMP version, running on 8 cores.
(c) Susi Lehtola, 2010-2016.

This program is free software; you can redistribute it and/or modify
it under the terms of the GNU General Public License as published by
the Free Software Foundation; either version 2 of the License, or
(at your option) any later version.

Running on host silver.

Current time is Tue 20 Jan 2026 13:30:36.

Current Settings used by ERKALE:
     AtomGuess      	                Auto	Method used for atomic guess (Auto for same as method)
     Basis          	           AHGBSP1-9	Basis set used in calculation
     BasisCutoff    	           1.000e-08	Cutoff for dropping out small primitives from contraction
     BasisOrth      	                Auto	Method of orthonormalization of basis set
     BasisRotate    	               false	Rotate basis set to remove redundant functions?
     Charge         	                   0	Total charge of system
     CholDepThresh  	           1.000e-07	Partial Cholesky decomposition threshold
     Cholesky       	                true	Use Cholesky decomposition?
     CholeskyMode   	                   0	Save/load integrals? 0 no, 1 save, -1 load
     CholeskyNAFThr 	           0.000e+00	Cholesky natural auxiliary function threshold
     CholeskyShThr  	           1.000e-02	Cholesky cache threshold
     CholeskyThr    	           1.000e-07	Cholesky decomposition threshold
     Complexbas     	                true	Use complex basis?
     Confinement    	         0.0 0.0 0.0	Confinement potential V(r) = V_i x_i^2
     ConvThr        	           1.000e-06	Orbital gradient convergence threshold
     DFTBasisThr    	           1.000e-10	Threshold for screening basis functions on grid
     DFTCpars       	                    	Override parameters of correlation functional (expert)
     DFTDelta       	           1.000e+02	Switch to final DFT grid has converged within factor X
     DFTDensityThr  	           1.000e-10	Threshold for screening density on grid
     DFTFinalTol    	           1.000e-05	Tolerance of final DFT grid
     DFTGrid        	             75 -302	DFT integration grid to use: nrad lmax or Auto for adaptive
     DFTInitialTol  	           1.000e-04	Tolerance of initial DFT grid
     DFTLobatto     	               false	Use Lobatto quadrature instead of Lebedev quadrature?
     DFTQuadThresh  	           2.220e-16	Threshold for pruning points with small quadrature weight
     DFTXpars       	                    	Override parameters of exchange functional (expert)
     DIISComb       	               false	Combine alpha and beta errors in unrestricted calcs?
     DIISEps        	           1.000e-01	Start mixing in DIIS when error is
     DIISOrder      	                  10	How many DIIS iterations to keep in memory?
     DIISThr        	           1.000e-02	DIIS error threshold for DIIS updates
     DecFock        	               false	Use decontracted basis to calculate Fock matrix (direct HF)
     Decontract     	                   *	Indices of atoms to decontract basis set for
     DensityFitting 	               false	Use density fitting / RI?
     Direct         	               false	Calculate two-electron integrals (or density fitting) on-the-fly?
     EField         	         0.0 0.0 0.0	Electric field
     ErrorNorm      	                 rms	Error norm to use in the SCF code
     FittingBasis   	                Auto	Basis to use for density fitting / RI (Auto for automatic)
     FittingCholeskyThreshold	           1.000e-08	Linear dependence threshold for pivoted Cholesky of Coulomb integrals in density fitting
     FittingMemory  	                1000	Amount of memory in MB to use for exchange fitting
     FittingThreshold	           1.000e-07	Linear dependence threshold for Coulomb integrals in density fitting
     Guess          	              sapfit	Used guess: SAD (default), SADNO, core, GWH, SAP, or SAPfit
     InitConvThr    	           1.000e-05	Initialization convergence threshold
     InputBohr      	               false	Use atomic units as input units instead of angstrom?
     IntegralThresh 	           1.000e-10	Integral screening threshold
     Kgwh           	           1.750e+00	Scaling constant for GWH
     LinDepThresh   	           1.000e-05	Basis set linear dependency threshold
     LinearB        	           1.000e-01	Magnetic field along bond axis
     LinearFreeze   	               false	If using linear symmetry, freeze symmetry to input guess
     LinearOccupationFile	      ../../B_2.occs	File to read linear occupations from
     LinearOccupations	                  -1	Read in occupations for linear molecule calculations?
     LinearSymmetry 	                true	Do special calculation on linear molecule along z axis
     LoadChk        	                    	Checkpoint file to load from
     Logfile        	          erkale.log	File to print out full information, stdout for screen
     MaxInitIter    	                  50	Maximum number of iterations in the stepwise solutions
     MaxIter        	                 100	Maximum number of iterations in SCF cycle
     Method         	                  HF	Method used in calculation (HF or a DFT functional)
     Multiplicity   	                   4	Spin multiplicity
     NLGrid         	             50 -194	Integration grid to use for nonlocal correlation: nrad lmax
     Occupancies    	                    	Orbital occupancies
     OptLM          	               false	If spherical harmonics used, use cartesian s and p functions?
     PZ             	               false	Perform Perdew-Zunger self-interaction correction?
     PZEthr         	           1.000e-10	Threshold for energy convergence
     PZIthr         	           1.000e-02	Threshold for initialization convergence (not too small!)
     PZNRthr        	           0.000e+00	Threshold for use of NR method in OO optimization
     PZOOthr        	           1.000e-04	Gradient threshold for OO optimization
     PZOVthr        	           1.000e-05	Gradient threshold for OV optimization
     PZimag         	                Auto	Imaginary degrees of freedom in PZ?
     PZiter         	                  20	Max number of iterations in self-consistency iteration
     PZloc          	                Auto	Initial localization before SIC calculation?
     PZlocmet       	                  FB	Initial localization method (recommend FB or IAO)
     PZmode         	                  XC	Apply PZ to the operators (in addition to J): X C D
     PZoo           	                true	Optimize OO block?
     PZov           	                true	Optimize OV block?
     PZprec         	                   1	Precondition OV block? 0: no, 1: unified, 2: orbital
     PZrand         	                true	Apply random rotation in PZ initialization? (Should be true)
     PZscale        	            Constant	Scaling for PZ: Constant, Density or Kinetic
     PZscaleExp     	           1.000e+00	Exponent in the dynamic scaling equation
     PZseed         	                   0	Seed number for randomized matrices?
     PZstab         	                   0	Stability analysis for PZ-SIC? 1 or -1 for OO, 2 or -2 for OO+OV
     PZstabThr      	           1.000e-03	Instability threshold (interpreted as -thr)
     PZw            	           1.000e+00	Weight for Perdew-Zunger self-interaction correction
     Restricted     	               false	Spin restricted?
     SAPBasis       	    helfem_large.gbs	Tabulated atomic effective potential "basis set"
     SAPGrid        	                    	SAP integration grid to use: nrad lmax or leave empty
     SaveChk        	   complex_basis.chk	Checkpoint file to save to
     Shift          	           0.000e+00	Level shift to use in Hartree
     System         	        ../atoms.xyz	System as an xyz file
     TRRHminS       	           9.750e-01	Trust-Region Roothaan-Hall minimal occupied orbital overlap
     UseADIIS       	                true	Use ADIIS for Fock matrix interpolation?
     UseBroyden     	               false	Use Broyden mixing of Fock matrices?
     UseDIIS        	                true	Use Pulay's Direct Inversion in the Iterative Subspace?
     UseLM          	                true	Use a spherical harmonics basis set by default?
     UseTRRH        	               false	Use Trust-Region Roothaan-Hall?
     VV10           	                Auto	Use VV10 non-local correlation?
     VV10Pars       	                    	VV10 parameters: b C
     Verbose        	                true	Verbose calculation?
     Verbosity      	                   5	Verboseness level

Basis set AHGBSP1-9 found in file AHGBSP1-9.gbs in /home/lehtola/programs/erkale/basis/.
Basis set helfem_large.gbs found in file helfem_large.gbs in /home/lehtola/programs/erkale/basis/.
Screening by shell pairs and symmetry reduced dofs by factor 2.01.
Individual screening reduced dofs by a total factor 2.01.
Computing Cholesky vectors. Estimated memory size is 89 Mi - 299 Mi.
Cholesky vectors no     0 -     0 computed, error is 2.086439e+02 (0.03 s).
Cholesky vectors no     1 -     1 computed, error is 5.269340e+01 (0.00 s).
Cholesky vectors no     2 -     2 computed, error is 3.005249e+01 (0.00 s).
Cholesky vectors no     3 -     3 computed, error is 1.893991e+01 (0.00 s).
Cholesky vectors no     4 -     9 computed, error is 6.673619e+00 (0.00 s).
Cholesky vectors no    10 -    12 computed, error is 5.351222e+00 (0.00 s).
Cholesky vectors no    13 -    18 computed, error is 4.894474e+00 (0.00 s).
Cholesky vectors no    19 -    19 computed, error is 1.772901e+00 (0.00 s).
Cholesky vectors no    20 -    22 computed, error is 1.698642e+00 (0.00 s).
Cholesky vectors no    23 -    37 computed, error is 1.612470e+00 (0.01 s).
Cholesky vectors no    38 -    38 computed, error is 1.414547e+00 (0.00 s).
Cholesky vectors no    39 -    39 computed, error is 1.164779e+00 (0.00 s).
Cholesky vectors no    40 -    45 computed, error is 8.922759e-01 (0.01 s).
Cholesky vectors no    46 -    55 computed, error is 7.073410e-01 (0.01 s).
Cholesky vectors no    56 -    58 computed, error is 5.493398e-01 (0.00 s).
Cholesky vectors no    59 -    73 computed, error is 4.542389e-01 (0.01 s).
Cholesky vectors no    74 -    88 computed, error is 3.587960e-01 (0.02 s).
Cholesky vectors no    89 -    98 computed, error is 1.749443e-01 (0.01 s).
Cholesky vectors no    99 -   113 computed, error is 1.480788e-01 (0.03 s).
Cholesky vectors no   114 -   123 computed, error is 1.470647e-01 (0.01 s).
Cholesky vectors no   124 -   138 computed, error is 1.387536e-01 (0.02 s).
Cholesky vectors no   139 -   141 computed, error is 1.245388e-01 (0.01 s).
Cholesky vectors no   142 -   142 computed, error is 7.849053e-02 (0.00 s).
Cholesky vectors no   143 -   148 computed, error is 7.151908e-02 (0.01 s).
Cholesky vectors no   149 -   158 computed, error is 6.368256e-02 (0.02 s).
Cholesky vectors no   159 -   161 computed, error is 6.201420e-02 (0.01 s).
Cholesky vectors no   162 -   171 computed, error is 5.560890e-02 (0.02 s).
Cholesky vectors no   172 -   186 computed, error is 4.885191e-02 (0.03 s).
Cholesky vectors no   187 -   187 computed, error is 4.679772e-02 (0.00 s).
Cholesky vectors no   188 -   202 computed, error is 3.876162e-02 (0.05 s).
Cholesky vectors no   203 -   212 computed, error is 2.996982e-02 (0.02 s).
Cholesky vectors no   213 -   222 computed, error is 2.094070e-02 (0.02 s).
Cholesky vectors no   223 -   237 computed, error is 1.767527e-02 (0.03 s).
Cholesky vectors no   238 -   252 computed, error is 1.487036e-02 (0.03 s).
Cholesky vectors no   253 -   267 computed, error is 1.227932e-02 (0.03 s).
Cholesky vectors no   268 -   277 computed, error is 1.212920e-02 (0.02 s).
Cholesky vectors no   278 -   287 computed, error is 1.191935e-02 (0.02 s).
Cholesky vectors no   288 -   288 computed, error is 9.292086e-03 (0.00 s).
Cholesky vectors no   289 -   291 computed, error is 9.176768e-03 (0.01 s).
Cholesky vectors no   292 -   292 computed, error is 9.060423e-03 (0.00 s).
Cholesky vectors no   293 -   298 computed, error is 6.137541e-03 (0.02 s).
Cholesky vectors no   299 -   308 computed, error is 5.533360e-03 (0.06 s).
Cholesky vectors no   309 -   323 computed, error is 5.500541e-03 (0.05 s).
Cholesky vectors no   324 -   326 computed, error is 5.165965e-03 (0.01 s).
Cholesky vectors no   327 -   333 computed, error is 4.899989e-03 (0.03 s).
Cholesky vectors no   334 -   348 computed, error is 4.604116e-03 (0.04 s).
Cholesky vectors no   349 -   358 computed, error is 4.544277e-03 (0.02 s).
Cholesky vectors no   359 -   359 computed, error is 3.335493e-03 (0.00 s).
Cholesky vectors no   360 -   369 computed, error is 1.936149e-03 (0.03 s).
Cholesky vectors no   370 -   384 computed, error is 1.687046e-03 (0.04 s).
Cholesky vectors no   385 -   399 computed, error is 1.375832e-03 (0.03 s).
Cholesky vectors no   400 -   409 computed, error is 1.242985e-03 (0.07 s).
Cholesky vectors no   410 -   424 computed, error is 8.022456e-04 (0.04 s).
Cholesky vectors no   425 -   427 computed, error is 6.271559e-04 (0.01 s).
Cholesky vectors no   428 -   437 computed, error is 5.505591e-04 (0.03 s).
Cholesky vectors no   438 -   452 computed, error is 5.224207e-04 (0.05 s).
Cholesky vectors no   453 -   458 computed, error is 5.132027e-04 (0.02 s).
Cholesky vectors no   459 -   461 computed, error is 4.738555e-04 (0.01 s).
Cholesky vectors no   462 -   476 computed, error is 3.804847e-04 (0.04 s).
Cholesky vectors no   477 -   482 computed, error is 3.675112e-04 (0.02 s).
Cholesky vectors no   483 -   489 computed, error is 3.540169e-04 (0.02 s).
Cholesky vectors no   490 -   499 computed, error is 3.387575e-04 (0.03 s).
Cholesky vectors no   500 -   502 computed, error is 1.698445e-04 (0.06 s).
Cholesky vectors no   503 -   512 computed, error is 1.548333e-04 (0.04 s).
Cholesky vectors no   513 -   527 computed, error is 1.373123e-04 (0.05 s).
Cholesky vectors no   528 -   537 computed, error is 1.152828e-04 (0.03 s).
Cholesky vectors no   538 -   552 computed, error is 1.050719e-04 (0.04 s).
Cholesky vectors no   553 -   553 computed, error is 8.626624e-05 (0.00 s).
Cholesky vectors no   554 -   568 computed, error is 8.472286e-05 (0.04 s).
Cholesky vectors no   569 -   578 computed, error is 6.939706e-05 (0.03 s).
Cholesky vectors no   579 -   581 computed, error is 5.019730e-05 (0.01 s).
Cholesky vectors no   582 -   591 computed, error is 4.507696e-05 (0.05 s).
Cholesky vectors no   592 -   606 computed, error is 3.872121e-05 (0.12 s).
Cholesky vectors no   607 -   607 computed, error is 3.483379e-05 (0.01 s).
Cholesky vectors no   608 -   610 computed, error is 3.258981e-05 (0.02 s).
Cholesky vectors no   611 -   617 computed, error is 3.058418e-05 (0.04 s).
Cholesky vectors no   618 -   618 computed, error is 1.929109e-05 (0.01 s).
Cholesky vectors no   619 -   628 computed, error is 1.602461e-05 (0.05 s).
Cholesky vectors no   629 -   638 computed, error is 1.050035e-05 (0.06 s).
Cholesky vectors no   639 -   648 computed, error is 8.496820e-06 (0.06 s).
Cholesky vectors no   649 -   651 computed, error is 7.494674e-06 (0.02 s).
Cholesky vectors no   652 -   654 computed, error is 7.009761e-06 (0.02 s).
Cholesky vectors no   655 -   655 computed, error is 6.583371e-06 (0.01 s).
Cholesky vectors no   656 -   665 computed, error is 5.957100e-06 (0.05 s).
Cholesky vectors no   666 -   680 computed, error is 5.286471e-06 (0.07 s).
Cholesky vectors no   681 -   686 computed, error is 2.569503e-06 (0.03 s).
Cholesky vectors no   687 -   687 computed, error is 2.230838e-06 (0.00 s).
Cholesky vectors no   688 -   702 computed, error is 1.907940e-06 (0.13 s).
Cholesky vectors no   703 -   705 computed, error is 1.734609e-06 (0.02 s).
Cholesky vectors no   706 -   715 computed, error is 1.525163e-06 (0.06 s).
Cholesky vectors no   716 -   725 computed, error is 1.398612e-06 (0.06 s).
Cholesky vectors no   726 -   740 computed, error is 1.158052e-06 (0.07 s).
Cholesky vectors no   741 -   743 computed, error is 9.485009e-07 (0.01 s).
Cholesky vectors no   744 -   758 computed, error is 8.465043e-07 (0.07 s).
Cholesky vectors no   759 -   768 computed, error is 7.151283e-07 (0.05 s).
Cholesky vectors no   769 -   783 computed, error is 4.968477e-07 (0.09 s).
Cholesky vectors no   784 -   793 computed, error is 4.904090e-07 (0.05 s).
Cholesky vectors no   794 -   799 computed, error is 4.486689e-07 (0.04 s).
Cholesky vectors no   800 -   800 computed, error is 3.977270e-07 (0.07 s).
Cholesky vectors no   801 -   803 computed, error is 3.740863e-07 (0.02 s).
Cholesky vectors no   804 -   818 computed, error is 2.768915e-07 (0.10 s).
Cholesky vectors no   819 -   833 computed, error is 1.825590e-07 (0.09 s).
Cholesky vectors no   834 -   838 computed, error is 1.763236e-07 (0.03 s).
Cholesky vectors no   839 -   839 computed, error is 1.453331e-07 (0.01 s).
Cholesky vectors no   840 -   849 computed, error is 1.048487e-07 (0.05 s).
Cholesky vectors no   850 -   850 computed, error is 8.174810e-08 (0.01 s).
Cholesky decomposition finished in 3.44 s. Realized memory size is 135 Mi 416 ki.
Time use: integrals 7.6 %, linear algebra 92.4 %.
2665 shell pairs and 1 nuclei
SAP potential formed in 0.005 s.
Smallest eigenvalue of overlap matrix is 2.41e-04, reciprocal condition number is 5.02e-05.
Using symmetric orthogonalization.
Smallest eigenvalue of overlap matrix is 1.34e-04, reciprocal condition number is 2.47e-05.
Using symmetric orthogonalization.
Smallest eigenvalue of overlap matrix is 4.57e-05, reciprocal condition number is 6.58e-06.
Using symmetric orthogonalization.
Smallest eigenvalue of overlap matrix is 1.34e-04, reciprocal condition number is 2.47e-05.
Using symmetric orthogonalization.
Smallest eigenvalue of overlap matrix is 2.41e-04, reciprocal condition number is 5.02e-05.
Using symmetric orthogonalization.
Nela = 4 Nelb = 1



Solving SCF
Evaluated energy -24.5709734887 (change from lowest -2.457097e+01)


Iteration 1: 1 Fock evaluations energy -24.5709734887 change -2.457097e+01 DIIS error vector rms norm 2.697905e-03
History size 1
alpha m=-1 occupations
   1.0000
alpha m=0 occupations
   1.0000   1.0000
alpha m=1 occupations
   1.0000
beta m=0 occupations
   1.0000
EDIIS+DIIS step
Evaluated energy -24.5867149954 (change from lowest -1.574151e-02)
Density matrix difference 6.141408e-03 between lowest-energy and newest entry


Iteration 2: 2 Fock evaluations energy -24.5867149954 change -1.574151e-02 DIIS error vector rms norm 3.357977e-04
History size 2
alpha m=-1 occupations
   1.0000
alpha m=0 occupations
   1.0000   1.0000
alpha m=1 occupations
   1.0000
beta m=0 occupations
   1.0000
EDIIS+DIIS step
Evaluated energy -24.5877466212 (change from lowest -1.031626e-03)
Density matrix difference 1.844884e-03 between lowest-energy and newest entry


Iteration 3: 3 Fock evaluations energy -24.5877466212 change -1.031626e-03 DIIS error vector rms norm 6.575010e-05
History size 3
alpha m=-1 occupations
   1.0000
alpha m=0 occupations
   1.0000   1.0000
alpha m=1 occupations
   1.0000
beta m=0 occupations
   1.0000
DIIS step
Evaluated energy -24.5878150035 (change from lowest -6.838233e-05)
Density matrix difference 5.603446e-04 between lowest-energy and newest entry


Iteration 4: 4 Fock evaluations energy -24.5878150035 change -6.838233e-05 DIIS error vector rms norm 8.045136e-06
History size 4
alpha m=-1 occupations
   1.0000
alpha m=0 occupations
   1.0000   1.0000
alpha m=1 occupations
   1.0000
beta m=0 occupations
   1.0000
DIIS step
Evaluated energy -24.5878161304 (change from lowest -1.126831e-06)
Density matrix difference 7.624721e-05 between lowest-energy and newest entry


Iteration 5: 5 Fock evaluations energy -24.5878161304 change -1.126831e-06 DIIS error vector rms norm 1.065385e-06
History size 5
alpha m=-1 occupations
   1.0000
alpha m=0 occupations
   1.0000   1.0000
alpha m=1 occupations
   1.0000
beta m=0 occupations
   1.0000
DIIS step
Evaluated energy -24.5878161460 (change from lowest -1.560115e-08)
Density matrix difference 8.024086e-06 between lowest-energy and newest entry


Iteration 6: 6 Fock evaluations energy -24.5878161460 change -1.560115e-08 DIIS error vector rms norm 1.844584e-07
History size 6
Converged to energy -24.5878161460!

Running program took 2 min 13.79 s.
