ERKALE - HF/DFT from Hel, OpenMP version, running on 8 cores.
(c) Susi Lehtola, 2010-2016.

This program is free software; you can redistribute it and/or modify
it under the terms of the GNU General Public License as published by
the Free Software Foundation; either version 2 of the License, or
(at your option) any later version.

Running on host silver.

Current time is Mon 16 Mar 2026 19:27:45.

Current Settings used by ERKALE:
     AtomGuess      	                Auto	Method used for atomic guess (Auto for same as method)
     Basis          	            HGBSP1-7	Basis set used in calculation
     BasisCutoff    	           1.000e-08	Cutoff for dropping out small primitives from contraction
     BasisOrth      	                Auto	Method of orthonormalization of basis set
     BasisRotate    	               false	Rotate basis set to remove redundant functions?
     Charge         	                   0	Total charge of system
     CholDepThresh  	           1.000e-07	Partial Cholesky decomposition threshold
     Cholesky       	                true	Use Cholesky decomposition?
     CholeskyMode   	                   0	Save/load integrals? 0 no, 1 save, -1 load
     CholeskyNAFThr 	           0.000e+00	Cholesky natural auxiliary function threshold
     CholeskyShThr  	           1.000e-02	Cholesky cache threshold
     CholeskyThr    	           1.000e-07	Cholesky decomposition threshold
     Complexbas     	                true	Use complex basis?
     Confinement    	         0.0 0.0 0.0	Confinement potential V(r) = V_i x_i^2
     ConvThr        	           1.000e-06	Orbital gradient convergence threshold
     DFTBasisThr    	           1.000e-10	Threshold for screening basis functions on grid
     DFTCpars       	                    	Override parameters of correlation functional (expert)
     DFTDelta       	           1.000e+02	Switch to final DFT grid has converged within factor X
     DFTDensityThr  	           1.000e-10	Threshold for screening density on grid
     DFTFinalTol    	           1.000e-05	Tolerance of final DFT grid
     DFTGrid        	             75 -302	DFT integration grid to use: nrad lmax or Auto for adaptive
     DFTInitialTol  	           1.000e-04	Tolerance of initial DFT grid
     DFTLobatto     	               false	Use Lobatto quadrature instead of Lebedev quadrature?
     DFTQuadThresh  	           2.220e-16	Threshold for pruning points with small quadrature weight
     DFTXpars       	                    	Override parameters of exchange functional (expert)
     DIISComb       	               false	Combine alpha and beta errors in unrestricted calcs?
     DIISEps        	           1.000e-01	Start mixing in DIIS when error is
     DIISOrder      	                  10	How many DIIS iterations to keep in memory?
     DIISThr        	           1.000e-02	DIIS error threshold for DIIS updates
     DecFock        	               false	Use decontracted basis to calculate Fock matrix (direct HF)
     Decontract     	                   *	Indices of atoms to decontract basis set for
     DensityFitting 	               false	Use density fitting / RI?
     Direct         	               false	Calculate two-electron integrals (or density fitting) on-the-fly?
     EField         	         0.0 0.0 0.0	Electric field
     ErrorNorm      	                 rms	Error norm to use in the SCF code
     FittingBasis   	                Auto	Basis to use for density fitting / RI (Auto for automatic)
     FittingCholeskyThreshold	           1.000e-08	Linear dependence threshold for pivoted Cholesky of Coulomb integrals in density fitting
     FittingMemory  	                1000	Amount of memory in MB to use for exchange fitting
     FittingThreshold	           1.000e-07	Linear dependence threshold for Coulomb integrals in density fitting
     Guess          	                core	Used guess: SAD (default), SADNO, core, GWH, SAP, or SAPfit
     InitConvThr    	           1.000e-05	Initialization convergence threshold
     InputBohr      	               false	Use atomic units as input units instead of angstrom?
     IntegralThresh 	           1.000e-10	Integral screening threshold
     Kgwh           	           1.750e+00	Scaling constant for GWH
     LinDepThresh   	           1.000e-05	Basis set linear dependency threshold
     LinearB        	           1.000e-01	Magnetic field along bond axis
     LinearFreeze   	               false	If using linear symmetry, freeze symmetry to input guess
     LinearOccupationFile	      ../../P_8.occs	File to read linear occupations from
     LinearOccupations	                  -1	Read in occupations for linear molecule calculations?
     LinearSymmetry 	                true	Do special calculation on linear molecule along z axis
     LoadChk        	                    	Checkpoint file to load from
     Logfile        	          erkale.log	File to print out full information, stdout for screen
     MaxInitIter    	                 100	Maximum number of iterations in the stepwise solutions
     MaxIter        	                 100	Maximum number of iterations in SCF cycle
     Method         	                  HF	Method used in calculation (HF or a DFT functional)
     Multiplicity   	                   6	Spin multiplicity
     NLGrid         	             50 -194	Integration grid to use for nonlocal correlation: nrad lmax
     Occupancies    	                    	Orbital occupancies
     OptLM          	               false	If spherical harmonics used, use cartesian s and p functions?
     PZ             	               false	Perform Perdew-Zunger self-interaction correction?
     PZEthr         	           1.000e-10	Threshold for energy convergence
     PZIthr         	           1.000e-02	Threshold for initialization convergence (not too small!)
     PZNRthr        	           0.000e+00	Threshold for use of NR method in OO optimization
     PZOOthr        	           1.000e-04	Gradient threshold for OO optimization
     PZOVthr        	           1.000e-05	Gradient threshold for OV optimization
     PZimag         	                Auto	Imaginary degrees of freedom in PZ?
     PZiter         	                  20	Max number of iterations in self-consistency iteration
     PZloc          	                Auto	Initial localization before SIC calculation?
     PZlocmet       	                  FB	Initial localization method (recommend FB or IAO)
     PZmode         	                  XC	Apply PZ to the operators (in addition to J): X C D
     PZoo           	                true	Optimize OO block?
     PZov           	                true	Optimize OV block?
     PZprec         	                   1	Precondition OV block? 0: no, 1: unified, 2: orbital
     PZrand         	                true	Apply random rotation in PZ initialization? (Should be true)
     PZscale        	            Constant	Scaling for PZ: Constant, Density or Kinetic
     PZscaleExp     	           1.000e+00	Exponent in the dynamic scaling equation
     PZseed         	                   0	Seed number for randomized matrices?
     PZstab         	                   0	Stability analysis for PZ-SIC? 1 or -1 for OO, 2 or -2 for OO+OV
     PZstabThr      	           1.000e-03	Instability threshold (interpreted as -thr)
     PZw            	           1.000e+00	Weight for Perdew-Zunger self-interaction correction
     Restricted     	               false	Spin restricted?
     SAPBasis       	    helfem_large.gbs	Tabulated atomic effective potential "basis set"
     SAPGrid        	                    	SAP integration grid to use: nrad lmax or leave empty
     SaveChk        	   complex_basis.chk	Checkpoint file to save to
     Shift          	           0.000e+00	Level shift to use in Hartree
     System         	        ../atoms.xyz	System as an xyz file
     TRRHminS       	           9.750e-01	Trust-Region Roothaan-Hall minimal occupied orbital overlap
     UseADIIS       	                true	Use ADIIS for Fock matrix interpolation?
     UseBroyden     	               false	Use Broyden mixing of Fock matrices?
     UseDIIS        	                true	Use Pulay's Direct Inversion in the Iterative Subspace?
     UseLM          	                true	Use a spherical harmonics basis set by default?
     UseTRRH        	               false	Use Trust-Region Roothaan-Hall?
     VV10           	                Auto	Use VV10 non-local correlation?
     VV10Pars       	                    	VV10 parameters: b C
     Verbose        	                true	Verbose calculation?
     Verbosity      	                   5	Verboseness level

Basis set HGBSP1-7 found in file HGBSP1-7.gbs in /home/lehtola/programs/erkale/basis/.
Basis set helfem_large.gbs found in file helfem_large.gbs in /home/lehtola/programs/erkale/basis/.
Screening by shell pairs and symmetry reduced dofs by factor 1.99.
Individual screening reduced dofs by a total factor 1.99.
Computing Cholesky vectors. Estimated memory size is 43 Mi - 145 Mi.
Cholesky vectors no     0 -     0 computed, error is 1.489003e+02 (0.00 s).
Cholesky vectors no     1 -     1 computed, error is 4.110827e+01 (0.00 s).
Cholesky vectors no     2 -     2 computed, error is 1.719168e+01 (0.00 s).
Cholesky vectors no     3 -     8 computed, error is 1.575777e+01 (0.00 s).
Cholesky vectors no     9 -     9 computed, error is 9.196731e+00 (0.00 s).
Cholesky vectors no    10 -    12 computed, error is 7.089109e+00 (0.00 s).
Cholesky vectors no    13 -    18 computed, error is 2.534901e+00 (0.00 s).
Cholesky vectors no    19 -    33 computed, error is 2.391498e+00 (0.00 s).
Cholesky vectors no    34 -    36 computed, error is 2.176939e+00 (0.00 s).
Cholesky vectors no    37 -    37 computed, error is 1.462924e+00 (0.00 s).
Cholesky vectors no    38 -    47 computed, error is 1.158334e+00 (0.00 s).
Cholesky vectors no    48 -    53 computed, error is 8.371130e-01 (0.00 s).
Cholesky vectors no    54 -    68 computed, error is 7.568645e-01 (0.01 s).
Cholesky vectors no    69 -    71 computed, error is 7.255993e-01 (0.00 s).
Cholesky vectors no    72 -    86 computed, error is 6.421120e-01 (0.01 s).
Cholesky vectors no    87 -    96 computed, error is 4.342560e-01 (0.00 s).
Cholesky vectors no    97 -    97 computed, error is 3.091078e-01 (0.00 s).
Cholesky vectors no    98 -   107 computed, error is 2.950760e-01 (0.02 s).
Cholesky vectors no   108 -   122 computed, error is 1.510034e-01 (0.01 s).
Cholesky vectors no   123 -   137 computed, error is 1.485294e-01 (0.01 s).
Cholesky vectors no   138 -   147 computed, error is 1.168899e-01 (0.01 s).
Cholesky vectors no   148 -   148 computed, error is 1.042941e-01 (0.00 s).
Cholesky vectors no   149 -   163 computed, error is 9.896455e-02 (0.02 s).
Cholesky vectors no   164 -   166 computed, error is 7.320233e-02 (0.00 s).
Cholesky vectors no   167 -   169 computed, error is 7.058762e-02 (0.00 s).
Cholesky vectors no   170 -   179 computed, error is 6.354294e-02 (0.01 s).
Cholesky vectors no   180 -   185 computed, error is 5.726517e-02 (0.01 s).
Cholesky vectors no   186 -   195 computed, error is 5.198673e-02 (0.01 s).
Cholesky vectors no   196 -   210 computed, error is 4.285131e-02 (0.04 s).
Cholesky vectors no   211 -   225 computed, error is 4.007861e-02 (0.02 s).
Cholesky vectors no   226 -   226 computed, error is 3.944308e-02 (0.00 s).
Cholesky vectors no   227 -   236 computed, error is 3.686907e-02 (0.02 s).
Cholesky vectors no   237 -   251 computed, error is 3.497654e-02 (0.02 s).
Cholesky vectors no   252 -   261 computed, error is 3.229972e-02 (0.02 s).
Cholesky vectors no   262 -   262 computed, error is 1.835396e-02 (0.00 s).
Cholesky vectors no   263 -   277 computed, error is 1.458171e-02 (0.03 s).
Cholesky vectors no   278 -   287 computed, error is 1.372316e-02 (0.02 s).
Cholesky vectors no   288 -   297 computed, error is 1.091958e-02 (0.02 s).
Cholesky vectors no   298 -   312 computed, error is 7.665547e-03 (0.05 s).
Cholesky vectors no   313 -   315 computed, error is 6.794267e-03 (0.01 s).
Cholesky vectors no   316 -   325 computed, error is 6.691471e-03 (0.02 s).
Cholesky vectors no   326 -   340 computed, error is 5.795413e-03 (0.03 s).
Cholesky vectors no   341 -   350 computed, error is 4.291362e-03 (0.02 s).
Cholesky vectors no   351 -   365 computed, error is 4.288272e-03 (0.03 s).
Cholesky vectors no   366 -   368 computed, error is 3.779695e-03 (0.01 s).
Cholesky vectors no   369 -   383 computed, error is 3.611065e-03 (0.03 s).
Cholesky vectors no   384 -   390 computed, error is 3.299208e-03 (0.01 s).
Cholesky vectors no   391 -   400 computed, error is 2.528071e-03 (0.05 s).
Cholesky vectors no   401 -   406 computed, error is 1.730649e-03 (0.01 s).
Cholesky vectors no   407 -   416 computed, error is 1.342691e-03 (0.02 s).
Cholesky vectors no   417 -   431 computed, error is 1.065754e-03 (0.04 s).
Cholesky vectors no   432 -   441 computed, error is 7.826965e-04 (0.02 s).
Cholesky vectors no   442 -   456 computed, error is 7.377212e-04 (0.04 s).
Cholesky vectors no   457 -   457 computed, error is 7.296678e-04 (0.00 s).
Cholesky vectors no   458 -   460 computed, error is 6.417274e-04 (0.01 s).
Cholesky vectors no   461 -   470 computed, error is 5.302388e-04 (0.02 s).
Cholesky vectors no   471 -   485 computed, error is 4.140745e-04 (0.04 s).
Cholesky vectors no   486 -   488 computed, error is 3.623688e-04 (0.01 s).
Cholesky vectors no   489 -   495 computed, error is 1.908290e-04 (0.02 s).
Cholesky vectors no   496 -   498 computed, error is 1.452000e-04 (0.01 s).
Cholesky vectors no   499 -   499 computed, error is 1.056167e-04 (0.00 s).
Cholesky vectors no   500 -   509 computed, error is 9.587720e-05 (0.06 s).
Cholesky vectors no   510 -   524 computed, error is 8.981599e-05 (0.04 s).
Cholesky vectors no   525 -   534 computed, error is 7.607514e-05 (0.03 s).
Cholesky vectors no   535 -   540 computed, error is 6.997786e-05 (0.02 s).
Cholesky vectors no   541 -   550 computed, error is 6.418496e-05 (0.03 s).
Cholesky vectors no   551 -   551 computed, error is 3.169845e-05 (0.00 s).
Cholesky vectors no   552 -   566 computed, error is 2.668236e-05 (0.04 s).
Cholesky vectors no   567 -   569 computed, error is 2.279804e-05 (0.01 s).
Cholesky vectors no   570 -   579 computed, error is 2.278270e-05 (0.03 s).
Cholesky vectors no   580 -   594 computed, error is 1.862571e-05 (0.05 s).
Cholesky vectors no   595 -   604 computed, error is 1.341914e-05 (0.07 s).
Cholesky vectors no   605 -   607 computed, error is 1.261522e-05 (0.01 s).
Cholesky vectors no   608 -   622 computed, error is 1.170162e-05 (0.05 s).
Cholesky vectors no   623 -   623 computed, error is 1.075157e-05 (0.00 s).
Cholesky vectors no   624 -   638 computed, error is 6.491486e-06 (0.05 s).
Cholesky vectors no   639 -   644 computed, error is 5.116821e-06 (0.02 s).
Cholesky vectors no   645 -   654 computed, error is 3.907734e-06 (0.04 s).
Cholesky vectors no   655 -   669 computed, error is 2.880808e-06 (0.06 s).
Cholesky vectors no   670 -   684 computed, error is 2.790113e-06 (0.05 s).
Cholesky vectors no   685 -   694 computed, error is 2.731641e-06 (0.04 s).
Cholesky vectors no   695 -   695 computed, error is 2.639144e-06 (0.00 s).
Cholesky vectors no   696 -   705 computed, error is 1.557273e-06 (0.07 s).
Cholesky vectors no   706 -   710 computed, error is 1.220391e-06 (0.02 s).
Cholesky vectors no   711 -   725 computed, error is 1.062408e-06 (0.05 s).
Cholesky vectors no   726 -   726 computed, error is 9.274071e-07 (0.00 s).
Cholesky vectors no   727 -   736 computed, error is 8.101756e-07 (0.03 s).
Cholesky vectors no   737 -   739 computed, error is 7.283530e-07 (0.01 s).
Cholesky vectors no   740 -   754 computed, error is 6.123216e-07 (0.05 s).
Cholesky vectors no   755 -   764 computed, error is 4.944215e-07 (0.03 s).
Cholesky vectors no   765 -   779 computed, error is 4.851068e-07 (0.05 s).
Cholesky vectors no   780 -   780 computed, error is 2.965525e-07 (0.00 s).
Cholesky vectors no   781 -   786 computed, error is 2.409565e-07 (0.02 s).
Cholesky vectors no   787 -   796 computed, error is 1.477467e-07 (0.03 s).
Cholesky vectors no   797 -   811 computed, error is 1.236968e-07 (0.11 s).
Cholesky vectors no   812 -   821 computed, error is 1.146177e-07 (0.04 s).
Cholesky vectors no   822 -   826 computed, error is 9.954391e-08 (0.02 s).
Cholesky decomposition finished in 2.19 s. Realized memory size is 83 Mi 901 ki.
Time use: integrals 3.5 %, linear algebra 96.5 %.
1590 shell pairs and 1 nuclei
SAP potential formed in 0.004 s.
Smallest eigenvalue of overlap matrix is 2.40e-03, reciprocal condition number is 6.07e-04.
Using symmetric orthogonalization.
Smallest eigenvalue of overlap matrix is 1.33e-03, reciprocal condition number is 2.97e-04.
Using symmetric orthogonalization.
Smallest eigenvalue of overlap matrix is 5.20e-04, reciprocal condition number is 9.22e-05.
Using symmetric orthogonalization.
Smallest eigenvalue of overlap matrix is 1.33e-03, reciprocal condition number is 2.97e-04.
Using symmetric orthogonalization.
Smallest eigenvalue of overlap matrix is 2.40e-03, reciprocal condition number is 6.07e-04.
Using symmetric orthogonalization.
Nela = 10 Nelb = 5



Solving SCF
Evaluated energy -296.8565056134 (change from lowest -2.968565e+02)


Iteration 1: 1 Fock evaluations energy -296.8565056134 change -2.968565e+02 DIIS error vector rms norm 3.198522e-01
History size 1
alpha m=-1 occupations
   1.0000
alpha m=0 occupations
   1.0000   1.0000   1.0000   1.0000   1.0000   1.0000
alpha m=1 occupations
   1.0000   1.0000
alpha m=2 occupations
   1.0000
beta m=-1 occupations
   1.0000
beta m=0 occupations
   1.0000   1.0000   1.0000
beta m=1 occupations
   1.0000
EDIIS step
Evaluated energy -299.9197611531 (change from lowest -3.063256e+00)
Density matrix difference 3.242740e-01 between lowest-energy and newest entry


Iteration 2: 2 Fock evaluations energy -299.9197611531 change -3.063256e+00 DIIS error vector rms norm 1.375692e-01
History size 2
alpha m=-1 occupations
   1.0000
alpha m=0 occupations
   1.0000   1.0000   1.0000   1.0000   1.0000   1.0000
alpha m=1 occupations
   1.0000   1.0000
alpha m=2 occupations
   1.0000
beta m=-1 occupations
   1.0000
beta m=0 occupations
   1.0000   1.0000   1.0000
beta m=1 occupations
   1.0000
EDIIS step
Evaluated energy -339.5354623485 (change from lowest -3.961570e+01)
Density matrix difference 3.014649e-01 between lowest-energy and newest entry


Iteration 3: 3 Fock evaluations energy -339.5354623485 change -3.961570e+01 DIIS error vector rms norm 1.638081e-02
History size 3
alpha m=-1 occupations
   1.0000
alpha m=0 occupations
   1.0000   1.0000   1.0000   1.0000   1.0000   1.0000
alpha m=1 occupations
   1.0000   1.0000
alpha m=2 occupations
   1.0000
beta m=-1 occupations
   1.0000
beta m=0 occupations
   1.0000   1.0000   1.0000
beta m=1 occupations
   1.0000
EDIIS+DIIS step
Evaluated energy -340.2267927666 (change from lowest -6.913304e-01)
Density matrix difference 8.045992e-02 between lowest-energy and newest entry


Iteration 4: 4 Fock evaluations energy -340.2267927666 change -6.913304e-01 DIIS error vector rms norm 2.826712e-03
History size 4
alpha m=-1 occupations
   1.0000
alpha m=0 occupations
   1.0000   1.0000   1.0000   1.0000   1.0000   1.0000
alpha m=1 occupations
   1.0000   1.0000
alpha m=2 occupations
   1.0000
beta m=-1 occupations
   1.0000
beta m=0 occupations
   1.0000   1.0000   1.0000
beta m=1 occupations
   1.0000
EDIIS+DIIS step
Evaluated energy -340.2443133764 (change from lowest -1.752061e-02)
Density matrix difference 1.248661e-02 between lowest-energy and newest entry


Iteration 5: 5 Fock evaluations energy -340.2443133764 change -1.752061e-02 DIIS error vector rms norm 6.238478e-04
History size 5
alpha m=-1 occupations
   1.0000
alpha m=0 occupations
   1.0000   1.0000   1.0000   1.0000   1.0000   1.0000
alpha m=1 occupations
   1.0000   1.0000
alpha m=2 occupations
   1.0000
beta m=-1 occupations
   1.0000
beta m=0 occupations
   1.0000   1.0000   1.0000
beta m=1 occupations
   1.0000
EDIIS+DIIS step
Evaluated energy -340.2478114055 (change from lowest -3.498029e-03)
Density matrix difference 6.533857e-03 between lowest-energy and newest entry


Iteration 6: 6 Fock evaluations energy -340.2478114055 change -3.498029e-03 DIIS error vector rms norm 1.664439e-04
History size 6
alpha m=-1 occupations
   1.0000
alpha m=0 occupations
   1.0000   1.0000   1.0000   1.0000   1.0000   1.0000
alpha m=1 occupations
   1.0000   1.0000
alpha m=2 occupations
   1.0000
beta m=-1 occupations
   1.0000
beta m=0 occupations
   1.0000   1.0000   1.0000
beta m=1 occupations
   1.0000
EDIIS+DIIS step
Evaluated energy -340.2494686147 (change from lowest -1.657209e-03)
Density matrix difference 2.588992e-03 between lowest-energy and newest entry


Iteration 7: 7 Fock evaluations energy -340.2494686147 change -1.657209e-03 DIIS error vector rms norm 1.644274e-04
History size 7
alpha m=-1 occupations
   1.0000
alpha m=0 occupations
   1.0000   1.0000   1.0000   1.0000   1.0000   1.0000
alpha m=1 occupations
   1.0000   1.0000
alpha m=2 occupations
   1.0000
beta m=-1 occupations
   1.0000
beta m=0 occupations
   1.0000   1.0000   1.0000
beta m=1 occupations
   1.0000
EDIIS+DIIS step
Evaluated energy -340.2502091419 (change from lowest -7.405271e-04)
Density matrix difference 9.324074e-04 between lowest-energy and newest entry


Iteration 8: 8 Fock evaluations energy -340.2502091419 change -7.405271e-04 DIIS error vector rms norm 1.700834e-04
History size 8
alpha m=-1 occupations
   1.0000
alpha m=0 occupations
   1.0000   1.0000   1.0000   1.0000   1.0000   1.0000
alpha m=1 occupations
   1.0000   1.0000
alpha m=2 occupations
   1.0000
beta m=-1 occupations
   1.0000
beta m=0 occupations
   1.0000   1.0000   1.0000
beta m=1 occupations
   1.0000
EDIIS+DIIS step
Evaluated energy -340.2498917463 (change from lowest 3.173955e-04)
Density matrix difference 3.963644e-04 between lowest-energy and newest entry


Iteration 9: 9 Fock evaluations energy -340.2502091419 change  0.000000e+00 DIIS error vector rms norm 1.700834e-04
History size 9
alpha m=-1 occupations
   1.0000
alpha m=0 occupations
   1.0000   1.0000   1.0000   1.0000   1.0000   1.0000
alpha m=1 occupations
   1.0000   1.0000
alpha m=2 occupations
   1.0000
beta m=-1 occupations
   1.0000
beta m=0 occupations
   1.0000   1.0000   1.0000
beta m=1 occupations
   1.0000
EDIIS+DIIS step
Evaluated energy -340.2499239436 (change from lowest 2.851983e-04)
Density matrix difference 3.576176e-04 between lowest-energy and newest entry


Iteration 10: 10 Fock evaluations energy -340.2502091419 change  0.000000e+00 DIIS error vector rms norm 1.700834e-04
History size 10
alpha m=-1 occupations
   1.0000
alpha m=0 occupations
   1.0000   1.0000   1.0000   1.0000   1.0000   1.0000
alpha m=1 occupations
   1.0000   1.0000
alpha m=2 occupations
   1.0000
beta m=-1 occupations
   1.0000
beta m=0 occupations
   1.0000   1.0000   1.0000
beta m=1 occupations
   1.0000
EDIIS+DIIS step
Evaluated energy -340.2499399576 (change from lowest 2.691843e-04)
Density matrix difference 3.383871e-04 between lowest-energy and newest entry


Iteration 11: 11 Fock evaluations energy -340.2502091419 change  0.000000e+00 DIIS error vector rms norm 1.700834e-04
History size 10
alpha m=-1 occupations
   1.0000
alpha m=0 occupations
   1.0000   1.0000   1.0000   1.0000   1.0000   1.0000
alpha m=1 occupations
   1.0000   1.0000
alpha m=2 occupations
   1.0000
beta m=-1 occupations
   1.0000
beta m=0 occupations
   1.0000   1.0000   1.0000
beta m=1 occupations
   1.0000
EDIIS+DIIS step
Evaluated energy -340.2499489147 (change from lowest 2.602271e-04)
Density matrix difference 3.276302e-04 between lowest-energy and newest entry


Iteration 12: 12 Fock evaluations energy -340.2502091419 change  0.000000e+00 DIIS error vector rms norm 1.700834e-04
History size 10
alpha m=-1 occupations
   1.0000
alpha m=0 occupations
   1.0000   1.0000   1.0000   1.0000   1.0000   1.0000
alpha m=1 occupations
   1.0000   1.0000
alpha m=2 occupations
   1.0000
beta m=-1 occupations
   1.0000
beta m=0 occupations
   1.0000   1.0000   1.0000
beta m=1 occupations
   1.0000
EDIIS+DIIS step
Evaluated energy -340.2499543701 (change from lowest 2.547718e-04)
Density matrix difference 3.210751e-04 between lowest-energy and newest entry


Iteration 13: 13 Fock evaluations energy -340.2502091419 change  0.000000e+00 DIIS error vector rms norm 1.700834e-04
History size 10
alpha m=-1 occupations
   1.0000
alpha m=0 occupations
   1.0000   1.0000   1.0000   1.0000   1.0000   1.0000
alpha m=1 occupations
   1.0000   1.0000
alpha m=2 occupations
   1.0000
beta m=-1 occupations
   1.0000
beta m=0 occupations
   1.0000   1.0000   1.0000
beta m=1 occupations
   1.0000
Switching to optimal damping for next iterations
EDIIS+DIIS step
Evaluated energy -340.2501394313 (change from lowest 6.971061e-05)
Density matrix difference 1.029786e-04 between lowest-energy and newest entry


Iteration 14: 14 Fock evaluations energy -340.2502091419 change  0.000000e+00 DIIS error vector rms norm 1.700834e-04
History size 10
alpha m=-1 occupations
   1.0000
alpha m=0 occupations
   1.0000   1.0000   1.0000   1.0000   1.0000   1.0000
alpha m=1 occupations
   1.0000   1.0000
alpha m=2 occupations
   1.0000
beta m=-1 occupations
   1.0000
beta m=0 occupations
   1.0000   1.0000   1.0000
beta m=1 occupations
   1.0000
Switching to optimal damping for next iterations
EDIIS+DIIS step
Evaluated energy -340.2500895401 (change from lowest 1.196018e-04)
Density matrix difference 1.660123e-04 between lowest-energy and newest entry


Iteration 15: 15 Fock evaluations energy -340.2502091419 change  0.000000e+00 DIIS error vector rms norm 1.700834e-04
History size 10
alpha m=-1 occupations
   1.0000
alpha m=0 occupations
   1.0000   1.0000   1.0000   1.0000   1.0000   1.0000
alpha m=1 occupations
   1.0000   1.0000
alpha m=2 occupations
   1.0000
beta m=-1 occupations
   1.0000
beta m=0 occupations
   1.0000   1.0000   1.0000
beta m=1 occupations
   1.0000
Switching to optimal damping for next iterations
EDIIS+DIIS step
Evaluated energy -340.2500713811 (change from lowest 1.377608e-04)
Density matrix difference 1.914409e-04 between lowest-energy and newest entry


Iteration 16: 16 Fock evaluations energy -340.2502091419 change  0.000000e+00 DIIS error vector rms norm 1.700834e-04
History size 10
alpha m=-1 occupations
   1.0000
alpha m=0 occupations
   1.0000   1.0000   1.0000   1.0000   1.0000   1.0000
alpha m=1 occupations
   1.0000   1.0000
alpha m=2 occupations
   1.0000
beta m=-1 occupations
   1.0000
beta m=0 occupations
   1.0000   1.0000   1.0000
beta m=1 occupations
   1.0000
Switching to optimal damping for next iterations
EDIIS+DIIS step
Evaluated energy -340.2508620168 (change from lowest -6.528750e-04)
Density matrix difference 9.882690e-04 between lowest-energy and newest entry


Iteration 17: 17 Fock evaluations energy -340.2508620168 change -6.528750e-04 DIIS error vector rms norm 1.742080e-04
History size 10
alpha m=-1 occupations
   1.0000
alpha m=0 occupations
   1.0000   1.0000   1.0000   1.0000   1.0000   1.0000
alpha m=1 occupations
   1.0000   1.0000
alpha m=2 occupations
   1.0000
beta m=-1 occupations
   1.0000
beta m=0 occupations
   1.0000   1.0000   1.0000
beta m=1 occupations
   1.0000
EDIIS+DIIS step
Evaluated energy -340.2506134858 (change from lowest 2.485310e-04)
Density matrix difference 3.094508e-04 between lowest-energy and newest entry


Iteration 18: 18 Fock evaluations energy -340.2508620168 change  0.000000e+00 DIIS error vector rms norm 1.742080e-04
History size 10
alpha m=-1 occupations
   1.0000
alpha m=0 occupations
   1.0000   1.0000   1.0000   1.0000   1.0000   1.0000
alpha m=1 occupations
   1.0000   1.0000
alpha m=2 occupations
   1.0000
beta m=-1 occupations
   1.0000
beta m=0 occupations
   1.0000   1.0000   1.0000
beta m=1 occupations
   1.0000
EDIIS+DIIS step
Evaluated energy -340.2504842894 (change from lowest 3.777274e-04)
Density matrix difference 4.608733e-04 between lowest-energy and newest entry


Iteration 19: 19 Fock evaluations energy -340.2508620168 change  0.000000e+00 DIIS error vector rms norm 1.742080e-04
History size 10
alpha m=-1 occupations
   1.0000
alpha m=0 occupations
   1.0000   1.0000   1.0000   1.0000   1.0000   1.0000
alpha m=1 occupations
   1.0000   1.0000
alpha m=2 occupations
   1.0000
beta m=-1 occupations
   1.0000
beta m=0 occupations
   1.0000   1.0000   1.0000
beta m=1 occupations
   1.0000
EDIIS+DIIS step
Evaluated energy -340.2505559003 (change from lowest 3.061165e-04)
Density matrix difference 3.740334e-04 between lowest-energy and newest entry


Iteration 20: 20 Fock evaluations energy -340.2508620168 change  0.000000e+00 DIIS error vector rms norm 1.742080e-04
History size 10
alpha m=-1 occupations
   1.0000
alpha m=0 occupations
   1.0000   1.0000   1.0000   1.0000   1.0000   1.0000
alpha m=1 occupations
   1.0000   1.0000
alpha m=2 occupations
   1.0000
beta m=-1 occupations
   1.0000
beta m=0 occupations
   1.0000   1.0000   1.0000
beta m=1 occupations
   1.0000
EDIIS+DIIS step
Evaluated energy -340.2506220383 (change from lowest 2.399785e-04)
Density matrix difference 2.944600e-04 between lowest-energy and newest entry


Iteration 21: 21 Fock evaluations energy -340.2508620168 change  0.000000e+00 DIIS error vector rms norm 1.742080e-04
History size 10
alpha m=-1 occupations
   1.0000
alpha m=0 occupations
   1.0000   1.0000   1.0000   1.0000   1.0000   1.0000
alpha m=1 occupations
   1.0000   1.0000
alpha m=2 occupations
   1.0000
beta m=-1 occupations
   1.0000
beta m=0 occupations
   1.0000   1.0000   1.0000
beta m=1 occupations
   1.0000
EDIIS+DIIS step
Evaluated energy -340.2507114214 (change from lowest 1.505954e-04)
Density matrix difference 1.879085e-04 between lowest-energy and newest entry


Iteration 22: 22 Fock evaluations energy -340.2508620168 change  0.000000e+00 DIIS error vector rms norm 1.742080e-04
History size 10
alpha m=-1 occupations
   1.0000
alpha m=0 occupations
   1.0000   1.0000   1.0000   1.0000   1.0000   1.0000
alpha m=1 occupations
   1.0000   1.0000
alpha m=2 occupations
   1.0000
beta m=-1 occupations
   1.0000
beta m=0 occupations
   1.0000   1.0000   1.0000
beta m=1 occupations
   1.0000
Switching to optimal damping for next iterations
EDIIS+DIIS step
Evaluated energy -340.2508404252 (change from lowest 2.159164e-05)
Density matrix difference 3.655832e-05 between lowest-energy and newest entry


Iteration 23: 23 Fock evaluations energy -340.2508620168 change  0.000000e+00 DIIS error vector rms norm 1.742080e-04
History size 10
alpha m=-1 occupations
   1.0000
alpha m=0 occupations
   1.0000   1.0000   1.0000   1.0000   1.0000   1.0000
alpha m=1 occupations
   1.0000   1.0000
alpha m=2 occupations
   1.0000
beta m=-1 occupations
   1.0000
beta m=0 occupations
   1.0000   1.0000   1.0000
beta m=1 occupations
   1.0000
Switching to optimal damping for next iterations
EDIIS+DIIS step
Evaluated energy -340.2510276591 (change from lowest -1.656423e-04)
Density matrix difference 2.207124e-04 between lowest-energy and newest entry


Iteration 24: 24 Fock evaluations energy -340.2510276591 change -1.656423e-04 DIIS error vector rms norm 1.755178e-04
History size 10
alpha m=-1 occupations
   1.0000
alpha m=0 occupations
   1.0000   1.0000   1.0000   1.0000   1.0000   1.0000
alpha m=1 occupations
   1.0000   1.0000
alpha m=2 occupations
   1.0000
beta m=-1 occupations
   1.0000
beta m=0 occupations
   1.0000   1.0000   1.0000
beta m=1 occupations
   1.0000
EDIIS+DIIS step
Evaluated energy -340.2509109733 (change from lowest 1.166858e-04)
Density matrix difference 1.448782e-04 between lowest-energy and newest entry


Iteration 25: 25 Fock evaluations energy -340.2510276591 change  0.000000e+00 DIIS error vector rms norm 1.755178e-04
History size 10
alpha m=-1 occupations
   1.0000
alpha m=0 occupations
   1.0000   1.0000   1.0000   1.0000   1.0000   1.0000
alpha m=1 occupations
   1.0000   1.0000
alpha m=2 occupations
   1.0000
beta m=-1 occupations
   1.0000
beta m=0 occupations
   1.0000   1.0000   1.0000
beta m=1 occupations
   1.0000
EDIIS+DIIS step
Evaluated energy -340.2512278868 (change from lowest -2.002276e-04)
Density matrix difference 3.779905e-04 between lowest-energy and newest entry


Iteration 26: 26 Fock evaluations energy -340.2512278868 change -2.002276e-04 DIIS error vector rms norm 1.767546e-04
History size 10
alpha m=-1 occupations
   1.0000
alpha m=0 occupations
   1.0000   1.0000   1.0000   1.0000   1.0000   1.0000
alpha m=1 occupations
   1.0000   1.0000
alpha m=2 occupations
   1.0000
beta m=-1 occupations
   1.0000
beta m=0 occupations
   1.0000   1.0000   1.0000
beta m=1 occupations
   1.0000
EDIIS+DIIS step
Evaluated energy -340.2516048367 (change from lowest -3.769500e-04)
Density matrix difference 4.433587e-04 between lowest-energy and newest entry


Iteration 27: 27 Fock evaluations energy -340.2516048367 change -3.769500e-04 DIIS error vector rms norm 1.792441e-04
History size 10
alpha m=-1 occupations
   1.0000
alpha m=0 occupations
   1.0000   1.0000   1.0000   1.0000   1.0000   1.0000
alpha m=1 occupations
   1.0000   1.0000
alpha m=2 occupations
   1.0000
beta m=-1 occupations
   1.0000
beta m=0 occupations
   1.0000   1.0000   1.0000
beta m=1 occupations
   1.0000
EDIIS+DIIS step
Evaluated energy -340.2508431902 (change from lowest 7.616465e-04)
Density matrix difference 9.070267e-04 between lowest-energy and newest entry


Iteration 28: 28 Fock evaluations energy -340.2516048367 change  0.000000e+00 DIIS error vector rms norm 1.792441e-04
History size 10
alpha m=-1 occupations
   1.0000
alpha m=0 occupations
   1.0000   1.0000   1.0000   1.0000   1.0000   1.0000
alpha m=1 occupations
   1.0000   1.0000
alpha m=2 occupations
   1.0000
beta m=-1 occupations
   1.0000
beta m=0 occupations
   1.0000   1.0000   1.0000
beta m=1 occupations
   1.0000
EDIIS+DIIS step
Evaluated energy -340.2509449084 (change from lowest 6.599284e-04)
Density matrix difference 7.887648e-04 between lowest-energy and newest entry


Iteration 29: 29 Fock evaluations energy -340.2516048367 change  0.000000e+00 DIIS error vector rms norm 1.792441e-04
History size 10
alpha m=-1 occupations
   1.0000
alpha m=0 occupations
   1.0000   1.0000   1.0000   1.0000   1.0000   1.0000
alpha m=1 occupations
   1.0000   1.0000
alpha m=2 occupations
   1.0000
beta m=-1 occupations
   1.0000
beta m=0 occupations
   1.0000   1.0000   1.0000
beta m=1 occupations
   1.0000
EDIIS+DIIS step
Evaluated energy -340.2512629502 (change from lowest 3.418865e-04)
Density matrix difference 4.132708e-04 between lowest-energy and newest entry


Iteration 30: 30 Fock evaluations energy -340.2516048367 change  0.000000e+00 DIIS error vector rms norm 1.792441e-04
History size 10
alpha m=-1 occupations
   1.0000
alpha m=0 occupations
   1.0000   1.0000   1.0000   1.0000   1.0000   1.0000
alpha m=1 occupations
   1.0000   1.0000
alpha m=2 occupations
   1.0000
beta m=-1 occupations
   1.0000
beta m=0 occupations
   1.0000   1.0000   1.0000
beta m=1 occupations
   1.0000
EDIIS+DIIS step
Evaluated energy -340.2514816689 (change from lowest 1.231678e-04)
Density matrix difference 1.546741e-04 between lowest-energy and newest entry


Iteration 31: 31 Fock evaluations energy -340.2516048367 change  0.000000e+00 DIIS error vector rms norm 1.792441e-04
History size 10
alpha m=-1 occupations
   1.0000
alpha m=0 occupations
   1.0000   1.0000   1.0000   1.0000   1.0000   1.0000
alpha m=1 occupations
   1.0000   1.0000
alpha m=2 occupations
   1.0000
beta m=-1 occupations
   1.0000
beta m=0 occupations
   1.0000   1.0000   1.0000
beta m=1 occupations
   1.0000
EDIIS+DIIS step
Evaluated energy -340.2515433222 (change from lowest 6.151450e-05)
Density matrix difference 8.622342e-05 between lowest-energy and newest entry


Iteration 32: 32 Fock evaluations energy -340.2516048367 change  0.000000e+00 DIIS error vector rms norm 1.792441e-04
History size 10
alpha m=-1 occupations
   1.0000
alpha m=0 occupations
   1.0000   1.0000   1.0000   1.0000   1.0000   1.0000
alpha m=1 occupations
   1.0000   1.0000
alpha m=2 occupations
   1.0000
beta m=-1 occupations
   1.0000
beta m=0 occupations
   1.0000   1.0000   1.0000
beta m=1 occupations
   1.0000
Switching to optimal damping for next iterations
EDIIS+DIIS step
Evaluated energy -340.2516004288 (change from lowest 4.407966e-06)
Density matrix difference 3.952520e-05 between lowest-energy and newest entry


Iteration 33: 33 Fock evaluations energy -340.2516048367 change  0.000000e+00 DIIS error vector rms norm 1.792441e-04
History size 10
alpha m=-1 occupations
   1.0000
alpha m=0 occupations
   1.0000   1.0000   1.0000   1.0000   1.0000   1.0000
alpha m=1 occupations
   1.0000   1.0000
alpha m=2 occupations
   1.0000
beta m=-1 occupations
   1.0000
beta m=0 occupations
   1.0000   1.0000   1.0000
beta m=1 occupations
   1.0000
Switching to optimal damping for next iterations
EDIIS+DIIS step
Evaluated energy -340.2516023912 (change from lowest 2.445502e-06)
Density matrix difference 5.068352e-05 between lowest-energy and newest entry


Iteration 34: 34 Fock evaluations energy -340.2516048367 change  0.000000e+00 DIIS error vector rms norm 1.792441e-04
History size 10
alpha m=-1 occupations
   1.0000
alpha m=0 occupations
   1.0000   1.0000   1.0000   1.0000   1.0000   1.0000
alpha m=1 occupations
   1.0000   1.0000
alpha m=2 occupations
   1.0000
beta m=-1 occupations
   1.0000
beta m=0 occupations
   1.0000   1.0000   1.0000
beta m=1 occupations
   1.0000
Switching to optimal damping for next iterations
EDIIS+DIIS step
Evaluated energy -340.2515484512 (change from lowest 5.638558e-05)
Density matrix difference 9.788668e-05 between lowest-energy and newest entry


Iteration 35: 35 Fock evaluations energy -340.2516048367 change  0.000000e+00 DIIS error vector rms norm 1.792441e-04
History size 10
alpha m=-1 occupations
   1.0000
alpha m=0 occupations
   1.0000   1.0000   1.0000   1.0000   1.0000   1.0000
alpha m=1 occupations
   1.0000   1.0000
alpha m=2 occupations
   1.0000
beta m=-1 occupations
   1.0000
beta m=0 occupations
   1.0000   1.0000   1.0000
beta m=1 occupations
   1.0000
Switching to optimal damping for next iterations
EDIIS+DIIS step
Evaluated energy -340.2517819231 (change from lowest -1.770864e-04)
Density matrix difference 2.698078e-04 between lowest-energy and newest entry


Iteration 36: 36 Fock evaluations energy -340.2517819231 change -1.770864e-04 DIIS error vector rms norm 1.801079e-04
History size 10
alpha m=-1 occupations
   1.0000
alpha m=0 occupations
   1.0000   1.0000   1.0000   1.0000   1.0000   1.0000
alpha m=1 occupations
   1.0000   1.0000
alpha m=2 occupations
   1.0000
beta m=-1 occupations
   1.0000
beta m=0 occupations
   1.0000   1.0000   1.0000
beta m=1 occupations
   1.0000
EDIIS+DIIS step
Evaluated energy -340.2516269700 (change from lowest 1.549531e-04)
Density matrix difference 1.814596e-04 between lowest-energy and newest entry


Iteration 37: 37 Fock evaluations energy -340.2517819231 change  0.000000e+00 DIIS error vector rms norm 1.801079e-04
History size 10
alpha m=-1 occupations
   1.0000
alpha m=0 occupations
   1.0000   1.0000   1.0000   1.0000   1.0000   1.0000
alpha m=1 occupations
   1.0000   1.0000
alpha m=2 occupations
   1.0000
beta m=-1 occupations
   1.0000
beta m=0 occupations
   1.0000   1.0000   1.0000
beta m=1 occupations
   1.0000
EDIIS+DIIS step
Evaluated energy -340.2516580441 (change from lowest 1.238790e-04)
Density matrix difference 1.383694e-04 between lowest-energy and newest entry


Iteration 38: 38 Fock evaluations energy -340.2517819231 change  0.000000e+00 DIIS error vector rms norm 1.801079e-04
History size 10
alpha m=-1 occupations
   1.0000
alpha m=0 occupations
   1.0000   1.0000   1.0000   1.0000   1.0000   1.0000
alpha m=1 occupations
   1.0000   1.0000
alpha m=2 occupations
   1.0000
beta m=-1 occupations
   1.0000
beta m=0 occupations
   1.0000   1.0000   1.0000
beta m=1 occupations
   1.0000
EDIIS+DIIS step
Evaluated energy -340.2523983821 (change from lowest -6.164590e-04)
Density matrix difference 8.557353e-04 between lowest-energy and newest entry


Iteration 39: 39 Fock evaluations energy -340.2523983821 change -6.164590e-04 DIIS error vector rms norm 1.843696e-04
History size 10
alpha m=-1 occupations
   1.0000
alpha m=0 occupations
   1.0000   1.0000   1.0000   1.0000   1.0000   1.0000
alpha m=1 occupations
   1.0000   1.0000
alpha m=2 occupations
   1.0000
beta m=-1 occupations
   1.0000
beta m=0 occupations
   1.0000   1.0000   1.0000
beta m=1 occupations
   1.0000
EDIIS+DIIS step
Evaluated energy -340.2522286745 (change from lowest 1.697076e-04)
Density matrix difference 2.152368e-04 between lowest-energy and newest entry


Iteration 40: 40 Fock evaluations energy -340.2523983821 change  0.000000e+00 DIIS error vector rms norm 1.843696e-04
History size 10
alpha m=-1 occupations
   1.0000
alpha m=0 occupations
   1.0000   1.0000   1.0000   1.0000   1.0000   1.0000
alpha m=1 occupations
   1.0000   1.0000
alpha m=2 occupations
   1.0000
beta m=-1 occupations
   1.0000
beta m=0 occupations
   1.0000   1.0000   1.0000
beta m=1 occupations
   1.0000
EDIIS+DIIS step
Evaluated energy -340.2522285204 (change from lowest 1.698617e-04)
Density matrix difference 2.127979e-04 between lowest-energy and newest entry


Iteration 41: 41 Fock evaluations energy -340.2523983821 change  0.000000e+00 DIIS error vector rms norm 1.843696e-04
History size 10
alpha m=-1 occupations
   1.0000
alpha m=0 occupations
   1.0000   1.0000   1.0000   1.0000   1.0000   1.0000
alpha m=1 occupations
   1.0000   1.0000
alpha m=2 occupations
   1.0000
beta m=-1 occupations
   1.0000
beta m=0 occupations
   1.0000   1.0000   1.0000
beta m=1 occupations
   1.0000
EDIIS+DIIS step
Evaluated energy -340.2521363040 (change from lowest 2.620781e-04)
Density matrix difference 3.206980e-04 between lowest-energy and newest entry


Iteration 42: 42 Fock evaluations energy -340.2523983821 change  0.000000e+00 DIIS error vector rms norm 1.843696e-04
History size 10
alpha m=-1 occupations
   1.0000
alpha m=0 occupations
   1.0000   1.0000   1.0000   1.0000   1.0000   1.0000
alpha m=1 occupations
   1.0000   1.0000
alpha m=2 occupations
   1.0000
beta m=-1 occupations
   1.0000
beta m=0 occupations
   1.0000   1.0000   1.0000
beta m=1 occupations
   1.0000
EDIIS+DIIS step
Evaluated energy -340.2521986779 (change from lowest 1.997042e-04)
Density matrix difference 2.508160e-04 between lowest-energy and newest entry


Iteration 43: 43 Fock evaluations energy -340.2523983821 change  0.000000e+00 DIIS error vector rms norm 1.843696e-04
History size 10
alpha m=-1 occupations
   1.0000
alpha m=0 occupations
   1.0000   1.0000   1.0000   1.0000   1.0000   1.0000
alpha m=1 occupations
   1.0000   1.0000
alpha m=2 occupations
   1.0000
beta m=-1 occupations
   1.0000
beta m=0 occupations
   1.0000   1.0000   1.0000
beta m=1 occupations
   1.0000
EDIIS+DIIS step
Evaluated energy -340.2522620594 (change from lowest 1.363227e-04)
Density matrix difference 1.799653e-04 between lowest-energy and newest entry


Iteration 44: 44 Fock evaluations energy -340.2523983821 change  0.000000e+00 DIIS error vector rms norm 1.843696e-04
History size 10
alpha m=-1 occupations
   1.0000
alpha m=0 occupations
   1.0000   1.0000   1.0000   1.0000   1.0000   1.0000
alpha m=1 occupations
   1.0000   1.0000
alpha m=2 occupations
   1.0000
beta m=-1 occupations
   1.0000
beta m=0 occupations
   1.0000   1.0000   1.0000
beta m=1 occupations
   1.0000
Switching to optimal damping for next iterations
EDIIS+DIIS step
Evaluated energy -340.2524020258 (change from lowest -3.643737e-06)
Density matrix difference 1.610816e-04 between lowest-energy and newest entry


Iteration 45: 45 Fock evaluations energy -340.2524020258 change -3.643737e-06 DIIS error vector rms norm 1.841583e-04
History size 10
alpha m=-1 occupations
   1.0000
alpha m=0 occupations
   1.0000   1.0000   1.0000   1.0000   1.0000   1.0000
alpha m=1 occupations
   1.0000   1.0000
alpha m=2 occupations
   1.0000
beta m=-1 occupations
   1.0000
beta m=0 occupations
   1.0000   1.0000   1.0000
beta m=1 occupations
   1.0000
EDIIS+DIIS step
Evaluated energy -340.2527004063 (change from lowest -2.983804e-04)
Density matrix difference 3.412034e-04 between lowest-energy and newest entry


Iteration 46: 46 Fock evaluations energy -340.2527004063 change -2.983804e-04 DIIS error vector rms norm 1.860428e-04
History size 10
alpha m=-1 occupations
   1.0000
alpha m=0 occupations
   1.0000   1.0000   1.0000   1.0000   1.0000   1.0000
alpha m=1 occupations
   1.0000   1.0000
alpha m=2 occupations
   1.0000
beta m=-1 occupations
   1.0000
beta m=0 occupations
   1.0000   1.0000   1.0000
beta m=1 occupations
   1.0000
EDIIS+DIIS step
Evaluated energy -340.2525136378 (change from lowest 1.867685e-04)
Density matrix difference 2.177757e-04 between lowest-energy and newest entry


Iteration 47: 47 Fock evaluations energy -340.2527004063 change  0.000000e+00 DIIS error vector rms norm 1.860428e-04
History size 10
alpha m=-1 occupations
   1.0000
alpha m=0 occupations
   1.0000   1.0000   1.0000   1.0000   1.0000   1.0000
alpha m=1 occupations
   1.0000   1.0000
alpha m=2 occupations
   1.0000
beta m=-1 occupations
   1.0000
beta m=0 occupations
   1.0000   1.0000   1.0000
beta m=1 occupations
   1.0000
EDIIS+DIIS step
Evaluated energy -340.2530920305 (change from lowest -3.916242e-04)
Density matrix difference 6.612188e-04 between lowest-energy and newest entry


Iteration 48: 48 Fock evaluations energy -340.2530920305 change -3.916242e-04 DIIS error vector rms norm 1.883461e-04
History size 10
alpha m=-1 occupations
   1.0000
alpha m=0 occupations
   1.0000   1.0000   1.0000   1.0000   1.0000   1.0000
alpha m=1 occupations
   1.0000   1.0000
alpha m=2 occupations
   1.0000
beta m=-1 occupations
   1.0000
beta m=0 occupations
   1.0000   1.0000   1.0000
beta m=1 occupations
   1.0000
EDIIS+DIIS step
Evaluated energy -340.2532285927 (change from lowest -1.365622e-04)
Density matrix difference 1.382509e-04 between lowest-energy and newest entry


Iteration 49: 49 Fock evaluations energy -340.2532285927 change -1.365622e-04 DIIS error vector rms norm 1.889849e-04
History size 10
alpha m=-1 occupations
   1.0000
alpha m=0 occupations
   1.0000   1.0000   1.0000   1.0000   1.0000   1.0000
alpha m=1 occupations
   1.0000   1.0000
alpha m=2 occupations
   1.0000
beta m=-1 occupations
   1.0000
beta m=0 occupations
   1.0000   1.0000   1.0000
beta m=1 occupations
   1.0000
EDIIS+DIIS step
Evaluated energy -340.2525452814 (change from lowest 6.833113e-04)
Density matrix difference 7.789980e-04 between lowest-energy and newest entry


Iteration 50: 50 Fock evaluations energy -340.2532285927 change  0.000000e+00 DIIS error vector rms norm 1.889849e-04
History size 10
alpha m=-1 occupations
   1.0000
alpha m=0 occupations
   1.0000   1.0000   1.0000   1.0000   1.0000   1.0000
alpha m=1 occupations
   1.0000   1.0000
alpha m=2 occupations
   1.0000
beta m=-1 occupations
   1.0000
beta m=0 occupations
   1.0000   1.0000   1.0000
beta m=1 occupations
   1.0000
EDIIS+DIIS step
Evaluated energy -340.2526740291 (change from lowest 5.545635e-04)
Density matrix difference 6.324920e-04 between lowest-energy and newest entry


Iteration 51: 51 Fock evaluations energy -340.2532285927 change  0.000000e+00 DIIS error vector rms norm 1.889849e-04
History size 10
alpha m=-1 occupations
   1.0000
alpha m=0 occupations
   1.0000   1.0000   1.0000   1.0000   1.0000   1.0000
alpha m=1 occupations
   1.0000   1.0000
alpha m=2 occupations
   1.0000
beta m=-1 occupations
   1.0000
beta m=0 occupations
   1.0000   1.0000   1.0000
beta m=1 occupations
   1.0000
EDIIS+DIIS step
Evaluated energy -340.2528322220 (change from lowest 3.963707e-04)
Density matrix difference 4.523464e-04 between lowest-energy and newest entry


Iteration 52: 52 Fock evaluations energy -340.2532285927 change  0.000000e+00 DIIS error vector rms norm 1.889849e-04
History size 10
alpha m=-1 occupations
   1.0000
alpha m=0 occupations
   1.0000   1.0000   1.0000   1.0000   1.0000   1.0000
alpha m=1 occupations
   1.0000   1.0000
alpha m=2 occupations
   1.0000
beta m=-1 occupations
   1.0000
beta m=0 occupations
   1.0000   1.0000   1.0000
beta m=1 occupations
   1.0000
EDIIS+DIIS step
Evaluated energy -340.2531552742 (change from lowest 7.331846e-05)
Density matrix difference 8.449362e-05 between lowest-energy and newest entry


Iteration 53: 53 Fock evaluations energy -340.2532285927 change  0.000000e+00 DIIS error vector rms norm 1.889849e-04
History size 10
alpha m=-1 occupations
   1.0000
alpha m=0 occupations
   1.0000   1.0000   1.0000   1.0000   1.0000   1.0000
alpha m=1 occupations
   1.0000   1.0000
alpha m=2 occupations
   1.0000
beta m=-1 occupations
   1.0000
beta m=0 occupations
   1.0000   1.0000   1.0000
beta m=1 occupations
   1.0000
EDIIS+DIIS step
Evaluated energy -340.2533125423 (change from lowest -8.394961e-05)
Density matrix difference 1.765035e-04 between lowest-energy and newest entry


Iteration 54: 54 Fock evaluations energy -340.2533125423 change -8.394961e-05 DIIS error vector rms norm 1.894114e-04
History size 10
alpha m=-1 occupations
   1.0000
alpha m=0 occupations
   1.0000   1.0000   1.0000   1.0000   1.0000   1.0000
alpha m=1 occupations
   1.0000   1.0000
alpha m=2 occupations
   1.0000
beta m=-1 occupations
   1.0000
beta m=0 occupations
   1.0000   1.0000   1.0000
beta m=1 occupations
   1.0000
EDIIS+DIIS step
Evaluated energy -340.2534625706 (change from lowest -1.500283e-04)
Density matrix difference 1.659997e-04 between lowest-energy and newest entry


Iteration 55: 55 Fock evaluations energy -340.2534625706 change -1.500283e-04 DIIS error vector rms norm 1.902011e-04
History size 10
alpha m=-1 occupations
   1.0000
alpha m=0 occupations
   1.0000   1.0000   1.0000   1.0000   1.0000   1.0000
alpha m=1 occupations
   1.0000   1.0000
alpha m=2 occupations
   1.0000
beta m=-1 occupations
   1.0000
beta m=0 occupations
   1.0000   1.0000   1.0000
beta m=1 occupations
   1.0000
EDIIS+DIIS step
Evaluated energy -340.2534918290 (change from lowest -2.925838e-05)
Density matrix difference 2.896540e-05 between lowest-energy and newest entry


Iteration 56: 56 Fock evaluations energy -340.2534918290 change -2.925838e-05 DIIS error vector rms norm 1.903210e-04
History size 10
alpha m=-1 occupations
   1.0000
alpha m=0 occupations
   1.0000   1.0000   1.0000   1.0000   1.0000   1.0000
alpha m=1 occupations
   1.0000   1.0000
alpha m=2 occupations
   1.0000
beta m=-1 occupations
   1.0000
beta m=0 occupations
   1.0000   1.0000   1.0000
beta m=1 occupations
   1.0000
EDIIS+DIIS step
Evaluated energy -340.2533452741 (change from lowest 1.465549e-04)
Density matrix difference 1.686837e-04 between lowest-energy and newest entry


Iteration 57: 57 Fock evaluations energy -340.2534918290 change  0.000000e+00 DIIS error vector rms norm 1.903210e-04
History size 10
alpha m=-1 occupations
   1.0000
alpha m=0 occupations
   1.0000   1.0000   1.0000   1.0000   1.0000   1.0000
alpha m=1 occupations
   1.0000   1.0000
alpha m=2 occupations
   1.0000
beta m=-1 occupations
   1.0000
beta m=0 occupations
   1.0000   1.0000   1.0000
beta m=1 occupations
   1.0000
EDIIS+DIIS step
Evaluated energy -340.2537499999 (change from lowest -2.581710e-04)
Density matrix difference 4.523690e-04 between lowest-energy and newest entry


Iteration 58: 58 Fock evaluations energy -340.2537499999 change -2.581710e-04 DIIS error vector rms norm 1.916335e-04
History size 10
alpha m=-1 occupations
   1.0000
alpha m=0 occupations
   1.0000   1.0000   1.0000   1.0000   1.0000   1.0000
alpha m=1 occupations
   1.0000   1.0000
alpha m=2 occupations
   1.0000
beta m=-1 occupations
   1.0000
beta m=0 occupations
   1.0000   1.0000   1.0000
beta m=1 occupations
   1.0000
EDIIS+DIIS step
Evaluated energy -340.2533726123 (change from lowest 3.773876e-04)
Density matrix difference 4.264832e-04 between lowest-energy and newest entry


Iteration 59: 59 Fock evaluations energy -340.2537499999 change  0.000000e+00 DIIS error vector rms norm 1.916335e-04
History size 10
alpha m=-1 occupations
   1.0000
alpha m=0 occupations
   1.0000   1.0000   1.0000   1.0000   1.0000   1.0000
alpha m=1 occupations
   1.0000   1.0000
alpha m=2 occupations
   1.0000
beta m=-1 occupations
   1.0000
beta m=0 occupations
   1.0000   1.0000   1.0000
beta m=1 occupations
   1.0000
EDIIS+DIIS step
Evaluated energy -340.2533506900 (change from lowest 3.993099e-04)
Density matrix difference 4.501607e-04 between lowest-energy and newest entry


Iteration 60: 60 Fock evaluations energy -340.2537499999 change  0.000000e+00 DIIS error vector rms norm 1.916335e-04
History size 10
alpha m=-1 occupations
   1.0000
alpha m=0 occupations
   1.0000   1.0000   1.0000   1.0000   1.0000   1.0000
alpha m=1 occupations
   1.0000   1.0000
alpha m=2 occupations
   1.0000
beta m=-1 occupations
   1.0000
beta m=0 occupations
   1.0000   1.0000   1.0000
beta m=1 occupations
   1.0000
EDIIS+DIIS step
Evaluated energy -340.2540901193 (change from lowest -3.401194e-04)
Density matrix difference 8.340686e-04 between lowest-energy and newest entry


Iteration 61: 61 Fock evaluations energy -340.2540901193 change -3.401194e-04 DIIS error vector rms norm 1.932991e-04
History size 10
alpha m=-1 occupations
   1.0000
alpha m=0 occupations
   1.0000   1.0000   1.0000   1.0000   1.0000   1.0000
alpha m=1 occupations
   1.0000   1.0000
alpha m=2 occupations
   1.0000
beta m=-1 occupations
   1.0000
beta m=0 occupations
   1.0000   1.0000   1.0000
beta m=1 occupations
   1.0000
EDIIS+DIIS step
Evaluated energy -340.2542124998 (change from lowest -1.223805e-04)
Density matrix difference 1.307523e-04 between lowest-energy and newest entry


Iteration 62: 62 Fock evaluations energy -340.2542124998 change -1.223805e-04 DIIS error vector rms norm 1.938154e-04
History size 10
alpha m=-1 occupations
   1.0000
alpha m=0 occupations
   1.0000   1.0000   1.0000   1.0000   1.0000   1.0000
alpha m=1 occupations
   1.0000   1.0000
alpha m=2 occupations
   1.0000
beta m=-1 occupations
   1.0000
beta m=0 occupations
   1.0000   1.0000   1.0000
beta m=1 occupations
   1.0000
EDIIS+DIIS step
Evaluated energy -340.2543285943 (change from lowest -1.160945e-04)
Density matrix difference 1.259101e-04 between lowest-energy and newest entry


Iteration 63: 63 Fock evaluations energy -340.2543285943 change -1.160945e-04 DIIS error vector rms norm 1.943060e-04
History size 10
alpha m=-1 occupations
   1.0000
alpha m=0 occupations
   1.0000   1.0000   1.0000   1.0000   1.0000   1.0000
alpha m=1 occupations
   1.0000   1.0000
alpha m=2 occupations
   1.0000
beta m=-1 occupations
   1.0000
beta m=0 occupations
   1.0000   1.0000   1.0000
beta m=1 occupations
   1.0000
EDIIS+DIIS step
Evaluated energy -340.2541328432 (change from lowest 1.957511e-04)
Density matrix difference 2.232316e-04 between lowest-energy and newest entry


Iteration 64: 64 Fock evaluations energy -340.2543285943 change  0.000000e+00 DIIS error vector rms norm 1.943060e-04
History size 10
alpha m=-1 occupations
   1.0000
alpha m=0 occupations
   1.0000   1.0000   1.0000   1.0000   1.0000   1.0000
alpha m=1 occupations
   1.0000   1.0000
alpha m=2 occupations
   1.0000
beta m=-1 occupations
   1.0000
beta m=0 occupations
   1.0000   1.0000   1.0000
beta m=1 occupations
   1.0000
EDIIS+DIIS step
Evaluated energy -340.2541912761 (change from lowest 1.373182e-04)
Density matrix difference 1.594000e-04 between lowest-energy and newest entry


Iteration 65: 65 Fock evaluations energy -340.2543285943 change  0.000000e+00 DIIS error vector rms norm 1.943060e-04
History size 10
alpha m=-1 occupations
   1.0000
alpha m=0 occupations
   1.0000   1.0000   1.0000   1.0000   1.0000   1.0000
alpha m=1 occupations
   1.0000   1.0000
alpha m=2 occupations
   1.0000
beta m=-1 occupations
   1.0000
beta m=0 occupations
   1.0000   1.0000   1.0000
beta m=1 occupations
   1.0000
EDIIS+DIIS step
Evaluated energy -340.2541925285 (change from lowest 1.360658e-04)
Density matrix difference 1.592817e-04 between lowest-energy and newest entry


Iteration 66: 66 Fock evaluations energy -340.2543285943 change  0.000000e+00 DIIS error vector rms norm 1.943060e-04
History size 10
alpha m=-1 occupations
   1.0000
alpha m=0 occupations
   1.0000   1.0000   1.0000   1.0000   1.0000   1.0000
alpha m=1 occupations
   1.0000   1.0000
alpha m=2 occupations
   1.0000
beta m=-1 occupations
   1.0000
beta m=0 occupations
   1.0000   1.0000   1.0000
beta m=1 occupations
   1.0000
EDIIS+DIIS step
Evaluated energy -340.2542793020 (change from lowest 4.929230e-05)
Density matrix difference 6.312103e-05 between lowest-energy and newest entry


Iteration 67: 67 Fock evaluations energy -340.2543285943 change  0.000000e+00 DIIS error vector rms norm 1.943060e-04
History size 10
alpha m=-1 occupations
   1.0000
alpha m=0 occupations
   1.0000   1.0000   1.0000   1.0000   1.0000   1.0000
alpha m=1 occupations
   1.0000   1.0000
alpha m=2 occupations
   1.0000
beta m=-1 occupations
   1.0000
beta m=0 occupations
   1.0000   1.0000   1.0000
beta m=1 occupations
   1.0000
EDIIS+DIIS step
Evaluated energy -340.2546603410 (change from lowest -3.317467e-04)
Density matrix difference 4.249696e-04 between lowest-energy and newest entry


Iteration 68: 68 Fock evaluations energy -340.2546603410 change -3.317467e-04 DIIS error vector rms norm 1.957100e-04
History size 10
alpha m=-1 occupations
   1.0000
alpha m=0 occupations
   1.0000   1.0000   1.0000   1.0000   1.0000   1.0000
alpha m=1 occupations
   1.0000   1.0000
alpha m=2 occupations
   1.0000
beta m=-1 occupations
   1.0000
beta m=0 occupations
   1.0000   1.0000   1.0000
beta m=1 occupations
   1.0000
EDIIS+DIIS step
Evaluated energy -340.2544246814 (change from lowest 2.356596e-04)
Density matrix difference 2.652488e-04 between lowest-energy and newest entry


Iteration 69: 69 Fock evaluations energy -340.2546603410 change  0.000000e+00 DIIS error vector rms norm 1.957100e-04
History size 10
alpha m=-1 occupations
   1.0000
alpha m=0 occupations
   1.0000   1.0000   1.0000   1.0000   1.0000   1.0000
alpha m=1 occupations
   1.0000   1.0000
alpha m=2 occupations
   1.0000
beta m=-1 occupations
   1.0000
beta m=0 occupations
   1.0000   1.0000   1.0000
beta m=1 occupations
   1.0000
EDIIS+DIIS step
Evaluated energy -340.2551297066 (change from lowest -4.693656e-04)
Density matrix difference 7.850421e-04 between lowest-energy and newest entry


Iteration 70: 70 Fock evaluations energy -340.2551297066 change -4.693656e-04 DIIS error vector rms norm 1.975092e-04
History size 10
alpha m=-1 occupations
   1.0000
alpha m=0 occupations
   1.0000   1.0000   1.0000   1.0000   1.0000   1.0000
alpha m=1 occupations
   1.0000   1.0000
alpha m=2 occupations
   1.0000
beta m=-1 occupations
   1.0000
beta m=0 occupations
   1.0000   1.0000   1.0000
beta m=1 occupations
   1.0000
EDIIS+DIIS step
Evaluated energy -340.2556842289 (change from lowest -5.545223e-04)
Density matrix difference 6.044873e-04 between lowest-energy and newest entry


Iteration 71: 71 Fock evaluations energy -340.2556842289 change -5.545223e-04 DIIS error vector rms norm 1.992850e-04
History size 10
alpha m=-1 occupations
   1.0000
alpha m=0 occupations
   1.0000   1.0000   1.0000   1.0000   1.0000   1.0000
alpha m=1 occupations
   1.0000   1.0000
alpha m=2 occupations
   1.0000
beta m=-1 occupations
   1.0000
beta m=0 occupations
   1.0000   1.0000   1.0000
beta m=1 occupations
   1.0000
EDIIS+DIIS step
Evaluated energy -340.2547073290 (change from lowest 9.768998e-04)
Density matrix difference 1.092792e-03 between lowest-energy and newest entry


Iteration 72: 72 Fock evaluations energy -340.2556842289 change  0.000000e+00 DIIS error vector rms norm 1.992850e-04
History size 10
alpha m=-1 occupations
   1.0000
alpha m=0 occupations
   1.0000   1.0000   1.0000   1.0000   1.0000   1.0000
alpha m=1 occupations
   1.0000   1.0000
alpha m=2 occupations
   1.0000
beta m=-1 occupations
   1.0000
beta m=0 occupations
   1.0000   1.0000   1.0000
beta m=1 occupations
   1.0000
EDIIS+DIIS step
Evaluated energy -340.2548186322 (change from lowest 8.655967e-04)
Density matrix difference 9.703895e-04 between lowest-energy and newest entry


Iteration 73: 73 Fock evaluations energy -340.2556842289 change  0.000000e+00 DIIS error vector rms norm 1.992850e-04
History size 10
alpha m=-1 occupations
   1.0000
alpha m=0 occupations
   1.0000   1.0000   1.0000   1.0000   1.0000   1.0000
alpha m=1 occupations
   1.0000   1.0000
alpha m=2 occupations
   1.0000
beta m=-1 occupations
   1.0000
beta m=0 occupations
   1.0000   1.0000   1.0000
beta m=1 occupations
   1.0000
EDIIS+DIIS step
Evaluated energy -340.2548754870 (change from lowest 8.087419e-04)
Density matrix difference 9.075327e-04 between lowest-energy and newest entry


Iteration 74: 74 Fock evaluations energy -340.2556842289 change  0.000000e+00 DIIS error vector rms norm 1.992850e-04
History size 10
alpha m=-1 occupations
   1.0000
alpha m=0 occupations
   1.0000   1.0000   1.0000   1.0000   1.0000   1.0000
alpha m=1 occupations
   1.0000   1.0000
alpha m=2 occupations
   1.0000
beta m=-1 occupations
   1.0000
beta m=0 occupations
   1.0000   1.0000   1.0000
beta m=1 occupations
   1.0000
EDIIS+DIIS step
Evaluated energy -340.2551519049 (change from lowest 5.323239e-04)
Density matrix difference 6.003173e-04 between lowest-energy and newest entry


Iteration 75: 75 Fock evaluations energy -340.2556842289 change  0.000000e+00 DIIS error vector rms norm 1.992850e-04
History size 10
alpha m=-1 occupations
   1.0000
alpha m=0 occupations
   1.0000   1.0000   1.0000   1.0000   1.0000   1.0000
alpha m=1 occupations
   1.0000   1.0000
alpha m=2 occupations
   1.0000
beta m=-1 occupations
   1.0000
beta m=0 occupations
   1.0000   1.0000   1.0000
beta m=1 occupations
   1.0000
EDIIS+DIIS step
Evaluated energy -340.2553744337 (change from lowest 3.097951e-04)
Density matrix difference 3.539696e-04 between lowest-energy and newest entry


Iteration 76: 76 Fock evaluations energy -340.2556842289 change  0.000000e+00 DIIS error vector rms norm 1.992850e-04
History size 10
alpha m=-1 occupations
   1.0000
alpha m=0 occupations
   1.0000   1.0000   1.0000   1.0000   1.0000   1.0000
alpha m=1 occupations
   1.0000   1.0000
alpha m=2 occupations
   1.0000
beta m=-1 occupations
   1.0000
beta m=0 occupations
   1.0000   1.0000   1.0000
beta m=1 occupations
   1.0000
Switching to optimal damping for next iterations
EDIIS+DIIS step
Evaluated energy -340.2556570044 (change from lowest 2.722444e-05)
Density matrix difference 4.706330e-05 between lowest-energy and newest entry


Iteration 77: 77 Fock evaluations energy -340.2556842289 change  0.000000e+00 DIIS error vector rms norm 1.992850e-04
History size 10
alpha m=-1 occupations
   1.0000
alpha m=0 occupations
   1.0000   1.0000   1.0000   1.0000   1.0000   1.0000
alpha m=1 occupations
   1.0000   1.0000
alpha m=2 occupations
   1.0000
beta m=-1 occupations
   1.0000
beta m=0 occupations
   1.0000   1.0000   1.0000
beta m=1 occupations
   1.0000
Switching to optimal damping for next iterations
EDIIS+DIIS step
Evaluated energy -340.2558690359 (change from lowest -1.848070e-04)
Density matrix difference 2.303507e-04 between lowest-energy and newest entry


Iteration 78: 78 Fock evaluations energy -340.2558690359 change -1.848070e-04 DIIS error vector rms norm 1.997541e-04
History size 10
alpha m=-1 occupations
   1.0000
alpha m=0 occupations
   1.0000   1.0000   1.0000   1.0000   1.0000   1.0000
alpha m=1 occupations
   1.0000   1.0000
alpha m=2 occupations
   1.0000
beta m=-1 occupations
   1.0000
beta m=0 occupations
   1.0000   1.0000   1.0000
beta m=1 occupations
   1.0000
EDIIS+DIIS step
Evaluated energy -340.2557039689 (change from lowest 1.650670e-04)
Density matrix difference 1.860476e-04 between lowest-energy and newest entry


Iteration 79: 79 Fock evaluations energy -340.2558690359 change  0.000000e+00 DIIS error vector rms norm 1.997541e-04
History size 10
alpha m=-1 occupations
   1.0000
alpha m=0 occupations
   1.0000   1.0000   1.0000   1.0000   1.0000   1.0000
alpha m=1 occupations
   1.0000   1.0000
alpha m=2 occupations
   1.0000
beta m=-1 occupations
   1.0000
beta m=0 occupations
   1.0000   1.0000   1.0000
beta m=1 occupations
   1.0000
EDIIS+DIIS step
Evaluated energy -340.2562218170 (change from lowest -3.527811e-04)
Density matrix difference 5.667112e-04 between lowest-energy and newest entry


Iteration 80: 80 Fock evaluations energy -340.2562218170 change -3.527811e-04 DIIS error vector rms norm 2.006841e-04
History size 10
alpha m=-1 occupations
   1.0000
alpha m=0 occupations
   1.0000   1.0000   1.0000   1.0000   1.0000   1.0000
alpha m=1 occupations
   1.0000   1.0000
alpha m=2 occupations
   1.0000
beta m=-1 occupations
   1.0000
beta m=0 occupations
   1.0000   1.0000   1.0000
beta m=1 occupations
   1.0000
EDIIS+DIIS step
Evaluated energy -340.2558424501 (change from lowest 3.793669e-04)
Density matrix difference 4.205879e-04 between lowest-energy and newest entry


Iteration 81: 81 Fock evaluations energy -340.2562218170 change  0.000000e+00 DIIS error vector rms norm 2.006841e-04
History size 10
alpha m=-1 occupations
   1.0000
alpha m=0 occupations
   1.0000   1.0000   1.0000   1.0000   1.0000   1.0000
alpha m=1 occupations
   1.0000   1.0000
alpha m=2 occupations
   1.0000
beta m=-1 occupations
   1.0000
beta m=0 occupations
   1.0000   1.0000   1.0000
beta m=1 occupations
   1.0000
EDIIS+DIIS step
Evaluated energy -340.2558068477 (change from lowest 4.149693e-04)
Density matrix difference 4.562308e-04 between lowest-energy and newest entry


Iteration 82: 82 Fock evaluations energy -340.2562218170 change  0.000000e+00 DIIS error vector rms norm 2.006841e-04
History size 10
alpha m=-1 occupations
   1.0000
alpha m=0 occupations
   1.0000   1.0000   1.0000   1.0000   1.0000   1.0000
alpha m=1 occupations
   1.0000   1.0000
alpha m=2 occupations
   1.0000
beta m=-1 occupations
   1.0000
beta m=0 occupations
   1.0000   1.0000   1.0000
beta m=1 occupations
   1.0000
EDIIS+DIIS step
Evaluated energy -340.2563128750 (change from lowest -9.105803e-05)
Density matrix difference 5.595614e-04 between lowest-energy and newest entry


Iteration 83: 83 Fock evaluations energy -340.2563128750 change -9.105803e-05 DIIS error vector rms norm 2.009100e-04
History size 10
alpha m=-1 occupations
   1.0000
alpha m=0 occupations
   1.0000   1.0000   1.0000   1.0000   1.0000   1.0000
alpha m=1 occupations
   1.0000   1.0000
alpha m=2 occupations
   1.0000
beta m=-1 occupations
   1.0000
beta m=0 occupations
   1.0000   1.0000   1.0000
beta m=1 occupations
   1.0000
EDIIS+DIIS step
Evaluated energy -340.2566293009 (change from lowest -3.164259e-04)
Density matrix difference 3.473136e-04 between lowest-energy and newest entry


Iteration 84: 84 Fock evaluations energy -340.2566293009 change -3.164259e-04 DIIS error vector rms norm 2.016374e-04
History size 10
alpha m=-1 occupations
   1.0000
alpha m=0 occupations
   1.0000   1.0000   1.0000   1.0000   1.0000   1.0000
alpha m=1 occupations
   1.0000   1.0000
alpha m=2 occupations
   1.0000
beta m=-1 occupations
   1.0000
beta m=0 occupations
   1.0000   1.0000   1.0000
beta m=1 occupations
   1.0000
EDIIS+DIIS step
Evaluated energy -340.2569910670 (change from lowest -3.617661e-04)
Density matrix difference 3.953909e-04 between lowest-energy and newest entry


Iteration 85: 85 Fock evaluations energy -340.2569910670 change -3.617661e-04 DIIS error vector rms norm 2.023320e-04
History size 10
alpha m=-1 occupations
   1.0000
alpha m=0 occupations
   1.0000   1.0000   1.0000   1.0000   1.0000   1.0000
alpha m=1 occupations
   1.0000   1.0000
alpha m=2 occupations
   1.0000
beta m=-1 occupations
   1.0000
beta m=0 occupations
   1.0000   1.0000   1.0000
beta m=1 occupations
   1.0000
EDIIS+DIIS step
Evaluated energy -340.2570527265 (change from lowest -6.165956e-05)
Density matrix difference 6.456919e-05 between lowest-energy and newest entry


Iteration 86: 86 Fock evaluations energy -340.2570527265 change -6.165956e-05 DIIS error vector rms norm 2.024102e-04
History size 10
alpha m=-1 occupations
   1.0000
alpha m=0 occupations
   1.0000   1.0000   1.0000   1.0000   1.0000   1.0000
alpha m=1 occupations
   1.0000   1.0000
alpha m=2 occupations
   1.0000
beta m=-1 occupations
   1.0000
beta m=0 occupations
   1.0000   1.0000   1.0000
beta m=1 occupations
   1.0000
EDIIS+DIIS step
Evaluated energy -340.2571486512 (change from lowest -9.592465e-05)
Density matrix difference 1.028306e-04 between lowest-energy and newest entry


Iteration 87: 87 Fock evaluations energy -340.2571486512 change -9.592465e-05 DIIS error vector rms norm 2.025596e-04
History size 10
alpha m=-1 occupations
   1.0000
alpha m=0 occupations
   1.0000   1.0000   1.0000   1.0000   1.0000   1.0000
alpha m=1 occupations
   1.0000   1.0000
alpha m=2 occupations
   1.0000
beta m=-1 occupations
   1.0000
beta m=0 occupations
   1.0000   1.0000   1.0000
beta m=1 occupations
   1.0000
EDIIS+DIIS step
Evaluated energy -340.2571588913 (change from lowest -1.024012e-05)
Density matrix difference 1.006313e-05 between lowest-energy and newest entry


Iteration 88: 88 Fock evaluations energy -340.2571588913 change -1.024012e-05 DIIS error vector rms norm 2.025684e-04
History size 10
alpha m=-1 occupations
   1.0000
alpha m=0 occupations
   1.0000   1.0000   1.0000   1.0000   1.0000   1.0000
alpha m=1 occupations
   1.0000   1.0000
alpha m=2 occupations
   1.0000
beta m=-1 occupations
   1.0000
beta m=0 occupations
   1.0000   1.0000   1.0000
beta m=1 occupations
   1.0000
EDIIS+DIIS step
Evaluated energy -340.2571836777 (change from lowest -2.478643e-05)
Density matrix difference 2.644628e-05 between lowest-energy and newest entry


Iteration 89: 89 Fock evaluations energy -340.2571836777 change -2.478643e-05 DIIS error vector rms norm 2.026080e-04
History size 10
alpha m=-1 occupations
   1.0000
alpha m=0 occupations
   1.0000   1.0000   1.0000   1.0000   1.0000   1.0000
alpha m=1 occupations
   1.0000   1.0000
alpha m=2 occupations
   1.0000
beta m=-1 occupations
   1.0000
beta m=0 occupations
   1.0000   1.0000   1.0000
beta m=1 occupations
   1.0000
EDIIS+DIIS step
Evaluated energy -340.2575461243 (change from lowest -3.624466e-04)
Density matrix difference 3.982824e-04 between lowest-energy and newest entry


Iteration 90: 90 Fock evaluations energy -340.2575461243 change -3.624466e-04 DIIS error vector rms norm 2.031460e-04
History size 10
alpha m=-1 occupations
   1.0000
alpha m=0 occupations
   1.0000   1.0000   1.0000   1.0000   1.0000   1.0000
alpha m=1 occupations
   1.0000   1.0000
alpha m=2 occupations
   1.0000
beta m=-1 occupations
   1.0000
beta m=0 occupations
   1.0000   1.0000   1.0000
beta m=1 occupations
   1.0000
EDIIS+DIIS step
Evaluated energy -340.2574910271 (change from lowest 5.509725e-05)
Density matrix difference 6.055516e-05 between lowest-energy and newest entry


Iteration 91: 91 Fock evaluations energy -340.2575461243 change  0.000000e+00 DIIS error vector rms norm 2.031460e-04
History size 10
alpha m=-1 occupations
   1.0000
alpha m=0 occupations
   1.0000   1.0000   1.0000   1.0000   1.0000   1.0000
alpha m=1 occupations
   1.0000   1.0000
alpha m=2 occupations
   1.0000
beta m=-1 occupations
   1.0000
beta m=0 occupations
   1.0000   1.0000   1.0000
beta m=1 occupations
   1.0000
EDIIS+DIIS step
Evaluated energy -340.2580080405 (change from lowest -4.619162e-04)
Density matrix difference 5.700385e-04 between lowest-energy and newest entry


Iteration 92: 92 Fock evaluations energy -340.2580080405 change -4.619162e-04 DIIS error vector rms norm 2.036388e-04
History size 10
alpha m=-1 occupations
   1.0000
alpha m=0 occupations
   1.0000   1.0000   1.0000   1.0000   1.0000   1.0000
alpha m=1 occupations
   1.0000   1.0000
alpha m=2 occupations
   1.0000
beta m=-1 occupations
   1.0000
beta m=0 occupations
   1.0000   1.0000   1.0000
beta m=1 occupations
   1.0000
EDIIS+DIIS step
Evaluated energy -340.2587393227 (change from lowest -7.312822e-04)
Density matrix difference 8.028820e-04 between lowest-energy and newest entry


Iteration 93: 93 Fock evaluations energy -340.2587393227 change -7.312822e-04 DIIS error vector rms norm 2.039788e-04
History size 10
alpha m=-1 occupations
   1.0000
alpha m=0 occupations
   1.0000   1.0000   1.0000   1.0000   1.0000   1.0000
alpha m=1 occupations
   1.0000   1.0000
alpha m=2 occupations
   1.0000
beta m=-1 occupations
   1.0000
beta m=0 occupations
   1.0000   1.0000   1.0000
beta m=1 occupations
   1.0000
EDIIS+DIIS step
Evaluated energy -340.2589609350 (change from lowest -2.216123e-04)
Density matrix difference 2.416279e-04 between lowest-energy and newest entry


Iteration 94: 94 Fock evaluations energy -340.2589609350 change -2.216123e-04 DIIS error vector rms norm 2.039647e-04
History size 10
alpha m=-1 occupations
   1.0000
alpha m=0 occupations
   1.0000   1.0000   1.0000   1.0000   1.0000   1.0000
alpha m=1 occupations
   1.0000   1.0000
alpha m=2 occupations
   1.0000
beta m=-1 occupations
   1.0000
beta m=0 occupations
   1.0000   1.0000   1.0000
beta m=1 occupations
   1.0000
EDIIS+DIIS step
Evaluated energy -340.2591397315 (change from lowest -1.787965e-04)
Density matrix difference 1.952096e-04 between lowest-energy and newest entry


Iteration 95: 95 Fock evaluations energy -340.2591397315 change -1.787965e-04 DIIS error vector rms norm 2.039324e-04
History size 10
alpha m=-1 occupations
   1.0000
alpha m=0 occupations
   1.0000   1.0000   1.0000   1.0000   1.0000   1.0000
alpha m=1 occupations
   1.0000   1.0000
alpha m=2 occupations
   1.0000
beta m=-1 occupations
   1.0000
beta m=0 occupations
   1.0000   1.0000   1.0000
beta m=1 occupations
   1.0000
EDIIS+DIIS step
Evaluated energy -340.2592533128 (change from lowest -1.135813e-04)
Density matrix difference 1.241441e-04 between lowest-energy and newest entry


Iteration 96: 96 Fock evaluations energy -340.2592533128 change -1.135813e-04 DIIS error vector rms norm 2.039043e-04
History size 10
alpha m=-1 occupations
   1.0000
alpha m=0 occupations
   1.0000   1.0000   1.0000   1.0000   1.0000   1.0000
alpha m=1 occupations
   1.0000   1.0000
alpha m=2 occupations
   1.0000
beta m=-1 occupations
   1.0000
beta m=0 occupations
   1.0000   1.0000   1.0000
beta m=1 occupations
   1.0000
EDIIS+DIIS step
Evaluated energy -340.2594636303 (change from lowest -2.103175e-04)
Density matrix difference 2.315755e-04 between lowest-energy and newest entry


Iteration 97: 97 Fock evaluations energy -340.2594636303 change -2.103175e-04 DIIS error vector rms norm 2.038255e-04
History size 10
alpha m=-1 occupations
   1.0000
alpha m=0 occupations
   1.0000   1.0000   1.0000   1.0000   1.0000   1.0000
alpha m=1 occupations
   1.0000   1.0000
alpha m=2 occupations
   1.0000
beta m=-1 occupations
   1.0000
beta m=0 occupations
   1.0000   1.0000   1.0000
beta m=1 occupations
   1.0000
EDIIS+DIIS step
Evaluated energy -340.2597547107 (change from lowest -2.910804e-04)
Density matrix difference 3.215479e-04 between lowest-energy and newest entry


Iteration 98: 98 Fock evaluations energy -340.2597547107 change -2.910804e-04 DIIS error vector rms norm 2.036499e-04
History size 10
alpha m=-1 occupations
   1.0000
alpha m=0 occupations
   1.0000   1.0000   1.0000   1.0000   1.0000   1.0000
alpha m=1 occupations
   1.0000   1.0000
alpha m=2 occupations
   1.0000
beta m=-1 occupations
   1.0000
beta m=0 occupations
   1.0000   1.0000   1.0000
beta m=1 occupations
   1.0000
EDIIS+DIIS step
Evaluated energy -340.2602111418 (change from lowest -4.564311e-04)
Density matrix difference 5.059854e-04 between lowest-energy and newest entry


Iteration 99: 99 Fock evaluations energy -340.2602111418 change -4.564311e-04 DIIS error vector rms norm 2.032105e-04
History size 10
alpha m=-1 occupations
   1.0000
alpha m=0 occupations
   1.0000   1.0000   1.0000   1.0000   1.0000   1.0000
alpha m=1 occupations
   1.0000   1.0000
alpha m=2 occupations
   1.0000
beta m=-1 occupations
   1.0000
beta m=0 occupations
   1.0000   1.0000   1.0000
beta m=1 occupations
   1.0000
EDIIS+DIIS step
Evaluated energy -340.2609358027 (change from lowest -7.246609e-04)
Density matrix difference 8.078044e-04 between lowest-energy and newest entry


Iteration 100: 100 Fock evaluations energy -340.2609358027 change -7.246609e-04 DIIS error vector rms norm 2.021016e-04
History size 10
alpha m=-1 occupations
   1.0000
alpha m=0 occupations
   1.0000   1.0000   1.0000   1.0000   1.0000   1.0000
alpha m=1 occupations
   1.0000   1.0000
alpha m=2 occupations
   1.0000
beta m=-1 occupations
   1.0000
beta m=0 occupations
   1.0000   1.0000   1.0000
beta m=1 occupations
   1.0000
EDIIS+DIIS step
Evaluated energy -340.2619652387 (change from lowest -1.029436e-03)
Density matrix difference 1.158454e-03 between lowest-energy and newest entry

Running program took 29.46 s.
