ERKALE - HF/DFT from Hel, OpenMP version, running on 8 cores.
(c) Susi Lehtola, 2010-2016.

This program is free software; you can redistribute it and/or modify
it under the terms of the GNU General Public License as published by
the Free Software Foundation; either version 2 of the License, or
(at your option) any later version.

Running on host silver.

Current time is Sat 24 Jan 2026 08:51:54.

Current Settings used by ERKALE:
     AtomGuess      	                Auto	Method used for atomic guess (Auto for same as method)
     Basis          	           AHGBSP2-9	Basis set used in calculation
     BasisCutoff    	           1.000e-08	Cutoff for dropping out small primitives from contraction
     BasisOrth      	                Auto	Method of orthonormalization of basis set
     BasisRotate    	               false	Rotate basis set to remove redundant functions?
     Charge         	                   0	Total charge of system
     CholDepThresh  	           1.000e-07	Partial Cholesky decomposition threshold
     Cholesky       	                true	Use Cholesky decomposition?
     CholeskyMode   	                   0	Save/load integrals? 0 no, 1 save, -1 load
     CholeskyNAFThr 	           0.000e+00	Cholesky natural auxiliary function threshold
     CholeskyShThr  	           1.000e-02	Cholesky cache threshold
     CholeskyThr    	           1.000e-07	Cholesky decomposition threshold
     Complexbas     	                true	Use complex basis?
     Confinement    	         0.0 0.0 0.0	Confinement potential V(r) = V_i x_i^2
     ConvThr        	           1.000e-06	Orbital gradient convergence threshold
     DFTBasisThr    	           1.000e-10	Threshold for screening basis functions on grid
     DFTCpars       	                    	Override parameters of correlation functional (expert)
     DFTDelta       	           1.000e+02	Switch to final DFT grid has converged within factor X
     DFTDensityThr  	           1.000e-10	Threshold for screening density on grid
     DFTFinalTol    	           1.000e-05	Tolerance of final DFT grid
     DFTGrid        	             75 -302	DFT integration grid to use: nrad lmax or Auto for adaptive
     DFTInitialTol  	           1.000e-04	Tolerance of initial DFT grid
     DFTLobatto     	               false	Use Lobatto quadrature instead of Lebedev quadrature?
     DFTQuadThresh  	           2.220e-16	Threshold for pruning points with small quadrature weight
     DFTXpars       	                    	Override parameters of exchange functional (expert)
     DIISComb       	               false	Combine alpha and beta errors in unrestricted calcs?
     DIISEps        	           1.000e-01	Start mixing in DIIS when error is
     DIISOrder      	                  10	How many DIIS iterations to keep in memory?
     DIISThr        	           1.000e-02	DIIS error threshold for DIIS updates
     DecFock        	               false	Use decontracted basis to calculate Fock matrix (direct HF)
     Decontract     	                   *	Indices of atoms to decontract basis set for
     DensityFitting 	               false	Use density fitting / RI?
     Direct         	               false	Calculate two-electron integrals (or density fitting) on-the-fly?
     EField         	         0.0 0.0 0.0	Electric field
     ErrorNorm      	                 rms	Error norm to use in the SCF code
     FittingBasis   	                Auto	Basis to use for density fitting / RI (Auto for automatic)
     FittingCholeskyThreshold	           1.000e-08	Linear dependence threshold for pivoted Cholesky of Coulomb integrals in density fitting
     FittingMemory  	                1000	Amount of memory in MB to use for exchange fitting
     FittingThreshold	           1.000e-07	Linear dependence threshold for Coulomb integrals in density fitting
     Guess          	              sapfit	Used guess: SAD (default), SADNO, core, GWH, SAP, or SAPfit
     InitConvThr    	           1.000e-05	Initialization convergence threshold
     InputBohr      	               false	Use atomic units as input units instead of angstrom?
     IntegralThresh 	           1.000e-10	Integral screening threshold
     Kgwh           	           1.750e+00	Scaling constant for GWH
     LinDepThresh   	           1.000e-05	Basis set linear dependency threshold
     LinearB        	           5.800e-01	Magnetic field along bond axis
     LinearFreeze   	               false	If using linear symmetry, freeze symmetry to input guess
     LinearOccupationFile	     ../../Be_4.occs	File to read linear occupations from
     LinearOccupations	                  -1	Read in occupations for linear molecule calculations?
     LinearSymmetry 	                true	Do special calculation on linear molecule along z axis
     LoadChk        	                    	Checkpoint file to load from
     Logfile        	          erkale.log	File to print out full information, stdout for screen
     MaxInitIter    	                  50	Maximum number of iterations in the stepwise solutions
     MaxIter        	                 100	Maximum number of iterations in SCF cycle
     Method         	                  HF	Method used in calculation (HF or a DFT functional)
     Multiplicity   	                   3	Spin multiplicity
     NLGrid         	             50 -194	Integration grid to use for nonlocal correlation: nrad lmax
     Occupancies    	                    	Orbital occupancies
     OptLM          	               false	If spherical harmonics used, use cartesian s and p functions?
     PZ             	               false	Perform Perdew-Zunger self-interaction correction?
     PZEthr         	           1.000e-10	Threshold for energy convergence
     PZIthr         	           1.000e-02	Threshold for initialization convergence (not too small!)
     PZNRthr        	           0.000e+00	Threshold for use of NR method in OO optimization
     PZOOthr        	           1.000e-04	Gradient threshold for OO optimization
     PZOVthr        	           1.000e-05	Gradient threshold for OV optimization
     PZimag         	                Auto	Imaginary degrees of freedom in PZ?
     PZiter         	                  20	Max number of iterations in self-consistency iteration
     PZloc          	                Auto	Initial localization before SIC calculation?
     PZlocmet       	                  FB	Initial localization method (recommend FB or IAO)
     PZmode         	                  XC	Apply PZ to the operators (in addition to J): X C D
     PZoo           	                true	Optimize OO block?
     PZov           	                true	Optimize OV block?
     PZprec         	                   1	Precondition OV block? 0: no, 1: unified, 2: orbital
     PZrand         	                true	Apply random rotation in PZ initialization? (Should be true)
     PZscale        	            Constant	Scaling for PZ: Constant, Density or Kinetic
     PZscaleExp     	           1.000e+00	Exponent in the dynamic scaling equation
     PZseed         	                   0	Seed number for randomized matrices?
     PZstab         	                   0	Stability analysis for PZ-SIC? 1 or -1 for OO, 2 or -2 for OO+OV
     PZstabThr      	           1.000e-03	Instability threshold (interpreted as -thr)
     PZw            	           1.000e+00	Weight for Perdew-Zunger self-interaction correction
     Restricted     	               false	Spin restricted?
     SAPBasis       	    helfem_large.gbs	Tabulated atomic effective potential "basis set"
     SAPGrid        	                    	SAP integration grid to use: nrad lmax or leave empty
     SaveChk        	   complex_basis.chk	Checkpoint file to save to
     Shift          	           0.000e+00	Level shift to use in Hartree
     System         	        ../atoms.xyz	System as an xyz file
     TRRHminS       	           9.750e-01	Trust-Region Roothaan-Hall minimal occupied orbital overlap
     UseADIIS       	                true	Use ADIIS for Fock matrix interpolation?
     UseBroyden     	               false	Use Broyden mixing of Fock matrices?
     UseDIIS        	                true	Use Pulay's Direct Inversion in the Iterative Subspace?
     UseLM          	                true	Use a spherical harmonics basis set by default?
     UseTRRH        	               false	Use Trust-Region Roothaan-Hall?
     VV10           	                Auto	Use VV10 non-local correlation?
     VV10Pars       	                    	VV10 parameters: b C
     Verbose        	                true	Verbose calculation?
     Verbosity      	                   5	Verboseness level

Basis set AHGBSP2-9 found in file AHGBSP2-9.gbs in /home/lehtola/programs/erkale/basis/.
Basis set helfem_large.gbs found in file helfem_large.gbs in /home/lehtola/programs/erkale/basis/.
Screening by shell pairs and symmetry reduced dofs by factor 2.04.
Individual screening reduced dofs by a total factor 2.04.
Computing Cholesky vectors. Estimated memory size is 399 Mi - 1 Gi.
Cholesky vectors no     0 -     0 computed, error is 1.669006e+02 (0.03 s).
Cholesky vectors no     1 -     1 computed, error is 4.217355e+01 (0.01 s).
Cholesky vectors no     2 -     2 computed, error is 2.400319e+01 (0.03 s).
Cholesky vectors no     3 -     3 computed, error is 1.516423e+01 (0.02 s).
Cholesky vectors no     4 -     9 computed, error is 5.344083e+00 (0.15 s).
Cholesky vectors no    10 -    12 computed, error is 4.282493e+00 (0.08 s).
Cholesky vectors no    13 -    18 computed, error is 3.910593e+00 (0.16 s).
Cholesky vectors no    19 -    19 computed, error is 1.420405e+00 (0.03 s).
Cholesky vectors no    20 -    22 computed, error is 1.359241e+00 (0.08 s).
Cholesky vectors no    23 -    37 computed, error is 1.286327e+00 (0.09 s).
Cholesky vectors no    38 -    38 computed, error is 1.134840e+00 (0.00 s).
Cholesky vectors no    39 -    39 computed, error is 9.326919e-01 (0.00 s).
Cholesky vectors no    40 -    45 computed, error is 7.143955e-01 (0.02 s).
Cholesky vectors no    46 -    55 computed, error is 5.650557e-01 (0.02 s).
Cholesky vectors no    56 -    58 computed, error is 4.810202e-01 (0.01 s).
Cholesky vectors no    59 -    86 computed, error is 3.599675e-01 (0.09 s).
Cholesky vectors no    87 -   101 computed, error is 2.875607e-01 (0.09 s).
Cholesky vectors no   102 -   122 computed, error is 1.814384e-01 (0.08 s).
Cholesky vectors no   123 -   150 computed, error is 1.280326e-01 (0.16 s).
Cholesky vectors no   151 -   171 computed, error is 1.170214e-01 (0.14 s).
Cholesky vectors no   172 -   199 computed, error is 1.115449e-01 (0.19 s).
Cholesky vectors no   200 -   202 computed, error is 9.925213e-02 (0.09 s).
Cholesky vectors no   203 -   203 computed, error is 6.635307e-02 (0.01 s).
Cholesky vectors no   204 -   213 computed, error is 6.377875e-02 (0.09 s).
Cholesky vectors no   214 -   241 computed, error is 6.269397e-02 (0.24 s).
Cholesky vectors no   242 -   247 computed, error is 5.734633e-02 (0.05 s).
Cholesky vectors no   248 -   268 computed, error is 5.073874e-02 (0.17 s).
Cholesky vectors no   269 -   271 computed, error is 5.059377e-02 (0.02 s).
Cholesky vectors no   272 -   299 computed, error is 3.898902e-02 (0.24 s).
Cholesky vectors no   300 -   300 computed, error is 3.150451e-02 (0.08 s).
Cholesky vectors no   301 -   310 computed, error is 2.496896e-02 (0.10 s).
Cholesky vectors no   311 -   331 computed, error is 2.354492e-02 (0.21 s).
Cholesky vectors no   332 -   352 computed, error is 2.234465e-02 (0.21 s).
Cholesky vectors no   353 -   380 computed, error is 1.785535e-02 (0.29 s).
Cholesky vectors no   381 -   408 computed, error is 1.346668e-02 (0.40 s).
Cholesky vectors no   409 -   423 computed, error is 1.042369e-02 (0.17 s).
Cholesky vectors no   424 -   444 computed, error is 9.494201e-03 (0.24 s).
Cholesky vectors no   445 -   445 computed, error is 8.451458e-03 (0.01 s).
Cholesky vectors no   446 -   466 computed, error is 7.827611e-03 (0.24 s).
Cholesky vectors no   467 -   494 computed, error is 7.424210e-03 (0.33 s).
Cholesky vectors no   495 -   497 computed, error is 7.304777e-03 (0.04 s).
Cholesky vectors no   498 -   498 computed, error is 7.117738e-03 (0.01 s).
Cholesky vectors no   499 -   504 computed, error is 6.256507e-03 (0.19 s).
Cholesky vectors no   505 -   532 computed, error is 5.857143e-03 (0.35 s).
Cholesky vectors no   533 -   560 computed, error is 4.792977e-03 (0.38 s).
Cholesky vectors no   561 -   581 computed, error is 4.392301e-03 (0.29 s).
Cholesky vectors no   582 -   584 computed, error is 4.182399e-03 (0.04 s).
Cholesky vectors no   585 -   591 computed, error is 3.634877e-03 (0.10 s).
Cholesky vectors no   592 -   592 computed, error is 3.531969e-03 (0.01 s).
Cholesky vectors no   593 -   613 computed, error is 3.107114e-03 (0.43 s).
Cholesky vectors no   614 -   633 computed, error is 2.259712e-03 (0.28 s).
Cholesky vectors no   634 -   661 computed, error is 2.249528e-03 (0.39 s).
Cholesky vectors no   662 -   689 computed, error is 2.137301e-03 (0.40 s).
Cholesky vectors no   690 -   710 computed, error is 1.634073e-03 (0.44 s).
Cholesky vectors no   711 -   731 computed, error is 7.931427e-04 (0.31 s).
Cholesky vectors no   732 -   759 computed, error is 7.607337e-04 (0.42 s).
Cholesky vectors no   760 -   787 computed, error is 5.877461e-04 (0.43 s).
Cholesky vectors no   788 -   790 computed, error is 4.447735e-04 (0.05 s).
Cholesky vectors no   791 -   796 computed, error is 4.102816e-04 (0.09 s).
Cholesky vectors no   797 -   799 computed, error is 3.969334e-04 (0.05 s).
Cholesky vectors no   800 -   820 computed, error is 3.592883e-04 (0.49 s).
Cholesky vectors no   821 -   841 computed, error is 3.400360e-04 (0.35 s).
Cholesky vectors no   842 -   847 computed, error is 2.960510e-04 (0.10 s).
Cholesky vectors no   848 -   854 computed, error is 2.808208e-04 (0.12 s).
Cholesky vectors no   855 -   882 computed, error is 2.701380e-04 (0.47 s).
Cholesky vectors no   883 -   885 computed, error is 2.251575e-04 (0.05 s).
Cholesky vectors no   886 -   897 computed, error is 2.205681e-04 (0.21 s).
Cholesky vectors no   898 -   925 computed, error is 1.517699e-04 (0.69 s).
Cholesky vectors no   926 -   946 computed, error is 1.415680e-04 (0.39 s).
Cholesky vectors no   947 -   974 computed, error is 1.167409e-04 (0.52 s).
Cholesky vectors no   975 -   984 computed, error is 9.980004e-05 (0.18 s).
Cholesky vectors no   985 -   999 computed, error is 8.353792e-05 (0.27 s).
Cholesky vectors no  1000 -  1000 computed, error is 7.675167e-05 (0.20 s).
Cholesky vectors no  1001 -  1028 computed, error is 7.211698e-05 (0.54 s).
Cholesky vectors no  1029 -  1049 computed, error is 6.245804e-05 (0.43 s).
Cholesky vectors no  1050 -  1070 computed, error is 5.519814e-05 (0.44 s).
Cholesky vectors no  1071 -  1073 computed, error is 4.934376e-05 (0.06 s).
Cholesky vectors no  1074 -  1094 computed, error is 4.467260e-05 (0.44 s).
Cholesky vectors no  1095 -  1109 computed, error is 3.147206e-05 (0.52 s).
Cholesky vectors no  1110 -  1110 computed, error is 3.045504e-05 (0.02 s).
Cholesky vectors no  1111 -  1138 computed, error is 2.787525e-05 (0.61 s).
Cholesky vectors no  1139 -  1141 computed, error is 2.555339e-05 (0.07 s).
Cholesky vectors no  1142 -  1148 computed, error is 2.532747e-05 (0.15 s).
Cholesky vectors no  1149 -  1176 computed, error is 2.429237e-05 (0.65 s).
Cholesky vectors no  1177 -  1177 computed, error is 1.727227e-05 (0.02 s).
Cholesky vectors no  1178 -  1198 computed, error is 1.460886e-05 (0.48 s).
Cholesky vectors no  1199 -  1219 computed, error is 7.964832e-06 (0.77 s).
Cholesky vectors no  1220 -  1240 computed, error is 6.770415e-06 (0.58 s).
Cholesky vectors no  1241 -  1243 computed, error is 5.967813e-06 (0.07 s).
Cholesky vectors no  1244 -  1246 computed, error is 5.573686e-06 (0.08 s).
Cholesky vectors no  1247 -  1247 computed, error is 5.226148e-06 (0.03 s).
Cholesky vectors no  1248 -  1268 computed, error is 4.161643e-06 (0.52 s).
Cholesky vectors no  1269 -  1278 computed, error is 4.129165e-06 (0.26 s).
Cholesky vectors no  1279 -  1284 computed, error is 3.675430e-06 (0.15 s).
Cholesky vectors no  1285 -  1305 computed, error is 2.348430e-06 (0.76 s).
Cholesky vectors no  1306 -  1333 computed, error is 2.038351e-06 (0.72 s).
Cholesky vectors no  1334 -  1334 computed, error is 1.607271e-06 (0.03 s).
Cholesky vectors no  1335 -  1355 computed, error is 1.526635e-06 (0.53 s).
Cholesky vectors no  1356 -  1358 computed, error is 1.047425e-06 (0.08 s).
Cholesky vectors no  1359 -  1386 computed, error is 1.035099e-06 (0.72 s).
Cholesky vectors no  1387 -  1414 computed, error is 8.825977e-07 (1.00 s).
Cholesky vectors no  1415 -  1417 computed, error is 5.576934e-07 (0.08 s).
Cholesky vectors no  1418 -  1423 computed, error is 5.208158e-07 (0.16 s).
Cholesky vectors no  1424 -  1432 computed, error is 3.633094e-07 (0.25 s).
Cholesky vectors no  1433 -  1460 computed, error is 3.562581e-07 (0.78 s).
Cholesky vectors no  1461 -  1461 computed, error is 3.245648e-07 (0.03 s).
Cholesky vectors no  1462 -  1482 computed, error is 3.170265e-07 (0.58 s).
Cholesky vectors no  1483 -  1485 computed, error is 3.131487e-07 (0.08 s).
Cholesky vectors no  1486 -  1513 computed, error is 1.719738e-07 (1.04 s).
Cholesky vectors no  1514 -  1541 computed, error is 1.468033e-07 (0.78 s).
Cholesky vectors no  1542 -  1546 computed, error is 1.435019e-07 (0.14 s).
Cholesky vectors no  1547 -  1547 computed, error is 1.056014e-07 (0.03 s).
Cholesky vectors no  1548 -  1568 computed, error is 1.027362e-07 (0.60 s).
Cholesky vectors no  1569 -  1596 computed, error is 9.864304e-08 (0.82 s).
Cholesky decomposition finished in 31.26 s. Realized memory size is 647 Mi 747 ki.
Time use: integrals 3.7 %, linear algebra 96.3 %.
4013 shell pairs and 1 nuclei
SAP potential formed in 0.017 s.
Smallest eigenvalue of overlap matrix is 2.49e-04, reciprocal condition number is 5.47e-05.
Using symmetric orthogonalization.
Smallest eigenvalue of overlap matrix is 2.41e-04, reciprocal condition number is 5.03e-05.
Using symmetric orthogonalization.
Smallest eigenvalue of overlap matrix is 1.37e-04, reciprocal condition number is 2.54e-05.
Using symmetric orthogonalization.
Smallest eigenvalue of overlap matrix is 4.55e-05, reciprocal condition number is 6.54e-06.
Using symmetric orthogonalization.
Smallest eigenvalue of overlap matrix is 1.37e-04, reciprocal condition number is 2.54e-05.
Using symmetric orthogonalization.
Smallest eigenvalue of overlap matrix is 2.41e-04, reciprocal condition number is 5.03e-05.
Using symmetric orthogonalization.
Smallest eigenvalue of overlap matrix is 2.49e-04, reciprocal condition number is 5.47e-05.
Using symmetric orthogonalization.
Nela = 3 Nelb = 1



Solving SCF
Evaluated energy  201.5725792531 (change from lowest 2.015726e+02)


Iteration 1: 1 Fock evaluations energy  201.5725792531 change  2.015726e+02 DIIS error vector rms norm 4.785508e-01
History size 1
alpha m=0 occupations
   1.0000   1.0000
alpha m=2 occupations
   1.0000
beta m=0 occupations
   1.0000
EDIIS step
Evaluated energy -13.5673725176 (change from lowest -2.151400e+02)
Density matrix difference 4.106970e-02 between lowest-energy and newest entry


Iteration 2: 2 Fock evaluations energy -13.5673725176 change -2.151400e+02 DIIS error vector rms norm 3.236544e-04
History size 2
alpha m=0 occupations
   1.0000   1.0000
alpha m=2 occupations
   1.0000
beta m=0 occupations
   1.0000
EDIIS+DIIS step
Evaluated energy -13.5692691188 (change from lowest -1.896601e-03)
Density matrix difference 1.017647e-03 between lowest-energy and newest entry


Iteration 3: 3 Fock evaluations energy -13.5692691188 change -1.896601e-03 DIIS error vector rms norm 8.074403e-05
History size 3
alpha m=0 occupations
   1.0000   1.0000
alpha m=2 occupations
   1.0000
beta m=0 occupations
   1.0000
DIIS step
Evaluated energy -13.5694395699 (change from lowest -1.704511e-04)
Density matrix difference 3.849758e-04 between lowest-energy and newest entry


Iteration 4: 4 Fock evaluations energy -13.5694395699 change -1.704511e-04 DIIS error vector rms norm 1.324016e-05
History size 4
alpha m=0 occupations
   1.0000   1.0000
alpha m=2 occupations
   1.0000
beta m=0 occupations
   1.0000
DIIS step
Evaluated energy -13.5694443073 (change from lowest -4.737380e-06)
Density matrix difference 7.142945e-05 between lowest-energy and newest entry


Iteration 5: 5 Fock evaluations energy -13.5694443073 change -4.737380e-06 DIIS error vector rms norm 1.177331e-06
History size 5
alpha m=0 occupations
   1.0000   1.0000
alpha m=2 occupations
   1.0000
beta m=0 occupations
   1.0000
DIIS step
Evaluated energy -13.5694443458 (change from lowest -3.846160e-08)
Density matrix difference 4.865789e-06 between lowest-energy and newest entry


Iteration 6: 6 Fock evaluations energy -13.5694443458 change -3.846160e-08 DIIS error vector rms norm 2.265965e-07
History size 6
Converged to energy -13.5694443458!

Running program took 4 min 59.41 s.
