ERKALE - HF/DFT from Hel, OpenMP version, running on 8 cores.
(c) Susi Lehtola, 2010-2016.

This program is free software; you can redistribute it and/or modify
it under the terms of the GNU General Public License as published by
the Free Software Foundation; either version 2 of the License, or
(at your option) any later version.

Running on host silver.

Current time is Wed 21 Jan 2026 08:05:49.

Current Settings used by ERKALE:
     AtomGuess      	                Auto	Method used for atomic guess (Auto for same as method)
     Basis          	         aug-cc-pVTZ	Basis set used in calculation
     BasisCutoff    	           1.000e-08	Cutoff for dropping out small primitives from contraction
     BasisOrth      	                Auto	Method of orthonormalization of basis set
     BasisRotate    	               false	Rotate basis set to remove redundant functions?
     Charge         	                   0	Total charge of system
     CholDepThresh  	           1.000e-07	Partial Cholesky decomposition threshold
     Cholesky       	                true	Use Cholesky decomposition?
     CholeskyMode   	                   0	Save/load integrals? 0 no, 1 save, -1 load
     CholeskyNAFThr 	           0.000e+00	Cholesky natural auxiliary function threshold
     CholeskyShThr  	           1.000e-02	Cholesky cache threshold
     CholeskyThr    	           1.000e-07	Cholesky decomposition threshold
     Complexbas     	                true	Use complex basis?
     Confinement    	         0.0 0.0 0.0	Confinement potential V(r) = V_i x_i^2
     ConvThr        	           1.000e-06	Orbital gradient convergence threshold
     DFTBasisThr    	           1.000e-10	Threshold for screening basis functions on grid
     DFTCpars       	                    	Override parameters of correlation functional (expert)
     DFTDelta       	           1.000e+02	Switch to final DFT grid has converged within factor X
     DFTDensityThr  	           1.000e-10	Threshold for screening density on grid
     DFTFinalTol    	           1.000e-05	Tolerance of final DFT grid
     DFTGrid        	             75 -302	DFT integration grid to use: nrad lmax or Auto for adaptive
     DFTInitialTol  	           1.000e-04	Tolerance of initial DFT grid
     DFTLobatto     	               false	Use Lobatto quadrature instead of Lebedev quadrature?
     DFTQuadThresh  	           2.220e-16	Threshold for pruning points with small quadrature weight
     DFTXpars       	                    	Override parameters of exchange functional (expert)
     DIISComb       	               false	Combine alpha and beta errors in unrestricted calcs?
     DIISEps        	           1.000e-01	Start mixing in DIIS when error is
     DIISOrder      	                  10	How many DIIS iterations to keep in memory?
     DIISThr        	           1.000e-02	DIIS error threshold for DIIS updates
     DecFock        	               false	Use decontracted basis to calculate Fock matrix (direct HF)
     Decontract     	                   *	Indices of atoms to decontract basis set for
     DensityFitting 	               false	Use density fitting / RI?
     Direct         	               false	Calculate two-electron integrals (or density fitting) on-the-fly?
     EField         	         0.0 0.0 0.0	Electric field
     ErrorNorm      	                 rms	Error norm to use in the SCF code
     FittingBasis   	                Auto	Basis to use for density fitting / RI (Auto for automatic)
     FittingCholeskyThreshold	           1.000e-08	Linear dependence threshold for pivoted Cholesky of Coulomb integrals in density fitting
     FittingMemory  	                1000	Amount of memory in MB to use for exchange fitting
     FittingThreshold	           1.000e-07	Linear dependence threshold for Coulomb integrals in density fitting
     Guess          	              sapfit	Used guess: SAD (default), SADNO, core, GWH, SAP, or SAPfit
     InitConvThr    	           1.000e-05	Initialization convergence threshold
     InputBohr      	               false	Use atomic units as input units instead of angstrom?
     IntegralThresh 	           1.000e-10	Integral screening threshold
     Kgwh           	           1.750e+00	Scaling constant for GWH
     LinDepThresh   	           1.000e-05	Basis set linear dependency threshold
     LinearB        	           2.000e-01	Magnetic field along bond axis
     LinearFreeze   	               false	If using linear symmetry, freeze symmetry to input guess
     LinearOccupationFile	     ../../Be_5.occs	File to read linear occupations from
     LinearOccupations	                  -1	Read in occupations for linear molecule calculations?
     LinearSymmetry 	                true	Do special calculation on linear molecule along z axis
     LoadChk        	                    	Checkpoint file to load from
     Logfile        	          erkale.log	File to print out full information, stdout for screen
     MaxInitIter    	                  50	Maximum number of iterations in the stepwise solutions
     MaxIter        	                 100	Maximum number of iterations in SCF cycle
     Method         	                  HF	Method used in calculation (HF or a DFT functional)
     Multiplicity   	                   3	Spin multiplicity
     NLGrid         	             50 -194	Integration grid to use for nonlocal correlation: nrad lmax
     Occupancies    	                    	Orbital occupancies
     OptLM          	               false	If spherical harmonics used, use cartesian s and p functions?
     PZ             	               false	Perform Perdew-Zunger self-interaction correction?
     PZEthr         	           1.000e-10	Threshold for energy convergence
     PZIthr         	           1.000e-02	Threshold for initialization convergence (not too small!)
     PZNRthr        	           0.000e+00	Threshold for use of NR method in OO optimization
     PZOOthr        	           1.000e-04	Gradient threshold for OO optimization
     PZOVthr        	           1.000e-05	Gradient threshold for OV optimization
     PZimag         	                Auto	Imaginary degrees of freedom in PZ?
     PZiter         	                  20	Max number of iterations in self-consistency iteration
     PZloc          	                Auto	Initial localization before SIC calculation?
     PZlocmet       	                  FB	Initial localization method (recommend FB or IAO)
     PZmode         	                  XC	Apply PZ to the operators (in addition to J): X C D
     PZoo           	                true	Optimize OO block?
     PZov           	                true	Optimize OV block?
     PZprec         	                   1	Precondition OV block? 0: no, 1: unified, 2: orbital
     PZrand         	                true	Apply random rotation in PZ initialization? (Should be true)
     PZscale        	            Constant	Scaling for PZ: Constant, Density or Kinetic
     PZscaleExp     	           1.000e+00	Exponent in the dynamic scaling equation
     PZseed         	                   0	Seed number for randomized matrices?
     PZstab         	                   0	Stability analysis for PZ-SIC? 1 or -1 for OO, 2 or -2 for OO+OV
     PZstabThr      	           1.000e-03	Instability threshold (interpreted as -thr)
     PZw            	           1.000e+00	Weight for Perdew-Zunger self-interaction correction
     Restricted     	               false	Spin restricted?
     SAPBasis       	    helfem_large.gbs	Tabulated atomic effective potential "basis set"
     SAPGrid        	                    	SAP integration grid to use: nrad lmax or leave empty
     SaveChk        	   complex_basis.chk	Checkpoint file to save to
     Shift          	           0.000e+00	Level shift to use in Hartree
     System         	        ../atoms.xyz	System as an xyz file
     TRRHminS       	           9.750e-01	Trust-Region Roothaan-Hall minimal occupied orbital overlap
     UseADIIS       	                true	Use ADIIS for Fock matrix interpolation?
     UseBroyden     	               false	Use Broyden mixing of Fock matrices?
     UseDIIS        	                true	Use Pulay's Direct Inversion in the Iterative Subspace?
     UseLM          	                true	Use a spherical harmonics basis set by default?
     UseTRRH        	               false	Use Trust-Region Roothaan-Hall?
     VV10           	                Auto	Use VV10 non-local correlation?
     VV10Pars       	                    	VV10 parameters: b C
     Verbose        	                true	Verbose calculation?
     Verbosity      	                   5	Verboseness level

Basis set aug-cc-pVTZ found in file aug-cc-pVTZ.gbs in /home/lehtola/programs/erkale/basis/.
Basis set helfem_large.gbs found in file helfem_large.gbs in /home/lehtola/programs/erkale/basis/.
Screening by shell pairs and symmetry reduced dofs by factor 1.97.
Individual screening reduced dofs by a total factor 1.97.
Computing Cholesky vectors. Estimated memory size is 2 Mi - 7 Mi.
Cholesky vectors no     0 -     0 computed, error is 1.181672e+01 (0.03 s).
Cholesky vectors no     1 -     1 computed, error is 4.364876e+00 (0.03 s).
Cholesky vectors no     2 -     2 computed, error is 1.536938e+00 (0.03 s).
Cholesky vectors no     3 -     8 computed, error is 5.973065e-01 (0.16 s).
Cholesky vectors no     9 -     9 computed, error is 5.074742e-01 (0.03 s).
Cholesky vectors no    10 -    12 computed, error is 3.868418e-01 (0.08 s).
Cholesky vectors no    13 -    18 computed, error is 1.544480e-01 (0.16 s).
Cholesky vectors no    19 -    21 computed, error is 1.396632e-01 (0.08 s).
Cholesky vectors no    22 -    27 computed, error is 1.329329e-01 (0.15 s).
Cholesky vectors no    28 -    28 computed, error is 1.126282e-01 (0.03 s).
Cholesky vectors no    29 -    29 computed, error is 1.048172e-01 (0.03 s).
Cholesky vectors no    30 -    57 computed, error is 7.488924e-02 (0.72 s).
Cholesky vectors no    58 -    78 computed, error is 4.371195e-02 (0.52 s).
Cholesky vectors no    79 -    84 computed, error is 2.993210e-02 (0.14 s).
Cholesky vectors no    85 -    94 computed, error is 2.676007e-02 (0.25 s).
Cholesky vectors no    95 -    97 computed, error is 1.888263e-02 (0.05 s).
Cholesky vectors no    98 -   125 computed, error is 9.422685e-03 (0.62 s).
Cholesky vectors no   126 -   128 computed, error is 8.069345e-03 (0.00 s).
Cholesky vectors no   129 -   129 computed, error is 7.264013e-03 (0.00 s).
Cholesky vectors no   130 -   144 computed, error is 6.003692e-03 (0.00 s).
Cholesky vectors no   145 -   147 computed, error is 5.703615e-03 (0.00 s).
Cholesky vectors no   148 -   168 computed, error is 3.544969e-03 (0.01 s).
Cholesky vectors no   169 -   174 computed, error is 3.024687e-03 (0.00 s).
Cholesky vectors no   175 -   177 computed, error is 2.684933e-03 (0.00 s).
Cholesky vectors no   178 -   187 computed, error is 1.494618e-03 (0.00 s).
Cholesky vectors no   188 -   202 computed, error is 1.122725e-03 (0.01 s).
Cholesky vectors no   203 -   205 computed, error is 9.397422e-04 (0.00 s).
Cholesky vectors no   206 -   206 computed, error is 6.678107e-04 (0.00 s).
Cholesky vectors no   207 -   207 computed, error is 6.276567e-04 (0.00 s).
Cholesky vectors no   208 -   228 computed, error is 5.693775e-04 (0.00 s).
Cholesky vectors no   229 -   229 computed, error is 5.532950e-04 (0.00 s).
Cholesky vectors no   230 -   232 computed, error is 4.401057e-04 (0.00 s).
Cholesky vectors no   233 -   242 computed, error is 1.584965e-04 (0.00 s).
Cholesky vectors no   243 -   256 computed, error is 1.125399e-04 (0.00 s).
Cholesky vectors no   257 -   284 computed, error is 1.084572e-04 (0.00 s).
Cholesky vectors no   285 -   287 computed, error is 5.735108e-05 (0.00 s).
Cholesky vectors no   288 -   288 computed, error is 4.949264e-05 (0.00 s).
Cholesky vectors no   289 -   298 computed, error is 4.345796e-05 (0.00 s).
Cholesky vectors no   299 -   319 computed, error is 3.784309e-05 (0.01 s).
Cholesky vectors no   320 -   325 computed, error is 2.064976e-05 (0.00 s).
Cholesky vectors no   326 -   331 computed, error is 1.892610e-05 (0.00 s).
Cholesky vectors no   332 -   341 computed, error is 1.735203e-05 (0.00 s).
Cholesky vectors no   342 -   342 computed, error is 4.147625e-06 (0.00 s).
Cholesky vectors no   343 -   345 computed, error is 3.687218e-06 (0.00 s).
Cholesky vectors no   346 -   359 computed, error is 3.452887e-06 (0.00 s).
Cholesky vectors no   360 -   360 computed, error is 1.916626e-06 (0.00 s).
Cholesky vectors no   361 -   373 computed, error is 9.533810e-07 (0.00 s).
Cholesky vectors no   374 -   374 computed, error is 8.147650e-07 (0.00 s).
Cholesky vectors no   375 -   375 computed, error is 7.481045e-07 (0.00 s).
Cholesky vectors no   376 -   382 computed, error is 4.879762e-07 (0.00 s).
Cholesky vectors no   383 -   385 computed, error is 2.696379e-07 (0.00 s).
Cholesky vectors no   386 -   390 computed, error is 1.167191e-07 (0.00 s).
Cholesky vectors no   391 -   393 computed, error is 8.394658e-08 (0.00 s).
Cholesky decomposition finished in 3.86 s. Realized memory size is 5 Mi 411 ki.
Time use: integrals 18.7 %, linear algebra 81.3 %.
276 shell pairs and 1 nuclei
SAP potential formed in 0.002 s.
Smallest eigenvalue of overlap matrix is 2.67e-01, reciprocal condition number is 1.54e-01.
Using symmetric orthogonalization.
Smallest eigenvalue of overlap matrix is 9.02e-02, reciprocal condition number is 4.04e-02.
Using symmetric orthogonalization.
Smallest eigenvalue of overlap matrix is 8.73e-02, reciprocal condition number is 3.54e-02.
Using symmetric orthogonalization.
Smallest eigenvalue of overlap matrix is 7.46e-03, reciprocal condition number is 1.87e-03.
Using symmetric orthogonalization.
Smallest eigenvalue of overlap matrix is 8.73e-02, reciprocal condition number is 3.54e-02.
Using symmetric orthogonalization.
Smallest eigenvalue of overlap matrix is 9.02e-02, reciprocal condition number is 4.04e-02.
Using symmetric orthogonalization.
Smallest eigenvalue of overlap matrix is 2.67e-01, reciprocal condition number is 1.54e-01.
Using symmetric orthogonalization.
Nela = 3 Nelb = 1



Solving SCF
Evaluated energy -13.8329922099 (change from lowest -1.383299e+01)


Iteration 1: 1 Fock evaluations energy -13.8329922099 change -1.383299e+01 DIIS error vector rms norm 9.670004e-03
History size 1
alpha m=0 occupations
   1.0000
alpha m=1 occupations
   1.0000
alpha m=2 occupations
   1.0000
beta m=0 occupations
   1.0000
EDIIS+DIIS step
Evaluated energy -13.9081689098 (change from lowest -7.517670e-02)
Density matrix difference 8.744284e-02 between lowest-energy and newest entry


Iteration 2: 2 Fock evaluations energy -13.9081689098 change -7.517670e-02 DIIS error vector rms norm 1.651599e-03
History size 2
alpha m=0 occupations
   1.0000
alpha m=1 occupations
   1.0000
alpha m=2 occupations
   1.0000
beta m=0 occupations
   1.0000
EDIIS+DIIS step
Evaluated energy -13.9134548932 (change from lowest -5.285983e-03)
Density matrix difference 2.649657e-02 between lowest-energy and newest entry


Iteration 3: 3 Fock evaluations energy -13.9134548932 change -5.285983e-03 DIIS error vector rms norm 3.906588e-04
History size 3
alpha m=0 occupations
   1.0000
alpha m=1 occupations
   1.0000
alpha m=2 occupations
   1.0000
beta m=0 occupations
   1.0000
EDIIS+DIIS step
Evaluated energy -13.9137707814 (change from lowest -3.158882e-04)
Density matrix difference 7.735437e-03 between lowest-energy and newest entry


Iteration 4: 4 Fock evaluations energy -13.9137707814 change -3.158882e-04 DIIS error vector rms norm 2.705660e-05
History size 4
alpha m=0 occupations
   1.0000
alpha m=1 occupations
   1.0000
alpha m=2 occupations
   1.0000
beta m=0 occupations
   1.0000
DIIS step
Evaluated energy -13.9137717456 (change from lowest -9.641370e-07)
Density matrix difference 3.061153e-04 between lowest-energy and newest entry


Iteration 5: 5 Fock evaluations energy -13.9137717456 change -9.641370e-07 DIIS error vector rms norm 5.634678e-06
History size 5
alpha m=0 occupations
   1.0000
alpha m=1 occupations
   1.0000
alpha m=2 occupations
   1.0000
beta m=0 occupations
   1.0000
DIIS step
Evaluated energy -13.9137717968 (change from lowest -5.124615e-08)
Density matrix difference 8.897794e-05 between lowest-energy and newest entry


Iteration 6: 6 Fock evaluations energy -13.9137717968 change -5.124615e-08 DIIS error vector rms norm 1.310472e-06
History size 6
alpha m=0 occupations
   1.0000
alpha m=1 occupations
   1.0000
alpha m=2 occupations
   1.0000
beta m=0 occupations
   1.0000
DIIS step
Evaluated energy -13.9137718006 (change from lowest -3.751548e-09)
Density matrix difference 2.710515e-05 between lowest-energy and newest entry


Iteration 7: 7 Fock evaluations energy -13.9137718006 change -3.751548e-09 DIIS error vector rms norm 3.069237e-07
History size 7
Converged to energy -13.9137718006!

Running program took 4.08 s.
