ERKALE - HF/DFT from Hel, OpenMP version, running on 8 cores.
(c) Susi Lehtola, 2010-2016.

This program is free software; you can redistribute it and/or modify
it under the terms of the GNU General Public License as published by
the Free Software Foundation; either version 2 of the License, or
(at your option) any later version.

Running on host silver.

Current time is Mon 09 Feb 2026 08:28:28.

Current Settings used by ERKALE:
     AtomGuess      	                Auto	Method used for atomic guess (Auto for same as method)
     Basis          	         aug-cc-pVQZ	Basis set used in calculation
     BasisCutoff    	           1.000e-08	Cutoff for dropping out small primitives from contraction
     BasisOrth      	                Auto	Method of orthonormalization of basis set
     BasisRotate    	               false	Rotate basis set to remove redundant functions?
     Charge         	                   0	Total charge of system
     CholDepThresh  	           1.000e-07	Partial Cholesky decomposition threshold
     Cholesky       	                true	Use Cholesky decomposition?
     CholeskyMode   	                   0	Save/load integrals? 0 no, 1 save, -1 load
     CholeskyNAFThr 	           0.000e+00	Cholesky natural auxiliary function threshold
     CholeskyShThr  	           1.000e-02	Cholesky cache threshold
     CholeskyThr    	           1.000e-07	Cholesky decomposition threshold
     Complexbas     	                true	Use complex basis?
     Confinement    	         0.0 0.0 0.0	Confinement potential V(r) = V_i x_i^2
     ConvThr        	           1.000e-06	Orbital gradient convergence threshold
     DFTBasisThr    	           1.000e-10	Threshold for screening basis functions on grid
     DFTCpars       	                    	Override parameters of correlation functional (expert)
     DFTDelta       	           1.000e+02	Switch to final DFT grid has converged within factor X
     DFTDensityThr  	           1.000e-10	Threshold for screening density on grid
     DFTFinalTol    	           1.000e-05	Tolerance of final DFT grid
     DFTGrid        	             75 -302	DFT integration grid to use: nrad lmax or Auto for adaptive
     DFTInitialTol  	           1.000e-04	Tolerance of initial DFT grid
     DFTLobatto     	               false	Use Lobatto quadrature instead of Lebedev quadrature?
     DFTQuadThresh  	           2.220e-16	Threshold for pruning points with small quadrature weight
     DFTXpars       	                    	Override parameters of exchange functional (expert)
     DIISComb       	               false	Combine alpha and beta errors in unrestricted calcs?
     DIISEps        	           1.000e-01	Start mixing in DIIS when error is
     DIISOrder      	                  10	How many DIIS iterations to keep in memory?
     DIISThr        	           1.000e-02	DIIS error threshold for DIIS updates
     DecFock        	               false	Use decontracted basis to calculate Fock matrix (direct HF)
     Decontract     	                   *	Indices of atoms to decontract basis set for
     DensityFitting 	               false	Use density fitting / RI?
     Direct         	               false	Calculate two-electron integrals (or density fitting) on-the-fly?
     EField         	         0.0 0.0 0.0	Electric field
     ErrorNorm      	                 rms	Error norm to use in the SCF code
     FittingBasis   	                Auto	Basis to use for density fitting / RI (Auto for automatic)
     FittingCholeskyThreshold	           1.000e-08	Linear dependence threshold for pivoted Cholesky of Coulomb integrals in density fitting
     FittingMemory  	                1000	Amount of memory in MB to use for exchange fitting
     FittingThreshold	           1.000e-07	Linear dependence threshold for Coulomb integrals in density fitting
     Guess          	              sapfit	Used guess: SAD (default), SADNO, core, GWH, SAP, or SAPfit
     InitConvThr    	           1.000e-05	Initialization convergence threshold
     InputBohr      	               false	Use atomic units as input units instead of angstrom?
     IntegralThresh 	           1.000e-10	Integral screening threshold
     Kgwh           	           1.750e+00	Scaling constant for GWH
     LinDepThresh   	           1.000e-05	Basis set linear dependency threshold
     LinearB        	           4.800e-01	Magnetic field along bond axis
     LinearFreeze   	               false	If using linear symmetry, freeze symmetry to input guess
     LinearOccupationFile	      ../../S_5.occs	File to read linear occupations from
     LinearOccupations	                  -1	Read in occupations for linear molecule calculations?
     LinearSymmetry 	                true	Do special calculation on linear molecule along z axis
     LoadChk        	                    	Checkpoint file to load from
     Logfile        	          erkale.log	File to print out full information, stdout for screen
     MaxInitIter    	                  50	Maximum number of iterations in the stepwise solutions
     MaxIter        	                 100	Maximum number of iterations in SCF cycle
     Method         	                  HF	Method used in calculation (HF or a DFT functional)
     Multiplicity   	                   7	Spin multiplicity
     NLGrid         	             50 -194	Integration grid to use for nonlocal correlation: nrad lmax
     Occupancies    	                    	Orbital occupancies
     OptLM          	               false	If spherical harmonics used, use cartesian s and p functions?
     PZ             	               false	Perform Perdew-Zunger self-interaction correction?
     PZEthr         	           1.000e-10	Threshold for energy convergence
     PZIthr         	           1.000e-02	Threshold for initialization convergence (not too small!)
     PZNRthr        	           0.000e+00	Threshold for use of NR method in OO optimization
     PZOOthr        	           1.000e-04	Gradient threshold for OO optimization
     PZOVthr        	           1.000e-05	Gradient threshold for OV optimization
     PZimag         	                Auto	Imaginary degrees of freedom in PZ?
     PZiter         	                  20	Max number of iterations in self-consistency iteration
     PZloc          	                Auto	Initial localization before SIC calculation?
     PZlocmet       	                  FB	Initial localization method (recommend FB or IAO)
     PZmode         	                  XC	Apply PZ to the operators (in addition to J): X C D
     PZoo           	                true	Optimize OO block?
     PZov           	                true	Optimize OV block?
     PZprec         	                   1	Precondition OV block? 0: no, 1: unified, 2: orbital
     PZrand         	                true	Apply random rotation in PZ initialization? (Should be true)
     PZscale        	            Constant	Scaling for PZ: Constant, Density or Kinetic
     PZscaleExp     	           1.000e+00	Exponent in the dynamic scaling equation
     PZseed         	                   0	Seed number for randomized matrices?
     PZstab         	                   0	Stability analysis for PZ-SIC? 1 or -1 for OO, 2 or -2 for OO+OV
     PZstabThr      	           1.000e-03	Instability threshold (interpreted as -thr)
     PZw            	           1.000e+00	Weight for Perdew-Zunger self-interaction correction
     Restricted     	               false	Spin restricted?
     SAPBasis       	    helfem_large.gbs	Tabulated atomic effective potential "basis set"
     SAPGrid        	                    	SAP integration grid to use: nrad lmax or leave empty
     SaveChk        	   complex_basis.chk	Checkpoint file to save to
     Shift          	           0.000e+00	Level shift to use in Hartree
     System         	        ../atoms.xyz	System as an xyz file
     TRRHminS       	           9.750e-01	Trust-Region Roothaan-Hall minimal occupied orbital overlap
     UseADIIS       	                true	Use ADIIS for Fock matrix interpolation?
     UseBroyden     	               false	Use Broyden mixing of Fock matrices?
     UseDIIS        	                true	Use Pulay's Direct Inversion in the Iterative Subspace?
     UseLM          	                true	Use a spherical harmonics basis set by default?
     UseTRRH        	               false	Use Trust-Region Roothaan-Hall?
     VV10           	                Auto	Use VV10 non-local correlation?
     VV10Pars       	                    	VV10 parameters: b C
     Verbose        	                true	Verbose calculation?
     Verbosity      	                   5	Verboseness level

Basis set aug-cc-pVQZ found in file aug-cc-pVQZ.gbs in /home/lehtola/programs/erkale/basis/.
Basis set helfem_large.gbs found in file helfem_large.gbs in /home/lehtola/programs/erkale/basis/.
Screening by shell pairs and symmetry reduced dofs by factor 2.01.
Individual screening reduced dofs by a total factor 2.01.
Computing Cholesky vectors. Estimated memory size is 16 Mi - 53 Mi.
Cholesky vectors no     0 -     0 computed, error is 1.217543e+02 (0.03 s).
Cholesky vectors no     1 -     1 computed, error is 4.490279e+01 (0.03 s).
Cholesky vectors no     2 -     2 computed, error is 1.690201e+01 (0.03 s).
Cholesky vectors no     3 -     8 computed, error is 7.274218e+00 (0.12 s).
Cholesky vectors no     9 -    11 computed, error is 5.809141e+00 (0.00 s).
Cholesky vectors no    12 -    17 computed, error is 5.546052e+00 (0.00 s).
Cholesky vectors no    18 -    18 computed, error is 1.674665e+00 (0.00 s).
Cholesky vectors no    19 -    21 computed, error is 1.646596e+00 (0.00 s).
Cholesky vectors no    22 -    27 computed, error is 1.382615e+00 (0.00 s).
Cholesky vectors no    28 -    33 computed, error is 1.359577e+00 (0.00 s).
Cholesky vectors no    34 -    34 computed, error is 8.610066e-01 (0.00 s).
Cholesky vectors no    35 -    37 computed, error is 6.333160e-01 (0.00 s).
Cholesky vectors no    38 -    43 computed, error is 5.608861e-01 (0.00 s).
Cholesky vectors no    44 -    46 computed, error is 4.633578e-01 (0.00 s).
Cholesky vectors no    47 -    49 computed, error is 3.259640e-01 (0.00 s).
Cholesky vectors no    50 -    50 computed, error is 2.374478e-01 (0.00 s).
Cholesky vectors no    51 -    95 computed, error is 1.899378e-01 (0.03 s).
Cholesky vectors no    96 -    98 computed, error is 1.412778e-01 (0.00 s).
Cholesky vectors no    99 -   104 computed, error is 1.088462e-01 (0.02 s).
Cholesky vectors no   105 -   114 computed, error is 9.197940e-02 (0.01 s).
Cholesky vectors no   115 -   142 computed, error is 7.981002e-02 (0.03 s).
Cholesky vectors no   143 -   148 computed, error is 7.804645e-02 (0.01 s).
Cholesky vectors no   149 -   149 computed, error is 6.820385e-02 (0.00 s).
Cholesky vectors no   150 -   152 computed, error is 5.769569e-02 (0.00 s).
Cholesky vectors no   153 -   173 computed, error is 3.791663e-02 (0.02 s).
Cholesky vectors no   174 -   176 computed, error is 3.723228e-02 (0.00 s).
Cholesky vectors no   177 -   191 computed, error is 3.328799e-02 (0.01 s).
Cholesky vectors no   192 -   197 computed, error is 2.648664e-02 (0.01 s).
Cholesky vectors no   198 -   200 computed, error is 2.088572e-02 (0.03 s).
Cholesky vectors no   201 -   210 computed, error is 2.045778e-02 (0.02 s).
Cholesky vectors no   211 -   216 computed, error is 1.715959e-02 (0.01 s).
Cholesky vectors no   217 -   252 computed, error is 1.071845e-02 (0.05 s).
Cholesky vectors no   253 -   297 computed, error is 6.649766e-03 (0.06 s).
Cholesky vectors no   298 -   298 computed, error is 6.237830e-03 (0.00 s).
Cholesky vectors no   299 -   308 computed, error is 5.557534e-03 (0.04 s).
Cholesky vectors no   309 -   311 computed, error is 4.692530e-03 (0.00 s).
Cholesky vectors no   312 -   339 computed, error is 4.215100e-03 (0.03 s).
Cholesky vectors no   340 -   375 computed, error is 3.808784e-03 (0.04 s).
Cholesky vectors no   376 -   381 computed, error is 3.756407e-03 (0.01 s).
Cholesky vectors no   382 -   384 computed, error is 3.379240e-03 (0.01 s).
Cholesky vectors no   385 -   405 computed, error is 2.391890e-03 (0.13 s).
Cholesky vectors no   406 -   411 computed, error is 1.040295e-03 (0.01 s).
Cholesky vectors no   412 -   447 computed, error is 7.963597e-04 (0.04 s).
Cholesky vectors no   448 -   462 computed, error is 5.858421e-04 (0.02 s).
Cholesky vectors no   463 -   483 computed, error is 4.894842e-04 (0.03 s).
Cholesky vectors no   484 -   489 computed, error is 4.681061e-04 (0.01 s).
Cholesky vectors no   490 -   492 computed, error is 4.403244e-04 (0.00 s).
Cholesky vectors no   493 -   495 computed, error is 4.395048e-04 (0.00 s).
Cholesky vectors no   496 -   496 computed, error is 2.267901e-04 (0.00 s).
Cholesky vectors no   497 -   503 computed, error is 2.262092e-04 (0.05 s).
Cholesky vectors no   504 -   506 computed, error is 2.159807e-04 (0.01 s).
Cholesky vectors no   507 -   551 computed, error is 1.779517e-04 (0.08 s).
Cholesky vectors no   552 -   552 computed, error is 1.448283e-04 (0.00 s).
Cholesky vectors no   553 -   567 computed, error is 1.276137e-04 (0.03 s).
Cholesky vectors no   568 -   570 computed, error is 9.715712e-05 (0.00 s).
Cholesky vectors no   571 -   579 computed, error is 8.977782e-05 (0.01 s).
Cholesky vectors no   580 -   585 computed, error is 5.682911e-05 (0.01 s).
Cholesky vectors no   586 -   593 computed, error is 2.375740e-05 (0.02 s).
Cholesky vectors no   594 -   596 computed, error is 1.814185e-05 (0.01 s).
Cholesky vectors no   597 -   597 computed, error is 1.767825e-05 (0.00 s).
Cholesky vectors no   598 -   608 computed, error is 1.628815e-05 (0.06 s).
Cholesky vectors no   609 -   617 computed, error is 1.489909e-05 (0.02 s).
Cholesky vectors no   618 -   623 computed, error is 9.362267e-06 (0.01 s).
Cholesky vectors no   624 -   624 computed, error is 8.274447e-06 (0.00 s).
Cholesky vectors no   625 -   631 computed, error is 6.289003e-06 (0.02 s).
Cholesky vectors no   632 -   634 computed, error is 6.086794e-06 (0.01 s).
Cholesky vectors no   635 -   661 computed, error is 5.230720e-06 (0.07 s).
Cholesky vectors no   662 -   664 computed, error is 4.974192e-06 (0.01 s).
Cholesky vectors no   665 -   667 computed, error is 4.666513e-06 (0.01 s).
Cholesky vectors no   668 -   673 computed, error is 3.747742e-06 (0.02 s).
Cholesky vectors no   674 -   679 computed, error is 2.202513e-06 (0.02 s).
Cholesky vectors no   680 -   706 computed, error is 1.195794e-06 (0.12 s).
Cholesky vectors no   707 -   715 computed, error is 9.434214e-07 (0.03 s).
Cholesky vectors no   716 -   743 computed, error is 9.339879e-07 (0.05 s).
Cholesky vectors no   744 -   758 computed, error is 8.693673e-07 (0.02 s).
Cholesky vectors no   759 -   760 computed, error is 7.388725e-07 (0.00 s).
Cholesky vectors no   761 -   767 computed, error is 7.217842e-07 (0.01 s).
Cholesky vectors no   768 -   770 computed, error is 6.560199e-07 (0.00 s).
Cholesky vectors no   771 -   771 computed, error is 4.901174e-07 (0.00 s).
Cholesky vectors no   772 -   792 computed, error is 4.492596e-07 (0.03 s).
Cholesky vectors no   793 -   828 computed, error is 2.648727e-07 (0.15 s).
Cholesky vectors no   829 -   834 computed, error is 1.994763e-07 (0.01 s).
Cholesky vectors no   835 -   835 computed, error is 1.702493e-07 (0.00 s).
Cholesky vectors no   836 -   841 computed, error is 1.254056e-07 (0.01 s).
Cholesky vectors no   842 -   842 computed, error is 8.235261e-08 (0.00 s).
Cholesky decomposition finished in 2.17 s. Realized memory size is 42 Mi 909 ki.
Time use: integrals 14.3 %, linear algebra 85.7 %.
731 shell pairs and 1 nuclei
SAP potential formed in 0.008 s.
Smallest eigenvalue of overlap matrix is 3.71e-01, reciprocal condition number is 2.28e-01.
Using symmetric orthogonalization.
Smallest eigenvalue of overlap matrix is 1.90e-01, reciprocal condition number is 9.51e-02.
Using symmetric orthogonalization.
Smallest eigenvalue of overlap matrix is 8.67e-02, reciprocal condition number is 3.64e-02.
Using symmetric orthogonalization.
Smallest eigenvalue of overlap matrix is 7.20e-03, reciprocal condition number is 1.98e-03.
Using symmetric orthogonalization.
Smallest eigenvalue of overlap matrix is 1.48e-03, reciprocal condition number is 3.02e-04.
Using symmetric orthogonalization.
Smallest eigenvalue of overlap matrix is 7.20e-03, reciprocal condition number is 1.98e-03.
Using symmetric orthogonalization.
Smallest eigenvalue of overlap matrix is 8.67e-02, reciprocal condition number is 3.64e-02.
Using symmetric orthogonalization.
Smallest eigenvalue of overlap matrix is 1.90e-01, reciprocal condition number is 9.51e-02.
Using symmetric orthogonalization.
Smallest eigenvalue of overlap matrix is 3.71e-01, reciprocal condition number is 2.28e-01.
Using symmetric orthogonalization.
Nela = 11 Nelb = 5



Solving SCF
Evaluated energy -395.0357975146 (change from lowest -3.950358e+02)


Iteration 1: 1 Fock evaluations energy -395.0357975146 change -3.950358e+02 DIIS error vector rms norm 2.734656e-02
History size 1
alpha m=-1 occupations
   1.0000   1.0000
alpha m=0 occupations
   1.0000   1.0000   1.0000   1.0000   1.0000
alpha m=1 occupations
   1.0000   1.0000   1.0000
alpha m=2 occupations
   1.0000
beta m=-1 occupations
   1.0000
beta m=0 occupations
   1.0000   1.0000   1.0000
beta m=1 occupations
   1.0000
EDIIS+DIIS step
Evaluated energy -396.6011494905 (change from lowest -1.565352e+00)
Density matrix difference 2.050827e-01 between lowest-energy and newest entry


Iteration 2: 2 Fock evaluations energy -396.6011494905 change -1.565352e+00 DIIS error vector rms norm 5.955886e-03
History size 2
alpha m=-1 occupations
   1.0000   1.0000
alpha m=0 occupations
   1.0000   1.0000   1.0000   1.0000   1.0000
alpha m=1 occupations
   1.0000   1.0000   1.0000
alpha m=2 occupations
   1.0000
beta m=-1 occupations
   1.0000
beta m=0 occupations
   1.0000   1.0000   1.0000
beta m=1 occupations
   1.0000
EDIIS+DIIS step
Evaluated energy -396.6373900009 (change from lowest -3.624051e-02)
Density matrix difference 2.206290e-02 between lowest-energy and newest entry


Iteration 3: 3 Fock evaluations energy -396.6373900009 change -3.624051e-02 DIIS error vector rms norm 1.295653e-03
History size 3
alpha m=-1 occupations
   1.0000   1.0000
alpha m=0 occupations
   1.0000   1.0000   1.0000   1.0000   1.0000
alpha m=1 occupations
   1.0000   1.0000   1.0000
alpha m=2 occupations
   1.0000
beta m=-1 occupations
   1.0000
beta m=0 occupations
   1.0000   1.0000   1.0000
beta m=1 occupations
   1.0000
EDIIS+DIIS step
Evaluated energy -396.6386870140 (change from lowest -1.297013e-03)
Density matrix difference 5.166435e-03 between lowest-energy and newest entry


Iteration 4: 4 Fock evaluations energy -396.6386870140 change -1.297013e-03 DIIS error vector rms norm 2.222044e-04
History size 4
alpha m=-1 occupations
   1.0000   1.0000
alpha m=0 occupations
   1.0000   1.0000   1.0000   1.0000   1.0000
alpha m=1 occupations
   1.0000   1.0000   1.0000
alpha m=2 occupations
   1.0000
beta m=-1 occupations
   1.0000
beta m=0 occupations
   1.0000   1.0000   1.0000
beta m=1 occupations
   1.0000
EDIIS+DIIS step
Evaluated energy -396.6388244786 (change from lowest -1.374647e-04)
Density matrix difference 2.001321e-03 between lowest-energy and newest entry


Iteration 5: 5 Fock evaluations energy -396.6388244786 change -1.374647e-04 DIIS error vector rms norm 6.374349e-05
History size 5
alpha m=-1 occupations
   1.0000   1.0000
alpha m=0 occupations
   1.0000   1.0000   1.0000   1.0000   1.0000
alpha m=1 occupations
   1.0000   1.0000   1.0000
alpha m=2 occupations
   1.0000
beta m=-1 occupations
   1.0000
beta m=0 occupations
   1.0000   1.0000   1.0000
beta m=1 occupations
   1.0000
DIIS step
Evaluated energy -396.6388401159 (change from lowest -1.563729e-05)
Density matrix difference 7.802198e-04 between lowest-energy and newest entry


Iteration 6: 6 Fock evaluations energy -396.6388401159 change -1.563729e-05 DIIS error vector rms norm 1.355804e-05
History size 6
alpha m=-1 occupations
   1.0000   1.0000
alpha m=0 occupations
   1.0000   1.0000   1.0000   1.0000   1.0000
alpha m=1 occupations
   1.0000   1.0000   1.0000
alpha m=2 occupations
   1.0000
beta m=-1 occupations
   1.0000
beta m=0 occupations
   1.0000   1.0000   1.0000
beta m=1 occupations
   1.0000
DIIS step
Evaluated energy -396.6388407782 (change from lowest -6.622992e-07)
Density matrix difference 1.619876e-04 between lowest-energy and newest entry


Iteration 7: 7 Fock evaluations energy -396.6388407782 change -6.622992e-07 DIIS error vector rms norm 2.216714e-06
History size 7
alpha m=-1 occupations
   1.0000   1.0000
alpha m=0 occupations
   1.0000   1.0000   1.0000   1.0000   1.0000
alpha m=1 occupations
   1.0000   1.0000   1.0000
alpha m=2 occupations
   1.0000
beta m=-1 occupations
   1.0000
beta m=0 occupations
   1.0000   1.0000   1.0000
beta m=1 occupations
   1.0000
DIIS step
Evaluated energy -396.6388407912 (change from lowest -1.294910e-08)
Density matrix difference 1.803024e-05 between lowest-energy and newest entry


Iteration 8: 8 Fock evaluations energy -396.6388407912 change -1.294910e-08 DIIS error vector rms norm 4.238817e-07
History size 7
Converged to energy -396.6388407912!

Running program took 3.86 s.
