ERKALE - HF/DFT from Hel, OpenMP version, running on 8 cores.
(c) Susi Lehtola, 2010-2016.

This program is free software; you can redistribute it and/or modify
it under the terms of the GNU General Public License as published by
the Free Software Foundation; either version 2 of the License, or
(at your option) any later version.

Running on host silver.

Current time is Sun 25 Jan 2026 07:00:14.

Current Settings used by ERKALE:
     AtomGuess      	                Auto	Method used for atomic guess (Auto for same as method)
     Basis          	             cc-pV5Z	Basis set used in calculation
     BasisCutoff    	           1.000e-08	Cutoff for dropping out small primitives from contraction
     BasisOrth      	                Auto	Method of orthonormalization of basis set
     BasisRotate    	               false	Rotate basis set to remove redundant functions?
     Charge         	                   0	Total charge of system
     CholDepThresh  	           1.000e-07	Partial Cholesky decomposition threshold
     Cholesky       	                true	Use Cholesky decomposition?
     CholeskyMode   	                   0	Save/load integrals? 0 no, 1 save, -1 load
     CholeskyNAFThr 	           0.000e+00	Cholesky natural auxiliary function threshold
     CholeskyShThr  	           1.000e-02	Cholesky cache threshold
     CholeskyThr    	           1.000e-07	Cholesky decomposition threshold
     Complexbas     	                true	Use complex basis?
     Confinement    	         0.0 0.0 0.0	Confinement potential V(r) = V_i x_i^2
     ConvThr        	           1.000e-06	Orbital gradient convergence threshold
     DFTBasisThr    	           1.000e-10	Threshold for screening basis functions on grid
     DFTCpars       	                    	Override parameters of correlation functional (expert)
     DFTDelta       	           1.000e+02	Switch to final DFT grid has converged within factor X
     DFTDensityThr  	           1.000e-10	Threshold for screening density on grid
     DFTFinalTol    	           1.000e-05	Tolerance of final DFT grid
     DFTGrid        	             75 -302	DFT integration grid to use: nrad lmax or Auto for adaptive
     DFTInitialTol  	           1.000e-04	Tolerance of initial DFT grid
     DFTLobatto     	               false	Use Lobatto quadrature instead of Lebedev quadrature?
     DFTQuadThresh  	           2.220e-16	Threshold for pruning points with small quadrature weight
     DFTXpars       	                    	Override parameters of exchange functional (expert)
     DIISComb       	               false	Combine alpha and beta errors in unrestricted calcs?
     DIISEps        	           1.000e-01	Start mixing in DIIS when error is
     DIISOrder      	                  10	How many DIIS iterations to keep in memory?
     DIISThr        	           1.000e-02	DIIS error threshold for DIIS updates
     DecFock        	               false	Use decontracted basis to calculate Fock matrix (direct HF)
     Decontract     	                   *	Indices of atoms to decontract basis set for
     DensityFitting 	               false	Use density fitting / RI?
     Direct         	               false	Calculate two-electron integrals (or density fitting) on-the-fly?
     EField         	         0.0 0.0 0.0	Electric field
     ErrorNorm      	                 rms	Error norm to use in the SCF code
     FittingBasis   	                Auto	Basis to use for density fitting / RI (Auto for automatic)
     FittingCholeskyThreshold	           1.000e-08	Linear dependence threshold for pivoted Cholesky of Coulomb integrals in density fitting
     FittingMemory  	                1000	Amount of memory in MB to use for exchange fitting
     FittingThreshold	           1.000e-07	Linear dependence threshold for Coulomb integrals in density fitting
     Guess          	              sapfit	Used guess: SAD (default), SADNO, core, GWH, SAP, or SAPfit
     InitConvThr    	           1.000e-05	Initialization convergence threshold
     InputBohr      	               false	Use atomic units as input units instead of angstrom?
     IntegralThresh 	           1.000e-10	Integral screening threshold
     Kgwh           	           1.750e+00	Scaling constant for GWH
     LinDepThresh   	           1.000e-05	Basis set linear dependency threshold
     LinearB        	           1.200e-01	Magnetic field along bond axis
     LinearFreeze   	               false	If using linear symmetry, freeze symmetry to input guess
     LinearOccupationFile	     ../../Na_4.occs	File to read linear occupations from
     LinearOccupations	                  -1	Read in occupations for linear molecule calculations?
     LinearSymmetry 	                true	Do special calculation on linear molecule along z axis
     LoadChk        	                    	Checkpoint file to load from
     Logfile        	          erkale.log	File to print out full information, stdout for screen
     MaxInitIter    	                  50	Maximum number of iterations in the stepwise solutions
     MaxIter        	                 100	Maximum number of iterations in SCF cycle
     Method         	                  HF	Method used in calculation (HF or a DFT functional)
     Multiplicity   	                   2	Spin multiplicity
     NLGrid         	             50 -194	Integration grid to use for nonlocal correlation: nrad lmax
     Occupancies    	                    	Orbital occupancies
     OptLM          	               false	If spherical harmonics used, use cartesian s and p functions?
     PZ             	               false	Perform Perdew-Zunger self-interaction correction?
     PZEthr         	           1.000e-10	Threshold for energy convergence
     PZIthr         	           1.000e-02	Threshold for initialization convergence (not too small!)
     PZNRthr        	           0.000e+00	Threshold for use of NR method in OO optimization
     PZOOthr        	           1.000e-04	Gradient threshold for OO optimization
     PZOVthr        	           1.000e-05	Gradient threshold for OV optimization
     PZimag         	                Auto	Imaginary degrees of freedom in PZ?
     PZiter         	                  20	Max number of iterations in self-consistency iteration
     PZloc          	                Auto	Initial localization before SIC calculation?
     PZlocmet       	                  FB	Initial localization method (recommend FB or IAO)
     PZmode         	                  XC	Apply PZ to the operators (in addition to J): X C D
     PZoo           	                true	Optimize OO block?
     PZov           	                true	Optimize OV block?
     PZprec         	                   1	Precondition OV block? 0: no, 1: unified, 2: orbital
     PZrand         	                true	Apply random rotation in PZ initialization? (Should be true)
     PZscale        	            Constant	Scaling for PZ: Constant, Density or Kinetic
     PZscaleExp     	           1.000e+00	Exponent in the dynamic scaling equation
     PZseed         	                   0	Seed number for randomized matrices?
     PZstab         	                   0	Stability analysis for PZ-SIC? 1 or -1 for OO, 2 or -2 for OO+OV
     PZstabThr      	           1.000e-03	Instability threshold (interpreted as -thr)
     PZw            	           1.000e+00	Weight for Perdew-Zunger self-interaction correction
     Restricted     	               false	Spin restricted?
     SAPBasis       	    helfem_large.gbs	Tabulated atomic effective potential "basis set"
     SAPGrid        	                    	SAP integration grid to use: nrad lmax or leave empty
     SaveChk        	   complex_basis.chk	Checkpoint file to save to
     Shift          	           0.000e+00	Level shift to use in Hartree
     System         	        ../atoms.xyz	System as an xyz file
     TRRHminS       	           9.750e-01	Trust-Region Roothaan-Hall minimal occupied orbital overlap
     UseADIIS       	                true	Use ADIIS for Fock matrix interpolation?
     UseBroyden     	               false	Use Broyden mixing of Fock matrices?
     UseDIIS        	                true	Use Pulay's Direct Inversion in the Iterative Subspace?
     UseLM          	                true	Use a spherical harmonics basis set by default?
     UseTRRH        	               false	Use Trust-Region Roothaan-Hall?
     VV10           	                Auto	Use VV10 non-local correlation?
     VV10Pars       	                    	VV10 parameters: b C
     Verbose        	                true	Verbose calculation?
     Verbosity      	                   5	Verboseness level

Basis set cc-pV5Z found in file cc-pV5Z.gbs in /home/lehtola/programs/erkale/basis/.
Basis set helfem_large.gbs found in file helfem_large.gbs in /home/lehtola/programs/erkale/basis/.
Screening by shell pairs and symmetry reduced dofs by factor 2.03.
Individual screening reduced dofs by a total factor 2.03.
Computing Cholesky vectors. Estimated memory size is 22 Mi - 73 Mi.
Cholesky vectors no     0 -     0 computed, error is 1.579209e+02 (0.00 s).
Cholesky vectors no     1 -     1 computed, error is 5.821938e+01 (0.00 s).
Cholesky vectors no     2 -     2 computed, error is 1.477848e+01 (0.00 s).
Cholesky vectors no     3 -     3 computed, error is 7.213818e+00 (0.00 s).
Cholesky vectors no     4 -     4 computed, error is 6.826029e+00 (0.00 s).
Cholesky vectors no     5 -    10 computed, error is 3.795178e+00 (0.00 s).
Cholesky vectors no    11 -    13 computed, error is 2.955686e+00 (0.00 s).
Cholesky vectors no    14 -    19 computed, error is 1.763561e+00 (0.00 s).
Cholesky vectors no    20 -    20 computed, error is 9.364397e-01 (0.00 s).
Cholesky vectors no    21 -    23 computed, error is 8.525255e-01 (0.00 s).
Cholesky vectors no    24 -    29 computed, error is 7.221776e-01 (0.00 s).
Cholesky vectors no    30 -    35 computed, error is 5.073845e-01 (0.00 s).
Cholesky vectors no    36 -    36 computed, error is 4.257759e-01 (0.00 s).
Cholesky vectors no    37 -    39 computed, error is 3.882988e-01 (0.00 s).
Cholesky vectors no    40 -    42 computed, error is 3.089261e-01 (0.00 s).
Cholesky vectors no    43 -    70 computed, error is 1.719937e-01 (0.01 s).
Cholesky vectors no    71 -    73 computed, error is 1.328208e-01 (0.00 s).
Cholesky vectors no    74 -    79 computed, error is 1.046634e-01 (0.00 s).
Cholesky vectors no    80 -    80 computed, error is 8.294924e-02 (0.00 s).
Cholesky vectors no    81 -   116 computed, error is 7.613274e-02 (0.02 s).
Cholesky vectors no   117 -   131 computed, error is 7.175367e-02 (0.01 s).
Cholesky vectors no   132 -   137 computed, error is 4.684791e-02 (0.00 s).
Cholesky vectors no   138 -   140 computed, error is 4.525738e-02 (0.00 s).
Cholesky vectors no   141 -   143 computed, error is 4.445599e-02 (0.00 s).
Cholesky vectors no   144 -   144 computed, error is 3.195902e-02 (0.00 s).
Cholesky vectors no   145 -   199 computed, error is 2.382637e-02 (0.05 s).
Cholesky vectors no   200 -   265 computed, error is 1.583754e-02 (0.06 s).
Cholesky vectors no   266 -   271 computed, error is 1.547803e-02 (0.01 s).
Cholesky vectors no   272 -   274 computed, error is 1.539640e-02 (0.00 s).
Cholesky vectors no   275 -   280 computed, error is 1.137212e-02 (0.01 s).
Cholesky vectors no   281 -   290 computed, error is 1.133050e-02 (0.01 s).
Cholesky vectors no   291 -   296 computed, error is 1.040554e-02 (0.01 s).
Cholesky vectors no   297 -   297 computed, error is 8.014302e-03 (0.00 s).
Cholesky vectors no   298 -   300 computed, error is 7.190183e-03 (0.01 s).
Cholesky vectors no   301 -   303 computed, error is 5.726656e-03 (0.00 s).
Cholesky vectors no   304 -   348 computed, error is 5.709761e-03 (0.04 s).
Cholesky vectors no   349 -   351 computed, error is 3.373562e-03 (0.00 s).
Cholesky vectors no   352 -   361 computed, error is 2.017729e-03 (0.01 s).
Cholesky vectors no   362 -   367 computed, error is 1.434771e-03 (0.01 s).
Cholesky vectors no   368 -   370 computed, error is 1.325146e-03 (0.00 s).
Cholesky vectors no   371 -   371 computed, error is 1.127335e-03 (0.00 s).
Cholesky vectors no   372 -   392 computed, error is 1.059631e-03 (0.02 s).
Cholesky vectors no   393 -   395 computed, error is 9.842594e-04 (0.00 s).
Cholesky vectors no   396 -   398 computed, error is 8.181196e-04 (0.00 s).
Cholesky vectors no   399 -   416 computed, error is 7.855424e-04 (0.03 s).
Cholesky vectors no   417 -   444 computed, error is 6.735098e-04 (0.02 s).
Cholesky vectors no   445 -   499 computed, error is 4.477683e-04 (0.05 s).
Cholesky vectors no   500 -   513 computed, error is 2.950362e-04 (0.03 s).
Cholesky vectors no   514 -   519 computed, error is 2.335660e-04 (0.01 s).
Cholesky vectors no   520 -   520 computed, error is 2.072550e-04 (0.00 s).
Cholesky vectors no   521 -   565 computed, error is 2.015340e-04 (0.04 s).
Cholesky vectors no   566 -   568 computed, error is 1.644490e-04 (0.00 s).
Cholesky vectors no   569 -   569 computed, error is 8.628179e-05 (0.00 s).
Cholesky vectors no   570 -   572 computed, error is 8.269850e-05 (0.00 s).
Cholesky vectors no   573 -   605 computed, error is 7.793516e-05 (0.05 s).
Cholesky vectors no   606 -   608 computed, error is 7.024961e-05 (0.00 s).
Cholesky vectors no   609 -   614 computed, error is 4.970079e-05 (0.01 s).
Cholesky vectors no   615 -   620 computed, error is 4.599780e-05 (0.01 s).
Cholesky vectors no   621 -   627 computed, error is 4.095937e-05 (0.01 s).
Cholesky vectors no   628 -   671 computed, error is 2.910807e-05 (0.04 s).
Cholesky vectors no   672 -   680 computed, error is 2.487331e-05 (0.01 s).
Cholesky vectors no   681 -   695 computed, error is 1.600095e-05 (0.02 s).
Cholesky vectors no   696 -   696 computed, error is 1.506823e-05 (0.00 s).
Cholesky vectors no   697 -   699 computed, error is 1.210565e-05 (0.00 s).
Cholesky vectors no   700 -   700 computed, error is 1.051786e-05 (0.02 s).
Cholesky vectors no   701 -   706 computed, error is 7.728810e-06 (0.01 s).
Cholesky vectors no   707 -   707 computed, error is 7.189824e-06 (0.00 s).
Cholesky vectors no   708 -   717 computed, error is 5.822272e-06 (0.01 s).
Cholesky vectors no   718 -   726 computed, error is 3.991476e-06 (0.01 s).
Cholesky vectors no   727 -   729 computed, error is 3.570700e-06 (0.00 s).
Cholesky vectors no   730 -   735 computed, error is 3.331401e-06 (0.01 s).
Cholesky vectors no   736 -   742 computed, error is 3.057524e-06 (0.01 s).
Cholesky vectors no   743 -   745 computed, error is 2.415341e-06 (0.00 s).
Cholesky vectors no   746 -   751 computed, error is 2.064264e-06 (0.01 s).
Cholesky vectors no   752 -   761 computed, error is 1.868044e-06 (0.01 s).
Cholesky vectors no   762 -   797 computed, error is 1.172070e-06 (0.04 s).
Cholesky vectors no   798 -   800 computed, error is 9.809891e-07 (0.04 s).
Cholesky vectors no   801 -   814 computed, error is 9.327153e-07 (0.10 s).
Cholesky vectors no   815 -   858 computed, error is 7.566055e-07 (0.05 s).
Cholesky vectors no   859 -   859 computed, error is 7.532364e-07 (0.00 s).
Cholesky vectors no   860 -   862 computed, error is 4.968447e-07 (0.00 s).
Cholesky vectors no   863 -   863 computed, error is 4.025899e-07 (0.00 s).
Cholesky vectors no   864 -   895 computed, error is 3.754676e-07 (0.03 s).
Cholesky vectors no   896 -   904 computed, error is 2.616592e-07 (0.04 s).
Cholesky vectors no   905 -   919 computed, error is 1.643892e-07 (0.02 s).
Cholesky vectors no   920 -   920 computed, error is 1.496973e-07 (0.00 s).
Cholesky vectors no   921 -   927 computed, error is 9.502356e-08 (0.01 s).
Cholesky decomposition finished in 1.25 s. Realized memory size is 58 Mi 850 ki.
Time use: integrals 13.4 %, linear algebra 86.6 %.
843 shell pairs and 1 nuclei
SAP potential formed in 0.015 s.
Smallest eigenvalue of overlap matrix is 1.00e+00, reciprocal condition number is 1.00e+00.
Using symmetric orthogonalization.
Smallest eigenvalue of overlap matrix is 4.19e-01, reciprocal condition number is 2.65e-01.
Using symmetric orthogonalization.
Smallest eigenvalue of overlap matrix is 7.44e-02, reciprocal condition number is 3.22e-02.
Using symmetric orthogonalization.
Smallest eigenvalue of overlap matrix is 9.47e-03, reciprocal condition number is 3.09e-03.
Using symmetric orthogonalization.
Smallest eigenvalue of overlap matrix is 1.59e-03, reciprocal condition number is 4.19e-04.
Using symmetric orthogonalization.
Smallest eigenvalue of overlap matrix is 6.69e-04, reciprocal condition number is 1.28e-04.
Using symmetric orthogonalization.
Smallest eigenvalue of overlap matrix is 1.59e-03, reciprocal condition number is 4.19e-04.
Using symmetric orthogonalization.
Smallest eigenvalue of overlap matrix is 9.47e-03, reciprocal condition number is 3.09e-03.
Using symmetric orthogonalization.
Smallest eigenvalue of overlap matrix is 7.44e-02, reciprocal condition number is 3.22e-02.
Using symmetric orthogonalization.
Smallest eigenvalue of overlap matrix is 4.19e-01, reciprocal condition number is 2.65e-01.
Using symmetric orthogonalization.
Smallest eigenvalue of overlap matrix is 1.00e+00, reciprocal condition number is 1.00e+00.
Using symmetric orthogonalization.
Nela = 6 Nelb = 5



Solving SCF
Evaluated energy -161.2877345899 (change from lowest -1.612877e+02)


Iteration 1: 1 Fock evaluations energy -161.2877345899 change -1.612877e+02 DIIS error vector rms norm 1.910761e-02
History size 1
alpha m=-1 occupations
   1.0000
alpha m=0 occupations
   1.0000   1.0000   1.0000
alpha m=1 occupations
   1.0000
alpha m=3 occupations
   1.0000
beta m=-1 occupations
   1.0000
beta m=0 occupations
   1.0000   1.0000   1.0000
beta m=1 occupations
   1.0000
EDIIS+DIIS step
Evaluated energy -161.3138995998 (change from lowest -2.616501e-02)
Density matrix difference 1.850096e-02 between lowest-energy and newest entry


Iteration 2: 2 Fock evaluations energy -161.3138995998 change -2.616501e-02 DIIS error vector rms norm 1.817604e-03
History size 2
alpha m=-1 occupations
   1.0000
alpha m=0 occupations
   1.0000   1.0000   1.0000
alpha m=1 occupations
   1.0000
alpha m=3 occupations
   1.0000
beta m=-1 occupations
   1.0000
beta m=0 occupations
   1.0000   1.0000   1.0000
beta m=1 occupations
   1.0000
EDIIS+DIIS step
Evaluated energy -161.3149112432 (change from lowest -1.011643e-03)
Density matrix difference 3.708737e-03 between lowest-energy and newest entry


Iteration 3: 3 Fock evaluations energy -161.3149112432 change -1.011643e-03 DIIS error vector rms norm 6.223380e-04
History size 3
alpha m=-1 occupations
   1.0000
alpha m=0 occupations
   1.0000   1.0000   1.0000
alpha m=1 occupations
   1.0000
alpha m=3 occupations
   1.0000
beta m=-1 occupations
   1.0000
beta m=0 occupations
   1.0000   1.0000   1.0000
beta m=1 occupations
   1.0000
EDIIS+DIIS step
Evaluated energy -161.3150647819 (change from lowest -1.535387e-04)
Density matrix difference 1.060690e-03 between lowest-energy and newest entry


Iteration 4: 4 Fock evaluations energy -161.3150647819 change -1.535387e-04 DIIS error vector rms norm 4.207595e-05
History size 4
alpha m=-1 occupations
   1.0000
alpha m=0 occupations
   1.0000   1.0000   1.0000
alpha m=1 occupations
   1.0000
alpha m=3 occupations
   1.0000
beta m=-1 occupations
   1.0000
beta m=0 occupations
   1.0000   1.0000   1.0000
beta m=1 occupations
   1.0000
DIIS step
Evaluated energy -161.3150659943 (change from lowest -1.212455e-06)
Density matrix difference 2.241411e-04 between lowest-energy and newest entry


Iteration 5: 5 Fock evaluations energy -161.3150659943 change -1.212455e-06 DIIS error vector rms norm 2.574397e-06
History size 5
alpha m=-1 occupations
   1.0000
alpha m=0 occupations
   1.0000   1.0000   1.0000
alpha m=1 occupations
   1.0000
alpha m=3 occupations
   1.0000
beta m=-1 occupations
   1.0000
beta m=0 occupations
   1.0000   1.0000   1.0000
beta m=1 occupations
   1.0000
DIIS step
Evaluated energy -161.3150660134 (change from lowest -1.912071e-08)
Density matrix difference 3.685197e-05 between lowest-energy and newest entry


Iteration 6: 6 Fock evaluations energy -161.3150660134 change -1.912071e-08 DIIS error vector rms norm 5.153126e-07
History size 6
Converged to energy -161.3150660134!

Running program took 1.93 s.
