ERKALE - HF/DFT from Hel, OpenMP version, running on 8 cores.
(c) Susi Lehtola, 2010-2016.

This program is free software; you can redistribute it and/or modify
it under the terms of the GNU General Public License as published by
the Free Software Foundation; either version 2 of the License, or
(at your option) any later version.

Running on host silver.

Current time is Sun 01 Feb 2026 04:05:02.

Current Settings used by ERKALE:
     AtomGuess      	                Auto	Method used for atomic guess (Auto for same as method)
     Basis          	           AHGBSP1-7	Basis set used in calculation
     BasisCutoff    	           1.000e-08	Cutoff for dropping out small primitives from contraction
     BasisOrth      	                Auto	Method of orthonormalization of basis set
     BasisRotate    	               false	Rotate basis set to remove redundant functions?
     Charge         	                   0	Total charge of system
     CholDepThresh  	           1.000e-07	Partial Cholesky decomposition threshold
     Cholesky       	                true	Use Cholesky decomposition?
     CholeskyMode   	                   0	Save/load integrals? 0 no, 1 save, -1 load
     CholeskyNAFThr 	           0.000e+00	Cholesky natural auxiliary function threshold
     CholeskyShThr  	           1.000e-02	Cholesky cache threshold
     CholeskyThr    	           1.000e-07	Cholesky decomposition threshold
     Complexbas     	                true	Use complex basis?
     Confinement    	         0.0 0.0 0.0	Confinement potential V(r) = V_i x_i^2
     ConvThr        	           1.000e-06	Orbital gradient convergence threshold
     DFTBasisThr    	           1.000e-10	Threshold for screening basis functions on grid
     DFTCpars       	                    	Override parameters of correlation functional (expert)
     DFTDelta       	           1.000e+02	Switch to final DFT grid has converged within factor X
     DFTDensityThr  	           1.000e-10	Threshold for screening density on grid
     DFTFinalTol    	           1.000e-05	Tolerance of final DFT grid
     DFTGrid        	             75 -302	DFT integration grid to use: nrad lmax or Auto for adaptive
     DFTInitialTol  	           1.000e-04	Tolerance of initial DFT grid
     DFTLobatto     	               false	Use Lobatto quadrature instead of Lebedev quadrature?
     DFTQuadThresh  	           2.220e-16	Threshold for pruning points with small quadrature weight
     DFTXpars       	                    	Override parameters of exchange functional (expert)
     DIISComb       	               false	Combine alpha and beta errors in unrestricted calcs?
     DIISEps        	           1.000e-01	Start mixing in DIIS when error is
     DIISOrder      	                  10	How many DIIS iterations to keep in memory?
     DIISThr        	           1.000e-02	DIIS error threshold for DIIS updates
     DecFock        	               false	Use decontracted basis to calculate Fock matrix (direct HF)
     Decontract     	                   *	Indices of atoms to decontract basis set for
     DensityFitting 	               false	Use density fitting / RI?
     Direct         	               false	Calculate two-electron integrals (or density fitting) on-the-fly?
     EField         	         0.0 0.0 0.0	Electric field
     ErrorNorm      	                 rms	Error norm to use in the SCF code
     FittingBasis   	                Auto	Basis to use for density fitting / RI (Auto for automatic)
     FittingCholeskyThreshold	           1.000e-08	Linear dependence threshold for pivoted Cholesky of Coulomb integrals in density fitting
     FittingMemory  	                1000	Amount of memory in MB to use for exchange fitting
     FittingThreshold	           1.000e-07	Linear dependence threshold for Coulomb integrals in density fitting
     Guess          	              sapfit	Used guess: SAD (default), SADNO, core, GWH, SAP, or SAPfit
     InitConvThr    	           1.000e-05	Initialization convergence threshold
     InputBohr      	               false	Use atomic units as input units instead of angstrom?
     IntegralThresh 	           1.000e-10	Integral screening threshold
     Kgwh           	           1.750e+00	Scaling constant for GWH
     LinDepThresh   	           1.000e-05	Basis set linear dependency threshold
     LinearB        	           8.000e-02	Magnetic field along bond axis
     LinearFreeze   	               false	If using linear symmetry, freeze symmetry to input guess
     LinearOccupationFile	      ../../P_5.occs	File to read linear occupations from
     LinearOccupations	                  -1	Read in occupations for linear molecule calculations?
     LinearSymmetry 	                true	Do special calculation on linear molecule along z axis
     LoadChk        	                    	Checkpoint file to load from
     Logfile        	          erkale.log	File to print out full information, stdout for screen
     MaxInitIter    	                  50	Maximum number of iterations in the stepwise solutions
     MaxIter        	                 100	Maximum number of iterations in SCF cycle
     Method         	                  HF	Method used in calculation (HF or a DFT functional)
     Multiplicity   	                   6	Spin multiplicity
     NLGrid         	             50 -194	Integration grid to use for nonlocal correlation: nrad lmax
     Occupancies    	                    	Orbital occupancies
     OptLM          	               false	If spherical harmonics used, use cartesian s and p functions?
     PZ             	               false	Perform Perdew-Zunger self-interaction correction?
     PZEthr         	           1.000e-10	Threshold for energy convergence
     PZIthr         	           1.000e-02	Threshold for initialization convergence (not too small!)
     PZNRthr        	           0.000e+00	Threshold for use of NR method in OO optimization
     PZOOthr        	           1.000e-04	Gradient threshold for OO optimization
     PZOVthr        	           1.000e-05	Gradient threshold for OV optimization
     PZimag         	                Auto	Imaginary degrees of freedom in PZ?
     PZiter         	                  20	Max number of iterations in self-consistency iteration
     PZloc          	                Auto	Initial localization before SIC calculation?
     PZlocmet       	                  FB	Initial localization method (recommend FB or IAO)
     PZmode         	                  XC	Apply PZ to the operators (in addition to J): X C D
     PZoo           	                true	Optimize OO block?
     PZov           	                true	Optimize OV block?
     PZprec         	                   1	Precondition OV block? 0: no, 1: unified, 2: orbital
     PZrand         	                true	Apply random rotation in PZ initialization? (Should be true)
     PZscale        	            Constant	Scaling for PZ: Constant, Density or Kinetic
     PZscaleExp     	           1.000e+00	Exponent in the dynamic scaling equation
     PZseed         	                   0	Seed number for randomized matrices?
     PZstab         	                   0	Stability analysis for PZ-SIC? 1 or -1 for OO, 2 or -2 for OO+OV
     PZstabThr      	           1.000e-03	Instability threshold (interpreted as -thr)
     PZw            	           1.000e+00	Weight for Perdew-Zunger self-interaction correction
     Restricted     	               false	Spin restricted?
     SAPBasis       	    helfem_large.gbs	Tabulated atomic effective potential "basis set"
     SAPGrid        	                    	SAP integration grid to use: nrad lmax or leave empty
     SaveChk        	   complex_basis.chk	Checkpoint file to save to
     Shift          	           0.000e+00	Level shift to use in Hartree
     System         	        ../atoms.xyz	System as an xyz file
     TRRHminS       	           9.750e-01	Trust-Region Roothaan-Hall minimal occupied orbital overlap
     UseADIIS       	                true	Use ADIIS for Fock matrix interpolation?
     UseBroyden     	               false	Use Broyden mixing of Fock matrices?
     UseDIIS        	                true	Use Pulay's Direct Inversion in the Iterative Subspace?
     UseLM          	                true	Use a spherical harmonics basis set by default?
     UseTRRH        	               false	Use Trust-Region Roothaan-Hall?
     VV10           	                Auto	Use VV10 non-local correlation?
     VV10Pars       	                    	VV10 parameters: b C
     Verbose        	                true	Verbose calculation?
     Verbosity      	                   5	Verboseness level

Basis set AHGBSP1-7 found in file AHGBSP1-7.gbs in /home/lehtola/programs/erkale/basis/.
Basis set helfem_large.gbs found in file helfem_large.gbs in /home/lehtola/programs/erkale/basis/.
Screening by shell pairs and symmetry reduced dofs by factor 2.00.
Individual screening reduced dofs by a total factor 2.00.
Computing Cholesky vectors. Estimated memory size is 60 Mi - 201 Mi.
Cholesky vectors no     0 -     0 computed, error is 1.489003e+02 (0.03 s).
Cholesky vectors no     1 -     1 computed, error is 4.110827e+01 (0.03 s).
Cholesky vectors no     2 -     2 computed, error is 1.719168e+01 (0.03 s).
Cholesky vectors no     3 -     8 computed, error is 1.575777e+01 (0.14 s).
Cholesky vectors no     9 -     9 computed, error is 9.196731e+00 (0.03 s).
Cholesky vectors no    10 -    12 computed, error is 7.089109e+00 (0.02 s).
Cholesky vectors no    13 -    18 computed, error is 2.534901e+00 (0.00 s).
Cholesky vectors no    19 -    33 computed, error is 2.391498e+00 (0.01 s).
Cholesky vectors no    34 -    36 computed, error is 2.176939e+00 (0.00 s).
Cholesky vectors no    37 -    37 computed, error is 1.462924e+00 (0.00 s).
Cholesky vectors no    38 -    47 computed, error is 1.158334e+00 (0.01 s).
Cholesky vectors no    48 -    53 computed, error is 8.371130e-01 (0.00 s).
Cholesky vectors no    54 -    68 computed, error is 7.568645e-01 (0.01 s).
Cholesky vectors no    69 -    71 computed, error is 7.255993e-01 (0.00 s).
Cholesky vectors no    72 -    86 computed, error is 6.421120e-01 (0.01 s).
Cholesky vectors no    87 -    96 computed, error is 4.342560e-01 (0.01 s).
Cholesky vectors no    97 -    97 computed, error is 3.091078e-01 (0.00 s).
Cholesky vectors no    98 -   107 computed, error is 2.950760e-01 (0.02 s).
Cholesky vectors no   108 -   122 computed, error is 1.510034e-01 (0.01 s).
Cholesky vectors no   123 -   137 computed, error is 1.485294e-01 (0.01 s).
Cholesky vectors no   138 -   147 computed, error is 1.168899e-01 (0.01 s).
Cholesky vectors no   148 -   148 computed, error is 1.042941e-01 (0.00 s).
Cholesky vectors no   149 -   163 computed, error is 9.896455e-02 (0.02 s).
Cholesky vectors no   164 -   166 computed, error is 7.320233e-02 (0.00 s).
Cholesky vectors no   167 -   169 computed, error is 7.058762e-02 (0.00 s).
Cholesky vectors no   170 -   179 computed, error is 6.354294e-02 (0.01 s).
Cholesky vectors no   180 -   185 computed, error is 5.726517e-02 (0.01 s).
Cholesky vectors no   186 -   195 computed, error is 5.198673e-02 (0.01 s).
Cholesky vectors no   196 -   210 computed, error is 4.285131e-02 (0.04 s).
Cholesky vectors no   211 -   225 computed, error is 4.007861e-02 (0.02 s).
Cholesky vectors no   226 -   226 computed, error is 3.944308e-02 (0.00 s).
Cholesky vectors no   227 -   236 computed, error is 3.686907e-02 (0.01 s).
Cholesky vectors no   237 -   251 computed, error is 3.497654e-02 (0.02 s).
Cholesky vectors no   252 -   261 computed, error is 3.229972e-02 (0.01 s).
Cholesky vectors no   262 -   262 computed, error is 1.835396e-02 (0.00 s).
Cholesky vectors no   263 -   277 computed, error is 1.458171e-02 (0.02 s).
Cholesky vectors no   278 -   287 computed, error is 1.372316e-02 (0.01 s).
Cholesky vectors no   288 -   297 computed, error is 1.303432e-02 (0.01 s).
Cholesky vectors no   298 -   312 computed, error is 1.091943e-02 (0.04 s).
Cholesky vectors no   313 -   327 computed, error is 7.665547e-03 (0.13 s).
Cholesky vectors no   328 -   330 computed, error is 7.111121e-03 (0.00 s).
Cholesky vectors no   331 -   340 computed, error is 6.700560e-03 (0.01 s).
Cholesky vectors no   341 -   350 computed, error is 6.487912e-03 (0.01 s).
Cholesky vectors no   351 -   365 computed, error is 5.793182e-03 (0.02 s).
Cholesky vectors no   366 -   375 computed, error is 4.288272e-03 (0.01 s).
Cholesky vectors no   376 -   378 computed, error is 3.785173e-03 (0.00 s).
Cholesky vectors no   379 -   393 computed, error is 3.611064e-03 (0.02 s).
Cholesky vectors no   394 -   400 computed, error is 2.528072e-03 (0.04 s).
Cholesky vectors no   401 -   406 computed, error is 2.365570e-03 (0.02 s).
Cholesky vectors no   407 -   421 computed, error is 1.770649e-03 (0.02 s).
Cholesky vectors no   422 -   431 computed, error is 1.739027e-03 (0.01 s).
Cholesky vectors no   432 -   441 computed, error is 1.336679e-03 (0.01 s).
Cholesky vectors no   442 -   456 computed, error is 1.065762e-03 (0.02 s).
Cholesky vectors no   457 -   466 computed, error is 9.003272e-04 (0.02 s).
Cholesky vectors no   467 -   476 computed, error is 7.826960e-04 (0.02 s).
Cholesky vectors no   477 -   491 computed, error is 7.377212e-04 (0.02 s).
Cholesky vectors no   492 -   492 computed, error is 7.296635e-04 (0.00 s).
Cholesky vectors no   493 -   495 computed, error is 4.893996e-04 (0.01 s).
Cholesky vectors no   496 -   510 computed, error is 4.140745e-04 (0.07 s).
Cholesky vectors no   511 -   513 computed, error is 3.623691e-04 (0.01 s).
Cholesky vectors no   514 -   520 computed, error is 3.318623e-04 (0.01 s).
Cholesky vectors no   521 -   535 computed, error is 2.813417e-04 (0.03 s).
Cholesky vectors no   536 -   545 computed, error is 1.908290e-04 (0.02 s).
Cholesky vectors no   546 -   548 computed, error is 1.452000e-04 (0.01 s).
Cholesky vectors no   549 -   549 computed, error is 9.987661e-05 (0.00 s).
Cholesky vectors no   550 -   559 computed, error is 9.587026e-05 (0.02 s).
Cholesky vectors no   560 -   574 computed, error is 7.607510e-05 (0.03 s).
Cholesky vectors no   575 -   580 computed, error is 6.998189e-05 (0.01 s).
Cholesky vectors no   581 -   590 computed, error is 6.418496e-05 (0.02 s).
Cholesky vectors no   591 -   591 computed, error is 4.202703e-05 (0.00 s).
Cholesky vectors no   592 -   601 computed, error is 3.166562e-05 (0.06 s).
Cholesky vectors no   602 -   616 computed, error is 2.668236e-05 (0.04 s).
Cholesky vectors no   617 -   619 computed, error is 2.279891e-05 (0.01 s).
Cholesky vectors no   620 -   629 computed, error is 2.278236e-05 (0.02 s).
Cholesky vectors no   630 -   644 computed, error is 1.862572e-05 (0.03 s).
Cholesky vectors no   645 -   654 computed, error is 1.341914e-05 (0.02 s).
Cholesky vectors no   655 -   657 computed, error is 1.170162e-05 (0.01 s).
Cholesky vectors no   658 -   658 computed, error is 1.113036e-05 (0.00 s).
Cholesky vectors no   659 -   673 computed, error is 6.491516e-06 (0.03 s).
Cholesky vectors no   674 -   679 computed, error is 6.273670e-06 (0.01 s).
Cholesky vectors no   680 -   694 computed, error is 5.117941e-06 (0.03 s).
Cholesky vectors no   695 -   704 computed, error is 3.909390e-06 (0.07 s).
Cholesky vectors no   705 -   719 computed, error is 3.631703e-06 (0.05 s).
Cholesky vectors no   720 -   734 computed, error is 2.799807e-06 (0.04 s).
Cholesky vectors no   735 -   744 computed, error is 2.731642e-06 (0.02 s).
Cholesky vectors no   745 -   745 computed, error is 2.639158e-06 (0.00 s).
Cholesky vectors no   746 -   755 computed, error is 1.557276e-06 (0.02 s).
Cholesky vectors no   756 -   760 computed, error is 1.333660e-06 (0.02 s).
Cholesky vectors no   761 -   775 computed, error is 1.100475e-06 (0.08 s).
Cholesky vectors no   776 -   785 computed, error is 1.062408e-06 (0.05 s).
Cholesky vectors no   786 -   786 computed, error is 8.101844e-07 (0.00 s).
Cholesky vectors no   787 -   789 computed, error is 7.828872e-07 (0.01 s).
Cholesky vectors no   790 -   804 computed, error is 7.293667e-07 (0.13 s).
Cholesky vectors no   805 -   819 computed, error is 6.124369e-07 (0.07 s).
Cholesky vectors no   820 -   829 computed, error is 4.851079e-07 (0.04 s).
Cholesky vectors no   830 -   830 computed, error is 4.234348e-07 (0.00 s).
Cholesky vectors no   831 -   845 computed, error is 2.964294e-07 (0.05 s).
Cholesky vectors no   846 -   851 computed, error is 2.483074e-07 (0.02 s).
Cholesky vectors no   852 -   861 computed, error is 1.761265e-07 (0.03 s).
Cholesky vectors no   862 -   871 computed, error is 1.462286e-07 (0.03 s).
Cholesky vectors no   872 -   881 computed, error is 1.407052e-07 (0.03 s).
Cholesky vectors no   882 -   896 computed, error is 1.146174e-07 (0.05 s).
Cholesky vectors no   897 -   901 computed, error is 9.208290e-08 (0.08 s).
Cholesky decomposition finished in 2.88 s. Realized memory size is 115 Mi 599 ki.
Time use: integrals 13.8 %, linear algebra 86.2 %.
1938 shell pairs and 1 nuclei
SAP potential formed in 0.004 s.
Smallest eigenvalue of overlap matrix is 2.27e-03, reciprocal condition number is 5.68e-04.
Using symmetric orthogonalization.
Smallest eigenvalue of overlap matrix is 1.27e-03, reciprocal condition number is 2.82e-04.
Using symmetric orthogonalization.
Smallest eigenvalue of overlap matrix is 5.07e-04, reciprocal condition number is 8.92e-05.
Using symmetric orthogonalization.
Smallest eigenvalue of overlap matrix is 1.27e-03, reciprocal condition number is 2.82e-04.
Using symmetric orthogonalization.
Smallest eigenvalue of overlap matrix is 2.27e-03, reciprocal condition number is 5.68e-04.
Using symmetric orthogonalization.
Nela = 10 Nelb = 5



Solving SCF
Evaluated energy -338.7144316525 (change from lowest -3.387144e+02)


Iteration 1: 1 Fock evaluations energy -338.7144316525 change -3.387144e+02 DIIS error vector rms norm 1.735118e-02
History size 1
alpha m=-1 occupations
   1.0000   1.0000
alpha m=0 occupations
   1.0000   1.0000   1.0000   1.0000   1.0000
alpha m=1 occupations
   1.0000   1.0000
alpha m=2 occupations
   1.0000
beta m=-1 occupations
   1.0000
beta m=0 occupations
   1.0000   1.0000   1.0000
beta m=1 occupations
   1.0000
EDIIS+DIIS step
Evaluated energy -340.3604465876 (change from lowest -1.646015e+00)
Density matrix difference 9.848694e-02 between lowest-energy and newest entry


Iteration 2: 2 Fock evaluations energy -340.3604465876 change -1.646015e+00 DIIS error vector rms norm 1.634356e-03
History size 2
alpha m=-1 occupations
   1.0000   1.0000
alpha m=0 occupations
   1.0000   1.0000   1.0000   1.0000   1.0000
alpha m=1 occupations
   1.0000   1.0000
alpha m=2 occupations
   1.0000
beta m=-1 occupations
   1.0000
beta m=0 occupations
   1.0000   1.0000   1.0000
beta m=1 occupations
   1.0000
EDIIS+DIIS step
Evaluated energy -340.3679426297 (change from lowest -7.496042e-03)
Density matrix difference 1.040505e-02 between lowest-energy and newest entry


Iteration 3: 3 Fock evaluations energy -340.3679426297 change -7.496042e-03 DIIS error vector rms norm 4.540824e-04
History size 3
alpha m=-1 occupations
   1.0000   1.0000
alpha m=0 occupations
   1.0000   1.0000   1.0000   1.0000   1.0000
alpha m=1 occupations
   1.0000   1.0000
alpha m=2 occupations
   1.0000
beta m=-1 occupations
   1.0000
beta m=0 occupations
   1.0000   1.0000   1.0000
beta m=1 occupations
   1.0000
EDIIS+DIIS step
Evaluated energy -340.3687242046 (change from lowest -7.815749e-04)
Density matrix difference 3.083908e-03 between lowest-energy and newest entry


Iteration 4: 4 Fock evaluations energy -340.3687242046 change -7.815749e-04 DIIS error vector rms norm 1.119608e-04
History size 4
alpha m=-1 occupations
   1.0000   1.0000
alpha m=0 occupations
   1.0000   1.0000   1.0000   1.0000   1.0000
alpha m=1 occupations
   1.0000   1.0000
alpha m=2 occupations
   1.0000
beta m=-1 occupations
   1.0000
beta m=0 occupations
   1.0000   1.0000   1.0000
beta m=1 occupations
   1.0000
EDIIS+DIIS step
Evaluated energy -340.3691152245 (change from lowest -3.910199e-04)
Density matrix difference 2.629173e-03 between lowest-energy and newest entry


Iteration 5: 5 Fock evaluations energy -340.3691152245 change -3.910199e-04 DIIS error vector rms norm 6.667355e-05
History size 5
alpha m=-1 occupations
   1.0000   1.0000
alpha m=0 occupations
   1.0000   1.0000   1.0000   1.0000   1.0000
alpha m=1 occupations
   1.0000   1.0000
alpha m=2 occupations
   1.0000
beta m=-1 occupations
   1.0000
beta m=0 occupations
   1.0000   1.0000   1.0000
beta m=1 occupations
   1.0000
DIIS step
Evaluated energy -340.3693171734 (change from lowest -2.019489e-04)
Density matrix difference 2.913525e-03 between lowest-energy and newest entry


Iteration 6: 6 Fock evaluations energy -340.3693171734 change -2.019489e-04 DIIS error vector rms norm 1.890203e-05
History size 6
alpha m=-1 occupations
   1.0000   1.0000
alpha m=0 occupations
   1.0000   1.0000   1.0000   1.0000   1.0000
alpha m=1 occupations
   1.0000   1.0000
alpha m=2 occupations
   1.0000
beta m=-1 occupations
   1.0000
beta m=0 occupations
   1.0000   1.0000   1.0000
beta m=1 occupations
   1.0000
DIIS step
Evaluated energy -340.3693343436 (change from lowest -1.717021e-05)
Density matrix difference 9.879499e-04 between lowest-energy and newest entry


Iteration 7: 7 Fock evaluations energy -340.3693343436 change -1.717021e-05 DIIS error vector rms norm 3.973021e-06
History size 7
alpha m=-1 occupations
   1.0000   1.0000
alpha m=0 occupations
   1.0000   1.0000   1.0000   1.0000   1.0000
alpha m=1 occupations
   1.0000   1.0000
alpha m=2 occupations
   1.0000
beta m=-1 occupations
   1.0000
beta m=0 occupations
   1.0000   1.0000   1.0000
beta m=1 occupations
   1.0000
DIIS step
Evaluated energy -340.3693349200 (change from lowest -5.763354e-07)
Density matrix difference 1.715415e-04 between lowest-energy and newest entry


Iteration 8: 8 Fock evaluations energy -340.3693349200 change -5.763354e-07 DIIS error vector rms norm 8.756420e-07
History size 8
Converged to energy -340.3693349200!

Running program took 55.18 s.
