ERKALE - HF/DFT from Hel, OpenMP version, running on 8 cores.
(c) Susi Lehtola, 2010-2016.

This program is free software; you can redistribute it and/or modify
it under the terms of the GNU General Public License as published by
the Free Software Foundation; either version 2 of the License, or
(at your option) any later version.

Running on host silver.

Current time is Mon 16 Mar 2026 15:29:01.

Current Settings used by ERKALE:
     AtomGuess      	                Auto	Method used for atomic guess (Auto for same as method)
     Basis          	             cc-pVTZ	Basis set used in calculation
     BasisCutoff    	           1.000e-08	Cutoff for dropping out small primitives from contraction
     BasisOrth      	                Auto	Method of orthonormalization of basis set
     BasisRotate    	               false	Rotate basis set to remove redundant functions?
     Charge         	                   0	Total charge of system
     CholDepThresh  	           1.000e-07	Partial Cholesky decomposition threshold
     Cholesky       	                true	Use Cholesky decomposition?
     CholeskyMode   	                   0	Save/load integrals? 0 no, 1 save, -1 load
     CholeskyNAFThr 	           0.000e+00	Cholesky natural auxiliary function threshold
     CholeskyShThr  	           1.000e-02	Cholesky cache threshold
     CholeskyThr    	           1.000e-07	Cholesky decomposition threshold
     Complexbas     	                true	Use complex basis?
     Confinement    	         0.0 0.0 0.0	Confinement potential V(r) = V_i x_i^2
     ConvThr        	           1.000e-06	Orbital gradient convergence threshold
     DFTBasisThr    	           1.000e-10	Threshold for screening basis functions on grid
     DFTCpars       	                    	Override parameters of correlation functional (expert)
     DFTDelta       	           1.000e+02	Switch to final DFT grid has converged within factor X
     DFTDensityThr  	           1.000e-10	Threshold for screening density on grid
     DFTFinalTol    	           1.000e-05	Tolerance of final DFT grid
     DFTGrid        	             75 -302	DFT integration grid to use: nrad lmax or Auto for adaptive
     DFTInitialTol  	           1.000e-04	Tolerance of initial DFT grid
     DFTLobatto     	               false	Use Lobatto quadrature instead of Lebedev quadrature?
     DFTQuadThresh  	           2.220e-16	Threshold for pruning points with small quadrature weight
     DFTXpars       	                    	Override parameters of exchange functional (expert)
     DIISComb       	               false	Combine alpha and beta errors in unrestricted calcs?
     DIISEps        	           1.000e-01	Start mixing in DIIS when error is
     DIISOrder      	                  10	How many DIIS iterations to keep in memory?
     DIISThr        	           1.000e-02	DIIS error threshold for DIIS updates
     DecFock        	               false	Use decontracted basis to calculate Fock matrix (direct HF)
     Decontract     	                   *	Indices of atoms to decontract basis set for
     DensityFitting 	               false	Use density fitting / RI?
     Direct         	               false	Calculate two-electron integrals (or density fitting) on-the-fly?
     EField         	         0.0 0.0 0.0	Electric field
     ErrorNorm      	                 rms	Error norm to use in the SCF code
     FittingBasis   	                Auto	Basis to use for density fitting / RI (Auto for automatic)
     FittingCholeskyThreshold	           1.000e-08	Linear dependence threshold for pivoted Cholesky of Coulomb integrals in density fitting
     FittingMemory  	                1000	Amount of memory in MB to use for exchange fitting
     FittingThreshold	           1.000e-07	Linear dependence threshold for Coulomb integrals in density fitting
     Guess          	                core	Used guess: SAD (default), SADNO, core, GWH, SAP, or SAPfit
     InitConvThr    	           1.000e-05	Initialization convergence threshold
     InputBohr      	               false	Use atomic units as input units instead of angstrom?
     IntegralThresh 	           1.000e-10	Integral screening threshold
     Kgwh           	           1.750e+00	Scaling constant for GWH
     LinDepThresh   	           1.000e-05	Basis set linear dependency threshold
     LinearB        	           8.000e-02	Magnetic field along bond axis
     LinearFreeze   	               false	If using linear symmetry, freeze symmetry to input guess
     LinearOccupationFile	      ../../P_8.occs	File to read linear occupations from
     LinearOccupations	                  -1	Read in occupations for linear molecule calculations?
     LinearSymmetry 	                true	Do special calculation on linear molecule along z axis
     LoadChk        	                    	Checkpoint file to load from
     Logfile        	          erkale.log	File to print out full information, stdout for screen
     MaxInitIter    	                 100	Maximum number of iterations in the stepwise solutions
     MaxIter        	                 100	Maximum number of iterations in SCF cycle
     Method         	                  HF	Method used in calculation (HF or a DFT functional)
     Multiplicity   	                   6	Spin multiplicity
     NLGrid         	             50 -194	Integration grid to use for nonlocal correlation: nrad lmax
     Occupancies    	                    	Orbital occupancies
     OptLM          	               false	If spherical harmonics used, use cartesian s and p functions?
     PZ             	               false	Perform Perdew-Zunger self-interaction correction?
     PZEthr         	           1.000e-10	Threshold for energy convergence
     PZIthr         	           1.000e-02	Threshold for initialization convergence (not too small!)
     PZNRthr        	           0.000e+00	Threshold for use of NR method in OO optimization
     PZOOthr        	           1.000e-04	Gradient threshold for OO optimization
     PZOVthr        	           1.000e-05	Gradient threshold for OV optimization
     PZimag         	                Auto	Imaginary degrees of freedom in PZ?
     PZiter         	                  20	Max number of iterations in self-consistency iteration
     PZloc          	                Auto	Initial localization before SIC calculation?
     PZlocmet       	                  FB	Initial localization method (recommend FB or IAO)
     PZmode         	                  XC	Apply PZ to the operators (in addition to J): X C D
     PZoo           	                true	Optimize OO block?
     PZov           	                true	Optimize OV block?
     PZprec         	                   1	Precondition OV block? 0: no, 1: unified, 2: orbital
     PZrand         	                true	Apply random rotation in PZ initialization? (Should be true)
     PZscale        	            Constant	Scaling for PZ: Constant, Density or Kinetic
     PZscaleExp     	           1.000e+00	Exponent in the dynamic scaling equation
     PZseed         	                   0	Seed number for randomized matrices?
     PZstab         	                   0	Stability analysis for PZ-SIC? 1 or -1 for OO, 2 or -2 for OO+OV
     PZstabThr      	           1.000e-03	Instability threshold (interpreted as -thr)
     PZw            	           1.000e+00	Weight for Perdew-Zunger self-interaction correction
     Restricted     	               false	Spin restricted?
     SAPBasis       	    helfem_large.gbs	Tabulated atomic effective potential "basis set"
     SAPGrid        	                    	SAP integration grid to use: nrad lmax or leave empty
     SaveChk        	   complex_basis.chk	Checkpoint file to save to
     Shift          	           0.000e+00	Level shift to use in Hartree
     System         	        ../atoms.xyz	System as an xyz file
     TRRHminS       	           9.750e-01	Trust-Region Roothaan-Hall minimal occupied orbital overlap
     UseADIIS       	                true	Use ADIIS for Fock matrix interpolation?
     UseBroyden     	               false	Use Broyden mixing of Fock matrices?
     UseDIIS        	                true	Use Pulay's Direct Inversion in the Iterative Subspace?
     UseLM          	                true	Use a spherical harmonics basis set by default?
     UseTRRH        	               false	Use Trust-Region Roothaan-Hall?
     VV10           	                Auto	Use VV10 non-local correlation?
     VV10Pars       	                    	VV10 parameters: b C
     Verbose        	                true	Verbose calculation?
     Verbosity      	                   5	Verboseness level

Basis set cc-pVTZ found in file cc-pVTZ.gbs in /home/lehtola/programs/erkale/basis/.
Basis set helfem_large.gbs found in file helfem_large.gbs in /home/lehtola/programs/erkale/basis/.
Screening by shell pairs and symmetry reduced dofs by factor 1.97.
Individual screening reduced dofs by a total factor 1.97.
Computing Cholesky vectors. Estimated memory size is 2 Mi - 7 Mi.
Cholesky vectors no     0 -     0 computed, error is 7.976316e+01 (0.00 s).
Cholesky vectors no     1 -     1 computed, error is 2.942419e+01 (0.00 s).
Cholesky vectors no     2 -     2 computed, error is 1.096516e+01 (0.00 s).
Cholesky vectors no     3 -     8 computed, error is 4.373707e+00 (0.00 s).
Cholesky vectors no     9 -    11 computed, error is 3.846790e+00 (0.00 s).
Cholesky vectors no    12 -    12 computed, error is 3.307355e+00 (0.00 s).
Cholesky vectors no    13 -    18 computed, error is 1.129529e+00 (0.00 s).
Cholesky vectors no    19 -    21 computed, error is 9.431168e-01 (0.00 s).
Cholesky vectors no    22 -    27 computed, error is 8.957803e-01 (0.00 s).
Cholesky vectors no    28 -    28 computed, error is 8.308511e-01 (0.00 s).
Cholesky vectors no    29 -    34 computed, error is 4.979205e-01 (0.00 s).
Cholesky vectors no    35 -    37 computed, error is 4.043803e-01 (0.00 s).
Cholesky vectors no    38 -    38 computed, error is 3.661727e-01 (0.00 s).
Cholesky vectors no    39 -    53 computed, error is 3.375749e-01 (0.00 s).
Cholesky vectors no    54 -    56 computed, error is 1.787218e-01 (0.00 s).
Cholesky vectors no    57 -    59 computed, error is 9.591693e-02 (0.00 s).
Cholesky vectors no    60 -    65 computed, error is 9.441967e-02 (0.00 s).
Cholesky vectors no    66 -    71 computed, error is 8.655755e-02 (0.00 s).
Cholesky vectors no    72 -    81 computed, error is 6.256723e-02 (0.00 s).
Cholesky vectors no    82 -    84 computed, error is 5.683278e-02 (0.00 s).
Cholesky vectors no    85 -    90 computed, error is 5.281799e-02 (0.00 s).
Cholesky vectors no    91 -    91 computed, error is 3.733287e-02 (0.00 s).
Cholesky vectors no    92 -    94 computed, error is 2.914698e-02 (0.00 s).
Cholesky vectors no    95 -   104 computed, error is 2.222599e-02 (0.00 s).
Cholesky vectors no   105 -   132 computed, error is 2.195216e-02 (0.00 s).
Cholesky vectors no   133 -   138 computed, error is 1.699787e-02 (0.00 s).
Cholesky vectors no   139 -   141 computed, error is 1.042103e-02 (0.00 s).
Cholesky vectors no   142 -   144 computed, error is 9.564559e-03 (0.00 s).
Cholesky vectors no   145 -   165 computed, error is 5.269165e-03 (0.00 s).
Cholesky vectors no   166 -   166 computed, error is 4.075997e-03 (0.00 s).
Cholesky vectors no   167 -   176 computed, error is 3.805703e-03 (0.00 s).
Cholesky vectors no   177 -   179 computed, error is 2.985682e-03 (0.00 s).
Cholesky vectors no   180 -   194 computed, error is 2.556619e-03 (0.00 s).
Cholesky vectors no   195 -   214 computed, error is 2.514333e-03 (0.01 s).
Cholesky vectors no   215 -   220 computed, error is 1.917920e-03 (0.00 s).
Cholesky vectors no   221 -   223 computed, error is 1.598860e-03 (0.00 s).
Cholesky vectors no   224 -   229 computed, error is 5.993932e-04 (0.00 s).
Cholesky vectors no   230 -   230 computed, error is 3.597744e-04 (0.00 s).
Cholesky vectors no   231 -   236 computed, error is 3.338311e-04 (0.00 s).
Cholesky vectors no   237 -   239 computed, error is 2.019657e-04 (0.00 s).
Cholesky vectors no   240 -   246 computed, error is 1.312180e-04 (0.00 s).
Cholesky vectors no   247 -   255 computed, error is 1.177102e-04 (0.00 s).
Cholesky vectors no   256 -   256 computed, error is 1.034830e-04 (0.00 s).
Cholesky vectors no   257 -   259 computed, error is 1.032491e-04 (0.00 s).
Cholesky vectors no   260 -   265 computed, error is 7.535808e-05 (0.00 s).
Cholesky vectors no   266 -   268 computed, error is 6.917242e-05 (0.00 s).
Cholesky vectors no   269 -   269 computed, error is 4.602367e-05 (0.00 s).
Cholesky vectors no   270 -   270 computed, error is 3.724125e-05 (0.00 s).
Cholesky vectors no   271 -   273 computed, error is 2.814476e-05 (0.00 s).
Cholesky vectors no   274 -   280 computed, error is 2.458346e-05 (0.00 s).
Cholesky vectors no   281 -   283 computed, error is 1.758105e-05 (0.00 s).
Cholesky vectors no   284 -   289 computed, error is 1.271383e-05 (0.00 s).
Cholesky vectors no   290 -   290 computed, error is 9.717386e-06 (0.00 s).
Cholesky vectors no   291 -   299 computed, error is 7.673180e-06 (0.00 s).
Cholesky vectors no   300 -   313 computed, error is 5.748387e-06 (0.00 s).
Cholesky vectors no   314 -   314 computed, error is 4.541314e-06 (0.00 s).
Cholesky vectors no   315 -   320 computed, error is 2.722692e-06 (0.00 s).
Cholesky vectors no   321 -   326 computed, error is 2.597206e-06 (0.00 s).
Cholesky vectors no   327 -   329 computed, error is 2.341364e-06 (0.00 s).
Cholesky vectors no   330 -   336 computed, error is 2.141215e-06 (0.00 s).
Cholesky vectors no   337 -   339 computed, error is 8.850882e-07 (0.00 s).
Cholesky vectors no   340 -   349 computed, error is 8.608995e-07 (0.00 s).
Cholesky vectors no   350 -   352 computed, error is 6.774674e-07 (0.00 s).
Cholesky vectors no   353 -   353 computed, error is 4.013159e-07 (0.00 s).
Cholesky vectors no   354 -   362 computed, error is 3.294017e-07 (0.00 s).
Cholesky vectors no   363 -   377 computed, error is 3.202730e-07 (0.00 s).
Cholesky vectors no   378 -   380 computed, error is 3.140476e-07 (0.00 s).
Cholesky vectors no   381 -   381 computed, error is 1.161379e-07 (0.00 s).
Cholesky vectors no   382 -   387 computed, error is 1.128042e-07 (0.00 s).
Cholesky vectors no   388 -   394 computed, error is 1.108488e-07 (0.00 s).
Cholesky vectors no   395 -   401 computed, error is 1.087054e-07 (0.00 s).
Cholesky vectors no   402 -   404 computed, error is 3.319856e-08 (0.00 s).
Cholesky decomposition finished in 0.07 s. Realized memory size is 6 Mi 742 ki.
Time use: integrals 15.0 %, linear algebra 85.0 %.
377 shell pairs and 1 nuclei
SAP potential formed in 0.001 s.
Smallest eigenvalue of overlap matrix is 1.00e+00, reciprocal condition number is 1.00e+00.
Using symmetric orthogonalization.
Smallest eigenvalue of overlap matrix is 3.99e-01, reciprocal condition number is 2.49e-01.
Using symmetric orthogonalization.
Smallest eigenvalue of overlap matrix is 2.11e-02, reciprocal condition number is 6.64e-03.
Using symmetric orthogonalization.
Smallest eigenvalue of overlap matrix is 1.98e-03, reciprocal condition number is 4.22e-04.
Using symmetric orthogonalization.
Smallest eigenvalue of overlap matrix is 2.11e-02, reciprocal condition number is 6.64e-03.
Using symmetric orthogonalization.
Smallest eigenvalue of overlap matrix is 3.99e-01, reciprocal condition number is 2.49e-01.
Using symmetric orthogonalization.
Smallest eigenvalue of overlap matrix is 1.00e+00, reciprocal condition number is 1.00e+00.
Using symmetric orthogonalization.
Nela = 10 Nelb = 5



Solving SCF
Evaluated energy -310.1251814485 (change from lowest -3.101252e+02)


Iteration 1: 1 Fock evaluations energy -310.1251814485 change -3.101252e+02 DIIS error vector rms norm 6.880359e-01
History size 1
alpha m=-1 occupations
   1.0000
alpha m=0 occupations
   1.0000   1.0000   1.0000   1.0000   1.0000   1.0000
alpha m=1 occupations
   1.0000   1.0000
alpha m=2 occupations
   1.0000
beta m=-1 occupations
   1.0000
beta m=0 occupations
   1.0000   1.0000   1.0000
beta m=1 occupations
   1.0000
EDIIS step
Evaluated energy -334.6628865278 (change from lowest -2.453771e+01)
Density matrix difference 8.328044e-01 between lowest-energy and newest entry


Iteration 2: 2 Fock evaluations energy -334.6628865278 change -2.453771e+01 DIIS error vector rms norm 2.156938e-01
History size 2
alpha m=-1 occupations
   1.0000
alpha m=0 occupations
   1.0000   1.0000   1.0000   1.0000   1.0000   1.0000
alpha m=1 occupations
   1.0000   1.0000
alpha m=2 occupations
   1.0000
beta m=-1 occupations
   1.0000
beta m=0 occupations
   1.0000   1.0000   1.0000
beta m=1 occupations
   1.0000
EDIIS step
Evaluated energy -339.6462538620 (change from lowest -4.983367e+00)
Density matrix difference 3.490676e-01 between lowest-energy and newest entry


Iteration 3: 3 Fock evaluations energy -339.6462538620 change -4.983367e+00 DIIS error vector rms norm 7.080972e-02
History size 3
alpha m=-1 occupations
   1.0000
alpha m=0 occupations
   1.0000   1.0000   1.0000   1.0000   1.0000   1.0000
alpha m=1 occupations
   1.0000   1.0000
alpha m=2 occupations
   1.0000
beta m=-1 occupations
   1.0000
beta m=0 occupations
   1.0000   1.0000   1.0000
beta m=1 occupations
   1.0000
EDIIS+DIIS step
Evaluated energy -340.0046725559 (change from lowest -3.584187e-01)
Density matrix difference 8.477204e-02 between lowest-energy and newest entry


Iteration 4: 4 Fock evaluations energy -340.0046725559 change -3.584187e-01 DIIS error vector rms norm 1.025457e-02
History size 4
alpha m=-1 occupations
   1.0000
alpha m=0 occupations
   1.0000   1.0000   1.0000   1.0000   1.0000   1.0000
alpha m=1 occupations
   1.0000   1.0000
alpha m=2 occupations
   1.0000
beta m=-1 occupations
   1.0000
beta m=0 occupations
   1.0000   1.0000   1.0000
beta m=1 occupations
   1.0000
EDIIS+DIIS step
Evaluated energy -340.0118688456 (change from lowest -7.196290e-03)
Density matrix difference 1.008906e-02 between lowest-energy and newest entry


Iteration 5: 5 Fock evaluations energy -340.0118688456 change -7.196290e-03 DIIS error vector rms norm 5.308982e-04
History size 5
alpha m=-1 occupations
   1.0000
alpha m=0 occupations
   1.0000   1.0000   1.0000   1.0000   1.0000   1.0000
alpha m=1 occupations
   1.0000   1.0000
alpha m=2 occupations
   1.0000
beta m=-1 occupations
   1.0000
beta m=0 occupations
   1.0000   1.0000   1.0000
beta m=1 occupations
   1.0000
EDIIS+DIIS step
Evaluated energy -340.0119557286 (change from lowest -8.688305e-05)
Density matrix difference 1.498026e-03 between lowest-energy and newest entry


Iteration 6: 6 Fock evaluations energy -340.0119557286 change -8.688305e-05 DIIS error vector rms norm 9.016456e-05
History size 6
alpha m=-1 occupations
   1.0000
alpha m=0 occupations
   1.0000   1.0000   1.0000   1.0000   1.0000   1.0000
alpha m=1 occupations
   1.0000   1.0000
alpha m=2 occupations
   1.0000
beta m=-1 occupations
   1.0000
beta m=0 occupations
   1.0000   1.0000   1.0000
beta m=1 occupations
   1.0000
DIIS step
Evaluated energy -340.0119767936 (change from lowest -2.106495e-05)
Density matrix difference 5.339375e-04 between lowest-energy and newest entry


Iteration 7: 7 Fock evaluations energy -340.0119767936 change -2.106495e-05 DIIS error vector rms norm 5.651801e-05
History size 7
alpha m=-1 occupations
   1.0000
alpha m=0 occupations
   1.0000   1.0000   1.0000   1.0000   1.0000   1.0000
alpha m=1 occupations
   1.0000   1.0000
alpha m=2 occupations
   1.0000
beta m=-1 occupations
   1.0000
beta m=0 occupations
   1.0000   1.0000   1.0000
beta m=1 occupations
   1.0000
DIIS step
Evaluated energy -340.0119980416 (change from lowest -2.124804e-05)
Density matrix difference 4.028044e-04 between lowest-energy and newest entry


Iteration 8: 8 Fock evaluations energy -340.0119980416 change -2.124804e-05 DIIS error vector rms norm 5.590783e-05
History size 8
alpha m=-1 occupations
   1.0000
alpha m=0 occupations
   1.0000   1.0000   1.0000   1.0000   1.0000   1.0000
alpha m=1 occupations
   1.0000   1.0000
alpha m=2 occupations
   1.0000
beta m=-1 occupations
   1.0000
beta m=0 occupations
   1.0000   1.0000   1.0000
beta m=1 occupations
   1.0000
DIIS step
Evaluated energy -340.0120043533 (change from lowest -6.311716e-06)
Density matrix difference 1.205372e-04 between lowest-energy and newest entry


Iteration 9: 9 Fock evaluations energy -340.0120043533 change -6.311716e-06 DIIS error vector rms norm 5.639484e-05
History size 9
alpha m=-1 occupations
   1.0000
alpha m=0 occupations
   1.0000   1.0000   1.0000   1.0000   1.0000   1.0000
alpha m=1 occupations
   1.0000   1.0000
alpha m=2 occupations
   1.0000
beta m=-1 occupations
   1.0000
beta m=0 occupations
   1.0000   1.0000   1.0000
beta m=1 occupations
   1.0000
DIIS step
Evaluated energy -340.0120038019 (change from lowest 5.513915e-07)
Density matrix difference 1.053126e-05 between lowest-energy and newest entry


Iteration 10: 10 Fock evaluations energy -340.0120043533 change  0.000000e+00 DIIS error vector rms norm 5.639484e-05
History size 8
alpha m=-1 occupations
   1.0000
alpha m=0 occupations
   1.0000   1.0000   1.0000   1.0000   1.0000   1.0000
alpha m=1 occupations
   1.0000   1.0000
alpha m=2 occupations
   1.0000
beta m=-1 occupations
   1.0000
beta m=0 occupations
   1.0000   1.0000   1.0000
beta m=1 occupations
   1.0000
DIIS step
Evaluated energy -340.0120037555 (change from lowest 5.978440e-07)
Density matrix difference 1.141841e-05 between lowest-energy and newest entry


Iteration 11: 11 Fock evaluations energy -340.0120043533 change  0.000000e+00 DIIS error vector rms norm 5.639484e-05
History size 9
alpha m=-1 occupations
   1.0000
alpha m=0 occupations
   1.0000   1.0000   1.0000   1.0000   1.0000   1.0000
alpha m=1 occupations
   1.0000   1.0000
alpha m=2 occupations
   1.0000
beta m=-1 occupations
   1.0000
beta m=0 occupations
   1.0000   1.0000   1.0000
beta m=1 occupations
   1.0000
DIIS step
Evaluated energy -340.0120037409 (change from lowest 6.124380e-07)
Density matrix difference 1.169712e-05 between lowest-energy and newest entry


Iteration 12: 12 Fock evaluations energy -340.0120043533 change  0.000000e+00 DIIS error vector rms norm 5.639484e-05
History size 10
alpha m=-1 occupations
   1.0000
alpha m=0 occupations
   1.0000   1.0000   1.0000   1.0000   1.0000   1.0000
alpha m=1 occupations
   1.0000   1.0000
alpha m=2 occupations
   1.0000
beta m=-1 occupations
   1.0000
beta m=0 occupations
   1.0000   1.0000   1.0000
beta m=1 occupations
   1.0000
DIIS step
Evaluated energy -340.0120037344 (change from lowest 6.189154e-07)
Density matrix difference 1.182083e-05 between lowest-energy and newest entry


Iteration 13: 13 Fock evaluations energy -340.0120043533 change  0.000000e+00 DIIS error vector rms norm 5.639484e-05
History size 10
alpha m=-1 occupations
   1.0000
alpha m=0 occupations
   1.0000   1.0000   1.0000   1.0000   1.0000   1.0000
alpha m=1 occupations
   1.0000   1.0000
alpha m=2 occupations
   1.0000
beta m=-1 occupations
   1.0000
beta m=0 occupations
   1.0000   1.0000   1.0000
beta m=1 occupations
   1.0000
DIIS step
Evaluated energy -340.0120037309 (change from lowest 6.223617e-07)
Density matrix difference 1.188662e-05 between lowest-energy and newest entry


Iteration 14: 14 Fock evaluations energy -340.0120043533 change  0.000000e+00 DIIS error vector rms norm 5.639484e-05
History size 10
alpha m=-1 occupations
   1.0000
alpha m=0 occupations
   1.0000   1.0000   1.0000   1.0000   1.0000   1.0000
alpha m=1 occupations
   1.0000   1.0000
alpha m=2 occupations
   1.0000
beta m=-1 occupations
   1.0000
beta m=0 occupations
   1.0000   1.0000   1.0000
beta m=1 occupations
   1.0000
Switching to optimal damping for next iterations
DIIS step
Evaluated energy -340.0120037289 (change from lowest 6.244134e-07)
Density matrix difference 1.192581e-05 between lowest-energy and newest entry


Iteration 15: 15 Fock evaluations energy -340.0120043533 change  0.000000e+00 DIIS error vector rms norm 5.639484e-05
History size 10
alpha m=-1 occupations
   1.0000
alpha m=0 occupations
   1.0000   1.0000   1.0000   1.0000   1.0000   1.0000
alpha m=1 occupations
   1.0000   1.0000
alpha m=2 occupations
   1.0000
beta m=-1 occupations
   1.0000
beta m=0 occupations
   1.0000   1.0000   1.0000
beta m=1 occupations
   1.0000
Switching to optimal damping for next iterations
DIIS step
Evaluated energy -340.0120112720 (change from lowest -6.918650e-06)
Density matrix difference 1.438192e-04 between lowest-energy and newest entry


Iteration 16: 16 Fock evaluations energy -340.0120112720 change -6.918650e-06 DIIS error vector rms norm 5.695262e-05
History size 10
alpha m=-1 occupations
   1.0000
alpha m=0 occupations
   1.0000   1.0000   1.0000   1.0000   1.0000   1.0000
alpha m=1 occupations
   1.0000   1.0000
alpha m=2 occupations
   1.0000
beta m=-1 occupations
   1.0000
beta m=0 occupations
   1.0000   1.0000   1.0000
beta m=1 occupations
   1.0000
DIIS step
Evaluated energy -340.0120085080 (change from lowest 2.763910e-06)
Density matrix difference 5.229746e-05 between lowest-energy and newest entry


Iteration 17: 17 Fock evaluations energy -340.0120112720 change  0.000000e+00 DIIS error vector rms norm 5.695262e-05
History size 10
alpha m=-1 occupations
   1.0000
alpha m=0 occupations
   1.0000   1.0000   1.0000   1.0000   1.0000   1.0000
alpha m=1 occupations
   1.0000   1.0000
alpha m=2 occupations
   1.0000
beta m=-1 occupations
   1.0000
beta m=0 occupations
   1.0000   1.0000   1.0000
beta m=1 occupations
   1.0000
DIIS step
Evaluated energy -340.0120175639 (change from lowest -6.291942e-06)
Density matrix difference 1.694722e-04 between lowest-energy and newest entry


Iteration 18: 18 Fock evaluations energy -340.0120175639 change -6.291942e-06 DIIS error vector rms norm 5.741315e-05
History size 10
alpha m=-1 occupations
   1.0000
alpha m=0 occupations
   1.0000   1.0000   1.0000   1.0000   1.0000   1.0000
alpha m=1 occupations
   1.0000   1.0000
alpha m=2 occupations
   1.0000
beta m=-1 occupations
   1.0000
beta m=0 occupations
   1.0000   1.0000   1.0000
beta m=1 occupations
   1.0000
DIIS step
Evaluated energy -340.0120138365 (change from lowest 3.727442e-06)
Density matrix difference 7.030288e-05 between lowest-energy and newest entry


Iteration 19: 19 Fock evaluations energy -340.0120175639 change  0.000000e+00 DIIS error vector rms norm 5.741315e-05
History size 10
alpha m=-1 occupations
   1.0000
alpha m=0 occupations
   1.0000   1.0000   1.0000   1.0000   1.0000   1.0000
alpha m=1 occupations
   1.0000   1.0000
alpha m=2 occupations
   1.0000
beta m=-1 occupations
   1.0000
beta m=0 occupations
   1.0000   1.0000   1.0000
beta m=1 occupations
   1.0000
DIIS step
Evaluated energy -340.0120121366 (change from lowest 5.427311e-06)
Density matrix difference 1.024051e-04 between lowest-energy and newest entry


Iteration 20: 20 Fock evaluations energy -340.0120175639 change  0.000000e+00 DIIS error vector rms norm 5.741315e-05
History size 10
alpha m=-1 occupations
   1.0000
alpha m=0 occupations
   1.0000   1.0000   1.0000   1.0000   1.0000   1.0000
alpha m=1 occupations
   1.0000   1.0000
alpha m=2 occupations
   1.0000
beta m=-1 occupations
   1.0000
beta m=0 occupations
   1.0000   1.0000   1.0000
beta m=1 occupations
   1.0000
DIIS step
Evaluated energy -340.0120127785 (change from lowest 4.785425e-06)
Density matrix difference 9.018447e-05 between lowest-energy and newest entry


Iteration 21: 21 Fock evaluations energy -340.0120175639 change  0.000000e+00 DIIS error vector rms norm 5.741315e-05
History size 10
alpha m=-1 occupations
   1.0000
alpha m=0 occupations
   1.0000   1.0000   1.0000   1.0000   1.0000   1.0000
alpha m=1 occupations
   1.0000   1.0000
alpha m=2 occupations
   1.0000
beta m=-1 occupations
   1.0000
beta m=0 occupations
   1.0000   1.0000   1.0000
beta m=1 occupations
   1.0000
DIIS step
Evaluated energy -340.0120141236 (change from lowest 3.440283e-06)
Density matrix difference 6.469878e-05 between lowest-energy and newest entry


Iteration 22: 22 Fock evaluations energy -340.0120175639 change  0.000000e+00 DIIS error vector rms norm 5.741315e-05
History size 10
alpha m=-1 occupations
   1.0000
alpha m=0 occupations
   1.0000   1.0000   1.0000   1.0000   1.0000   1.0000
alpha m=1 occupations
   1.0000   1.0000
alpha m=2 occupations
   1.0000
beta m=-1 occupations
   1.0000
beta m=0 occupations
   1.0000   1.0000   1.0000
beta m=1 occupations
   1.0000
DIIS step
Evaluated energy -340.0120160904 (change from lowest 1.473502e-06)
Density matrix difference 2.756469e-05 between lowest-energy and newest entry


Iteration 23: 23 Fock evaluations energy -340.0120175639 change  0.000000e+00 DIIS error vector rms norm 5.741315e-05
History size 10
alpha m=-1 occupations
   1.0000
alpha m=0 occupations
   1.0000   1.0000   1.0000   1.0000   1.0000   1.0000
alpha m=1 occupations
   1.0000   1.0000
alpha m=2 occupations
   1.0000
beta m=-1 occupations
   1.0000
beta m=0 occupations
   1.0000   1.0000   1.0000
beta m=1 occupations
   1.0000
Switching to optimal damping for next iterations
DIIS step
Evaluated energy -340.0120187300 (change from lowest -1.166067e-06)
Density matrix difference 4.966945e-05 between lowest-energy and newest entry


Iteration 24: 24 Fock evaluations energy -340.0120187300 change -1.166067e-06 DIIS error vector rms norm 5.750012e-05
History size 10
alpha m=-1 occupations
   1.0000
alpha m=0 occupations
   1.0000   1.0000   1.0000   1.0000   1.0000   1.0000
alpha m=1 occupations
   1.0000   1.0000
alpha m=2 occupations
   1.0000
beta m=-1 occupations
   1.0000
beta m=0 occupations
   1.0000   1.0000   1.0000
beta m=1 occupations
   1.0000
DIIS step
Evaluated energy -340.0120221487 (change from lowest -3.418768e-06)
Density matrix difference 6.403470e-05 between lowest-energy and newest entry


Iteration 25: 25 Fock evaluations energy -340.0120221487 change -3.418768e-06 DIIS error vector rms norm 5.775955e-05
History size 10
alpha m=-1 occupations
   1.0000
alpha m=0 occupations
   1.0000   1.0000   1.0000   1.0000   1.0000   1.0000
alpha m=1 occupations
   1.0000   1.0000
alpha m=2 occupations
   1.0000
beta m=-1 occupations
   1.0000
beta m=0 occupations
   1.0000   1.0000   1.0000
beta m=1 occupations
   1.0000
DIIS step
Evaluated energy -340.0120265077 (change from lowest -4.358926e-06)
Density matrix difference 8.117465e-05 between lowest-energy and newest entry


Iteration 26: 26 Fock evaluations energy -340.0120265077 change -4.358926e-06 DIIS error vector rms norm 5.808896e-05
History size 10
alpha m=-1 occupations
   1.0000
alpha m=0 occupations
   1.0000   1.0000   1.0000   1.0000   1.0000   1.0000
alpha m=1 occupations
   1.0000   1.0000
alpha m=2 occupations
   1.0000
beta m=-1 occupations
   1.0000
beta m=0 occupations
   1.0000   1.0000   1.0000
beta m=1 occupations
   1.0000
DIIS step
Evaluated energy -340.0120212859 (change from lowest 5.221733e-06)
Density matrix difference 9.796738e-05 between lowest-energy and newest entry


Iteration 27: 27 Fock evaluations energy -340.0120265077 change  0.000000e+00 DIIS error vector rms norm 5.808896e-05
History size 10
alpha m=-1 occupations
   1.0000
alpha m=0 occupations
   1.0000   1.0000   1.0000   1.0000   1.0000   1.0000
alpha m=1 occupations
   1.0000   1.0000
alpha m=2 occupations
   1.0000
beta m=-1 occupations
   1.0000
beta m=0 occupations
   1.0000   1.0000   1.0000
beta m=1 occupations
   1.0000
DIIS step
Evaluated energy -340.0120257123 (change from lowest 7.953824e-07)
Density matrix difference 1.542475e-05 between lowest-energy and newest entry


Iteration 28: 28 Fock evaluations energy -340.0120265077 change  0.000000e+00 DIIS error vector rms norm 5.808896e-05
History size 10
alpha m=-1 occupations
   1.0000
alpha m=0 occupations
   1.0000   1.0000   1.0000   1.0000   1.0000   1.0000
alpha m=1 occupations
   1.0000   1.0000
alpha m=2 occupations
   1.0000
beta m=-1 occupations
   1.0000
beta m=0 occupations
   1.0000   1.0000   1.0000
beta m=1 occupations
   1.0000
DIIS step
Evaluated energy -340.0120225820 (change from lowest 3.925628e-06)
Density matrix difference 7.396099e-05 between lowest-energy and newest entry


Iteration 29: 29 Fock evaluations energy -340.0120265077 change  0.000000e+00 DIIS error vector rms norm 5.808896e-05
History size 10
alpha m=-1 occupations
   1.0000
alpha m=0 occupations
   1.0000   1.0000   1.0000   1.0000   1.0000   1.0000
alpha m=1 occupations
   1.0000   1.0000
alpha m=2 occupations
   1.0000
beta m=-1 occupations
   1.0000
beta m=0 occupations
   1.0000   1.0000   1.0000
beta m=1 occupations
   1.0000
DIIS step
Evaluated energy -340.0120240465 (change from lowest 2.461155e-06)
Density matrix difference 4.646507e-05 between lowest-energy and newest entry


Iteration 30: 30 Fock evaluations energy -340.0120265077 change  0.000000e+00 DIIS error vector rms norm 5.808896e-05
History size 10
alpha m=-1 occupations
   1.0000
alpha m=0 occupations
   1.0000   1.0000   1.0000   1.0000   1.0000   1.0000
alpha m=1 occupations
   1.0000   1.0000
alpha m=2 occupations
   1.0000
beta m=-1 occupations
   1.0000
beta m=0 occupations
   1.0000   1.0000   1.0000
beta m=1 occupations
   1.0000
DIIS step
Evaluated energy -340.0120279445 (change from lowest -1.436821e-06)
Density matrix difference 7.283991e-05 between lowest-energy and newest entry


Iteration 31: 31 Fock evaluations energy -340.0120279445 change -1.436821e-06 DIIS error vector rms norm 5.819938e-05
History size 10
alpha m=-1 occupations
   1.0000
alpha m=0 occupations
   1.0000   1.0000   1.0000   1.0000   1.0000   1.0000
alpha m=1 occupations
   1.0000   1.0000
alpha m=2 occupations
   1.0000
beta m=-1 occupations
   1.0000
beta m=0 occupations
   1.0000   1.0000   1.0000
beta m=1 occupations
   1.0000
DIIS step
Evaluated energy -340.0120312019 (change from lowest -3.257443e-06)
Density matrix difference 6.054556e-05 between lowest-energy and newest entry


Iteration 32: 32 Fock evaluations energy -340.0120312019 change -3.257443e-06 DIIS error vector rms norm 5.844092e-05
History size 10
alpha m=-1 occupations
   1.0000
alpha m=0 occupations
   1.0000   1.0000   1.0000   1.0000   1.0000   1.0000
alpha m=1 occupations
   1.0000   1.0000
alpha m=2 occupations
   1.0000
beta m=-1 occupations
   1.0000
beta m=0 occupations
   1.0000   1.0000   1.0000
beta m=1 occupations
   1.0000
DIIS step
Evaluated energy -340.0120334096 (change from lowest -2.207658e-06)
Density matrix difference 4.081747e-05 between lowest-energy and newest entry


Iteration 33: 33 Fock evaluations energy -340.0120334096 change -2.207658e-06 DIIS error vector rms norm 5.860487e-05
History size 10
alpha m=-1 occupations
   1.0000
alpha m=0 occupations
   1.0000   1.0000   1.0000   1.0000   1.0000   1.0000
alpha m=1 occupations
   1.0000   1.0000
alpha m=2 occupations
   1.0000
beta m=-1 occupations
   1.0000
beta m=0 occupations
   1.0000   1.0000   1.0000
beta m=1 occupations
   1.0000
DIIS step
Evaluated energy -340.0120348269 (change from lowest -1.417267e-06)
Density matrix difference 2.607780e-05 between lowest-energy and newest entry


Iteration 34: 34 Fock evaluations energy -340.0120348269 change -1.417267e-06 DIIS error vector rms norm 5.871066e-05
History size 10
alpha m=-1 occupations
   1.0000
alpha m=0 occupations
   1.0000   1.0000   1.0000   1.0000   1.0000   1.0000
alpha m=1 occupations
   1.0000   1.0000
alpha m=2 occupations
   1.0000
beta m=-1 occupations
   1.0000
beta m=0 occupations
   1.0000   1.0000   1.0000
beta m=1 occupations
   1.0000
DIIS step
Evaluated energy -340.0120353442 (change from lowest -5.173316e-07)
Density matrix difference 9.427924e-06 between lowest-energy and newest entry


Iteration 35: 35 Fock evaluations energy -340.0120353442 change -5.173316e-07 DIIS error vector rms norm 5.875021e-05
History size 10
alpha m=-1 occupations
   1.0000
alpha m=0 occupations
   1.0000   1.0000   1.0000   1.0000   1.0000   1.0000
alpha m=1 occupations
   1.0000   1.0000
alpha m=2 occupations
   1.0000
beta m=-1 occupations
   1.0000
beta m=0 occupations
   1.0000   1.0000   1.0000
beta m=1 occupations
   1.0000
DIIS step
Evaluated energy -340.0120348300 (change from lowest 5.141952e-07)
Density matrix difference 9.597980e-06 between lowest-energy and newest entry


Iteration 36: 36 Fock evaluations energy -340.0120353442 change  0.000000e+00 DIIS error vector rms norm 5.875021e-05
History size 10
alpha m=-1 occupations
   1.0000
alpha m=0 occupations
   1.0000   1.0000   1.0000   1.0000   1.0000   1.0000
alpha m=1 occupations
   1.0000   1.0000
alpha m=2 occupations
   1.0000
beta m=-1 occupations
   1.0000
beta m=0 occupations
   1.0000   1.0000   1.0000
beta m=1 occupations
   1.0000
DIIS step
Evaluated energy -340.0120335537 (change from lowest 1.790468e-06)
Density matrix difference 3.324853e-05 between lowest-energy and newest entry


Iteration 37: 37 Fock evaluations energy -340.0120353442 change  0.000000e+00 DIIS error vector rms norm 5.875021e-05
History size 10
alpha m=-1 occupations
   1.0000
alpha m=0 occupations
   1.0000   1.0000   1.0000   1.0000   1.0000   1.0000
alpha m=1 occupations
   1.0000   1.0000
alpha m=2 occupations
   1.0000
beta m=-1 occupations
   1.0000
beta m=0 occupations
   1.0000   1.0000   1.0000
beta m=1 occupations
   1.0000
DIIS step
Evaluated energy -340.0120384485 (change from lowest -3.104337e-06)
Density matrix difference 9.040742e-05 between lowest-energy and newest entry


Iteration 38: 38 Fock evaluations energy -340.0120384485 change -3.104337e-06 DIIS error vector rms norm 5.897706e-05
History size 10
alpha m=-1 occupations
   1.0000
alpha m=0 occupations
   1.0000   1.0000   1.0000   1.0000   1.0000   1.0000
alpha m=1 occupations
   1.0000   1.0000
alpha m=2 occupations
   1.0000
beta m=-1 occupations
   1.0000
beta m=0 occupations
   1.0000   1.0000   1.0000
beta m=1 occupations
   1.0000
DIIS step
Evaluated energy -340.0120379849 (change from lowest 4.636429e-07)
Density matrix difference 8.539566e-06 between lowest-energy and newest entry


Iteration 39: 39 Fock evaluations energy -340.0120384485 change  0.000000e+00 DIIS error vector rms norm 5.897706e-05
History size 10
alpha m=-1 occupations
   1.0000
alpha m=0 occupations
   1.0000   1.0000   1.0000   1.0000   1.0000   1.0000
alpha m=1 occupations
   1.0000   1.0000
alpha m=2 occupations
   1.0000
beta m=-1 occupations
   1.0000
beta m=0 occupations
   1.0000   1.0000   1.0000
beta m=1 occupations
   1.0000
DIIS step
Evaluated energy -340.0120438346 (change from lowest -5.386084e-06)
Density matrix difference 1.074680e-04 between lowest-energy and newest entry


Iteration 40: 40 Fock evaluations energy -340.0120438346 change -5.386084e-06 DIIS error vector rms norm 5.936546e-05
History size 10
alpha m=-1 occupations
   1.0000
alpha m=0 occupations
   1.0000   1.0000   1.0000   1.0000   1.0000   1.0000
alpha m=1 occupations
   1.0000   1.0000
alpha m=2 occupations
   1.0000
beta m=-1 occupations
   1.0000
beta m=0 occupations
   1.0000   1.0000   1.0000
beta m=1 occupations
   1.0000
DIIS step
Evaluated energy -340.0120467731 (change from lowest -2.938471e-06)
Density matrix difference 5.362271e-05 between lowest-energy and newest entry


Iteration 41: 41 Fock evaluations energy -340.0120467731 change -2.938471e-06 DIIS error vector rms norm 5.957680e-05
History size 10
alpha m=-1 occupations
   1.0000
alpha m=0 occupations
   1.0000   1.0000   1.0000   1.0000   1.0000   1.0000
alpha m=1 occupations
   1.0000   1.0000
alpha m=2 occupations
   1.0000
beta m=-1 occupations
   1.0000
beta m=0 occupations
   1.0000   1.0000   1.0000
beta m=1 occupations
   1.0000
DIIS step
Evaluated energy -340.0120459840 (change from lowest 7.890600e-07)
Density matrix difference 1.451647e-05 between lowest-energy and newest entry


Iteration 42: 42 Fock evaluations energy -340.0120467731 change  0.000000e+00 DIIS error vector rms norm 5.957680e-05
History size 10
alpha m=-1 occupations
   1.0000
alpha m=0 occupations
   1.0000   1.0000   1.0000   1.0000   1.0000   1.0000
alpha m=1 occupations
   1.0000   1.0000
alpha m=2 occupations
   1.0000
beta m=-1 occupations
   1.0000
beta m=0 occupations
   1.0000   1.0000   1.0000
beta m=1 occupations
   1.0000
DIIS step
Evaluated energy -340.0120460460 (change from lowest 7.270286e-07)
Density matrix difference 1.344398e-05 between lowest-energy and newest entry


Iteration 43: 43 Fock evaluations energy -340.0120467731 change  0.000000e+00 DIIS error vector rms norm 5.957680e-05
History size 10
alpha m=-1 occupations
   1.0000
alpha m=0 occupations
   1.0000   1.0000   1.0000   1.0000   1.0000   1.0000
alpha m=1 occupations
   1.0000   1.0000
alpha m=2 occupations
   1.0000
beta m=-1 occupations
   1.0000
beta m=0 occupations
   1.0000   1.0000   1.0000
beta m=1 occupations
   1.0000
DIIS step
Evaluated energy -340.0120464103 (change from lowest 3.627916e-07)
Density matrix difference 6.827469e-06 between lowest-energy and newest entry


Iteration 44: 44 Fock evaluations energy -340.0120467731 change  0.000000e+00 DIIS error vector rms norm 5.957680e-05
History size 10
alpha m=-1 occupations
   1.0000
alpha m=0 occupations
   1.0000   1.0000   1.0000   1.0000   1.0000   1.0000
alpha m=1 occupations
   1.0000   1.0000
alpha m=2 occupations
   1.0000
beta m=-1 occupations
   1.0000
beta m=0 occupations
   1.0000   1.0000   1.0000
beta m=1 occupations
   1.0000
DIIS step
Evaluated energy -340.0120471717 (change from lowest -3.986725e-07)
Density matrix difference 1.388410e-05 between lowest-energy and newest entry


Iteration 45: 45 Fock evaluations energy -340.0120471717 change -3.986725e-07 DIIS error vector rms norm 5.960789e-05
History size 10
alpha m=-1 occupations
   1.0000
alpha m=0 occupations
   1.0000   1.0000   1.0000   1.0000   1.0000   1.0000
alpha m=1 occupations
   1.0000   1.0000
alpha m=2 occupations
   1.0000
beta m=-1 occupations
   1.0000
beta m=0 occupations
   1.0000   1.0000   1.0000
beta m=1 occupations
   1.0000
DIIS step
Evaluated energy -340.0120487174 (change from lowest -1.545652e-06)
Density matrix difference 2.817789e-05 between lowest-energy and newest entry


Iteration 46: 46 Fock evaluations energy -340.0120487174 change -1.545652e-06 DIIS error vector rms norm 5.971799e-05
History size 10
alpha m=-1 occupations
   1.0000
alpha m=0 occupations
   1.0000   1.0000   1.0000   1.0000   1.0000   1.0000
alpha m=1 occupations
   1.0000   1.0000
alpha m=2 occupations
   1.0000
beta m=-1 occupations
   1.0000
beta m=0 occupations
   1.0000   1.0000   1.0000
beta m=1 occupations
   1.0000
DIIS step
Evaluated energy -340.0120519032 (change from lowest -3.185849e-06)
Density matrix difference 5.793223e-05 between lowest-energy and newest entry


Iteration 47: 47 Fock evaluations energy -340.0120519032 change -3.185849e-06 DIIS error vector rms norm 5.994382e-05
History size 10
alpha m=-1 occupations
   1.0000
alpha m=0 occupations
   1.0000   1.0000   1.0000   1.0000   1.0000   1.0000
alpha m=1 occupations
   1.0000   1.0000
alpha m=2 occupations
   1.0000
beta m=-1 occupations
   1.0000
beta m=0 occupations
   1.0000   1.0000   1.0000
beta m=1 occupations
   1.0000
DIIS step
Evaluated energy -340.0120578410 (change from lowest -5.937722e-06)
Density matrix difference 1.073867e-04 between lowest-energy and newest entry


Iteration 48: 48 Fock evaluations energy -340.0120578410 change -5.937722e-06 DIIS error vector rms norm 6.036164e-05
History size 10
alpha m=-1 occupations
   1.0000
alpha m=0 occupations
   1.0000   1.0000   1.0000   1.0000   1.0000   1.0000
alpha m=1 occupations
   1.0000   1.0000
alpha m=2 occupations
   1.0000
beta m=-1 occupations
   1.0000
beta m=0 occupations
   1.0000   1.0000   1.0000
beta m=1 occupations
   1.0000
DIIS step
Evaluated energy -340.0120557836 (change from lowest 2.057377e-06)
Density matrix difference 3.720636e-05 between lowest-energy and newest entry


Iteration 49: 49 Fock evaluations energy -340.0120578410 change  0.000000e+00 DIIS error vector rms norm 6.036164e-05
History size 10
alpha m=-1 occupations
   1.0000
alpha m=0 occupations
   1.0000   1.0000   1.0000   1.0000   1.0000   1.0000
alpha m=1 occupations
   1.0000   1.0000
alpha m=2 occupations
   1.0000
beta m=-1 occupations
   1.0000
beta m=0 occupations
   1.0000   1.0000   1.0000
beta m=1 occupations
   1.0000
DIIS step
Evaluated energy -340.0120605657 (change from lowest -2.724696e-06)
Density matrix difference 8.616366e-05 between lowest-energy and newest entry


Iteration 50: 50 Fock evaluations energy -340.0120605657 change -2.724696e-06 DIIS error vector rms norm 6.055278e-05
History size 10
alpha m=-1 occupations
   1.0000
alpha m=0 occupations
   1.0000   1.0000   1.0000   1.0000   1.0000   1.0000
alpha m=1 occupations
   1.0000   1.0000
alpha m=2 occupations
   1.0000
beta m=-1 occupations
   1.0000
beta m=0 occupations
   1.0000   1.0000   1.0000
beta m=1 occupations
   1.0000
DIIS step
Evaluated energy -340.0120578108 (change from lowest 2.754885e-06)
Density matrix difference 4.966614e-05 between lowest-energy and newest entry


Iteration 51: 51 Fock evaluations energy -340.0120605657 change  0.000000e+00 DIIS error vector rms norm 6.055278e-05
History size 10
alpha m=-1 occupations
   1.0000
alpha m=0 occupations
   1.0000   1.0000   1.0000   1.0000   1.0000   1.0000
alpha m=1 occupations
   1.0000   1.0000
alpha m=2 occupations
   1.0000
beta m=-1 occupations
   1.0000
beta m=0 occupations
   1.0000   1.0000   1.0000
beta m=1 occupations
   1.0000
DIIS step
Evaluated energy -340.0120575700 (change from lowest 2.995695e-06)
Density matrix difference 5.402332e-05 between lowest-energy and newest entry


Iteration 52: 52 Fock evaluations energy -340.0120605657 change  0.000000e+00 DIIS error vector rms norm 6.055278e-05
History size 10
alpha m=-1 occupations
   1.0000
alpha m=0 occupations
   1.0000   1.0000   1.0000   1.0000   1.0000   1.0000
alpha m=1 occupations
   1.0000   1.0000
alpha m=2 occupations
   1.0000
beta m=-1 occupations
   1.0000
beta m=0 occupations
   1.0000   1.0000   1.0000
beta m=1 occupations
   1.0000
DIIS step
Evaluated energy -340.0120595709 (change from lowest 9.947825e-07)
Density matrix difference 1.796489e-05 between lowest-energy and newest entry


Iteration 53: 53 Fock evaluations energy -340.0120605657 change  0.000000e+00 DIIS error vector rms norm 6.055278e-05
History size 10
alpha m=-1 occupations
   1.0000
alpha m=0 occupations
   1.0000   1.0000   1.0000   1.0000   1.0000   1.0000
alpha m=1 occupations
   1.0000   1.0000
alpha m=2 occupations
   1.0000
beta m=-1 occupations
   1.0000
beta m=0 occupations
   1.0000   1.0000   1.0000
beta m=1 occupations
   1.0000
DIIS step
Evaluated energy -340.0120623144 (change from lowest -1.748766e-06)
Density matrix difference 4.931285e-05 between lowest-energy and newest entry


Iteration 54: 54 Fock evaluations energy -340.0120623144 change -1.748766e-06 DIIS error vector rms norm 6.067521e-05
History size 10
alpha m=-1 occupations
   1.0000
alpha m=0 occupations
   1.0000   1.0000   1.0000   1.0000   1.0000   1.0000
alpha m=1 occupations
   1.0000   1.0000
alpha m=2 occupations
   1.0000
beta m=-1 occupations
   1.0000
beta m=0 occupations
   1.0000   1.0000   1.0000
beta m=1 occupations
   1.0000
DIIS step
Evaluated energy -340.0120654660 (change from lowest -3.151608e-06)
Density matrix difference 5.645702e-05 between lowest-energy and newest entry


Iteration 55: 55 Fock evaluations energy -340.0120654660 change -3.151608e-06 DIIS error vector rms norm 6.089335e-05
History size 10
alpha m=-1 occupations
   1.0000
alpha m=0 occupations
   1.0000   1.0000   1.0000   1.0000   1.0000   1.0000
alpha m=1 occupations
   1.0000   1.0000
alpha m=2 occupations
   1.0000
beta m=-1 occupations
   1.0000
beta m=0 occupations
   1.0000   1.0000   1.0000
beta m=1 occupations
   1.0000
DIIS step
Evaluated energy -340.0120686594 (change from lowest -3.193347e-06)
Density matrix difference 5.699266e-05 between lowest-energy and newest entry


Iteration 56: 56 Fock evaluations energy -340.0120686594 change -3.193347e-06 DIIS error vector rms norm 6.111325e-05
History size 10
alpha m=-1 occupations
   1.0000
alpha m=0 occupations
   1.0000   1.0000   1.0000   1.0000   1.0000   1.0000
alpha m=1 occupations
   1.0000   1.0000
alpha m=2 occupations
   1.0000
beta m=-1 occupations
   1.0000
beta m=0 occupations
   1.0000   1.0000   1.0000
beta m=1 occupations
   1.0000
DIIS step
Evaluated energy -340.0120711419 (change from lowest -2.482551e-06)
Density matrix difference 4.415019e-05 between lowest-energy and newest entry


Iteration 57: 57 Fock evaluations energy -340.0120711419 change -2.482551e-06 DIIS error vector rms norm 6.128352e-05
History size 10
alpha m=-1 occupations
   1.0000
alpha m=0 occupations
   1.0000   1.0000   1.0000   1.0000   1.0000   1.0000
alpha m=1 occupations
   1.0000   1.0000
alpha m=2 occupations
   1.0000
beta m=-1 occupations
   1.0000
beta m=0 occupations
   1.0000   1.0000   1.0000
beta m=1 occupations
   1.0000
DIIS step
Evaluated energy -340.0120715359 (change from lowest -3.939406e-07)
Density matrix difference 6.959238e-06 between lowest-energy and newest entry


Iteration 58: 58 Fock evaluations energy -340.0120715359 change -3.939406e-07 DIIS error vector rms norm 6.131071e-05
History size 10
alpha m=-1 occupations
   1.0000
alpha m=0 occupations
   1.0000   1.0000   1.0000   1.0000   1.0000   1.0000
alpha m=1 occupations
   1.0000   1.0000
alpha m=2 occupations
   1.0000
beta m=-1 occupations
   1.0000
beta m=0 occupations
   1.0000   1.0000   1.0000
beta m=1 occupations
   1.0000
DIIS step
Evaluated energy -340.0120693133 (change from lowest 2.222609e-06)
Density matrix difference 3.957056e-05 between lowest-energy and newest entry


Iteration 59: 59 Fock evaluations energy -340.0120715359 change  0.000000e+00 DIIS error vector rms norm 6.131071e-05
History size 10
alpha m=-1 occupations
   1.0000
alpha m=0 occupations
   1.0000   1.0000   1.0000   1.0000   1.0000   1.0000
alpha m=1 occupations
   1.0000   1.0000
alpha m=2 occupations
   1.0000
beta m=-1 occupations
   1.0000
beta m=0 occupations
   1.0000   1.0000   1.0000
beta m=1 occupations
   1.0000
DIIS step
Evaluated energy -340.0120725104 (change from lowest -9.745494e-07)
Density matrix difference 5.685579e-05 between lowest-energy and newest entry


Iteration 60: 60 Fock evaluations energy -340.0120725104 change -9.745494e-07 DIIS error vector rms norm 6.137750e-05
History size 10
alpha m=-1 occupations
   1.0000
alpha m=0 occupations
   1.0000   1.0000   1.0000   1.0000   1.0000   1.0000
alpha m=1 occupations
   1.0000   1.0000
alpha m=2 occupations
   1.0000
beta m=-1 occupations
   1.0000
beta m=0 occupations
   1.0000   1.0000   1.0000
beta m=1 occupations
   1.0000
DIIS step
Evaluated energy -340.0120716117 (change from lowest 8.987078e-07)
Density matrix difference 1.597296e-05 between lowest-energy and newest entry


Iteration 61: 61 Fock evaluations energy -340.0120725104 change  0.000000e+00 DIIS error vector rms norm 6.137750e-05
History size 10
alpha m=-1 occupations
   1.0000
alpha m=0 occupations
   1.0000   1.0000   1.0000   1.0000   1.0000   1.0000
alpha m=1 occupations
   1.0000   1.0000
alpha m=2 occupations
   1.0000
beta m=-1 occupations
   1.0000
beta m=0 occupations
   1.0000   1.0000   1.0000
beta m=1 occupations
   1.0000
DIIS step
Evaluated energy -340.0120754928 (change from lowest -2.982393e-06)
Density matrix difference 6.883329e-05 between lowest-energy and newest entry


Iteration 62: 62 Fock evaluations energy -340.0120754928 change -2.982393e-06 DIIS error vector rms norm 6.158048e-05
History size 10
alpha m=-1 occupations
   1.0000
alpha m=0 occupations
   1.0000   1.0000   1.0000   1.0000   1.0000   1.0000
alpha m=1 occupations
   1.0000   1.0000
alpha m=2 occupations
   1.0000
beta m=-1 occupations
   1.0000
beta m=0 occupations
   1.0000   1.0000   1.0000
beta m=1 occupations
   1.0000
DIIS step
Evaluated energy -340.0120802221 (change from lowest -4.729322e-06)
Density matrix difference 8.347398e-05 between lowest-energy and newest entry


Iteration 63: 63 Fock evaluations energy -340.0120802221 change -4.729322e-06 DIIS error vector rms norm 6.190024e-05
History size 10
alpha m=-1 occupations
   1.0000
alpha m=0 occupations
   1.0000   1.0000   1.0000   1.0000   1.0000   1.0000
alpha m=1 occupations
   1.0000   1.0000
alpha m=2 occupations
   1.0000
beta m=-1 occupations
   1.0000
beta m=0 occupations
   1.0000   1.0000   1.0000
beta m=1 occupations
   1.0000
DIIS step
Evaluated energy -340.0120823989 (change from lowest -2.176796e-06)
Density matrix difference 3.825273e-05 between lowest-energy and newest entry


Iteration 64: 64 Fock evaluations energy -340.0120823989 change -2.176796e-06 DIIS error vector rms norm 6.204669e-05
History size 10
alpha m=-1 occupations
   1.0000
alpha m=0 occupations
   1.0000   1.0000   1.0000   1.0000   1.0000   1.0000
alpha m=1 occupations
   1.0000   1.0000
alpha m=2 occupations
   1.0000
beta m=-1 occupations
   1.0000
beta m=0 occupations
   1.0000   1.0000   1.0000
beta m=1 occupations
   1.0000
DIIS step
Evaluated energy -340.0120835227 (change from lowest -1.123736e-06)
Density matrix difference 1.969864e-05 between lowest-energy and newest entry


Iteration 65: 65 Fock evaluations energy -340.0120835227 change -1.123736e-06 DIIS error vector rms norm 6.212216e-05
History size 10
alpha m=-1 occupations
   1.0000
alpha m=0 occupations
   1.0000   1.0000   1.0000   1.0000   1.0000   1.0000
alpha m=1 occupations
   1.0000   1.0000
alpha m=2 occupations
   1.0000
beta m=-1 occupations
   1.0000
beta m=0 occupations
   1.0000   1.0000   1.0000
beta m=1 occupations
   1.0000
DIIS step
Evaluated energy -340.0120839885 (change from lowest -4.658742e-07)
Density matrix difference 8.150806e-06 between lowest-energy and newest entry


Iteration 66: 66 Fock evaluations energy -340.0120839885 change -4.658742e-07 DIIS error vector rms norm 6.215347e-05
History size 10
alpha m=-1 occupations
   1.0000
alpha m=0 occupations
   1.0000   1.0000   1.0000   1.0000   1.0000   1.0000
alpha m=1 occupations
   1.0000   1.0000
alpha m=2 occupations
   1.0000
beta m=-1 occupations
   1.0000
beta m=0 occupations
   1.0000   1.0000   1.0000
beta m=1 occupations
   1.0000
DIIS step
Evaluated energy -340.0120840372 (change from lowest -4.862989e-08)
Density matrix difference 8.406628e-07 between lowest-energy and newest entry


Iteration 67: 67 Fock evaluations energy -340.0120840372 change -4.862989e-08 DIIS error vector rms norm 6.215681e-05
History size 10
alpha m=-1 occupations
   1.0000
alpha m=0 occupations
   1.0000   1.0000   1.0000   1.0000   1.0000   1.0000
alpha m=1 occupations
   1.0000   1.0000
alpha m=2 occupations
   1.0000
beta m=-1 occupations
   1.0000
beta m=0 occupations
   1.0000   1.0000   1.0000
beta m=1 occupations
   1.0000
DIIS step
Evaluated energy -340.0120842362 (change from lowest -1.990319e-07)
Density matrix difference 3.486896e-06 between lowest-energy and newest entry


Iteration 68: 68 Fock evaluations energy -340.0120842362 change -1.990319e-07 DIIS error vector rms norm 6.217018e-05
History size 10
alpha m=-1 occupations
   1.0000
alpha m=0 occupations
   1.0000   1.0000   1.0000   1.0000   1.0000   1.0000
alpha m=1 occupations
   1.0000   1.0000
alpha m=2 occupations
   1.0000
beta m=-1 occupations
   1.0000
beta m=0 occupations
   1.0000   1.0000   1.0000
beta m=1 occupations
   1.0000
DIIS step
Evaluated energy -340.0120857935 (change from lowest -1.557328e-06)
Density matrix difference 2.729408e-05 between lowest-energy and newest entry


Iteration 69: 69 Fock evaluations energy -340.0120857935 change -1.557328e-06 DIIS error vector rms norm 6.227425e-05
History size 10
alpha m=-1 occupations
   1.0000
alpha m=0 occupations
   1.0000   1.0000   1.0000   1.0000   1.0000   1.0000
alpha m=1 occupations
   1.0000   1.0000
alpha m=2 occupations
   1.0000
beta m=-1 occupations
   1.0000
beta m=0 occupations
   1.0000   1.0000   1.0000
beta m=1 occupations
   1.0000
DIIS step
Evaluated energy -340.0120912109 (change from lowest -5.417402e-06)
Density matrix difference 9.459317e-05 between lowest-energy and newest entry


Iteration 70: 70 Fock evaluations energy -340.0120912109 change -5.417402e-06 DIIS error vector rms norm 6.263424e-05
History size 10
alpha m=-1 occupations
   1.0000
alpha m=0 occupations
   1.0000   1.0000   1.0000   1.0000   1.0000   1.0000
alpha m=1 occupations
   1.0000   1.0000
alpha m=2 occupations
   1.0000
beta m=-1 occupations
   1.0000
beta m=0 occupations
   1.0000   1.0000   1.0000
beta m=1 occupations
   1.0000
DIIS step
Evaluated energy -340.0120921691 (change from lowest -9.581639e-07)
Density matrix difference 1.665585e-05 between lowest-energy and newest entry


Iteration 71: 71 Fock evaluations energy -340.0120921691 change -9.581639e-07 DIIS error vector rms norm 6.269763e-05
History size 10
alpha m=-1 occupations
   1.0000
alpha m=0 occupations
   1.0000   1.0000   1.0000   1.0000   1.0000   1.0000
alpha m=1 occupations
   1.0000   1.0000
alpha m=2 occupations
   1.0000
beta m=-1 occupations
   1.0000
beta m=0 occupations
   1.0000   1.0000   1.0000
beta m=1 occupations
   1.0000
DIIS step
Evaluated energy -340.0120976943 (change from lowest -5.525214e-06)
Density matrix difference 9.582339e-05 between lowest-energy and newest entry


Iteration 72: 72 Fock evaluations energy -340.0120976943 change -5.525214e-06 DIIS error vector rms norm 6.306112e-05
History size 10
alpha m=-1 occupations
   1.0000
alpha m=0 occupations
   1.0000   1.0000   1.0000   1.0000   1.0000   1.0000
alpha m=1 occupations
   1.0000   1.0000
alpha m=2 occupations
   1.0000
beta m=-1 occupations
   1.0000
beta m=0 occupations
   1.0000   1.0000   1.0000
beta m=1 occupations
   1.0000
DIIS step
Evaluated energy -340.0120974905 (change from lowest 2.037796e-07)
Density matrix difference 3.572474e-06 between lowest-energy and newest entry


Iteration 73: 73 Fock evaluations energy -340.0120976943 change  0.000000e+00 DIIS error vector rms norm 6.306112e-05
History size 10
alpha m=-1 occupations
   1.0000
alpha m=0 occupations
   1.0000   1.0000   1.0000   1.0000   1.0000   1.0000
alpha m=1 occupations
   1.0000   1.0000
alpha m=2 occupations
   1.0000
beta m=-1 occupations
   1.0000
beta m=0 occupations
   1.0000   1.0000   1.0000
beta m=1 occupations
   1.0000
DIIS step
Evaluated energy -340.0120966364 (change from lowest 1.057949e-06)
Density matrix difference 1.837817e-05 between lowest-energy and newest entry


Iteration 74: 74 Fock evaluations energy -340.0120976943 change  0.000000e+00 DIIS error vector rms norm 6.306112e-05
History size 10
alpha m=-1 occupations
   1.0000
alpha m=0 occupations
   1.0000   1.0000   1.0000   1.0000   1.0000   1.0000
alpha m=1 occupations
   1.0000   1.0000
alpha m=2 occupations
   1.0000
beta m=-1 occupations
   1.0000
beta m=0 occupations
   1.0000   1.0000   1.0000
beta m=1 occupations
   1.0000
DIIS step
Evaluated energy -340.0120972457 (change from lowest 4.486232e-07)
Density matrix difference 7.832555e-06 between lowest-energy and newest entry


Iteration 75: 75 Fock evaluations energy -340.0120976943 change  0.000000e+00 DIIS error vector rms norm 6.306112e-05
History size 10
alpha m=-1 occupations
   1.0000
alpha m=0 occupations
   1.0000   1.0000   1.0000   1.0000   1.0000   1.0000
alpha m=1 occupations
   1.0000   1.0000
alpha m=2 occupations
   1.0000
beta m=-1 occupations
   1.0000
beta m=0 occupations
   1.0000   1.0000   1.0000
beta m=1 occupations
   1.0000
DIIS step
Evaluated energy -340.0120985947 (change from lowest -9.003618e-07)
Density matrix difference 2.333520e-05 between lowest-energy and newest entry


Iteration 76: 76 Fock evaluations energy -340.0120985947 change -9.003618e-07 DIIS error vector rms norm 6.312025e-05
History size 10
alpha m=-1 occupations
   1.0000
alpha m=0 occupations
   1.0000   1.0000   1.0000   1.0000   1.0000   1.0000
alpha m=1 occupations
   1.0000   1.0000
alpha m=2 occupations
   1.0000
beta m=-1 occupations
   1.0000
beta m=0 occupations
   1.0000   1.0000   1.0000
beta m=1 occupations
   1.0000
DIIS step
Evaluated energy -340.0121008392 (change from lowest -2.244499e-06)
Density matrix difference 3.875686e-05 between lowest-energy and newest entry


Iteration 77: 77 Fock evaluations energy -340.0121008392 change -2.244499e-06 DIIS error vector rms norm 6.326677e-05
History size 10
alpha m=-1 occupations
   1.0000
alpha m=0 occupations
   1.0000   1.0000   1.0000   1.0000   1.0000   1.0000
alpha m=1 occupations
   1.0000   1.0000
alpha m=2 occupations
   1.0000
beta m=-1 occupations
   1.0000
beta m=0 occupations
   1.0000   1.0000   1.0000
beta m=1 occupations
   1.0000
DIIS step
Evaluated energy -340.0121042469 (change from lowest -3.407691e-06)
Density matrix difference 5.867136e-05 between lowest-energy and newest entry


Iteration 78: 78 Fock evaluations energy -340.0121042469 change -3.407691e-06 DIIS error vector rms norm 6.348826e-05
History size 10
alpha m=-1 occupations
   1.0000
alpha m=0 occupations
   1.0000   1.0000   1.0000   1.0000   1.0000   1.0000
alpha m=1 occupations
   1.0000   1.0000
alpha m=2 occupations
   1.0000
beta m=-1 occupations
   1.0000
beta m=0 occupations
   1.0000   1.0000   1.0000
beta m=1 occupations
   1.0000
DIIS step
Evaluated energy -340.0121085221 (change from lowest -4.275205e-06)
Density matrix difference 7.331484e-05 between lowest-energy and newest entry


Iteration 79: 79 Fock evaluations energy -340.0121085221 change -4.275205e-06 DIIS error vector rms norm 6.376453e-05
History size 10
alpha m=-1 occupations
   1.0000
alpha m=0 occupations
   1.0000   1.0000   1.0000   1.0000   1.0000   1.0000
alpha m=1 occupations
   1.0000   1.0000
alpha m=2 occupations
   1.0000
beta m=-1 occupations
   1.0000
beta m=0 occupations
   1.0000   1.0000   1.0000
beta m=1 occupations
   1.0000
DIIS step
Evaluated energy -340.0121116280 (change from lowest -3.105882e-06)
Density matrix difference 5.304683e-05 between lowest-energy and newest entry


Iteration 80: 80 Fock evaluations energy -340.0121116280 change -3.105882e-06 DIIS error vector rms norm 6.396414e-05
History size 10
alpha m=-1 occupations
   1.0000
alpha m=0 occupations
   1.0000   1.0000   1.0000   1.0000   1.0000   1.0000
alpha m=1 occupations
   1.0000   1.0000
alpha m=2 occupations
   1.0000
beta m=-1 occupations
   1.0000
beta m=0 occupations
   1.0000   1.0000   1.0000
beta m=1 occupations
   1.0000
DIIS step
Evaluated energy -340.0121098285 (change from lowest 1.799493e-06)
Density matrix difference 3.077155e-05 between lowest-energy and newest entry


Iteration 81: 81 Fock evaluations energy -340.0121116280 change  0.000000e+00 DIIS error vector rms norm 6.396414e-05
History size 10
alpha m=-1 occupations
   1.0000
alpha m=0 occupations
   1.0000   1.0000   1.0000   1.0000   1.0000   1.0000
alpha m=1 occupations
   1.0000   1.0000
alpha m=2 occupations
   1.0000
beta m=-1 occupations
   1.0000
beta m=0 occupations
   1.0000   1.0000   1.0000
beta m=1 occupations
   1.0000
DIIS step
Evaluated energy -340.0121124324 (change from lowest -8.044709e-07)
Density matrix difference 4.445576e-05 between lowest-energy and newest entry


Iteration 82: 82 Fock evaluations energy -340.0121124324 change -8.044709e-07 DIIS error vector rms norm 6.401575e-05
History size 10
alpha m=-1 occupations
   1.0000
alpha m=0 occupations
   1.0000   1.0000   1.0000   1.0000   1.0000   1.0000
alpha m=1 occupations
   1.0000   1.0000
alpha m=2 occupations
   1.0000
beta m=-1 occupations
   1.0000
beta m=0 occupations
   1.0000   1.0000   1.0000
beta m=1 occupations
   1.0000
DIIS step
Evaluated energy -340.0121108478 (change from lowest 1.584598e-06)
Density matrix difference 2.705754e-05 between lowest-energy and newest entry


Iteration 83: 83 Fock evaluations energy -340.0121124324 change  0.000000e+00 DIIS error vector rms norm 6.401575e-05
History size 10
alpha m=-1 occupations
   1.0000
alpha m=0 occupations
   1.0000   1.0000   1.0000   1.0000   1.0000   1.0000
alpha m=1 occupations
   1.0000   1.0000
alpha m=2 occupations
   1.0000
beta m=-1 occupations
   1.0000
beta m=0 occupations
   1.0000   1.0000   1.0000
beta m=1 occupations
   1.0000
DIIS step
Evaluated energy -340.0121125062 (change from lowest -7.374501e-08)
Density matrix difference 2.830731e-05 between lowest-energy and newest entry


Iteration 84: 84 Fock evaluations energy -340.0121125062 change -7.374501e-08 DIIS error vector rms norm 6.402052e-05
History size 10
alpha m=-1 occupations
   1.0000
alpha m=0 occupations
   1.0000   1.0000   1.0000   1.0000   1.0000   1.0000
alpha m=1 occupations
   1.0000   1.0000
alpha m=2 occupations
   1.0000
beta m=-1 occupations
   1.0000
beta m=0 occupations
   1.0000   1.0000   1.0000
beta m=1 occupations
   1.0000
DIIS step
Evaluated energy -340.0121162695 (change from lowest -3.763357e-06)
Density matrix difference 6.406447e-05 between lowest-energy and newest entry


Iteration 85: 85 Fock evaluations energy -340.0121162695 change -3.763357e-06 DIIS error vector rms norm 6.426073e-05
History size 10
alpha m=-1 occupations
   1.0000
alpha m=0 occupations
   1.0000   1.0000   1.0000   1.0000   1.0000   1.0000
alpha m=1 occupations
   1.0000   1.0000
alpha m=2 occupations
   1.0000
beta m=-1 occupations
   1.0000
beta m=0 occupations
   1.0000   1.0000   1.0000
beta m=1 occupations
   1.0000
DIIS step
Evaluated energy -340.0121200301 (change from lowest -3.760589e-06)
Density matrix difference 6.377397e-05 between lowest-energy and newest entry


Iteration 86: 86 Fock evaluations energy -340.0121200301 change -3.760589e-06 DIIS error vector rms norm 6.449941e-05
History size 10
alpha m=-1 occupations
   1.0000
alpha m=0 occupations
   1.0000   1.0000   1.0000   1.0000   1.0000   1.0000
alpha m=1 occupations
   1.0000   1.0000
alpha m=2 occupations
   1.0000
beta m=-1 occupations
   1.0000
beta m=0 occupations
   1.0000   1.0000   1.0000
beta m=1 occupations
   1.0000
DIIS step
Evaluated energy -340.0121231993 (change from lowest -3.169175e-06)
Density matrix difference 5.355318e-05 between lowest-energy and newest entry


Iteration 87: 87 Fock evaluations energy -340.0121231993 change -3.169175e-06 DIIS error vector rms norm 6.469954e-05
History size 10
alpha m=-1 occupations
   1.0000
alpha m=0 occupations
   1.0000   1.0000   1.0000   1.0000   1.0000   1.0000
alpha m=1 occupations
   1.0000   1.0000
alpha m=2 occupations
   1.0000
beta m=-1 occupations
   1.0000
beta m=0 occupations
   1.0000   1.0000   1.0000
beta m=1 occupations
   1.0000
DIIS step
Evaluated energy -340.0121253632 (change from lowest -2.163902e-06)
Density matrix difference 3.646078e-05 between lowest-energy and newest entry


Iteration 88: 88 Fock evaluations energy -340.0121253632 change -2.163902e-06 DIIS error vector rms norm 6.483565e-05
History size 10
alpha m=-1 occupations
   1.0000
alpha m=0 occupations
   1.0000   1.0000   1.0000   1.0000   1.0000   1.0000
alpha m=1 occupations
   1.0000   1.0000
alpha m=2 occupations
   1.0000
beta m=-1 occupations
   1.0000
beta m=0 occupations
   1.0000   1.0000   1.0000
beta m=1 occupations
   1.0000
DIIS step
Evaluated energy -340.0121260463 (change from lowest -6.831071e-07)
Density matrix difference 1.147935e-05 between lowest-energy and newest entry


Iteration 89: 89 Fock evaluations energy -340.0121260463 change -6.831071e-07 DIIS error vector rms norm 6.487855e-05
History size 10
alpha m=-1 occupations
   1.0000
alpha m=0 occupations
   1.0000   1.0000   1.0000   1.0000   1.0000   1.0000
alpha m=1 occupations
   1.0000   1.0000
alpha m=2 occupations
   1.0000
beta m=-1 occupations
   1.0000
beta m=0 occupations
   1.0000   1.0000   1.0000
beta m=1 occupations
   1.0000
DIIS step
Evaluated energy -340.0121255552 (change from lowest 4.911030e-07)
Density matrix difference 8.284084e-06 between lowest-energy and newest entry


Iteration 90: 90 Fock evaluations energy -340.0121260463 change  0.000000e+00 DIIS error vector rms norm 6.487855e-05
History size 10
alpha m=-1 occupations
   1.0000
alpha m=0 occupations
   1.0000   1.0000   1.0000   1.0000   1.0000   1.0000
alpha m=1 occupations
   1.0000   1.0000
alpha m=2 occupations
   1.0000
beta m=-1 occupations
   1.0000
beta m=0 occupations
   1.0000   1.0000   1.0000
beta m=1 occupations
   1.0000
DIIS step
Evaluated energy -340.0121254622 (change from lowest 5.840761e-07)
Density matrix difference 9.853166e-06 between lowest-energy and newest entry


Iteration 91: 91 Fock evaluations energy -340.0121260463 change  0.000000e+00 DIIS error vector rms norm 6.487855e-05
History size 10
alpha m=-1 occupations
   1.0000
alpha m=0 occupations
   1.0000   1.0000   1.0000   1.0000   1.0000   1.0000
alpha m=1 occupations
   1.0000   1.0000
alpha m=2 occupations
   1.0000
beta m=-1 occupations
   1.0000
beta m=0 occupations
   1.0000   1.0000   1.0000
beta m=1 occupations
   1.0000
DIIS step
Evaluated energy -340.0121291416 (change from lowest -3.095298e-06)
Density matrix difference 6.188302e-05 between lowest-energy and newest entry


Iteration 92: 92 Fock evaluations energy -340.0121291416 change -3.095298e-06 DIIS error vector rms norm 6.507228e-05
History size 10
alpha m=-1 occupations
   1.0000
alpha m=0 occupations
   1.0000   1.0000   1.0000   1.0000   1.0000   1.0000
alpha m=1 occupations
   1.0000   1.0000
alpha m=2 occupations
   1.0000
beta m=-1 occupations
   1.0000
beta m=0 occupations
   1.0000   1.0000   1.0000
beta m=1 occupations
   1.0000
DIIS step
Evaluated energy -340.0121305783 (change from lowest -1.436683e-06)
Density matrix difference 2.410045e-05 between lowest-energy and newest entry


Iteration 93: 93 Fock evaluations energy -340.0121305783 change -1.436683e-06 DIIS error vector rms norm 6.516189e-05
History size 10
alpha m=-1 occupations
   1.0000
alpha m=0 occupations
   1.0000   1.0000   1.0000   1.0000   1.0000   1.0000
alpha m=1 occupations
   1.0000   1.0000
alpha m=2 occupations
   1.0000
beta m=-1 occupations
   1.0000
beta m=0 occupations
   1.0000   1.0000   1.0000
beta m=1 occupations
   1.0000
DIIS step
Evaluated energy -340.0121360977 (change from lowest -5.519372e-06)
Density matrix difference 9.229681e-05 between lowest-energy and newest entry


Iteration 94: 94 Fock evaluations energy -340.0121360977 change -5.519372e-06 DIIS error vector rms norm 6.550439e-05
History size 10
alpha m=-1 occupations
   1.0000
alpha m=0 occupations
   1.0000   1.0000   1.0000   1.0000   1.0000   1.0000
alpha m=1 occupations
   1.0000   1.0000
alpha m=2 occupations
   1.0000
beta m=-1 occupations
   1.0000
beta m=0 occupations
   1.0000   1.0000   1.0000
beta m=1 occupations
   1.0000
DIIS step
Evaluated energy -340.0121395429 (change from lowest -3.445284e-06)
Density matrix difference 5.735089e-05 between lowest-energy and newest entry


Iteration 95: 95 Fock evaluations energy -340.0121395429 change -3.445284e-06 DIIS error vector rms norm 6.571683e-05
History size 10
alpha m=-1 occupations
   1.0000
alpha m=0 occupations
   1.0000   1.0000   1.0000   1.0000   1.0000   1.0000
alpha m=1 occupations
   1.0000   1.0000
alpha m=2 occupations
   1.0000
beta m=-1 occupations
   1.0000
beta m=0 occupations
   1.0000   1.0000   1.0000
beta m=1 occupations
   1.0000
DIIS step
Evaluated energy -340.0121400393 (change from lowest -4.963405e-07)
Density matrix difference 8.218790e-06 between lowest-energy and newest entry


Iteration 96: 96 Fock evaluations energy -340.0121400393 change -4.963405e-07 DIIS error vector rms norm 6.574738e-05
History size 10
alpha m=-1 occupations
   1.0000
alpha m=0 occupations
   1.0000   1.0000   1.0000   1.0000   1.0000   1.0000
alpha m=1 occupations
   1.0000   1.0000
alpha m=2 occupations
   1.0000
beta m=-1 occupations
   1.0000
beta m=0 occupations
   1.0000   1.0000   1.0000
beta m=1 occupations
   1.0000
DIIS step
Evaluated energy -340.0121404184 (change from lowest -3.791242e-07)
Density matrix difference 6.283908e-06 between lowest-energy and newest entry


Iteration 97: 97 Fock evaluations energy -340.0121404184 change -3.791242e-07 DIIS error vector rms norm 6.577069e-05
History size 10
alpha m=-1 occupations
   1.0000
alpha m=0 occupations
   1.0000   1.0000   1.0000   1.0000   1.0000   1.0000
alpha m=1 occupations
   1.0000   1.0000
alpha m=2 occupations
   1.0000
beta m=-1 occupations
   1.0000
beta m=0 occupations
   1.0000   1.0000   1.0000
beta m=1 occupations
   1.0000
DIIS step
Evaluated energy -340.0121408151 (change from lowest -3.967000e-07)
Density matrix difference 6.583884e-06 between lowest-energy and newest entry


Iteration 98: 98 Fock evaluations energy -340.0121408151 change -3.967000e-07 DIIS error vector rms norm 6.579505e-05
History size 10
alpha m=-1 occupations
   1.0000
alpha m=0 occupations
   1.0000   1.0000   1.0000   1.0000   1.0000   1.0000
alpha m=1 occupations
   1.0000   1.0000
alpha m=2 occupations
   1.0000
beta m=-1 occupations
   1.0000
beta m=0 occupations
   1.0000   1.0000   1.0000
beta m=1 occupations
   1.0000
DIIS step
Evaluated energy -340.0121416529 (change from lowest -8.377654e-07)
Density matrix difference 1.391091e-05 between lowest-energy and newest entry


Iteration 99: 99 Fock evaluations energy -340.0121416529 change -8.377654e-07 DIIS error vector rms norm 6.584644e-05
History size 10
alpha m=-1 occupations
   1.0000
alpha m=0 occupations
   1.0000   1.0000   1.0000   1.0000   1.0000   1.0000
alpha m=1 occupations
   1.0000   1.0000
alpha m=2 occupations
   1.0000
beta m=-1 occupations
   1.0000
beta m=0 occupations
   1.0000   1.0000   1.0000
beta m=1 occupations
   1.0000
DIIS step
Evaluated energy -340.0121436775 (change from lowest -2.024652e-06)
Density matrix difference 3.358103e-05 between lowest-energy and newest entry


Iteration 100: 100 Fock evaluations energy -340.0121436775 change -2.024652e-06 DIIS error vector rms norm 6.597036e-05
History size 10
alpha m=-1 occupations
   1.0000
alpha m=0 occupations
   1.0000   1.0000   1.0000   1.0000   1.0000   1.0000
alpha m=1 occupations
   1.0000   1.0000
alpha m=2 occupations
   1.0000
beta m=-1 occupations
   1.0000
beta m=0 occupations
   1.0000   1.0000   1.0000
beta m=1 occupations
   1.0000
DIIS step
Evaluated energy -340.0121476956 (change from lowest -4.018031e-06)
Density matrix difference 6.645771e-05 between lowest-energy and newest entry

Running program took 1.73 s.
