ERKALE - HF/DFT from Hel, OpenMP version, running on 8 cores.
(c) Susi Lehtola, 2010-2016.

This program is free software; you can redistribute it and/or modify
it under the terms of the GNU General Public License as published by
the Free Software Foundation; either version 2 of the License, or
(at your option) any later version.

Running on host silver.

Current time is Fri 13 Feb 2026 15:48:49.

Current Settings used by ERKALE:
     AtomGuess      	                Auto	Method used for atomic guess (Auto for same as method)
     Basis          	            HGBSP3-7	Basis set used in calculation
     BasisCutoff    	           1.000e-08	Cutoff for dropping out small primitives from contraction
     BasisOrth      	                Auto	Method of orthonormalization of basis set
     BasisRotate    	               false	Rotate basis set to remove redundant functions?
     Charge         	                   0	Total charge of system
     CholDepThresh  	           1.000e-07	Partial Cholesky decomposition threshold
     Cholesky       	                true	Use Cholesky decomposition?
     CholeskyMode   	                   0	Save/load integrals? 0 no, 1 save, -1 load
     CholeskyNAFThr 	           0.000e+00	Cholesky natural auxiliary function threshold
     CholeskyShThr  	           1.000e-02	Cholesky cache threshold
     CholeskyThr    	           1.000e-07	Cholesky decomposition threshold
     Complexbas     	                true	Use complex basis?
     Confinement    	         0.0 0.0 0.0	Confinement potential V(r) = V_i x_i^2
     ConvThr        	           1.000e-06	Orbital gradient convergence threshold
     DFTBasisThr    	           1.000e-10	Threshold for screening basis functions on grid
     DFTCpars       	                    	Override parameters of correlation functional (expert)
     DFTDelta       	           1.000e+02	Switch to final DFT grid has converged within factor X
     DFTDensityThr  	           1.000e-10	Threshold for screening density on grid
     DFTFinalTol    	           1.000e-05	Tolerance of final DFT grid
     DFTGrid        	             75 -302	DFT integration grid to use: nrad lmax or Auto for adaptive
     DFTInitialTol  	           1.000e-04	Tolerance of initial DFT grid
     DFTLobatto     	               false	Use Lobatto quadrature instead of Lebedev quadrature?
     DFTQuadThresh  	           2.220e-16	Threshold for pruning points with small quadrature weight
     DFTXpars       	                    	Override parameters of exchange functional (expert)
     DIISComb       	               false	Combine alpha and beta errors in unrestricted calcs?
     DIISEps        	           1.000e-01	Start mixing in DIIS when error is
     DIISOrder      	                  10	How many DIIS iterations to keep in memory?
     DIISThr        	           1.000e-02	DIIS error threshold for DIIS updates
     DecFock        	               false	Use decontracted basis to calculate Fock matrix (direct HF)
     Decontract     	                   *	Indices of atoms to decontract basis set for
     DensityFitting 	               false	Use density fitting / RI?
     Direct         	               false	Calculate two-electron integrals (or density fitting) on-the-fly?
     EField         	         0.0 0.0 0.0	Electric field
     ErrorNorm      	                 rms	Error norm to use in the SCF code
     FittingBasis   	                Auto	Basis to use for density fitting / RI (Auto for automatic)
     FittingCholeskyThreshold	           1.000e-08	Linear dependence threshold for pivoted Cholesky of Coulomb integrals in density fitting
     FittingMemory  	                1000	Amount of memory in MB to use for exchange fitting
     FittingThreshold	           1.000e-07	Linear dependence threshold for Coulomb integrals in density fitting
     Guess          	              sapfit	Used guess: SAD (default), SADNO, core, GWH, SAP, or SAPfit
     InitConvThr    	           1.000e-05	Initialization convergence threshold
     InputBohr      	               false	Use atomic units as input units instead of angstrom?
     IntegralThresh 	           1.000e-10	Integral screening threshold
     Kgwh           	           1.750e+00	Scaling constant for GWH
     LinDepThresh   	           1.000e-05	Basis set linear dependency threshold
     LinearB        	           8.000e-02	Magnetic field along bond axis
     LinearFreeze   	               false	If using linear symmetry, freeze symmetry to input guess
     LinearOccupationFile	      ../../P_8.occs	File to read linear occupations from
     LinearOccupations	                  -1	Read in occupations for linear molecule calculations?
     LinearSymmetry 	                true	Do special calculation on linear molecule along z axis
     LoadChk        	                    	Checkpoint file to load from
     Logfile        	          erkale.log	File to print out full information, stdout for screen
     MaxInitIter    	                  50	Maximum number of iterations in the stepwise solutions
     MaxIter        	                 100	Maximum number of iterations in SCF cycle
     Method         	                  HF	Method used in calculation (HF or a DFT functional)
     Multiplicity   	                   6	Spin multiplicity
     NLGrid         	             50 -194	Integration grid to use for nonlocal correlation: nrad lmax
     Occupancies    	                    	Orbital occupancies
     OptLM          	               false	If spherical harmonics used, use cartesian s and p functions?
     PZ             	               false	Perform Perdew-Zunger self-interaction correction?
     PZEthr         	           1.000e-10	Threshold for energy convergence
     PZIthr         	           1.000e-02	Threshold for initialization convergence (not too small!)
     PZNRthr        	           0.000e+00	Threshold for use of NR method in OO optimization
     PZOOthr        	           1.000e-04	Gradient threshold for OO optimization
     PZOVthr        	           1.000e-05	Gradient threshold for OV optimization
     PZimag         	                Auto	Imaginary degrees of freedom in PZ?
     PZiter         	                  20	Max number of iterations in self-consistency iteration
     PZloc          	                Auto	Initial localization before SIC calculation?
     PZlocmet       	                  FB	Initial localization method (recommend FB or IAO)
     PZmode         	                  XC	Apply PZ to the operators (in addition to J): X C D
     PZoo           	                true	Optimize OO block?
     PZov           	                true	Optimize OV block?
     PZprec         	                   1	Precondition OV block? 0: no, 1: unified, 2: orbital
     PZrand         	                true	Apply random rotation in PZ initialization? (Should be true)
     PZscale        	            Constant	Scaling for PZ: Constant, Density or Kinetic
     PZscaleExp     	           1.000e+00	Exponent in the dynamic scaling equation
     PZseed         	                   0	Seed number for randomized matrices?
     PZstab         	                   0	Stability analysis for PZ-SIC? 1 or -1 for OO, 2 or -2 for OO+OV
     PZstabThr      	           1.000e-03	Instability threshold (interpreted as -thr)
     PZw            	           1.000e+00	Weight for Perdew-Zunger self-interaction correction
     Restricted     	               false	Spin restricted?
     SAPBasis       	    helfem_large.gbs	Tabulated atomic effective potential "basis set"
     SAPGrid        	                    	SAP integration grid to use: nrad lmax or leave empty
     SaveChk        	   complex_basis.chk	Checkpoint file to save to
     Shift          	           0.000e+00	Level shift to use in Hartree
     System         	        ../atoms.xyz	System as an xyz file
     TRRHminS       	           9.750e-01	Trust-Region Roothaan-Hall minimal occupied orbital overlap
     UseADIIS       	                true	Use ADIIS for Fock matrix interpolation?
     UseBroyden     	               false	Use Broyden mixing of Fock matrices?
     UseDIIS        	                true	Use Pulay's Direct Inversion in the Iterative Subspace?
     UseLM          	                true	Use a spherical harmonics basis set by default?
     UseTRRH        	               false	Use Trust-Region Roothaan-Hall?
     VV10           	                Auto	Use VV10 non-local correlation?
     VV10Pars       	                    	VV10 parameters: b C
     Verbose        	                true	Verbose calculation?
     Verbosity      	                   5	Verboseness level

Basis set HGBSP3-7 found in file HGBSP3-7.gbs in /home/lehtola/programs/erkale/basis/.
Basis set helfem_large.gbs found in file helfem_large.gbs in /home/lehtola/programs/erkale/basis/.
Screening by shell pairs and symmetry reduced dofs by factor 2.05.
Individual screening reduced dofs by a total factor 2.05.
Computing Cholesky vectors. Estimated memory size is 729 Mi - 2 Gi.
Cholesky vectors no     0 -     0 computed, error is 1.489003e+02 (0.00 s).
Cholesky vectors no     1 -     1 computed, error is 4.110827e+01 (0.00 s).
Cholesky vectors no     2 -     2 computed, error is 1.719168e+01 (0.00 s).
Cholesky vectors no     3 -     8 computed, error is 1.575777e+01 (0.01 s).
Cholesky vectors no     9 -     9 computed, error is 9.196731e+00 (0.00 s).
Cholesky vectors no    10 -    12 computed, error is 7.089109e+00 (0.01 s).
Cholesky vectors no    13 -    18 computed, error is 2.534901e+00 (0.02 s).
Cholesky vectors no    19 -    33 computed, error is 2.391498e+00 (0.08 s).
Cholesky vectors no    34 -    36 computed, error is 2.176939e+00 (0.02 s).
Cholesky vectors no    37 -    37 computed, error is 1.462924e+00 (0.01 s).
Cholesky vectors no    38 -    47 computed, error is 1.158334e+00 (0.06 s).
Cholesky vectors no    48 -    53 computed, error is 9.517164e-01 (0.04 s).
Cholesky vectors no    54 -    98 computed, error is 7.568645e-01 (0.24 s).
Cholesky vectors no    99 -   101 computed, error is 7.266244e-01 (0.07 s).
Cholesky vectors no   102 -   116 computed, error is 6.492763e-01 (0.11 s).
Cholesky vectors no   117 -   137 computed, error is 4.342563e-01 (0.16 s).
Cholesky vectors no   138 -   138 computed, error is 3.598807e-01 (0.01 s).
Cholesky vectors no   139 -   183 computed, error is 2.698336e-01 (0.42 s).
Cholesky vectors no   184 -   219 computed, error is 2.132130e-01 (0.47 s).
Cholesky vectors no   220 -   247 computed, error is 1.937744e-01 (0.34 s).
Cholesky vectors no   248 -   257 computed, error is 1.397479e-01 (0.12 s).
Cholesky vectors no   258 -   302 computed, error is 1.382556e-01 (0.67 s).
Cholesky vectors no   303 -   338 computed, error is 1.170556e-01 (0.50 s).
Cholesky vectors no   339 -   339 computed, error is 9.869732e-02 (0.01 s).
Cholesky vectors no   340 -   342 computed, error is 7.373124e-02 (0.04 s).
Cholesky vectors no   343 -   378 computed, error is 7.304955e-02 (0.51 s).
Cholesky vectors no   379 -   423 computed, error is 6.893923e-02 (0.86 s).
Cholesky vectors no   424 -   438 computed, error is 6.677903e-02 (0.25 s).
Cholesky vectors no   439 -   441 computed, error is 5.440372e-02 (0.05 s).
Cholesky vectors no   442 -   486 computed, error is 4.887621e-02 (0.78 s).
Cholesky vectors no   487 -   492 computed, error is 4.362832e-02 (0.10 s).
Cholesky vectors no   493 -   502 computed, error is 4.007931e-02 (0.33 s).
Cholesky vectors no   503 -   503 computed, error is 3.915683e-02 (0.02 s).
Cholesky vectors no   504 -   539 computed, error is 3.611903e-02 (0.67 s).
Cholesky vectors no   540 -   567 computed, error is 3.239489e-02 (0.51 s).
Cholesky vectors no   568 -   612 computed, error is 3.225551e-02 (1.00 s).
Cholesky vectors no   613 -   613 computed, error is 2.663956e-02 (0.02 s).
Cholesky vectors no   614 -   634 computed, error is 2.115981e-02 (0.41 s).
Cholesky vectors no   635 -   679 computed, error is 2.071827e-02 (1.05 s).
Cholesky vectors no   680 -   715 computed, error is 1.368487e-02 (1.06 s).
Cholesky vectors no   716 -   751 computed, error is 1.273054e-02 (0.88 s).
Cholesky vectors no   752 -   796 computed, error is 1.230559e-02 (1.00 s).
Cholesky vectors no   797 -   817 computed, error is 1.094975e-02 (0.78 s).
Cholesky vectors no   818 -   862 computed, error is 1.092509e-02 (1.18 s).
Cholesky vectors no   863 -   898 computed, error is 7.633519e-03 (0.93 s).
Cholesky vectors no   899 -   901 computed, error is 7.413432e-03 (0.32 s).
Cholesky vectors no   902 -   946 computed, error is 6.370941e-03 (1.16 s).
Cholesky vectors no   947 -   982 computed, error is 5.741025e-03 (0.94 s).
Cholesky vectors no   983 -  1018 computed, error is 4.839614e-03 (1.25 s).
Cholesky vectors no  1019 -  1063 computed, error is 4.286937e-03 (1.28 s).
Cholesky vectors no  1064 -  1066 computed, error is 4.001911e-03 (0.09 s).
Cholesky vectors no  1067 -  1111 computed, error is 3.425565e-03 (1.61 s).
Cholesky vectors no  1112 -  1118 computed, error is 3.353739e-03 (0.23 s).
Cholesky vectors no  1119 -  1154 computed, error is 2.505009e-03 (1.09 s).
Cholesky vectors no  1155 -  1160 computed, error is 2.141971e-03 (0.19 s).
Cholesky vectors no  1161 -  1189 computed, error is 1.794216e-03 (0.88 s).
Cholesky vectors no  1190 -  1225 computed, error is 1.769457e-03 (1.46 s).
Cholesky vectors no  1226 -  1261 computed, error is 1.569258e-03 (1.19 s).
Cholesky vectors no  1262 -  1306 computed, error is 9.355875e-04 (1.95 s).
Cholesky vectors no  1307 -  1317 computed, error is 9.268405e-04 (0.40 s).
Cholesky vectors no  1318 -  1353 computed, error is 8.774916e-04 (1.35 s).
Cholesky vectors no  1354 -  1356 computed, error is 8.536696e-04 (0.11 s).
Cholesky vectors no  1357 -  1401 computed, error is 7.390593e-04 (2.02 s).
Cholesky vectors no  1402 -  1402 computed, error is 6.487677e-04 (0.04 s).
Cholesky vectors no  1403 -  1412 computed, error is 6.054676e-04 (0.38 s).
Cholesky vectors no  1413 -  1427 computed, error is 5.168352e-04 (0.57 s).
Cholesky vectors no  1428 -  1472 computed, error is 4.460761e-04 (1.75 s).
Cholesky vectors no  1473 -  1508 computed, error is 4.135009e-04 (1.82 s).
Cholesky vectors no  1509 -  1511 computed, error is 3.940827e-04 (0.12 s).
Cholesky vectors no  1512 -  1539 computed, error is 3.766055e-04 (1.15 s).
Cholesky vectors no  1540 -  1572 computed, error is 3.446011e-04 (1.35 s).
Cholesky vectors no  1573 -  1579 computed, error is 2.454287e-04 (0.28 s).
Cholesky vectors no  1580 -  1624 computed, error is 1.908053e-04 (2.28 s).
Cholesky vectors no  1625 -  1627 computed, error is 1.449082e-04 (0.13 s).
Cholesky vectors no  1628 -  1628 computed, error is 7.674112e-05 (0.04 s).
Cholesky vectors no  1629 -  1664 computed, error is 7.232728e-05 (1.54 s).
Cholesky vectors no  1665 -  1670 computed, error is 7.131629e-05 (0.26 s).
Cholesky vectors no  1671 -  1691 computed, error is 6.417655e-05 (0.94 s).
Cholesky vectors no  1692 -  1692 computed, error is 6.310345e-05 (0.04 s).
Cholesky vectors no  1693 -  1737 computed, error is 5.042534e-05 (2.43 s).
Cholesky vectors no  1738 -  1773 computed, error is 2.667132e-05 (1.61 s).
Cholesky vectors no  1774 -  1776 computed, error is 2.425825e-05 (0.13 s).
Cholesky vectors no  1777 -  1821 computed, error is 1.918947e-05 (2.53 s).
Cholesky vectors no  1822 -  1857 computed, error is 1.549286e-05 (1.78 s).
Cholesky vectors no  1858 -  1860 computed, error is 1.527674e-05 (0.15 s).
Cholesky vectors no  1861 -  1905 computed, error is 1.320752e-05 (2.79 s).
Cholesky vectors no  1906 -  1941 computed, error is 1.186576e-05 (1.88 s).
Cholesky vectors no  1942 -  1942 computed, error is 1.076855e-05 (0.05 s).
Cholesky vectors no  1943 -  1987 computed, error is 8.858817e-06 (2.37 s).
Cholesky vectors no  1988 -  2032 computed, error is 8.424816e-06 (2.97 s).
Cholesky vectors no  2033 -  2038 computed, error is 7.641599e-06 (0.33 s).
Cholesky vectors no  2039 -  2066 computed, error is 7.433259e-06 (1.49 s).
Cholesky vectors no  2067 -  2102 computed, error is 3.708599e-06 (2.41 s).
Cholesky vectors no  2103 -  2147 computed, error is 3.260683e-06 (2.59 s).
Cholesky vectors no  2148 -  2157 computed, error is 2.878951e-06 (0.57 s).
Cholesky vectors no  2158 -  2193 computed, error is 2.803399e-06 (2.07 s).
Cholesky vectors no  2194 -  2208 computed, error is 2.801859e-06 (1.38 s).
Cholesky vectors no  2209 -  2244 computed, error is 2.729149e-06 (2.08 s).
Cholesky vectors no  2245 -  2245 computed, error is 2.164117e-06 (0.06 s).
Cholesky vectors no  2246 -  2290 computed, error is 1.550276e-06 (2.59 s).
Cholesky vectors no  2291 -  2295 computed, error is 1.472033e-06 (0.28 s).
Cholesky vectors no  2296 -  2304 computed, error is 1.332619e-06 (1.06 s).
Cholesky vectors no  2305 -  2349 computed, error is 1.173574e-06 (2.57 s).
Cholesky vectors no  2350 -  2362 computed, error is 1.106286e-06 (0.77 s).
Cholesky vectors no  2363 -  2398 computed, error is 1.062298e-06 (2.03 s).
Cholesky vectors no  2399 -  2399 computed, error is 6.804610e-07 (0.06 s).
Cholesky vectors no  2400 -  2402 computed, error is 6.391786e-07 (0.76 s).
Cholesky vectors no  2403 -  2447 computed, error is 5.220550e-07 (2.59 s).
Cholesky vectors no  2448 -  2483 computed, error is 4.852711e-07 (2.09 s).
Cholesky vectors no  2484 -  2484 computed, error is 4.341994e-07 (0.06 s).
Cholesky vectors no  2485 -  2520 computed, error is 3.561095e-07 (2.72 s).
Cholesky vectors no  2521 -  2529 computed, error is 3.042539e-07 (0.53 s).
Cholesky vectors no  2530 -  2535 computed, error is 2.913391e-07 (0.35 s).
Cholesky vectors no  2536 -  2571 computed, error is 1.930337e-07 (2.16 s).
Cholesky vectors no  2572 -  2616 computed, error is 1.820139e-07 (3.35 s).
Cholesky vectors no  2617 -  2661 computed, error is 1.326480e-07 (2.77 s).
Cholesky vectors no  2662 -  2674 computed, error is 1.246082e-07 (0.80 s).
Cholesky vectors no  2675 -  2710 computed, error is 1.146566e-07 (2.95 s).
Cholesky vectors no  2711 -  2715 computed, error is 1.061835e-07 (0.33 s).
Cholesky vectors no  2716 -  2760 computed, error is 7.698553e-08 (2.94 s).
Cholesky decomposition finished in 1 min 56.03 s. Realized memory size is 1 Gi 665 Mi 317 ki.
Time use: integrals 2.7 %, linear algebra 97.3 %.
3615 shell pairs and 1 nuclei
SAP potential formed in 0.064 s.
Smallest eigenvalue of overlap matrix is 5.67e-03, reciprocal condition number is 1.66e-03.
Using symmetric orthogonalization.
Smallest eigenvalue of overlap matrix is 3.29e-03, reciprocal condition number is 8.90e-04.
Using symmetric orthogonalization.
Smallest eigenvalue of overlap matrix is 2.40e-03, reciprocal condition number is 6.07e-04.
Using symmetric orthogonalization.
Smallest eigenvalue of overlap matrix is 1.33e-03, reciprocal condition number is 2.97e-04.
Using symmetric orthogonalization.
Smallest eigenvalue of overlap matrix is 5.20e-04, reciprocal condition number is 9.22e-05.
Using symmetric orthogonalization.
Smallest eigenvalue of overlap matrix is 1.33e-03, reciprocal condition number is 2.97e-04.
Using symmetric orthogonalization.
Smallest eigenvalue of overlap matrix is 2.40e-03, reciprocal condition number is 6.07e-04.
Using symmetric orthogonalization.
Smallest eigenvalue of overlap matrix is 3.29e-03, reciprocal condition number is 8.90e-04.
Using symmetric orthogonalization.
Smallest eigenvalue of overlap matrix is 5.67e-03, reciprocal condition number is 1.66e-03.
Using symmetric orthogonalization.
Nela = 10 Nelb = 5



Solving SCF
Evaluated energy -336.7741569668 (change from lowest -3.367742e+02)


Iteration 1: 1 Fock evaluations energy -336.7741569668 change -3.367742e+02 DIIS error vector rms norm 9.898697e-03
History size 1
alpha m=-1 occupations
   1.0000
alpha m=0 occupations
   1.0000   1.0000   1.0000   1.0000   1.0000   1.0000
alpha m=1 occupations
   1.0000   1.0000
alpha m=2 occupations
   1.0000
beta m=-1 occupations
   1.0000
beta m=0 occupations
   1.0000   1.0000   1.0000
beta m=1 occupations
   1.0000
EDIIS+DIIS step
Evaluated energy -339.8762726013 (change from lowest -3.102116e+00)
Density matrix difference 5.384504e-02 between lowest-energy and newest entry


Iteration 2: 2 Fock evaluations energy -339.8762726013 change -3.102116e+00 DIIS error vector rms norm 1.764370e-03
History size 2
alpha m=-1 occupations
   1.0000
alpha m=0 occupations
   1.0000   1.0000   1.0000   1.0000   1.0000   1.0000
alpha m=1 occupations
   1.0000   1.0000
alpha m=2 occupations
   1.0000
beta m=-1 occupations
   1.0000
beta m=0 occupations
   1.0000   1.0000   1.0000
beta m=1 occupations
   1.0000
EDIIS+DIIS step
Evaluated energy -339.9400972006 (change from lowest -6.382460e-02)
Density matrix difference 1.206222e-02 between lowest-energy and newest entry


Iteration 3: 3 Fock evaluations energy -339.9400972006 change -6.382460e-02 DIIS error vector rms norm 4.460953e-04
History size 3
alpha m=-1 occupations
   1.0000
alpha m=0 occupations
   1.0000   1.0000   1.0000   1.0000   1.0000   1.0000
alpha m=1 occupations
   1.0000   1.0000
alpha m=2 occupations
   1.0000
beta m=-1 occupations
   1.0000
beta m=0 occupations
   1.0000   1.0000   1.0000
beta m=1 occupations
   1.0000
EDIIS+DIIS step
Evaluated energy -339.9436213665 (change from lowest -3.524166e-03)
Density matrix difference 2.521449e-03 between lowest-energy and newest entry


Iteration 4: 4 Fock evaluations energy -339.9436213665 change -3.524166e-03 DIIS error vector rms norm 1.392454e-04
History size 4
alpha m=-1 occupations
   1.0000
alpha m=0 occupations
   1.0000   1.0000   1.0000   1.0000   1.0000   1.0000
alpha m=1 occupations
   1.0000   1.0000
alpha m=2 occupations
   1.0000
beta m=-1 occupations
   1.0000
beta m=0 occupations
   1.0000   1.0000   1.0000
beta m=1 occupations
   1.0000
EDIIS+DIIS step
Evaluated energy -339.9452017203 (change from lowest -1.580354e-03)
Density matrix difference 1.438614e-03 between lowest-energy and newest entry


Iteration 5: 5 Fock evaluations energy -339.9452017203 change -1.580354e-03 DIIS error vector rms norm 9.745711e-05
History size 5
alpha m=-1 occupations
   1.0000
alpha m=0 occupations
   1.0000   1.0000   1.0000   1.0000   1.0000   1.0000
alpha m=1 occupations
   1.0000   1.0000
alpha m=2 occupations
   1.0000
beta m=-1 occupations
   1.0000
beta m=0 occupations
   1.0000   1.0000   1.0000
beta m=1 occupations
   1.0000
DIIS step
Evaluated energy -339.9471541863 (change from lowest -1.952466e-03)
Density matrix difference 1.618276e-03 between lowest-energy and newest entry


Iteration 6: 6 Fock evaluations energy -339.9471541863 change -1.952466e-03 DIIS error vector rms norm 8.512172e-05
History size 6
alpha m=-1 occupations
   1.0000
alpha m=0 occupations
   1.0000   1.0000   1.0000   1.0000   1.0000   1.0000
alpha m=1 occupations
   1.0000   1.0000
alpha m=2 occupations
   1.0000
beta m=-1 occupations
   1.0000
beta m=0 occupations
   1.0000   1.0000   1.0000
beta m=1 occupations
   1.0000
DIIS step
Evaluated energy -339.9484425991 (change from lowest -1.288413e-03)
Density matrix difference 1.032484e-03 between lowest-energy and newest entry


Iteration 7: 7 Fock evaluations energy -339.9484425991 change -1.288413e-03 DIIS error vector rms norm 8.847054e-05
History size 7
alpha m=-1 occupations
   1.0000
alpha m=0 occupations
   1.0000   1.0000   1.0000   1.0000   1.0000   1.0000
alpha m=1 occupations
   1.0000   1.0000
alpha m=2 occupations
   1.0000
beta m=-1 occupations
   1.0000
beta m=0 occupations
   1.0000   1.0000   1.0000
beta m=1 occupations
   1.0000
DIIS step
Evaluated energy -339.9479403411 (change from lowest 5.022580e-04)
Density matrix difference 4.090051e-04 between lowest-energy and newest entry


Iteration 8: 8 Fock evaluations energy -339.9484425991 change  0.000000e+00 DIIS error vector rms norm 8.847054e-05
History size 8
alpha m=-1 occupations
   1.0000
alpha m=0 occupations
   1.0000   1.0000   1.0000   1.0000   1.0000   1.0000
alpha m=1 occupations
   1.0000   1.0000
alpha m=2 occupations
   1.0000
beta m=-1 occupations
   1.0000
beta m=0 occupations
   1.0000   1.0000   1.0000
beta m=1 occupations
   1.0000
DIIS step
Evaluated energy -339.9479802240 (change from lowest 4.623751e-04)
Density matrix difference 3.773845e-04 between lowest-energy and newest entry


Iteration 9: 9 Fock evaluations energy -339.9484425991 change  0.000000e+00 DIIS error vector rms norm 8.847054e-05
History size 9
alpha m=-1 occupations
   1.0000
alpha m=0 occupations
   1.0000   1.0000   1.0000   1.0000   1.0000   1.0000
alpha m=1 occupations
   1.0000   1.0000
alpha m=2 occupations
   1.0000
beta m=-1 occupations
   1.0000
beta m=0 occupations
   1.0000   1.0000   1.0000
beta m=1 occupations
   1.0000
DIIS step
Evaluated energy -339.9480031063 (change from lowest 4.394928e-04)
Density matrix difference 3.590268e-04 between lowest-energy and newest entry


Iteration 10: 10 Fock evaluations energy -339.9484425991 change  0.000000e+00 DIIS error vector rms norm 8.847054e-05
History size 10
alpha m=-1 occupations
   1.0000
alpha m=0 occupations
   1.0000   1.0000   1.0000   1.0000   1.0000   1.0000
alpha m=1 occupations
   1.0000   1.0000
alpha m=2 occupations
   1.0000
beta m=-1 occupations
   1.0000
beta m=0 occupations
   1.0000   1.0000   1.0000
beta m=1 occupations
   1.0000
DIIS step
Evaluated energy -339.9480176325 (change from lowest 4.249666e-04)
Density matrix difference 3.472929e-04 between lowest-energy and newest entry


Iteration 11: 11 Fock evaluations energy -339.9484425991 change  0.000000e+00 DIIS error vector rms norm 8.847054e-05
History size 10
alpha m=-1 occupations
   1.0000
alpha m=0 occupations
   1.0000   1.0000   1.0000   1.0000   1.0000   1.0000
alpha m=1 occupations
   1.0000   1.0000
alpha m=2 occupations
   1.0000
beta m=-1 occupations
   1.0000
beta m=0 occupations
   1.0000   1.0000   1.0000
beta m=1 occupations
   1.0000
DIIS step
Evaluated energy -339.9480274311 (change from lowest 4.151679e-04)
Density matrix difference 3.393435e-04 between lowest-energy and newest entry


Iteration 12: 12 Fock evaluations energy -339.9484425991 change  0.000000e+00 DIIS error vector rms norm 8.847054e-05
History size 10
alpha m=-1 occupations
   1.0000
alpha m=0 occupations
   1.0000   1.0000   1.0000   1.0000   1.0000   1.0000
alpha m=1 occupations
   1.0000   1.0000
alpha m=2 occupations
   1.0000
beta m=-1 occupations
   1.0000
beta m=0 occupations
   1.0000   1.0000   1.0000
beta m=1 occupations
   1.0000
Switching to optimal damping for next iterations
DIIS step
Evaluated energy -339.9483727147 (change from lowest 6.988435e-05)
Density matrix difference 1.009009e-04 between lowest-energy and newest entry


Iteration 13: 13 Fock evaluations energy -339.9484425991 change  0.000000e+00 DIIS error vector rms norm 8.847054e-05
History size 10
alpha m=-1 occupations
   1.0000
alpha m=0 occupations
   1.0000   1.0000   1.0000   1.0000   1.0000   1.0000
alpha m=1 occupations
   1.0000   1.0000
alpha m=2 occupations
   1.0000
beta m=-1 occupations
   1.0000
beta m=0 occupations
   1.0000   1.0000   1.0000
beta m=1 occupations
   1.0000
Switching to optimal damping for next iterations
DIIS step
Evaluated energy -339.9483501812 (change from lowest 9.241787e-05)
Density matrix difference 1.166839e-04 between lowest-energy and newest entry


Iteration 14: 14 Fock evaluations energy -339.9484425991 change  0.000000e+00 DIIS error vector rms norm 8.847054e-05
History size 10
alpha m=-1 occupations
   1.0000
alpha m=0 occupations
   1.0000   1.0000   1.0000   1.0000   1.0000   1.0000
alpha m=1 occupations
   1.0000   1.0000
alpha m=2 occupations
   1.0000
beta m=-1 occupations
   1.0000
beta m=0 occupations
   1.0000   1.0000   1.0000
beta m=1 occupations
   1.0000
Switching to optimal damping for next iterations
DIIS step
Evaluated energy -339.9484836537 (change from lowest -4.105457e-05)
Density matrix difference 1.146854e-04 between lowest-energy and newest entry


Iteration 15: 15 Fock evaluations energy -339.9484836537 change -4.105457e-05 DIIS error vector rms norm 8.803713e-05
History size 10
alpha m=-1 occupations
   1.0000
alpha m=0 occupations
   1.0000   1.0000   1.0000   1.0000   1.0000   1.0000
alpha m=1 occupations
   1.0000   1.0000
alpha m=2 occupations
   1.0000
beta m=-1 occupations
   1.0000
beta m=0 occupations
   1.0000   1.0000   1.0000
beta m=1 occupations
   1.0000
DIIS step
Evaluated energy -339.9482891604 (change from lowest 1.944933e-04)
Density matrix difference 1.489826e-04 between lowest-energy and newest entry


Iteration 16: 16 Fock evaluations energy -339.9484836537 change  0.000000e+00 DIIS error vector rms norm 8.803713e-05
History size 10
alpha m=-1 occupations
   1.0000
alpha m=0 occupations
   1.0000   1.0000   1.0000   1.0000   1.0000   1.0000
alpha m=1 occupations
   1.0000   1.0000
alpha m=2 occupations
   1.0000
beta m=-1 occupations
   1.0000
beta m=0 occupations
   1.0000   1.0000   1.0000
beta m=1 occupations
   1.0000
DIIS step
Evaluated energy -339.9491611840 (change from lowest -6.775303e-04)
Density matrix difference 6.821519e-04 between lowest-energy and newest entry


Iteration 17: 17 Fock evaluations energy -339.9491611840 change -6.775303e-04 DIIS error vector rms norm 9.024768e-05
History size 10
alpha m=-1 occupations
   1.0000
alpha m=0 occupations
   1.0000   1.0000   1.0000   1.0000   1.0000   1.0000
alpha m=1 occupations
   1.0000   1.0000
alpha m=2 occupations
   1.0000
beta m=-1 occupations
   1.0000
beta m=0 occupations
   1.0000   1.0000   1.0000
beta m=1 occupations
   1.0000
DIIS step
Evaluated energy -339.9482403685 (change from lowest 9.208155e-04)
Density matrix difference 7.290064e-04 between lowest-energy and newest entry


Iteration 18: 18 Fock evaluations energy -339.9491611840 change  0.000000e+00 DIIS error vector rms norm 9.024768e-05
History size 10
alpha m=-1 occupations
   1.0000
alpha m=0 occupations
   1.0000   1.0000   1.0000   1.0000   1.0000   1.0000
alpha m=1 occupations
   1.0000   1.0000
alpha m=2 occupations
   1.0000
beta m=-1 occupations
   1.0000
beta m=0 occupations
   1.0000   1.0000   1.0000
beta m=1 occupations
   1.0000
DIIS step
Evaluated energy -339.9483151545 (change from lowest 8.460295e-04)
Density matrix difference 6.699076e-04 between lowest-energy and newest entry


Iteration 19: 19 Fock evaluations energy -339.9491611840 change  0.000000e+00 DIIS error vector rms norm 9.024768e-05
History size 10
alpha m=-1 occupations
   1.0000
alpha m=0 occupations
   1.0000   1.0000   1.0000   1.0000   1.0000   1.0000
alpha m=1 occupations
   1.0000   1.0000
alpha m=2 occupations
   1.0000
beta m=-1 occupations
   1.0000
beta m=0 occupations
   1.0000   1.0000   1.0000
beta m=1 occupations
   1.0000
DIIS step
Evaluated energy -339.9484151793 (change from lowest 7.460046e-04)
Density matrix difference 5.907334e-04 between lowest-energy and newest entry


Iteration 20: 20 Fock evaluations energy -339.9491611840 change  0.000000e+00 DIIS error vector rms norm 9.024768e-05
History size 10
alpha m=-1 occupations
   1.0000
alpha m=0 occupations
   1.0000   1.0000   1.0000   1.0000   1.0000   1.0000
alpha m=1 occupations
   1.0000   1.0000
alpha m=2 occupations
   1.0000
beta m=-1 occupations
   1.0000
beta m=0 occupations
   1.0000   1.0000   1.0000
beta m=1 occupations
   1.0000
DIIS step
Evaluated energy -339.9485482225 (change from lowest 6.129615e-04)
Density matrix difference 4.857183e-04 between lowest-energy and newest entry


Iteration 21: 21 Fock evaluations energy -339.9491611840 change  0.000000e+00 DIIS error vector rms norm 9.024768e-05
History size 10
alpha m=-1 occupations
   1.0000
alpha m=0 occupations
   1.0000   1.0000   1.0000   1.0000   1.0000   1.0000
alpha m=1 occupations
   1.0000   1.0000
alpha m=2 occupations
   1.0000
beta m=-1 occupations
   1.0000
beta m=0 occupations
   1.0000   1.0000   1.0000
beta m=1 occupations
   1.0000
DIIS step
Evaluated energy -339.9487170436 (change from lowest 4.441404e-04)
Density matrix difference 3.534922e-04 between lowest-energy and newest entry


Iteration 22: 22 Fock evaluations energy -339.9491611840 change  0.000000e+00 DIIS error vector rms norm 9.024768e-05
History size 10
alpha m=-1 occupations
   1.0000
alpha m=0 occupations
   1.0000   1.0000   1.0000   1.0000   1.0000   1.0000
alpha m=1 occupations
   1.0000   1.0000
alpha m=2 occupations
   1.0000
beta m=-1 occupations
   1.0000
beta m=0 occupations
   1.0000   1.0000   1.0000
beta m=1 occupations
   1.0000
Switching to optimal damping for next iterations
DIIS step
Evaluated energy -339.9489349366 (change from lowest 2.262474e-04)
Density matrix difference 1.854475e-04 between lowest-energy and newest entry


Iteration 23: 23 Fock evaluations energy -339.9491611840 change  0.000000e+00 DIIS error vector rms norm 9.024768e-05
History size 10
alpha m=-1 occupations
   1.0000
alpha m=0 occupations
   1.0000   1.0000   1.0000   1.0000   1.0000   1.0000
alpha m=1 occupations
   1.0000   1.0000
alpha m=2 occupations
   1.0000
beta m=-1 occupations
   1.0000
beta m=0 occupations
   1.0000   1.0000   1.0000
beta m=1 occupations
   1.0000
Switching to optimal damping for next iterations
DIIS step
Evaluated energy -339.9488084294 (change from lowest 3.527546e-04)
Density matrix difference 2.829600e-04 between lowest-energy and newest entry


Iteration 24: 24 Fock evaluations energy -339.9491611840 change  0.000000e+00 DIIS error vector rms norm 9.024768e-05
History size 10
alpha m=-1 occupations
   1.0000
alpha m=0 occupations
   1.0000   1.0000   1.0000   1.0000   1.0000   1.0000
alpha m=1 occupations
   1.0000   1.0000
alpha m=2 occupations
   1.0000
beta m=-1 occupations
   1.0000
beta m=0 occupations
   1.0000   1.0000   1.0000
beta m=1 occupations
   1.0000
Switching to optimal damping for next iterations
DIIS step
Evaluated energy -339.9488712106 (change from lowest 2.899734e-04)
Density matrix difference 2.317879e-04 between lowest-energy and newest entry


Iteration 25: 25 Fock evaluations energy -339.9491611840 change  0.000000e+00 DIIS error vector rms norm 9.024768e-05
History size 10
alpha m=-1 occupations
   1.0000
alpha m=0 occupations
   1.0000   1.0000   1.0000   1.0000   1.0000   1.0000
alpha m=1 occupations
   1.0000   1.0000
alpha m=2 occupations
   1.0000
beta m=-1 occupations
   1.0000
beta m=0 occupations
   1.0000   1.0000   1.0000
beta m=1 occupations
   1.0000
Switching to optimal damping for next iterations
DIIS step
Evaluated energy -339.9488322486 (change from lowest 3.289354e-04)
Density matrix difference 2.624164e-04 between lowest-energy and newest entry


Iteration 26: 26 Fock evaluations energy -339.9491611840 change  0.000000e+00 DIIS error vector rms norm 9.024768e-05
History size 10
alpha m=-1 occupations
   1.0000
alpha m=0 occupations
   1.0000   1.0000   1.0000   1.0000   1.0000   1.0000
alpha m=1 occupations
   1.0000   1.0000
alpha m=2 occupations
   1.0000
beta m=-1 occupations
   1.0000
beta m=0 occupations
   1.0000   1.0000   1.0000
beta m=1 occupations
   1.0000
Switching to optimal damping for next iterations
DIIS step
Evaluated energy -339.9489550228 (change from lowest 2.061612e-04)
Density matrix difference 1.680173e-04 between lowest-energy and newest entry


Iteration 27: 27 Fock evaluations energy -339.9491611840 change  0.000000e+00 DIIS error vector rms norm 9.024768e-05
History size 10
alpha m=-1 occupations
   1.0000
alpha m=0 occupations
   1.0000   1.0000   1.0000   1.0000   1.0000   1.0000
alpha m=1 occupations
   1.0000   1.0000
alpha m=2 occupations
   1.0000
beta m=-1 occupations
   1.0000
beta m=0 occupations
   1.0000   1.0000   1.0000
beta m=1 occupations
   1.0000
Switching to optimal damping for next iterations
DIIS step
Evaluated energy -339.9492950885 (change from lowest -1.339045e-04)
Density matrix difference 2.648330e-04 between lowest-energy and newest entry


Iteration 28: 28 Fock evaluations energy -339.9492950885 change -1.339045e-04 DIIS error vector rms norm 9.030614e-05
History size 10
alpha m=-1 occupations
   1.0000
alpha m=0 occupations
   1.0000   1.0000   1.0000   1.0000   1.0000   1.0000
alpha m=1 occupations
   1.0000   1.0000
alpha m=2 occupations
   1.0000
beta m=-1 occupations
   1.0000
beta m=0 occupations
   1.0000   1.0000   1.0000
beta m=1 occupations
   1.0000
DIIS step
Evaluated energy -339.9492189470 (change from lowest 7.614148e-05)
Density matrix difference 5.811047e-05 between lowest-energy and newest entry


Iteration 29: 29 Fock evaluations energy -339.9492950885 change  0.000000e+00 DIIS error vector rms norm 9.030614e-05
History size 10
alpha m=-1 occupations
   1.0000
alpha m=0 occupations
   1.0000   1.0000   1.0000   1.0000   1.0000   1.0000
alpha m=1 occupations
   1.0000   1.0000
alpha m=2 occupations
   1.0000
beta m=-1 occupations
   1.0000
beta m=0 occupations
   1.0000   1.0000   1.0000
beta m=1 occupations
   1.0000
DIIS step
Evaluated energy -339.9494028608 (change from lowest -1.077723e-04)
Density matrix difference 1.415852e-04 between lowest-energy and newest entry


Iteration 30: 30 Fock evaluations energy -339.9494028608 change -1.077723e-04 DIIS error vector rms norm 9.069292e-05
History size 10
alpha m=-1 occupations
   1.0000
alpha m=0 occupations
   1.0000   1.0000   1.0000   1.0000   1.0000   1.0000
alpha m=1 occupations
   1.0000   1.0000
alpha m=2 occupations
   1.0000
beta m=-1 occupations
   1.0000
beta m=0 occupations
   1.0000   1.0000   1.0000
beta m=1 occupations
   1.0000
DIIS step
Evaluated energy -339.9494892697 (change from lowest -8.640888e-05)
Density matrix difference 6.580763e-05 between lowest-energy and newest entry


Iteration 31: 31 Fock evaluations energy -339.9494892697 change -8.640888e-05 DIIS error vector rms norm 9.091886e-05
History size 10
alpha m=-1 occupations
   1.0000
alpha m=0 occupations
   1.0000   1.0000   1.0000   1.0000   1.0000   1.0000
alpha m=1 occupations
   1.0000   1.0000
alpha m=2 occupations
   1.0000
beta m=-1 occupations
   1.0000
beta m=0 occupations
   1.0000   1.0000   1.0000
beta m=1 occupations
   1.0000
DIIS step
Evaluated energy -339.9495501344 (change from lowest -6.086478e-05)
Density matrix difference 4.637816e-05 between lowest-energy and newest entry


Iteration 32: 32 Fock evaluations energy -339.9495501344 change -6.086478e-05 DIIS error vector rms norm 9.108963e-05
History size 10
alpha m=-1 occupations
   1.0000
alpha m=0 occupations
   1.0000   1.0000   1.0000   1.0000   1.0000   1.0000
alpha m=1 occupations
   1.0000   1.0000
alpha m=2 occupations
   1.0000
beta m=-1 occupations
   1.0000
beta m=0 occupations
   1.0000   1.0000   1.0000
beta m=1 occupations
   1.0000
DIIS step
Evaluated energy -339.9495368191 (change from lowest 1.331532e-05)
Density matrix difference 1.018661e-05 between lowest-energy and newest entry


Iteration 33: 33 Fock evaluations energy -339.9495501344 change  0.000000e+00 DIIS error vector rms norm 9.108963e-05
History size 10
alpha m=-1 occupations
   1.0000
alpha m=0 occupations
   1.0000   1.0000   1.0000   1.0000   1.0000   1.0000
alpha m=1 occupations
   1.0000   1.0000
alpha m=2 occupations
   1.0000
beta m=-1 occupations
   1.0000
beta m=0 occupations
   1.0000   1.0000   1.0000
beta m=1 occupations
   1.0000
DIIS step
Evaluated energy -339.9494688359 (change from lowest 8.129851e-05)
Density matrix difference 6.190918e-05 between lowest-energy and newest entry


Iteration 34: 34 Fock evaluations energy -339.9495501344 change  0.000000e+00 DIIS error vector rms norm 9.108963e-05
History size 10
alpha m=-1 occupations
   1.0000
alpha m=0 occupations
   1.0000   1.0000   1.0000   1.0000   1.0000   1.0000
alpha m=1 occupations
   1.0000   1.0000
alpha m=2 occupations
   1.0000
beta m=-1 occupations
   1.0000
beta m=0 occupations
   1.0000   1.0000   1.0000
beta m=1 occupations
   1.0000
DIIS step
Evaluated energy -339.9497456241 (change from lowest -1.954897e-04)
Density matrix difference 2.127490e-04 between lowest-energy and newest entry


Iteration 35: 35 Fock evaluations energy -339.9497456241 change -1.954897e-04 DIIS error vector rms norm 9.172804e-05
History size 10
alpha m=-1 occupations
   1.0000
alpha m=0 occupations
   1.0000   1.0000   1.0000   1.0000   1.0000   1.0000
alpha m=1 occupations
   1.0000   1.0000
alpha m=2 occupations
   1.0000
beta m=-1 occupations
   1.0000
beta m=0 occupations
   1.0000   1.0000   1.0000
beta m=1 occupations
   1.0000
DIIS step
Evaluated energy -339.9498319116 (change from lowest -8.628747e-05)
Density matrix difference 6.537122e-05 between lowest-energy and newest entry


Iteration 36: 36 Fock evaluations energy -339.9498319116 change -8.628747e-05 DIIS error vector rms norm 9.197001e-05
History size 10
alpha m=-1 occupations
   1.0000
alpha m=0 occupations
   1.0000   1.0000   1.0000   1.0000   1.0000   1.0000
alpha m=1 occupations
   1.0000   1.0000
alpha m=2 occupations
   1.0000
beta m=-1 occupations
   1.0000
beta m=0 occupations
   1.0000   1.0000   1.0000
beta m=1 occupations
   1.0000
DIIS step
Evaluated energy -339.9501949372 (change from lowest -3.630256e-04)
Density matrix difference 2.741835e-04 between lowest-energy and newest entry


Iteration 37: 37 Fock evaluations energy -339.9501949372 change -3.630256e-04 DIIS error vector rms norm 9.301626e-05
History size 10
alpha m=-1 occupations
   1.0000
alpha m=0 occupations
   1.0000   1.0000   1.0000   1.0000   1.0000   1.0000
alpha m=1 occupations
   1.0000   1.0000
alpha m=2 occupations
   1.0000
beta m=-1 occupations
   1.0000
beta m=0 occupations
   1.0000   1.0000   1.0000
beta m=1 occupations
   1.0000
DIIS step
Evaluated energy -339.9501593580 (change from lowest 3.557917e-05)
Density matrix difference 2.685477e-05 between lowest-energy and newest entry


Iteration 38: 38 Fock evaluations energy -339.9501949372 change  0.000000e+00 DIIS error vector rms norm 9.301626e-05
History size 10
alpha m=-1 occupations
   1.0000
alpha m=0 occupations
   1.0000   1.0000   1.0000   1.0000   1.0000   1.0000
alpha m=1 occupations
   1.0000   1.0000
alpha m=2 occupations
   1.0000
beta m=-1 occupations
   1.0000
beta m=0 occupations
   1.0000   1.0000   1.0000
beta m=1 occupations
   1.0000
DIIS step
Evaluated energy -339.9499708846 (change from lowest 2.240526e-04)
Density matrix difference 1.690847e-04 between lowest-energy and newest entry


Iteration 39: 39 Fock evaluations energy -339.9501949372 change  0.000000e+00 DIIS error vector rms norm 9.301626e-05
History size 10
alpha m=-1 occupations
   1.0000
alpha m=0 occupations
   1.0000   1.0000   1.0000   1.0000   1.0000   1.0000
alpha m=1 occupations
   1.0000   1.0000
alpha m=2 occupations
   1.0000
beta m=-1 occupations
   1.0000
beta m=0 occupations
   1.0000   1.0000   1.0000
beta m=1 occupations
   1.0000
DIIS step
Evaluated energy -339.9502802781 (change from lowest -8.534094e-05)
Density matrix difference 2.330749e-04 between lowest-energy and newest entry


Iteration 40: 40 Fock evaluations energy -339.9502802781 change -8.534094e-05 DIIS error vector rms norm 9.320353e-05
History size 10
alpha m=-1 occupations
   1.0000
alpha m=0 occupations
   1.0000   1.0000   1.0000   1.0000   1.0000   1.0000
alpha m=1 occupations
   1.0000   1.0000
alpha m=2 occupations
   1.0000
beta m=-1 occupations
   1.0000
beta m=0 occupations
   1.0000   1.0000   1.0000
beta m=1 occupations
   1.0000
DIIS step
Evaluated energy -339.9502131555 (change from lowest 6.712263e-05)
Density matrix difference 5.052431e-05 between lowest-energy and newest entry


Iteration 41: 41 Fock evaluations energy -339.9502802781 change  0.000000e+00 DIIS error vector rms norm 9.320353e-05
History size 10
alpha m=-1 occupations
   1.0000
alpha m=0 occupations
   1.0000   1.0000   1.0000   1.0000   1.0000   1.0000
alpha m=1 occupations
   1.0000   1.0000
alpha m=2 occupations
   1.0000
beta m=-1 occupations
   1.0000
beta m=0 occupations
   1.0000   1.0000   1.0000
beta m=1 occupations
   1.0000
DIIS step
Evaluated energy -339.9503130263 (change from lowest -3.274822e-05)
Density matrix difference 7.506026e-05 between lowest-energy and newest entry


Iteration 42: 42 Fock evaluations energy -339.9503130263 change -3.274822e-05 DIIS error vector rms norm 9.328103e-05
History size 10
alpha m=-1 occupations
   1.0000
alpha m=0 occupations
   1.0000   1.0000   1.0000   1.0000   1.0000   1.0000
alpha m=1 occupations
   1.0000   1.0000
alpha m=2 occupations
   1.0000
beta m=-1 occupations
   1.0000
beta m=0 occupations
   1.0000   1.0000   1.0000
beta m=1 occupations
   1.0000
DIIS step
Evaluated energy -339.9504069885 (change from lowest -9.396212e-05)
Density matrix difference 7.055031e-05 between lowest-energy and newest entry


Iteration 43: 43 Fock evaluations energy -339.9504069885 change -9.396212e-05 DIIS error vector rms norm 9.354830e-05
History size 10
alpha m=-1 occupations
   1.0000
alpha m=0 occupations
   1.0000   1.0000   1.0000   1.0000   1.0000   1.0000
alpha m=1 occupations
   1.0000   1.0000
alpha m=2 occupations
   1.0000
beta m=-1 occupations
   1.0000
beta m=0 occupations
   1.0000   1.0000   1.0000
beta m=1 occupations
   1.0000
DIIS step
Evaluated energy -339.9506315998 (change from lowest -2.246113e-04)
Density matrix difference 1.675522e-04 between lowest-energy and newest entry


Iteration 44: 44 Fock evaluations energy -339.9506315998 change -2.246113e-04 DIIS error vector rms norm 9.416132e-05
History size 10
alpha m=-1 occupations
   1.0000
alpha m=0 occupations
   1.0000   1.0000   1.0000   1.0000   1.0000   1.0000
alpha m=1 occupations
   1.0000   1.0000
alpha m=2 occupations
   1.0000
beta m=-1 occupations
   1.0000
beta m=0 occupations
   1.0000   1.0000   1.0000
beta m=1 occupations
   1.0000
DIIS step
Evaluated energy -339.9510555427 (change from lowest -4.239429e-04)
Density matrix difference 3.130862e-04 between lowest-energy and newest entry


Iteration 45: 45 Fock evaluations energy -339.9510555427 change -4.239429e-04 DIIS error vector rms norm 9.522117e-05
History size 10
alpha m=-1 occupations
   1.0000
alpha m=0 occupations
   1.0000   1.0000   1.0000   1.0000   1.0000   1.0000
alpha m=1 occupations
   1.0000   1.0000
alpha m=2 occupations
   1.0000
beta m=-1 occupations
   1.0000
beta m=0 occupations
   1.0000   1.0000   1.0000
beta m=1 occupations
   1.0000
DIIS step
Evaluated energy -339.9506708498 (change from lowest 3.846929e-04)
Density matrix difference 2.838110e-04 between lowest-energy and newest entry


Iteration 46: 46 Fock evaluations energy -339.9510555427 change  0.000000e+00 DIIS error vector rms norm 9.522117e-05
History size 10
alpha m=-1 occupations
   1.0000
alpha m=0 occupations
   1.0000   1.0000   1.0000   1.0000   1.0000   1.0000
alpha m=1 occupations
   1.0000   1.0000
alpha m=2 occupations
   1.0000
beta m=-1 occupations
   1.0000
beta m=0 occupations
   1.0000   1.0000   1.0000
beta m=1 occupations
   1.0000
DIIS step
Evaluated energy -339.9509983443 (change from lowest 5.719842e-05)
Density matrix difference 4.233025e-05 between lowest-energy and newest entry


Iteration 47: 47 Fock evaluations energy -339.9510555427 change  0.000000e+00 DIIS error vector rms norm 9.522117e-05
History size 10
alpha m=-1 occupations
   1.0000
alpha m=0 occupations
   1.0000   1.0000   1.0000   1.0000   1.0000   1.0000
alpha m=1 occupations
   1.0000   1.0000
alpha m=2 occupations
   1.0000
beta m=-1 occupations
   1.0000
beta m=0 occupations
   1.0000   1.0000   1.0000
beta m=1 occupations
   1.0000
DIIS step
Evaluated energy -339.9507320523 (change from lowest 3.234904e-04)
Density matrix difference 2.385372e-04 between lowest-energy and newest entry


Iteration 48: 48 Fock evaluations energy -339.9510555427 change  0.000000e+00 DIIS error vector rms norm 9.522117e-05
History size 10
alpha m=-1 occupations
   1.0000
alpha m=0 occupations
   1.0000   1.0000   1.0000   1.0000   1.0000   1.0000
alpha m=1 occupations
   1.0000   1.0000
alpha m=2 occupations
   1.0000
beta m=-1 occupations
   1.0000
beta m=0 occupations
   1.0000   1.0000   1.0000
beta m=1 occupations
   1.0000
DIIS step
Evaluated energy -339.9508635405 (change from lowest 1.920022e-04)
Density matrix difference 1.413626e-04 between lowest-energy and newest entry


Iteration 49: 49 Fock evaluations energy -339.9510555427 change  0.000000e+00 DIIS error vector rms norm 9.522117e-05
History size 10
alpha m=-1 occupations
   1.0000
alpha m=0 occupations
   1.0000   1.0000   1.0000   1.0000   1.0000   1.0000
alpha m=1 occupations
   1.0000   1.0000
alpha m=2 occupations
   1.0000
beta m=-1 occupations
   1.0000
beta m=0 occupations
   1.0000   1.0000   1.0000
beta m=1 occupations
   1.0000
DIIS step
Evaluated energy -339.9513549026 (change from lowest -2.993599e-04)
Density matrix difference 3.603314e-04 between lowest-energy and newest entry


Iteration 50: 50 Fock evaluations energy -339.9513549026 change -2.993599e-04 DIIS error vector rms norm 9.586173e-05
History size 10
alpha m=-1 occupations
   1.0000
alpha m=0 occupations
   1.0000   1.0000   1.0000   1.0000   1.0000   1.0000
alpha m=1 occupations
   1.0000   1.0000
alpha m=2 occupations
   1.0000
beta m=-1 occupations
   1.0000
beta m=0 occupations
   1.0000   1.0000   1.0000
beta m=1 occupations
   1.0000
DIIS step
Evaluated energy -339.9510913070 (change from lowest 2.635956e-04)
Density matrix difference 1.924839e-04 between lowest-energy and newest entry

Running program took 1 h 15 min 44.80 s.
