ERKALE - HF/DFT from Hel, OpenMP version, running on 8 cores.
(c) Susi Lehtola, 2010-2016.

This program is free software; you can redistribute it and/or modify
it under the terms of the GNU General Public License as published by
the Free Software Foundation; either version 2 of the License, or
(at your option) any later version.

Running on host silver.

Current time is Tue 20 Jan 2026 14:12:52.

Current Settings used by ERKALE:
     AtomGuess      	                Auto	Method used for atomic guess (Auto for same as method)
     Basis          	           AHGBSP3-5	Basis set used in calculation
     BasisCutoff    	           1.000e-08	Cutoff for dropping out small primitives from contraction
     BasisOrth      	                Auto	Method of orthonormalization of basis set
     BasisRotate    	               false	Rotate basis set to remove redundant functions?
     Charge         	                   0	Total charge of system
     CholDepThresh  	           1.000e-07	Partial Cholesky decomposition threshold
     Cholesky       	                true	Use Cholesky decomposition?
     CholeskyMode   	                   0	Save/load integrals? 0 no, 1 save, -1 load
     CholeskyNAFThr 	           0.000e+00	Cholesky natural auxiliary function threshold
     CholeskyShThr  	           1.000e-02	Cholesky cache threshold
     CholeskyThr    	           1.000e-07	Cholesky decomposition threshold
     Complexbas     	                true	Use complex basis?
     Confinement    	         0.0 0.0 0.0	Confinement potential V(r) = V_i x_i^2
     ConvThr        	           1.000e-06	Orbital gradient convergence threshold
     DFTBasisThr    	           1.000e-10	Threshold for screening basis functions on grid
     DFTCpars       	                    	Override parameters of correlation functional (expert)
     DFTDelta       	           1.000e+02	Switch to final DFT grid has converged within factor X
     DFTDensityThr  	           1.000e-10	Threshold for screening density on grid
     DFTFinalTol    	           1.000e-05	Tolerance of final DFT grid
     DFTGrid        	             75 -302	DFT integration grid to use: nrad lmax or Auto for adaptive
     DFTInitialTol  	           1.000e-04	Tolerance of initial DFT grid
     DFTLobatto     	               false	Use Lobatto quadrature instead of Lebedev quadrature?
     DFTQuadThresh  	           2.220e-16	Threshold for pruning points with small quadrature weight
     DFTXpars       	                    	Override parameters of exchange functional (expert)
     DIISComb       	               false	Combine alpha and beta errors in unrestricted calcs?
     DIISEps        	           1.000e-01	Start mixing in DIIS when error is
     DIISOrder      	                  10	How many DIIS iterations to keep in memory?
     DIISThr        	           1.000e-02	DIIS error threshold for DIIS updates
     DecFock        	               false	Use decontracted basis to calculate Fock matrix (direct HF)
     Decontract     	                   *	Indices of atoms to decontract basis set for
     DensityFitting 	               false	Use density fitting / RI?
     Direct         	               false	Calculate two-electron integrals (or density fitting) on-the-fly?
     EField         	         0.0 0.0 0.0	Electric field
     ErrorNorm      	                 rms	Error norm to use in the SCF code
     FittingBasis   	                Auto	Basis to use for density fitting / RI (Auto for automatic)
     FittingCholeskyThreshold	           1.000e-08	Linear dependence threshold for pivoted Cholesky of Coulomb integrals in density fitting
     FittingMemory  	                1000	Amount of memory in MB to use for exchange fitting
     FittingThreshold	           1.000e-07	Linear dependence threshold for Coulomb integrals in density fitting
     Guess          	              sapfit	Used guess: SAD (default), SADNO, core, GWH, SAP, or SAPfit
     InitConvThr    	           1.000e-05	Initialization convergence threshold
     InputBohr      	               false	Use atomic units as input units instead of angstrom?
     IntegralThresh 	           1.000e-10	Integral screening threshold
     Kgwh           	           1.750e+00	Scaling constant for GWH
     LinDepThresh   	           1.000e-05	Basis set linear dependency threshold
     LinearB        	           2.400e-01	Magnetic field along bond axis
     LinearFreeze   	               false	If using linear symmetry, freeze symmetry to input guess
     LinearOccupationFile	      ../../H_0.occs	File to read linear occupations from
     LinearOccupations	                  -1	Read in occupations for linear molecule calculations?
     LinearSymmetry 	                true	Do special calculation on linear molecule along z axis
     LoadChk        	                    	Checkpoint file to load from
     Logfile        	          erkale.log	File to print out full information, stdout for screen
     MaxInitIter    	                  50	Maximum number of iterations in the stepwise solutions
     MaxIter        	                 100	Maximum number of iterations in SCF cycle
     Method         	                  HF	Method used in calculation (HF or a DFT functional)
     Multiplicity   	                   2	Spin multiplicity
     NLGrid         	             50 -194	Integration grid to use for nonlocal correlation: nrad lmax
     Occupancies    	                    	Orbital occupancies
     OptLM          	               false	If spherical harmonics used, use cartesian s and p functions?
     PZ             	               false	Perform Perdew-Zunger self-interaction correction?
     PZEthr         	           1.000e-10	Threshold for energy convergence
     PZIthr         	           1.000e-02	Threshold for initialization convergence (not too small!)
     PZNRthr        	           0.000e+00	Threshold for use of NR method in OO optimization
     PZOOthr        	           1.000e-04	Gradient threshold for OO optimization
     PZOVthr        	           1.000e-05	Gradient threshold for OV optimization
     PZimag         	                Auto	Imaginary degrees of freedom in PZ?
     PZiter         	                  20	Max number of iterations in self-consistency iteration
     PZloc          	                Auto	Initial localization before SIC calculation?
     PZlocmet       	                  FB	Initial localization method (recommend FB or IAO)
     PZmode         	                  XC	Apply PZ to the operators (in addition to J): X C D
     PZoo           	                true	Optimize OO block?
     PZov           	                true	Optimize OV block?
     PZprec         	                   1	Precondition OV block? 0: no, 1: unified, 2: orbital
     PZrand         	                true	Apply random rotation in PZ initialization? (Should be true)
     PZscale        	            Constant	Scaling for PZ: Constant, Density or Kinetic
     PZscaleExp     	           1.000e+00	Exponent in the dynamic scaling equation
     PZseed         	                   0	Seed number for randomized matrices?
     PZstab         	                   0	Stability analysis for PZ-SIC? 1 or -1 for OO, 2 or -2 for OO+OV
     PZstabThr      	           1.000e-03	Instability threshold (interpreted as -thr)
     PZw            	           1.000e+00	Weight for Perdew-Zunger self-interaction correction
     Restricted     	               false	Spin restricted?
     SAPBasis       	    helfem_large.gbs	Tabulated atomic effective potential "basis set"
     SAPGrid        	                    	SAP integration grid to use: nrad lmax or leave empty
     SaveChk        	   complex_basis.chk	Checkpoint file to save to
     Shift          	           0.000e+00	Level shift to use in Hartree
     System         	        ../atoms.xyz	System as an xyz file
     TRRHminS       	           9.750e-01	Trust-Region Roothaan-Hall minimal occupied orbital overlap
     UseADIIS       	                true	Use ADIIS for Fock matrix interpolation?
     UseBroyden     	               false	Use Broyden mixing of Fock matrices?
     UseDIIS        	                true	Use Pulay's Direct Inversion in the Iterative Subspace?
     UseLM          	                true	Use a spherical harmonics basis set by default?
     UseTRRH        	               false	Use Trust-Region Roothaan-Hall?
     VV10           	                Auto	Use VV10 non-local correlation?
     VV10Pars       	                    	VV10 parameters: b C
     Verbose        	                true	Verbose calculation?
     Verbosity      	                   5	Verboseness level

Basis set AHGBSP3-5 found in file AHGBSP3-5.gbs in /home/lehtola/programs/erkale/basis/.
Basis set helfem_large.gbs found in file helfem_large.gbs in /home/lehtola/programs/erkale/basis/.
Screening by shell pairs and symmetry reduced dofs by factor 1.99.
Individual screening reduced dofs by a total factor 1.99.
Computing Cholesky vectors. Estimated memory size is 16 Mi - 53 Mi.
Cholesky vectors no     0 -     0 computed, error is 2.201609e+00 (0.02 s).
Cholesky vectors no     1 -     1 computed, error is 8.614317e-01 (0.03 s).
Cholesky vectors no     2 -     7 computed, error is 2.481156e-01 (0.11 s).
Cholesky vectors no     8 -    10 computed, error is 2.327609e-01 (0.00 s).
Cholesky vectors no    11 -    11 computed, error is 1.979193e-01 (0.00 s).
Cholesky vectors no    12 -    26 computed, error is 1.196875e-01 (0.00 s).
Cholesky vectors no    27 -    27 computed, error is 7.048315e-02 (0.00 s).
Cholesky vectors no    28 -    30 computed, error is 6.585832e-02 (0.00 s).
Cholesky vectors no    31 -    58 computed, error is 5.038384e-02 (0.01 s).
Cholesky vectors no    59 -    64 computed, error is 3.418118e-02 (0.00 s).
Cholesky vectors no    65 -    74 computed, error is 2.586784e-02 (0.00 s).
Cholesky vectors no    75 -   102 computed, error is 1.647980e-02 (0.01 s).
Cholesky vectors no   103 -   105 computed, error is 1.577952e-02 (0.00 s).
Cholesky vectors no   106 -   126 computed, error is 1.290882e-02 (0.01 s).
Cholesky vectors no   127 -   127 computed, error is 1.192119e-02 (0.00 s).
Cholesky vectors no   128 -   137 computed, error is 1.139349e-02 (0.01 s).
Cholesky vectors no   138 -   165 computed, error is 1.022831e-02 (0.02 s).
Cholesky vectors no   166 -   180 computed, error is 7.042734e-03 (0.01 s).
Cholesky vectors no   181 -   201 computed, error is 4.200509e-03 (0.02 s).
Cholesky vectors no   202 -   222 computed, error is 3.601053e-03 (0.01 s).
Cholesky vectors no   223 -   250 computed, error is 3.269291e-03 (0.02 s).
Cholesky vectors no   251 -   256 computed, error is 2.786575e-03 (0.00 s).
Cholesky vectors no   257 -   284 computed, error is 2.484372e-03 (0.02 s).
Cholesky vectors no   285 -   285 computed, error is 2.101799e-03 (0.00 s).
Cholesky vectors no   286 -   306 computed, error is 1.816173e-03 (0.02 s).
Cholesky vectors no   307 -   309 computed, error is 1.179962e-03 (0.00 s).
Cholesky vectors no   310 -   337 computed, error is 1.073221e-03 (0.02 s).
Cholesky vectors no   338 -   358 computed, error is 8.929407e-04 (0.01 s).
Cholesky vectors no   359 -   368 computed, error is 5.525893e-04 (0.01 s).
Cholesky vectors no   369 -   371 computed, error is 4.098672e-04 (0.00 s).
Cholesky vectors no   372 -   381 computed, error is 2.962938e-04 (0.01 s).
Cholesky vectors no   382 -   402 computed, error is 2.788894e-04 (0.03 s).
Cholesky vectors no   403 -   408 computed, error is 1.196018e-04 (0.00 s).
Cholesky vectors no   409 -   411 computed, error is 1.046073e-04 (0.00 s).
Cholesky vectors no   412 -   432 computed, error is 9.524984e-05 (0.01 s).
Cholesky vectors no   433 -   433 computed, error is 9.444838e-05 (0.00 s).
Cholesky vectors no   434 -   448 computed, error is 8.131434e-05 (0.01 s).
Cholesky vectors no   449 -   456 computed, error is 5.769915e-05 (0.01 s).
Cholesky vectors no   457 -   467 computed, error is 5.656731e-05 (0.01 s).
Cholesky vectors no   468 -   495 computed, error is 2.405322e-05 (0.02 s).
Cholesky vectors no   496 -   496 computed, error is 2.075834e-05 (0.00 s).
Cholesky vectors no   497 -   524 computed, error is 2.032144e-05 (0.03 s).
Cholesky vectors no   525 -   527 computed, error is 1.434650e-05 (0.00 s).
Cholesky vectors no   528 -   548 computed, error is 1.314232e-05 (0.01 s).
Cholesky vectors no   549 -   549 computed, error is 1.196221e-05 (0.00 s).
Cholesky vectors no   550 -   577 computed, error is 5.919007e-06 (0.02 s).
Cholesky vectors no   578 -   580 computed, error is 5.307027e-06 (0.00 s).
Cholesky vectors no   581 -   583 computed, error is 4.745909e-06 (0.00 s).
Cholesky vectors no   584 -   589 computed, error is 3.948915e-06 (0.00 s).
Cholesky vectors no   590 -   610 computed, error is 3.887664e-06 (0.03 s).
Cholesky vectors no   611 -   625 computed, error is 2.012039e-06 (0.01 s).
Cholesky vectors no   626 -   646 computed, error is 1.788000e-06 (0.02 s).
Cholesky vectors no   647 -   674 computed, error is 8.878123e-07 (0.02 s).
Cholesky vectors no   675 -   675 computed, error is 7.870117e-07 (0.00 s).
Cholesky vectors no   676 -   703 computed, error is 4.309438e-07 (0.04 s).
Cholesky vectors no   704 -   708 computed, error is 4.220333e-07 (0.00 s).
Cholesky vectors no   709 -   729 computed, error is 2.367487e-07 (0.02 s).
Cholesky vectors no   730 -   730 computed, error is 1.508113e-07 (0.00 s).
Cholesky vectors no   731 -   739 computed, error is 1.430414e-07 (0.01 s).
Cholesky vectors no   740 -   749 computed, error is 3.029333e-08 (0.01 s).
Cholesky decomposition finished in 0.92 s. Realized memory size is 38 Mi 506 ki.
Time use: integrals 21.7 %, linear algebra 78.3 %.
525 shell pairs and 1 nuclei
SAP potential formed in 0.003 s.
Smallest eigenvalue of overlap matrix is 4.53e-02, reciprocal condition number is 1.70e-02.
Using symmetric orthogonalization.
Smallest eigenvalue of overlap matrix is 2.31e-02, reciprocal condition number is 7.71e-03.
Using symmetric orthogonalization.
Smallest eigenvalue of overlap matrix is 1.44e-02, reciprocal condition number is 4.33e-03.
Using symmetric orthogonalization.
Smallest eigenvalue of overlap matrix is 5.06e-03, reciprocal condition number is 1.19e-03.
Using symmetric orthogonalization.
Smallest eigenvalue of overlap matrix is 1.44e-02, reciprocal condition number is 4.33e-03.
Using symmetric orthogonalization.
Smallest eigenvalue of overlap matrix is 2.31e-02, reciprocal condition number is 7.71e-03.
Using symmetric orthogonalization.
Smallest eigenvalue of overlap matrix is 4.53e-02, reciprocal condition number is 1.70e-02.
Using symmetric orthogonalization.
Nela = 1 Nelb = 0



Solving SCF
Evaluated energy -0.5532692060 (change from lowest -5.532692e-01)


Iteration 1: 1 Fock evaluations energy -0.5532692060 change -5.532692e-01 DIIS error vector rms norm 3.261321e-03
History size 1
alpha m=0 occupations
   1.0000
EDIIS+DIIS step
Evaluated energy -0.6001898038 (change from lowest -4.692060e-02)
Density matrix difference 9.792070e-03 between lowest-energy and newest entry


Iteration 2: 2 Fock evaluations energy -0.6001898038 change -4.692060e-02 DIIS error vector rms norm 1.156893e-03
History size 2
alpha m=0 occupations
   1.0000
EDIIS+DIIS step
Evaluated energy -0.6062469763 (change from lowest -6.057173e-03)
Density matrix difference 4.470249e-03 between lowest-energy and newest entry


Iteration 3: 3 Fock evaluations energy -0.6062469763 change -6.057173e-03 DIIS error vector rms norm 1.578285e-04
History size 3
alpha m=0 occupations
   1.0000
EDIIS+DIIS step
Evaluated energy -0.6063332868 (change from lowest -8.631048e-05)
Density matrix difference 5.023014e-04 between lowest-energy and newest entry


Iteration 4: 4 Fock evaluations energy -0.6063332868 change -8.631048e-05 DIIS error vector rms norm 1.989629e-05
History size 4
alpha m=0 occupations
   1.0000
DIIS step
Evaluated energy -0.6063342739 (change from lowest -9.870956e-07)
Density matrix difference 4.704436e-05 between lowest-energy and newest entry


Iteration 5: 5 Fock evaluations energy -0.6063342739 change -9.870956e-07 DIIS error vector rms norm 1.897273e-06
History size 5
alpha m=0 occupations
   1.0000
DIIS step
Evaluated energy -0.6063342816 (change from lowest -7.656794e-09)
Density matrix difference 3.935250e-06 between lowest-energy and newest entry


Iteration 6: 6 Fock evaluations energy -0.6063342816 change -7.656794e-09 DIIS error vector rms norm 2.304333e-07
History size 6
Converged to energy -0.6063342816!

Running program took 1.37 s.
