ERKALE - HF/DFT from Hel, OpenMP version, running on 8 cores.
(c) Susi Lehtola, 2010-2016.

This program is free software; you can redistribute it and/or modify
it under the terms of the GNU General Public License as published by
the Free Software Foundation; either version 2 of the License, or
(at your option) any later version.

Running on host silver.

Current time is Sat 07 Feb 2026 03:57:25.

Current Settings used by ERKALE:
     AtomGuess      	                Auto	Method used for atomic guess (Auto for same as method)
     Basis          	            HGBSP1-9	Basis set used in calculation
     BasisCutoff    	           1.000e-08	Cutoff for dropping out small primitives from contraction
     BasisOrth      	                Auto	Method of orthonormalization of basis set
     BasisRotate    	               false	Rotate basis set to remove redundant functions?
     Charge         	                   0	Total charge of system
     CholDepThresh  	           1.000e-07	Partial Cholesky decomposition threshold
     Cholesky       	                true	Use Cholesky decomposition?
     CholeskyMode   	                   0	Save/load integrals? 0 no, 1 save, -1 load
     CholeskyNAFThr 	           0.000e+00	Cholesky natural auxiliary function threshold
     CholeskyShThr  	           1.000e-02	Cholesky cache threshold
     CholeskyThr    	           1.000e-07	Cholesky decomposition threshold
     Complexbas     	                true	Use complex basis?
     Confinement    	         0.0 0.0 0.0	Confinement potential V(r) = V_i x_i^2
     ConvThr        	           1.000e-06	Orbital gradient convergence threshold
     DFTBasisThr    	           1.000e-10	Threshold for screening basis functions on grid
     DFTCpars       	                    	Override parameters of correlation functional (expert)
     DFTDelta       	           1.000e+02	Switch to final DFT grid has converged within factor X
     DFTDensityThr  	           1.000e-10	Threshold for screening density on grid
     DFTFinalTol    	           1.000e-05	Tolerance of final DFT grid
     DFTGrid        	             75 -302	DFT integration grid to use: nrad lmax or Auto for adaptive
     DFTInitialTol  	           1.000e-04	Tolerance of initial DFT grid
     DFTLobatto     	               false	Use Lobatto quadrature instead of Lebedev quadrature?
     DFTQuadThresh  	           2.220e-16	Threshold for pruning points with small quadrature weight
     DFTXpars       	                    	Override parameters of exchange functional (expert)
     DIISComb       	               false	Combine alpha and beta errors in unrestricted calcs?
     DIISEps        	           1.000e-01	Start mixing in DIIS when error is
     DIISOrder      	                  10	How many DIIS iterations to keep in memory?
     DIISThr        	           1.000e-02	DIIS error threshold for DIIS updates
     DecFock        	               false	Use decontracted basis to calculate Fock matrix (direct HF)
     Decontract     	                   *	Indices of atoms to decontract basis set for
     DensityFitting 	               false	Use density fitting / RI?
     Direct         	               false	Calculate two-electron integrals (or density fitting) on-the-fly?
     EField         	         0.0 0.0 0.0	Electric field
     ErrorNorm      	                 rms	Error norm to use in the SCF code
     FittingBasis   	                Auto	Basis to use for density fitting / RI (Auto for automatic)
     FittingCholeskyThreshold	           1.000e-08	Linear dependence threshold for pivoted Cholesky of Coulomb integrals in density fitting
     FittingMemory  	                1000	Amount of memory in MB to use for exchange fitting
     FittingThreshold	           1.000e-07	Linear dependence threshold for Coulomb integrals in density fitting
     Guess          	              sapfit	Used guess: SAD (default), SADNO, core, GWH, SAP, or SAPfit
     InitConvThr    	           1.000e-05	Initialization convergence threshold
     InputBohr      	               false	Use atomic units as input units instead of angstrom?
     IntegralThresh 	           1.000e-10	Integral screening threshold
     Kgwh           	           1.750e+00	Scaling constant for GWH
     LinDepThresh   	           1.000e-05	Basis set linear dependency threshold
     LinearB        	           4.600e-01	Magnetic field along bond axis
     LinearFreeze   	               false	If using linear symmetry, freeze symmetry to input guess
     LinearOccupationFile	     ../../Si_5.occs	File to read linear occupations from
     LinearOccupations	                  -1	Read in occupations for linear molecule calculations?
     LinearSymmetry 	                true	Do special calculation on linear molecule along z axis
     LoadChk        	                    	Checkpoint file to load from
     Logfile        	          erkale.log	File to print out full information, stdout for screen
     MaxInitIter    	                  50	Maximum number of iterations in the stepwise solutions
     MaxIter        	                 100	Maximum number of iterations in SCF cycle
     Method         	                  HF	Method used in calculation (HF or a DFT functional)
     Multiplicity   	                   5	Spin multiplicity
     NLGrid         	             50 -194	Integration grid to use for nonlocal correlation: nrad lmax
     Occupancies    	                    	Orbital occupancies
     OptLM          	               false	If spherical harmonics used, use cartesian s and p functions?
     PZ             	               false	Perform Perdew-Zunger self-interaction correction?
     PZEthr         	           1.000e-10	Threshold for energy convergence
     PZIthr         	           1.000e-02	Threshold for initialization convergence (not too small!)
     PZNRthr        	           0.000e+00	Threshold for use of NR method in OO optimization
     PZOOthr        	           1.000e-04	Gradient threshold for OO optimization
     PZOVthr        	           1.000e-05	Gradient threshold for OV optimization
     PZimag         	                Auto	Imaginary degrees of freedom in PZ?
     PZiter         	                  20	Max number of iterations in self-consistency iteration
     PZloc          	                Auto	Initial localization before SIC calculation?
     PZlocmet       	                  FB	Initial localization method (recommend FB or IAO)
     PZmode         	                  XC	Apply PZ to the operators (in addition to J): X C D
     PZoo           	                true	Optimize OO block?
     PZov           	                true	Optimize OV block?
     PZprec         	                   1	Precondition OV block? 0: no, 1: unified, 2: orbital
     PZrand         	                true	Apply random rotation in PZ initialization? (Should be true)
     PZscale        	            Constant	Scaling for PZ: Constant, Density or Kinetic
     PZscaleExp     	           1.000e+00	Exponent in the dynamic scaling equation
     PZseed         	                   0	Seed number for randomized matrices?
     PZstab         	                   0	Stability analysis for PZ-SIC? 1 or -1 for OO, 2 or -2 for OO+OV
     PZstabThr      	           1.000e-03	Instability threshold (interpreted as -thr)
     PZw            	           1.000e+00	Weight for Perdew-Zunger self-interaction correction
     Restricted     	               false	Spin restricted?
     SAPBasis       	    helfem_large.gbs	Tabulated atomic effective potential "basis set"
     SAPGrid        	                    	SAP integration grid to use: nrad lmax or leave empty
     SaveChk        	   complex_basis.chk	Checkpoint file to save to
     Shift          	           0.000e+00	Level shift to use in Hartree
     System         	        ../atoms.xyz	System as an xyz file
     TRRHminS       	           9.750e-01	Trust-Region Roothaan-Hall minimal occupied orbital overlap
     UseADIIS       	                true	Use ADIIS for Fock matrix interpolation?
     UseBroyden     	               false	Use Broyden mixing of Fock matrices?
     UseDIIS        	                true	Use Pulay's Direct Inversion in the Iterative Subspace?
     UseLM          	                true	Use a spherical harmonics basis set by default?
     UseTRRH        	               false	Use Trust-Region Roothaan-Hall?
     VV10           	                Auto	Use VV10 non-local correlation?
     VV10Pars       	                    	VV10 parameters: b C
     Verbose        	                true	Verbose calculation?
     Verbosity      	                   5	Verboseness level

Basis set HGBSP1-9 found in file HGBSP1-9.gbs in /home/lehtola/programs/erkale/basis/.
Basis set helfem_large.gbs found in file helfem_large.gbs in /home/lehtola/programs/erkale/basis/.
Screening by shell pairs and symmetry reduced dofs by factor 2.01.
Individual screening reduced dofs by a total factor 2.01.
Computing Cholesky vectors. Estimated memory size is 110 Mi - 366 Mi.
Cholesky vectors no     0 -     0 computed, error is 5.829640e+02 (0.03 s).
Cholesky vectors no     1 -     1 computed, error is 1.472654e+02 (0.03 s).
Cholesky vectors no     2 -     2 computed, error is 8.390846e+01 (0.03 s).
Cholesky vectors no     3 -     3 computed, error is 5.298057e+01 (0.03 s).
Cholesky vectors no     4 -     9 computed, error is 1.868006e+01 (0.15 s).
Cholesky vectors no    10 -    12 computed, error is 1.498820e+01 (0.04 s).
Cholesky vectors no    13 -    18 computed, error is 1.366092e+01 (0.00 s).
Cholesky vectors no    19 -    19 computed, error is 4.961057e+00 (0.00 s).
Cholesky vectors no    20 -    22 computed, error is 4.757425e+00 (0.00 s).
Cholesky vectors no    23 -    37 computed, error is 4.499447e+00 (0.01 s).
Cholesky vectors no    38 -    38 computed, error is 3.931657e+00 (0.00 s).
Cholesky vectors no    39 -    39 computed, error is 3.260962e+00 (0.00 s).
Cholesky vectors no    40 -    45 computed, error is 2.498352e+00 (0.01 s).
Cholesky vectors no    46 -    55 computed, error is 1.986172e+00 (0.01 s).
Cholesky vectors no    56 -    58 computed, error is 1.538244e+00 (0.00 s).
Cholesky vectors no    59 -    73 computed, error is 1.272699e+00 (0.01 s).
Cholesky vectors no    74 -    88 computed, error is 1.004839e+00 (0.02 s).
Cholesky vectors no    89 -    98 computed, error is 4.898525e-01 (0.01 s).
Cholesky vectors no    99 -   113 computed, error is 4.146357e-01 (0.03 s).
Cholesky vectors no   114 -   123 computed, error is 4.118473e-01 (0.01 s).
Cholesky vectors no   124 -   138 computed, error is 3.884804e-01 (0.02 s).
Cholesky vectors no   139 -   141 computed, error is 3.473159e-01 (0.01 s).
Cholesky vectors no   142 -   142 computed, error is 2.197030e-01 (0.00 s).
Cholesky vectors no   143 -   148 computed, error is 2.002641e-01 (0.01 s).
Cholesky vectors no   149 -   158 computed, error is 1.792910e-01 (0.02 s).
Cholesky vectors no   159 -   161 computed, error is 1.736471e-01 (0.01 s).
Cholesky vectors no   162 -   171 computed, error is 1.557021e-01 (0.02 s).
Cholesky vectors no   172 -   186 computed, error is 1.360406e-01 (0.03 s).
Cholesky vectors no   187 -   187 computed, error is 1.310477e-01 (0.00 s).
Cholesky vectors no   188 -   202 computed, error is 1.084789e-01 (0.06 s).
Cholesky vectors no   203 -   212 computed, error is 8.391670e-02 (0.03 s).
Cholesky vectors no   213 -   222 computed, error is 5.866147e-02 (0.03 s).
Cholesky vectors no   223 -   237 computed, error is 4.948814e-02 (0.04 s).
Cholesky vectors no   238 -   252 computed, error is 4.164001e-02 (0.03 s).
Cholesky vectors no   253 -   267 computed, error is 3.439443e-02 (0.03 s).
Cholesky vectors no   268 -   277 computed, error is 3.395970e-02 (0.02 s).
Cholesky vectors no   278 -   287 computed, error is 3.323599e-02 (0.02 s).
Cholesky vectors no   288 -   288 computed, error is 2.590346e-02 (0.00 s).
Cholesky vectors no   289 -   291 computed, error is 2.556533e-02 (0.01 s).
Cholesky vectors no   292 -   292 computed, error is 2.540081e-02 (0.00 s).
Cholesky vectors no   293 -   298 computed, error is 1.719433e-02 (0.01 s).
Cholesky vectors no   299 -   308 computed, error is 1.568723e-02 (0.06 s).
Cholesky vectors no   309 -   323 computed, error is 1.551456e-02 (0.04 s).
Cholesky vectors no   324 -   326 computed, error is 1.549732e-02 (0.01 s).
Cholesky vectors no   327 -   341 computed, error is 1.445403e-02 (0.04 s).
Cholesky vectors no   342 -   348 computed, error is 1.362081e-02 (0.02 s).
Cholesky vectors no   349 -   358 computed, error is 1.282858e-02 (0.03 s).
Cholesky vectors no   359 -   373 computed, error is 1.259044e-02 (0.04 s).
Cholesky vectors no   374 -   374 computed, error is 9.372076e-03 (0.00 s).
Cholesky vectors no   375 -   384 computed, error is 5.423520e-03 (0.03 s).
Cholesky vectors no   385 -   399 computed, error is 4.723597e-03 (0.04 s).
Cholesky vectors no   400 -   414 computed, error is 4.033466e-03 (0.09 s).
Cholesky vectors no   415 -   424 computed, error is 2.241828e-03 (0.03 s).
Cholesky vectors no   425 -   427 computed, error is 1.883800e-03 (0.01 s).
Cholesky vectors no   428 -   437 computed, error is 1.756589e-03 (0.03 s).
Cholesky vectors no   438 -   447 computed, error is 1.581705e-03 (0.03 s).
Cholesky vectors no   448 -   462 computed, error is 1.508016e-03 (0.05 s).
Cholesky vectors no   463 -   477 computed, error is 1.462193e-03 (0.05 s).
Cholesky vectors no   478 -   483 computed, error is 1.449680e-03 (0.02 s).
Cholesky vectors no   484 -   486 computed, error is 1.327145e-03 (0.01 s).
Cholesky vectors no   487 -   501 computed, error is 1.070064e-03 (0.10 s).
Cholesky vectors no   502 -   507 computed, error is 1.028088e-03 (0.02 s).
Cholesky vectors no   508 -   514 computed, error is 9.471452e-04 (0.02 s).
Cholesky vectors no   515 -   517 computed, error is 6.533230e-04 (0.01 s).
Cholesky vectors no   518 -   527 computed, error is 4.758150e-04 (0.03 s).
Cholesky vectors no   528 -   537 computed, error is 4.329463e-04 (0.03 s).
Cholesky vectors no   538 -   552 computed, error is 3.842776e-04 (0.05 s).
Cholesky vectors no   553 -   562 computed, error is 3.045936e-04 (0.03 s).
Cholesky vectors no   563 -   577 computed, error is 2.927107e-04 (0.05 s).
Cholesky vectors no   578 -   578 computed, error is 2.416412e-04 (0.00 s).
Cholesky vectors no   579 -   593 computed, error is 2.373143e-04 (0.04 s).
Cholesky vectors no   594 -   603 computed, error is 1.949678e-04 (0.09 s).
Cholesky vectors no   604 -   606 computed, error is 1.947561e-04 (0.01 s).
Cholesky vectors no   607 -   621 computed, error is 1.405073e-04 (0.05 s).
Cholesky vectors no   622 -   631 computed, error is 1.042748e-04 (0.03 s).
Cholesky vectors no   632 -   632 computed, error is 9.847339e-05 (0.00 s).
Cholesky vectors no   633 -   635 computed, error is 9.114618e-05 (0.01 s).
Cholesky vectors no   636 -   642 computed, error is 8.510898e-05 (0.02 s).
Cholesky vectors no   643 -   643 computed, error is 7.118328e-05 (0.00 s).
Cholesky vectors no   644 -   658 computed, error is 4.493160e-05 (0.05 s).
Cholesky vectors no   659 -   668 computed, error is 3.644936e-05 (0.03 s).
Cholesky vectors no   669 -   678 computed, error is 2.344191e-05 (0.03 s).
Cholesky vectors no   679 -   681 computed, error is 2.111033e-05 (0.01 s).
Cholesky vectors no   682 -   684 computed, error is 1.943446e-05 (0.01 s).
Cholesky vectors no   685 -   685 computed, error is 1.846873e-05 (0.00 s).
Cholesky vectors no   686 -   695 computed, error is 1.668897e-05 (0.03 s).
Cholesky vectors no   696 -   710 computed, error is 1.481594e-05 (0.12 s).
Cholesky vectors no   711 -   716 computed, error is 1.264465e-05 (0.02 s).
Cholesky vectors no   717 -   726 computed, error is 7.149627e-06 (0.04 s).
Cholesky vectors no   727 -   727 computed, error is 6.244576e-06 (0.00 s).
Cholesky vectors no   728 -   742 computed, error is 5.393637e-06 (0.06 s).
Cholesky vectors no   743 -   745 computed, error is 4.318986e-06 (0.01 s).
Cholesky vectors no   746 -   755 computed, error is 3.711009e-06 (0.04 s).
Cholesky vectors no   756 -   765 computed, error is 3.202920e-06 (0.04 s).
Cholesky vectors no   766 -   768 computed, error is 2.657830e-06 (0.01 s).
Cholesky vectors no   769 -   783 computed, error is 2.374143e-06 (0.06 s).
Cholesky vectors no   784 -   793 computed, error is 2.211240e-06 (0.04 s).
Cholesky vectors no   794 -   808 computed, error is 2.012508e-06 (0.13 s).
Cholesky vectors no   809 -   823 computed, error is 1.425226e-06 (0.06 s).
Cholesky vectors no   824 -   833 computed, error is 1.377581e-06 (0.04 s).
Cholesky vectors no   834 -   839 computed, error is 1.246413e-06 (0.03 s).
Cholesky vectors no   840 -   840 computed, error is 1.121928e-06 (0.00 s).
Cholesky vectors no   841 -   843 computed, error is 1.048297e-06 (0.01 s).
Cholesky vectors no   844 -   858 computed, error is 8.080983e-07 (0.07 s).
Cholesky vectors no   859 -   873 computed, error is 5.106483e-07 (0.07 s).
Cholesky vectors no   874 -   878 computed, error is 4.816359e-07 (0.02 s).
Cholesky vectors no   879 -   879 computed, error is 4.074926e-07 (0.00 s).
Cholesky vectors no   880 -   889 computed, error is 2.917642e-07 (0.04 s).
Cholesky vectors no   890 -   890 computed, error is 2.770654e-07 (0.00 s).
Cholesky vectors no   891 -   900 computed, error is 2.237747e-07 (0.11 s).
Cholesky vectors no   901 -   910 computed, error is 2.225619e-07 (0.05 s).
Cholesky vectors no   911 -   925 computed, error is 1.775901e-07 (0.07 s).
Cholesky vectors no   926 -   940 computed, error is 1.487646e-07 (0.07 s).
Cholesky vectors no   941 -   943 computed, error is 9.231265e-08 (0.02 s).
Cholesky decomposition finished in 4.08 s. Realized memory size is 172 Mi 168 ki.
Time use: integrals 11.6 %, linear algebra 88.4 %.
2958 shell pairs and 1 nuclei
SAP potential formed in 0.078 s.
Smallest eigenvalue of overlap matrix is 2.28e-04, reciprocal condition number is 4.73e-05.
Using symmetric orthogonalization.
Smallest eigenvalue of overlap matrix is 1.32e-04, reciprocal condition number is 2.42e-05.
Using symmetric orthogonalization.
Smallest eigenvalue of overlap matrix is 4.52e-05, reciprocal condition number is 6.49e-06.
Using symmetric orthogonalization.
Smallest eigenvalue of overlap matrix is 1.32e-04, reciprocal condition number is 2.42e-05.
Using symmetric orthogonalization.
Smallest eigenvalue of overlap matrix is 2.28e-04, reciprocal condition number is 4.73e-05.
Using symmetric orthogonalization.
Nela = 9 Nelb = 5



Solving SCF
Evaluated energy -271.1616324226 (change from lowest -2.711616e+02)


Iteration 1: 1 Fock evaluations energy -271.1616324226 change -2.711616e+02 DIIS error vector rms norm 6.054380e-02
History size 1
alpha m=-1 occupations
   1.0000
alpha m=0 occupations
   1.0000   1.0000   1.0000   1.0000   1.0000
alpha m=1 occupations
   1.0000   1.0000   1.0000
beta m=-1 occupations
   1.0000
beta m=0 occupations
   1.0000   1.0000   1.0000
beta m=1 occupations
   1.0000
EDIIS+DIIS step
Evaluated energy -288.4039757792 (change from lowest -1.724234e+01)
Density matrix difference 4.164032e-02 between lowest-energy and newest entry


Iteration 2: 2 Fock evaluations energy -288.4039757792 change -1.724234e+01 DIIS error vector rms norm 1.538046e-03
History size 2
alpha m=-1 occupations
   1.0000
alpha m=0 occupations
   1.0000   1.0000   1.0000   1.0000   1.0000
alpha m=1 occupations
   1.0000   1.0000   1.0000
beta m=-1 occupations
   1.0000
beta m=0 occupations
   1.0000   1.0000   1.0000
beta m=1 occupations
   1.0000
EDIIS+DIIS step
Evaluated energy -288.4127985735 (change from lowest -8.822794e-03)
Density matrix difference 3.190451e-03 between lowest-energy and newest entry


Iteration 3: 3 Fock evaluations energy -288.4127985735 change -8.822794e-03 DIIS error vector rms norm 4.358560e-04
History size 3
alpha m=-1 occupations
   1.0000
alpha m=0 occupations
   1.0000   1.0000   1.0000   1.0000   1.0000
alpha m=1 occupations
   1.0000   1.0000   1.0000
beta m=-1 occupations
   1.0000
beta m=0 occupations
   1.0000   1.0000   1.0000
beta m=1 occupations
   1.0000
EDIIS+DIIS step
Evaluated energy -288.4131817757 (change from lowest -3.832022e-04)
Density matrix difference 5.796374e-04 between lowest-energy and newest entry


Iteration 4: 4 Fock evaluations energy -288.4131817757 change -3.832022e-04 DIIS error vector rms norm 6.430461e-05
History size 4
alpha m=-1 occupations
   1.0000
alpha m=0 occupations
   1.0000   1.0000   1.0000   1.0000   1.0000
alpha m=1 occupations
   1.0000   1.0000   1.0000
beta m=-1 occupations
   1.0000
beta m=0 occupations
   1.0000   1.0000   1.0000
beta m=1 occupations
   1.0000
DIIS step
Evaluated energy -288.4132245063 (change from lowest -4.273055e-05)
Density matrix difference 2.317250e-04 between lowest-energy and newest entry


Iteration 5: 5 Fock evaluations energy -288.4132245063 change -4.273055e-05 DIIS error vector rms norm 1.007784e-05
History size 5
alpha m=-1 occupations
   1.0000
alpha m=0 occupations
   1.0000   1.0000   1.0000   1.0000   1.0000
alpha m=1 occupations
   1.0000   1.0000   1.0000
beta m=-1 occupations
   1.0000
beta m=0 occupations
   1.0000   1.0000   1.0000
beta m=1 occupations
   1.0000
DIIS step
Evaluated energy -288.4132256499 (change from lowest -1.143613e-06)
Density matrix difference 3.768452e-05 between lowest-energy and newest entry


Iteration 6: 6 Fock evaluations energy -288.4132256499 change -1.143613e-06 DIIS error vector rms norm 1.874804e-06
History size 6
alpha m=-1 occupations
   1.0000
alpha m=0 occupations
   1.0000   1.0000   1.0000   1.0000   1.0000
alpha m=1 occupations
   1.0000   1.0000   1.0000
beta m=-1 occupations
   1.0000
beta m=0 occupations
   1.0000   1.0000   1.0000
beta m=1 occupations
   1.0000
DIIS step
Evaluated energy -288.4132256950 (change from lowest -4.516340e-08)
Density matrix difference 7.662770e-06 between lowest-energy and newest entry


Iteration 7: 7 Fock evaluations energy -288.4132256950 change -4.516340e-08 DIIS error vector rms norm 2.754560e-07
History size 7
Converged to energy -288.4132256950!

Running program took 2 min 15.23 s.
