ERKALE - HF/DFT from Hel, OpenMP version, running on 8 cores.
(c) Susi Lehtola, 2010-2016.

This program is free software; you can redistribute it and/or modify
it under the terms of the GNU General Public License as published by
the Free Software Foundation; either version 2 of the License, or
(at your option) any later version.

Running on host silver.

Current time is Sun 15 Mar 2026 00:47:07.

Current Settings used by ERKALE:
     AtomGuess      	                Auto	Method used for atomic guess (Auto for same as method)
     Basis          	             cc-pVDZ	Basis set used in calculation
     BasisCutoff    	           1.000e-08	Cutoff for dropping out small primitives from contraction
     BasisOrth      	                Auto	Method of orthonormalization of basis set
     BasisRotate    	               false	Rotate basis set to remove redundant functions?
     Charge         	                   0	Total charge of system
     CholDepThresh  	           1.000e-07	Partial Cholesky decomposition threshold
     Cholesky       	                true	Use Cholesky decomposition?
     CholeskyMode   	                   0	Save/load integrals? 0 no, 1 save, -1 load
     CholeskyNAFThr 	           0.000e+00	Cholesky natural auxiliary function threshold
     CholeskyShThr  	           1.000e-02	Cholesky cache threshold
     CholeskyThr    	           1.000e-07	Cholesky decomposition threshold
     Complexbas     	                true	Use complex basis?
     Confinement    	         0.0 0.0 0.0	Confinement potential V(r) = V_i x_i^2
     ConvThr        	           1.000e-06	Orbital gradient convergence threshold
     DFTBasisThr    	           1.000e-10	Threshold for screening basis functions on grid
     DFTCpars       	                    	Override parameters of correlation functional (expert)
     DFTDelta       	           1.000e+02	Switch to final DFT grid has converged within factor X
     DFTDensityThr  	           1.000e-10	Threshold for screening density on grid
     DFTFinalTol    	           1.000e-05	Tolerance of final DFT grid
     DFTGrid        	             75 -302	DFT integration grid to use: nrad lmax or Auto for adaptive
     DFTInitialTol  	           1.000e-04	Tolerance of initial DFT grid
     DFTLobatto     	               false	Use Lobatto quadrature instead of Lebedev quadrature?
     DFTQuadThresh  	           2.220e-16	Threshold for pruning points with small quadrature weight
     DFTXpars       	                    	Override parameters of exchange functional (expert)
     DIISComb       	               false	Combine alpha and beta errors in unrestricted calcs?
     DIISEps        	           1.000e-01	Start mixing in DIIS when error is
     DIISOrder      	                  10	How many DIIS iterations to keep in memory?
     DIISThr        	           1.000e-02	DIIS error threshold for DIIS updates
     DecFock        	               false	Use decontracted basis to calculate Fock matrix (direct HF)
     Decontract     	                   *	Indices of atoms to decontract basis set for
     DensityFitting 	               false	Use density fitting / RI?
     Direct         	               false	Calculate two-electron integrals (or density fitting) on-the-fly?
     EField         	         0.0 0.0 0.0	Electric field
     ErrorNorm      	                 rms	Error norm to use in the SCF code
     FittingBasis   	                Auto	Basis to use for density fitting / RI (Auto for automatic)
     FittingCholeskyThreshold	           1.000e-08	Linear dependence threshold for pivoted Cholesky of Coulomb integrals in density fitting
     FittingMemory  	                1000	Amount of memory in MB to use for exchange fitting
     FittingThreshold	           1.000e-07	Linear dependence threshold for Coulomb integrals in density fitting
     Guess          	                core	Used guess: SAD (default), SADNO, core, GWH, SAP, or SAPfit
     InitConvThr    	           1.000e-05	Initialization convergence threshold
     InputBohr      	               false	Use atomic units as input units instead of angstrom?
     IntegralThresh 	           1.000e-10	Integral screening threshold
     Kgwh           	           1.750e+00	Scaling constant for GWH
     LinDepThresh   	           1.000e-05	Basis set linear dependency threshold
     LinearB        	           3.600e-01	Magnetic field along bond axis
     LinearFreeze   	               false	If using linear symmetry, freeze symmetry to input guess
     LinearOccupationFile	     ../../Cl_8.occs	File to read linear occupations from
     LinearOccupations	                  -1	Read in occupations for linear molecule calculations?
     LinearSymmetry 	                true	Do special calculation on linear molecule along z axis
     LoadChk        	                    	Checkpoint file to load from
     Logfile        	          erkale.log	File to print out full information, stdout for screen
     MaxInitIter    	                 100	Maximum number of iterations in the stepwise solutions
     MaxIter        	                 100	Maximum number of iterations in SCF cycle
     Method         	                  HF	Method used in calculation (HF or a DFT functional)
     Multiplicity   	                   8	Spin multiplicity
     NLGrid         	             50 -194	Integration grid to use for nonlocal correlation: nrad lmax
     Occupancies    	                    	Orbital occupancies
     OptLM          	               false	If spherical harmonics used, use cartesian s and p functions?
     PZ             	               false	Perform Perdew-Zunger self-interaction correction?
     PZEthr         	           1.000e-10	Threshold for energy convergence
     PZIthr         	           1.000e-02	Threshold for initialization convergence (not too small!)
     PZNRthr        	           0.000e+00	Threshold for use of NR method in OO optimization
     PZOOthr        	           1.000e-04	Gradient threshold for OO optimization
     PZOVthr        	           1.000e-05	Gradient threshold for OV optimization
     PZimag         	                Auto	Imaginary degrees of freedom in PZ?
     PZiter         	                  20	Max number of iterations in self-consistency iteration
     PZloc          	                Auto	Initial localization before SIC calculation?
     PZlocmet       	                  FB	Initial localization method (recommend FB or IAO)
     PZmode         	                  XC	Apply PZ to the operators (in addition to J): X C D
     PZoo           	                true	Optimize OO block?
     PZov           	                true	Optimize OV block?
     PZprec         	                   1	Precondition OV block? 0: no, 1: unified, 2: orbital
     PZrand         	                true	Apply random rotation in PZ initialization? (Should be true)
     PZscale        	            Constant	Scaling for PZ: Constant, Density or Kinetic
     PZscaleExp     	           1.000e+00	Exponent in the dynamic scaling equation
     PZseed         	                   0	Seed number for randomized matrices?
     PZstab         	                   0	Stability analysis for PZ-SIC? 1 or -1 for OO, 2 or -2 for OO+OV
     PZstabThr      	           1.000e-03	Instability threshold (interpreted as -thr)
     PZw            	           1.000e+00	Weight for Perdew-Zunger self-interaction correction
     Restricted     	               false	Spin restricted?
     SAPBasis       	    helfem_large.gbs	Tabulated atomic effective potential "basis set"
     SAPGrid        	                    	SAP integration grid to use: nrad lmax or leave empty
     SaveChk        	   complex_basis.chk	Checkpoint file to save to
     Shift          	           0.000e+00	Level shift to use in Hartree
     System         	        ../atoms.xyz	System as an xyz file
     TRRHminS       	           9.750e-01	Trust-Region Roothaan-Hall minimal occupied orbital overlap
     UseADIIS       	                true	Use ADIIS for Fock matrix interpolation?
     UseBroyden     	               false	Use Broyden mixing of Fock matrices?
     UseDIIS        	                true	Use Pulay's Direct Inversion in the Iterative Subspace?
     UseLM          	                true	Use a spherical harmonics basis set by default?
     UseTRRH        	               false	Use Trust-Region Roothaan-Hall?
     VV10           	                Auto	Use VV10 non-local correlation?
     VV10Pars       	                    	VV10 parameters: b C
     Verbose        	                true	Verbose calculation?
     Verbosity      	                   5	Verboseness level

Basis set cc-pVDZ found in file cc-pVDZ.gbs in /home/lehtola/programs/erkale/basis/.
Basis set helfem_large.gbs found in file helfem_large.gbs in /home/lehtola/programs/erkale/basis/.
Screening by shell pairs and symmetry reduced dofs by factor 1.95.
Individual screening reduced dofs by a total factor 1.95.
Computing Cholesky vectors. Estimated memory size is 827 ki - 2 Mi.
Cholesky vectors no     0 -     0 computed, error is 5.102997e+01 (0.00 s).
Cholesky vectors no     1 -     1 computed, error is 1.883105e+01 (0.00 s).
Cholesky vectors no     2 -     2 computed, error is 6.784856e+00 (0.00 s).
Cholesky vectors no     3 -     8 computed, error is 3.874052e+00 (0.00 s).
Cholesky vectors no     9 -    11 computed, error is 2.962201e+00 (0.00 s).
Cholesky vectors no    12 -    17 computed, error is 2.057263e+00 (0.00 s).
Cholesky vectors no    18 -    18 computed, error is 1.144008e+00 (0.00 s).
Cholesky vectors no    19 -    21 computed, error is 8.548269e-01 (0.00 s).
Cholesky vectors no    22 -    27 computed, error is 7.242368e-01 (0.00 s).
Cholesky vectors no    28 -    33 computed, error is 5.636318e-01 (0.00 s).
Cholesky vectors no    34 -    34 computed, error is 4.728605e-01 (0.00 s).
Cholesky vectors no    35 -    37 computed, error is 3.309127e-01 (0.00 s).
Cholesky vectors no    38 -    52 computed, error is 2.220514e-01 (0.00 s).
Cholesky vectors no    53 -    55 computed, error is 1.398983e-01 (0.00 s).
Cholesky vectors no    56 -    58 computed, error is 9.295062e-02 (0.00 s).
Cholesky vectors no    59 -    64 computed, error is 8.000371e-02 (0.00 s).
Cholesky vectors no    65 -    67 computed, error is 6.867078e-02 (0.00 s).
Cholesky vectors no    68 -    77 computed, error is 5.629891e-02 (0.00 s).
Cholesky vectors no    78 -    83 computed, error is 4.918018e-02 (0.00 s).
Cholesky vectors no    84 -    86 computed, error is 4.283284e-02 (0.00 s).
Cholesky vectors no    87 -    92 computed, error is 3.789434e-02 (0.00 s).
Cholesky vectors no    93 -    93 computed, error is 2.375461e-02 (0.00 s).
Cholesky vectors no    94 -    99 computed, error is 1.499167e-02 (0.00 s).
Cholesky vectors no   100 -   102 computed, error is 8.701521e-03 (0.00 s).
Cholesky vectors no   103 -   105 computed, error is 7.800778e-03 (0.00 s).
Cholesky vectors no   106 -   108 computed, error is 6.000330e-03 (0.00 s).
Cholesky vectors no   109 -   111 computed, error is 5.137200e-03 (0.00 s).
Cholesky vectors no   112 -   112 computed, error is 3.795458e-03 (0.00 s).
Cholesky vectors no   113 -   122 computed, error is 2.243567e-03 (0.00 s).
Cholesky vectors no   123 -   128 computed, error is 1.502083e-03 (0.00 s).
Cholesky vectors no   129 -   129 computed, error is 1.140003e-03 (0.00 s).
Cholesky vectors no   130 -   132 computed, error is 8.324668e-04 (0.00 s).
Cholesky vectors no   133 -   142 computed, error is 7.960891e-04 (0.00 s).
Cholesky vectors no   143 -   148 computed, error is 3.536638e-04 (0.00 s).
Cholesky vectors no   149 -   158 computed, error is 3.528788e-04 (0.00 s).
Cholesky vectors no   159 -   164 computed, error is 2.722148e-04 (0.00 s).
Cholesky vectors no   165 -   167 computed, error is 1.616369e-04 (0.00 s).
Cholesky vectors no   168 -   170 computed, error is 1.183299e-04 (0.00 s).
Cholesky vectors no   171 -   176 computed, error is 7.709001e-05 (0.00 s).
Cholesky vectors no   177 -   177 computed, error is 7.207763e-05 (0.00 s).
Cholesky vectors no   178 -   183 computed, error is 4.380952e-05 (0.00 s).
Cholesky vectors no   184 -   190 computed, error is 2.180732e-05 (0.00 s).
Cholesky vectors no   191 -   193 computed, error is 2.103180e-05 (0.00 s).
Cholesky vectors no   194 -   194 computed, error is 1.273597e-05 (0.00 s).
Cholesky vectors no   195 -   200 computed, error is 6.736360e-06 (0.00 s).
Cholesky vectors no   201 -   201 computed, error is 4.316544e-06 (0.00 s).
Cholesky vectors no   202 -   204 computed, error is 3.349346e-06 (0.00 s).
Cholesky vectors no   205 -   211 computed, error is 3.291495e-06 (0.00 s).
Cholesky vectors no   212 -   212 computed, error is 2.541121e-06 (0.00 s).
Cholesky vectors no   213 -   218 computed, error is 2.297963e-06 (0.00 s).
Cholesky vectors no   219 -   219 computed, error is 1.880047e-06 (0.00 s).
Cholesky vectors no   220 -   222 computed, error is 7.022018e-07 (0.00 s).
Cholesky vectors no   223 -   227 computed, error is 3.003054e-07 (0.00 s).
Cholesky vectors no   228 -   230 computed, error is 2.270347e-07 (0.00 s).
Cholesky vectors no   231 -   232 computed, error is 1.535376e-07 (0.00 s).
Cholesky vectors no   233 -   239 computed, error is 1.233940e-07 (0.00 s).
Cholesky vectors no   240 -   245 computed, error is 9.186985e-08 (0.00 s).
Cholesky decomposition finished in 0.02 s. Realized memory size is 1 Mi 993 ki.
Time use: integrals 23.4 %, linear algebra 76.6 %.
231 shell pairs and 1 nuclei
SAP potential formed in 0.001 s.
Smallest eigenvalue of overlap matrix is 1.00e+00, reciprocal condition number is 1.00e+00.
Using symmetric orthogonalization.
Smallest eigenvalue of overlap matrix is 3.05e-02, reciprocal condition number is 1.02e-02.
Using symmetric orthogonalization.
Smallest eigenvalue of overlap matrix is 6.83e-03, reciprocal condition number is 1.71e-03.
Using symmetric orthogonalization.
Smallest eigenvalue of overlap matrix is 3.05e-02, reciprocal condition number is 1.02e-02.
Using symmetric orthogonalization.
Smallest eigenvalue of overlap matrix is 1.00e+00, reciprocal condition number is 1.00e+00.
Using symmetric orthogonalization.
Nela = 12 Nelb = 5



Solving SCF
Evaluated energy -424.2188381204 (change from lowest -4.242188e+02)


Iteration 1: 1 Fock evaluations energy -424.2188381204 change -4.242188e+02 DIIS error vector rms norm 1.065342e+00
History size 1
alpha m=-1 occupations
   1.0000   1.0000
alpha m=0 occupations
   1.0000   1.0000   1.0000   1.0000   1.0000   1.0000
alpha m=1 occupations
   1.0000   1.0000   1.0000
alpha m=2 occupations
   1.0000
beta m=-1 occupations
   1.0000
beta m=0 occupations
   1.0000   1.0000   1.0000
beta m=1 occupations
   1.0000
EDIIS step
Evaluated energy -454.3559640394 (change from lowest -3.013713e+01)
Density matrix difference 5.744634e-01 between lowest-energy and newest entry


Iteration 2: 2 Fock evaluations energy -454.3559640394 change -3.013713e+01 DIIS error vector rms norm 2.876257e-01
History size 2
alpha m=-1 occupations
   1.0000   1.0000
alpha m=0 occupations
   1.0000   1.0000   1.0000   1.0000   1.0000   1.0000
alpha m=1 occupations
   1.0000   1.0000   1.0000
alpha m=2 occupations
   1.0000
beta m=-1 occupations
   1.0000
beta m=0 occupations
   1.0000   1.0000   1.0000
beta m=1 occupations
   1.0000
EDIIS step
Evaluated energy -458.1565800643 (change from lowest -3.800616e+00)
Density matrix difference 2.807430e-01 between lowest-energy and newest entry


Iteration 3: 3 Fock evaluations energy -458.1565800643 change -3.800616e+00 DIIS error vector rms norm 7.576141e-02
History size 3
alpha m=-1 occupations
   1.0000   1.0000
alpha m=0 occupations
   1.0000   1.0000   1.0000   1.0000   1.0000   1.0000
alpha m=1 occupations
   1.0000   1.0000   1.0000
alpha m=2 occupations
   1.0000
beta m=-1 occupations
   1.0000
beta m=0 occupations
   1.0000   1.0000   1.0000
beta m=1 occupations
   1.0000
EDIIS+DIIS step
Evaluated energy -458.3117476166 (change from lowest -1.551676e-01)
Density matrix difference 3.604249e-02 between lowest-energy and newest entry


Iteration 4: 4 Fock evaluations energy -458.3117476166 change -1.551676e-01 DIIS error vector rms norm 9.484617e-03
History size 4
alpha m=-1 occupations
   1.0000   1.0000
alpha m=0 occupations
   1.0000   1.0000   1.0000   1.0000   1.0000   1.0000
alpha m=1 occupations
   1.0000   1.0000   1.0000
alpha m=2 occupations
   1.0000
beta m=-1 occupations
   1.0000
beta m=0 occupations
   1.0000   1.0000   1.0000
beta m=1 occupations
   1.0000
EDIIS+DIIS step
Evaluated energy -458.3144117537 (change from lowest -2.664137e-03)
Density matrix difference 5.399472e-03 between lowest-energy and newest entry


Iteration 5: 5 Fock evaluations energy -458.3144117537 change -2.664137e-03 DIIS error vector rms norm 5.286933e-04
History size 5
alpha m=-1 occupations
   1.0000   1.0000
alpha m=0 occupations
   1.0000   1.0000   1.0000   1.0000   1.0000   1.0000
alpha m=1 occupations
   1.0000   1.0000   1.0000
alpha m=2 occupations
   1.0000
beta m=-1 occupations
   1.0000
beta m=0 occupations
   1.0000   1.0000   1.0000
beta m=1 occupations
   1.0000
EDIIS+DIIS step
Evaluated energy -458.3148343821 (change from lowest -4.226284e-04)
Density matrix difference 1.989840e-03 between lowest-energy and newest entry


Iteration 6: 6 Fock evaluations energy -458.3148343821 change -4.226284e-04 DIIS error vector rms norm 4.033820e-04
History size 6
alpha m=-1 occupations
   1.0000   1.0000
alpha m=0 occupations
   1.0000   1.0000   1.0000   1.0000   1.0000   1.0000
alpha m=1 occupations
   1.0000   1.0000   1.0000
alpha m=2 occupations
   1.0000
beta m=-1 occupations
   1.0000
beta m=0 occupations
   1.0000   1.0000   1.0000
beta m=1 occupations
   1.0000
EDIIS+DIIS step
Evaluated energy -458.3152843024 (change from lowest -4.499203e-04)
Density matrix difference 1.879151e-03 between lowest-energy and newest entry


Iteration 7: 7 Fock evaluations energy -458.3152843024 change -4.499203e-04 DIIS error vector rms norm 4.046430e-04
History size 7
alpha m=-1 occupations
   1.0000   1.0000
alpha m=0 occupations
   1.0000   1.0000   1.0000   1.0000   1.0000   1.0000
alpha m=1 occupations
   1.0000   1.0000   1.0000
alpha m=2 occupations
   1.0000
beta m=-1 occupations
   1.0000
beta m=0 occupations
   1.0000   1.0000   1.0000
beta m=1 occupations
   1.0000
EDIIS+DIIS step
Evaluated energy -458.3154544677 (change from lowest -1.701652e-04)
Density matrix difference 6.885763e-04 between lowest-energy and newest entry


Iteration 8: 8 Fock evaluations energy -458.3154544677 change -1.701652e-04 DIIS error vector rms norm 4.061072e-04
History size 8
alpha m=-1 occupations
   1.0000   1.0000
alpha m=0 occupations
   1.0000   1.0000   1.0000   1.0000   1.0000   1.0000
alpha m=1 occupations
   1.0000   1.0000   1.0000
alpha m=2 occupations
   1.0000
beta m=-1 occupations
   1.0000
beta m=0 occupations
   1.0000   1.0000   1.0000
beta m=1 occupations
   1.0000
EDIIS+DIIS step
Evaluated energy -458.3155053656 (change from lowest -5.089792e-05)
Density matrix difference 2.053137e-04 between lowest-energy and newest entry


Iteration 9: 9 Fock evaluations energy -458.3155053656 change -5.089792e-05 DIIS error vector rms norm 4.065221e-04
History size 9
alpha m=-1 occupations
   1.0000   1.0000
alpha m=0 occupations
   1.0000   1.0000   1.0000   1.0000   1.0000   1.0000
alpha m=1 occupations
   1.0000   1.0000   1.0000
alpha m=2 occupations
   1.0000
beta m=-1 occupations
   1.0000
beta m=0 occupations
   1.0000   1.0000   1.0000
beta m=1 occupations
   1.0000
EDIIS+DIIS step
Evaluated energy -458.3155246243 (change from lowest -1.925874e-05)
Density matrix difference 7.762214e-05 between lowest-energy and newest entry


Iteration 10: 10 Fock evaluations energy -458.3155246243 change -1.925874e-05 DIIS error vector rms norm 4.066760e-04
History size 10
alpha m=-1 occupations
   1.0000   1.0000
alpha m=0 occupations
   1.0000   1.0000   1.0000   1.0000   1.0000   1.0000
alpha m=1 occupations
   1.0000   1.0000   1.0000
alpha m=2 occupations
   1.0000
beta m=-1 occupations
   1.0000
beta m=0 occupations
   1.0000   1.0000   1.0000
beta m=1 occupations
   1.0000
EDIIS+DIIS step
Evaluated energy -458.3155336975 (change from lowest -9.073229e-06)
Density matrix difference 3.655770e-05 between lowest-energy and newest entry


Iteration 11: 11 Fock evaluations energy -458.3155336975 change -9.073229e-06 DIIS error vector rms norm 4.067480e-04
History size 10
alpha m=-1 occupations
   1.0000   1.0000
alpha m=0 occupations
   1.0000   1.0000   1.0000   1.0000   1.0000   1.0000
alpha m=1 occupations
   1.0000   1.0000   1.0000
alpha m=2 occupations
   1.0000
beta m=-1 occupations
   1.0000
beta m=0 occupations
   1.0000   1.0000   1.0000
beta m=1 occupations
   1.0000
EDIIS+DIIS step
Evaluated energy -458.3155386574 (change from lowest -4.959866e-06)
Density matrix difference 1.998100e-05 between lowest-energy and newest entry


Iteration 12: 12 Fock evaluations energy -458.3155386574 change -4.959866e-06 DIIS error vector rms norm 4.067871e-04
History size 10
alpha m=-1 occupations
   1.0000   1.0000
alpha m=0 occupations
   1.0000   1.0000   1.0000   1.0000   1.0000   1.0000
alpha m=1 occupations
   1.0000   1.0000   1.0000
alpha m=2 occupations
   1.0000
beta m=-1 occupations
   1.0000
beta m=0 occupations
   1.0000   1.0000   1.0000
beta m=1 occupations
   1.0000
EDIIS+DIIS step
Evaluated energy -458.3155416593 (change from lowest -3.001935e-06)
Density matrix difference 1.209229e-05 between lowest-energy and newest entry


Iteration 13: 13 Fock evaluations energy -458.3155416593 change -3.001935e-06 DIIS error vector rms norm 4.068108e-04
History size 10
alpha m=-1 occupations
   1.0000   1.0000
alpha m=0 occupations
   1.0000   1.0000   1.0000   1.0000   1.0000   1.0000
alpha m=1 occupations
   1.0000   1.0000   1.0000
alpha m=2 occupations
   1.0000
beta m=-1 occupations
   1.0000
beta m=0 occupations
   1.0000   1.0000   1.0000
beta m=1 occupations
   1.0000
EDIIS+DIIS step
Evaluated energy -458.3155436140 (change from lowest -1.954677e-06)
Density matrix difference 7.873301e-06 between lowest-energy and newest entry


Iteration 14: 14 Fock evaluations energy -458.3155436140 change -1.954677e-06 DIIS error vector rms norm 4.068262e-04
History size 10
alpha m=-1 occupations
   1.0000   1.0000
alpha m=0 occupations
   1.0000   1.0000   1.0000   1.0000   1.0000   1.0000
alpha m=1 occupations
   1.0000   1.0000   1.0000
alpha m=2 occupations
   1.0000
beta m=-1 occupations
   1.0000
beta m=0 occupations
   1.0000   1.0000   1.0000
beta m=1 occupations
   1.0000
EDIIS+DIIS step
Evaluated energy -458.3155507892 (change from lowest -7.175136e-06)
Density matrix difference 2.811966e-05 between lowest-energy and newest entry


Iteration 15: 15 Fock evaluations energy -458.3155507892 change -7.175136e-06 DIIS error vector rms norm 4.068680e-04
History size 10
alpha m=-1 occupations
   1.0000   1.0000
alpha m=0 occupations
   1.0000   1.0000   1.0000   1.0000   1.0000   1.0000
alpha m=1 occupations
   1.0000   1.0000   1.0000
alpha m=2 occupations
   1.0000
beta m=-1 occupations
   1.0000
beta m=0 occupations
   1.0000   1.0000   1.0000
beta m=1 occupations
   1.0000
EDIIS+DIIS step
Evaluated energy -458.3155554802 (change from lowest -4.691071e-06)
Density matrix difference 1.874119e-05 between lowest-energy and newest entry


Iteration 16: 16 Fock evaluations energy -458.3155554802 change -4.691071e-06 DIIS error vector rms norm 4.069138e-04
History size 10
alpha m=-1 occupations
   1.0000   1.0000
alpha m=0 occupations
   1.0000   1.0000   1.0000   1.0000   1.0000   1.0000
alpha m=1 occupations
   1.0000   1.0000   1.0000
alpha m=2 occupations
   1.0000
beta m=-1 occupations
   1.0000
beta m=0 occupations
   1.0000   1.0000   1.0000
beta m=1 occupations
   1.0000
EDIIS+DIIS step
Evaluated energy -458.3158645310 (change from lowest -3.090507e-04)
Density matrix difference 1.243643e-03 between lowest-energy and newest entry


Iteration 17: 17 Fock evaluations energy -458.3158645310 change -3.090507e-04 DIIS error vector rms norm 4.090782e-04
History size 10
alpha m=-1 occupations
   1.0000   1.0000
alpha m=0 occupations
   1.0000   1.0000   1.0000   1.0000   1.0000   1.0000
alpha m=1 occupations
   1.0000   1.0000   1.0000
alpha m=2 occupations
   1.0000
beta m=-1 occupations
   1.0000
beta m=0 occupations
   1.0000   1.0000   1.0000
beta m=1 occupations
   1.0000
EDIIS+DIIS step
Evaluated energy -458.3158932490 (change from lowest -2.871803e-05)
Density matrix difference 1.149117e-04 between lowest-energy and newest entry


Iteration 18: 18 Fock evaluations energy -458.3158932490 change -2.871803e-05 DIIS error vector rms norm 4.092616e-04
History size 10
alpha m=-1 occupations
   1.0000   1.0000
alpha m=0 occupations
   1.0000   1.0000   1.0000   1.0000   1.0000   1.0000
alpha m=1 occupations
   1.0000   1.0000   1.0000
alpha m=2 occupations
   1.0000
beta m=-1 occupations
   1.0000
beta m=0 occupations
   1.0000   1.0000   1.0000
beta m=1 occupations
   1.0000
EDIIS+DIIS step
Evaluated energy -458.3158722854 (change from lowest 2.096361e-05)
Density matrix difference 8.403874e-05 between lowest-energy and newest entry


Iteration 19: 19 Fock evaluations energy -458.3158932490 change  0.000000e+00 DIIS error vector rms norm 4.092616e-04
History size 10
alpha m=-1 occupations
   1.0000   1.0000
alpha m=0 occupations
   1.0000   1.0000   1.0000   1.0000   1.0000   1.0000
alpha m=1 occupations
   1.0000   1.0000   1.0000
alpha m=2 occupations
   1.0000
beta m=-1 occupations
   1.0000
beta m=0 occupations
   1.0000   1.0000   1.0000
beta m=1 occupations
   1.0000
EDIIS+DIIS step
Evaluated energy -458.3158690599 (change from lowest 2.418907e-05)
Density matrix difference 9.698917e-05 between lowest-energy and newest entry


Iteration 20: 20 Fock evaluations energy -458.3158932490 change  0.000000e+00 DIIS error vector rms norm 4.092616e-04
History size 10
alpha m=-1 occupations
   1.0000   1.0000
alpha m=0 occupations
   1.0000   1.0000   1.0000   1.0000   1.0000   1.0000
alpha m=1 occupations
   1.0000   1.0000   1.0000
alpha m=2 occupations
   1.0000
beta m=-1 occupations
   1.0000
beta m=0 occupations
   1.0000   1.0000   1.0000
beta m=1 occupations
   1.0000
EDIIS+DIIS step
Evaluated energy -458.3158814853 (change from lowest 1.176368e-05)
Density matrix difference 4.722476e-05 between lowest-energy and newest entry


Iteration 21: 21 Fock evaluations energy -458.3158932490 change  0.000000e+00 DIIS error vector rms norm 4.092616e-04
History size 10
alpha m=-1 occupations
   1.0000   1.0000
alpha m=0 occupations
   1.0000   1.0000   1.0000   1.0000   1.0000   1.0000
alpha m=1 occupations
   1.0000   1.0000   1.0000
alpha m=2 occupations
   1.0000
beta m=-1 occupations
   1.0000
beta m=0 occupations
   1.0000   1.0000   1.0000
beta m=1 occupations
   1.0000
EDIIS+DIIS step
Evaluated energy -458.3159078067 (change from lowest -1.455771e-05)
Density matrix difference 1.054311e-04 between lowest-energy and newest entry


Iteration 22: 22 Fock evaluations energy -458.3159078067 change -1.455771e-05 DIIS error vector rms norm 4.093537e-04
History size 10
alpha m=-1 occupations
   1.0000   1.0000
alpha m=0 occupations
   1.0000   1.0000   1.0000   1.0000   1.0000   1.0000
alpha m=1 occupations
   1.0000   1.0000   1.0000
alpha m=2 occupations
   1.0000
beta m=-1 occupations
   1.0000
beta m=0 occupations
   1.0000   1.0000   1.0000
beta m=1 occupations
   1.0000
EDIIS+DIIS step
Evaluated energy -458.3159484770 (change from lowest -4.067033e-05)
Density matrix difference 1.628391e-04 between lowest-energy and newest entry


Iteration 23: 23 Fock evaluations energy -458.3159484770 change -4.067033e-05 DIIS error vector rms norm 4.095975e-04
History size 10
alpha m=-1 occupations
   1.0000   1.0000
alpha m=0 occupations
   1.0000   1.0000   1.0000   1.0000   1.0000   1.0000
alpha m=1 occupations
   1.0000   1.0000   1.0000
alpha m=2 occupations
   1.0000
beta m=-1 occupations
   1.0000
beta m=0 occupations
   1.0000   1.0000   1.0000
beta m=1 occupations
   1.0000
EDIIS+DIIS step
Evaluated energy -458.3160056059 (change from lowest -5.712889e-05)
Density matrix difference 2.285936e-04 between lowest-energy and newest entry


Iteration 24: 24 Fock evaluations energy -458.3160056059 change -5.712889e-05 DIIS error vector rms norm 4.099269e-04
History size 10
alpha m=-1 occupations
   1.0000   1.0000
alpha m=0 occupations
   1.0000   1.0000   1.0000   1.0000   1.0000   1.0000
alpha m=1 occupations
   1.0000   1.0000   1.0000
alpha m=2 occupations
   1.0000
beta m=-1 occupations
   1.0000
beta m=0 occupations
   1.0000   1.0000   1.0000
beta m=1 occupations
   1.0000
EDIIS+DIIS step
Evaluated energy -458.3160827831 (change from lowest -7.717717e-05)
Density matrix difference 3.085594e-04 between lowest-energy and newest entry


Iteration 25: 25 Fock evaluations energy -458.3160827831 change -7.717717e-05 DIIS error vector rms norm 4.103479e-04
History size 10
alpha m=-1 occupations
   1.0000   1.0000
alpha m=0 occupations
   1.0000   1.0000   1.0000   1.0000   1.0000   1.0000
alpha m=1 occupations
   1.0000   1.0000   1.0000
alpha m=2 occupations
   1.0000
beta m=-1 occupations
   1.0000
beta m=0 occupations
   1.0000   1.0000   1.0000
beta m=1 occupations
   1.0000
EDIIS+DIIS step
Evaluated energy -458.3161817242 (change from lowest -9.894110e-05)
Density matrix difference 3.952221e-04 between lowest-energy and newest entry


Iteration 26: 26 Fock evaluations energy -458.3161817242 change -9.894110e-05 DIIS error vector rms norm 4.108441e-04
History size 10
alpha m=-1 occupations
   1.0000   1.0000
alpha m=0 occupations
   1.0000   1.0000   1.0000   1.0000   1.0000   1.0000
alpha m=1 occupations
   1.0000   1.0000   1.0000
alpha m=2 occupations
   1.0000
beta m=-1 occupations
   1.0000
beta m=0 occupations
   1.0000   1.0000   1.0000
beta m=1 occupations
   1.0000
EDIIS+DIIS step
Evaluated energy -458.3163106215 (change from lowest -1.288973e-04)
Density matrix difference 5.143335e-04 between lowest-energy and newest entry


Iteration 27: 27 Fock evaluations energy -458.3163106215 change -1.288973e-04 DIIS error vector rms norm 4.114224e-04
History size 10
alpha m=-1 occupations
   1.0000   1.0000
alpha m=0 occupations
   1.0000   1.0000   1.0000   1.0000   1.0000   1.0000
alpha m=1 occupations
   1.0000   1.0000   1.0000
alpha m=2 occupations
   1.0000
beta m=-1 occupations
   1.0000
beta m=0 occupations
   1.0000   1.0000   1.0000
beta m=1 occupations
   1.0000
EDIIS+DIIS step
Evaluated energy -458.3162940253 (change from lowest 1.659621e-05)
Density matrix difference 6.619761e-05 between lowest-energy and newest entry


Iteration 28: 28 Fock evaluations energy -458.3163106215 change  0.000000e+00 DIIS error vector rms norm 4.114224e-04
History size 10
alpha m=-1 occupations
   1.0000   1.0000
alpha m=0 occupations
   1.0000   1.0000   1.0000   1.0000   1.0000   1.0000
alpha m=1 occupations
   1.0000   1.0000   1.0000
alpha m=2 occupations
   1.0000
beta m=-1 occupations
   1.0000
beta m=0 occupations
   1.0000   1.0000   1.0000
beta m=1 occupations
   1.0000
EDIIS+DIIS step
Evaluated energy -458.3162958576 (change from lowest 1.476387e-05)
Density matrix difference 5.890222e-05 between lowest-energy and newest entry


Iteration 29: 29 Fock evaluations energy -458.3163106215 change  0.000000e+00 DIIS error vector rms norm 4.114224e-04
History size 10
alpha m=-1 occupations
   1.0000   1.0000
alpha m=0 occupations
   1.0000   1.0000   1.0000   1.0000   1.0000   1.0000
alpha m=1 occupations
   1.0000   1.0000   1.0000
alpha m=2 occupations
   1.0000
beta m=-1 occupations
   1.0000
beta m=0 occupations
   1.0000   1.0000   1.0000
beta m=1 occupations
   1.0000
EDIIS+DIIS step
Evaluated energy -458.3163252630 (change from lowest -1.464148e-05)
Density matrix difference 1.172393e-04 between lowest-energy and newest entry


Iteration 30: 30 Fock evaluations energy -458.3163252630 change -1.464148e-05 DIIS error vector rms norm 4.114839e-04
History size 10
alpha m=-1 occupations
   1.0000   1.0000
alpha m=0 occupations
   1.0000   1.0000   1.0000   1.0000   1.0000   1.0000
alpha m=1 occupations
   1.0000   1.0000   1.0000
alpha m=2 occupations
   1.0000
beta m=-1 occupations
   1.0000
beta m=0 occupations
   1.0000   1.0000   1.0000
beta m=1 occupations
   1.0000
EDIIS+DIIS step
Evaluated energy -458.3163757498 (change from lowest -5.048682e-05)
Density matrix difference 2.012319e-04 between lowest-energy and newest entry


Iteration 31: 31 Fock evaluations energy -458.3163757498 change -5.048682e-05 DIIS error vector rms norm 4.116824e-04
History size 10
alpha m=-1 occupations
   1.0000   1.0000
alpha m=0 occupations
   1.0000   1.0000   1.0000   1.0000   1.0000   1.0000
alpha m=1 occupations
   1.0000   1.0000   1.0000
alpha m=2 occupations
   1.0000
beta m=-1 occupations
   1.0000
beta m=0 occupations
   1.0000   1.0000   1.0000
beta m=1 occupations
   1.0000
EDIIS+DIIS step
Evaluated energy -458.3164417136 (change from lowest -6.596383e-05)
Density matrix difference 2.628084e-04 between lowest-energy and newest entry


Iteration 32: 32 Fock evaluations energy -458.3164417136 change -6.596383e-05 DIIS error vector rms norm 4.119233e-04
History size 10
alpha m=-1 occupations
   1.0000   1.0000
alpha m=0 occupations
   1.0000   1.0000   1.0000   1.0000   1.0000   1.0000
alpha m=1 occupations
   1.0000   1.0000   1.0000
alpha m=2 occupations
   1.0000
beta m=-1 occupations
   1.0000
beta m=0 occupations
   1.0000   1.0000   1.0000
beta m=1 occupations
   1.0000
EDIIS+DIIS step
Evaluated energy -458.3165178757 (change from lowest -7.616209e-05)
Density matrix difference 3.032988e-04 between lowest-energy and newest entry


Iteration 33: 33 Fock evaluations energy -458.3165178757 change -7.616209e-05 DIIS error vector rms norm 4.121754e-04
History size 10
alpha m=-1 occupations
   1.0000   1.0000
alpha m=0 occupations
   1.0000   1.0000   1.0000   1.0000   1.0000   1.0000
alpha m=1 occupations
   1.0000   1.0000   1.0000
alpha m=2 occupations
   1.0000
beta m=-1 occupations
   1.0000
beta m=0 occupations
   1.0000   1.0000   1.0000
beta m=1 occupations
   1.0000
EDIIS+DIIS step
Evaluated energy -458.3165984972 (change from lowest -8.062150e-05)
Density matrix difference 3.209185e-04 between lowest-energy and newest entry


Iteration 34: 34 Fock evaluations energy -458.3165984972 change -8.062150e-05 DIIS error vector rms norm 4.124115e-04
History size 10
alpha m=-1 occupations
   1.0000   1.0000
alpha m=0 occupations
   1.0000   1.0000   1.0000   1.0000   1.0000   1.0000
alpha m=1 occupations
   1.0000   1.0000   1.0000
alpha m=2 occupations
   1.0000
beta m=-1 occupations
   1.0000
beta m=0 occupations
   1.0000   1.0000   1.0000
beta m=1 occupations
   1.0000
EDIIS+DIIS step
Evaluated energy -458.3166767316 (change from lowest -7.823435e-05)
Density matrix difference 3.113072e-04 between lowest-energy and newest entry


Iteration 35: 35 Fock evaluations energy -458.3166767316 change -7.823435e-05 DIIS error vector rms norm 4.126101e-04
History size 10
alpha m=-1 occupations
   1.0000   1.0000
alpha m=0 occupations
   1.0000   1.0000   1.0000   1.0000   1.0000   1.0000
alpha m=1 occupations
   1.0000   1.0000   1.0000
alpha m=2 occupations
   1.0000
beta m=-1 occupations
   1.0000
beta m=0 occupations
   1.0000   1.0000   1.0000
beta m=1 occupations
   1.0000
EDIIS+DIIS step
Evaluated energy -458.3167445678 (change from lowest -6.783627e-05)
Density matrix difference 2.698663e-04 between lowest-energy and newest entry


Iteration 36: 36 Fock evaluations energy -458.3167445678 change -6.783627e-05 DIIS error vector rms norm 4.127575e-04
History size 10
alpha m=-1 occupations
   1.0000   1.0000
alpha m=0 occupations
   1.0000   1.0000   1.0000   1.0000   1.0000   1.0000
alpha m=1 occupations
   1.0000   1.0000   1.0000
alpha m=2 occupations
   1.0000
beta m=-1 occupations
   1.0000
beta m=0 occupations
   1.0000   1.0000   1.0000
beta m=1 occupations
   1.0000
EDIIS+DIIS step
Evaluated energy -458.3167952596 (change from lowest -5.069182e-05)
Density matrix difference 2.016320e-04 between lowest-energy and newest entry


Iteration 37: 37 Fock evaluations energy -458.3167952596 change -5.069182e-05 DIIS error vector rms norm 4.128522e-04
History size 10
alpha m=-1 occupations
   1.0000   1.0000
alpha m=0 occupations
   1.0000   1.0000   1.0000   1.0000   1.0000   1.0000
alpha m=1 occupations
   1.0000   1.0000   1.0000
alpha m=2 occupations
   1.0000
beta m=-1 occupations
   1.0000
beta m=0 occupations
   1.0000   1.0000   1.0000
beta m=1 occupations
   1.0000
EDIIS+DIIS step
Evaluated energy -458.3168232229 (change from lowest -2.796321e-05)
Density matrix difference 1.112164e-04 between lowest-energy and newest entry


Iteration 38: 38 Fock evaluations energy -458.3168232229 change -2.796321e-05 DIIS error vector rms norm 4.128982e-04
History size 10
alpha m=-1 occupations
   1.0000   1.0000
alpha m=0 occupations
   1.0000   1.0000   1.0000   1.0000   1.0000   1.0000
alpha m=1 occupations
   1.0000   1.0000   1.0000
alpha m=2 occupations
   1.0000
beta m=-1 occupations
   1.0000
beta m=0 occupations
   1.0000   1.0000   1.0000
beta m=1 occupations
   1.0000
EDIIS+DIIS step
Evaluated energy -458.3168721457 (change from lowest -4.892287e-05)
Density matrix difference 1.945614e-04 between lowest-energy and newest entry


Iteration 39: 39 Fock evaluations energy -458.3168721457 change -4.892287e-05 DIIS error vector rms norm 4.129696e-04
History size 10
alpha m=-1 occupations
   1.0000   1.0000
alpha m=0 occupations
   1.0000   1.0000   1.0000   1.0000   1.0000   1.0000
alpha m=1 occupations
   1.0000   1.0000   1.0000
alpha m=2 occupations
   1.0000
beta m=-1 occupations
   1.0000
beta m=0 occupations
   1.0000   1.0000   1.0000
beta m=1 occupations
   1.0000
EDIIS+DIIS step
Evaluated energy -458.3169396148 (change from lowest -6.746909e-05)
Density matrix difference 2.682969e-04 between lowest-energy and newest entry


Iteration 40: 40 Fock evaluations energy -458.3169396148 change -6.746909e-05 DIIS error vector rms norm 4.130487e-04
History size 10
alpha m=-1 occupations
   1.0000   1.0000
alpha m=0 occupations
   1.0000   1.0000   1.0000   1.0000   1.0000   1.0000
alpha m=1 occupations
   1.0000   1.0000   1.0000
alpha m=2 occupations
   1.0000
beta m=-1 occupations
   1.0000
beta m=0 occupations
   1.0000   1.0000   1.0000
beta m=1 occupations
   1.0000
EDIIS+DIIS step
Evaluated energy -458.3170179835 (change from lowest -7.836864e-05)
Density matrix difference 3.116329e-04 between lowest-energy and newest entry


Iteration 41: 41 Fock evaluations energy -458.3170179835 change -7.836864e-05 DIIS error vector rms norm 4.131121e-04
History size 10
alpha m=-1 occupations
   1.0000   1.0000
alpha m=0 occupations
   1.0000   1.0000   1.0000   1.0000   1.0000   1.0000
alpha m=1 occupations
   1.0000   1.0000   1.0000
alpha m=2 occupations
   1.0000
beta m=-1 occupations
   1.0000
beta m=0 occupations
   1.0000   1.0000   1.0000
beta m=1 occupations
   1.0000
EDIIS+DIIS step
Evaluated energy -458.3171008263 (change from lowest -8.284283e-05)
Density matrix difference 3.294456e-04 between lowest-energy and newest entry


Iteration 42: 42 Fock evaluations energy -458.3171008263 change -8.284283e-05 DIIS error vector rms norm 4.131454e-04
History size 10
alpha m=-1 occupations
   1.0000   1.0000
alpha m=0 occupations
   1.0000   1.0000   1.0000   1.0000   1.0000   1.0000
alpha m=1 occupations
   1.0000   1.0000   1.0000
alpha m=2 occupations
   1.0000
beta m=-1 occupations
   1.0000
beta m=0 occupations
   1.0000   1.0000   1.0000
beta m=1 occupations
   1.0000
EDIIS+DIIS step
Evaluated energy -458.3171837768 (change from lowest -8.295050e-05)
Density matrix difference 3.299261e-04 between lowest-energy and newest entry


Iteration 43: 43 Fock evaluations energy -458.3171837768 change -8.295050e-05 DIIS error vector rms norm 4.131435e-04
History size 10
alpha m=-1 occupations
   1.0000   1.0000
alpha m=0 occupations
   1.0000   1.0000   1.0000   1.0000   1.0000   1.0000
alpha m=1 occupations
   1.0000   1.0000   1.0000
alpha m=2 occupations
   1.0000
beta m=-1 occupations
   1.0000
beta m=0 occupations
   1.0000   1.0000   1.0000
beta m=1 occupations
   1.0000
EDIIS+DIIS step
Evaluated energy -458.3172646186 (change from lowest -8.084178e-05)
Density matrix difference 3.216175e-04 between lowest-energy and newest entry


Iteration 44: 44 Fock evaluations energy -458.3172646186 change -8.084178e-05 DIIS error vector rms norm 4.131075e-04
History size 10
alpha m=-1 occupations
   1.0000   1.0000
alpha m=0 occupations
   1.0000   1.0000   1.0000   1.0000   1.0000   1.0000
alpha m=1 occupations
   1.0000   1.0000   1.0000
alpha m=2 occupations
   1.0000
beta m=-1 occupations
   1.0000
beta m=0 occupations
   1.0000   1.0000   1.0000
beta m=1 occupations
   1.0000
EDIIS+DIIS step
Evaluated energy -458.3173431363 (change from lowest -7.851769e-05)
Density matrix difference 3.124698e-04 between lowest-energy and newest entry


Iteration 45: 45 Fock evaluations energy -458.3173431363 change -7.851769e-05 DIIS error vector rms norm 4.130398e-04
History size 10
alpha m=-1 occupations
   1.0000   1.0000
alpha m=0 occupations
   1.0000   1.0000   1.0000   1.0000   1.0000   1.0000
alpha m=1 occupations
   1.0000   1.0000   1.0000
alpha m=2 occupations
   1.0000
beta m=-1 occupations
   1.0000
beta m=0 occupations
   1.0000   1.0000   1.0000
beta m=1 occupations
   1.0000
EDIIS+DIIS step
Evaluated energy -458.3174209033 (change from lowest -7.776706e-05)
Density matrix difference 3.095989e-04 between lowest-energy and newest entry


Iteration 46: 46 Fock evaluations energy -458.3174209033 change -7.776706e-05 DIIS error vector rms norm 4.129410e-04
History size 10
alpha m=-1 occupations
   1.0000   1.0000
alpha m=0 occupations
   1.0000   1.0000   1.0000   1.0000   1.0000   1.0000
alpha m=1 occupations
   1.0000   1.0000   1.0000
alpha m=2 occupations
   1.0000
beta m=-1 occupations
   1.0000
beta m=0 occupations
   1.0000   1.0000   1.0000
beta m=1 occupations
   1.0000
EDIIS+DIIS step
Evaluated energy -458.3175010588 (change from lowest -8.015547e-05)
Density matrix difference 3.192492e-04 between lowest-energy and newest entry


Iteration 47: 47 Fock evaluations energy -458.3175010588 change -8.015547e-05 DIIS error vector rms norm 4.128060e-04
History size 10
alpha m=-1 occupations
   1.0000   1.0000
alpha m=0 occupations
   1.0000   1.0000   1.0000   1.0000   1.0000   1.0000
alpha m=1 occupations
   1.0000   1.0000   1.0000
alpha m=2 occupations
   1.0000
beta m=-1 occupations
   1.0000
beta m=0 occupations
   1.0000   1.0000   1.0000
beta m=1 occupations
   1.0000
EDIIS+DIIS step
Evaluated energy -458.3175879149 (change from lowest -8.685609e-05)
Density matrix difference 3.461256e-04 between lowest-energy and newest entry


Iteration 48: 48 Fock evaluations energy -458.3175879149 change -8.685609e-05 DIIS error vector rms norm 4.126218e-04
History size 10
alpha m=-1 occupations
   1.0000   1.0000
alpha m=0 occupations
   1.0000   1.0000   1.0000   1.0000   1.0000   1.0000
alpha m=1 occupations
   1.0000   1.0000   1.0000
alpha m=2 occupations
   1.0000
beta m=-1 occupations
   1.0000
beta m=0 occupations
   1.0000   1.0000   1.0000
beta m=1 occupations
   1.0000
EDIIS+DIIS step
Evaluated energy -458.3176872287 (change from lowest -9.931381e-05)
Density matrix difference 3.960501e-04 between lowest-energy and newest entry


Iteration 49: 49 Fock evaluations energy -458.3176872287 change -9.931381e-05 DIIS error vector rms norm 4.123629e-04
History size 10
alpha m=-1 occupations
   1.0000   1.0000
alpha m=0 occupations
   1.0000   1.0000   1.0000   1.0000   1.0000   1.0000
alpha m=1 occupations
   1.0000   1.0000   1.0000
alpha m=2 occupations
   1.0000
beta m=-1 occupations
   1.0000
beta m=0 occupations
   1.0000   1.0000   1.0000
beta m=1 occupations
   1.0000
EDIIS+DIIS step
Evaluated energy -458.3177983241 (change from lowest -1.110954e-04)
Density matrix difference 4.434480e-04 between lowest-energy and newest entry


Iteration 50: 50 Fock evaluations energy -458.3177983241 change -1.110954e-04 DIIS error vector rms norm 4.120115e-04
History size 10
alpha m=-1 occupations
   1.0000   1.0000
alpha m=0 occupations
   1.0000   1.0000   1.0000   1.0000   1.0000   1.0000
alpha m=1 occupations
   1.0000   1.0000   1.0000
alpha m=2 occupations
   1.0000
beta m=-1 occupations
   1.0000
beta m=0 occupations
   1.0000   1.0000   1.0000
beta m=1 occupations
   1.0000
EDIIS+DIIS step
Evaluated energy -458.3179222688 (change from lowest -1.239446e-04)
Density matrix difference 4.953332e-04 between lowest-energy and newest entry


Iteration 51: 51 Fock evaluations energy -458.3179222688 change -1.239446e-04 DIIS error vector rms norm 4.115413e-04
History size 10
alpha m=-1 occupations
   1.0000   1.0000
alpha m=0 occupations
   1.0000   1.0000   1.0000   1.0000   1.0000   1.0000
alpha m=1 occupations
   1.0000   1.0000   1.0000
alpha m=2 occupations
   1.0000
beta m=-1 occupations
   1.0000
beta m=0 occupations
   1.0000   1.0000   1.0000
beta m=1 occupations
   1.0000
EDIIS+DIIS step
Evaluated energy -458.3180640404 (change from lowest -1.417716e-04)
Density matrix difference 5.674637e-04 between lowest-energy and newest entry


Iteration 52: 52 Fock evaluations energy -458.3180640404 change -1.417716e-04 DIIS error vector rms norm 4.109015e-04
History size 10
alpha m=-1 occupations
   1.0000   1.0000
alpha m=0 occupations
   1.0000   1.0000   1.0000   1.0000   1.0000   1.0000
alpha m=1 occupations
   1.0000   1.0000   1.0000
alpha m=2 occupations
   1.0000
beta m=-1 occupations
   1.0000
beta m=0 occupations
   1.0000   1.0000   1.0000
beta m=1 occupations
   1.0000
EDIIS+DIIS step
Evaluated energy -458.3182346268 (change from lowest -1.705864e-04)
Density matrix difference 6.842486e-04 between lowest-energy and newest entry


Iteration 53: 53 Fock evaluations energy -458.3182346268 change -1.705864e-04 DIIS error vector rms norm 4.099861e-04
History size 10
alpha m=-1 occupations
   1.0000   1.0000
alpha m=0 occupations
   1.0000   1.0000   1.0000   1.0000   1.0000   1.0000
alpha m=1 occupations
   1.0000   1.0000   1.0000
alpha m=2 occupations
   1.0000
beta m=-1 occupations
   1.0000
beta m=0 occupations
   1.0000   1.0000   1.0000
beta m=1 occupations
   1.0000
EDIIS+DIIS step
Evaluated energy -458.3184567023 (change from lowest -2.220755e-04)
Density matrix difference 8.935693e-04 between lowest-energy and newest entry


Iteration 54: 54 Fock evaluations energy -458.3184567023 change -2.220755e-04 DIIS error vector rms norm 4.085530e-04
History size 10
alpha m=-1 occupations
   1.0000   1.0000
alpha m=0 occupations
   1.0000   1.0000   1.0000   1.0000   1.0000   1.0000
alpha m=1 occupations
   1.0000   1.0000   1.0000
alpha m=2 occupations
   1.0000
beta m=-1 occupations
   1.0000
beta m=0 occupations
   1.0000   1.0000   1.0000
beta m=1 occupations
   1.0000
EDIIS+DIIS step
Evaluated energy -458.3187824139 (change from lowest -3.257116e-04)
Density matrix difference 1.317528e-03 between lowest-energy and newest entry


Iteration 55: 55 Fock evaluations energy -458.3187824139 change -3.257116e-04 DIIS error vector rms norm 4.059489e-04
History size 10
alpha m=-1 occupations
   1.0000   1.0000
alpha m=0 occupations
   1.0000   1.0000   1.0000   1.0000   1.0000   1.0000
alpha m=1 occupations
   1.0000   1.0000   1.0000
alpha m=2 occupations
   1.0000
beta m=-1 occupations
   1.0000
beta m=0 occupations
   1.0000   1.0000   1.0000
beta m=1 occupations
   1.0000
EDIIS+DIIS step
Evaluated energy -458.3193566825 (change from lowest -5.742686e-04)
Density matrix difference 2.349377e-03 between lowest-energy and newest entry


Iteration 56: 56 Fock evaluations energy -458.3193566825 change -5.742686e-04 DIIS error vector rms norm 3.998806e-04
History size 10
alpha m=-1 occupations
   1.0000   1.0000
alpha m=0 occupations
   1.0000   1.0000   1.0000   1.0000   1.0000   1.0000
alpha m=1 occupations
   1.0000   1.0000   1.0000
alpha m=2 occupations
   1.0000
beta m=-1 occupations
   1.0000
beta m=0 occupations
   1.0000   1.0000   1.0000
beta m=1 occupations
   1.0000
EDIIS+DIIS step
Evaluated energy -458.3206486771 (change from lowest -1.291995e-03)
Density matrix difference 5.478768e-03 between lowest-energy and newest entry


Iteration 57: 57 Fock evaluations energy -458.3206486771 change -1.291995e-03 DIIS error vector rms norm 3.800344e-04
History size 10
alpha m=-1 occupations
   1.0000   1.0000
alpha m=0 occupations
   1.0000   1.0000   1.0000   1.0000   1.0000   1.0000
alpha m=1 occupations
   1.0000   1.0000   1.0000
alpha m=2 occupations
   1.0000
beta m=-1 occupations
   1.0000
beta m=0 occupations
   1.0000   1.0000   1.0000
beta m=1 occupations
   1.0000
EDIIS+DIIS step
Evaluated energy -458.3228776555 (change from lowest -2.228978e-03)
Density matrix difference 1.078639e-02 between lowest-energy and newest entry


Iteration 58: 58 Fock evaluations energy -458.3228776555 change -2.228978e-03 DIIS error vector rms norm 3.514997e-04
History size 10
alpha m=-1 occupations
   1.0000   1.0000
alpha m=0 occupations
   1.0000   1.0000   1.0000   1.0000   1.0000   1.0000
alpha m=1 occupations
   1.0000   1.0000   1.0000
alpha m=2 occupations
   1.0000
beta m=-1 occupations
   1.0000
beta m=0 occupations
   1.0000   1.0000   1.0000
beta m=1 occupations
   1.0000
EDIIS+DIIS step
Evaluated energy -458.3226509278 (change from lowest 2.267278e-04)
Density matrix difference 1.453081e-03 between lowest-energy and newest entry


Iteration 59: 59 Fock evaluations energy -458.3228776555 change  0.000000e+00 DIIS error vector rms norm 3.514997e-04
History size 10
alpha m=-1 occupations
   1.0000   1.0000
alpha m=0 occupations
   1.0000   1.0000   1.0000   1.0000   1.0000   1.0000
alpha m=1 occupations
   1.0000   1.0000   1.0000
alpha m=2 occupations
   1.0000
beta m=-1 occupations
   1.0000
beta m=0 occupations
   1.0000   1.0000   1.0000
beta m=1 occupations
   1.0000
EDIIS+DIIS step
Evaluated energy -458.3250358056 (change from lowest -2.158150e-03)
Density matrix difference 2.591859e-02 between lowest-energy and newest entry


Iteration 60: 60 Fock evaluations energy -458.3250358056 change -2.158150e-03 DIIS error vector rms norm 1.107601e-03
History size 10
alpha m=-1 occupations
   1.0000   1.0000
alpha m=0 occupations
   1.0000   1.0000   1.0000   1.0000   1.0000   1.0000
alpha m=1 occupations
   1.0000   1.0000   1.0000
alpha m=2 occupations
   1.0000
beta m=-1 occupations
   1.0000
beta m=0 occupations
   1.0000   1.0000   1.0000
beta m=1 occupations
   1.0000
EDIIS+DIIS step
Evaluated energy -458.3251092673 (change from lowest -7.346172e-05)
Density matrix difference 1.029985e-03 between lowest-energy and newest entry


Iteration 61: 61 Fock evaluations energy -458.3251092673 change -7.346172e-05 DIIS error vector rms norm 9.834659e-04
History size 10
alpha m=-1 occupations
   1.0000   1.0000
alpha m=0 occupations
   1.0000   1.0000   1.0000   1.0000   1.0000   1.0000
alpha m=1 occupations
   1.0000   1.0000   1.0000
alpha m=2 occupations
   1.0000
beta m=-1 occupations
   1.0000
beta m=0 occupations
   1.0000   1.0000   1.0000
beta m=1 occupations
   1.0000
EDIIS+DIIS step
Evaluated energy -458.3251400998 (change from lowest -3.083251e-05)
Density matrix difference 4.730493e-04 between lowest-energy and newest entry


Iteration 62: 62 Fock evaluations energy -458.3251400998 change -3.083251e-05 DIIS error vector rms norm 9.245306e-04
History size 10
alpha m=-1 occupations
   1.0000   1.0000
alpha m=0 occupations
   1.0000   1.0000   1.0000   1.0000   1.0000   1.0000
alpha m=1 occupations
   1.0000   1.0000   1.0000
alpha m=2 occupations
   1.0000
beta m=-1 occupations
   1.0000
beta m=0 occupations
   1.0000   1.0000   1.0000
beta m=1 occupations
   1.0000
EDIIS+DIIS step
Evaluated energy -458.3251717396 (change from lowest -3.163979e-05)
Density matrix difference 5.612305e-04 between lowest-energy and newest entry


Iteration 63: 63 Fock evaluations energy -458.3251717396 change -3.163979e-05 DIIS error vector rms norm 8.551805e-04
History size 10
alpha m=-1 occupations
   1.0000   1.0000
alpha m=0 occupations
   1.0000   1.0000   1.0000   1.0000   1.0000   1.0000
alpha m=1 occupations
   1.0000   1.0000   1.0000
alpha m=2 occupations
   1.0000
beta m=-1 occupations
   1.0000
beta m=0 occupations
   1.0000   1.0000   1.0000
beta m=1 occupations
   1.0000
EDIIS+DIIS step
Evaluated energy -458.3252070278 (change from lowest -3.528821e-05)
Density matrix difference 7.481878e-04 between lowest-energy and newest entry


Iteration 64: 64 Fock evaluations energy -458.3252070278 change -3.528821e-05 DIIS error vector rms norm 7.618602e-04
History size 10
alpha m=-1 occupations
   1.0000   1.0000
alpha m=0 occupations
   1.0000   1.0000   1.0000   1.0000   1.0000   1.0000
alpha m=1 occupations
   1.0000   1.0000   1.0000
alpha m=2 occupations
   1.0000
beta m=-1 occupations
   1.0000
beta m=0 occupations
   1.0000   1.0000   1.0000
beta m=1 occupations
   1.0000
EDIIS+DIIS step
Evaluated energy -458.3252487055 (change from lowest -4.167764e-05)
Density matrix difference 1.010223e-03 between lowest-energy and newest entry


Iteration 65: 65 Fock evaluations energy -458.3252487055 change -4.167764e-05 DIIS error vector rms norm 6.229890e-04
History size 10
alpha m=-1 occupations
   1.0000   1.0000
alpha m=0 occupations
   1.0000   1.0000   1.0000   1.0000   1.0000   1.0000
alpha m=1 occupations
   1.0000   1.0000   1.0000
alpha m=2 occupations
   1.0000
beta m=-1 occupations
   1.0000
beta m=0 occupations
   1.0000   1.0000   1.0000
beta m=1 occupations
   1.0000
EDIIS+DIIS step
Evaluated energy -458.3253181752 (change from lowest -6.946969e-05)
Density matrix difference 9.256775e-04 between lowest-energy and newest entry


Iteration 66: 66 Fock evaluations energy -458.3253181752 change -6.946969e-05 DIIS error vector rms norm 4.046837e-04
History size 10
alpha m=-1 occupations
   1.0000   1.0000
alpha m=0 occupations
   1.0000   1.0000   1.0000   1.0000   1.0000   1.0000
alpha m=1 occupations
   1.0000   1.0000   1.0000
alpha m=2 occupations
   1.0000
beta m=-1 occupations
   1.0000
beta m=0 occupations
   1.0000   1.0000   1.0000
beta m=1 occupations
   1.0000
EDIIS+DIIS step
Evaluated energy -458.3254945552 (change from lowest -1.763800e-04)
Density matrix difference 3.276354e-03 between lowest-energy and newest entry


Iteration 67: 67 Fock evaluations energy -458.3254945552 change -1.763800e-04 DIIS error vector rms norm 1.750439e-04
History size 10
alpha m=-1 occupations
   1.0000   1.0000
alpha m=0 occupations
   1.0000   1.0000   1.0000   1.0000   1.0000   1.0000
alpha m=1 occupations
   1.0000   1.0000   1.0000
alpha m=2 occupations
   1.0000
beta m=-1 occupations
   1.0000
beta m=0 occupations
   1.0000   1.0000   1.0000
beta m=1 occupations
   1.0000
EDIIS+DIIS step
Evaluated energy -458.3255446095 (change from lowest -5.005433e-05)
Density matrix difference 2.652903e-03 between lowest-energy and newest entry


Iteration 68: 68 Fock evaluations energy -458.3255446095 change -5.005433e-05 DIIS error vector rms norm 5.764877e-05
History size 10
alpha m=-1 occupations
   1.0000   1.0000
alpha m=0 occupations
   1.0000   1.0000   1.0000   1.0000   1.0000   1.0000
alpha m=1 occupations
   1.0000   1.0000   1.0000
alpha m=2 occupations
   1.0000
beta m=-1 occupations
   1.0000
beta m=0 occupations
   1.0000   1.0000   1.0000
beta m=1 occupations
   1.0000
DIIS step
Evaluated energy -458.3255463549 (change from lowest -1.745347e-06)
Density matrix difference 3.461953e-04 between lowest-energy and newest entry


Iteration 69: 69 Fock evaluations energy -458.3255463549 change -1.745347e-06 DIIS error vector rms norm 3.198054e-06
History size 10
alpha m=-1 occupations
   1.0000   1.0000
alpha m=0 occupations
   1.0000   1.0000   1.0000   1.0000   1.0000   1.0000
alpha m=1 occupations
   1.0000   1.0000   1.0000
alpha m=2 occupations
   1.0000
beta m=-1 occupations
   1.0000
beta m=0 occupations
   1.0000   1.0000   1.0000
beta m=1 occupations
   1.0000
DIIS step
Evaluated energy -458.3255464102 (change from lowest -5.530779e-08)
Density matrix difference 6.302040e-05 between lowest-energy and newest entry


Iteration 70: 70 Fock evaluations energy -458.3255464102 change -5.530779e-08 DIIS error vector rms norm 8.554970e-07
History size 10
Converged to energy -458.3255464102!

Running program took 0.62 s.
