ERKALE - HF/DFT from Hel, OpenMP version, running on 8 cores.
(c) Susi Lehtola, 2010-2016.

This program is free software; you can redistribute it and/or modify
it under the terms of the GNU General Public License as published by
the Free Software Foundation; either version 2 of the License, or
(at your option) any later version.

Running on host silver.

Current time is Wed 21 Jan 2026 18:40:32.

Current Settings used by ERKALE:
     AtomGuess      	                Auto	Method used for atomic guess (Auto for same as method)
     Basis          	             cc-pVDZ	Basis set used in calculation
     BasisCutoff    	           1.000e-08	Cutoff for dropping out small primitives from contraction
     BasisOrth      	                Auto	Method of orthonormalization of basis set
     BasisRotate    	               false	Rotate basis set to remove redundant functions?
     Charge         	                   0	Total charge of system
     CholDepThresh  	           1.000e-07	Partial Cholesky decomposition threshold
     Cholesky       	                true	Use Cholesky decomposition?
     CholeskyMode   	                   0	Save/load integrals? 0 no, 1 save, -1 load
     CholeskyNAFThr 	           0.000e+00	Cholesky natural auxiliary function threshold
     CholeskyShThr  	           1.000e-02	Cholesky cache threshold
     CholeskyThr    	           1.000e-07	Cholesky decomposition threshold
     Complexbas     	                true	Use complex basis?
     Confinement    	         0.0 0.0 0.0	Confinement potential V(r) = V_i x_i^2
     ConvThr        	           1.000e-06	Orbital gradient convergence threshold
     DFTBasisThr    	           1.000e-10	Threshold for screening basis functions on grid
     DFTCpars       	                    	Override parameters of correlation functional (expert)
     DFTDelta       	           1.000e+02	Switch to final DFT grid has converged within factor X
     DFTDensityThr  	           1.000e-10	Threshold for screening density on grid
     DFTFinalTol    	           1.000e-05	Tolerance of final DFT grid
     DFTGrid        	             75 -302	DFT integration grid to use: nrad lmax or Auto for adaptive
     DFTInitialTol  	           1.000e-04	Tolerance of initial DFT grid
     DFTLobatto     	               false	Use Lobatto quadrature instead of Lebedev quadrature?
     DFTQuadThresh  	           2.220e-16	Threshold for pruning points with small quadrature weight
     DFTXpars       	                    	Override parameters of exchange functional (expert)
     DIISComb       	               false	Combine alpha and beta errors in unrestricted calcs?
     DIISEps        	           1.000e-01	Start mixing in DIIS when error is
     DIISOrder      	                  10	How many DIIS iterations to keep in memory?
     DIISThr        	           1.000e-02	DIIS error threshold for DIIS updates
     DecFock        	               false	Use decontracted basis to calculate Fock matrix (direct HF)
     Decontract     	                   *	Indices of atoms to decontract basis set for
     DensityFitting 	               false	Use density fitting / RI?
     Direct         	               false	Calculate two-electron integrals (or density fitting) on-the-fly?
     EField         	         0.0 0.0 0.0	Electric field
     ErrorNorm      	                 rms	Error norm to use in the SCF code
     FittingBasis   	                Auto	Basis to use for density fitting / RI (Auto for automatic)
     FittingCholeskyThreshold	           1.000e-08	Linear dependence threshold for pivoted Cholesky of Coulomb integrals in density fitting
     FittingMemory  	                1000	Amount of memory in MB to use for exchange fitting
     FittingThreshold	           1.000e-07	Linear dependence threshold for Coulomb integrals in density fitting
     Guess          	              sapfit	Used guess: SAD (default), SADNO, core, GWH, SAP, or SAPfit
     InitConvThr    	           1.000e-05	Initialization convergence threshold
     InputBohr      	               false	Use atomic units as input units instead of angstrom?
     IntegralThresh 	           1.000e-10	Integral screening threshold
     Kgwh           	           1.750e+00	Scaling constant for GWH
     LinDepThresh   	           1.000e-05	Basis set linear dependency threshold
     LinearB        	           1.800e-01	Magnetic field along bond axis
     LinearFreeze   	               false	If using linear symmetry, freeze symmetry to input guess
     LinearOccupationFile	      ../../C_2.occs	File to read linear occupations from
     LinearOccupations	                  -1	Read in occupations for linear molecule calculations?
     LinearSymmetry 	                true	Do special calculation on linear molecule along z axis
     LoadChk        	                    	Checkpoint file to load from
     Logfile        	          erkale.log	File to print out full information, stdout for screen
     MaxInitIter    	                  50	Maximum number of iterations in the stepwise solutions
     MaxIter        	                 100	Maximum number of iterations in SCF cycle
     Method         	                  HF	Method used in calculation (HF or a DFT functional)
     Multiplicity   	                   3	Spin multiplicity
     NLGrid         	             50 -194	Integration grid to use for nonlocal correlation: nrad lmax
     Occupancies    	                    	Orbital occupancies
     OptLM          	               false	If spherical harmonics used, use cartesian s and p functions?
     PZ             	               false	Perform Perdew-Zunger self-interaction correction?
     PZEthr         	           1.000e-10	Threshold for energy convergence
     PZIthr         	           1.000e-02	Threshold for initialization convergence (not too small!)
     PZNRthr        	           0.000e+00	Threshold for use of NR method in OO optimization
     PZOOthr        	           1.000e-04	Gradient threshold for OO optimization
     PZOVthr        	           1.000e-05	Gradient threshold for OV optimization
     PZimag         	                Auto	Imaginary degrees of freedom in PZ?
     PZiter         	                  20	Max number of iterations in self-consistency iteration
     PZloc          	                Auto	Initial localization before SIC calculation?
     PZlocmet       	                  FB	Initial localization method (recommend FB or IAO)
     PZmode         	                  XC	Apply PZ to the operators (in addition to J): X C D
     PZoo           	                true	Optimize OO block?
     PZov           	                true	Optimize OV block?
     PZprec         	                   1	Precondition OV block? 0: no, 1: unified, 2: orbital
     PZrand         	                true	Apply random rotation in PZ initialization? (Should be true)
     PZscale        	            Constant	Scaling for PZ: Constant, Density or Kinetic
     PZscaleExp     	           1.000e+00	Exponent in the dynamic scaling equation
     PZseed         	                   0	Seed number for randomized matrices?
     PZstab         	                   0	Stability analysis for PZ-SIC? 1 or -1 for OO, 2 or -2 for OO+OV
     PZstabThr      	           1.000e-03	Instability threshold (interpreted as -thr)
     PZw            	           1.000e+00	Weight for Perdew-Zunger self-interaction correction
     Restricted     	               false	Spin restricted?
     SAPBasis       	    helfem_large.gbs	Tabulated atomic effective potential "basis set"
     SAPGrid        	                    	SAP integration grid to use: nrad lmax or leave empty
     SaveChk        	   complex_basis.chk	Checkpoint file to save to
     Shift          	           0.000e+00	Level shift to use in Hartree
     System         	        ../atoms.xyz	System as an xyz file
     TRRHminS       	           9.750e-01	Trust-Region Roothaan-Hall minimal occupied orbital overlap
     UseADIIS       	                true	Use ADIIS for Fock matrix interpolation?
     UseBroyden     	               false	Use Broyden mixing of Fock matrices?
     UseDIIS        	                true	Use Pulay's Direct Inversion in the Iterative Subspace?
     UseLM          	                true	Use a spherical harmonics basis set by default?
     UseTRRH        	               false	Use Trust-Region Roothaan-Hall?
     VV10           	                Auto	Use VV10 non-local correlation?
     VV10Pars       	                    	VV10 parameters: b C
     Verbose        	                true	Verbose calculation?
     Verbosity      	                   5	Verboseness level

Basis set cc-pVDZ found in file cc-pVDZ.gbs in /home/lehtola/programs/erkale/basis/.
Basis set helfem_large.gbs found in file helfem_large.gbs in /home/lehtola/programs/erkale/basis/.
Screening by shell pairs and symmetry reduced dofs by factor 1.93.
Individual screening reduced dofs by a total factor 1.93.
Computing Cholesky vectors. Estimated memory size is 213 ki - 712 ki.
Cholesky vectors no     0 -     0 computed, error is 1.164589e+01 (0.03 s).
Cholesky vectors no     1 -     1 computed, error is 4.301110e+00 (0.02 s).
Cholesky vectors no     2 -     2 computed, error is 1.582012e+00 (0.03 s).
Cholesky vectors no     3 -     8 computed, error is 5.980297e-01 (0.15 s).
Cholesky vectors no     9 -    11 computed, error is 5.707435e-01 (0.07 s).
Cholesky vectors no    12 -    12 computed, error is 4.324896e-01 (0.01 s).
Cholesky vectors no    13 -    18 computed, error is 1.576727e-01 (0.00 s).
Cholesky vectors no    19 -    24 computed, error is 1.306501e-01 (0.00 s).
Cholesky vectors no    25 -    25 computed, error is 1.255772e-01 (0.00 s).
Cholesky vectors no    26 -    28 computed, error is 7.817336e-02 (0.00 s).
Cholesky vectors no    29 -    29 computed, error is 7.356414e-02 (0.00 s).
Cholesky vectors no    30 -    35 computed, error is 5.129153e-02 (0.00 s).
Cholesky vectors no    36 -    38 computed, error is 3.728032e-02 (0.00 s).
Cholesky vectors no    39 -    41 computed, error is 3.066136e-02 (0.00 s).
Cholesky vectors no    42 -    51 computed, error is 2.055973e-02 (0.00 s).
Cholesky vectors no    52 -    66 computed, error is 9.026529e-03 (0.00 s).
Cholesky vectors no    67 -    69 computed, error is 7.783270e-03 (0.00 s).
Cholesky vectors no    70 -    70 computed, error is 4.448345e-03 (0.00 s).
Cholesky vectors no    71 -    73 computed, error is 3.060636e-03 (0.00 s).
Cholesky vectors no    74 -    79 computed, error is 3.047846e-03 (0.00 s).
Cholesky vectors no    80 -    89 computed, error is 1.849679e-03 (0.00 s).
Cholesky vectors no    90 -    92 computed, error is 1.218710e-03 (0.00 s).
Cholesky vectors no    93 -   102 computed, error is 8.299373e-04 (0.00 s).
Cholesky vectors no   103 -   103 computed, error is 2.063196e-04 (0.00 s).
Cholesky vectors no   104 -   106 computed, error is 1.535823e-04 (0.00 s).
Cholesky vectors no   107 -   112 computed, error is 1.372833e-04 (0.00 s).
Cholesky vectors no   113 -   115 computed, error is 1.179688e-04 (0.00 s).
Cholesky vectors no   116 -   116 computed, error is 1.167302e-04 (0.00 s).
Cholesky vectors no   117 -   124 computed, error is 5.153089e-05 (0.00 s).
Cholesky vectors no   125 -   125 computed, error is 2.072297e-05 (0.00 s).
Cholesky vectors no   126 -   130 computed, error is 1.861822e-05 (0.00 s).
Cholesky vectors no   131 -   131 computed, error is 1.688494e-05 (0.00 s).
Cholesky vectors no   132 -   132 computed, error is 7.945386e-06 (0.00 s).
Cholesky vectors no   133 -   135 computed, error is 5.700815e-06 (0.00 s).
Cholesky vectors no   136 -   136 computed, error is 5.183401e-06 (0.00 s).
Cholesky vectors no   137 -   139 computed, error is 8.663760e-07 (0.00 s).
Cholesky vectors no   140 -   140 computed, error is 4.507685e-07 (0.00 s).
Cholesky vectors no   141 -   141 computed, error is 3.267846e-07 (0.00 s).
Cholesky vectors no   142 -   147 computed, error is 1.826555e-07 (0.00 s).
Cholesky vectors no   148 -   149 computed, error is 1.218349e-07 (0.00 s).
Cholesky vectors no   150 -   154 computed, error is 5.465328e-08 (0.00 s).
Cholesky decomposition finished in 0.58 s. Realized memory size is 548 ki.
Time use: integrals 46.1 %, linear algebra 53.9 %.
105 shell pairs and 1 nuclei
SAP potential formed in 0.001 s.
Smallest eigenvalue of overlap matrix is 1.00e+00, reciprocal condition number is 1.00e+00.
Using symmetric orthogonalization.
Smallest eigenvalue of overlap matrix is 1.82e-01, reciprocal condition number is 8.64e-02.
Using symmetric orthogonalization.
Smallest eigenvalue of overlap matrix is 1.61e-02, reciprocal condition number is 4.62e-03.
Using symmetric orthogonalization.
Smallest eigenvalue of overlap matrix is 1.82e-01, reciprocal condition number is 8.64e-02.
Using symmetric orthogonalization.
Smallest eigenvalue of overlap matrix is 1.00e+00, reciprocal condition number is 1.00e+00.
Using symmetric orthogonalization.
Nela = 4 Nelb = 2



Solving SCF
Evaluated energy -37.7002678598 (change from lowest -3.770027e+01)


Iteration 1: 1 Fock evaluations energy -37.7002678598 change -3.770027e+01 DIIS error vector rms norm 2.619869e-02
History size 1
alpha m=0 occupations
   1.0000   1.0000   1.0000
alpha m=1 occupations
   1.0000
beta m=0 occupations
   1.0000   1.0000
EDIIS+DIIS step
Evaluated energy -37.7382150281 (change from lowest -3.794717e-02)
Density matrix difference 4.696679e-02 between lowest-energy and newest entry


Iteration 2: 2 Fock evaluations energy -37.7382150281 change -3.794717e-02 DIIS error vector rms norm 3.159175e-03
History size 2
alpha m=0 occupations
   1.0000   1.0000   1.0000
alpha m=1 occupations
   1.0000
beta m=0 occupations
   1.0000   1.0000
EDIIS+DIIS step
Evaluated energy -37.7396735843 (change from lowest -1.458556e-03)
Density matrix difference 7.645284e-03 between lowest-energy and newest entry


Iteration 3: 3 Fock evaluations energy -37.7396735843 change -1.458556e-03 DIIS error vector rms norm 8.452725e-04
History size 3
alpha m=0 occupations
   1.0000   1.0000   1.0000
alpha m=1 occupations
   1.0000
beta m=0 occupations
   1.0000   1.0000
EDIIS+DIIS step
Evaluated energy -37.7398944900 (change from lowest -2.209057e-04)
Density matrix difference 3.351915e-03 between lowest-energy and newest entry


Iteration 4: 4 Fock evaluations energy -37.7398944900 change -2.209057e-04 DIIS error vector rms norm 3.171969e-04
History size 4
alpha m=0 occupations
   1.0000   1.0000   1.0000
alpha m=1 occupations
   1.0000
beta m=0 occupations
   1.0000   1.0000
EDIIS+DIIS step
Evaluated energy -37.7399282848 (change from lowest -3.379479e-05)
Density matrix difference 1.620089e-03 between lowest-energy and newest entry


Iteration 5: 5 Fock evaluations energy -37.7399282848 change -3.379479e-05 DIIS error vector rms norm 4.104506e-05
History size 5
alpha m=0 occupations
   1.0000   1.0000   1.0000
alpha m=1 occupations
   1.0000
beta m=0 occupations
   1.0000   1.0000
DIIS step
Evaluated energy -37.7399286850 (change from lowest -4.002531e-07)
Density matrix difference 1.607830e-04 between lowest-energy and newest entry


Iteration 6: 6 Fock evaluations energy -37.7399286850 change -4.002531e-07 DIIS error vector rms norm 4.152191e-06
History size 6
alpha m=0 occupations
   1.0000   1.0000   1.0000
alpha m=1 occupations
   1.0000
beta m=0 occupations
   1.0000   1.0000
DIIS step
Evaluated energy -37.7399286879 (change from lowest -2.864901e-09)
Density matrix difference 8.087397e-06 between lowest-energy and newest entry


Iteration 7: 7 Fock evaluations energy -37.7399286879 change -2.864901e-09 DIIS error vector rms norm 7.602174e-07
History size 7
Converged to energy -37.7399286879!

Running program took 0.71 s.
