ERKALE - HF/DFT from Hel, OpenMP version, running on 8 cores.
(c) Susi Lehtola, 2010-2016.

This program is free software; you can redistribute it and/or modify
it under the terms of the GNU General Public License as published by
the Free Software Foundation; either version 2 of the License, or
(at your option) any later version.

Running on host silver.

Current time is Tue 03 Feb 2026 09:53:22.

Current Settings used by ERKALE:
     AtomGuess      	                Auto	Method used for atomic guess (Auto for same as method)
     Basis          	            HGBSP1-5	Basis set used in calculation
     BasisCutoff    	           1.000e-08	Cutoff for dropping out small primitives from contraction
     BasisOrth      	                Auto	Method of orthonormalization of basis set
     BasisRotate    	               false	Rotate basis set to remove redundant functions?
     Charge         	                   0	Total charge of system
     CholDepThresh  	           1.000e-07	Partial Cholesky decomposition threshold
     Cholesky       	                true	Use Cholesky decomposition?
     CholeskyMode   	                   0	Save/load integrals? 0 no, 1 save, -1 load
     CholeskyNAFThr 	           0.000e+00	Cholesky natural auxiliary function threshold
     CholeskyShThr  	           1.000e-02	Cholesky cache threshold
     CholeskyThr    	           1.000e-07	Cholesky decomposition threshold
     Complexbas     	                true	Use complex basis?
     Confinement    	         0.0 0.0 0.0	Confinement potential V(r) = V_i x_i^2
     ConvThr        	           1.000e-06	Orbital gradient convergence threshold
     DFTBasisThr    	           1.000e-10	Threshold for screening basis functions on grid
     DFTCpars       	                    	Override parameters of correlation functional (expert)
     DFTDelta       	           1.000e+02	Switch to final DFT grid has converged within factor X
     DFTDensityThr  	           1.000e-10	Threshold for screening density on grid
     DFTFinalTol    	           1.000e-05	Tolerance of final DFT grid
     DFTGrid        	             75 -302	DFT integration grid to use: nrad lmax or Auto for adaptive
     DFTInitialTol  	           1.000e-04	Tolerance of initial DFT grid
     DFTLobatto     	               false	Use Lobatto quadrature instead of Lebedev quadrature?
     DFTQuadThresh  	           2.220e-16	Threshold for pruning points with small quadrature weight
     DFTXpars       	                    	Override parameters of exchange functional (expert)
     DIISComb       	               false	Combine alpha and beta errors in unrestricted calcs?
     DIISEps        	           1.000e-01	Start mixing in DIIS when error is
     DIISOrder      	                  10	How many DIIS iterations to keep in memory?
     DIISThr        	           1.000e-02	DIIS error threshold for DIIS updates
     DecFock        	               false	Use decontracted basis to calculate Fock matrix (direct HF)
     Decontract     	                   *	Indices of atoms to decontract basis set for
     DensityFitting 	               false	Use density fitting / RI?
     Direct         	               false	Calculate two-electron integrals (or density fitting) on-the-fly?
     EField         	         0.0 0.0 0.0	Electric field
     ErrorNorm      	                 rms	Error norm to use in the SCF code
     FittingBasis   	                Auto	Basis to use for density fitting / RI (Auto for automatic)
     FittingCholeskyThreshold	           1.000e-08	Linear dependence threshold for pivoted Cholesky of Coulomb integrals in density fitting
     FittingMemory  	                1000	Amount of memory in MB to use for exchange fitting
     FittingThreshold	           1.000e-07	Linear dependence threshold for Coulomb integrals in density fitting
     Guess          	              sapfit	Used guess: SAD (default), SADNO, core, GWH, SAP, or SAPfit
     InitConvThr    	           1.000e-05	Initialization convergence threshold
     InputBohr      	               false	Use atomic units as input units instead of angstrom?
     IntegralThresh 	           1.000e-10	Integral screening threshold
     Kgwh           	           1.750e+00	Scaling constant for GWH
     LinDepThresh   	           1.000e-05	Basis set linear dependency threshold
     LinearB        	           1.800e-01	Magnetic field along bond axis
     LinearFreeze   	               false	If using linear symmetry, freeze symmetry to input guess
     LinearOccupationFile	      ../../C_5.occs	File to read linear occupations from
     LinearOccupations	                  -1	Read in occupations for linear molecule calculations?
     LinearSymmetry 	                true	Do special calculation on linear molecule along z axis
     LoadChk        	                    	Checkpoint file to load from
     Logfile        	          erkale.log	File to print out full information, stdout for screen
     MaxInitIter    	                  50	Maximum number of iterations in the stepwise solutions
     MaxIter        	                 100	Maximum number of iterations in SCF cycle
     Method         	                  HF	Method used in calculation (HF or a DFT functional)
     Multiplicity   	                   5	Spin multiplicity
     NLGrid         	             50 -194	Integration grid to use for nonlocal correlation: nrad lmax
     Occupancies    	                    	Orbital occupancies
     OptLM          	               false	If spherical harmonics used, use cartesian s and p functions?
     PZ             	               false	Perform Perdew-Zunger self-interaction correction?
     PZEthr         	           1.000e-10	Threshold for energy convergence
     PZIthr         	           1.000e-02	Threshold for initialization convergence (not too small!)
     PZNRthr        	           0.000e+00	Threshold for use of NR method in OO optimization
     PZOOthr        	           1.000e-04	Gradient threshold for OO optimization
     PZOVthr        	           1.000e-05	Gradient threshold for OV optimization
     PZimag         	                Auto	Imaginary degrees of freedom in PZ?
     PZiter         	                  20	Max number of iterations in self-consistency iteration
     PZloc          	                Auto	Initial localization before SIC calculation?
     PZlocmet       	                  FB	Initial localization method (recommend FB or IAO)
     PZmode         	                  XC	Apply PZ to the operators (in addition to J): X C D
     PZoo           	                true	Optimize OO block?
     PZov           	                true	Optimize OV block?
     PZprec         	                   1	Precondition OV block? 0: no, 1: unified, 2: orbital
     PZrand         	                true	Apply random rotation in PZ initialization? (Should be true)
     PZscale        	            Constant	Scaling for PZ: Constant, Density or Kinetic
     PZscaleExp     	           1.000e+00	Exponent in the dynamic scaling equation
     PZseed         	                   0	Seed number for randomized matrices?
     PZstab         	                   0	Stability analysis for PZ-SIC? 1 or -1 for OO, 2 or -2 for OO+OV
     PZstabThr      	           1.000e-03	Instability threshold (interpreted as -thr)
     PZw            	           1.000e+00	Weight for Perdew-Zunger self-interaction correction
     Restricted     	               false	Spin restricted?
     SAPBasis       	    helfem_large.gbs	Tabulated atomic effective potential "basis set"
     SAPGrid        	                    	SAP integration grid to use: nrad lmax or leave empty
     SaveChk        	   complex_basis.chk	Checkpoint file to save to
     Shift          	           0.000e+00	Level shift to use in Hartree
     System         	        ../atoms.xyz	System as an xyz file
     TRRHminS       	           9.750e-01	Trust-Region Roothaan-Hall minimal occupied orbital overlap
     UseADIIS       	                true	Use ADIIS for Fock matrix interpolation?
     UseBroyden     	               false	Use Broyden mixing of Fock matrices?
     UseDIIS        	                true	Use Pulay's Direct Inversion in the Iterative Subspace?
     UseLM          	                true	Use a spherical harmonics basis set by default?
     UseTRRH        	               false	Use Trust-Region Roothaan-Hall?
     VV10           	                Auto	Use VV10 non-local correlation?
     VV10Pars       	                    	VV10 parameters: b C
     Verbose        	                true	Verbose calculation?
     Verbosity      	                   5	Verboseness level

Basis set HGBSP1-5 found in file HGBSP1-5.gbs in /home/lehtola/programs/erkale/basis/.
Basis set helfem_large.gbs found in file helfem_large.gbs in /home/lehtola/programs/erkale/basis/.
Screening by shell pairs and symmetry reduced dofs by factor 1.98.
Individual screening reduced dofs by a total factor 1.98.
Computing Cholesky vectors. Estimated memory size is 9 Mi - 31 Mi.
Cholesky vectors no     0 -     0 computed, error is 1.321095e+01 (0.03 s).
Cholesky vectors no     1 -     1 computed, error is 5.169143e+00 (0.03 s).
Cholesky vectors no     2 -     7 computed, error is 1.488910e+00 (0.15 s).
Cholesky vectors no     8 -    10 computed, error is 1.396548e+00 (0.08 s).
Cholesky vectors no    11 -    11 computed, error is 1.187634e+00 (0.03 s).
Cholesky vectors no    12 -    26 computed, error is 7.182199e-01 (0.38 s).
Cholesky vectors no    27 -    27 computed, error is 4.229422e-01 (0.00 s).
Cholesky vectors no    28 -    30 computed, error is 3.581090e-01 (0.00 s).
Cholesky vectors no    31 -    45 computed, error is 2.994911e-01 (0.00 s).
Cholesky vectors no    46 -    51 computed, error is 2.050936e-01 (0.00 s).
Cholesky vectors no    52 -    61 computed, error is 1.498985e-01 (0.00 s).
Cholesky vectors no    62 -    76 computed, error is 9.890368e-02 (0.00 s).
Cholesky vectors no    77 -    79 computed, error is 7.741201e-02 (0.00 s).
Cholesky vectors no    80 -    80 computed, error is 7.686876e-02 (0.00 s).
Cholesky vectors no    81 -    90 computed, error is 7.150870e-02 (0.00 s).
Cholesky vectors no    91 -   100 computed, error is 6.489842e-02 (0.01 s).
Cholesky vectors no   101 -   115 computed, error is 4.350998e-02 (0.00 s).
Cholesky vectors no   116 -   130 computed, error is 3.296155e-02 (0.00 s).
Cholesky vectors no   131 -   140 computed, error is 2.802676e-02 (0.00 s).
Cholesky vectors no   141 -   155 computed, error is 1.974462e-02 (0.01 s).
Cholesky vectors no   156 -   161 computed, error is 1.808335e-02 (0.00 s).
Cholesky vectors no   162 -   171 computed, error is 1.490887e-02 (0.00 s).
Cholesky vectors no   172 -   172 computed, error is 1.304817e-02 (0.00 s).
Cholesky vectors no   173 -   187 computed, error is 1.213983e-02 (0.01 s).
Cholesky vectors no   188 -   197 computed, error is 1.092421e-02 (0.00 s).
Cholesky vectors no   198 -   200 computed, error is 6.390546e-03 (0.01 s).
Cholesky vectors no   201 -   215 computed, error is 5.538028e-03 (0.01 s).
Cholesky vectors no   216 -   230 computed, error is 5.461952e-03 (0.01 s).
Cholesky vectors no   231 -   240 computed, error is 3.385219e-03 (0.00 s).
Cholesky vectors no   241 -   250 computed, error is 3.318685e-03 (0.00 s).
Cholesky vectors no   251 -   253 computed, error is 2.783431e-03 (0.00 s).
Cholesky vectors no   254 -   263 computed, error is 1.919641e-03 (0.00 s).
Cholesky vectors no   264 -   278 computed, error is 1.653563e-03 (0.01 s).
Cholesky vectors no   279 -   284 computed, error is 8.305166e-04 (0.00 s).
Cholesky vectors no   285 -   294 computed, error is 7.182475e-04 (0.00 s).
Cholesky vectors no   295 -   297 computed, error is 5.712217e-04 (0.00 s).
Cholesky vectors no   298 -   298 computed, error is 5.543352e-04 (0.00 s).
Cholesky vectors no   299 -   308 computed, error is 4.755284e-04 (0.02 s).
Cholesky vectors no   309 -   323 computed, error is 2.720100e-04 (0.01 s).
Cholesky vectors no   324 -   333 computed, error is 1.451470e-04 (0.00 s).
Cholesky vectors no   334 -   334 computed, error is 1.217928e-04 (0.00 s).
Cholesky vectors no   335 -   337 computed, error is 1.107375e-04 (0.00 s).
Cholesky vectors no   338 -   352 computed, error is 8.256933e-05 (0.01 s).
Cholesky vectors no   353 -   362 computed, error is 7.884248e-05 (0.00 s).
Cholesky vectors no   363 -   363 computed, error is 4.594494e-05 (0.00 s).
Cholesky vectors no   364 -   378 computed, error is 3.419741e-05 (0.01 s).
Cholesky vectors no   379 -   393 computed, error is 3.288396e-05 (0.01 s).
Cholesky vectors no   394 -   396 computed, error is 2.710506e-05 (0.00 s).
Cholesky vectors no   397 -   402 computed, error is 2.614639e-05 (0.02 s).
Cholesky vectors no   403 -   412 computed, error is 1.361816e-05 (0.00 s).
Cholesky vectors no   413 -   427 computed, error is 1.109856e-05 (0.01 s).
Cholesky vectors no   428 -   437 computed, error is 1.048308e-05 (0.00 s).
Cholesky vectors no   438 -   452 computed, error is 5.332119e-06 (0.01 s).
Cholesky vectors no   453 -   453 computed, error is 4.499843e-06 (0.00 s).
Cholesky vectors no   454 -   463 computed, error is 2.994195e-06 (0.00 s).
Cholesky vectors no   464 -   473 computed, error is 2.588404e-06 (0.00 s).
Cholesky vectors no   474 -   478 computed, error is 2.505736e-06 (0.00 s).
Cholesky vectors no   479 -   493 computed, error is 1.420678e-06 (0.01 s).
Cholesky vectors no   494 -   494 computed, error is 1.287275e-06 (0.00 s).
Cholesky vectors no   495 -   509 computed, error is 1.286544e-06 (0.03 s).
Cholesky vectors no   510 -   512 computed, error is 8.947344e-07 (0.00 s).
Cholesky vectors no   513 -   522 computed, error is 6.265595e-07 (0.00 s).
Cholesky vectors no   523 -   537 computed, error is 6.112498e-07 (0.01 s).
Cholesky vectors no   538 -   547 computed, error is 1.816663e-07 (0.00 s).
Cholesky vectors no   548 -   552 computed, error is 1.493891e-07 (0.00 s).
Cholesky vectors no   553 -   553 computed, error is 9.477600e-08 (0.00 s).
terminate called after throwing an instance of 'std::logic_error'
  what():  Multiplicity does not match occupations!
