ERKALE - HF/DFT from Hel, OpenMP version, running on 8 cores.
(c) Susi Lehtola, 2010-2016.

This program is free software; you can redistribute it and/or modify
it under the terms of the GNU General Public License as published by
the Free Software Foundation; either version 2 of the License, or
(at your option) any later version.

Running on host silver.

Current time is Thu 22 Jan 2026 03:03:18.

Current Settings used by ERKALE:
     AtomGuess      	                Auto	Method used for atomic guess (Auto for same as method)
     Basis          	            HGBSP1-9	Basis set used in calculation
     BasisCutoff    	           1.000e-08	Cutoff for dropping out small primitives from contraction
     BasisOrth      	                Auto	Method of orthonormalization of basis set
     BasisRotate    	               false	Rotate basis set to remove redundant functions?
     Charge         	                   0	Total charge of system
     CholDepThresh  	           1.000e-07	Partial Cholesky decomposition threshold
     Cholesky       	                true	Use Cholesky decomposition?
     CholeskyMode   	                   0	Save/load integrals? 0 no, 1 save, -1 load
     CholeskyNAFThr 	           0.000e+00	Cholesky natural auxiliary function threshold
     CholeskyShThr  	           1.000e-02	Cholesky cache threshold
     CholeskyThr    	           1.000e-07	Cholesky decomposition threshold
     Complexbas     	                true	Use complex basis?
     Confinement    	         0.0 0.0 0.0	Confinement potential V(r) = V_i x_i^2
     ConvThr        	           1.000e-06	Orbital gradient convergence threshold
     DFTBasisThr    	           1.000e-10	Threshold for screening basis functions on grid
     DFTCpars       	                    	Override parameters of correlation functional (expert)
     DFTDelta       	           1.000e+02	Switch to final DFT grid has converged within factor X
     DFTDensityThr  	           1.000e-10	Threshold for screening density on grid
     DFTFinalTol    	           1.000e-05	Tolerance of final DFT grid
     DFTGrid        	             75 -302	DFT integration grid to use: nrad lmax or Auto for adaptive
     DFTInitialTol  	           1.000e-04	Tolerance of initial DFT grid
     DFTLobatto     	               false	Use Lobatto quadrature instead of Lebedev quadrature?
     DFTQuadThresh  	           2.220e-16	Threshold for pruning points with small quadrature weight
     DFTXpars       	                    	Override parameters of exchange functional (expert)
     DIISComb       	               false	Combine alpha and beta errors in unrestricted calcs?
     DIISEps        	           1.000e-01	Start mixing in DIIS when error is
     DIISOrder      	                  10	How many DIIS iterations to keep in memory?
     DIISThr        	           1.000e-02	DIIS error threshold for DIIS updates
     DecFock        	               false	Use decontracted basis to calculate Fock matrix (direct HF)
     Decontract     	                   *	Indices of atoms to decontract basis set for
     DensityFitting 	               false	Use density fitting / RI?
     Direct         	               false	Calculate two-electron integrals (or density fitting) on-the-fly?
     EField         	         0.0 0.0 0.0	Electric field
     ErrorNorm      	                 rms	Error norm to use in the SCF code
     FittingBasis   	                Auto	Basis to use for density fitting / RI (Auto for automatic)
     FittingCholeskyThreshold	           1.000e-08	Linear dependence threshold for pivoted Cholesky of Coulomb integrals in density fitting
     FittingMemory  	                1000	Amount of memory in MB to use for exchange fitting
     FittingThreshold	           1.000e-07	Linear dependence threshold for Coulomb integrals in density fitting
     Guess          	              sapfit	Used guess: SAD (default), SADNO, core, GWH, SAP, or SAPfit
     InitConvThr    	           1.000e-05	Initialization convergence threshold
     InputBohr      	               false	Use atomic units as input units instead of angstrom?
     IntegralThresh 	           1.000e-10	Integral screening threshold
     Kgwh           	           1.750e+00	Scaling constant for GWH
     LinDepThresh   	           1.000e-05	Basis set linear dependency threshold
     LinearB        	           1.400e-01	Magnetic field along bond axis
     LinearFreeze   	               false	If using linear symmetry, freeze symmetry to input guess
     LinearOccupationFile	     ../../Al_6.occs	File to read linear occupations from
     LinearOccupations	                  -1	Read in occupations for linear molecule calculations?
     LinearSymmetry 	                true	Do special calculation on linear molecule along z axis
     LoadChk        	                    	Checkpoint file to load from
     Logfile        	          erkale.log	File to print out full information, stdout for screen
     MaxInitIter    	                  50	Maximum number of iterations in the stepwise solutions
     MaxIter        	                 100	Maximum number of iterations in SCF cycle
     Method         	                  HF	Method used in calculation (HF or a DFT functional)
     Multiplicity   	                   4	Spin multiplicity
     NLGrid         	             50 -194	Integration grid to use for nonlocal correlation: nrad lmax
     Occupancies    	                    	Orbital occupancies
     OptLM          	               false	If spherical harmonics used, use cartesian s and p functions?
     PZ             	               false	Perform Perdew-Zunger self-interaction correction?
     PZEthr         	           1.000e-10	Threshold for energy convergence
     PZIthr         	           1.000e-02	Threshold for initialization convergence (not too small!)
     PZNRthr        	           0.000e+00	Threshold for use of NR method in OO optimization
     PZOOthr        	           1.000e-04	Gradient threshold for OO optimization
     PZOVthr        	           1.000e-05	Gradient threshold for OV optimization
     PZimag         	                Auto	Imaginary degrees of freedom in PZ?
     PZiter         	                  20	Max number of iterations in self-consistency iteration
     PZloc          	                Auto	Initial localization before SIC calculation?
     PZlocmet       	                  FB	Initial localization method (recommend FB or IAO)
     PZmode         	                  XC	Apply PZ to the operators (in addition to J): X C D
     PZoo           	                true	Optimize OO block?
     PZov           	                true	Optimize OV block?
     PZprec         	                   1	Precondition OV block? 0: no, 1: unified, 2: orbital
     PZrand         	                true	Apply random rotation in PZ initialization? (Should be true)
     PZscale        	            Constant	Scaling for PZ: Constant, Density or Kinetic
     PZscaleExp     	           1.000e+00	Exponent in the dynamic scaling equation
     PZseed         	                   0	Seed number for randomized matrices?
     PZstab         	                   0	Stability analysis for PZ-SIC? 1 or -1 for OO, 2 or -2 for OO+OV
     PZstabThr      	           1.000e-03	Instability threshold (interpreted as -thr)
     PZw            	           1.000e+00	Weight for Perdew-Zunger self-interaction correction
     Restricted     	               false	Spin restricted?
     SAPBasis       	    helfem_large.gbs	Tabulated atomic effective potential "basis set"
     SAPGrid        	                    	SAP integration grid to use: nrad lmax or leave empty
     SaveChk        	   complex_basis.chk	Checkpoint file to save to
     Shift          	           0.000e+00	Level shift to use in Hartree
     System         	        ../atoms.xyz	System as an xyz file
     TRRHminS       	           9.750e-01	Trust-Region Roothaan-Hall minimal occupied orbital overlap
     UseADIIS       	                true	Use ADIIS for Fock matrix interpolation?
     UseBroyden     	               false	Use Broyden mixing of Fock matrices?
     UseDIIS        	                true	Use Pulay's Direct Inversion in the Iterative Subspace?
     UseLM          	                true	Use a spherical harmonics basis set by default?
     UseTRRH        	               false	Use Trust-Region Roothaan-Hall?
     VV10           	                Auto	Use VV10 non-local correlation?
     VV10Pars       	                    	VV10 parameters: b C
     Verbose        	                true	Verbose calculation?
     Verbosity      	                   5	Verboseness level

Basis set HGBSP1-9 found in file HGBSP1-9.gbs in /home/lehtola/programs/erkale/basis/.
Basis set helfem_large.gbs found in file helfem_large.gbs in /home/lehtola/programs/erkale/basis/.
Screening by shell pairs and symmetry reduced dofs by factor 2.01.
Individual screening reduced dofs by a total factor 2.01.
Computing Cholesky vectors. Estimated memory size is 102 Mi - 342 Mi.
Cholesky vectors no     0 -     0 computed, error is 5.478668e+02 (0.03 s).
Cholesky vectors no     1 -     1 computed, error is 1.382302e+02 (0.03 s).
Cholesky vectors no     2 -     2 computed, error is 7.913348e+01 (0.03 s).
Cholesky vectors no     3 -     3 computed, error is 4.951466e+01 (0.03 s).
Cholesky vectors no     4 -     9 computed, error is 1.740455e+01 (0.14 s).
Cholesky vectors no    10 -    12 computed, error is 1.392254e+01 (0.07 s).
Cholesky vectors no    13 -    18 computed, error is 1.290410e+01 (0.16 s).
Cholesky vectors no    19 -    19 computed, error is 4.629140e+00 (0.03 s).
Cholesky vectors no    20 -    22 computed, error is 4.417641e+00 (0.07 s).
Cholesky vectors no    23 -    37 computed, error is 4.255717e+00 (0.28 s).
Cholesky vectors no    38 -    38 computed, error is 3.785886e+00 (0.00 s).
Cholesky vectors no    39 -    39 computed, error is 3.039391e+00 (0.00 s).
Cholesky vectors no    40 -    45 computed, error is 2.324305e+00 (0.01 s).
Cholesky vectors no    46 -    55 computed, error is 1.823794e+00 (0.01 s).
Cholesky vectors no    56 -    58 computed, error is 1.428275e+00 (0.00 s).
Cholesky vectors no    59 -    73 computed, error is 1.182156e+00 (0.01 s).
Cholesky vectors no    74 -    88 computed, error is 9.332017e-01 (0.01 s).
Cholesky vectors no    89 -    98 computed, error is 4.548630e-01 (0.01 s).
Cholesky vectors no    99 -   113 computed, error is 3.850026e-01 (0.03 s).
Cholesky vectors no   114 -   123 computed, error is 3.823352e-01 (0.01 s).
Cholesky vectors no   124 -   138 computed, error is 3.620835e-01 (0.02 s).
Cholesky vectors no   139 -   141 computed, error is 3.294115e-01 (0.01 s).
Cholesky vectors no   142 -   142 computed, error is 2.052562e-01 (0.00 s).
Cholesky vectors no   143 -   148 computed, error is 1.859609e-01 (0.01 s).
Cholesky vectors no   149 -   158 computed, error is 1.626020e-01 (0.02 s).
Cholesky vectors no   159 -   161 computed, error is 1.613510e-01 (0.01 s).
Cholesky vectors no   162 -   171 computed, error is 1.445916e-01 (0.02 s).
Cholesky vectors no   172 -   186 computed, error is 1.299016e-01 (0.03 s).
Cholesky vectors no   187 -   187 computed, error is 1.216632e-01 (0.00 s).
Cholesky vectors no   188 -   202 computed, error is 1.010830e-01 (0.06 s).
Cholesky vectors no   203 -   212 computed, error is 7.792348e-02 (0.02 s).
Cholesky vectors no   213 -   222 computed, error is 5.446077e-02 (0.02 s).
Cholesky vectors no   223 -   237 computed, error is 4.596030e-02 (0.03 s).
Cholesky vectors no   238 -   252 computed, error is 3.866100e-02 (0.03 s).
Cholesky vectors no   253 -   267 computed, error is 3.193251e-02 (0.03 s).
Cholesky vectors no   268 -   277 computed, error is 3.154610e-02 (0.02 s).
Cholesky vectors no   278 -   278 computed, error is 3.153312e-02 (0.00 s).
Cholesky vectors no   279 -   288 computed, error is 2.462174e-02 (0.02 s).
Cholesky vectors no   289 -   291 computed, error is 2.437081e-02 (0.01 s).
Cholesky vectors no   292 -   292 computed, error is 2.364755e-02 (0.00 s).
Cholesky vectors no   293 -   298 computed, error is 1.596508e-02 (0.01 s).
Cholesky vectors no   299 -   308 computed, error is 1.438371e-02 (0.06 s).
Cholesky vectors no   309 -   323 computed, error is 1.394903e-02 (0.04 s).
Cholesky vectors no   324 -   326 computed, error is 1.341360e-02 (0.01 s).
Cholesky vectors no   327 -   333 computed, error is 1.273992e-02 (0.02 s).
Cholesky vectors no   334 -   348 computed, error is 1.264660e-02 (0.04 s).
Cholesky vectors no   349 -   358 computed, error is 1.231327e-02 (0.03 s).
Cholesky vectors no   359 -   359 computed, error is 9.667515e-03 (0.00 s).
Cholesky vectors no   360 -   374 computed, error is 8.699987e-03 (0.04 s).
Cholesky vectors no   375 -   384 computed, error is 5.033156e-03 (0.03 s).
Cholesky vectors no   385 -   399 computed, error is 4.383033e-03 (0.04 s).
Cholesky vectors no   400 -   414 computed, error is 3.745803e-03 (0.10 s).
Cholesky vectors no   415 -   424 computed, error is 2.112712e-03 (0.03 s).
Cholesky vectors no   425 -   427 computed, error is 1.749490e-03 (0.01 s).
Cholesky vectors no   428 -   437 computed, error is 1.633396e-03 (0.03 s).
Cholesky vectors no   438 -   447 computed, error is 1.457468e-03 (0.03 s).
Cholesky vectors no   448 -   462 computed, error is 1.368399e-03 (0.05 s).
Cholesky vectors no   463 -   468 computed, error is 1.294130e-03 (0.02 s).
Cholesky vectors no   469 -   471 computed, error is 1.231863e-03 (0.01 s).
Cholesky vectors no   472 -   486 computed, error is 9.966960e-04 (0.05 s).
Cholesky vectors no   487 -   492 computed, error is 9.540749e-04 (0.02 s).
Cholesky vectors no   493 -   499 computed, error is 8.877276e-04 (0.02 s).
Cholesky vectors no   500 -   502 computed, error is 6.073756e-04 (0.06 s).
Cholesky vectors no   503 -   512 computed, error is 5.020939e-04 (0.04 s).
Cholesky vectors no   513 -   527 computed, error is 4.416708e-04 (0.06 s).
Cholesky vectors no   528 -   537 computed, error is 3.869229e-04 (0.04 s).
Cholesky vectors no   538 -   552 computed, error is 3.593666e-04 (0.06 s).
Cholesky vectors no   553 -   562 computed, error is 2.790910e-04 (0.04 s).
Cholesky vectors no   563 -   563 computed, error is 2.242875e-04 (0.00 s).
Cholesky vectors no   564 -   578 computed, error is 2.202800e-04 (0.06 s).
Cholesky vectors no   579 -   588 computed, error is 1.935726e-04 (0.04 s).
Cholesky vectors no   589 -   603 computed, error is 1.786302e-04 (0.11 s).
Cholesky vectors no   604 -   606 computed, error is 1.304391e-04 (0.01 s).
Cholesky vectors no   607 -   616 computed, error is 1.164076e-04 (0.05 s).
Cholesky vectors no   617 -   617 computed, error is 1.064538e-04 (0.00 s).
Cholesky vectors no   618 -   632 computed, error is 8.758084e-05 (0.06 s).
Cholesky vectors no   633 -   635 computed, error is 8.463029e-05 (0.01 s).
Cholesky vectors no   636 -   642 computed, error is 8.157228e-05 (0.03 s).
Cholesky vectors no   643 -   643 computed, error is 4.172419e-05 (0.00 s).
Cholesky vectors no   644 -   653 computed, error is 3.382556e-05 (0.04 s).
Cholesky vectors no   654 -   663 computed, error is 2.342588e-05 (0.04 s).
Cholesky vectors no   664 -   666 computed, error is 1.910652e-05 (0.01 s).
Cholesky vectors no   667 -   669 computed, error is 1.895197e-05 (0.01 s).
Cholesky vectors no   670 -   670 computed, error is 1.722111e-05 (0.00 s).
Cholesky vectors no   671 -   680 computed, error is 1.548436e-05 (0.04 s).
Cholesky vectors no   681 -   695 computed, error is 1.383458e-05 (0.07 s).
Cholesky vectors no   696 -   701 computed, error is 1.174025e-05 (0.09 s).
Cholesky vectors no   702 -   711 computed, error is 6.856657e-06 (0.06 s).
Cholesky vectors no   712 -   712 computed, error is 5.794496e-06 (0.01 s).
Cholesky vectors no   713 -   727 computed, error is 4.797129e-06 (0.08 s).
Cholesky vectors no   728 -   730 computed, error is 4.009093e-06 (0.01 s).
Cholesky vectors no   731 -   740 computed, error is 3.449507e-06 (0.04 s).
Cholesky vectors no   741 -   750 computed, error is 3.196810e-06 (0.04 s).
Cholesky vectors no   751 -   753 computed, error is 2.732552e-06 (0.01 s).
Cholesky vectors no   754 -   768 computed, error is 2.466150e-06 (0.06 s).
Cholesky vectors no   769 -   783 computed, error is 2.203518e-06 (0.07 s).
Cholesky vectors no   784 -   793 computed, error is 1.864161e-06 (0.05 s).
Cholesky vectors no   794 -   808 computed, error is 1.323307e-06 (0.15 s).
Cholesky vectors no   809 -   818 computed, error is 1.285649e-06 (0.06 s).
Cholesky vectors no   819 -   824 computed, error is 1.204482e-06 (0.03 s).
Cholesky vectors no   825 -   825 computed, error is 1.008365e-06 (0.01 s).
Cholesky vectors no   826 -   828 computed, error is 9.721821e-07 (0.02 s).
Cholesky vectors no   829 -   843 computed, error is 7.380900e-07 (0.09 s).
Cholesky vectors no   844 -   858 computed, error is 5.036047e-07 (0.08 s).
Cholesky vectors no   859 -   859 computed, error is 4.717821e-07 (0.01 s).
Cholesky vectors no   860 -   864 computed, error is 3.783750e-07 (0.03 s).
Cholesky vectors no   865 -   874 computed, error is 2.796934e-07 (0.05 s).
Cholesky vectors no   875 -   875 computed, error is 2.642526e-07 (0.01 s).
Cholesky vectors no   876 -   890 computed, error is 2.570566e-07 (0.08 s).
Cholesky vectors no   891 -   900 computed, error is 2.084194e-07 (0.13 s).
Cholesky vectors no   901 -   910 computed, error is 1.457630e-07 (0.07 s).
Cholesky vectors no   911 -   913 computed, error is 8.927813e-08 (0.02 s).
Cholesky decomposition finished in 5.00 s. Realized memory size is 164 Mi 470 ki.
Time use: integrals 12.4 %, linear algebra 87.6 %.
2890 shell pairs and 1 nuclei
SAP potential formed in 0.006 s.
Smallest eigenvalue of overlap matrix is 2.34e-04, reciprocal condition number is 4.86e-05.
Using symmetric orthogonalization.
Smallest eigenvalue of overlap matrix is 1.32e-04, reciprocal condition number is 2.42e-05.
Using symmetric orthogonalization.
Smallest eigenvalue of overlap matrix is 4.59e-05, reciprocal condition number is 6.59e-06.
Using symmetric orthogonalization.
Smallest eigenvalue of overlap matrix is 1.32e-04, reciprocal condition number is 2.42e-05.
Using symmetric orthogonalization.
Smallest eigenvalue of overlap matrix is 2.34e-04, reciprocal condition number is 4.86e-05.
Using symmetric orthogonalization.
Nela = 8 Nelb = 5



Solving SCF
Evaluated energy -241.0195077920 (change from lowest -2.410195e+02)


Iteration 1: 1 Fock evaluations energy -241.0195077920 change -2.410195e+02 DIIS error vector rms norm 9.918533e-03
History size 1
alpha m=-1 occupations
   1.0000
alpha m=0 occupations
   1.0000   1.0000   1.0000   1.0000
alpha m=1 occupations
   1.0000   1.0000   1.0000
beta m=-1 occupations
   1.0000
beta m=0 occupations
   1.0000   1.0000   1.0000
beta m=1 occupations
   1.0000
EDIIS+DIIS step
Evaluated energy -241.5899197331 (change from lowest -5.704119e-01)
Density matrix difference 3.628123e-02 between lowest-energy and newest entry


Iteration 2: 2 Fock evaluations energy -241.5899197331 change -5.704119e-01 DIIS error vector rms norm 8.824170e-04
History size 2
alpha m=-1 occupations
   1.0000
alpha m=0 occupations
   1.0000   1.0000   1.0000   1.0000
alpha m=1 occupations
   1.0000   1.0000   1.0000
beta m=-1 occupations
   1.0000
beta m=0 occupations
   1.0000   1.0000   1.0000
beta m=1 occupations
   1.0000
EDIIS+DIIS step
Evaluated energy -241.5912046040 (change from lowest -1.284871e-03)
Density matrix difference 1.595078e-03 between lowest-energy and newest entry


Iteration 3: 3 Fock evaluations energy -241.5912046040 change -1.284871e-03 DIIS error vector rms norm 2.483070e-04
History size 3
alpha m=-1 occupations
   1.0000
alpha m=0 occupations
   1.0000   1.0000   1.0000   1.0000
alpha m=1 occupations
   1.0000   1.0000   1.0000
beta m=-1 occupations
   1.0000
beta m=0 occupations
   1.0000   1.0000   1.0000
beta m=1 occupations
   1.0000
EDIIS+DIIS step
Evaluated energy -241.5913171319 (change from lowest -1.125279e-04)
Density matrix difference 4.328678e-04 between lowest-energy and newest entry


Iteration 4: 4 Fock evaluations energy -241.5913171319 change -1.125279e-04 DIIS error vector rms norm 2.867571e-05
History size 4
alpha m=-1 occupations
   1.0000
alpha m=0 occupations
   1.0000   1.0000   1.0000   1.0000
alpha m=1 occupations
   1.0000   1.0000   1.0000
beta m=-1 occupations
   1.0000
beta m=0 occupations
   1.0000   1.0000   1.0000
beta m=1 occupations
   1.0000
DIIS step
Evaluated energy -241.5913400913 (change from lowest -2.295939e-05)
Density matrix difference 2.598851e-04 between lowest-energy and newest entry


Iteration 5: 5 Fock evaluations energy -241.5913400913 change -2.295939e-05 DIIS error vector rms norm 9.924103e-06
History size 5
alpha m=-1 occupations
   1.0000
alpha m=0 occupations
   1.0000   1.0000   1.0000   1.0000
alpha m=1 occupations
   1.0000   1.0000   1.0000
beta m=-1 occupations
   1.0000
beta m=0 occupations
   1.0000   1.0000   1.0000
beta m=1 occupations
   1.0000
DIIS step
Evaluated energy -241.5913446838 (change from lowest -4.592501e-06)
Density matrix difference 1.350260e-04 between lowest-energy and newest entry


Iteration 6: 6 Fock evaluations energy -241.5913446838 change -4.592501e-06 DIIS error vector rms norm 3.244439e-06
History size 6
alpha m=-1 occupations
   1.0000
alpha m=0 occupations
   1.0000   1.0000   1.0000   1.0000
alpha m=1 occupations
   1.0000   1.0000   1.0000
beta m=-1 occupations
   1.0000
beta m=0 occupations
   1.0000   1.0000   1.0000
beta m=1 occupations
   1.0000
DIIS step
Evaluated energy -241.5913452349 (change from lowest -5.511394e-07)
Density matrix difference 5.528485e-05 between lowest-energy and newest entry


Iteration 7: 7 Fock evaluations energy -241.5913452349 change -5.511394e-07 DIIS error vector rms norm 7.288881e-07
History size 7
Converged to energy -241.5913452349!

Running program took 1 min 40.41 s.
