ERKALE - HF/DFT from Hel, OpenMP version, running on 8 cores.
(c) Susi Lehtola, 2010-2016.

This program is free software; you can redistribute it and/or modify
it under the terms of the GNU General Public License as published by
the Free Software Foundation; either version 2 of the License, or
(at your option) any later version.

Running on host silver.

Current time is Thu 12 Mar 2026 18:53:51.

Current Settings used by ERKALE:
     AtomGuess      	                Auto	Method used for atomic guess (Auto for same as method)
     Basis          	             cc-pVDZ	Basis set used in calculation
     BasisCutoff    	           1.000e-08	Cutoff for dropping out small primitives from contraction
     BasisOrth      	                Auto	Method of orthonormalization of basis set
     BasisRotate    	               false	Rotate basis set to remove redundant functions?
     Charge         	                   0	Total charge of system
     CholDepThresh  	           1.000e-07	Partial Cholesky decomposition threshold
     Cholesky       	                true	Use Cholesky decomposition?
     CholeskyMode   	                   0	Save/load integrals? 0 no, 1 save, -1 load
     CholeskyNAFThr 	           0.000e+00	Cholesky natural auxiliary function threshold
     CholeskyShThr  	           1.000e-02	Cholesky cache threshold
     CholeskyThr    	           1.000e-07	Cholesky decomposition threshold
     Complexbas     	                true	Use complex basis?
     Confinement    	         0.0 0.0 0.0	Confinement potential V(r) = V_i x_i^2
     ConvThr        	           1.000e-06	Orbital gradient convergence threshold
     DFTBasisThr    	           1.000e-10	Threshold for screening basis functions on grid
     DFTCpars       	                    	Override parameters of correlation functional (expert)
     DFTDelta       	           1.000e+02	Switch to final DFT grid has converged within factor X
     DFTDensityThr  	           1.000e-10	Threshold for screening density on grid
     DFTFinalTol    	           1.000e-05	Tolerance of final DFT grid
     DFTGrid        	             75 -302	DFT integration grid to use: nrad lmax or Auto for adaptive
     DFTInitialTol  	           1.000e-04	Tolerance of initial DFT grid
     DFTLobatto     	               false	Use Lobatto quadrature instead of Lebedev quadrature?
     DFTQuadThresh  	           2.220e-16	Threshold for pruning points with small quadrature weight
     DFTXpars       	                    	Override parameters of exchange functional (expert)
     DIISComb       	               false	Combine alpha and beta errors in unrestricted calcs?
     DIISEps        	           1.000e-01	Start mixing in DIIS when error is
     DIISOrder      	                  10	How many DIIS iterations to keep in memory?
     DIISThr        	           1.000e-02	DIIS error threshold for DIIS updates
     DecFock        	               false	Use decontracted basis to calculate Fock matrix (direct HF)
     Decontract     	                   *	Indices of atoms to decontract basis set for
     DensityFitting 	               false	Use density fitting / RI?
     Direct         	               false	Calculate two-electron integrals (or density fitting) on-the-fly?
     EField         	         0.0 0.0 0.0	Electric field
     ErrorNorm      	                 rms	Error norm to use in the SCF code
     FittingBasis   	                Auto	Basis to use for density fitting / RI (Auto for automatic)
     FittingCholeskyThreshold	           1.000e-08	Linear dependence threshold for pivoted Cholesky of Coulomb integrals in density fitting
     FittingMemory  	                1000	Amount of memory in MB to use for exchange fitting
     FittingThreshold	           1.000e-07	Linear dependence threshold for Coulomb integrals in density fitting
     Guess          	                core	Used guess: SAD (default), SADNO, core, GWH, SAP, or SAPfit
     InitConvThr    	           1.000e-05	Initialization convergence threshold
     InputBohr      	               false	Use atomic units as input units instead of angstrom?
     IntegralThresh 	           1.000e-10	Integral screening threshold
     Kgwh           	           1.750e+00	Scaling constant for GWH
     LinDepThresh   	           1.000e-05	Basis set linear dependency threshold
     LinearB        	           1.000e-01	Magnetic field along bond axis
     LinearFreeze   	               false	If using linear symmetry, freeze symmetry to input guess
     LinearOccupationFile	     ../../Ar_8.occs	File to read linear occupations from
     LinearOccupations	                  -1	Read in occupations for linear molecule calculations?
     LinearSymmetry 	                true	Do special calculation on linear molecule along z axis
     LoadChk        	                    	Checkpoint file to load from
     Logfile        	          erkale.log	File to print out full information, stdout for screen
     MaxInitIter    	                 100	Maximum number of iterations in the stepwise solutions
     MaxIter        	                 100	Maximum number of iterations in SCF cycle
     Method         	                  HF	Method used in calculation (HF or a DFT functional)
     Multiplicity   	                   7	Spin multiplicity
     NLGrid         	             50 -194	Integration grid to use for nonlocal correlation: nrad lmax
     Occupancies    	                    	Orbital occupancies
     OptLM          	               false	If spherical harmonics used, use cartesian s and p functions?
     PZ             	               false	Perform Perdew-Zunger self-interaction correction?
     PZEthr         	           1.000e-10	Threshold for energy convergence
     PZIthr         	           1.000e-02	Threshold for initialization convergence (not too small!)
     PZNRthr        	           0.000e+00	Threshold for use of NR method in OO optimization
     PZOOthr        	           1.000e-04	Gradient threshold for OO optimization
     PZOVthr        	           1.000e-05	Gradient threshold for OV optimization
     PZimag         	                Auto	Imaginary degrees of freedom in PZ?
     PZiter         	                  20	Max number of iterations in self-consistency iteration
     PZloc          	                Auto	Initial localization before SIC calculation?
     PZlocmet       	                  FB	Initial localization method (recommend FB or IAO)
     PZmode         	                  XC	Apply PZ to the operators (in addition to J): X C D
     PZoo           	                true	Optimize OO block?
     PZov           	                true	Optimize OV block?
     PZprec         	                   1	Precondition OV block? 0: no, 1: unified, 2: orbital
     PZrand         	                true	Apply random rotation in PZ initialization? (Should be true)
     PZscale        	            Constant	Scaling for PZ: Constant, Density or Kinetic
     PZscaleExp     	           1.000e+00	Exponent in the dynamic scaling equation
     PZseed         	                   0	Seed number for randomized matrices?
     PZstab         	                   0	Stability analysis for PZ-SIC? 1 or -1 for OO, 2 or -2 for OO+OV
     PZstabThr      	           1.000e-03	Instability threshold (interpreted as -thr)
     PZw            	           1.000e+00	Weight for Perdew-Zunger self-interaction correction
     Restricted     	               false	Spin restricted?
     SAPBasis       	    helfem_large.gbs	Tabulated atomic effective potential "basis set"
     SAPGrid        	                    	SAP integration grid to use: nrad lmax or leave empty
     SaveChk        	   complex_basis.chk	Checkpoint file to save to
     Shift          	           0.000e+00	Level shift to use in Hartree
     System         	        ../atoms.xyz	System as an xyz file
     TRRHminS       	           9.750e-01	Trust-Region Roothaan-Hall minimal occupied orbital overlap
     UseADIIS       	                true	Use ADIIS for Fock matrix interpolation?
     UseBroyden     	               false	Use Broyden mixing of Fock matrices?
     UseDIIS        	                true	Use Pulay's Direct Inversion in the Iterative Subspace?
     UseLM          	                true	Use a spherical harmonics basis set by default?
     UseTRRH        	               false	Use Trust-Region Roothaan-Hall?
     VV10           	                Auto	Use VV10 non-local correlation?
     VV10Pars       	                    	VV10 parameters: b C
     Verbose        	                true	Verbose calculation?
     Verbosity      	                   5	Verboseness level

Basis set cc-pVDZ found in file cc-pVDZ.gbs in /home/lehtola/programs/erkale/basis/.
Basis set helfem_large.gbs found in file helfem_large.gbs in /home/lehtola/programs/erkale/basis/.
Screening by shell pairs and symmetry reduced dofs by factor 1.95.
Individual screening reduced dofs by a total factor 1.95.
Computing Cholesky vectors. Estimated memory size is 827 ki - 2 Mi.
Cholesky vectors no     0 -     0 computed, error is 5.446393e+01 (0.00 s).
Cholesky vectors no     1 -     1 computed, error is 2.009951e+01 (0.00 s).
Cholesky vectors no     2 -     2 computed, error is 7.309115e+00 (0.00 s).
Cholesky vectors no     3 -     8 computed, error is 3.992353e+00 (0.00 s).
Cholesky vectors no     9 -    11 computed, error is 3.093622e+00 (0.00 s).
Cholesky vectors no    12 -    17 computed, error is 2.233717e+00 (0.00 s).
Cholesky vectors no    18 -    18 computed, error is 1.208432e+00 (0.00 s).
Cholesky vectors no    19 -    21 computed, error is 8.916646e-01 (0.00 s).
Cholesky vectors no    22 -    27 computed, error is 7.591195e-01 (0.00 s).
Cholesky vectors no    28 -    33 computed, error is 6.023745e-01 (0.00 s).
Cholesky vectors no    34 -    34 computed, error is 4.969405e-01 (0.00 s).
Cholesky vectors no    35 -    37 computed, error is 3.477305e-01 (0.00 s).
Cholesky vectors no    38 -    52 computed, error is 2.275904e-01 (0.00 s).
Cholesky vectors no    53 -    55 computed, error is 1.575975e-01 (0.00 s).
Cholesky vectors no    56 -    58 computed, error is 9.662898e-02 (0.00 s).
Cholesky vectors no    59 -    64 computed, error is 8.352745e-02 (0.00 s).
Cholesky vectors no    65 -    67 computed, error is 7.092121e-02 (0.00 s).
Cholesky vectors no    68 -    77 computed, error is 6.783489e-02 (0.00 s).
Cholesky vectors no    78 -    83 computed, error is 4.861480e-02 (0.00 s).
Cholesky vectors no    84 -    86 computed, error is 4.075837e-02 (0.00 s).
Cholesky vectors no    87 -    87 computed, error is 3.874027e-02 (0.00 s).
Cholesky vectors no    88 -    93 computed, error is 2.565149e-02 (0.00 s).
Cholesky vectors no    94 -    94 computed, error is 1.615534e-02 (0.00 s).
Cholesky vectors no    95 -   100 computed, error is 1.569076e-02 (0.00 s).
Cholesky vectors no   101 -   103 computed, error is 9.202217e-03 (0.00 s).
Cholesky vectors no   104 -   106 computed, error is 8.642043e-03 (0.00 s).
Cholesky vectors no   107 -   109 computed, error is 5.780661e-03 (0.00 s).
Cholesky vectors no   110 -   112 computed, error is 4.410836e-03 (0.00 s).
Cholesky vectors no   113 -   122 computed, error is 2.356365e-03 (0.00 s).
Cholesky vectors no   123 -   128 computed, error is 1.748824e-03 (0.00 s).
Cholesky vectors no   129 -   129 computed, error is 1.182862e-03 (0.00 s).
Cholesky vectors no   130 -   132 computed, error is 6.813861e-04 (0.00 s).
Cholesky vectors no   133 -   142 computed, error is 5.403284e-04 (0.00 s).
Cholesky vectors no   143 -   148 computed, error is 4.292679e-04 (0.00 s).
Cholesky vectors no   149 -   158 computed, error is 3.737150e-04 (0.00 s).
Cholesky vectors no   159 -   164 computed, error is 2.587704e-04 (0.00 s).
Cholesky vectors no   165 -   167 computed, error is 1.970786e-04 (0.00 s).
Cholesky vectors no   168 -   173 computed, error is 1.841121e-04 (0.00 s).
Cholesky vectors no   174 -   176 computed, error is 8.262949e-05 (0.00 s).
Cholesky vectors no   177 -   177 computed, error is 7.562607e-05 (0.00 s).
Cholesky vectors no   178 -   183 computed, error is 6.564062e-05 (0.00 s).
Cholesky vectors no   184 -   190 computed, error is 3.199172e-05 (0.00 s).
Cholesky vectors no   191 -   191 computed, error is 2.277989e-05 (0.00 s).
Cholesky vectors no   192 -   194 computed, error is 1.318499e-05 (0.00 s).
Cholesky vectors no   195 -   200 computed, error is 7.343232e-06 (0.00 s).
Cholesky vectors no   201 -   201 computed, error is 5.244077e-06 (0.00 s).
Cholesky vectors no   202 -   208 computed, error is 4.295966e-06 (0.00 s).
Cholesky vectors no   209 -   211 computed, error is 3.636127e-06 (0.00 s).
Cholesky vectors no   212 -   212 computed, error is 2.659637e-06 (0.00 s).
Cholesky vectors no   213 -   218 computed, error is 2.224770e-06 (0.00 s).
Cholesky vectors no   219 -   221 computed, error is 1.632268e-06 (0.00 s).
Cholesky vectors no   222 -   222 computed, error is 3.378795e-07 (0.00 s).
Cholesky vectors no   223 -   225 computed, error is 2.765566e-07 (0.00 s).
Cholesky vectors no   226 -   230 computed, error is 2.448420e-07 (0.00 s).
Cholesky vectors no   231 -   237 computed, error is 1.303099e-07 (0.00 s).
Cholesky vectors no   238 -   238 computed, error is 1.255047e-07 (0.00 s).
Cholesky vectors no   239 -   244 computed, error is 7.978708e-08 (0.00 s).
Cholesky decomposition finished in 0.02 s. Realized memory size is 1 Mi 993 ki.
Time use: integrals 21.7 %, linear algebra 78.3 %.
231 shell pairs and 1 nuclei
SAP potential formed in 0.001 s.
Smallest eigenvalue of overlap matrix is 1.00e+00, reciprocal condition number is 1.00e+00.
Using symmetric orthogonalization.
Smallest eigenvalue of overlap matrix is 3.10e-02, reciprocal condition number is 1.04e-02.
Using symmetric orthogonalization.
Smallest eigenvalue of overlap matrix is 6.72e-03, reciprocal condition number is 1.68e-03.
Using symmetric orthogonalization.
Smallest eigenvalue of overlap matrix is 3.10e-02, reciprocal condition number is 1.04e-02.
Using symmetric orthogonalization.
Smallest eigenvalue of overlap matrix is 1.00e+00, reciprocal condition number is 1.00e+00.
Using symmetric orthogonalization.
Nela = 12 Nelb = 6



Solving SCF
Evaluated energy -483.0870125993 (change from lowest -4.830870e+02)


Iteration 1: 1 Fock evaluations energy -483.0870125993 change -4.830870e+02 DIIS error vector rms norm 1.179866e+00
History size 1
alpha m=-1 occupations
   1.0000   1.0000
alpha m=0 occupations
   1.0000   1.0000   1.0000   1.0000   1.0000   1.0000
alpha m=1 occupations
   1.0000   1.0000   1.0000
alpha m=2 occupations
   1.0000
beta m=-1 occupations
   1.0000
beta m=0 occupations
   1.0000   1.0000   1.0000   1.0000
beta m=1 occupations
   1.0000
EDIIS step
Evaluated energy -519.4382048821 (change from lowest -3.635119e+01)
Density matrix difference 6.573688e-01 between lowest-energy and newest entry


Iteration 2: 2 Fock evaluations energy -519.4382048821 change -3.635119e+01 DIIS error vector rms norm 3.240080e-01
History size 2
alpha m=-1 occupations
   1.0000   1.0000
alpha m=0 occupations
   1.0000   1.0000   1.0000   1.0000   1.0000   1.0000
alpha m=1 occupations
   1.0000   1.0000   1.0000
alpha m=2 occupations
   1.0000
beta m=-1 occupations
   1.0000
beta m=0 occupations
   1.0000   1.0000   1.0000   1.0000
beta m=1 occupations
   1.0000
EDIIS step
Evaluated energy -524.1770794138 (change from lowest -4.738875e+00)
Density matrix difference 2.908856e-01 between lowest-energy and newest entry


Iteration 3: 3 Fock evaluations energy -524.1770794138 change -4.738875e+00 DIIS error vector rms norm 8.499579e-02
History size 3
alpha m=-1 occupations
   1.0000   1.0000
alpha m=0 occupations
   1.0000   1.0000   1.0000   1.0000   1.0000   1.0000
alpha m=1 occupations
   1.0000   1.0000   1.0000
alpha m=2 occupations
   1.0000
beta m=-1 occupations
   1.0000
beta m=0 occupations
   1.0000   1.0000   1.0000   1.0000
beta m=1 occupations
   1.0000
EDIIS+DIIS step
Evaluated energy -524.3870776775 (change from lowest -2.099983e-01)
Density matrix difference 4.951627e-02 between lowest-energy and newest entry


Iteration 4: 4 Fock evaluations energy -524.3870776775 change -2.099983e-01 DIIS error vector rms norm 1.305933e-02
History size 4
alpha m=-1 occupations
   1.0000   1.0000
alpha m=0 occupations
   1.0000   1.0000   1.0000   1.0000   1.0000   1.0000
alpha m=1 occupations
   1.0000   1.0000   1.0000
alpha m=2 occupations
   1.0000
beta m=-1 occupations
   1.0000
beta m=0 occupations
   1.0000   1.0000   1.0000   1.0000
beta m=1 occupations
   1.0000
EDIIS+DIIS step
Evaluated energy -524.3922180937 (change from lowest -5.140416e-03)
Density matrix difference 7.107251e-03 between lowest-energy and newest entry


Iteration 5: 5 Fock evaluations energy -524.3922180937 change -5.140416e-03 DIIS error vector rms norm 7.372731e-04
History size 5
alpha m=-1 occupations
   1.0000   1.0000
alpha m=0 occupations
   1.0000   1.0000   1.0000   1.0000   1.0000   1.0000
alpha m=1 occupations
   1.0000   1.0000   1.0000
alpha m=2 occupations
   1.0000
beta m=-1 occupations
   1.0000
beta m=0 occupations
   1.0000   1.0000   1.0000   1.0000
beta m=1 occupations
   1.0000
EDIIS+DIIS step
Evaluated energy -524.3934253172 (change from lowest -1.207223e-03)
Density matrix difference 3.009461e-03 between lowest-energy and newest entry


Iteration 6: 6 Fock evaluations energy -524.3934253172 change -1.207223e-03 DIIS error vector rms norm 7.246585e-04
History size 6
alpha m=-1 occupations
   1.0000   1.0000
alpha m=0 occupations
   1.0000   1.0000   1.0000   1.0000   1.0000   1.0000
alpha m=1 occupations
   1.0000   1.0000   1.0000
alpha m=2 occupations
   1.0000
beta m=-1 occupations
   1.0000
beta m=0 occupations
   1.0000   1.0000   1.0000   1.0000
beta m=1 occupations
   1.0000
EDIIS+DIIS step
Evaluated energy -524.3941362452 (change from lowest -7.109280e-04)
Density matrix difference 1.561435e-03 between lowest-energy and newest entry


Iteration 7: 7 Fock evaluations energy -524.3941362452 change -7.109280e-04 DIIS error vector rms norm 7.458711e-04
History size 7
alpha m=-1 occupations
   1.0000   1.0000
alpha m=0 occupations
   1.0000   1.0000   1.0000   1.0000   1.0000   1.0000
alpha m=1 occupations
   1.0000   1.0000   1.0000
alpha m=2 occupations
   1.0000
beta m=-1 occupations
   1.0000
beta m=0 occupations
   1.0000   1.0000   1.0000   1.0000
beta m=1 occupations
   1.0000
EDIIS+DIIS step
Evaluated energy -524.3938346334 (change from lowest 3.016118e-04)
Density matrix difference 6.530507e-04 between lowest-energy and newest entry


Iteration 8: 8 Fock evaluations energy -524.3941362452 change  0.000000e+00 DIIS error vector rms norm 7.458711e-04
History size 8
alpha m=-1 occupations
   1.0000   1.0000
alpha m=0 occupations
   1.0000   1.0000   1.0000   1.0000   1.0000   1.0000
alpha m=1 occupations
   1.0000   1.0000   1.0000
alpha m=2 occupations
   1.0000
beta m=-1 occupations
   1.0000
beta m=0 occupations
   1.0000   1.0000   1.0000   1.0000
beta m=1 occupations
   1.0000
EDIIS+DIIS step
Evaluated energy -524.3938511824 (change from lowest 2.850628e-04)
Density matrix difference 6.167794e-04 between lowest-energy and newest entry


Iteration 9: 9 Fock evaluations energy -524.3941362452 change  0.000000e+00 DIIS error vector rms norm 7.458711e-04
History size 9
alpha m=-1 occupations
   1.0000   1.0000
alpha m=0 occupations
   1.0000   1.0000   1.0000   1.0000   1.0000   1.0000
alpha m=1 occupations
   1.0000   1.0000   1.0000
alpha m=2 occupations
   1.0000
beta m=-1 occupations
   1.0000
beta m=0 occupations
   1.0000   1.0000   1.0000   1.0000
beta m=1 occupations
   1.0000
EDIIS+DIIS step
Evaluated energy -524.3938585438 (change from lowest 2.777014e-04)
Density matrix difference 6.006694e-04 between lowest-energy and newest entry


Iteration 10: 10 Fock evaluations energy -524.3941362452 change  0.000000e+00 DIIS error vector rms norm 7.458711e-04
History size 10
alpha m=-1 occupations
   1.0000   1.0000
alpha m=0 occupations
   1.0000   1.0000   1.0000   1.0000   1.0000   1.0000
alpha m=1 occupations
   1.0000   1.0000   1.0000
alpha m=2 occupations
   1.0000
beta m=-1 occupations
   1.0000
beta m=0 occupations
   1.0000   1.0000   1.0000   1.0000
beta m=1 occupations
   1.0000
EDIIS+DIIS step
Evaluated energy -524.3938624405 (change from lowest 2.738047e-04)
Density matrix difference 5.921480e-04 between lowest-energy and newest entry


Iteration 11: 11 Fock evaluations energy -524.3941362452 change  0.000000e+00 DIIS error vector rms norm 7.458711e-04
History size 10
alpha m=-1 occupations
   1.0000   1.0000
alpha m=0 occupations
   1.0000   1.0000   1.0000   1.0000   1.0000   1.0000
alpha m=1 occupations
   1.0000   1.0000   1.0000
alpha m=2 occupations
   1.0000
beta m=-1 occupations
   1.0000
beta m=0 occupations
   1.0000   1.0000   1.0000   1.0000
beta m=1 occupations
   1.0000
EDIIS+DIIS step
Evaluated energy -524.3938647550 (change from lowest 2.714901e-04)
Density matrix difference 5.870887e-04 between lowest-energy and newest entry


Iteration 12: 12 Fock evaluations energy -524.3941362452 change  0.000000e+00 DIIS error vector rms norm 7.458711e-04
History size 10
alpha m=-1 occupations
   1.0000   1.0000
alpha m=0 occupations
   1.0000   1.0000   1.0000   1.0000   1.0000   1.0000
alpha m=1 occupations
   1.0000   1.0000   1.0000
alpha m=2 occupations
   1.0000
beta m=-1 occupations
   1.0000
beta m=0 occupations
   1.0000   1.0000   1.0000   1.0000
beta m=1 occupations
   1.0000
Switching to optimal damping for next iterations
EDIIS+DIIS step
Evaluated energy -524.3938662453 (change from lowest 2.699998e-04)
Density matrix difference 5.838321e-04 between lowest-energy and newest entry


Iteration 13: 13 Fock evaluations energy -524.3941362452 change  0.000000e+00 DIIS error vector rms norm 7.458711e-04
History size 10
alpha m=-1 occupations
   1.0000   1.0000
alpha m=0 occupations
   1.0000   1.0000   1.0000   1.0000   1.0000   1.0000
alpha m=1 occupations
   1.0000   1.0000   1.0000
alpha m=2 occupations
   1.0000
beta m=-1 occupations
   1.0000
beta m=0 occupations
   1.0000   1.0000   1.0000   1.0000
beta m=1 occupations
   1.0000
Switching to optimal damping for next iterations
EDIIS+DIIS step
Evaluated energy -524.3938672635 (change from lowest 2.689817e-04)
Density matrix difference 5.816076e-04 between lowest-energy and newest entry


Iteration 14: 14 Fock evaluations energy -524.3941362452 change  0.000000e+00 DIIS error vector rms norm 7.458711e-04
History size 10
alpha m=-1 occupations
   1.0000   1.0000
alpha m=0 occupations
   1.0000   1.0000   1.0000   1.0000   1.0000   1.0000
alpha m=1 occupations
   1.0000   1.0000   1.0000
alpha m=2 occupations
   1.0000
beta m=-1 occupations
   1.0000
beta m=0 occupations
   1.0000   1.0000   1.0000   1.0000
beta m=1 occupations
   1.0000
Switching to optimal damping for next iterations
EDIIS+DIIS step
Evaluated energy -524.3939229957 (change from lowest 2.132494e-04)
Density matrix difference 4.599115e-04 between lowest-energy and newest entry


Iteration 15: 15 Fock evaluations energy -524.3941362452 change  0.000000e+00 DIIS error vector rms norm 7.458711e-04
History size 10
alpha m=-1 occupations
   1.0000   1.0000
alpha m=0 occupations
   1.0000   1.0000   1.0000   1.0000   1.0000   1.0000
alpha m=1 occupations
   1.0000   1.0000   1.0000
alpha m=2 occupations
   1.0000
beta m=-1 occupations
   1.0000
beta m=0 occupations
   1.0000   1.0000   1.0000   1.0000
beta m=1 occupations
   1.0000
Switching to optimal damping for next iterations
EDIIS+DIIS step
Evaluated energy -524.3946304303 (change from lowest -4.941851e-04)
Density matrix difference 1.523542e-03 between lowest-energy and newest entry


Iteration 16: 16 Fock evaluations energy -524.3946304303 change -4.941851e-04 DIIS error vector rms norm 7.600626e-04
History size 10
alpha m=-1 occupations
   1.0000   1.0000
alpha m=0 occupations
   1.0000   1.0000   1.0000   1.0000   1.0000   1.0000
alpha m=1 occupations
   1.0000   1.0000   1.0000
alpha m=2 occupations
   1.0000
beta m=-1 occupations
   1.0000
beta m=0 occupations
   1.0000   1.0000   1.0000   1.0000
beta m=1 occupations
   1.0000
EDIIS+DIIS step
Evaluated energy -524.3943510892 (change from lowest 2.793410e-04)
Density matrix difference 5.935231e-04 between lowest-energy and newest entry


Iteration 17: 17 Fock evaluations energy -524.3946304303 change  0.000000e+00 DIIS error vector rms norm 7.600626e-04
History size 10
alpha m=-1 occupations
   1.0000   1.0000
alpha m=0 occupations
   1.0000   1.0000   1.0000   1.0000   1.0000   1.0000
alpha m=1 occupations
   1.0000   1.0000   1.0000
alpha m=2 occupations
   1.0000
beta m=-1 occupations
   1.0000
beta m=0 occupations
   1.0000   1.0000   1.0000   1.0000
beta m=1 occupations
   1.0000
EDIIS+DIIS step
Evaluated energy -524.3942336733 (change from lowest 3.967570e-04)
Density matrix difference 8.461623e-04 between lowest-energy and newest entry


Iteration 18: 18 Fock evaluations energy -524.3946304303 change  0.000000e+00 DIIS error vector rms norm 7.600626e-04
History size 10
alpha m=-1 occupations
   1.0000   1.0000
alpha m=0 occupations
   1.0000   1.0000   1.0000   1.0000   1.0000   1.0000
alpha m=1 occupations
   1.0000   1.0000   1.0000
alpha m=2 occupations
   1.0000
beta m=-1 occupations
   1.0000
beta m=0 occupations
   1.0000   1.0000   1.0000   1.0000
beta m=1 occupations
   1.0000
EDIIS+DIIS step
Evaluated energy -524.3942573800 (change from lowest 3.730502e-04)
Density matrix difference 7.956100e-04 between lowest-energy and newest entry


Iteration 19: 19 Fock evaluations energy -524.3946304303 change  0.000000e+00 DIIS error vector rms norm 7.600626e-04
History size 10
alpha m=-1 occupations
   1.0000   1.0000
alpha m=0 occupations
   1.0000   1.0000   1.0000   1.0000   1.0000   1.0000
alpha m=1 occupations
   1.0000   1.0000   1.0000
alpha m=2 occupations
   1.0000
beta m=-1 occupations
   1.0000
beta m=0 occupations
   1.0000   1.0000   1.0000   1.0000
beta m=1 occupations
   1.0000
EDIIS+DIIS step
Evaluated energy -524.3942973934 (change from lowest 3.330368e-04)
Density matrix difference 7.099960e-04 between lowest-energy and newest entry


Iteration 20: 20 Fock evaluations energy -524.3946304303 change  0.000000e+00 DIIS error vector rms norm 7.600626e-04
History size 10
alpha m=-1 occupations
   1.0000   1.0000
alpha m=0 occupations
   1.0000   1.0000   1.0000   1.0000   1.0000   1.0000
alpha m=1 occupations
   1.0000   1.0000   1.0000
alpha m=2 occupations
   1.0000
beta m=-1 occupations
   1.0000
beta m=0 occupations
   1.0000   1.0000   1.0000   1.0000
beta m=1 occupations
   1.0000
EDIIS+DIIS step
Evaluated energy -524.3943559855 (change from lowest 2.744447e-04)
Density matrix difference 5.846624e-04 between lowest-energy and newest entry


Iteration 21: 21 Fock evaluations energy -524.3946304303 change  0.000000e+00 DIIS error vector rms norm 7.600626e-04
History size 10
alpha m=-1 occupations
   1.0000   1.0000
alpha m=0 occupations
   1.0000   1.0000   1.0000   1.0000   1.0000   1.0000
alpha m=1 occupations
   1.0000   1.0000   1.0000
alpha m=2 occupations
   1.0000
beta m=-1 occupations
   1.0000
beta m=0 occupations
   1.0000   1.0000   1.0000   1.0000
beta m=1 occupations
   1.0000
Switching to optimal damping for next iterations
EDIIS+DIIS step
Evaluated energy -524.3944367991 (change from lowest 1.936312e-04)
Density matrix difference 4.121000e-04 between lowest-energy and newest entry


Iteration 22: 22 Fock evaluations energy -524.3946304303 change  0.000000e+00 DIIS error vector rms norm 7.600626e-04
History size 10
alpha m=-1 occupations
   1.0000   1.0000
alpha m=0 occupations
   1.0000   1.0000   1.0000   1.0000   1.0000   1.0000
alpha m=1 occupations
   1.0000   1.0000   1.0000
alpha m=2 occupations
   1.0000
beta m=-1 occupations
   1.0000
beta m=0 occupations
   1.0000   1.0000   1.0000   1.0000
beta m=1 occupations
   1.0000
Switching to optimal damping for next iterations
EDIIS+DIIS step
Evaluated energy -524.3945461433 (change from lowest 8.428694e-05)
Density matrix difference 1.793249e-04 between lowest-energy and newest entry


Iteration 23: 23 Fock evaluations energy -524.3946304303 change  0.000000e+00 DIIS error vector rms norm 7.600626e-04
History size 10
alpha m=-1 occupations
   1.0000   1.0000
alpha m=0 occupations
   1.0000   1.0000   1.0000   1.0000   1.0000   1.0000
alpha m=1 occupations
   1.0000   1.0000   1.0000
alpha m=2 occupations
   1.0000
beta m=-1 occupations
   1.0000
beta m=0 occupations
   1.0000   1.0000   1.0000   1.0000
beta m=1 occupations
   1.0000
Switching to optimal damping for next iterations
EDIIS+DIIS step
Evaluated energy -524.3946947583 (change from lowest -6.432807e-05)
Density matrix difference 3.152034e-04 between lowest-energy and newest entry


Iteration 24: 24 Fock evaluations energy -524.3946947583 change -6.432807e-05 DIIS error vector rms norm 7.620762e-04
History size 10
alpha m=-1 occupations
   1.0000   1.0000
alpha m=0 occupations
   1.0000   1.0000   1.0000   1.0000   1.0000   1.0000
alpha m=1 occupations
   1.0000   1.0000   1.0000
alpha m=2 occupations
   1.0000
beta m=-1 occupations
   1.0000
beta m=0 occupations
   1.0000   1.0000   1.0000   1.0000
beta m=1 occupations
   1.0000
EDIIS+DIIS step
Evaluated energy -524.3949029212 (change from lowest -2.081628e-04)
Density matrix difference 4.389724e-04 between lowest-energy and newest entry


Iteration 25: 25 Fock evaluations energy -524.3949029212 change -2.081628e-04 DIIS error vector rms norm 7.679852e-04
History size 10
alpha m=-1 occupations
   1.0000   1.0000
alpha m=0 occupations
   1.0000   1.0000   1.0000   1.0000   1.0000   1.0000
alpha m=1 occupations
   1.0000   1.0000   1.0000
alpha m=2 occupations
   1.0000
beta m=-1 occupations
   1.0000
beta m=0 occupations
   1.0000   1.0000   1.0000   1.0000
beta m=1 occupations
   1.0000
EDIIS+DIIS step
Evaluated energy -524.3950620729 (change from lowest -1.591518e-04)
Density matrix difference 3.351257e-04 between lowest-energy and newest entry


Iteration 26: 26 Fock evaluations energy -524.3950620729 change -1.591518e-04 DIIS error vector rms norm 7.726714e-04
History size 10
alpha m=-1 occupations
   1.0000   1.0000
alpha m=0 occupations
   1.0000   1.0000   1.0000   1.0000   1.0000   1.0000
alpha m=1 occupations
   1.0000   1.0000   1.0000
alpha m=2 occupations
   1.0000
beta m=-1 occupations
   1.0000
beta m=0 occupations
   1.0000   1.0000   1.0000   1.0000
beta m=1 occupations
   1.0000
EDIIS+DIIS step
Evaluated energy -524.3945876708 (change from lowest 4.744021e-04)
Density matrix difference 9.964853e-04 between lowest-energy and newest entry


Iteration 27: 27 Fock evaluations energy -524.3950620729 change  0.000000e+00 DIIS error vector rms norm 7.726714e-04
History size 10
alpha m=-1 occupations
   1.0000   1.0000
alpha m=0 occupations
   1.0000   1.0000   1.0000   1.0000   1.0000   1.0000
alpha m=1 occupations
   1.0000   1.0000   1.0000
alpha m=2 occupations
   1.0000
beta m=-1 occupations
   1.0000
beta m=0 occupations
   1.0000   1.0000   1.0000   1.0000
beta m=1 occupations
   1.0000
EDIIS+DIIS step
Evaluated energy -524.3946512779 (change from lowest 4.107950e-04)
Density matrix difference 8.622391e-04 between lowest-energy and newest entry


Iteration 28: 28 Fock evaluations energy -524.3950620729 change  0.000000e+00 DIIS error vector rms norm 7.726714e-04
History size 10
alpha m=-1 occupations
   1.0000   1.0000
alpha m=0 occupations
   1.0000   1.0000   1.0000   1.0000   1.0000   1.0000
alpha m=1 occupations
   1.0000   1.0000   1.0000
alpha m=2 occupations
   1.0000
beta m=-1 occupations
   1.0000
beta m=0 occupations
   1.0000   1.0000   1.0000   1.0000
beta m=1 occupations
   1.0000
EDIIS+DIIS step
Evaluated energy -524.3948593013 (change from lowest 2.027717e-04)
Density matrix difference 4.248815e-04 between lowest-energy and newest entry


Iteration 29: 29 Fock evaluations energy -524.3950620729 change  0.000000e+00 DIIS error vector rms norm 7.726714e-04
History size 10
alpha m=-1 occupations
   1.0000   1.0000
alpha m=0 occupations
   1.0000   1.0000   1.0000   1.0000   1.0000   1.0000
alpha m=1 occupations
   1.0000   1.0000   1.0000
alpha m=2 occupations
   1.0000
beta m=-1 occupations
   1.0000
beta m=0 occupations
   1.0000   1.0000   1.0000   1.0000
beta m=1 occupations
   1.0000
EDIIS+DIIS step
Evaluated energy -524.3950288338 (change from lowest 3.323919e-05)
Density matrix difference 7.068797e-05 between lowest-energy and newest entry


Iteration 30: 30 Fock evaluations energy -524.3950620729 change  0.000000e+00 DIIS error vector rms norm 7.726714e-04
History size 10
alpha m=-1 occupations
   1.0000   1.0000
alpha m=0 occupations
   1.0000   1.0000   1.0000   1.0000   1.0000   1.0000
alpha m=1 occupations
   1.0000   1.0000   1.0000
alpha m=2 occupations
   1.0000
beta m=-1 occupations
   1.0000
beta m=0 occupations
   1.0000   1.0000   1.0000   1.0000
beta m=1 occupations
   1.0000
EDIIS+DIIS step
Evaluated energy -524.3951453721 (change from lowest -8.329919e-05)
Density matrix difference 2.425940e-04 between lowest-energy and newest entry


Iteration 31: 31 Fock evaluations energy -524.3951453721 change -8.329919e-05 DIIS error vector rms norm 7.749203e-04
History size 10
alpha m=-1 occupations
   1.0000   1.0000
alpha m=0 occupations
   1.0000   1.0000   1.0000   1.0000   1.0000   1.0000
alpha m=1 occupations
   1.0000   1.0000   1.0000
alpha m=2 occupations
   1.0000
beta m=-1 occupations
   1.0000
beta m=0 occupations
   1.0000   1.0000   1.0000   1.0000
beta m=1 occupations
   1.0000
EDIIS+DIIS step
Evaluated energy -524.3952462197 (change from lowest -1.008475e-04)
Density matrix difference 2.094547e-04 between lowest-energy and newest entry


Iteration 32: 32 Fock evaluations energy -524.3952462197 change -1.008475e-04 DIIS error vector rms norm 7.775467e-04
History size 10
alpha m=-1 occupations
   1.0000   1.0000
alpha m=0 occupations
   1.0000   1.0000   1.0000   1.0000   1.0000   1.0000
alpha m=1 occupations
   1.0000   1.0000   1.0000
alpha m=2 occupations
   1.0000
beta m=-1 occupations
   1.0000
beta m=0 occupations
   1.0000   1.0000   1.0000   1.0000
beta m=1 occupations
   1.0000
EDIIS+DIIS step
Evaluated energy -524.3953240083 (change from lowest -7.778867e-05)
Density matrix difference 1.613723e-04 between lowest-energy and newest entry


Iteration 33: 33 Fock evaluations energy -524.3953240083 change -7.778867e-05 DIIS error vector rms norm 7.795568e-04
History size 10
alpha m=-1 occupations
   1.0000   1.0000
alpha m=0 occupations
   1.0000   1.0000   1.0000   1.0000   1.0000   1.0000
alpha m=1 occupations
   1.0000   1.0000   1.0000
alpha m=2 occupations
   1.0000
beta m=-1 occupations
   1.0000
beta m=0 occupations
   1.0000   1.0000   1.0000   1.0000
beta m=1 occupations
   1.0000
EDIIS+DIIS step
Evaluated energy -524.3953622098 (change from lowest -3.820148e-05)
Density matrix difference 7.949199e-05 between lowest-energy and newest entry


Iteration 34: 34 Fock evaluations energy -524.3953622098 change -3.820148e-05 DIIS error vector rms norm 7.805413e-04
History size 10
alpha m=-1 occupations
   1.0000   1.0000
alpha m=0 occupations
   1.0000   1.0000   1.0000   1.0000   1.0000   1.0000
alpha m=1 occupations
   1.0000   1.0000   1.0000
alpha m=2 occupations
   1.0000
beta m=-1 occupations
   1.0000
beta m=0 occupations
   1.0000   1.0000   1.0000   1.0000
beta m=1 occupations
   1.0000
EDIIS+DIIS step
Evaluated energy -524.3953430250 (change from lowest 1.918486e-05)
Density matrix difference 3.918158e-05 between lowest-energy and newest entry


Iteration 35: 35 Fock evaluations energy -524.3953622098 change  0.000000e+00 DIIS error vector rms norm 7.805413e-04
History size 10
alpha m=-1 occupations
   1.0000   1.0000
alpha m=0 occupations
   1.0000   1.0000   1.0000   1.0000   1.0000   1.0000
alpha m=1 occupations
   1.0000   1.0000   1.0000
alpha m=2 occupations
   1.0000
beta m=-1 occupations
   1.0000
beta m=0 occupations
   1.0000   1.0000   1.0000   1.0000
beta m=1 occupations
   1.0000
EDIIS+DIIS step
Evaluated energy -524.3952661754 (change from lowest 9.603439e-05)
Density matrix difference 1.977231e-04 between lowest-energy and newest entry


Iteration 36: 36 Fock evaluations energy -524.3953622098 change  0.000000e+00 DIIS error vector rms norm 7.805413e-04
History size 10
alpha m=-1 occupations
   1.0000   1.0000
alpha m=0 occupations
   1.0000   1.0000   1.0000   1.0000   1.0000   1.0000
alpha m=1 occupations
   1.0000   1.0000   1.0000
alpha m=2 occupations
   1.0000
beta m=-1 occupations
   1.0000
beta m=0 occupations
   1.0000   1.0000   1.0000   1.0000
beta m=1 occupations
   1.0000
EDIIS+DIIS step
Evaluated energy -524.3952221959 (change from lowest 1.400140e-04)
Density matrix difference 2.888399e-04 between lowest-energy and newest entry


Iteration 37: 37 Fock evaluations energy -524.3953622098 change  0.000000e+00 DIIS error vector rms norm 7.805413e-04
History size 10
alpha m=-1 occupations
   1.0000   1.0000
alpha m=0 occupations
   1.0000   1.0000   1.0000   1.0000   1.0000   1.0000
alpha m=1 occupations
   1.0000   1.0000   1.0000
alpha m=2 occupations
   1.0000
beta m=-1 occupations
   1.0000
beta m=0 occupations
   1.0000   1.0000   1.0000   1.0000
beta m=1 occupations
   1.0000
EDIIS+DIIS step
Evaluated energy -524.3957416313 (change from lowest -3.794214e-04)
Density matrix difference 1.066501e-03 between lowest-energy and newest entry


Iteration 38: 38 Fock evaluations energy -524.3957416313 change -3.794214e-04 DIIS error vector rms norm 7.899114e-04
History size 10
alpha m=-1 occupations
   1.0000   1.0000
alpha m=0 occupations
   1.0000   1.0000   1.0000   1.0000   1.0000   1.0000
alpha m=1 occupations
   1.0000   1.0000   1.0000
alpha m=2 occupations
   1.0000
beta m=-1 occupations
   1.0000
beta m=0 occupations
   1.0000   1.0000   1.0000   1.0000
beta m=1 occupations
   1.0000
EDIIS+DIIS step
Evaluated energy -524.3959240534 (change from lowest -1.824221e-04)
Density matrix difference 3.703767e-04 between lowest-energy and newest entry


Iteration 39: 39 Fock evaluations energy -524.3959240534 change -1.824221e-04 DIIS error vector rms norm 7.943736e-04
History size 10
alpha m=-1 occupations
   1.0000   1.0000
alpha m=0 occupations
   1.0000   1.0000   1.0000   1.0000   1.0000   1.0000
alpha m=1 occupations
   1.0000   1.0000   1.0000
alpha m=2 occupations
   1.0000
beta m=-1 occupations
   1.0000
beta m=0 occupations
   1.0000   1.0000   1.0000   1.0000
beta m=1 occupations
   1.0000
EDIIS+DIIS step
Evaluated energy -524.3957907487 (change from lowest 1.333047e-04)
Density matrix difference 2.710474e-04 between lowest-energy and newest entry


Iteration 40: 40 Fock evaluations energy -524.3959240534 change  0.000000e+00 DIIS error vector rms norm 7.943736e-04
History size 10
alpha m=-1 occupations
   1.0000   1.0000
alpha m=0 occupations
   1.0000   1.0000   1.0000   1.0000   1.0000   1.0000
alpha m=1 occupations
   1.0000   1.0000   1.0000
alpha m=2 occupations
   1.0000
beta m=-1 occupations
   1.0000
beta m=0 occupations
   1.0000   1.0000   1.0000   1.0000
beta m=1 occupations
   1.0000
EDIIS+DIIS step
Evaluated energy -524.3958460835 (change from lowest 7.796991e-05)
Density matrix difference 1.583931e-04 between lowest-energy and newest entry


Iteration 41: 41 Fock evaluations energy -524.3959240534 change  0.000000e+00 DIIS error vector rms norm 7.943736e-04
History size 10
alpha m=-1 occupations
   1.0000   1.0000
alpha m=0 occupations
   1.0000   1.0000   1.0000   1.0000   1.0000   1.0000
alpha m=1 occupations
   1.0000   1.0000   1.0000
alpha m=2 occupations
   1.0000
beta m=-1 occupations
   1.0000
beta m=0 occupations
   1.0000   1.0000   1.0000   1.0000
beta m=1 occupations
   1.0000
EDIIS+DIIS step
Evaluated energy -524.3958651422 (change from lowest 5.891113e-05)
Density matrix difference 1.195102e-04 between lowest-energy and newest entry


Iteration 42: 42 Fock evaluations energy -524.3959240534 change  0.000000e+00 DIIS error vector rms norm 7.943736e-04
History size 10
alpha m=-1 occupations
   1.0000   1.0000
alpha m=0 occupations
   1.0000   1.0000   1.0000   1.0000   1.0000   1.0000
alpha m=1 occupations
   1.0000   1.0000   1.0000
alpha m=2 occupations
   1.0000
beta m=-1 occupations
   1.0000
beta m=0 occupations
   1.0000   1.0000   1.0000   1.0000
beta m=1 occupations
   1.0000
EDIIS+DIIS step
Evaluated energy -524.3958898480 (change from lowest 3.420534e-05)
Density matrix difference 6.923857e-05 between lowest-energy and newest entry


Iteration 43: 43 Fock evaluations energy -524.3959240534 change  0.000000e+00 DIIS error vector rms norm 7.943736e-04
History size 10
alpha m=-1 occupations
   1.0000   1.0000
alpha m=0 occupations
   1.0000   1.0000   1.0000   1.0000   1.0000   1.0000
alpha m=1 occupations
   1.0000   1.0000   1.0000
alpha m=2 occupations
   1.0000
beta m=-1 occupations
   1.0000
beta m=0 occupations
   1.0000   1.0000   1.0000   1.0000
beta m=1 occupations
   1.0000
EDIIS+DIIS step
Evaluated energy -524.3959245260 (change from lowest -4.726446e-07)
Density matrix difference 7.052131e-05 between lowest-energy and newest entry


Iteration 44: 44 Fock evaluations energy -524.3959245260 change -4.726446e-07 DIIS error vector rms norm 7.945989e-04
History size 10
alpha m=-1 occupations
   1.0000   1.0000
alpha m=0 occupations
   1.0000   1.0000   1.0000   1.0000   1.0000   1.0000
alpha m=1 occupations
   1.0000   1.0000   1.0000
alpha m=2 occupations
   1.0000
beta m=-1 occupations
   1.0000
beta m=0 occupations
   1.0000   1.0000   1.0000   1.0000
beta m=1 occupations
   1.0000
EDIIS+DIIS step
Evaluated energy -524.3959934801 (change from lowest -6.895409e-05)
Density matrix difference 1.398172e-04 between lowest-energy and newest entry


Iteration 45: 45 Fock evaluations energy -524.3959934801 change -6.895409e-05 DIIS error vector rms norm 7.962133e-04
History size 10
alpha m=-1 occupations
   1.0000   1.0000
alpha m=0 occupations
   1.0000   1.0000   1.0000   1.0000   1.0000   1.0000
alpha m=1 occupations
   1.0000   1.0000   1.0000
alpha m=2 occupations
   1.0000
beta m=-1 occupations
   1.0000
beta m=0 occupations
   1.0000   1.0000   1.0000   1.0000
beta m=1 occupations
   1.0000
EDIIS+DIIS step
Evaluated energy -524.3961499957 (change from lowest -1.565156e-04)
Density matrix difference 3.161585e-04 between lowest-energy and newest entry


Iteration 46: 46 Fock evaluations energy -524.3961499957 change -1.565156e-04 DIIS error vector rms norm 7.998231e-04
History size 10
alpha m=-1 occupations
   1.0000   1.0000
alpha m=0 occupations
   1.0000   1.0000   1.0000   1.0000   1.0000   1.0000
alpha m=1 occupations
   1.0000   1.0000   1.0000
alpha m=2 occupations
   1.0000
beta m=-1 occupations
   1.0000
beta m=0 occupations
   1.0000   1.0000   1.0000   1.0000
beta m=1 occupations
   1.0000
EDIIS+DIIS step
Evaluated energy -524.3964869266 (change from lowest -3.369309e-04)
Density matrix difference 6.758586e-04 between lowest-energy and newest entry


Iteration 47: 47 Fock evaluations energy -524.3964869266 change -3.369309e-04 DIIS error vector rms norm 8.074006e-04
History size 10
alpha m=-1 occupations
   1.0000   1.0000
alpha m=0 occupations
   1.0000   1.0000   1.0000   1.0000   1.0000   1.0000
alpha m=1 occupations
   1.0000   1.0000   1.0000
alpha m=2 occupations
   1.0000
beta m=-1 occupations
   1.0000
beta m=0 occupations
   1.0000   1.0000   1.0000   1.0000
beta m=1 occupations
   1.0000
EDIIS+DIIS step
Evaluated energy -524.3968810754 (change from lowest -3.941487e-04)
Density matrix difference 7.829057e-04 between lowest-energy and newest entry


Iteration 48: 48 Fock evaluations energy -524.3968810754 change -3.941487e-04 DIIS error vector rms norm 8.159867e-04
History size 10
alpha m=-1 occupations
   1.0000   1.0000
alpha m=0 occupations
   1.0000   1.0000   1.0000   1.0000   1.0000   1.0000
alpha m=1 occupations
   1.0000   1.0000   1.0000
alpha m=2 occupations
   1.0000
beta m=-1 occupations
   1.0000
beta m=0 occupations
   1.0000   1.0000   1.0000   1.0000
beta m=1 occupations
   1.0000
EDIIS+DIIS step
Evaluated energy -524.3961301577 (change from lowest 7.509177e-04)
Density matrix difference 1.500737e-03 between lowest-energy and newest entry


Iteration 49: 49 Fock evaluations energy -524.3968810754 change  0.000000e+00 DIIS error vector rms norm 8.159867e-04
History size 10
alpha m=-1 occupations
   1.0000   1.0000
alpha m=0 occupations
   1.0000   1.0000   1.0000   1.0000   1.0000   1.0000
alpha m=1 occupations
   1.0000   1.0000   1.0000
alpha m=2 occupations
   1.0000
beta m=-1 occupations
   1.0000
beta m=0 occupations
   1.0000   1.0000   1.0000   1.0000
beta m=1 occupations
   1.0000
EDIIS+DIIS step
Evaluated energy -524.3961788450 (change from lowest 7.022304e-04)
Density matrix difference 1.402335e-03 between lowest-energy and newest entry


Iteration 50: 50 Fock evaluations energy -524.3968810754 change  0.000000e+00 DIIS error vector rms norm 8.159867e-04
History size 10
alpha m=-1 occupations
   1.0000   1.0000
alpha m=0 occupations
   1.0000   1.0000   1.0000   1.0000   1.0000   1.0000
alpha m=1 occupations
   1.0000   1.0000   1.0000
alpha m=2 occupations
   1.0000
beta m=-1 occupations
   1.0000
beta m=0 occupations
   1.0000   1.0000   1.0000   1.0000
beta m=1 occupations
   1.0000
EDIIS+DIIS step
Evaluated energy -524.3963543588 (change from lowest 5.267166e-04)
Density matrix difference 1.049331e-03 between lowest-energy and newest entry


Iteration 51: 51 Fock evaluations energy -524.3968810754 change  0.000000e+00 DIIS error vector rms norm 8.159867e-04
History size 10
alpha m=-1 occupations
   1.0000   1.0000
alpha m=0 occupations
   1.0000   1.0000   1.0000   1.0000   1.0000   1.0000
alpha m=1 occupations
   1.0000   1.0000   1.0000
alpha m=2 occupations
   1.0000
beta m=-1 occupations
   1.0000
beta m=0 occupations
   1.0000   1.0000   1.0000   1.0000
beta m=1 occupations
   1.0000
EDIIS+DIIS step
Evaluated energy -524.3964845408 (change from lowest 3.965346e-04)
Density matrix difference 7.886040e-04 between lowest-energy and newest entry


Iteration 52: 52 Fock evaluations energy -524.3968810754 change  0.000000e+00 DIIS error vector rms norm 8.159867e-04
History size 10
alpha m=-1 occupations
   1.0000   1.0000
alpha m=0 occupations
   1.0000   1.0000   1.0000   1.0000   1.0000   1.0000
alpha m=1 occupations
   1.0000   1.0000   1.0000
alpha m=2 occupations
   1.0000
beta m=-1 occupations
   1.0000
beta m=0 occupations
   1.0000   1.0000   1.0000   1.0000
beta m=1 occupations
   1.0000
EDIIS+DIIS step
Evaluated energy -524.3966161547 (change from lowest 2.649207e-04)
Density matrix difference 5.259137e-04 between lowest-energy and newest entry


Iteration 53: 53 Fock evaluations energy -524.3968810754 change  0.000000e+00 DIIS error vector rms norm 8.159867e-04
History size 10
alpha m=-1 occupations
   1.0000   1.0000
alpha m=0 occupations
   1.0000   1.0000   1.0000   1.0000   1.0000   1.0000
alpha m=1 occupations
   1.0000   1.0000   1.0000
alpha m=2 occupations
   1.0000
beta m=-1 occupations
   1.0000
beta m=0 occupations
   1.0000   1.0000   1.0000   1.0000
beta m=1 occupations
   1.0000
Switching to optimal damping for next iterations
EDIIS+DIIS step
Evaluated energy -524.3967547030 (change from lowest 1.263724e-04)
Density matrix difference 2.503202e-04 between lowest-energy and newest entry


Iteration 54: 54 Fock evaluations energy -524.3968810754 change  0.000000e+00 DIIS error vector rms norm 8.159867e-04
History size 10
alpha m=-1 occupations
   1.0000   1.0000
alpha m=0 occupations
   1.0000   1.0000   1.0000   1.0000   1.0000   1.0000
alpha m=1 occupations
   1.0000   1.0000   1.0000
alpha m=2 occupations
   1.0000
beta m=-1 occupations
   1.0000
beta m=0 occupations
   1.0000   1.0000   1.0000   1.0000
beta m=1 occupations
   1.0000
Switching to optimal damping for next iterations
EDIIS+DIIS step
Evaluated energy -524.3969007588 (change from lowest -1.968349e-05)
Density matrix difference 2.895617e-04 between lowest-energy and newest entry


Iteration 55: 55 Fock evaluations energy -524.3969007588 change -1.968349e-05 DIIS error vector rms norm 8.165052e-04
History size 10
alpha m=-1 occupations
   1.0000   1.0000
alpha m=0 occupations
   1.0000   1.0000   1.0000   1.0000   1.0000   1.0000
alpha m=1 occupations
   1.0000   1.0000   1.0000
alpha m=2 occupations
   1.0000
beta m=-1 occupations
   1.0000
beta m=0 occupations
   1.0000   1.0000   1.0000   1.0000
beta m=1 occupations
   1.0000
EDIIS+DIIS step
Evaluated energy -524.3970163894 (change from lowest -1.156306e-04)
Density matrix difference 2.286123e-04 between lowest-energy and newest entry


Iteration 56: 56 Fock evaluations energy -524.3970163894 change -1.156306e-04 DIIS error vector rms norm 8.189085e-04
History size 10
alpha m=-1 occupations
   1.0000   1.0000
alpha m=0 occupations
   1.0000   1.0000   1.0000   1.0000   1.0000   1.0000
alpha m=1 occupations
   1.0000   1.0000   1.0000
alpha m=2 occupations
   1.0000
beta m=-1 occupations
   1.0000
beta m=0 occupations
   1.0000   1.0000   1.0000   1.0000
beta m=1 occupations
   1.0000
EDIIS+DIIS step
Evaluated energy -524.3970156636 (change from lowest 7.258171e-07)
Density matrix difference 2.513266e-06 between lowest-energy and newest entry


Iteration 57: 57 Fock evaluations energy -524.3970163894 change  0.000000e+00 DIIS error vector rms norm 8.189085e-04
History size 10
alpha m=-1 occupations
   1.0000   1.0000
alpha m=0 occupations
   1.0000   1.0000   1.0000   1.0000   1.0000   1.0000
alpha m=1 occupations
   1.0000   1.0000   1.0000
alpha m=2 occupations
   1.0000
beta m=-1 occupations
   1.0000
beta m=0 occupations
   1.0000   1.0000   1.0000   1.0000
beta m=1 occupations
   1.0000
EDIIS+DIIS step
Evaluated energy -524.3968711998 (change from lowest 1.451897e-04)
Density matrix difference 2.866638e-04 between lowest-energy and newest entry


Iteration 58: 58 Fock evaluations energy -524.3970163894 change  0.000000e+00 DIIS error vector rms norm 8.189085e-04
History size 10
alpha m=-1 occupations
   1.0000   1.0000
alpha m=0 occupations
   1.0000   1.0000   1.0000   1.0000   1.0000   1.0000
alpha m=1 occupations
   1.0000   1.0000   1.0000
alpha m=2 occupations
   1.0000
beta m=-1 occupations
   1.0000
beta m=0 occupations
   1.0000   1.0000   1.0000   1.0000
beta m=1 occupations
   1.0000
EDIIS+DIIS step
Evaluated energy -524.3968743640 (change from lowest 1.420254e-04)
Density matrix difference 2.806423e-04 between lowest-energy and newest entry


Iteration 59: 59 Fock evaluations energy -524.3970163894 change  0.000000e+00 DIIS error vector rms norm 8.189085e-04
History size 10
alpha m=-1 occupations
   1.0000   1.0000
alpha m=0 occupations
   1.0000   1.0000   1.0000   1.0000   1.0000   1.0000
alpha m=1 occupations
   1.0000   1.0000   1.0000
alpha m=2 occupations
   1.0000
beta m=-1 occupations
   1.0000
beta m=0 occupations
   1.0000   1.0000   1.0000   1.0000
beta m=1 occupations
   1.0000
EDIIS+DIIS step
Evaluated energy -524.3972820132 (change from lowest -2.656237e-04)
Density matrix difference 8.029726e-04 between lowest-energy and newest entry


Iteration 60: 60 Fock evaluations energy -524.3972820132 change -2.656237e-04 DIIS error vector rms norm 8.242780e-04
History size 10
alpha m=-1 occupations
   1.0000   1.0000
alpha m=0 occupations
   1.0000   1.0000   1.0000   1.0000   1.0000   1.0000
alpha m=1 occupations
   1.0000   1.0000   1.0000
alpha m=2 occupations
   1.0000
beta m=-1 occupations
   1.0000
beta m=0 occupations
   1.0000   1.0000   1.0000   1.0000
beta m=1 occupations
   1.0000
EDIIS+DIIS step
Evaluated energy -524.3975224063 (change from lowest -2.403931e-04)
Density matrix difference 4.697857e-04 between lowest-energy and newest entry


Iteration 61: 61 Fock evaluations energy -524.3975224063 change -2.403931e-04 DIIS error vector rms norm 8.289997e-04
History size 10
alpha m=-1 occupations
   1.0000   1.0000
alpha m=0 occupations
   1.0000   1.0000   1.0000   1.0000   1.0000   1.0000
alpha m=1 occupations
   1.0000   1.0000   1.0000
alpha m=2 occupations
   1.0000
beta m=-1 occupations
   1.0000
beta m=0 occupations
   1.0000   1.0000   1.0000   1.0000
beta m=1 occupations
   1.0000
EDIIS+DIIS step
Evaluated energy -524.3974993312 (change from lowest 2.307511e-05)
Density matrix difference 4.543158e-05 between lowest-energy and newest entry


Iteration 62: 62 Fock evaluations energy -524.3975224063 change  0.000000e+00 DIIS error vector rms norm 8.289997e-04
History size 10
alpha m=-1 occupations
   1.0000   1.0000
alpha m=0 occupations
   1.0000   1.0000   1.0000   1.0000   1.0000   1.0000
alpha m=1 occupations
   1.0000   1.0000   1.0000
alpha m=2 occupations
   1.0000
beta m=-1 occupations
   1.0000
beta m=0 occupations
   1.0000   1.0000   1.0000   1.0000
beta m=1 occupations
   1.0000
EDIIS+DIIS step
Evaluated energy -524.3976040352 (change from lowest -8.162888e-05)
Density matrix difference 2.039484e-04 between lowest-energy and newest entry


Iteration 63: 63 Fock evaluations energy -524.3976040352 change -8.162888e-05 DIIS error vector rms norm 8.306565e-04
History size 10
alpha m=-1 occupations
   1.0000   1.0000
alpha m=0 occupations
   1.0000   1.0000   1.0000   1.0000   1.0000   1.0000
alpha m=1 occupations
   1.0000   1.0000   1.0000
alpha m=2 occupations
   1.0000
beta m=-1 occupations
   1.0000
beta m=0 occupations
   1.0000   1.0000   1.0000   1.0000
beta m=1 occupations
   1.0000
EDIIS+DIIS step
Evaluated energy -524.3976606248 (change from lowest -5.658958e-05)
Density matrix difference 1.100502e-04 between lowest-energy and newest entry


Iteration 64: 64 Fock evaluations energy -524.3976606248 change -5.658958e-05 DIIS error vector rms norm 8.317478e-04
History size 10
alpha m=-1 occupations
   1.0000   1.0000
alpha m=0 occupations
   1.0000   1.0000   1.0000   1.0000   1.0000   1.0000
alpha m=1 occupations
   1.0000   1.0000   1.0000
alpha m=2 occupations
   1.0000
beta m=-1 occupations
   1.0000
beta m=0 occupations
   1.0000   1.0000   1.0000   1.0000
beta m=1 occupations
   1.0000
EDIIS+DIIS step
Evaluated energy -524.3977007972 (change from lowest -4.017246e-05)
Density matrix difference 7.810478e-05 between lowest-energy and newest entry


Iteration 65: 65 Fock evaluations energy -524.3977007972 change -4.017246e-05 DIIS error vector rms norm 8.325128e-04
History size 10
alpha m=-1 occupations
   1.0000   1.0000
alpha m=0 occupations
   1.0000   1.0000   1.0000   1.0000   1.0000   1.0000
alpha m=1 occupations
   1.0000   1.0000   1.0000
alpha m=2 occupations
   1.0000
beta m=-1 occupations
   1.0000
beta m=0 occupations
   1.0000   1.0000   1.0000   1.0000
beta m=1 occupations
   1.0000
EDIIS+DIIS step
Evaluated energy -524.3977162242 (change from lowest -1.542697e-05)
Density matrix difference 3.001386e-05 between lowest-energy and newest entry


Iteration 66: 66 Fock evaluations energy -524.3977162242 change -1.542697e-05 DIIS error vector rms norm 8.328055e-04
History size 10
alpha m=-1 occupations
   1.0000   1.0000
alpha m=0 occupations
   1.0000   1.0000   1.0000   1.0000   1.0000   1.0000
alpha m=1 occupations
   1.0000   1.0000   1.0000
alpha m=2 occupations
   1.0000
beta m=-1 occupations
   1.0000
beta m=0 occupations
   1.0000   1.0000   1.0000   1.0000
beta m=1 occupations
   1.0000
EDIIS+DIIS step
Evaluated energy -524.3977412601 (change from lowest -2.503586e-05)
Density matrix difference 4.868026e-05 between lowest-energy and newest entry


Iteration 67: 67 Fock evaluations energy -524.3977412601 change -2.503586e-05 DIIS error vector rms norm 8.332669e-04
History size 10
alpha m=-1 occupations
   1.0000   1.0000
alpha m=0 occupations
   1.0000   1.0000   1.0000   1.0000   1.0000   1.0000
alpha m=1 occupations
   1.0000   1.0000   1.0000
alpha m=2 occupations
   1.0000
beta m=-1 occupations
   1.0000
beta m=0 occupations
   1.0000   1.0000   1.0000   1.0000
beta m=1 occupations
   1.0000
EDIIS+DIIS step
Evaluated energy -524.3978681656 (change from lowest -1.269056e-04)
Density matrix difference 2.461990e-04 between lowest-energy and newest entry


Iteration 68: 68 Fock evaluations energy -524.3978681656 change -1.269056e-04 DIIS error vector rms norm 8.355817e-04
History size 10
alpha m=-1 occupations
   1.0000   1.0000
alpha m=0 occupations
   1.0000   1.0000   1.0000   1.0000   1.0000   1.0000
alpha m=1 occupations
   1.0000   1.0000   1.0000
alpha m=2 occupations
   1.0000
beta m=-1 occupations
   1.0000
beta m=0 occupations
   1.0000   1.0000   1.0000   1.0000
beta m=1 occupations
   1.0000
EDIIS+DIIS step
Evaluated energy -524.3982892582 (change from lowest -4.210926e-04)
Density matrix difference 8.121799e-04 between lowest-energy and newest entry


Iteration 69: 69 Fock evaluations energy -524.3982892582 change -4.210926e-04 DIIS error vector rms norm 8.430324e-04
History size 10
alpha m=-1 occupations
   1.0000   1.0000
alpha m=0 occupations
   1.0000   1.0000   1.0000   1.0000   1.0000   1.0000
alpha m=1 occupations
   1.0000   1.0000   1.0000
alpha m=2 occupations
   1.0000
beta m=-1 occupations
   1.0000
beta m=0 occupations
   1.0000   1.0000   1.0000   1.0000
beta m=1 occupations
   1.0000
EDIIS+DIIS step
Evaluated energy -524.3986396804 (change from lowest -3.504222e-04)
Density matrix difference 6.707386e-04 between lowest-energy and newest entry


Iteration 70: 70 Fock evaluations energy -524.3986396804 change -3.504222e-04 DIIS error vector rms norm 8.490094e-04
History size 10
alpha m=-1 occupations
   1.0000   1.0000
alpha m=0 occupations
   1.0000   1.0000   1.0000   1.0000   1.0000   1.0000
alpha m=1 occupations
   1.0000   1.0000   1.0000
alpha m=2 occupations
   1.0000
beta m=-1 occupations
   1.0000
beta m=0 occupations
   1.0000   1.0000   1.0000   1.0000
beta m=1 occupations
   1.0000
EDIIS+DIIS step
Evaluated energy -524.3982474826 (change from lowest 3.921979e-04)
Density matrix difference 7.520659e-04 between lowest-energy and newest entry


Iteration 71: 71 Fock evaluations energy -524.3986396804 change  0.000000e+00 DIIS error vector rms norm 8.490094e-04
History size 10
alpha m=-1 occupations
   1.0000   1.0000
alpha m=0 occupations
   1.0000   1.0000   1.0000   1.0000   1.0000   1.0000
alpha m=1 occupations
   1.0000   1.0000   1.0000
alpha m=2 occupations
   1.0000
beta m=-1 occupations
   1.0000
beta m=0 occupations
   1.0000   1.0000   1.0000   1.0000
beta m=1 occupations
   1.0000
EDIIS+DIIS step
Evaluated energy -524.3982780937 (change from lowest 3.615868e-04)
Density matrix difference 6.932510e-04 between lowest-energy and newest entry


Iteration 72: 72 Fock evaluations energy -524.3986396804 change  0.000000e+00 DIIS error vector rms norm 8.490094e-04
History size 10
alpha m=-1 occupations
   1.0000   1.0000
alpha m=0 occupations
   1.0000   1.0000   1.0000   1.0000   1.0000   1.0000
alpha m=1 occupations
   1.0000   1.0000   1.0000
alpha m=2 occupations
   1.0000
beta m=-1 occupations
   1.0000
beta m=0 occupations
   1.0000   1.0000   1.0000   1.0000
beta m=1 occupations
   1.0000
EDIIS+DIIS step
Evaluated energy -524.3984320993 (change from lowest 2.075812e-04)
Density matrix difference 3.976084e-04 between lowest-energy and newest entry


Iteration 73: 73 Fock evaluations energy -524.3986396804 change  0.000000e+00 DIIS error vector rms norm 8.490094e-04
History size 10
alpha m=-1 occupations
   1.0000   1.0000
alpha m=0 occupations
   1.0000   1.0000   1.0000   1.0000   1.0000   1.0000
alpha m=1 occupations
   1.0000   1.0000   1.0000
alpha m=2 occupations
   1.0000
beta m=-1 occupations
   1.0000
beta m=0 occupations
   1.0000   1.0000   1.0000   1.0000
beta m=1 occupations
   1.0000
EDIIS+DIIS step
Evaluated energy -524.3985123438 (change from lowest 1.273366e-04)
Density matrix difference 2.438946e-04 between lowest-energy and newest entry


Iteration 74: 74 Fock evaluations energy -524.3986396804 change  0.000000e+00 DIIS error vector rms norm 8.490094e-04
History size 10
alpha m=-1 occupations
   1.0000   1.0000
alpha m=0 occupations
   1.0000   1.0000   1.0000   1.0000   1.0000   1.0000
alpha m=1 occupations
   1.0000   1.0000   1.0000
alpha m=2 occupations
   1.0000
beta m=-1 occupations
   1.0000
beta m=0 occupations
   1.0000   1.0000   1.0000   1.0000
beta m=1 occupations
   1.0000
EDIIS+DIIS step
Evaluated energy -524.3986239178 (change from lowest 1.576263e-05)
Density matrix difference 3.059878e-05 between lowest-energy and newest entry


Iteration 75: 75 Fock evaluations energy -524.3986396804 change  0.000000e+00 DIIS error vector rms norm 8.490094e-04
History size 10
alpha m=-1 occupations
   1.0000   1.0000
alpha m=0 occupations
   1.0000   1.0000   1.0000   1.0000   1.0000   1.0000
alpha m=1 occupations
   1.0000   1.0000   1.0000
alpha m=2 occupations
   1.0000
beta m=-1 occupations
   1.0000
beta m=0 occupations
   1.0000   1.0000   1.0000   1.0000
beta m=1 occupations
   1.0000
Switching to optimal damping for next iterations
EDIIS+DIIS step
Evaluated energy -524.3987739763 (change from lowest -1.342958e-04)
Density matrix difference 2.863511e-04 between lowest-energy and newest entry


Iteration 76: 76 Fock evaluations energy -524.3987739763 change -1.342958e-04 DIIS error vector rms norm 8.512850e-04
History size 10
alpha m=-1 occupations
   1.0000   1.0000
alpha m=0 occupations
   1.0000   1.0000   1.0000   1.0000   1.0000   1.0000
alpha m=1 occupations
   1.0000   1.0000   1.0000
alpha m=2 occupations
   1.0000
beta m=-1 occupations
   1.0000
beta m=0 occupations
   1.0000   1.0000   1.0000   1.0000
beta m=1 occupations
   1.0000
EDIIS+DIIS step
Evaluated energy -524.3989930790 (change from lowest -2.191027e-04)
Density matrix difference 4.167551e-04 between lowest-energy and newest entry


Iteration 77: 77 Fock evaluations energy -524.3989930790 change -2.191027e-04 DIIS error vector rms norm 8.547203e-04
History size 10
alpha m=-1 occupations
   1.0000   1.0000
alpha m=0 occupations
   1.0000   1.0000   1.0000   1.0000   1.0000   1.0000
alpha m=1 occupations
   1.0000   1.0000   1.0000
alpha m=2 occupations
   1.0000
beta m=-1 occupations
   1.0000
beta m=0 occupations
   1.0000   1.0000   1.0000   1.0000
beta m=1 occupations
   1.0000
EDIIS+DIIS step
Evaluated energy -524.3992562984 (change from lowest -2.632194e-04)
Density matrix difference 4.986435e-04 between lowest-energy and newest entry


Iteration 78: 78 Fock evaluations energy -524.3992562984 change -2.632194e-04 DIIS error vector rms norm 8.587279e-04
History size 10
alpha m=-1 occupations
   1.0000   1.0000
alpha m=0 occupations
   1.0000   1.0000   1.0000   1.0000   1.0000   1.0000
alpha m=1 occupations
   1.0000   1.0000   1.0000
alpha m=2 occupations
   1.0000
beta m=-1 occupations
   1.0000
beta m=0 occupations
   1.0000   1.0000   1.0000   1.0000
beta m=1 occupations
   1.0000
EDIIS+DIIS step
Evaluated energy -524.3993908671 (change from lowest -1.345687e-04)
Density matrix difference 2.541548e-04 between lowest-energy and newest entry


Iteration 79: 79 Fock evaluations energy -524.3993908671 change -1.345687e-04 DIIS error vector rms norm 8.607680e-04
History size 10
alpha m=-1 occupations
   1.0000   1.0000
alpha m=0 occupations
   1.0000   1.0000   1.0000   1.0000   1.0000   1.0000
alpha m=1 occupations
   1.0000   1.0000   1.0000
alpha m=2 occupations
   1.0000
beta m=-1 occupations
   1.0000
beta m=0 occupations
   1.0000   1.0000   1.0000   1.0000
beta m=1 occupations
   1.0000
EDIIS+DIIS step
Evaluated energy -524.3991596823 (change from lowest 2.311848e-04)
Density matrix difference 4.370411e-04 between lowest-energy and newest entry


Iteration 80: 80 Fock evaluations energy -524.3993908671 change  0.000000e+00 DIIS error vector rms norm 8.607680e-04
History size 10
alpha m=-1 occupations
   1.0000   1.0000
alpha m=0 occupations
   1.0000   1.0000   1.0000   1.0000   1.0000   1.0000
alpha m=1 occupations
   1.0000   1.0000   1.0000
alpha m=2 occupations
   1.0000
beta m=-1 occupations
   1.0000
beta m=0 occupations
   1.0000   1.0000   1.0000   1.0000
beta m=1 occupations
   1.0000
EDIIS+DIIS step
Evaluated energy -524.3990560377 (change from lowest 3.348294e-04)
Density matrix difference 6.335985e-04 between lowest-energy and newest entry


Iteration 81: 81 Fock evaluations energy -524.3993908671 change  0.000000e+00 DIIS error vector rms norm 8.607680e-04
History size 10
alpha m=-1 occupations
   1.0000   1.0000
alpha m=0 occupations
   1.0000   1.0000   1.0000   1.0000   1.0000   1.0000
alpha m=1 occupations
   1.0000   1.0000   1.0000
alpha m=2 occupations
   1.0000
beta m=-1 occupations
   1.0000
beta m=0 occupations
   1.0000   1.0000   1.0000   1.0000
beta m=1 occupations
   1.0000
EDIIS+DIIS step
Evaluated energy -524.3993684282 (change from lowest 2.243886e-05)
Density matrix difference 4.259116e-05 between lowest-energy and newest entry


Iteration 82: 82 Fock evaluations energy -524.3993908671 change  0.000000e+00 DIIS error vector rms norm 8.607680e-04
History size 10
alpha m=-1 occupations
   1.0000   1.0000
alpha m=0 occupations
   1.0000   1.0000   1.0000   1.0000   1.0000   1.0000
alpha m=1 occupations
   1.0000   1.0000   1.0000
alpha m=2 occupations
   1.0000
beta m=-1 occupations
   1.0000
beta m=0 occupations
   1.0000   1.0000   1.0000   1.0000
beta m=1 occupations
   1.0000
EDIIS+DIIS step
Evaluated energy -524.3996519410 (change from lowest -2.610739e-04)
Density matrix difference 5.338594e-04 between lowest-energy and newest entry


Iteration 83: 83 Fock evaluations energy -524.3996519410 change -2.610739e-04 DIIS error vector rms norm 8.644991e-04
History size 10
alpha m=-1 occupations
   1.0000   1.0000
alpha m=0 occupations
   1.0000   1.0000   1.0000   1.0000   1.0000   1.0000
alpha m=1 occupations
   1.0000   1.0000   1.0000
alpha m=2 occupations
   1.0000
beta m=-1 occupations
   1.0000
beta m=0 occupations
   1.0000   1.0000   1.0000   1.0000
beta m=1 occupations
   1.0000
EDIIS+DIIS step
Evaluated energy -524.3997535126 (change from lowest -1.015716e-04)
Density matrix difference 1.907355e-04 between lowest-energy and newest entry


Iteration 84: 84 Fock evaluations energy -524.3997535126 change -1.015716e-04 DIIS error vector rms norm 8.659193e-04
History size 10
alpha m=-1 occupations
   1.0000   1.0000
alpha m=0 occupations
   1.0000   1.0000   1.0000   1.0000   1.0000   1.0000
alpha m=1 occupations
   1.0000   1.0000   1.0000
alpha m=2 occupations
   1.0000
beta m=-1 occupations
   1.0000
beta m=0 occupations
   1.0000   1.0000   1.0000   1.0000
beta m=1 occupations
   1.0000
EDIIS+DIIS step
Evaluated energy -524.3999274184 (change from lowest -1.739059e-04)
Density matrix difference 3.259997e-04 between lowest-energy and newest entry


Iteration 85: 85 Fock evaluations energy -524.3999274184 change -1.739059e-04 DIIS error vector rms norm 8.682668e-04
History size 10
alpha m=-1 occupations
   1.0000   1.0000
alpha m=0 occupations
   1.0000   1.0000   1.0000   1.0000   1.0000   1.0000
alpha m=1 occupations
   1.0000   1.0000   1.0000
alpha m=2 occupations
   1.0000
beta m=-1 occupations
   1.0000
beta m=0 occupations
   1.0000   1.0000   1.0000   1.0000
beta m=1 occupations
   1.0000
EDIIS+DIIS step
Evaluated energy -524.4000815544 (change from lowest -1.541360e-04)
Density matrix difference 2.883432e-04 between lowest-energy and newest entry


Iteration 86: 86 Fock evaluations energy -524.4000815544 change -1.541360e-04 DIIS error vector rms norm 8.703010e-04
History size 10
alpha m=-1 occupations
   1.0000   1.0000
alpha m=0 occupations
   1.0000   1.0000   1.0000   1.0000   1.0000   1.0000
alpha m=1 occupations
   1.0000   1.0000   1.0000
alpha m=2 occupations
   1.0000
beta m=-1 occupations
   1.0000
beta m=0 occupations
   1.0000   1.0000   1.0000   1.0000
beta m=1 occupations
   1.0000
EDIIS+DIIS step
Evaluated energy -524.4001892722 (change from lowest -1.077178e-04)
Density matrix difference 2.012196e-04 between lowest-energy and newest entry


Iteration 87: 87 Fock evaluations energy -524.4001892722 change -1.077178e-04 DIIS error vector rms norm 8.717024e-04
History size 10
alpha m=-1 occupations
   1.0000   1.0000
alpha m=0 occupations
   1.0000   1.0000   1.0000   1.0000   1.0000   1.0000
alpha m=1 occupations
   1.0000   1.0000   1.0000
alpha m=2 occupations
   1.0000
beta m=-1 occupations
   1.0000
beta m=0 occupations
   1.0000   1.0000   1.0000   1.0000
beta m=1 occupations
   1.0000
EDIIS+DIIS step
Evaluated energy -524.4002051386 (change from lowest -1.586642e-05)
Density matrix difference 2.972347e-05 between lowest-energy and newest entry


Iteration 88: 88 Fock evaluations energy -524.4002051386 change -1.586642e-05 DIIS error vector rms norm 8.719308e-04
History size 10
alpha m=-1 occupations
   1.0000   1.0000
alpha m=0 occupations
   1.0000   1.0000   1.0000   1.0000   1.0000   1.0000
alpha m=1 occupations
   1.0000   1.0000   1.0000
alpha m=2 occupations
   1.0000
beta m=-1 occupations
   1.0000
beta m=0 occupations
   1.0000   1.0000   1.0000   1.0000
beta m=1 occupations
   1.0000
EDIIS+DIIS step
Evaluated energy -524.4001572395 (change from lowest 4.789909e-05)
Density matrix difference 8.934827e-05 between lowest-energy and newest entry


Iteration 89: 89 Fock evaluations energy -524.4002051386 change  0.000000e+00 DIIS error vector rms norm 8.719308e-04
History size 10
alpha m=-1 occupations
   1.0000   1.0000
alpha m=0 occupations
   1.0000   1.0000   1.0000   1.0000   1.0000   1.0000
alpha m=1 occupations
   1.0000   1.0000   1.0000
alpha m=2 occupations
   1.0000
beta m=-1 occupations
   1.0000
beta m=0 occupations
   1.0000   1.0000   1.0000   1.0000
beta m=1 occupations
   1.0000
EDIIS+DIIS step
Evaluated energy -524.4001618279 (change from lowest 4.331068e-05)
Density matrix difference 8.078126e-05 between lowest-energy and newest entry


Iteration 90: 90 Fock evaluations energy -524.4002051386 change  0.000000e+00 DIIS error vector rms norm 8.719308e-04
History size 10
alpha m=-1 occupations
   1.0000   1.0000
alpha m=0 occupations
   1.0000   1.0000   1.0000   1.0000   1.0000   1.0000
alpha m=1 occupations
   1.0000   1.0000   1.0000
alpha m=2 occupations
   1.0000
beta m=-1 occupations
   1.0000
beta m=0 occupations
   1.0000   1.0000   1.0000   1.0000
beta m=1 occupations
   1.0000
EDIIS+DIIS step
Evaluated energy -524.4004931372 (change from lowest -2.879986e-04)
Density matrix difference 6.170580e-04 between lowest-energy and newest entry


Iteration 91: 91 Fock evaluations energy -524.4004931372 change -2.879986e-04 DIIS error vector rms norm 8.754138e-04
History size 10
alpha m=-1 occupations
   1.0000   1.0000
alpha m=0 occupations
   1.0000   1.0000   1.0000   1.0000   1.0000   1.0000
alpha m=1 occupations
   1.0000   1.0000   1.0000
alpha m=2 occupations
   1.0000
beta m=-1 occupations
   1.0000
beta m=0 occupations
   1.0000   1.0000   1.0000   1.0000
beta m=1 occupations
   1.0000
EDIIS+DIIS step
Evaluated energy -524.4010320826 (change from lowest -5.389453e-04)
Density matrix difference 9.984430e-04 between lowest-energy and newest entry


Iteration 92: 92 Fock evaluations energy -524.4010320826 change -5.389453e-04 DIIS error vector rms norm 8.815033e-04
History size 10
alpha m=-1 occupations
   1.0000   1.0000
alpha m=0 occupations
   1.0000   1.0000   1.0000   1.0000   1.0000   1.0000
alpha m=1 occupations
   1.0000   1.0000   1.0000
alpha m=2 occupations
   1.0000
beta m=-1 occupations
   1.0000
beta m=0 occupations
   1.0000   1.0000   1.0000   1.0000
beta m=1 occupations
   1.0000
EDIIS+DIIS step
Evaluated energy -524.4010066285 (change from lowest 2.545409e-05)
Density matrix difference 4.702711e-05 between lowest-energy and newest entry


Iteration 93: 93 Fock evaluations energy -524.4010320826 change  0.000000e+00 DIIS error vector rms norm 8.815033e-04
History size 10
alpha m=-1 occupations
   1.0000   1.0000
alpha m=0 occupations
   1.0000   1.0000   1.0000   1.0000   1.0000   1.0000
alpha m=1 occupations
   1.0000   1.0000   1.0000
alpha m=2 occupations
   1.0000
beta m=-1 occupations
   1.0000
beta m=0 occupations
   1.0000   1.0000   1.0000   1.0000
beta m=1 occupations
   1.0000
EDIIS+DIIS step
Evaluated energy -524.4009950401 (change from lowest 3.704250e-05)
Density matrix difference 6.845534e-05 between lowest-energy and newest entry


Iteration 94: 94 Fock evaluations energy -524.4010320826 change  0.000000e+00 DIIS error vector rms norm 8.815033e-04
History size 10
alpha m=-1 occupations
   1.0000   1.0000
alpha m=0 occupations
   1.0000   1.0000   1.0000   1.0000   1.0000   1.0000
alpha m=1 occupations
   1.0000   1.0000   1.0000
alpha m=2 occupations
   1.0000
beta m=-1 occupations
   1.0000
beta m=0 occupations
   1.0000   1.0000   1.0000   1.0000
beta m=1 occupations
   1.0000
EDIIS+DIIS step
Evaluated energy -524.4011199918 (change from lowest -8.790928e-05)
Density matrix difference 2.308497e-04 between lowest-energy and newest entry


Iteration 95: 95 Fock evaluations energy -524.4011199918 change -8.790928e-05 DIIS error vector rms norm 8.825822e-04
History size 10
alpha m=-1 occupations
   1.0000   1.0000
alpha m=0 occupations
   1.0000   1.0000   1.0000   1.0000   1.0000   1.0000
alpha m=1 occupations
   1.0000   1.0000   1.0000
alpha m=2 occupations
   1.0000
beta m=-1 occupations
   1.0000
beta m=0 occupations
   1.0000   1.0000   1.0000   1.0000
beta m=1 occupations
   1.0000
EDIIS+DIIS step
Evaluated energy -524.4011932789 (change from lowest -7.328703e-05)
Density matrix difference 1.353089e-04 between lowest-energy and newest entry


Iteration 96: 96 Fock evaluations energy -524.4011932789 change -7.328703e-05 DIIS error vector rms norm 8.833466e-04
History size 10
alpha m=-1 occupations
   1.0000   1.0000
alpha m=0 occupations
   1.0000   1.0000   1.0000   1.0000   1.0000   1.0000
alpha m=1 occupations
   1.0000   1.0000   1.0000
alpha m=2 occupations
   1.0000
beta m=-1 occupations
   1.0000
beta m=0 occupations
   1.0000   1.0000   1.0000   1.0000
beta m=1 occupations
   1.0000
EDIIS+DIIS step
Evaluated energy -524.4012593394 (change from lowest -6.606054e-05)
Density matrix difference 1.218738e-04 between lowest-energy and newest entry


Iteration 97: 97 Fock evaluations energy -524.4012593394 change -6.606054e-05 DIIS error vector rms norm 8.840181e-04
History size 10
alpha m=-1 occupations
   1.0000   1.0000
alpha m=0 occupations
   1.0000   1.0000   1.0000   1.0000   1.0000   1.0000
alpha m=1 occupations
   1.0000   1.0000   1.0000
alpha m=2 occupations
   1.0000
beta m=-1 occupations
   1.0000
beta m=0 occupations
   1.0000   1.0000   1.0000   1.0000
beta m=1 occupations
   1.0000
EDIIS+DIIS step
Evaluated energy -524.4013511308 (change from lowest -9.179141e-05)
Density matrix difference 1.691671e-04 between lowest-energy and newest entry


Iteration 98: 98 Fock evaluations energy -524.4013511308 change -9.179141e-05 DIIS error vector rms norm 8.849260e-04
History size 10
alpha m=-1 occupations
   1.0000   1.0000
alpha m=0 occupations
   1.0000   1.0000   1.0000   1.0000   1.0000   1.0000
alpha m=1 occupations
   1.0000   1.0000   1.0000
alpha m=2 occupations
   1.0000
beta m=-1 occupations
   1.0000
beta m=0 occupations
   1.0000   1.0000   1.0000   1.0000
beta m=1 occupations
   1.0000
EDIIS+DIIS step
Evaluated energy -524.4015361735 (change from lowest -1.850427e-04)
Density matrix difference 3.404906e-04 between lowest-energy and newest entry


Iteration 99: 99 Fock evaluations energy -524.4015361735 change -1.850427e-04 DIIS error vector rms norm 8.866999e-04
History size 10
alpha m=-1 occupations
   1.0000   1.0000
alpha m=0 occupations
   1.0000   1.0000   1.0000   1.0000   1.0000   1.0000
alpha m=1 occupations
   1.0000   1.0000   1.0000
alpha m=2 occupations
   1.0000
beta m=-1 occupations
   1.0000
beta m=0 occupations
   1.0000   1.0000   1.0000   1.0000
beta m=1 occupations
   1.0000
EDIIS+DIIS step
Evaluated energy -524.4018778647 (change from lowest -3.416912e-04)
Density matrix difference 6.271448e-04 between lowest-energy and newest entry


Iteration 100: 100 Fock evaluations energy -524.4018778647 change -3.416912e-04 DIIS error vector rms norm 8.898046e-04
History size 10
alpha m=-1 occupations
   1.0000   1.0000
alpha m=0 occupations
   1.0000   1.0000   1.0000   1.0000   1.0000   1.0000
alpha m=1 occupations
   1.0000   1.0000   1.0000
alpha m=2 occupations
   1.0000
beta m=-1 occupations
   1.0000
beta m=0 occupations
   1.0000   1.0000   1.0000   1.0000
beta m=1 occupations
   1.0000
EDIIS+DIIS step
Evaluated energy -524.4023041526 (change from lowest -4.262879e-04)
Density matrix difference 7.799737e-04 between lowest-energy and newest entry

Running program took 1.03 s.
