ERKALE - HF/DFT from Hel, OpenMP version, running on 8 cores.
(c) Susi Lehtola, 2010-2016.

This program is free software; you can redistribute it and/or modify
it under the terms of the GNU General Public License as published by
the Free Software Foundation; either version 2 of the License, or
(at your option) any later version.

Running on host silver.

Current time is Thu 12 Mar 2026 15:36:47.

Current Settings used by ERKALE:
     AtomGuess      	                Auto	Method used for atomic guess (Auto for same as method)
     Basis          	             cc-pVQZ	Basis set used in calculation
     BasisCutoff    	           1.000e-08	Cutoff for dropping out small primitives from contraction
     BasisOrth      	                Auto	Method of orthonormalization of basis set
     BasisRotate    	               false	Rotate basis set to remove redundant functions?
     Charge         	                   0	Total charge of system
     CholDepThresh  	           1.000e-07	Partial Cholesky decomposition threshold
     Cholesky       	                true	Use Cholesky decomposition?
     CholeskyMode   	                   0	Save/load integrals? 0 no, 1 save, -1 load
     CholeskyNAFThr 	           0.000e+00	Cholesky natural auxiliary function threshold
     CholeskyShThr  	           1.000e-02	Cholesky cache threshold
     CholeskyThr    	           1.000e-07	Cholesky decomposition threshold
     Complexbas     	                true	Use complex basis?
     Confinement    	         0.0 0.0 0.0	Confinement potential V(r) = V_i x_i^2
     ConvThr        	           1.000e-06	Orbital gradient convergence threshold
     DFTBasisThr    	           1.000e-10	Threshold for screening basis functions on grid
     DFTCpars       	                    	Override parameters of correlation functional (expert)
     DFTDelta       	           1.000e+02	Switch to final DFT grid has converged within factor X
     DFTDensityThr  	           1.000e-10	Threshold for screening density on grid
     DFTFinalTol    	           1.000e-05	Tolerance of final DFT grid
     DFTGrid        	             75 -302	DFT integration grid to use: nrad lmax or Auto for adaptive
     DFTInitialTol  	           1.000e-04	Tolerance of initial DFT grid
     DFTLobatto     	               false	Use Lobatto quadrature instead of Lebedev quadrature?
     DFTQuadThresh  	           2.220e-16	Threshold for pruning points with small quadrature weight
     DFTXpars       	                    	Override parameters of exchange functional (expert)
     DIISComb       	               false	Combine alpha and beta errors in unrestricted calcs?
     DIISEps        	           1.000e-01	Start mixing in DIIS when error is
     DIISOrder      	                  10	How many DIIS iterations to keep in memory?
     DIISThr        	           1.000e-02	DIIS error threshold for DIIS updates
     DecFock        	               false	Use decontracted basis to calculate Fock matrix (direct HF)
     Decontract     	                   *	Indices of atoms to decontract basis set for
     DensityFitting 	               false	Use density fitting / RI?
     Direct         	               false	Calculate two-electron integrals (or density fitting) on-the-fly?
     EField         	         0.0 0.0 0.0	Electric field
     ErrorNorm      	                 rms	Error norm to use in the SCF code
     FittingBasis   	                Auto	Basis to use for density fitting / RI (Auto for automatic)
     FittingCholeskyThreshold	           1.000e-08	Linear dependence threshold for pivoted Cholesky of Coulomb integrals in density fitting
     FittingMemory  	                1000	Amount of memory in MB to use for exchange fitting
     FittingThreshold	           1.000e-07	Linear dependence threshold for Coulomb integrals in density fitting
     Guess          	                core	Used guess: SAD (default), SADNO, core, GWH, SAP, or SAPfit
     InitConvThr    	           1.000e-05	Initialization convergence threshold
     InputBohr      	               false	Use atomic units as input units instead of angstrom?
     IntegralThresh 	           1.000e-10	Integral screening threshold
     Kgwh           	           1.750e+00	Scaling constant for GWH
     LinDepThresh   	           1.000e-05	Basis set linear dependency threshold
     LinearB        	           1.000e-01	Magnetic field along bond axis
     LinearFreeze   	               false	If using linear symmetry, freeze symmetry to input guess
     LinearOccupationFile	     ../../Ar_1.occs	File to read linear occupations from
     LinearOccupations	                  -1	Read in occupations for linear molecule calculations?
     LinearSymmetry 	                true	Do special calculation on linear molecule along z axis
     LoadChk        	                    	Checkpoint file to load from
     Logfile        	          erkale.log	File to print out full information, stdout for screen
     MaxInitIter    	                 100	Maximum number of iterations in the stepwise solutions
     MaxIter        	                 100	Maximum number of iterations in SCF cycle
     Method         	                  HF	Method used in calculation (HF or a DFT functional)
     Multiplicity   	                   3	Spin multiplicity
     NLGrid         	             50 -194	Integration grid to use for nonlocal correlation: nrad lmax
     Occupancies    	                    	Orbital occupancies
     OptLM          	               false	If spherical harmonics used, use cartesian s and p functions?
     PZ             	               false	Perform Perdew-Zunger self-interaction correction?
     PZEthr         	           1.000e-10	Threshold for energy convergence
     PZIthr         	           1.000e-02	Threshold for initialization convergence (not too small!)
     PZNRthr        	           0.000e+00	Threshold for use of NR method in OO optimization
     PZOOthr        	           1.000e-04	Gradient threshold for OO optimization
     PZOVthr        	           1.000e-05	Gradient threshold for OV optimization
     PZimag         	                Auto	Imaginary degrees of freedom in PZ?
     PZiter         	                  20	Max number of iterations in self-consistency iteration
     PZloc          	                Auto	Initial localization before SIC calculation?
     PZlocmet       	                  FB	Initial localization method (recommend FB or IAO)
     PZmode         	                  XC	Apply PZ to the operators (in addition to J): X C D
     PZoo           	                true	Optimize OO block?
     PZov           	                true	Optimize OV block?
     PZprec         	                   1	Precondition OV block? 0: no, 1: unified, 2: orbital
     PZrand         	                true	Apply random rotation in PZ initialization? (Should be true)
     PZscale        	            Constant	Scaling for PZ: Constant, Density or Kinetic
     PZscaleExp     	           1.000e+00	Exponent in the dynamic scaling equation
     PZseed         	                   0	Seed number for randomized matrices?
     PZstab         	                   0	Stability analysis for PZ-SIC? 1 or -1 for OO, 2 or -2 for OO+OV
     PZstabThr      	           1.000e-03	Instability threshold (interpreted as -thr)
     PZw            	           1.000e+00	Weight for Perdew-Zunger self-interaction correction
     Restricted     	               false	Spin restricted?
     SAPBasis       	    helfem_large.gbs	Tabulated atomic effective potential "basis set"
     SAPGrid        	                    	SAP integration grid to use: nrad lmax or leave empty
     SaveChk        	   complex_basis.chk	Checkpoint file to save to
     Shift          	           0.000e+00	Level shift to use in Hartree
     System         	        ../atoms.xyz	System as an xyz file
     TRRHminS       	           9.750e-01	Trust-Region Roothaan-Hall minimal occupied orbital overlap
     UseADIIS       	                true	Use ADIIS for Fock matrix interpolation?
     UseBroyden     	               false	Use Broyden mixing of Fock matrices?
     UseDIIS        	                true	Use Pulay's Direct Inversion in the Iterative Subspace?
     UseLM          	                true	Use a spherical harmonics basis set by default?
     UseTRRH        	               false	Use Trust-Region Roothaan-Hall?
     VV10           	                Auto	Use VV10 non-local correlation?
     VV10Pars       	                    	VV10 parameters: b C
     Verbose        	                true	Verbose calculation?
     Verbosity      	                   5	Verboseness level

Basis set cc-pVQZ found in file cc-pVQZ.gbs in /home/lehtola/programs/erkale/basis/.
Basis set helfem_large.gbs found in file helfem_large.gbs in /home/lehtola/programs/erkale/basis/.
Screening by shell pairs and symmetry reduced dofs by factor 1.99.
Individual screening reduced dofs by a total factor 1.99.
Computing Cholesky vectors. Estimated memory size is 7 Mi - 25 Mi.
Cholesky vectors no     0 -     0 computed, error is 1.391655e+02 (0.00 s).
Cholesky vectors no     1 -     1 computed, error is 5.130491e+01 (0.00 s).
Cholesky vectors no     2 -     2 computed, error is 1.929855e+01 (0.00 s).
Cholesky vectors no     3 -     8 computed, error is 8.185383e+00 (0.00 s).
Cholesky vectors no     9 -    11 computed, error is 6.507134e+00 (0.00 s).
Cholesky vectors no    12 -    12 computed, error is 6.369206e+00 (0.00 s).
Cholesky vectors no    13 -    18 computed, error is 1.928903e+00 (0.00 s).
Cholesky vectors no    19 -    21 computed, error is 1.819374e+00 (0.00 s).
Cholesky vectors no    22 -    27 computed, error is 1.559821e+00 (0.00 s).
Cholesky vectors no    28 -    28 computed, error is 1.535237e+00 (0.00 s).
Cholesky vectors no    29 -    34 computed, error is 9.427501e-01 (0.00 s).
Cholesky vectors no    35 -    37 computed, error is 7.977039e-01 (0.00 s).
Cholesky vectors no    38 -    40 computed, error is 7.011255e-01 (0.00 s).
Cholesky vectors no    41 -    46 computed, error is 4.419618e-01 (0.00 s).
Cholesky vectors no    47 -    47 computed, error is 3.488476e-01 (0.00 s).
Cholesky vectors no    48 -    50 computed, error is 2.555805e-01 (0.00 s).
Cholesky vectors no    51 -    95 computed, error is 1.816300e-01 (0.00 s).
Cholesky vectors no    96 -   105 computed, error is 1.552270e-01 (0.00 s).
Cholesky vectors no   106 -   111 computed, error is 1.043871e-01 (0.00 s).
Cholesky vectors no   112 -   114 computed, error is 9.022287e-02 (0.00 s).
Cholesky vectors no   115 -   115 computed, error is 8.641174e-02 (0.00 s).
Cholesky vectors no   116 -   121 computed, error is 8.064559e-02 (0.00 s).
Cholesky vectors no   122 -   127 computed, error is 7.948785e-02 (0.00 s).
Cholesky vectors no   128 -   148 computed, error is 6.996408e-02 (0.01 s).
Cholesky vectors no   149 -   151 computed, error is 3.872915e-02 (0.00 s).
Cholesky vectors no   152 -   154 computed, error is 3.792686e-02 (0.00 s).
Cholesky vectors no   155 -   160 computed, error is 3.494855e-02 (0.00 s).
Cholesky vectors no   161 -   175 computed, error is 3.047238e-02 (0.00 s).
Cholesky vectors no   176 -   196 computed, error is 1.507980e-02 (0.01 s).
Cholesky vectors no   197 -   199 computed, error is 1.066971e-02 (0.00 s).
Cholesky vectors no   200 -   214 computed, error is 8.975443e-03 (0.01 s).
Cholesky vectors no   215 -   249 computed, error is 8.040938e-03 (0.01 s).
Cholesky vectors no   250 -   250 computed, error is 7.260157e-03 (0.00 s).
Cholesky vectors no   251 -   278 computed, error is 6.349097e-03 (0.01 s).
Cholesky vectors no   279 -   281 computed, error is 5.336730e-03 (0.00 s).
Cholesky vectors no   282 -   284 computed, error is 4.229398e-03 (0.00 s).
Cholesky vectors no   285 -   290 computed, error is 2.767882e-03 (0.00 s).
Cholesky vectors no   291 -   300 computed, error is 2.291763e-03 (0.01 s).
Cholesky vectors no   301 -   310 computed, error is 2.162517e-03 (0.00 s).
Cholesky vectors no   311 -   346 computed, error is 1.906963e-03 (0.01 s).
Cholesky vectors no   347 -   374 computed, error is 9.535127e-04 (0.01 s).
Cholesky vectors no   375 -   380 computed, error is 6.374999e-04 (0.00 s).
Cholesky vectors no   381 -   381 computed, error is 6.094692e-04 (0.00 s).
Cholesky vectors no   382 -   384 computed, error is 5.103805e-04 (0.00 s).
Cholesky vectors no   385 -   390 computed, error is 2.200441e-04 (0.00 s).
Cholesky vectors no   391 -   393 computed, error is 2.039113e-04 (0.00 s).
Cholesky vectors no   394 -   394 computed, error is 1.849044e-04 (0.00 s).
Cholesky vectors no   395 -   401 computed, error is 1.547324e-04 (0.01 s).
Cholesky vectors no   402 -   422 computed, error is 1.265996e-04 (0.01 s).
Cholesky vectors no   423 -   431 computed, error is 1.012778e-04 (0.00 s).
Cholesky vectors no   432 -   434 computed, error is 8.345250e-05 (0.00 s).
Cholesky vectors no   435 -   440 computed, error is 3.414723e-05 (0.00 s).
Cholesky vectors no   441 -   443 computed, error is 2.391477e-05 (0.00 s).
Cholesky vectors no   444 -   444 computed, error is 2.242985e-05 (0.00 s).
Cholesky vectors no   445 -   453 computed, error is 1.842800e-05 (0.00 s).
Cholesky vectors no   454 -   460 computed, error is 1.541659e-05 (0.00 s).
Cholesky vectors no   461 -   466 computed, error is 1.169796e-05 (0.00 s).
Cholesky vectors no   467 -   476 computed, error is 1.099896e-05 (0.00 s).
Cholesky vectors no   477 -   477 computed, error is 9.067675e-06 (0.00 s).
Cholesky vectors no   478 -   480 computed, error is 8.347422e-06 (0.00 s).
Cholesky vectors no   481 -   507 computed, error is 8.149947e-06 (0.02 s).
Cholesky vectors no   508 -   510 computed, error is 5.171396e-06 (0.00 s).
Cholesky vectors no   511 -   516 computed, error is 3.921094e-06 (0.00 s).
Cholesky vectors no   517 -   527 computed, error is 3.191334e-06 (0.00 s).
Cholesky vectors no   528 -   536 computed, error is 2.990839e-06 (0.00 s).
Cholesky vectors no   537 -   539 computed, error is 2.413503e-06 (0.00 s).
Cholesky vectors no   540 -   545 computed, error is 2.022350e-06 (0.00 s).
Cholesky vectors no   546 -   572 computed, error is 1.537278e-06 (0.01 s).
Cholesky vectors no   573 -   579 computed, error is 9.811565e-07 (0.00 s).
Cholesky vectors no   580 -   580 computed, error is 9.788950e-07 (0.00 s).
Cholesky vectors no   581 -   592 computed, error is 7.797966e-07 (0.01 s).
Cholesky vectors no   593 -   595 computed, error is 6.829717e-07 (0.00 s).
Cholesky vectors no   596 -   601 computed, error is 4.150492e-07 (0.01 s).
Cholesky vectors no   602 -   602 computed, error is 3.223968e-07 (0.00 s).
Cholesky vectors no   603 -   605 computed, error is 2.989235e-07 (0.00 s).
Cholesky vectors no   606 -   623 computed, error is 1.801256e-07 (0.01 s).
Cholesky vectors no   624 -   629 computed, error is 1.790173e-07 (0.00 s).
Cholesky vectors no   630 -   638 computed, error is 8.615123e-08 (0.00 s).
Cholesky decomposition finished in 0.27 s. Realized memory size is 20 Mi 279 ki.
Time use: integrals 12.2 %, linear algebra 87.8 %.
557 shell pairs and 1 nuclei
SAP potential formed in 0.005 s.
Smallest eigenvalue of overlap matrix is 1.00e+00, reciprocal condition number is 1.00e+00.
Using symmetric orthogonalization.
Smallest eigenvalue of overlap matrix is 3.52e-01, reciprocal condition number is 2.13e-01.
Using symmetric orthogonalization.
Smallest eigenvalue of overlap matrix is 1.27e-01, reciprocal condition number is 5.90e-02.
Using symmetric orthogonalization.
Smallest eigenvalue of overlap matrix is 6.61e-03, reciprocal condition number is 1.80e-03.
Using symmetric orthogonalization.
Smallest eigenvalue of overlap matrix is 1.32e-03, reciprocal condition number is 2.69e-04.
Using symmetric orthogonalization.
Smallest eigenvalue of overlap matrix is 6.61e-03, reciprocal condition number is 1.80e-03.
Using symmetric orthogonalization.
Smallest eigenvalue of overlap matrix is 1.27e-01, reciprocal condition number is 5.90e-02.
Using symmetric orthogonalization.
Smallest eigenvalue of overlap matrix is 3.52e-01, reciprocal condition number is 2.13e-01.
Using symmetric orthogonalization.
Smallest eigenvalue of overlap matrix is 1.00e+00, reciprocal condition number is 1.00e+00.
Using symmetric orthogonalization.
Nela = 10 Nelb = 8



Solving SCF
Evaluated energy -469.2202454939 (change from lowest -4.692202e+02)


Iteration 1: 1 Fock evaluations energy -469.2202454939 change -4.692202e+02 DIIS error vector rms norm 7.525211e-01
History size 1
alpha m=-1 occupations
   1.0000   1.0000
alpha m=0 occupations
   1.0000   1.0000   1.0000   1.0000   1.0000   1.0000
alpha m=1 occupations
   1.0000   1.0000
beta m=-1 occupations
   1.0000   1.0000
beta m=0 occupations
   1.0000   1.0000   1.0000   1.0000
beta m=1 occupations
   1.0000   1.0000
EDIIS step
Evaluated energy -510.3684882673 (change from lowest -4.114824e+01)
Density matrix difference 4.526435e-01 between lowest-energy and newest entry


Iteration 2: 2 Fock evaluations energy -510.3684882673 change -4.114824e+01 DIIS error vector rms norm 2.783545e-01
History size 2
alpha m=-1 occupations
   1.0000   1.0000
alpha m=0 occupations
   1.0000   1.0000   1.0000   1.0000   1.0000   1.0000
alpha m=1 occupations
   1.0000   1.0000
beta m=-1 occupations
   1.0000   1.0000
beta m=0 occupations
   1.0000   1.0000   1.0000   1.0000
beta m=1 occupations
   1.0000   1.0000
EDIIS step
Evaluated energy -525.5156220744 (change from lowest -1.514713e+01)
Density matrix difference 3.988668e-01 between lowest-energy and newest entry


Iteration 3: 3 Fock evaluations energy -525.5156220744 change -1.514713e+01 DIIS error vector rms norm 4.756528e-02
History size 3
alpha m=-1 occupations
   1.0000   1.0000
alpha m=0 occupations
   1.0000   1.0000   1.0000   1.0000   1.0000   1.0000
alpha m=1 occupations
   1.0000   1.0000
beta m=-1 occupations
   1.0000   1.0000
beta m=0 occupations
   1.0000   1.0000   1.0000   1.0000
beta m=1 occupations
   1.0000   1.0000
EDIIS+DIIS step
Evaluated energy -526.2168504103 (change from lowest -7.012283e-01)
Density matrix difference 1.010573e-01 between lowest-energy and newest entry


Iteration 4: 4 Fock evaluations energy -526.2168504103 change -7.012283e-01 DIIS error vector rms norm 8.595358e-03
History size 4
alpha m=-1 occupations
   1.0000   1.0000
alpha m=0 occupations
   1.0000   1.0000   1.0000   1.0000   1.0000   1.0000
alpha m=1 occupations
   1.0000   1.0000
beta m=-1 occupations
   1.0000   1.0000
beta m=0 occupations
   1.0000   1.0000   1.0000   1.0000
beta m=1 occupations
   1.0000   1.0000
EDIIS+DIIS step
Evaluated energy -526.2380884293 (change from lowest -2.123802e-02)
Density matrix difference 1.589740e-02 between lowest-energy and newest entry


Iteration 5: 5 Fock evaluations energy -526.2380884293 change -2.123802e-02 DIIS error vector rms norm 5.609519e-04
History size 5
alpha m=-1 occupations
   1.0000   1.0000
alpha m=0 occupations
   1.0000   1.0000   1.0000   1.0000   1.0000   1.0000
alpha m=1 occupations
   1.0000   1.0000
beta m=-1 occupations
   1.0000   1.0000
beta m=0 occupations
   1.0000   1.0000   1.0000   1.0000
beta m=1 occupations
   1.0000   1.0000
EDIIS+DIIS step
Evaluated energy -526.2385727183 (change from lowest -4.842890e-04)
Density matrix difference 2.741254e-03 between lowest-energy and newest entry


Iteration 6: 6 Fock evaluations energy -526.2385727183 change -4.842890e-04 DIIS error vector rms norm 2.089346e-04
History size 6
alpha m=-1 occupations
   1.0000   1.0000
alpha m=0 occupations
   1.0000   1.0000   1.0000   1.0000   1.0000   1.0000
alpha m=1 occupations
   1.0000   1.0000
beta m=-1 occupations
   1.0000   1.0000
beta m=0 occupations
   1.0000   1.0000   1.0000   1.0000
beta m=1 occupations
   1.0000   1.0000
EDIIS+DIIS step
Evaluated energy -526.2388150233 (change from lowest -2.423050e-04)
Density matrix difference 1.293140e-03 between lowest-energy and newest entry


Iteration 7: 7 Fock evaluations energy -526.2388150233 change -2.423050e-04 DIIS error vector rms norm 1.464094e-04
History size 7
alpha m=-1 occupations
   1.0000   1.0000
alpha m=0 occupations
   1.0000   1.0000   1.0000   1.0000   1.0000   1.0000
alpha m=1 occupations
   1.0000   1.0000
beta m=-1 occupations
   1.0000   1.0000
beta m=0 occupations
   1.0000   1.0000   1.0000   1.0000
beta m=1 occupations
   1.0000   1.0000
EDIIS+DIIS step
Evaluated energy -526.2390094467 (change from lowest -1.944233e-04)
Density matrix difference 9.684222e-04 between lowest-energy and newest entry


Iteration 8: 8 Fock evaluations energy -526.2390094467 change -1.944233e-04 DIIS error vector rms norm 1.408421e-04
History size 8
alpha m=-1 occupations
   1.0000   1.0000
alpha m=0 occupations
   1.0000   1.0000   1.0000   1.0000   1.0000   1.0000
alpha m=1 occupations
   1.0000   1.0000
beta m=-1 occupations
   1.0000   1.0000
beta m=0 occupations
   1.0000   1.0000   1.0000   1.0000
beta m=1 occupations
   1.0000   1.0000
EDIIS+DIIS step
Evaluated energy -526.2391537244 (change from lowest -1.442777e-04)
Density matrix difference 6.746122e-04 between lowest-energy and newest entry


Iteration 9: 9 Fock evaluations energy -526.2391537244 change -1.442777e-04 DIIS error vector rms norm 1.398430e-04
History size 9
alpha m=-1 occupations
   1.0000   1.0000
alpha m=0 occupations
   1.0000   1.0000   1.0000   1.0000   1.0000   1.0000
alpha m=1 occupations
   1.0000   1.0000
beta m=-1 occupations
   1.0000   1.0000
beta m=0 occupations
   1.0000   1.0000   1.0000   1.0000
beta m=1 occupations
   1.0000   1.0000
EDIIS+DIIS step
Evaluated energy -526.2392705170 (change from lowest -1.167926e-04)
Density matrix difference 5.545808e-04 between lowest-energy and newest entry


Iteration 10: 10 Fock evaluations energy -526.2392705170 change -1.167926e-04 DIIS error vector rms norm 1.390096e-04
History size 10
alpha m=-1 occupations
   1.0000   1.0000
alpha m=0 occupations
   1.0000   1.0000   1.0000   1.0000   1.0000   1.0000
alpha m=1 occupations
   1.0000   1.0000
beta m=-1 occupations
   1.0000   1.0000
beta m=0 occupations
   1.0000   1.0000   1.0000   1.0000
beta m=1 occupations
   1.0000   1.0000
EDIIS+DIIS step
Evaluated energy -526.2393949546 (change from lowest -1.244376e-04)
Density matrix difference 5.997782e-04 between lowest-energy and newest entry


Iteration 11: 11 Fock evaluations energy -526.2393949546 change -1.244376e-04 DIIS error vector rms norm 1.379843e-04
History size 10
alpha m=-1 occupations
   1.0000   1.0000
alpha m=0 occupations
   1.0000   1.0000   1.0000   1.0000   1.0000   1.0000
alpha m=1 occupations
   1.0000   1.0000
beta m=-1 occupations
   1.0000   1.0000
beta m=0 occupations
   1.0000   1.0000   1.0000   1.0000
beta m=1 occupations
   1.0000   1.0000
EDIIS+DIIS step
Evaluated energy -526.2395694618 (change from lowest -1.745072e-04)
Density matrix difference 8.540049e-04 between lowest-energy and newest entry


Iteration 12: 12 Fock evaluations energy -526.2395694618 change -1.745072e-04 DIIS error vector rms norm 1.363085e-04
History size 10
alpha m=-1 occupations
   1.0000   1.0000
alpha m=0 occupations
   1.0000   1.0000   1.0000   1.0000   1.0000   1.0000
alpha m=1 occupations
   1.0000   1.0000
beta m=-1 occupations
   1.0000   1.0000
beta m=0 occupations
   1.0000   1.0000   1.0000   1.0000
beta m=1 occupations
   1.0000   1.0000
EDIIS+DIIS step
Evaluated energy -526.2398988858 (change from lowest -3.294240e-04)
Density matrix difference 1.652173e-03 between lowest-energy and newest entry


Iteration 13: 13 Fock evaluations energy -526.2398988858 change -3.294240e-04 DIIS error vector rms norm 1.325210e-04
History size 10
alpha m=-1 occupations
   1.0000   1.0000
alpha m=0 occupations
   1.0000   1.0000   1.0000   1.0000   1.0000   1.0000
alpha m=1 occupations
   1.0000   1.0000
beta m=-1 occupations
   1.0000   1.0000
beta m=0 occupations
   1.0000   1.0000   1.0000   1.0000
beta m=1 occupations
   1.0000   1.0000
EDIIS+DIIS step
Evaluated energy -526.2406713198 (change from lowest -7.724340e-04)
Density matrix difference 4.156768e-03 between lowest-energy and newest entry


Iteration 14: 14 Fock evaluations energy -526.2406713198 change -7.724340e-04 DIIS error vector rms norm 1.253348e-04
History size 10
alpha m=-1 occupations
   1.0000   1.0000
alpha m=0 occupations
   1.0000   1.0000   1.0000   1.0000   1.0000   1.0000
alpha m=1 occupations
   1.0000   1.0000
beta m=-1 occupations
   1.0000   1.0000
beta m=0 occupations
   1.0000   1.0000   1.0000   1.0000
beta m=1 occupations
   1.0000   1.0000
EDIIS+DIIS step
Evaluated energy -526.2410864179 (change from lowest -4.150981e-04)
Density matrix difference 2.488229e-03 between lowest-energy and newest entry


Iteration 15: 15 Fock evaluations energy -526.2410864179 change -4.150981e-04 DIIS error vector rms norm 1.196143e-04
History size 10
alpha m=-1 occupations
   1.0000   1.0000
alpha m=0 occupations
   1.0000   1.0000   1.0000   1.0000   1.0000   1.0000
alpha m=1 occupations
   1.0000   1.0000
beta m=-1 occupations
   1.0000   1.0000
beta m=0 occupations
   1.0000   1.0000   1.0000   1.0000
beta m=1 occupations
   1.0000   1.0000
EDIIS+DIIS step
Evaluated energy -526.2412673717 (change from lowest -1.809538e-04)
Density matrix difference 1.182152e-03 between lowest-energy and newest entry


Iteration 16: 16 Fock evaluations energy -526.2412673717 change -1.809538e-04 DIIS error vector rms norm 1.068981e-04
History size 10
alpha m=-1 occupations
   1.0000   1.0000
alpha m=0 occupations
   1.0000   1.0000   1.0000   1.0000   1.0000   1.0000
alpha m=1 occupations
   1.0000   1.0000
beta m=-1 occupations
   1.0000   1.0000
beta m=0 occupations
   1.0000   1.0000   1.0000   1.0000
beta m=1 occupations
   1.0000   1.0000
EDIIS+DIIS step
Evaluated energy -526.2422935485 (change from lowest -1.026177e-03)
Density matrix difference 8.930819e-03 between lowest-energy and newest entry


Iteration 17: 17 Fock evaluations energy -526.2422935485 change -1.026177e-03 DIIS error vector rms norm 1.971851e-04
History size 10
alpha m=-1 occupations
   1.0000   1.0000
alpha m=0 occupations
   1.0000   1.0000   1.0000   1.0000   1.0000   1.0000
alpha m=1 occupations
   1.0000   1.0000
beta m=-1 occupations
   1.0000   1.0000
beta m=0 occupations
   1.0000   1.0000   1.0000   1.0000
beta m=1 occupations
   1.0000   1.0000
EDIIS+DIIS step
Evaluated energy -526.2422498783 (change from lowest 4.367018e-05)
Density matrix difference 7.404166e-04 between lowest-energy and newest entry


Iteration 18: 18 Fock evaluations energy -526.2422935485 change  0.000000e+00 DIIS error vector rms norm 1.971851e-04
History size 10
alpha m=-1 occupations
   1.0000   1.0000
alpha m=0 occupations
   1.0000   1.0000   1.0000   1.0000   1.0000   1.0000
alpha m=1 occupations
   1.0000   1.0000
beta m=-1 occupations
   1.0000   1.0000
beta m=0 occupations
   1.0000   1.0000   1.0000   1.0000
beta m=1 occupations
   1.0000   1.0000
EDIIS+DIIS step
Evaluated energy -526.2422559285 (change from lowest 3.761996e-05)
Density matrix difference 9.515516e-04 between lowest-energy and newest entry


Iteration 19: 19 Fock evaluations energy -526.2422935485 change  0.000000e+00 DIIS error vector rms norm 1.971851e-04
History size 10
alpha m=-1 occupations
   1.0000   1.0000
alpha m=0 occupations
   1.0000   1.0000   1.0000   1.0000   1.0000   1.0000
alpha m=1 occupations
   1.0000   1.0000
beta m=-1 occupations
   1.0000   1.0000
beta m=0 occupations
   1.0000   1.0000   1.0000   1.0000
beta m=1 occupations
   1.0000   1.0000
EDIIS+DIIS step
Evaluated energy -526.2425545895 (change from lowest -2.610411e-04)
Density matrix difference 4.181710e-03 between lowest-energy and newest entry


Iteration 20: 20 Fock evaluations energy -526.2425545895 change -2.610411e-04 DIIS error vector rms norm 1.402009e-04
History size 10
alpha m=-1 occupations
   1.0000   1.0000
alpha m=0 occupations
   1.0000   1.0000   1.0000   1.0000   1.0000   1.0000
alpha m=1 occupations
   1.0000   1.0000
beta m=-1 occupations
   1.0000   1.0000
beta m=0 occupations
   1.0000   1.0000   1.0000   1.0000
beta m=1 occupations
   1.0000   1.0000
EDIIS+DIIS step
Evaluated energy -526.2426132602 (change from lowest -5.867070e-05)
Density matrix difference 9.283451e-04 between lowest-energy and newest entry


Iteration 21: 21 Fock evaluations energy -526.2426132602 change -5.867070e-05 DIIS error vector rms norm 1.042623e-04
History size 10
alpha m=-1 occupations
   1.0000   1.0000
alpha m=0 occupations
   1.0000   1.0000   1.0000   1.0000   1.0000   1.0000
alpha m=1 occupations
   1.0000   1.0000
beta m=-1 occupations
   1.0000   1.0000
beta m=0 occupations
   1.0000   1.0000   1.0000   1.0000
beta m=1 occupations
   1.0000   1.0000
EDIIS+DIIS step
Evaluated energy -526.2427116189 (change from lowest -9.835867e-05)
Density matrix difference 2.319265e-03 between lowest-energy and newest entry


Iteration 22: 22 Fock evaluations energy -526.2427116189 change -9.835867e-05 DIIS error vector rms norm 9.105567e-05
History size 10
alpha m=-1 occupations
   1.0000   1.0000
alpha m=0 occupations
   1.0000   1.0000   1.0000   1.0000   1.0000   1.0000
alpha m=1 occupations
   1.0000   1.0000
beta m=-1 occupations
   1.0000   1.0000
beta m=0 occupations
   1.0000   1.0000   1.0000   1.0000
beta m=1 occupations
   1.0000   1.0000
DIIS step
Evaluated energy -526.2427421429 (change from lowest -3.052405e-05)
Density matrix difference 8.700552e-04 between lowest-energy and newest entry


Iteration 23: 23 Fock evaluations energy -526.2427421429 change -3.052405e-05 DIIS error vector rms norm 3.003198e-05
History size 10
alpha m=-1 occupations
   1.0000   1.0000
alpha m=0 occupations
   1.0000   1.0000   1.0000   1.0000   1.0000   1.0000
alpha m=1 occupations
   1.0000   1.0000
beta m=-1 occupations
   1.0000   1.0000
beta m=0 occupations
   1.0000   1.0000   1.0000   1.0000
beta m=1 occupations
   1.0000   1.0000
DIIS step
Evaluated energy -526.2427835542 (change from lowest -4.141128e-05)
Density matrix difference 2.603913e-03 between lowest-energy and newest entry


Iteration 24: 24 Fock evaluations energy -526.2427835542 change -4.141128e-05 DIIS error vector rms norm 4.744521e-05
History size 10
alpha m=-1 occupations
   1.0000   1.0000
alpha m=0 occupations
   1.0000   1.0000   1.0000   1.0000   1.0000   1.0000
alpha m=1 occupations
   1.0000   1.0000
beta m=-1 occupations
   1.0000   1.0000
beta m=0 occupations
   1.0000   1.0000   1.0000   1.0000
beta m=1 occupations
   1.0000   1.0000
DIIS step
Evaluated energy -526.2427861149 (change from lowest -2.560666e-06)
Density matrix difference 1.473561e-04 between lowest-energy and newest entry


Iteration 25: 25 Fock evaluations energy -526.2427861149 change -2.560666e-06 DIIS error vector rms norm 2.248772e-05
History size 10
alpha m=-1 occupations
   1.0000   1.0000
alpha m=0 occupations
   1.0000   1.0000   1.0000   1.0000   1.0000   1.0000
alpha m=1 occupations
   1.0000   1.0000
beta m=-1 occupations
   1.0000   1.0000
beta m=0 occupations
   1.0000   1.0000   1.0000   1.0000
beta m=1 occupations
   1.0000   1.0000
DIIS step
Evaluated energy -526.2427887608 (change from lowest -2.645892e-06)
Density matrix difference 4.754332e-04 between lowest-energy and newest entry


Iteration 26: 26 Fock evaluations energy -526.2427887608 change -2.645892e-06 DIIS error vector rms norm 6.755654e-06
History size 10
alpha m=-1 occupations
   1.0000   1.0000
alpha m=0 occupations
   1.0000   1.0000   1.0000   1.0000   1.0000   1.0000
alpha m=1 occupations
   1.0000   1.0000
beta m=-1 occupations
   1.0000   1.0000
beta m=0 occupations
   1.0000   1.0000   1.0000   1.0000
beta m=1 occupations
   1.0000   1.0000
DIIS step
Evaluated energy -526.2427892846 (change from lowest -5.238182e-07)
Density matrix difference 2.925127e-04 between lowest-energy and newest entry


Iteration 27: 27 Fock evaluations energy -526.2427892846 change -5.238182e-07 DIIS error vector rms norm 6.431453e-07
History size 10
Converged to energy -526.2427892846!

Running program took 1.66 s.
