ERKALE - HF/DFT from Hel, OpenMP version, running on 8 cores.
(c) Susi Lehtola, 2010-2016.

This program is free software; you can redistribute it and/or modify
it under the terms of the GNU General Public License as published by
the Free Software Foundation; either version 2 of the License, or
(at your option) any later version.

Running on host silver.

Current time is Thu 22 Jan 2026 09:25:45.

Current Settings used by ERKALE:
     AtomGuess      	                Auto	Method used for atomic guess (Auto for same as method)
     Basis          	           AHGBSP2-9	Basis set used in calculation
     BasisCutoff    	           1.000e-08	Cutoff for dropping out small primitives from contraction
     BasisOrth      	                Auto	Method of orthonormalization of basis set
     BasisRotate    	               false	Rotate basis set to remove redundant functions?
     Charge         	                   0	Total charge of system
     CholDepThresh  	           1.000e-07	Partial Cholesky decomposition threshold
     Cholesky       	                true	Use Cholesky decomposition?
     CholeskyMode   	                   0	Save/load integrals? 0 no, 1 save, -1 load
     CholeskyNAFThr 	           0.000e+00	Cholesky natural auxiliary function threshold
     CholeskyShThr  	           1.000e-02	Cholesky cache threshold
     CholeskyThr    	           1.000e-07	Cholesky decomposition threshold
     Complexbas     	                true	Use complex basis?
     Confinement    	         0.0 0.0 0.0	Confinement potential V(r) = V_i x_i^2
     ConvThr        	           1.000e-06	Orbital gradient convergence threshold
     DFTBasisThr    	           1.000e-10	Threshold for screening basis functions on grid
     DFTCpars       	                    	Override parameters of correlation functional (expert)
     DFTDelta       	           1.000e+02	Switch to final DFT grid has converged within factor X
     DFTDensityThr  	           1.000e-10	Threshold for screening density on grid
     DFTFinalTol    	           1.000e-05	Tolerance of final DFT grid
     DFTGrid        	             75 -302	DFT integration grid to use: nrad lmax or Auto for adaptive
     DFTInitialTol  	           1.000e-04	Tolerance of initial DFT grid
     DFTLobatto     	               false	Use Lobatto quadrature instead of Lebedev quadrature?
     DFTQuadThresh  	           2.220e-16	Threshold for pruning points with small quadrature weight
     DFTXpars       	                    	Override parameters of exchange functional (expert)
     DIISComb       	               false	Combine alpha and beta errors in unrestricted calcs?
     DIISEps        	           1.000e-01	Start mixing in DIIS when error is
     DIISOrder      	                  10	How many DIIS iterations to keep in memory?
     DIISThr        	           1.000e-02	DIIS error threshold for DIIS updates
     DecFock        	               false	Use decontracted basis to calculate Fock matrix (direct HF)
     Decontract     	                   *	Indices of atoms to decontract basis set for
     DensityFitting 	               false	Use density fitting / RI?
     Direct         	               false	Calculate two-electron integrals (or density fitting) on-the-fly?
     EField         	         0.0 0.0 0.0	Electric field
     ErrorNorm      	                 rms	Error norm to use in the SCF code
     FittingBasis   	                Auto	Basis to use for density fitting / RI (Auto for automatic)
     FittingCholeskyThreshold	           1.000e-08	Linear dependence threshold for pivoted Cholesky of Coulomb integrals in density fitting
     FittingMemory  	                1000	Amount of memory in MB to use for exchange fitting
     FittingThreshold	           1.000e-07	Linear dependence threshold for Coulomb integrals in density fitting
     Guess          	              sapfit	Used guess: SAD (default), SADNO, core, GWH, SAP, or SAPfit
     InitConvThr    	           1.000e-05	Initialization convergence threshold
     InputBohr      	               false	Use atomic units as input units instead of angstrom?
     IntegralThresh 	           1.000e-10	Integral screening threshold
     Kgwh           	           1.750e+00	Scaling constant for GWH
     LinDepThresh   	           1.000e-05	Basis set linear dependency threshold
     LinearB        	           1.600e-01	Magnetic field along bond axis
     LinearFreeze   	               false	If using linear symmetry, freeze symmetry to input guess
     LinearOccupationFile	     ../../Al_4.occs	File to read linear occupations from
     LinearOccupations	                  -1	Read in occupations for linear molecule calculations?
     LinearSymmetry 	                true	Do special calculation on linear molecule along z axis
     LoadChk        	                    	Checkpoint file to load from
     Logfile        	          erkale.log	File to print out full information, stdout for screen
     MaxInitIter    	                  50	Maximum number of iterations in the stepwise solutions
     MaxIter        	                 100	Maximum number of iterations in SCF cycle
     Method         	                  HF	Method used in calculation (HF or a DFT functional)
     Multiplicity   	                   4	Spin multiplicity
     NLGrid         	             50 -194	Integration grid to use for nonlocal correlation: nrad lmax
     Occupancies    	                    	Orbital occupancies
     OptLM          	               false	If spherical harmonics used, use cartesian s and p functions?
     PZ             	               false	Perform Perdew-Zunger self-interaction correction?
     PZEthr         	           1.000e-10	Threshold for energy convergence
     PZIthr         	           1.000e-02	Threshold for initialization convergence (not too small!)
     PZNRthr        	           0.000e+00	Threshold for use of NR method in OO optimization
     PZOOthr        	           1.000e-04	Gradient threshold for OO optimization
     PZOVthr        	           1.000e-05	Gradient threshold for OV optimization
     PZimag         	                Auto	Imaginary degrees of freedom in PZ?
     PZiter         	                  20	Max number of iterations in self-consistency iteration
     PZloc          	                Auto	Initial localization before SIC calculation?
     PZlocmet       	                  FB	Initial localization method (recommend FB or IAO)
     PZmode         	                  XC	Apply PZ to the operators (in addition to J): X C D
     PZoo           	                true	Optimize OO block?
     PZov           	                true	Optimize OV block?
     PZprec         	                   1	Precondition OV block? 0: no, 1: unified, 2: orbital
     PZrand         	                true	Apply random rotation in PZ initialization? (Should be true)
     PZscale        	            Constant	Scaling for PZ: Constant, Density or Kinetic
     PZscaleExp     	           1.000e+00	Exponent in the dynamic scaling equation
     PZseed         	                   0	Seed number for randomized matrices?
     PZstab         	                   0	Stability analysis for PZ-SIC? 1 or -1 for OO, 2 or -2 for OO+OV
     PZstabThr      	           1.000e-03	Instability threshold (interpreted as -thr)
     PZw            	           1.000e+00	Weight for Perdew-Zunger self-interaction correction
     Restricted     	               false	Spin restricted?
     SAPBasis       	    helfem_large.gbs	Tabulated atomic effective potential "basis set"
     SAPGrid        	                    	SAP integration grid to use: nrad lmax or leave empty
     SaveChk        	   complex_basis.chk	Checkpoint file to save to
     Shift          	           0.000e+00	Level shift to use in Hartree
     System         	        ../atoms.xyz	System as an xyz file
     TRRHminS       	           9.750e-01	Trust-Region Roothaan-Hall minimal occupied orbital overlap
     UseADIIS       	                true	Use ADIIS for Fock matrix interpolation?
     UseBroyden     	               false	Use Broyden mixing of Fock matrices?
     UseDIIS        	                true	Use Pulay's Direct Inversion in the Iterative Subspace?
     UseLM          	                true	Use a spherical harmonics basis set by default?
     UseTRRH        	               false	Use Trust-Region Roothaan-Hall?
     VV10           	                Auto	Use VV10 non-local correlation?
     VV10Pars       	                    	VV10 parameters: b C
     Verbose        	                true	Verbose calculation?
     Verbosity      	                   5	Verboseness level

Basis set AHGBSP2-9 found in file AHGBSP2-9.gbs in /home/lehtola/programs/erkale/basis/.
Basis set helfem_large.gbs found in file helfem_large.gbs in /home/lehtola/programs/erkale/basis/.
Screening by shell pairs and symmetry reduced dofs by factor 2.06.
Individual screening reduced dofs by a total factor 2.06.
Computing Cholesky vectors. Estimated memory size is 707 Mi - 2 Gi.
Cholesky vectors no     0 -     0 computed, error is 5.478668e+02 (0.03 s).
Cholesky vectors no     1 -     1 computed, error is 1.382302e+02 (0.03 s).
Cholesky vectors no     2 -     2 computed, error is 7.913348e+01 (0.02 s).
Cholesky vectors no     3 -     3 computed, error is 4.951466e+01 (0.00 s).
Cholesky vectors no     4 -     9 computed, error is 1.740455e+01 (0.01 s).
Cholesky vectors no    10 -    12 computed, error is 1.392254e+01 (0.01 s).
Cholesky vectors no    13 -    18 computed, error is 1.290410e+01 (0.01 s).
Cholesky vectors no    19 -    19 computed, error is 4.629140e+00 (0.00 s).
Cholesky vectors no    20 -    22 computed, error is 4.417641e+00 (0.01 s).
Cholesky vectors no    23 -    37 computed, error is 4.255717e+00 (0.07 s).
Cholesky vectors no    38 -    38 computed, error is 3.785886e+00 (0.00 s).
Cholesky vectors no    39 -    39 computed, error is 3.039391e+00 (0.00 s).
Cholesky vectors no    40 -    45 computed, error is 2.324305e+00 (0.03 s).
Cholesky vectors no    46 -    55 computed, error is 1.823794e+00 (0.05 s).
Cholesky vectors no    56 -    58 computed, error is 1.563074e+00 (0.02 s).
Cholesky vectors no    59 -    86 computed, error is 1.170406e+00 (0.14 s).
Cholesky vectors no    87 -   101 computed, error is 9.345454e-01 (0.14 s).
Cholesky vectors no   102 -   122 computed, error is 5.896212e-01 (0.13 s).
Cholesky vectors no   123 -   150 computed, error is 4.160463e-01 (0.28 s).
Cholesky vectors no   151 -   171 computed, error is 3.801927e-01 (0.24 s).
Cholesky vectors no   172 -   199 computed, error is 3.639215e-01 (0.34 s).
Cholesky vectors no   200 -   202 computed, error is 3.294092e-01 (0.12 s).
Cholesky vectors no   203 -   203 computed, error is 2.156964e-01 (0.01 s).
Cholesky vectors no   204 -   213 computed, error is 2.072730e-01 (0.14 s).
Cholesky vectors no   214 -   241 computed, error is 2.046571e-01 (0.39 s).
Cholesky vectors no   242 -   247 computed, error is 1.863634e-01 (0.09 s).
Cholesky vectors no   248 -   268 computed, error is 1.643927e-01 (0.29 s).
Cholesky vectors no   269 -   296 computed, error is 1.623140e-01 (0.39 s).
Cholesky vectors no   297 -   299 computed, error is 1.298874e-01 (0.04 s).
Cholesky vectors no   300 -   300 computed, error is 1.025680e-01 (0.11 s).
Cholesky vectors no   301 -   310 computed, error is 8.115630e-02 (0.15 s).
Cholesky vectors no   311 -   331 computed, error is 7.650168e-02 (0.32 s).
Cholesky vectors no   332 -   352 computed, error is 7.262101e-02 (0.33 s).
Cholesky vectors no   353 -   380 computed, error is 5.801995e-02 (0.44 s).
Cholesky vectors no   381 -   408 computed, error is 4.374646e-02 (0.59 s).
Cholesky vectors no   409 -   423 computed, error is 3.388734e-02 (0.25 s).
Cholesky vectors no   424 -   444 computed, error is 3.154603e-02 (0.36 s).
Cholesky vectors no   445 -   445 computed, error is 2.746156e-02 (0.02 s).
Cholesky vectors no   446 -   466 computed, error is 2.544135e-02 (0.36 s).
Cholesky vectors no   467 -   494 computed, error is 2.459538e-02 (0.53 s).
Cholesky vectors no   495 -   497 computed, error is 2.436987e-02 (0.05 s).
Cholesky vectors no   498 -   498 computed, error is 2.319160e-02 (0.02 s).
Cholesky vectors no   499 -   504 computed, error is 2.033120e-02 (0.27 s).
Cholesky vectors no   505 -   532 computed, error is 1.902712e-02 (0.48 s).
Cholesky vectors no   533 -   560 computed, error is 1.557603e-02 (0.56 s).
Cholesky vectors no   561 -   581 computed, error is 1.394994e-02 (0.44 s).
Cholesky vectors no   582 -   584 computed, error is 1.357574e-02 (0.06 s).
Cholesky vectors no   585 -   591 computed, error is 1.230337e-02 (0.14 s).
Cholesky vectors no   592 -   592 computed, error is 1.147261e-02 (0.02 s).
Cholesky vectors no   593 -   613 computed, error is 1.009791e-02 (0.61 s).
Cholesky vectors no   614 -   633 computed, error is 8.912853e-03 (0.42 s).
Cholesky vectors no   634 -   661 computed, error is 7.950498e-03 (0.60 s).
Cholesky vectors no   662 -   682 computed, error is 7.310610e-03 (0.46 s).
Cholesky vectors no   683 -   710 computed, error is 7.120035e-03 (0.80 s).
Cholesky vectors no   711 -   738 computed, error is 5.366469e-03 (0.64 s).
Cholesky vectors no   739 -   759 computed, error is 3.469141e-03 (0.49 s).
Cholesky vectors no   760 -   780 computed, error is 2.576644e-03 (0.49 s).
Cholesky vectors no   781 -   808 computed, error is 2.571689e-03 (0.89 s).
Cholesky vectors no   809 -   836 computed, error is 2.470969e-03 (0.68 s).
Cholesky vectors no   837 -   864 computed, error is 1.935113e-03 (0.69 s).
Cholesky vectors no   865 -   867 computed, error is 1.495305e-03 (0.07 s).
Cholesky vectors no   868 -   888 computed, error is 1.453124e-03 (0.53 s).
Cholesky vectors no   889 -   894 computed, error is 1.294171e-03 (0.15 s).
Cholesky vectors no   895 -   897 computed, error is 1.288960e-03 (0.07 s).
Cholesky vectors no   898 -   918 computed, error is 1.111447e-03 (0.79 s).
Cholesky vectors no   919 -   924 computed, error is 9.608986e-04 (0.16 s).
Cholesky vectors no   925 -   931 computed, error is 9.013652e-04 (0.18 s).
Cholesky vectors no   932 -   959 computed, error is 8.881791e-04 (0.74 s).
Cholesky vectors no   960 -   962 computed, error is 8.826915e-04 (0.08 s).
Cholesky vectors no   963 -   983 computed, error is 7.317489e-04 (0.57 s).
Cholesky vectors no   984 -   995 computed, error is 7.163507e-04 (0.33 s).
Cholesky vectors no   996 -  1023 computed, error is 6.988125e-04 (1.03 s).
Cholesky vectors no  1024 -  1051 computed, error is 5.262018e-04 (0.79 s).
Cholesky vectors no  1052 -  1072 computed, error is 4.910469e-04 (0.60 s).
Cholesky vectors no  1073 -  1093 computed, error is 3.811634e-04 (0.62 s).
Cholesky vectors no  1094 -  1103 computed, error is 3.239777e-04 (0.57 s).
Cholesky vectors no  1104 -  1118 computed, error is 3.116098e-04 (0.46 s).
Cholesky vectors no  1119 -  1146 computed, error is 2.790863e-04 (0.84 s).
Cholesky vectors no  1147 -  1147 computed, error is 2.482355e-04 (0.03 s).
Cholesky vectors no  1148 -  1175 computed, error is 2.027418e-04 (0.87 s).
Cholesky vectors no  1176 -  1196 computed, error is 1.784769e-04 (0.66 s).
Cholesky vectors no  1197 -  1199 computed, error is 1.562547e-04 (0.10 s).
Cholesky vectors no  1200 -  1220 computed, error is 1.450362e-04 (0.98 s).
Cholesky vectors no  1221 -  1235 computed, error is 1.320665e-04 (0.49 s).
Cholesky vectors no  1236 -  1256 computed, error is 1.156722e-04 (0.68 s).
Cholesky vectors no  1257 -  1257 computed, error is 9.016599e-05 (0.03 s).
Cholesky vectors no  1258 -  1285 computed, error is 8.757860e-05 (0.90 s).
Cholesky vectors no  1286 -  1288 computed, error is 8.295691e-05 (0.10 s).
Cholesky vectors no  1289 -  1295 computed, error is 8.227130e-05 (0.23 s).
Cholesky vectors no  1296 -  1323 computed, error is 8.154901e-05 (1.28 s).
Cholesky vectors no  1324 -  1324 computed, error is 7.218562e-05 (0.03 s).
Cholesky vectors no  1325 -  1352 computed, error is 4.287756e-05 (0.93 s).
Cholesky vectors no  1353 -  1373 computed, error is 2.974152e-05 (0.73 s).
Cholesky vectors no  1374 -  1394 computed, error is 2.893093e-05 (0.73 s).
Cholesky vectors no  1395 -  1422 computed, error is 2.584642e-05 (1.34 s).
Cholesky vectors no  1423 -  1443 computed, error is 2.324568e-05 (0.75 s).
Cholesky vectors no  1444 -  1446 computed, error is 1.910408e-05 (0.11 s).
Cholesky vectors no  1447 -  1449 computed, error is 1.891540e-05 (0.11 s).
Cholesky vectors no  1450 -  1450 computed, error is 1.547860e-05 (0.04 s).
Cholesky vectors no  1451 -  1471 computed, error is 1.358820e-05 (0.77 s).
Cholesky vectors no  1472 -  1481 computed, error is 1.348071e-05 (0.37 s).
Cholesky vectors no  1482 -  1487 computed, error is 1.195868e-05 (0.22 s).
Cholesky vectors no  1488 -  1508 computed, error is 7.625564e-06 (1.17 s).
Cholesky vectors no  1509 -  1536 computed, error is 6.856361e-06 (1.05 s).
Cholesky vectors no  1537 -  1537 computed, error is 5.802292e-06 (0.04 s).
Cholesky vectors no  1538 -  1558 computed, error is 5.312217e-06 (0.80 s).
Cholesky vectors no  1559 -  1579 computed, error is 4.797077e-06 (0.82 s).
Cholesky vectors no  1580 -  1582 computed, error is 3.395462e-06 (0.12 s).
Cholesky vectors no  1583 -  1610 computed, error is 3.001426e-06 (1.56 s).
Cholesky vectors no  1611 -  1613 computed, error is 1.974039e-06 (0.14 s).
Cholesky vectors no  1614 -  1634 computed, error is 1.822290e-06 (0.97 s).
Cholesky vectors no  1635 -  1640 computed, error is 1.695098e-06 (0.28 s).
Cholesky vectors no  1641 -  1649 computed, error is 1.212115e-06 (0.44 s).
Cholesky vectors no  1650 -  1677 computed, error is 1.205586e-06 (1.33 s).
Cholesky vectors no  1678 -  1678 computed, error is 1.016909e-06 (0.05 s).
Cholesky vectors no  1679 -  1706 computed, error is 1.008325e-06 (1.78 s).
Cholesky vectors no  1707 -  1709 computed, error is 9.081375e-07 (0.15 s).
Cholesky vectors no  1710 -  1737 computed, error is 5.731088e-07 (1.40 s).
Cholesky vectors no  1738 -  1758 computed, error is 5.586423e-07 (1.09 s).
Cholesky vectors no  1759 -  1786 computed, error is 5.091241e-07 (1.40 s).
Cholesky vectors no  1787 -  1787 computed, error is 4.746398e-07 (0.05 s).
Cholesky vectors no  1788 -  1792 computed, error is 4.209819e-07 (0.25 s).
Cholesky vectors no  1793 -  1813 computed, error is 4.171634e-07 (1.49 s).
Cholesky vectors no  1814 -  1841 computed, error is 3.201971e-07 (1.42 s).
Cholesky vectors no  1842 -  1856 computed, error is 2.796875e-07 (0.79 s).
Cholesky vectors no  1857 -  1857 computed, error is 2.679681e-07 (0.05 s).
Cholesky vectors no  1858 -  1878 computed, error is 2.059617e-07 (1.13 s).
Cholesky vectors no  1879 -  1899 computed, error is 2.051867e-07 (1.27 s).
Cholesky vectors no  1900 -  1927 computed, error is 1.861423e-07 (2.61 s).
Cholesky vectors no  1928 -  1936 computed, error is 1.662796e-07 (0.72 s).
Cholesky vectors no  1937 -  1946 computed, error is 1.427729e-07 (0.79 s).
Cholesky vectors no  1947 -  1949 computed, error is 1.327900e-07 (0.23 s).
Cholesky vectors no  1950 -  1970 computed, error is 1.303254e-07 (2.00 s).
Cholesky vectors no  1971 -  1998 computed, error is 8.012275e-08 (2.22 s).
Cholesky decomposition finished in 1 min 8.53 s. Realized memory size is 1 Gi 157 Mi 656 ki.
Time use: integrals 2.1 %, linear algebra 97.9 %.
5482 shell pairs and 1 nuclei
SAP potential formed in 0.027 s.
Smallest eigenvalue of overlap matrix is 2.17e-04, reciprocal condition number is 4.68e-05.
Using symmetric orthogonalization.
Smallest eigenvalue of overlap matrix is 2.17e-04, reciprocal condition number is 4.46e-05.
Using symmetric orthogonalization.
Smallest eigenvalue of overlap matrix is 1.28e-04, reciprocal condition number is 2.33e-05.
Using symmetric orthogonalization.
Smallest eigenvalue of overlap matrix is 4.52e-05, reciprocal condition number is 6.46e-06.
Using symmetric orthogonalization.
Smallest eigenvalue of overlap matrix is 1.28e-04, reciprocal condition number is 2.33e-05.
Using symmetric orthogonalization.
Smallest eigenvalue of overlap matrix is 2.17e-04, reciprocal condition number is 4.46e-05.
Using symmetric orthogonalization.
Smallest eigenvalue of overlap matrix is 2.17e-04, reciprocal condition number is 4.68e-05.
Using symmetric orthogonalization.
Nela = 8 Nelb = 5



Solving SCF
Evaluated energy -241.9060771886 (change from lowest -2.419061e+02)


Iteration 1: 1 Fock evaluations energy -241.9060771886 change -2.419061e+02 DIIS error vector rms norm 5.795541e-03
History size 1
alpha m=-1 occupations
   1.0000   1.0000
alpha m=0 occupations
   1.0000   1.0000   1.0000   1.0000
alpha m=1 occupations
   1.0000   1.0000
beta m=-1 occupations
   1.0000
beta m=0 occupations
   1.0000   1.0000   1.0000
beta m=1 occupations
   1.0000
EDIIS+DIIS step
Evaluated energy -241.9505277370 (change from lowest -4.445055e-02)
Density matrix difference 7.309703e-03 between lowest-energy and newest entry


Iteration 2: 2 Fock evaluations energy -241.9505277370 change -4.445055e-02 DIIS error vector rms norm 4.865909e-04
History size 2
alpha m=-1 occupations
   1.0000   1.0000
alpha m=0 occupations
   1.0000   1.0000   1.0000   1.0000
alpha m=1 occupations
   1.0000   1.0000
beta m=-1 occupations
   1.0000
beta m=0 occupations
   1.0000   1.0000   1.0000
beta m=1 occupations
   1.0000
EDIIS+DIIS step
Evaluated energy -241.9532637190 (change from lowest -2.735982e-03)
Density matrix difference 1.876014e-03 between lowest-energy and newest entry


Iteration 3: 3 Fock evaluations energy -241.9532637190 change -2.735982e-03 DIIS error vector rms norm 1.257146e-04
History size 3
alpha m=-1 occupations
   1.0000   1.0000
alpha m=0 occupations
   1.0000   1.0000   1.0000   1.0000
alpha m=1 occupations
   1.0000   1.0000
beta m=-1 occupations
   1.0000
beta m=0 occupations
   1.0000   1.0000   1.0000
beta m=1 occupations
   1.0000
EDIIS+DIIS step
Evaluated energy -241.9535310309 (change from lowest -2.673119e-04)
Density matrix difference 5.333890e-04 between lowest-energy and newest entry


Iteration 4: 4 Fock evaluations energy -241.9535310309 change -2.673119e-04 DIIS error vector rms norm 3.319469e-05
History size 4
alpha m=-1 occupations
   1.0000   1.0000
alpha m=0 occupations
   1.0000   1.0000   1.0000   1.0000
alpha m=1 occupations
   1.0000   1.0000
beta m=-1 occupations
   1.0000
beta m=0 occupations
   1.0000   1.0000   1.0000
beta m=1 occupations
   1.0000
DIIS step
Evaluated energy -241.9535886430 (change from lowest -5.761205e-05)
Density matrix difference 3.315165e-04 between lowest-energy and newest entry


Iteration 5: 5 Fock evaluations energy -241.9535886430 change -5.761205e-05 DIIS error vector rms norm 5.272904e-06
History size 5
alpha m=-1 occupations
   1.0000   1.0000
alpha m=0 occupations
   1.0000   1.0000   1.0000   1.0000
alpha m=1 occupations
   1.0000   1.0000
beta m=-1 occupations
   1.0000
beta m=0 occupations
   1.0000   1.0000   1.0000
beta m=1 occupations
   1.0000
DIIS step
Evaluated energy -241.9535900570 (change from lowest -1.414006e-06)
Density matrix difference 5.663571e-05 between lowest-energy and newest entry


Iteration 6: 6 Fock evaluations energy -241.9535900570 change -1.414006e-06 DIIS error vector rms norm 5.130211e-07
History size 6
Converged to energy -241.9535900570!

Running program took 5 min 26.38 s.
