ERKALE - HF/DFT from Hel, OpenMP version, running on 8 cores.
(c) Susi Lehtola, 2010-2016.

This program is free software; you can redistribute it and/or modify
it under the terms of the GNU General Public License as published by
the Free Software Foundation; either version 2 of the License, or
(at your option) any later version.

Running on host silver.

Current time is Mon 16 Mar 2026 02:59:15.

Current Settings used by ERKALE:
     AtomGuess      	                Auto	Method used for atomic guess (Auto for same as method)
     Basis          	         aug-cc-pV5Z	Basis set used in calculation
     BasisCutoff    	           1.000e-08	Cutoff for dropping out small primitives from contraction
     BasisOrth      	                Auto	Method of orthonormalization of basis set
     BasisRotate    	               false	Rotate basis set to remove redundant functions?
     Charge         	                   0	Total charge of system
     CholDepThresh  	           1.000e-07	Partial Cholesky decomposition threshold
     Cholesky       	                true	Use Cholesky decomposition?
     CholeskyMode   	                   0	Save/load integrals? 0 no, 1 save, -1 load
     CholeskyNAFThr 	           0.000e+00	Cholesky natural auxiliary function threshold
     CholeskyShThr  	           1.000e-02	Cholesky cache threshold
     CholeskyThr    	           1.000e-07	Cholesky decomposition threshold
     Complexbas     	                true	Use complex basis?
     Confinement    	         0.0 0.0 0.0	Confinement potential V(r) = V_i x_i^2
     ConvThr        	           1.000e-06	Orbital gradient convergence threshold
     DFTBasisThr    	           1.000e-10	Threshold for screening basis functions on grid
     DFTCpars       	                    	Override parameters of correlation functional (expert)
     DFTDelta       	           1.000e+02	Switch to final DFT grid has converged within factor X
     DFTDensityThr  	           1.000e-10	Threshold for screening density on grid
     DFTFinalTol    	           1.000e-05	Tolerance of final DFT grid
     DFTGrid        	             75 -302	DFT integration grid to use: nrad lmax or Auto for adaptive
     DFTInitialTol  	           1.000e-04	Tolerance of initial DFT grid
     DFTLobatto     	               false	Use Lobatto quadrature instead of Lebedev quadrature?
     DFTQuadThresh  	           2.220e-16	Threshold for pruning points with small quadrature weight
     DFTXpars       	                    	Override parameters of exchange functional (expert)
     DIISComb       	               false	Combine alpha and beta errors in unrestricted calcs?
     DIISEps        	           1.000e-01	Start mixing in DIIS when error is
     DIISOrder      	                  10	How many DIIS iterations to keep in memory?
     DIISThr        	           1.000e-02	DIIS error threshold for DIIS updates
     DecFock        	               false	Use decontracted basis to calculate Fock matrix (direct HF)
     Decontract     	                   *	Indices of atoms to decontract basis set for
     DensityFitting 	               false	Use density fitting / RI?
     Direct         	               false	Calculate two-electron integrals (or density fitting) on-the-fly?
     EField         	         0.0 0.0 0.0	Electric field
     ErrorNorm      	                 rms	Error norm to use in the SCF code
     FittingBasis   	                Auto	Basis to use for density fitting / RI (Auto for automatic)
     FittingCholeskyThreshold	           1.000e-08	Linear dependence threshold for pivoted Cholesky of Coulomb integrals in density fitting
     FittingMemory  	                1000	Amount of memory in MB to use for exchange fitting
     FittingThreshold	           1.000e-07	Linear dependence threshold for Coulomb integrals in density fitting
     Guess          	                core	Used guess: SAD (default), SADNO, core, GWH, SAP, or SAPfit
     InitConvThr    	           1.000e-05	Initialization convergence threshold
     InputBohr      	               false	Use atomic units as input units instead of angstrom?
     IntegralThresh 	           1.000e-10	Integral screening threshold
     Kgwh           	           1.750e+00	Scaling constant for GWH
     LinDepThresh   	           1.000e-05	Basis set linear dependency threshold
     LinearB        	           2.000e-02	Magnetic field along bond axis
     LinearFreeze   	               false	If using linear symmetry, freeze symmetry to input guess
     LinearOccupationFile	      ../../P_8.occs	File to read linear occupations from
     LinearOccupations	                  -1	Read in occupations for linear molecule calculations?
     LinearSymmetry 	                true	Do special calculation on linear molecule along z axis
     LoadChk        	                    	Checkpoint file to load from
     Logfile        	          erkale.log	File to print out full information, stdout for screen
     MaxInitIter    	                 100	Maximum number of iterations in the stepwise solutions
     MaxIter        	                 100	Maximum number of iterations in SCF cycle
     Method         	                  HF	Method used in calculation (HF or a DFT functional)
     Multiplicity   	                   6	Spin multiplicity
     NLGrid         	             50 -194	Integration grid to use for nonlocal correlation: nrad lmax
     Occupancies    	                    	Orbital occupancies
     OptLM          	               false	If spherical harmonics used, use cartesian s and p functions?
     PZ             	               false	Perform Perdew-Zunger self-interaction correction?
     PZEthr         	           1.000e-10	Threshold for energy convergence
     PZIthr         	           1.000e-02	Threshold for initialization convergence (not too small!)
     PZNRthr        	           0.000e+00	Threshold for use of NR method in OO optimization
     PZOOthr        	           1.000e-04	Gradient threshold for OO optimization
     PZOVthr        	           1.000e-05	Gradient threshold for OV optimization
     PZimag         	                Auto	Imaginary degrees of freedom in PZ?
     PZiter         	                  20	Max number of iterations in self-consistency iteration
     PZloc          	                Auto	Initial localization before SIC calculation?
     PZlocmet       	                  FB	Initial localization method (recommend FB or IAO)
     PZmode         	                  XC	Apply PZ to the operators (in addition to J): X C D
     PZoo           	                true	Optimize OO block?
     PZov           	                true	Optimize OV block?
     PZprec         	                   1	Precondition OV block? 0: no, 1: unified, 2: orbital
     PZrand         	                true	Apply random rotation in PZ initialization? (Should be true)
     PZscale        	            Constant	Scaling for PZ: Constant, Density or Kinetic
     PZscaleExp     	           1.000e+00	Exponent in the dynamic scaling equation
     PZseed         	                   0	Seed number for randomized matrices?
     PZstab         	                   0	Stability analysis for PZ-SIC? 1 or -1 for OO, 2 or -2 for OO+OV
     PZstabThr      	           1.000e-03	Instability threshold (interpreted as -thr)
     PZw            	           1.000e+00	Weight for Perdew-Zunger self-interaction correction
     Restricted     	               false	Spin restricted?
     SAPBasis       	    helfem_large.gbs	Tabulated atomic effective potential "basis set"
     SAPGrid        	                    	SAP integration grid to use: nrad lmax or leave empty
     SaveChk        	   complex_basis.chk	Checkpoint file to save to
     Shift          	           0.000e+00	Level shift to use in Hartree
     System         	        ../atoms.xyz	System as an xyz file
     TRRHminS       	           9.750e-01	Trust-Region Roothaan-Hall minimal occupied orbital overlap
     UseADIIS       	                true	Use ADIIS for Fock matrix interpolation?
     UseBroyden     	               false	Use Broyden mixing of Fock matrices?
     UseDIIS        	                true	Use Pulay's Direct Inversion in the Iterative Subspace?
     UseLM          	                true	Use a spherical harmonics basis set by default?
     UseTRRH        	               false	Use Trust-Region Roothaan-Hall?
     VV10           	                Auto	Use VV10 non-local correlation?
     VV10Pars       	                    	VV10 parameters: b C
     Verbose        	                true	Verbose calculation?
     Verbosity      	                   5	Verboseness level

Basis set aug-cc-pV5Z found in file aug-cc-pV5Z.gbs in /home/lehtola/programs/erkale/basis/.
Basis set helfem_large.gbs found in file helfem_large.gbs in /home/lehtola/programs/erkale/basis/.
Screening by shell pairs and symmetry reduced dofs by factor 2.04.
Individual screening reduced dofs by a total factor 2.04.
Computing Cholesky vectors. Estimated memory size is 47 Mi - 159 Mi.
Cholesky vectors no     0 -     0 computed, error is 3.083080e+02 (0.00 s).
Cholesky vectors no     1 -     1 computed, error is 1.136869e+02 (0.00 s).
Cholesky vectors no     2 -     2 computed, error is 3.109547e+01 (0.00 s).
Cholesky vectors no     3 -     8 computed, error is 1.652749e+01 (0.00 s).
Cholesky vectors no     9 -     9 computed, error is 8.359796e+00 (0.00 s).
Cholesky vectors no    10 -    12 computed, error is 8.092392e+00 (0.00 s).
Cholesky vectors no    13 -    13 computed, error is 6.450933e+00 (0.00 s).
Cholesky vectors no    14 -    19 computed, error is 3.439455e+00 (0.00 s).
Cholesky vectors no    20 -    20 computed, error is 2.415551e+00 (0.00 s).
Cholesky vectors no    21 -    23 computed, error is 1.871895e+00 (0.00 s).
Cholesky vectors no    24 -    29 computed, error is 1.519050e+00 (0.00 s).
Cholesky vectors no    30 -    35 computed, error is 1.096079e+00 (0.00 s).
Cholesky vectors no    36 -    38 computed, error is 8.657480e-01 (0.00 s).
Cholesky vectors no    39 -    39 computed, error is 7.595151e-01 (0.00 s).
Cholesky vectors no    40 -    54 computed, error is 4.938636e-01 (0.01 s).
Cholesky vectors no    55 -    57 computed, error is 3.576682e-01 (0.00 s).
Cholesky vectors no    58 -    60 computed, error is 2.761163e-01 (0.00 s).
Cholesky vectors no    61 -   126 computed, error is 2.031248e-01 (0.04 s).
Cholesky vectors no   127 -   127 computed, error is 1.997833e-01 (0.00 s).
Cholesky vectors no   128 -   137 computed, error is 1.793096e-01 (0.01 s).
Cholesky vectors no   138 -   143 computed, error is 1.568161e-01 (0.01 s).
Cholesky vectors no   144 -   146 computed, error is 9.802816e-02 (0.00 s).
Cholesky vectors no   147 -   182 computed, error is 9.627844e-02 (0.06 s).
Cholesky vectors no   183 -   210 computed, error is 9.450955e-02 (0.06 s).
Cholesky vectors no   211 -   216 computed, error is 5.966546e-02 (0.01 s).
Cholesky vectors no   217 -   219 computed, error is 4.962137e-02 (0.00 s).
Cholesky vectors no   220 -   234 computed, error is 4.746780e-02 (0.03 s).
Cholesky vectors no   235 -   240 computed, error is 4.704741e-02 (0.01 s).
Cholesky vectors no   241 -   261 computed, error is 2.545861e-02 (0.04 s).
Cholesky vectors no   262 -   264 computed, error is 2.468213e-02 (0.00 s).
Cholesky vectors no   265 -   330 computed, error is 2.260347e-02 (0.16 s).
Cholesky vectors no   331 -   333 computed, error is 2.241025e-02 (0.01 s).
Cholesky vectors no   334 -   334 computed, error is 1.712410e-02 (0.00 s).
Cholesky vectors no   335 -   355 computed, error is 1.613262e-02 (0.05 s).
Cholesky vectors no   356 -   361 computed, error is 1.109614e-02 (0.01 s).
Cholesky vectors no   362 -   367 computed, error is 1.010538e-02 (0.01 s).
Cholesky vectors no   368 -   377 computed, error is 9.748416e-03 (0.02 s).
Cholesky vectors no   378 -   380 computed, error is 7.741114e-03 (0.01 s).
Cholesky vectors no   381 -   435 computed, error is 6.854483e-03 (0.16 s).
Cholesky vectors no   436 -   463 computed, error is 6.258739e-03 (0.07 s).
Cholesky vectors no   464 -   464 computed, error is 4.973556e-03 (0.00 s).
Cholesky vectors no   465 -   474 computed, error is 3.901499e-03 (0.03 s).
Cholesky vectors no   475 -   480 computed, error is 3.428389e-03 (0.02 s).
Cholesky vectors no   481 -   483 computed, error is 3.164813e-03 (0.01 s).
Cholesky vectors no   484 -   519 computed, error is 2.847455e-03 (0.12 s).
Cholesky vectors no   520 -   564 computed, error is 2.584960e-03 (0.13 s).
Cholesky vectors no   565 -   584 computed, error is 2.183435e-03 (0.06 s).
Cholesky vectors no   585 -   585 computed, error is 1.887718e-03 (0.00 s).
Cholesky vectors no   586 -   619 computed, error is 1.745709e-03 (0.13 s).
Cholesky vectors no   620 -   664 computed, error is 1.278001e-03 (0.13 s).
Cholesky vectors no   665 -   667 computed, error is 1.166185e-03 (0.01 s).
Cholesky vectors no   668 -   722 computed, error is 5.173942e-04 (0.21 s).
Cholesky vectors no   723 -   728 computed, error is 4.549373e-04 (0.02 s).
Cholesky vectors no   729 -   729 computed, error is 3.663608e-04 (0.00 s).
Cholesky vectors no   730 -   732 computed, error is 3.343923e-04 (0.01 s).
Cholesky vectors no   733 -   739 computed, error is 3.053344e-04 (0.02 s).
Cholesky vectors no   740 -   742 computed, error is 2.676000e-04 (0.01 s).
Cholesky vectors no   743 -   745 computed, error is 1.982463e-04 (0.01 s).
Cholesky vectors no   746 -   746 computed, error is 1.308485e-04 (0.00 s).
Cholesky vectors no   747 -   812 computed, error is 1.106308e-04 (0.26 s).
Cholesky vectors no   813 -   867 computed, error is 1.008830e-04 (0.20 s).
Cholesky vectors no   868 -   873 computed, error is 8.540225e-05 (0.03 s).
Cholesky vectors no   874 -   888 computed, error is 7.747463e-05 (0.06 s).
Cholesky vectors no   889 -   898 computed, error is 6.428119e-05 (0.04 s).
Cholesky vectors no   899 -   911 computed, error is 5.119741e-05 (0.12 s).
Cholesky vectors no   912 -   921 computed, error is 3.460374e-05 (0.05 s).
Cholesky vectors no   922 -   928 computed, error is 2.864478e-05 (0.03 s).
Cholesky vectors no   929 -   931 computed, error is 2.386355e-05 (0.02 s).
Cholesky vectors no   932 -   932 computed, error is 2.323278e-05 (0.01 s).
Cholesky vectors no   933 -   933 computed, error is 1.971007e-05 (0.01 s).
Cholesky vectors no   934 -   959 computed, error is 1.551389e-05 (0.13 s).
Cholesky vectors no   960 -   965 computed, error is 1.098776e-05 (0.03 s).
Cholesky vectors no   966 -   971 computed, error is 1.094524e-05 (0.03 s).
Cholesky vectors no   972 -   974 computed, error is 1.007272e-05 (0.01 s).
Cholesky vectors no   975 -   983 computed, error is 9.633904e-06 (0.04 s).
Cholesky vectors no   984 -   986 computed, error is 5.252727e-06 (0.01 s).
Cholesky vectors no   987 -   992 computed, error is 3.993081e-06 (0.03 s).
Cholesky vectors no   993 -   999 computed, error is 3.867373e-06 (0.04 s).
Cholesky vectors no  1000 -  1043 computed, error is 3.054950e-06 (0.24 s).
Cholesky vectors no  1044 -  1046 computed, error is 2.622062e-06 (0.01 s).
Cholesky vectors no  1047 -  1082 computed, error is 2.537437e-06 (0.13 s).
Cholesky vectors no  1083 -  1097 computed, error is 1.634109e-06 (0.04 s).
Cholesky vectors no  1098 -  1098 computed, error is 1.498269e-06 (0.00 s).
Cholesky vectors no  1099 -  1109 computed, error is 9.561569e-07 (0.08 s).
Cholesky vectors no  1110 -  1112 computed, error is 7.587374e-07 (0.01 s).
Cholesky vectors no  1113 -  1113 computed, error is 6.587606e-07 (0.00 s).
Cholesky vectors no  1114 -  1123 computed, error is 6.525053e-07 (0.03 s).
Cholesky vectors no  1124 -  1124 computed, error is 5.165462e-07 (0.00 s).
Cholesky vectors no  1125 -  1133 computed, error is 4.816418e-07 (0.03 s).
Cholesky vectors no  1134 -  1160 computed, error is 3.935938e-07 (0.08 s).
Cholesky vectors no  1161 -  1171 computed, error is 2.740599e-07 (0.03 s).
Cholesky vectors no  1172 -  1177 computed, error is 2.596901e-07 (0.02 s).
Cholesky vectors no  1178 -  1190 computed, error is 2.261757e-07 (0.04 s).
Cholesky vectors no  1191 -  1220 computed, error is 2.259369e-07 (0.16 s).
Cholesky vectors no  1221 -  1227 computed, error is 2.158680e-07 (0.03 s).
Cholesky vectors no  1228 -  1230 computed, error is 2.063287e-07 (0.01 s).
Cholesky vectors no  1231 -  1282 computed, error is 1.759523e-07 (0.20 s).
Cholesky vectors no  1283 -  1288 computed, error is 1.705304e-07 (0.03 s).
Cholesky vectors no  1289 -  1291 computed, error is 1.234965e-07 (0.01 s).
Cholesky vectors no  1292 -  1292 computed, error is 8.735396e-08 (0.00 s).
Cholesky decomposition finished in 4.52 s. Realized memory size is 127 Mi 754 ki.
Time use: integrals 7.7 %, linear algebra 92.3 %.
1140 shell pairs and 1 nuclei
SAP potential formed in 0.030 s.
Smallest eigenvalue of overlap matrix is 3.19e-01, reciprocal condition number is 1.90e-01.
Using symmetric orthogonalization.
Smallest eigenvalue of overlap matrix is 1.71e-01, reciprocal condition number is 8.43e-02.
Using symmetric orthogonalization.
Smallest eigenvalue of overlap matrix is 5.67e-02, reciprocal condition number is 2.26e-02.
Using symmetric orthogonalization.
Smallest eigenvalue of overlap matrix is 5.67e-02, reciprocal condition number is 2.22e-02.
Using symmetric orthogonalization.
Smallest eigenvalue of overlap matrix is 4.43e-03, reciprocal condition number is 1.15e-03.
Using symmetric orthogonalization.
Smallest eigenvalue of overlap matrix is 2.67e-04, reciprocal condition number is 4.67e-05.
Using symmetric orthogonalization.
Smallest eigenvalue of overlap matrix is 4.43e-03, reciprocal condition number is 1.15e-03.
Using symmetric orthogonalization.
Smallest eigenvalue of overlap matrix is 5.67e-02, reciprocal condition number is 2.22e-02.
Using symmetric orthogonalization.
Smallest eigenvalue of overlap matrix is 5.67e-02, reciprocal condition number is 2.26e-02.
Using symmetric orthogonalization.
Smallest eigenvalue of overlap matrix is 1.71e-01, reciprocal condition number is 8.43e-02.
Using symmetric orthogonalization.
Smallest eigenvalue of overlap matrix is 3.19e-01, reciprocal condition number is 1.90e-01.
Using symmetric orthogonalization.
Nela = 10 Nelb = 5



Solving SCF
Evaluated energy -302.7834614226 (change from lowest -3.027835e+02)


Iteration 1: 1 Fock evaluations energy -302.7834614226 change -3.027835e+02 DIIS error vector rms norm 3.462205e-01
History size 1
alpha m=-1 occupations
   1.0000
alpha m=0 occupations
   1.0000   1.0000   1.0000   1.0000   1.0000   1.0000
alpha m=1 occupations
   1.0000   1.0000
alpha m=2 occupations
   1.0000
beta m=-1 occupations
   1.0000
beta m=0 occupations
   1.0000   1.0000   1.0000
beta m=1 occupations
   1.0000
EDIIS step
Evaluated energy -326.2481572822 (change from lowest -2.346470e+01)
Density matrix difference 3.357389e-01 between lowest-energy and newest entry


Iteration 2: 2 Fock evaluations energy -326.2481572822 change -2.346470e+01 DIIS error vector rms norm 1.487477e-01
History size 2
alpha m=-1 occupations
   1.0000
alpha m=0 occupations
   1.0000   1.0000   1.0000   1.0000   1.0000   1.0000
alpha m=1 occupations
   1.0000   1.0000
alpha m=2 occupations
   1.0000
beta m=-1 occupations
   1.0000
beta m=0 occupations
   1.0000   1.0000   1.0000
beta m=1 occupations
   1.0000
EDIIS step
Evaluated energy -339.4872832504 (change from lowest -1.323913e+01)
Density matrix difference 2.712762e-01 between lowest-energy and newest entry


Iteration 3: 3 Fock evaluations energy -339.4872832504 change -1.323913e+01 DIIS error vector rms norm 2.272789e-02
History size 3
alpha m=-1 occupations
   1.0000
alpha m=0 occupations
   1.0000   1.0000   1.0000   1.0000   1.0000   1.0000
alpha m=1 occupations
   1.0000   1.0000
alpha m=2 occupations
   1.0000
beta m=-1 occupations
   1.0000
beta m=0 occupations
   1.0000   1.0000   1.0000
beta m=1 occupations
   1.0000
EDIIS+DIIS step
Evaluated energy -339.9580044949 (change from lowest -4.707212e-01)
Density matrix difference 6.139641e-02 between lowest-energy and newest entry


Iteration 4: 4 Fock evaluations energy -339.9580044949 change -4.707212e-01 DIIS error vector rms norm 2.123856e-03
History size 4
alpha m=-1 occupations
   1.0000
alpha m=0 occupations
   1.0000   1.0000   1.0000   1.0000   1.0000   1.0000
alpha m=1 occupations
   1.0000   1.0000
alpha m=2 occupations
   1.0000
beta m=-1 occupations
   1.0000
beta m=0 occupations
   1.0000   1.0000   1.0000
beta m=1 occupations
   1.0000
EDIIS+DIIS step
Evaluated energy -339.9643344178 (change from lowest -6.329923e-03)
Density matrix difference 7.641020e-03 between lowest-energy and newest entry


Iteration 5: 5 Fock evaluations energy -339.9643344178 change -6.329923e-03 DIIS error vector rms norm 4.056260e-04
History size 5
alpha m=-1 occupations
   1.0000
alpha m=0 occupations
   1.0000   1.0000   1.0000   1.0000   1.0000   1.0000
alpha m=1 occupations
   1.0000   1.0000
alpha m=2 occupations
   1.0000
beta m=-1 occupations
   1.0000
beta m=0 occupations
   1.0000   1.0000   1.0000
beta m=1 occupations
   1.0000
EDIIS+DIIS step
Evaluated energy -339.9672444116 (change from lowest -2.909994e-03)
Density matrix difference 3.962189e-03 between lowest-energy and newest entry


Iteration 6: 6 Fock evaluations energy -339.9672444116 change -2.909994e-03 DIIS error vector rms norm 2.741503e-04
History size 6
alpha m=-1 occupations
   1.0000
alpha m=0 occupations
   1.0000   1.0000   1.0000   1.0000   1.0000   1.0000
alpha m=1 occupations
   1.0000   1.0000
alpha m=2 occupations
   1.0000
beta m=-1 occupations
   1.0000
beta m=0 occupations
   1.0000   1.0000   1.0000
beta m=1 occupations
   1.0000
EDIIS+DIIS step
Evaluated energy -339.9703977878 (change from lowest -3.153376e-03)
Density matrix difference 3.145029e-03 between lowest-energy and newest entry


Iteration 7: 7 Fock evaluations energy -339.9703977878 change -3.153376e-03 DIIS error vector rms norm 3.076493e-04
History size 7
alpha m=-1 occupations
   1.0000
alpha m=0 occupations
   1.0000   1.0000   1.0000   1.0000   1.0000   1.0000
alpha m=1 occupations
   1.0000   1.0000
alpha m=2 occupations
   1.0000
beta m=-1 occupations
   1.0000
beta m=0 occupations
   1.0000   1.0000   1.0000
beta m=1 occupations
   1.0000
EDIIS+DIIS step
Evaluated energy -339.9657122568 (change from lowest 4.685531e-03)
Density matrix difference 4.838382e-03 between lowest-energy and newest entry


Iteration 8: 8 Fock evaluations energy -339.9703977878 change  0.000000e+00 DIIS error vector rms norm 3.076493e-04
History size 8
alpha m=-1 occupations
   1.0000
alpha m=0 occupations
   1.0000   1.0000   1.0000   1.0000   1.0000   1.0000
alpha m=1 occupations
   1.0000   1.0000
alpha m=2 occupations
   1.0000
beta m=-1 occupations
   1.0000
beta m=0 occupations
   1.0000   1.0000   1.0000
beta m=1 occupations
   1.0000
EDIIS+DIIS step
Evaluated energy -339.9611907482 (change from lowest 9.207040e-03)
Density matrix difference 1.161751e-02 between lowest-energy and newest entry


Iteration 9: 9 Fock evaluations energy -339.9703977878 change  0.000000e+00 DIIS error vector rms norm 3.076493e-04
History size 9
alpha m=-1 occupations
   1.0000
alpha m=0 occupations
   1.0000   1.0000   1.0000   1.0000   1.0000   1.0000
alpha m=1 occupations
   1.0000   1.0000
alpha m=2 occupations
   1.0000
beta m=-1 occupations
   1.0000
beta m=0 occupations
   1.0000   1.0000   1.0000
beta m=1 occupations
   1.0000
EDIIS+DIIS step
Evaluated energy -339.9597383150 (change from lowest 1.065947e-02)
Density matrix difference 1.578528e-02 between lowest-energy and newest entry


Iteration 10: 10 Fock evaluations energy -339.9703977878 change  0.000000e+00 DIIS error vector rms norm 3.076493e-04
History size 10
alpha m=-1 occupations
   1.0000
alpha m=0 occupations
   1.0000   1.0000   1.0000   1.0000   1.0000   1.0000
alpha m=1 occupations
   1.0000   1.0000
alpha m=2 occupations
   1.0000
beta m=-1 occupations
   1.0000
beta m=0 occupations
   1.0000   1.0000   1.0000
beta m=1 occupations
   1.0000
EDIIS+DIIS step
Evaluated energy -339.9597434542 (change from lowest 1.065433e-02)
Density matrix difference 1.579235e-02 between lowest-energy and newest entry


Iteration 11: 11 Fock evaluations energy -339.9703977878 change  0.000000e+00 DIIS error vector rms norm 3.076493e-04
History size 10
alpha m=-1 occupations
   1.0000
alpha m=0 occupations
   1.0000   1.0000   1.0000   1.0000   1.0000   1.0000
alpha m=1 occupations
   1.0000   1.0000
alpha m=2 occupations
   1.0000
beta m=-1 occupations
   1.0000
beta m=0 occupations
   1.0000   1.0000   1.0000
beta m=1 occupations
   1.0000
EDIIS+DIIS step
Evaluated energy -339.9597607323 (change from lowest 1.063706e-02)
Density matrix difference 1.581650e-02 between lowest-energy and newest entry


Iteration 12: 12 Fock evaluations energy -339.9703977878 change  0.000000e+00 DIIS error vector rms norm 3.076493e-04
History size 10
alpha m=-1 occupations
   1.0000
alpha m=0 occupations
   1.0000   1.0000   1.0000   1.0000   1.0000   1.0000
alpha m=1 occupations
   1.0000   1.0000
alpha m=2 occupations
   1.0000
beta m=-1 occupations
   1.0000
beta m=0 occupations
   1.0000   1.0000   1.0000
beta m=1 occupations
   1.0000
Switching to optimal damping for next iterations
EDIIS+DIIS step
Evaluated energy -339.9598058946 (change from lowest 1.059189e-02)
Density matrix difference 1.583779e-02 between lowest-energy and newest entry


Iteration 13: 13 Fock evaluations energy -339.9703977878 change  0.000000e+00 DIIS error vector rms norm 3.076493e-04
History size 10
alpha m=-1 occupations
   1.0000
alpha m=0 occupations
   1.0000   1.0000   1.0000   1.0000   1.0000   1.0000
alpha m=1 occupations
   1.0000   1.0000
alpha m=2 occupations
   1.0000
beta m=-1 occupations
   1.0000
beta m=0 occupations
   1.0000   1.0000   1.0000
beta m=1 occupations
   1.0000
Switching to optimal damping for next iterations
EDIIS+DIIS step
Evaluated energy -339.9598187648 (change from lowest 1.057902e-02)
Density matrix difference 1.572798e-02 between lowest-energy and newest entry


Iteration 14: 14 Fock evaluations energy -339.9703977878 change  0.000000e+00 DIIS error vector rms norm 3.076493e-04
History size 10
alpha m=-1 occupations
   1.0000
alpha m=0 occupations
   1.0000   1.0000   1.0000   1.0000   1.0000   1.0000
alpha m=1 occupations
   1.0000   1.0000
alpha m=2 occupations
   1.0000
beta m=-1 occupations
   1.0000
beta m=0 occupations
   1.0000   1.0000   1.0000
beta m=1 occupations
   1.0000
Switching to optimal damping for next iterations
EDIIS+DIIS step
Evaluated energy -339.9598196813 (change from lowest 1.057811e-02)
Density matrix difference 1.569082e-02 between lowest-energy and newest entry


Iteration 15: 15 Fock evaluations energy -339.9703977878 change  0.000000e+00 DIIS error vector rms norm 3.076493e-04
History size 10
alpha m=-1 occupations
   1.0000
alpha m=0 occupations
   1.0000   1.0000   1.0000   1.0000   1.0000   1.0000
alpha m=1 occupations
   1.0000   1.0000
alpha m=2 occupations
   1.0000
beta m=-1 occupations
   1.0000
beta m=0 occupations
   1.0000   1.0000   1.0000
beta m=1 occupations
   1.0000
Switching to optimal damping for next iterations
EDIIS+DIIS step
Evaluated energy -339.9598197303 (change from lowest 1.057806e-02)
Density matrix difference 1.569796e-02 between lowest-energy and newest entry


Iteration 16: 16 Fock evaluations energy -339.9703977878 change  0.000000e+00 DIIS error vector rms norm 3.076493e-04
History size 10
alpha m=-1 occupations
   1.0000
alpha m=0 occupations
   1.0000   1.0000   1.0000   1.0000   1.0000   1.0000
alpha m=1 occupations
   1.0000   1.0000
alpha m=2 occupations
   1.0000
beta m=-1 occupations
   1.0000
beta m=0 occupations
   1.0000   1.0000   1.0000
beta m=1 occupations
   1.0000
Switching to optimal damping for next iterations
EDIIS+DIIS step
Evaluated energy -339.9598199294 (change from lowest 1.057786e-02)
Density matrix difference 1.566477e-02 between lowest-energy and newest entry


Iteration 17: 17 Fock evaluations energy -339.9703977878 change  0.000000e+00 DIIS error vector rms norm 3.076493e-04
History size 10
alpha m=-1 occupations
   1.0000
alpha m=0 occupations
   1.0000   1.0000   1.0000   1.0000   1.0000   1.0000
alpha m=1 occupations
   1.0000   1.0000
alpha m=2 occupations
   1.0000
beta m=-1 occupations
   1.0000
beta m=0 occupations
   1.0000   1.0000   1.0000
beta m=1 occupations
   1.0000
Switching to optimal damping for next iterations
EDIIS+DIIS step
Evaluated energy -339.9598197611 (change from lowest 1.057803e-02)
Density matrix difference 1.569255e-02 between lowest-energy and newest entry


Iteration 18: 18 Fock evaluations energy -339.9703977878 change  0.000000e+00 DIIS error vector rms norm 3.076493e-04
History size 10
alpha m=-1 occupations
   1.0000
alpha m=0 occupations
   1.0000   1.0000   1.0000   1.0000   1.0000   1.0000
alpha m=1 occupations
   1.0000   1.0000
alpha m=2 occupations
   1.0000
beta m=-1 occupations
   1.0000
beta m=0 occupations
   1.0000   1.0000   1.0000
beta m=1 occupations
   1.0000
Switching to optimal damping for next iterations
EDIIS+DIIS step
Evaluated energy -339.9598197592 (change from lowest 1.057803e-02)
Density matrix difference 1.569308e-02 between lowest-energy and newest entry


Iteration 19: 19 Fock evaluations energy -339.9703977878 change  0.000000e+00 DIIS error vector rms norm 3.076493e-04
History size 10
alpha m=-1 occupations
   1.0000
alpha m=0 occupations
   1.0000   1.0000   1.0000   1.0000   1.0000   1.0000
alpha m=1 occupations
   1.0000   1.0000
alpha m=2 occupations
   1.0000
beta m=-1 occupations
   1.0000
beta m=0 occupations
   1.0000   1.0000   1.0000
beta m=1 occupations
   1.0000
Switching to optimal damping for next iterations
EDIIS+DIIS step
Evaluated energy -339.9598197586 (change from lowest 1.057803e-02)
Density matrix difference 1.569325e-02 between lowest-energy and newest entry


Iteration 20: 20 Fock evaluations energy -339.9703977878 change  0.000000e+00 DIIS error vector rms norm 3.076493e-04
History size 10
alpha m=-1 occupations
   1.0000
alpha m=0 occupations
   1.0000   1.0000   1.0000   1.0000   1.0000   1.0000
alpha m=1 occupations
   1.0000   1.0000
alpha m=2 occupations
   1.0000
beta m=-1 occupations
   1.0000
beta m=0 occupations
   1.0000   1.0000   1.0000
beta m=1 occupations
   1.0000
Switching to optimal damping for next iterations
EDIIS+DIIS step
Evaluated energy -339.9598197586 (change from lowest 1.057803e-02)
Density matrix difference 1.569328e-02 between lowest-energy and newest entry


Iteration 21: 21 Fock evaluations energy -339.9703977878 change  0.000000e+00 DIIS error vector rms norm 3.076493e-04
History size 10
alpha m=-1 occupations
   1.0000
alpha m=0 occupations
   1.0000   1.0000   1.0000   1.0000   1.0000   1.0000
alpha m=1 occupations
   1.0000   1.0000
alpha m=2 occupations
   1.0000
beta m=-1 occupations
   1.0000
beta m=0 occupations
   1.0000   1.0000   1.0000
beta m=1 occupations
   1.0000
Switching to optimal damping for next iterations
EDIIS+DIIS step
Evaluated energy -339.9598197582 (change from lowest 1.057803e-02)
Density matrix difference 1.569337e-02 between lowest-energy and newest entry


Iteration 22: 22 Fock evaluations energy -339.9703977878 change  0.000000e+00 DIIS error vector rms norm 3.076493e-04
History size 10
alpha m=-1 occupations
   1.0000
alpha m=0 occupations
   1.0000   1.0000   1.0000   1.0000   1.0000   1.0000
alpha m=1 occupations
   1.0000   1.0000
alpha m=2 occupations
   1.0000
beta m=-1 occupations
   1.0000
beta m=0 occupations
   1.0000   1.0000   1.0000
beta m=1 occupations
   1.0000
Switching to optimal damping for next iterations
EDIIS+DIIS step
Evaluated energy -339.9598197514 (change from lowest 1.057804e-02)
Density matrix difference 1.569458e-02 between lowest-energy and newest entry


Iteration 23: 23 Fock evaluations energy -339.9703977878 change  0.000000e+00 DIIS error vector rms norm 3.076493e-04
History size 10
alpha m=-1 occupations
   1.0000
alpha m=0 occupations
   1.0000   1.0000   1.0000   1.0000   1.0000   1.0000
alpha m=1 occupations
   1.0000   1.0000
alpha m=2 occupations
   1.0000
beta m=-1 occupations
   1.0000
beta m=0 occupations
   1.0000   1.0000   1.0000
beta m=1 occupations
   1.0000
Switching to optimal damping for next iterations
EDIIS+DIIS step
Evaluated energy -339.9598197549 (change from lowest 1.057803e-02)
Density matrix difference 1.569381e-02 between lowest-energy and newest entry


Iteration 24: 24 Fock evaluations energy -339.9703977878 change  0.000000e+00 DIIS error vector rms norm 3.076493e-04
History size 10
alpha m=-1 occupations
   1.0000
alpha m=0 occupations
   1.0000   1.0000   1.0000   1.0000   1.0000   1.0000
alpha m=1 occupations
   1.0000   1.0000
alpha m=2 occupations
   1.0000
beta m=-1 occupations
   1.0000
beta m=0 occupations
   1.0000   1.0000   1.0000
beta m=1 occupations
   1.0000
Switching to optimal damping for next iterations
EDIIS+DIIS step
Evaluated energy -339.9598197558 (change from lowest 1.057803e-02)
Density matrix difference 1.569337e-02 between lowest-energy and newest entry


Iteration 25: 25 Fock evaluations energy -339.9703977878 change  0.000000e+00 DIIS error vector rms norm 3.076493e-04
History size 10
alpha m=-1 occupations
   1.0000
alpha m=0 occupations
   1.0000   1.0000   1.0000   1.0000   1.0000   1.0000
alpha m=1 occupations
   1.0000   1.0000
alpha m=2 occupations
   1.0000
beta m=-1 occupations
   1.0000
beta m=0 occupations
   1.0000   1.0000   1.0000
beta m=1 occupations
   1.0000
Switching to optimal damping for next iterations
EDIIS+DIIS step
Evaluated energy -339.9598197628 (change from lowest 1.057803e-02)
Density matrix difference 1.569247e-02 between lowest-energy and newest entry


Iteration 26: 26 Fock evaluations energy -339.9703977878 change  0.000000e+00 DIIS error vector rms norm 3.076493e-04
History size 10
alpha m=-1 occupations
   1.0000
alpha m=0 occupations
   1.0000   1.0000   1.0000   1.0000   1.0000   1.0000
alpha m=1 occupations
   1.0000   1.0000
alpha m=2 occupations
   1.0000
beta m=-1 occupations
   1.0000
beta m=0 occupations
   1.0000   1.0000   1.0000
beta m=1 occupations
   1.0000
Switching to optimal damping for next iterations
EDIIS+DIIS step
Evaluated energy -339.9598200242 (change from lowest 1.057776e-02)
Density matrix difference 1.565318e-02 between lowest-energy and newest entry


Iteration 27: 27 Fock evaluations energy -339.9703977878 change  0.000000e+00 DIIS error vector rms norm 3.076493e-04
History size 10
alpha m=-1 occupations
   1.0000
alpha m=0 occupations
   1.0000   1.0000   1.0000   1.0000   1.0000   1.0000
alpha m=1 occupations
   1.0000   1.0000
alpha m=2 occupations
   1.0000
beta m=-1 occupations
   1.0000
beta m=0 occupations
   1.0000   1.0000   1.0000
beta m=1 occupations
   1.0000
Switching to optimal damping for next iterations
EDIIS+DIIS step
Evaluated energy -339.9598197450 (change from lowest 1.057804e-02)
Density matrix difference 1.569650e-02 between lowest-energy and newest entry


Iteration 28: 28 Fock evaluations energy -339.9703977878 change  0.000000e+00 DIIS error vector rms norm 3.076493e-04
History size 10
alpha m=-1 occupations
   1.0000
alpha m=0 occupations
   1.0000   1.0000   1.0000   1.0000   1.0000   1.0000
alpha m=1 occupations
   1.0000   1.0000
alpha m=2 occupations
   1.0000
beta m=-1 occupations
   1.0000
beta m=0 occupations
   1.0000   1.0000   1.0000
beta m=1 occupations
   1.0000
Switching to optimal damping for next iterations
EDIIS+DIIS step
Evaluated energy -339.9598197440 (change from lowest 1.057804e-02)
Density matrix difference 1.569680e-02 between lowest-energy and newest entry


Iteration 29: 29 Fock evaluations energy -339.9703977878 change  0.000000e+00 DIIS error vector rms norm 3.076493e-04
History size 10
alpha m=-1 occupations
   1.0000
alpha m=0 occupations
   1.0000   1.0000   1.0000   1.0000   1.0000   1.0000
alpha m=1 occupations
   1.0000   1.0000
alpha m=2 occupations
   1.0000
beta m=-1 occupations
   1.0000
beta m=0 occupations
   1.0000   1.0000   1.0000
beta m=1 occupations
   1.0000
Switching to optimal damping for next iterations
EDIIS+DIIS step
Evaluated energy -339.9598197432 (change from lowest 1.057804e-02)
Density matrix difference 1.569702e-02 between lowest-energy and newest entry


Iteration 30: 30 Fock evaluations energy -339.9703977878 change  0.000000e+00 DIIS error vector rms norm 3.076493e-04
History size 10
alpha m=-1 occupations
   1.0000
alpha m=0 occupations
   1.0000   1.0000   1.0000   1.0000   1.0000   1.0000
alpha m=1 occupations
   1.0000   1.0000
alpha m=2 occupations
   1.0000
beta m=-1 occupations
   1.0000
beta m=0 occupations
   1.0000   1.0000   1.0000
beta m=1 occupations
   1.0000
Switching to optimal damping for next iterations
EDIIS+DIIS step
Evaluated energy -339.9598197422 (change from lowest 1.057805e-02)
Density matrix difference 1.569726e-02 between lowest-energy and newest entry


Iteration 31: 31 Fock evaluations energy -339.9703977878 change  0.000000e+00 DIIS error vector rms norm 3.076493e-04
History size 10
alpha m=-1 occupations
   1.0000
alpha m=0 occupations
   1.0000   1.0000   1.0000   1.0000   1.0000   1.0000
alpha m=1 occupations
   1.0000   1.0000
alpha m=2 occupations
   1.0000
beta m=-1 occupations
   1.0000
beta m=0 occupations
   1.0000   1.0000   1.0000
beta m=1 occupations
   1.0000
Switching to optimal damping for next iterations
EDIIS+DIIS step
Evaluated energy -339.9598197406 (change from lowest 1.057805e-02)
Density matrix difference 1.569762e-02 between lowest-energy and newest entry


Iteration 32: 32 Fock evaluations energy -339.9703977878 change  0.000000e+00 DIIS error vector rms norm 3.076493e-04
History size 10
alpha m=-1 occupations
   1.0000
alpha m=0 occupations
   1.0000   1.0000   1.0000   1.0000   1.0000   1.0000
alpha m=1 occupations
   1.0000   1.0000
alpha m=2 occupations
   1.0000
beta m=-1 occupations
   1.0000
beta m=0 occupations
   1.0000   1.0000   1.0000
beta m=1 occupations
   1.0000
Switching to optimal damping for next iterations
EDIIS+DIIS step
Evaluated energy -339.9598197418 (change from lowest 1.057805e-02)
Density matrix difference 1.569731e-02 between lowest-energy and newest entry


Iteration 33: 33 Fock evaluations energy -339.9703977878 change  0.000000e+00 DIIS error vector rms norm 3.076493e-04
History size 10
alpha m=-1 occupations
   1.0000
alpha m=0 occupations
   1.0000   1.0000   1.0000   1.0000   1.0000   1.0000
alpha m=1 occupations
   1.0000   1.0000
alpha m=2 occupations
   1.0000
beta m=-1 occupations
   1.0000
beta m=0 occupations
   1.0000   1.0000   1.0000
beta m=1 occupations
   1.0000
Switching to optimal damping for next iterations
EDIIS+DIIS step
Evaluated energy -339.9598197421 (change from lowest 1.057805e-02)
Density matrix difference 1.569724e-02 between lowest-energy and newest entry


Iteration 34: 34 Fock evaluations energy -339.9703977878 change  0.000000e+00 DIIS error vector rms norm 3.076493e-04
History size 10
alpha m=-1 occupations
   1.0000
alpha m=0 occupations
   1.0000   1.0000   1.0000   1.0000   1.0000   1.0000
alpha m=1 occupations
   1.0000   1.0000
alpha m=2 occupations
   1.0000
beta m=-1 occupations
   1.0000
beta m=0 occupations
   1.0000   1.0000   1.0000
beta m=1 occupations
   1.0000
Switching to optimal damping for next iterations
EDIIS+DIIS step
Evaluated energy -339.9598197424 (change from lowest 1.057805e-02)
Density matrix difference 1.569729e-02 between lowest-energy and newest entry


Iteration 35: 35 Fock evaluations energy -339.9703977878 change  0.000000e+00 DIIS error vector rms norm 3.076493e-04
History size 10
alpha m=-1 occupations
   1.0000
alpha m=0 occupations
   1.0000   1.0000   1.0000   1.0000   1.0000   1.0000
alpha m=1 occupations
   1.0000   1.0000
alpha m=2 occupations
   1.0000
beta m=-1 occupations
   1.0000
beta m=0 occupations
   1.0000   1.0000   1.0000
beta m=1 occupations
   1.0000
Switching to optimal damping for next iterations
EDIIS+DIIS step
Evaluated energy -339.9598197428 (change from lowest 1.057804e-02)
Density matrix difference 1.569717e-02 between lowest-energy and newest entry


Iteration 36: 36 Fock evaluations energy -339.9703977878 change  0.000000e+00 DIIS error vector rms norm 3.076493e-04
History size 10
alpha m=-1 occupations
   1.0000
alpha m=0 occupations
   1.0000   1.0000   1.0000   1.0000   1.0000   1.0000
alpha m=1 occupations
   1.0000   1.0000
alpha m=2 occupations
   1.0000
beta m=-1 occupations
   1.0000
beta m=0 occupations
   1.0000   1.0000   1.0000
beta m=1 occupations
   1.0000
Switching to optimal damping for next iterations
EDIIS+DIIS step
Evaluated energy -339.9598200218 (change from lowest 1.057777e-02)
Density matrix difference 1.565378e-02 between lowest-energy and newest entry


Iteration 37: 37 Fock evaluations energy -339.9703977878 change  0.000000e+00 DIIS error vector rms norm 3.076493e-04
History size 10
alpha m=-1 occupations
   1.0000
alpha m=0 occupations
   1.0000   1.0000   1.0000   1.0000   1.0000   1.0000
alpha m=1 occupations
   1.0000   1.0000
alpha m=2 occupations
   1.0000
beta m=-1 occupations
   1.0000
beta m=0 occupations
   1.0000   1.0000   1.0000
beta m=1 occupations
   1.0000
Switching to optimal damping for next iterations
EDIIS+DIIS step
Evaluated energy -339.9598197409 (change from lowest 1.057805e-02)
Density matrix difference 1.569759e-02 between lowest-energy and newest entry


Iteration 38: 38 Fock evaluations energy -339.9703977878 change  0.000000e+00 DIIS error vector rms norm 3.076493e-04
History size 10
alpha m=-1 occupations
   1.0000
alpha m=0 occupations
   1.0000   1.0000   1.0000   1.0000   1.0000   1.0000
alpha m=1 occupations
   1.0000   1.0000
alpha m=2 occupations
   1.0000
beta m=-1 occupations
   1.0000
beta m=0 occupations
   1.0000   1.0000   1.0000
beta m=1 occupations
   1.0000
Switching to optimal damping for next iterations
EDIIS+DIIS step
Evaluated energy -339.9598197406 (change from lowest 1.057805e-02)
Density matrix difference 1.569768e-02 between lowest-energy and newest entry


Iteration 39: 39 Fock evaluations energy -339.9703977878 change  0.000000e+00 DIIS error vector rms norm 3.076493e-04
History size 10
alpha m=-1 occupations
   1.0000
alpha m=0 occupations
   1.0000   1.0000   1.0000   1.0000   1.0000   1.0000
alpha m=1 occupations
   1.0000   1.0000
alpha m=2 occupations
   1.0000
beta m=-1 occupations
   1.0000
beta m=0 occupations
   1.0000   1.0000   1.0000
beta m=1 occupations
   1.0000
Switching to optimal damping for next iterations
EDIIS+DIIS step
Evaluated energy -339.9598197406 (change from lowest 1.057805e-02)
Density matrix difference 1.569771e-02 between lowest-energy and newest entry


Iteration 40: 40 Fock evaluations energy -339.9703977878 change  0.000000e+00 DIIS error vector rms norm 3.076493e-04
History size 10
alpha m=-1 occupations
   1.0000
alpha m=0 occupations
   1.0000   1.0000   1.0000   1.0000   1.0000   1.0000
alpha m=1 occupations
   1.0000   1.0000
alpha m=2 occupations
   1.0000
beta m=-1 occupations
   1.0000
beta m=0 occupations
   1.0000   1.0000   1.0000
beta m=1 occupations
   1.0000
Switching to optimal damping for next iterations
EDIIS+DIIS step
Evaluated energy -339.9598197411 (change from lowest 1.057805e-02)
Density matrix difference 1.569758e-02 between lowest-energy and newest entry


Iteration 41: 41 Fock evaluations energy -339.9703977878 change  0.000000e+00 DIIS error vector rms norm 3.076493e-04
History size 10
alpha m=-1 occupations
   1.0000
alpha m=0 occupations
   1.0000   1.0000   1.0000   1.0000   1.0000   1.0000
alpha m=1 occupations
   1.0000   1.0000
alpha m=2 occupations
   1.0000
beta m=-1 occupations
   1.0000
beta m=0 occupations
   1.0000   1.0000   1.0000
beta m=1 occupations
   1.0000
Switching to optimal damping for next iterations
EDIIS+DIIS step
Evaluated energy -339.9598197417 (change from lowest 1.057805e-02)
Density matrix difference 1.569742e-02 between lowest-energy and newest entry


Iteration 42: 42 Fock evaluations energy -339.9703977878 change  0.000000e+00 DIIS error vector rms norm 3.076493e-04
History size 10
alpha m=-1 occupations
   1.0000
alpha m=0 occupations
   1.0000   1.0000   1.0000   1.0000   1.0000   1.0000
alpha m=1 occupations
   1.0000   1.0000
alpha m=2 occupations
   1.0000
beta m=-1 occupations
   1.0000
beta m=0 occupations
   1.0000   1.0000   1.0000
beta m=1 occupations
   1.0000
Switching to optimal damping for next iterations
EDIIS+DIIS step
Evaluated energy -339.9598197421 (change from lowest 1.057805e-02)
Density matrix difference 1.569733e-02 between lowest-energy and newest entry


Iteration 43: 43 Fock evaluations energy -339.9703977878 change  0.000000e+00 DIIS error vector rms norm 3.076493e-04
History size 10
alpha m=-1 occupations
   1.0000
alpha m=0 occupations
   1.0000   1.0000   1.0000   1.0000   1.0000   1.0000
alpha m=1 occupations
   1.0000   1.0000
alpha m=2 occupations
   1.0000
beta m=-1 occupations
   1.0000
beta m=0 occupations
   1.0000   1.0000   1.0000
beta m=1 occupations
   1.0000
Switching to optimal damping for next iterations
EDIIS+DIIS step
Evaluated energy -339.9598197425 (change from lowest 1.057805e-02)
Density matrix difference 1.569726e-02 between lowest-energy and newest entry


Iteration 44: 44 Fock evaluations energy -339.9703977878 change  0.000000e+00 DIIS error vector rms norm 3.076493e-04
History size 10
alpha m=-1 occupations
   1.0000
alpha m=0 occupations
   1.0000   1.0000   1.0000   1.0000   1.0000   1.0000
alpha m=1 occupations
   1.0000   1.0000
alpha m=2 occupations
   1.0000
beta m=-1 occupations
   1.0000
beta m=0 occupations
   1.0000   1.0000   1.0000
beta m=1 occupations
   1.0000
Switching to optimal damping for next iterations
EDIIS+DIIS step
Evaluated energy -339.9598197430 (change from lowest 1.057804e-02)
Density matrix difference 1.569715e-02 between lowest-energy and newest entry


Iteration 45: 45 Fock evaluations energy -339.9703977878 change  0.000000e+00 DIIS error vector rms norm 3.076493e-04
History size 10
alpha m=-1 occupations
   1.0000
alpha m=0 occupations
   1.0000   1.0000   1.0000   1.0000   1.0000   1.0000
alpha m=1 occupations
   1.0000   1.0000
alpha m=2 occupations
   1.0000
beta m=-1 occupations
   1.0000
beta m=0 occupations
   1.0000   1.0000   1.0000
beta m=1 occupations
   1.0000
Switching to optimal damping for next iterations
EDIIS+DIIS step
Evaluated energy -339.9598197433 (change from lowest 1.057804e-02)
Density matrix difference 1.569707e-02 between lowest-energy and newest entry


Iteration 46: 46 Fock evaluations energy -339.9703977878 change  0.000000e+00 DIIS error vector rms norm 3.076493e-04
History size 10
alpha m=-1 occupations
   1.0000
alpha m=0 occupations
   1.0000   1.0000   1.0000   1.0000   1.0000   1.0000
alpha m=1 occupations
   1.0000   1.0000
alpha m=2 occupations
   1.0000
beta m=-1 occupations
   1.0000
beta m=0 occupations
   1.0000   1.0000   1.0000
beta m=1 occupations
   1.0000
Switching to optimal damping for next iterations
EDIIS+DIIS step
Evaluated energy -339.9598200023 (change from lowest 1.057779e-02)
Density matrix difference 1.565609e-02 between lowest-energy and newest entry


Iteration 47: 47 Fock evaluations energy -339.9703977878 change  0.000000e+00 DIIS error vector rms norm 3.076493e-04
History size 10
alpha m=-1 occupations
   1.0000
alpha m=0 occupations
   1.0000   1.0000   1.0000   1.0000   1.0000   1.0000
alpha m=1 occupations
   1.0000   1.0000
alpha m=2 occupations
   1.0000
beta m=-1 occupations
   1.0000
beta m=0 occupations
   1.0000   1.0000   1.0000
beta m=1 occupations
   1.0000
Switching to optimal damping for next iterations
EDIIS+DIIS step
Evaluated energy -339.9598197423 (change from lowest 1.057805e-02)
Density matrix difference 1.569734e-02 between lowest-energy and newest entry


Iteration 48: 48 Fock evaluations energy -339.9703977878 change  0.000000e+00 DIIS error vector rms norm 3.076493e-04
History size 10
alpha m=-1 occupations
   1.0000
alpha m=0 occupations
   1.0000   1.0000   1.0000   1.0000   1.0000   1.0000
alpha m=1 occupations
   1.0000   1.0000
alpha m=2 occupations
   1.0000
beta m=-1 occupations
   1.0000
beta m=0 occupations
   1.0000   1.0000   1.0000
beta m=1 occupations
   1.0000
Switching to optimal damping for next iterations
EDIIS+DIIS step
Evaluated energy -339.9598197429 (change from lowest 1.057804e-02)
Density matrix difference 1.569718e-02 between lowest-energy and newest entry


Iteration 49: 49 Fock evaluations energy -339.9703977878 change  0.000000e+00 DIIS error vector rms norm 3.076493e-04
History size 10
alpha m=-1 occupations
   1.0000
alpha m=0 occupations
   1.0000   1.0000   1.0000   1.0000   1.0000   1.0000
alpha m=1 occupations
   1.0000   1.0000
alpha m=2 occupations
   1.0000
beta m=-1 occupations
   1.0000
beta m=0 occupations
   1.0000   1.0000   1.0000
beta m=1 occupations
   1.0000
Switching to optimal damping for next iterations
EDIIS+DIIS step
Evaluated energy -339.9598197436 (change from lowest 1.057804e-02)
Density matrix difference 1.569701e-02 between lowest-energy and newest entry


Iteration 50: 50 Fock evaluations energy -339.9703977878 change  0.000000e+00 DIIS error vector rms norm 3.076493e-04
History size 10
alpha m=-1 occupations
   1.0000
alpha m=0 occupations
   1.0000   1.0000   1.0000   1.0000   1.0000   1.0000
alpha m=1 occupations
   1.0000   1.0000
alpha m=2 occupations
   1.0000
beta m=-1 occupations
   1.0000
beta m=0 occupations
   1.0000   1.0000   1.0000
beta m=1 occupations
   1.0000
Switching to optimal damping for next iterations
EDIIS+DIIS step
Evaluated energy -339.9598197442 (change from lowest 1.057804e-02)
Density matrix difference 1.569689e-02 between lowest-energy and newest entry


Iteration 51: 51 Fock evaluations energy -339.9703977878 change  0.000000e+00 DIIS error vector rms norm 3.076493e-04
History size 10
alpha m=-1 occupations
   1.0000
alpha m=0 occupations
   1.0000   1.0000   1.0000   1.0000   1.0000   1.0000
alpha m=1 occupations
   1.0000   1.0000
alpha m=2 occupations
   1.0000
beta m=-1 occupations
   1.0000
beta m=0 occupations
   1.0000   1.0000   1.0000
beta m=1 occupations
   1.0000
Switching to optimal damping for next iterations
EDIIS+DIIS step
Evaluated energy -339.9598197448 (change from lowest 1.057804e-02)
Density matrix difference 1.569676e-02 between lowest-energy and newest entry


Iteration 52: 52 Fock evaluations energy -339.9703977878 change  0.000000e+00 DIIS error vector rms norm 3.076493e-04
History size 10
alpha m=-1 occupations
   1.0000
alpha m=0 occupations
   1.0000   1.0000   1.0000   1.0000   1.0000   1.0000
alpha m=1 occupations
   1.0000   1.0000
alpha m=2 occupations
   1.0000
beta m=-1 occupations
   1.0000
beta m=0 occupations
   1.0000   1.0000   1.0000
beta m=1 occupations
   1.0000
Switching to optimal damping for next iterations
EDIIS+DIIS step
Evaluated energy -339.9598197455 (change from lowest 1.057804e-02)
Density matrix difference 1.569661e-02 between lowest-energy and newest entry


Iteration 53: 53 Fock evaluations energy -339.9703977878 change  0.000000e+00 DIIS error vector rms norm 3.076493e-04
History size 10
alpha m=-1 occupations
   1.0000
alpha m=0 occupations
   1.0000   1.0000   1.0000   1.0000   1.0000   1.0000
alpha m=1 occupations
   1.0000   1.0000
alpha m=2 occupations
   1.0000
beta m=-1 occupations
   1.0000
beta m=0 occupations
   1.0000   1.0000   1.0000
beta m=1 occupations
   1.0000
Switching to optimal damping for next iterations
EDIIS+DIIS step
Evaluated energy -339.9598197462 (change from lowest 1.057804e-02)
Density matrix difference 1.569644e-02 between lowest-energy and newest entry


Iteration 54: 54 Fock evaluations energy -339.9703977878 change  0.000000e+00 DIIS error vector rms norm 3.076493e-04
History size 10
alpha m=-1 occupations
   1.0000
alpha m=0 occupations
   1.0000   1.0000   1.0000   1.0000   1.0000   1.0000
alpha m=1 occupations
   1.0000   1.0000
alpha m=2 occupations
   1.0000
beta m=-1 occupations
   1.0000
beta m=0 occupations
   1.0000   1.0000   1.0000
beta m=1 occupations
   1.0000
Switching to optimal damping for next iterations
EDIIS+DIIS step
Evaluated energy -339.9598197470 (change from lowest 1.057804e-02)
Density matrix difference 1.569627e-02 between lowest-energy and newest entry


Iteration 55: 55 Fock evaluations energy -339.9703977878 change  0.000000e+00 DIIS error vector rms norm 3.076493e-04
History size 10
alpha m=-1 occupations
   1.0000
alpha m=0 occupations
   1.0000   1.0000   1.0000   1.0000   1.0000   1.0000
alpha m=1 occupations
   1.0000   1.0000
alpha m=2 occupations
   1.0000
beta m=-1 occupations
   1.0000
beta m=0 occupations
   1.0000   1.0000   1.0000
beta m=1 occupations
   1.0000
Switching to optimal damping for next iterations
EDIIS+DIIS step
Evaluated energy -339.9598197477 (change from lowest 1.057804e-02)
Density matrix difference 1.569610e-02 between lowest-energy and newest entry


Iteration 56: 56 Fock evaluations energy -339.9703977878 change  0.000000e+00 DIIS error vector rms norm 3.076493e-04
History size 10
alpha m=-1 occupations
   1.0000
alpha m=0 occupations
   1.0000   1.0000   1.0000   1.0000   1.0000   1.0000
alpha m=1 occupations
   1.0000   1.0000
alpha m=2 occupations
   1.0000
beta m=-1 occupations
   1.0000
beta m=0 occupations
   1.0000   1.0000   1.0000
beta m=1 occupations
   1.0000
Switching to optimal damping for next iterations
EDIIS+DIIS step
Evaluated energy -339.9598199959 (change from lowest 1.057779e-02)
Density matrix difference 1.565694e-02 between lowest-energy and newest entry


Iteration 57: 57 Fock evaluations energy -339.9703977878 change  0.000000e+00 DIIS error vector rms norm 3.076493e-04
History size 10
alpha m=-1 occupations
   1.0000
alpha m=0 occupations
   1.0000   1.0000   1.0000   1.0000   1.0000   1.0000
alpha m=1 occupations
   1.0000   1.0000
alpha m=2 occupations
   1.0000
beta m=-1 occupations
   1.0000
beta m=0 occupations
   1.0000   1.0000   1.0000
beta m=1 occupations
   1.0000
Switching to optimal damping for next iterations
EDIIS+DIIS step
Evaluated energy -339.9598197455 (change from lowest 1.057804e-02)
Density matrix difference 1.569662e-02 between lowest-energy and newest entry


Iteration 58: 58 Fock evaluations energy -339.9703977878 change  0.000000e+00 DIIS error vector rms norm 3.076493e-04
History size 10
alpha m=-1 occupations
   1.0000
alpha m=0 occupations
   1.0000   1.0000   1.0000   1.0000   1.0000   1.0000
alpha m=1 occupations
   1.0000   1.0000
alpha m=2 occupations
   1.0000
beta m=-1 occupations
   1.0000
beta m=0 occupations
   1.0000   1.0000   1.0000
beta m=1 occupations
   1.0000
Switching to optimal damping for next iterations
EDIIS+DIIS step
Evaluated energy -339.9598197460 (change from lowest 1.057804e-02)
Density matrix difference 1.569650e-02 between lowest-energy and newest entry


Iteration 59: 59 Fock evaluations energy -339.9703977878 change  0.000000e+00 DIIS error vector rms norm 3.076493e-04
History size 10
alpha m=-1 occupations
   1.0000
alpha m=0 occupations
   1.0000   1.0000   1.0000   1.0000   1.0000   1.0000
alpha m=1 occupations
   1.0000   1.0000
alpha m=2 occupations
   1.0000
beta m=-1 occupations
   1.0000
beta m=0 occupations
   1.0000   1.0000   1.0000
beta m=1 occupations
   1.0000
Switching to optimal damping for next iterations
EDIIS+DIIS step
Evaluated energy -339.9598197467 (change from lowest 1.057804e-02)
Density matrix difference 1.569636e-02 between lowest-energy and newest entry


Iteration 60: 60 Fock evaluations energy -339.9703977878 change  0.000000e+00 DIIS error vector rms norm 3.076493e-04
History size 10
alpha m=-1 occupations
   1.0000
alpha m=0 occupations
   1.0000   1.0000   1.0000   1.0000   1.0000   1.0000
alpha m=1 occupations
   1.0000   1.0000
alpha m=2 occupations
   1.0000
beta m=-1 occupations
   1.0000
beta m=0 occupations
   1.0000   1.0000   1.0000
beta m=1 occupations
   1.0000
Switching to optimal damping for next iterations
EDIIS+DIIS step
Evaluated energy -339.9598197476 (change from lowest 1.057804e-02)
Density matrix difference 1.569618e-02 between lowest-energy and newest entry


Iteration 61: 61 Fock evaluations energy -339.9703977878 change  0.000000e+00 DIIS error vector rms norm 3.076493e-04
History size 10
alpha m=-1 occupations
   1.0000
alpha m=0 occupations
   1.0000   1.0000   1.0000   1.0000   1.0000   1.0000
alpha m=1 occupations
   1.0000   1.0000
alpha m=2 occupations
   1.0000
beta m=-1 occupations
   1.0000
beta m=0 occupations
   1.0000   1.0000   1.0000
beta m=1 occupations
   1.0000
Switching to optimal damping for next iterations
EDIIS+DIIS step
Evaluated energy -339.9598197485 (change from lowest 1.057804e-02)
Density matrix difference 1.569597e-02 between lowest-energy and newest entry


Iteration 62: 62 Fock evaluations energy -339.9703977878 change  0.000000e+00 DIIS error vector rms norm 3.076493e-04
History size 10
alpha m=-1 occupations
   1.0000
alpha m=0 occupations
   1.0000   1.0000   1.0000   1.0000   1.0000   1.0000
alpha m=1 occupations
   1.0000   1.0000
alpha m=2 occupations
   1.0000
beta m=-1 occupations
   1.0000
beta m=0 occupations
   1.0000   1.0000   1.0000
beta m=1 occupations
   1.0000
Switching to optimal damping for next iterations
EDIIS+DIIS step
Evaluated energy -339.9598197492 (change from lowest 1.057804e-02)
Density matrix difference 1.569579e-02 between lowest-energy and newest entry


Iteration 63: 63 Fock evaluations energy -339.9703977878 change  0.000000e+00 DIIS error vector rms norm 3.076493e-04
History size 10
alpha m=-1 occupations
   1.0000
alpha m=0 occupations
   1.0000   1.0000   1.0000   1.0000   1.0000   1.0000
alpha m=1 occupations
   1.0000   1.0000
alpha m=2 occupations
   1.0000
beta m=-1 occupations
   1.0000
beta m=0 occupations
   1.0000   1.0000   1.0000
beta m=1 occupations
   1.0000
Switching to optimal damping for next iterations
EDIIS+DIIS step
Evaluated energy -339.9598197499 (change from lowest 1.057804e-02)
Density matrix difference 1.569564e-02 between lowest-energy and newest entry


Iteration 64: 64 Fock evaluations energy -339.9703977878 change  0.000000e+00 DIIS error vector rms norm 3.076493e-04
History size 10
alpha m=-1 occupations
   1.0000
alpha m=0 occupations
   1.0000   1.0000   1.0000   1.0000   1.0000   1.0000
alpha m=1 occupations
   1.0000   1.0000
alpha m=2 occupations
   1.0000
beta m=-1 occupations
   1.0000
beta m=0 occupations
   1.0000   1.0000   1.0000
beta m=1 occupations
   1.0000
Switching to optimal damping for next iterations
EDIIS+DIIS step
Evaluated energy -339.9598197504 (change from lowest 1.057804e-02)
Density matrix difference 1.569552e-02 between lowest-energy and newest entry


Iteration 65: 65 Fock evaluations energy -339.9703977878 change  0.000000e+00 DIIS error vector rms norm 3.076493e-04
History size 10
alpha m=-1 occupations
   1.0000
alpha m=0 occupations
   1.0000   1.0000   1.0000   1.0000   1.0000   1.0000
alpha m=1 occupations
   1.0000   1.0000
alpha m=2 occupations
   1.0000
beta m=-1 occupations
   1.0000
beta m=0 occupations
   1.0000   1.0000   1.0000
beta m=1 occupations
   1.0000
Switching to optimal damping for next iterations
EDIIS+DIIS step
Evaluated energy -339.9598197509 (change from lowest 1.057804e-02)
Density matrix difference 1.569541e-02 between lowest-energy and newest entry


Iteration 66: 66 Fock evaluations energy -339.9703977878 change  0.000000e+00 DIIS error vector rms norm 3.076493e-04
History size 10
alpha m=-1 occupations
   1.0000
alpha m=0 occupations
   1.0000   1.0000   1.0000   1.0000   1.0000   1.0000
alpha m=1 occupations
   1.0000   1.0000
alpha m=2 occupations
   1.0000
beta m=-1 occupations
   1.0000
beta m=0 occupations
   1.0000   1.0000   1.0000
beta m=1 occupations
   1.0000
Switching to optimal damping for next iterations
EDIIS+DIIS step
Evaluated energy -339.9598200054 (change from lowest 1.057778e-02)
Density matrix difference 1.565594e-02 between lowest-energy and newest entry


Iteration 67: 67 Fock evaluations energy -339.9703977878 change  0.000000e+00 DIIS error vector rms norm 3.076493e-04
History size 10
alpha m=-1 occupations
   1.0000
alpha m=0 occupations
   1.0000   1.0000   1.0000   1.0000   1.0000   1.0000
alpha m=1 occupations
   1.0000   1.0000
alpha m=2 occupations
   1.0000
beta m=-1 occupations
   1.0000
beta m=0 occupations
   1.0000   1.0000   1.0000
beta m=1 occupations
   1.0000
Switching to optimal damping for next iterations
EDIIS+DIIS step
Evaluated energy -339.9598197475 (change from lowest 1.057804e-02)
Density matrix difference 1.569622e-02 between lowest-energy and newest entry


Iteration 68: 68 Fock evaluations energy -339.9703977878 change  0.000000e+00 DIIS error vector rms norm 3.076493e-04
History size 10
alpha m=-1 occupations
   1.0000
alpha m=0 occupations
   1.0000   1.0000   1.0000   1.0000   1.0000   1.0000
alpha m=1 occupations
   1.0000   1.0000
alpha m=2 occupations
   1.0000
beta m=-1 occupations
   1.0000
beta m=0 occupations
   1.0000   1.0000   1.0000
beta m=1 occupations
   1.0000
Switching to optimal damping for next iterations
EDIIS+DIIS step
Evaluated energy -339.9598197483 (change from lowest 1.057804e-02)
Density matrix difference 1.569606e-02 between lowest-energy and newest entry


Iteration 69: 69 Fock evaluations energy -339.9703977878 change  0.000000e+00 DIIS error vector rms norm 3.076493e-04
History size 10
alpha m=-1 occupations
   1.0000
alpha m=0 occupations
   1.0000   1.0000   1.0000   1.0000   1.0000   1.0000
alpha m=1 occupations
   1.0000   1.0000
alpha m=2 occupations
   1.0000
beta m=-1 occupations
   1.0000
beta m=0 occupations
   1.0000   1.0000   1.0000
beta m=1 occupations
   1.0000
Switching to optimal damping for next iterations
EDIIS+DIIS step
Evaluated energy -339.9598197492 (change from lowest 1.057804e-02)
Density matrix difference 1.569585e-02 between lowest-energy and newest entry


Iteration 70: 70 Fock evaluations energy -339.9703977878 change  0.000000e+00 DIIS error vector rms norm 3.076493e-04
History size 10
alpha m=-1 occupations
   1.0000
alpha m=0 occupations
   1.0000   1.0000   1.0000   1.0000   1.0000   1.0000
alpha m=1 occupations
   1.0000   1.0000
alpha m=2 occupations
   1.0000
beta m=-1 occupations
   1.0000
beta m=0 occupations
   1.0000   1.0000   1.0000
beta m=1 occupations
   1.0000
Switching to optimal damping for next iterations
EDIIS+DIIS step
Evaluated energy -339.9598197500 (change from lowest 1.057804e-02)
Density matrix difference 1.569567e-02 between lowest-energy and newest entry


Iteration 71: 71 Fock evaluations energy -339.9703977878 change  0.000000e+00 DIIS error vector rms norm 3.076493e-04
History size 10
alpha m=-1 occupations
   1.0000
alpha m=0 occupations
   1.0000   1.0000   1.0000   1.0000   1.0000   1.0000
alpha m=1 occupations
   1.0000   1.0000
alpha m=2 occupations
   1.0000
beta m=-1 occupations
   1.0000
beta m=0 occupations
   1.0000   1.0000   1.0000
beta m=1 occupations
   1.0000
Switching to optimal damping for next iterations
EDIIS+DIIS step
Evaluated energy -339.9598197506 (change from lowest 1.057804e-02)
Density matrix difference 1.569553e-02 between lowest-energy and newest entry


Iteration 72: 72 Fock evaluations energy -339.9703977878 change  0.000000e+00 DIIS error vector rms norm 3.076493e-04
History size 10
alpha m=-1 occupations
   1.0000
alpha m=0 occupations
   1.0000   1.0000   1.0000   1.0000   1.0000   1.0000
alpha m=1 occupations
   1.0000   1.0000
alpha m=2 occupations
   1.0000
beta m=-1 occupations
   1.0000
beta m=0 occupations
   1.0000   1.0000   1.0000
beta m=1 occupations
   1.0000
Switching to optimal damping for next iterations
EDIIS+DIIS step
Evaluated energy -339.9598197511 (change from lowest 1.057804e-02)
Density matrix difference 1.569541e-02 between lowest-energy and newest entry


Iteration 73: 73 Fock evaluations energy -339.9703977878 change  0.000000e+00 DIIS error vector rms norm 3.076493e-04
History size 10
alpha m=-1 occupations
   1.0000
alpha m=0 occupations
   1.0000   1.0000   1.0000   1.0000   1.0000   1.0000
alpha m=1 occupations
   1.0000   1.0000
alpha m=2 occupations
   1.0000
beta m=-1 occupations
   1.0000
beta m=0 occupations
   1.0000   1.0000   1.0000
beta m=1 occupations
   1.0000
Switching to optimal damping for next iterations
EDIIS+DIIS step
Evaluated energy -339.9598197517 (change from lowest 1.057804e-02)
Density matrix difference 1.569530e-02 between lowest-energy and newest entry


Iteration 74: 74 Fock evaluations energy -339.9703977878 change  0.000000e+00 DIIS error vector rms norm 3.076493e-04
History size 10
alpha m=-1 occupations
   1.0000
alpha m=0 occupations
   1.0000   1.0000   1.0000   1.0000   1.0000   1.0000
alpha m=1 occupations
   1.0000   1.0000
alpha m=2 occupations
   1.0000
beta m=-1 occupations
   1.0000
beta m=0 occupations
   1.0000   1.0000   1.0000
beta m=1 occupations
   1.0000
Switching to optimal damping for next iterations
EDIIS+DIIS step
Evaluated energy -339.9598197522 (change from lowest 1.057804e-02)
Density matrix difference 1.569518e-02 between lowest-energy and newest entry


Iteration 75: 75 Fock evaluations energy -339.9703977878 change  0.000000e+00 DIIS error vector rms norm 3.076493e-04
History size 10
alpha m=-1 occupations
   1.0000
alpha m=0 occupations
   1.0000   1.0000   1.0000   1.0000   1.0000   1.0000
alpha m=1 occupations
   1.0000   1.0000
alpha m=2 occupations
   1.0000
beta m=-1 occupations
   1.0000
beta m=0 occupations
   1.0000   1.0000   1.0000
beta m=1 occupations
   1.0000
Switching to optimal damping for next iterations
EDIIS+DIIS step
Evaluated energy -339.9598197529 (change from lowest 1.057803e-02)
Density matrix difference 1.569504e-02 between lowest-energy and newest entry


Iteration 76: 76 Fock evaluations energy -339.9703977878 change  0.000000e+00 DIIS error vector rms norm 3.076493e-04
History size 10
alpha m=-1 occupations
   1.0000
alpha m=0 occupations
   1.0000   1.0000   1.0000   1.0000   1.0000   1.0000
alpha m=1 occupations
   1.0000   1.0000
alpha m=2 occupations
   1.0000
beta m=-1 occupations
   1.0000
beta m=0 occupations
   1.0000   1.0000   1.0000
beta m=1 occupations
   1.0000
Switching to optimal damping for next iterations
EDIIS+DIIS step
Evaluated energy -339.9598200199 (change from lowest 1.057777e-02)
Density matrix difference 1.565446e-02 between lowest-energy and newest entry


Iteration 77: 77 Fock evaluations energy -339.9703977878 change  0.000000e+00 DIIS error vector rms norm 3.076493e-04
History size 10
alpha m=-1 occupations
   1.0000
alpha m=0 occupations
   1.0000   1.0000   1.0000   1.0000   1.0000   1.0000
alpha m=1 occupations
   1.0000   1.0000
alpha m=2 occupations
   1.0000
beta m=-1 occupations
   1.0000
beta m=0 occupations
   1.0000   1.0000   1.0000
beta m=1 occupations
   1.0000
Switching to optimal damping for next iterations
EDIIS+DIIS step
Evaluated energy -339.9598197469 (change from lowest 1.057804e-02)
Density matrix difference 1.569641e-02 between lowest-energy and newest entry


Iteration 78: 78 Fock evaluations energy -339.9703977878 change  0.000000e+00 DIIS error vector rms norm 3.076493e-04
History size 10
alpha m=-1 occupations
   1.0000
alpha m=0 occupations
   1.0000   1.0000   1.0000   1.0000   1.0000   1.0000
alpha m=1 occupations
   1.0000   1.0000
alpha m=2 occupations
   1.0000
beta m=-1 occupations
   1.0000
beta m=0 occupations
   1.0000   1.0000   1.0000
beta m=1 occupations
   1.0000
Switching to optimal damping for next iterations
EDIIS+DIIS step
Evaluated energy -339.9598197472 (change from lowest 1.057804e-02)
Density matrix difference 1.569635e-02 between lowest-energy and newest entry


Iteration 79: 79 Fock evaluations energy -339.9703977878 change  0.000000e+00 DIIS error vector rms norm 3.076493e-04
History size 10
alpha m=-1 occupations
   1.0000
alpha m=0 occupations
   1.0000   1.0000   1.0000   1.0000   1.0000   1.0000
alpha m=1 occupations
   1.0000   1.0000
alpha m=2 occupations
   1.0000
beta m=-1 occupations
   1.0000
beta m=0 occupations
   1.0000   1.0000   1.0000
beta m=1 occupations
   1.0000
Switching to optimal damping for next iterations
EDIIS+DIIS step
Evaluated energy -339.9598197474 (change from lowest 1.057804e-02)
Density matrix difference 1.569631e-02 between lowest-energy and newest entry


Iteration 80: 80 Fock evaluations energy -339.9703977878 change  0.000000e+00 DIIS error vector rms norm 3.076493e-04
History size 10
alpha m=-1 occupations
   1.0000
alpha m=0 occupations
   1.0000   1.0000   1.0000   1.0000   1.0000   1.0000
alpha m=1 occupations
   1.0000   1.0000
alpha m=2 occupations
   1.0000
beta m=-1 occupations
   1.0000
beta m=0 occupations
   1.0000   1.0000   1.0000
beta m=1 occupations
   1.0000
Switching to optimal damping for next iterations
EDIIS+DIIS step
Evaluated energy -339.9598197476 (change from lowest 1.057804e-02)
Density matrix difference 1.569626e-02 between lowest-energy and newest entry


Iteration 81: 81 Fock evaluations energy -339.9703977878 change  0.000000e+00 DIIS error vector rms norm 3.076493e-04
History size 10
alpha m=-1 occupations
   1.0000
alpha m=0 occupations
   1.0000   1.0000   1.0000   1.0000   1.0000   1.0000
alpha m=1 occupations
   1.0000   1.0000
alpha m=2 occupations
   1.0000
beta m=-1 occupations
   1.0000
beta m=0 occupations
   1.0000   1.0000   1.0000
beta m=1 occupations
   1.0000
Switching to optimal damping for next iterations
EDIIS+DIIS step
Evaluated energy -339.9598197478 (change from lowest 1.057804e-02)
Density matrix difference 1.569622e-02 between lowest-energy and newest entry


Iteration 82: 82 Fock evaluations energy -339.9703977878 change  0.000000e+00 DIIS error vector rms norm 3.076493e-04
History size 10
alpha m=-1 occupations
   1.0000
alpha m=0 occupations
   1.0000   1.0000   1.0000   1.0000   1.0000   1.0000
alpha m=1 occupations
   1.0000   1.0000
alpha m=2 occupations
   1.0000
beta m=-1 occupations
   1.0000
beta m=0 occupations
   1.0000   1.0000   1.0000
beta m=1 occupations
   1.0000
Switching to optimal damping for next iterations
EDIIS+DIIS step
Evaluated energy -339.9598197480 (change from lowest 1.057804e-02)
Density matrix difference 1.569618e-02 between lowest-energy and newest entry


Iteration 83: 83 Fock evaluations energy -339.9703977878 change  0.000000e+00 DIIS error vector rms norm 3.076493e-04
History size 10
alpha m=-1 occupations
   1.0000
alpha m=0 occupations
   1.0000   1.0000   1.0000   1.0000   1.0000   1.0000
alpha m=1 occupations
   1.0000   1.0000
alpha m=2 occupations
   1.0000
beta m=-1 occupations
   1.0000
beta m=0 occupations
   1.0000   1.0000   1.0000
beta m=1 occupations
   1.0000
Switching to optimal damping for next iterations
EDIIS+DIIS step
Evaluated energy -339.9598197482 (change from lowest 1.057804e-02)
Density matrix difference 1.569614e-02 between lowest-energy and newest entry


Iteration 84: 84 Fock evaluations energy -339.9703977878 change  0.000000e+00 DIIS error vector rms norm 3.076493e-04
History size 10
alpha m=-1 occupations
   1.0000
alpha m=0 occupations
   1.0000   1.0000   1.0000   1.0000   1.0000   1.0000
alpha m=1 occupations
   1.0000   1.0000
alpha m=2 occupations
   1.0000
beta m=-1 occupations
   1.0000
beta m=0 occupations
   1.0000   1.0000   1.0000
beta m=1 occupations
   1.0000
Switching to optimal damping for next iterations
EDIIS+DIIS step
Evaluated energy -339.9598197483 (change from lowest 1.057804e-02)
Density matrix difference 1.569612e-02 between lowest-energy and newest entry


Iteration 85: 85 Fock evaluations energy -339.9703977878 change  0.000000e+00 DIIS error vector rms norm 3.076493e-04
History size 10
alpha m=-1 occupations
   1.0000
alpha m=0 occupations
   1.0000   1.0000   1.0000   1.0000   1.0000   1.0000
alpha m=1 occupations
   1.0000   1.0000
alpha m=2 occupations
   1.0000
beta m=-1 occupations
   1.0000
beta m=0 occupations
   1.0000   1.0000   1.0000
beta m=1 occupations
   1.0000
Switching to optimal damping for next iterations
EDIIS+DIIS step
Evaluated energy -339.9598197483 (change from lowest 1.057804e-02)
Density matrix difference 1.569610e-02 between lowest-energy and newest entry


Iteration 86: 86 Fock evaluations energy -339.9703977878 change  0.000000e+00 DIIS error vector rms norm 3.076493e-04
History size 10
alpha m=-1 occupations
   1.0000
alpha m=0 occupations
   1.0000   1.0000   1.0000   1.0000   1.0000   1.0000
alpha m=1 occupations
   1.0000   1.0000
alpha m=2 occupations
   1.0000
beta m=-1 occupations
   1.0000
beta m=0 occupations
   1.0000   1.0000   1.0000
beta m=1 occupations
   1.0000
Switching to optimal damping for next iterations
EDIIS+DIIS step
Evaluated energy -339.9598200357 (change from lowest 1.057775e-02)
Density matrix difference 1.565286e-02 between lowest-energy and newest entry


Iteration 87: 87 Fock evaluations energy -339.9703977878 change  0.000000e+00 DIIS error vector rms norm 3.076493e-04
History size 10
alpha m=-1 occupations
   1.0000
alpha m=0 occupations
   1.0000   1.0000   1.0000   1.0000   1.0000   1.0000
alpha m=1 occupations
   1.0000   1.0000
alpha m=2 occupations
   1.0000
beta m=-1 occupations
   1.0000
beta m=0 occupations
   1.0000   1.0000   1.0000
beta m=1 occupations
   1.0000
Switching to optimal damping for next iterations
EDIIS+DIIS step
Evaluated energy -339.9598197430 (change from lowest 1.057804e-02)
Density matrix difference 1.569735e-02 between lowest-energy and newest entry


Iteration 88: 88 Fock evaluations energy -339.9703977878 change  0.000000e+00 DIIS error vector rms norm 3.076493e-04
History size 10
alpha m=-1 occupations
   1.0000
alpha m=0 occupations
   1.0000   1.0000   1.0000   1.0000   1.0000   1.0000
alpha m=1 occupations
   1.0000   1.0000
alpha m=2 occupations
   1.0000
beta m=-1 occupations
   1.0000
beta m=0 occupations
   1.0000   1.0000   1.0000
beta m=1 occupations
   1.0000
Switching to optimal damping for next iterations
EDIIS+DIIS step
Evaluated energy -339.9598197427 (change from lowest 1.057805e-02)
Density matrix difference 1.569741e-02 between lowest-energy and newest entry


Iteration 89: 89 Fock evaluations energy -339.9703977878 change  0.000000e+00 DIIS error vector rms norm 3.076493e-04
History size 10
alpha m=-1 occupations
   1.0000
alpha m=0 occupations
   1.0000   1.0000   1.0000   1.0000   1.0000   1.0000
alpha m=1 occupations
   1.0000   1.0000
alpha m=2 occupations
   1.0000
beta m=-1 occupations
   1.0000
beta m=0 occupations
   1.0000   1.0000   1.0000
beta m=1 occupations
   1.0000
Switching to optimal damping for next iterations
EDIIS+DIIS step
Evaluated energy -339.9598197424 (change from lowest 1.057805e-02)
Density matrix difference 1.569749e-02 between lowest-energy and newest entry


Iteration 90: 90 Fock evaluations energy -339.9703977878 change  0.000000e+00 DIIS error vector rms norm 3.076493e-04
History size 10
alpha m=-1 occupations
   1.0000
alpha m=0 occupations
   1.0000   1.0000   1.0000   1.0000   1.0000   1.0000
alpha m=1 occupations
   1.0000   1.0000
alpha m=2 occupations
   1.0000
beta m=-1 occupations
   1.0000
beta m=0 occupations
   1.0000   1.0000   1.0000
beta m=1 occupations
   1.0000
Switching to optimal damping for next iterations
EDIIS+DIIS step
Evaluated energy -339.9598197420 (change from lowest 1.057805e-02)
Density matrix difference 1.569757e-02 between lowest-energy and newest entry


Iteration 91: 91 Fock evaluations energy -339.9703977878 change  0.000000e+00 DIIS error vector rms norm 3.076493e-04
History size 10
alpha m=-1 occupations
   1.0000
alpha m=0 occupations
   1.0000   1.0000   1.0000   1.0000   1.0000   1.0000
alpha m=1 occupations
   1.0000   1.0000
alpha m=2 occupations
   1.0000
beta m=-1 occupations
   1.0000
beta m=0 occupations
   1.0000   1.0000   1.0000
beta m=1 occupations
   1.0000
Switching to optimal damping for next iterations
EDIIS+DIIS step
Evaluated energy -339.9598197416 (change from lowest 1.057805e-02)
Density matrix difference 1.569766e-02 between lowest-energy and newest entry


Iteration 92: 92 Fock evaluations energy -339.9703977878 change  0.000000e+00 DIIS error vector rms norm 3.076493e-04
History size 10
alpha m=-1 occupations
   1.0000
alpha m=0 occupations
   1.0000   1.0000   1.0000   1.0000   1.0000   1.0000
alpha m=1 occupations
   1.0000   1.0000
alpha m=2 occupations
   1.0000
beta m=-1 occupations
   1.0000
beta m=0 occupations
   1.0000   1.0000   1.0000
beta m=1 occupations
   1.0000
Switching to optimal damping for next iterations
EDIIS+DIIS step
Evaluated energy -339.9598197412 (change from lowest 1.057805e-02)
Density matrix difference 1.569777e-02 between lowest-energy and newest entry


Iteration 93: 93 Fock evaluations energy -339.9703977878 change  0.000000e+00 DIIS error vector rms norm 3.076493e-04
History size 10
alpha m=-1 occupations
   1.0000
alpha m=0 occupations
   1.0000   1.0000   1.0000   1.0000   1.0000   1.0000
alpha m=1 occupations
   1.0000   1.0000
alpha m=2 occupations
   1.0000
beta m=-1 occupations
   1.0000
beta m=0 occupations
   1.0000   1.0000   1.0000
beta m=1 occupations
   1.0000
Switching to optimal damping for next iterations
EDIIS+DIIS step
Evaluated energy -339.9598197407 (change from lowest 1.057805e-02)
Density matrix difference 1.569788e-02 between lowest-energy and newest entry


Iteration 94: 94 Fock evaluations energy -339.9703977878 change  0.000000e+00 DIIS error vector rms norm 3.076493e-04
History size 10
alpha m=-1 occupations
   1.0000
alpha m=0 occupations
   1.0000   1.0000   1.0000   1.0000   1.0000   1.0000
alpha m=1 occupations
   1.0000   1.0000
alpha m=2 occupations
   1.0000
beta m=-1 occupations
   1.0000
beta m=0 occupations
   1.0000   1.0000   1.0000
beta m=1 occupations
   1.0000
Switching to optimal damping for next iterations
EDIIS+DIIS step
Evaluated energy -339.9598197402 (change from lowest 1.057805e-02)
Density matrix difference 1.569799e-02 between lowest-energy and newest entry


Iteration 95: 95 Fock evaluations energy -339.9703977878 change  0.000000e+00 DIIS error vector rms norm 3.076493e-04
History size 10
alpha m=-1 occupations
   1.0000
alpha m=0 occupations
   1.0000   1.0000   1.0000   1.0000   1.0000   1.0000
alpha m=1 occupations
   1.0000   1.0000
alpha m=2 occupations
   1.0000
beta m=-1 occupations
   1.0000
beta m=0 occupations
   1.0000   1.0000   1.0000
beta m=1 occupations
   1.0000
Switching to optimal damping for next iterations
EDIIS+DIIS step
Evaluated energy -339.9598197397 (change from lowest 1.057805e-02)
Density matrix difference 1.569810e-02 between lowest-energy and newest entry


Iteration 96: 96 Fock evaluations energy -339.9703977878 change  0.000000e+00 DIIS error vector rms norm 3.076493e-04
History size 10
alpha m=-1 occupations
   1.0000
alpha m=0 occupations
   1.0000   1.0000   1.0000   1.0000   1.0000   1.0000
alpha m=1 occupations
   1.0000   1.0000
alpha m=2 occupations
   1.0000
beta m=-1 occupations
   1.0000
beta m=0 occupations
   1.0000   1.0000   1.0000
beta m=1 occupations
   1.0000
Switching to optimal damping for next iterations
EDIIS+DIIS step
Evaluated energy -339.9598200097 (change from lowest 1.057778e-02)
Density matrix difference 1.565572e-02 between lowest-energy and newest entry


Iteration 97: 97 Fock evaluations energy -339.9703977878 change  0.000000e+00 DIIS error vector rms norm 3.076493e-04
History size 10
alpha m=-1 occupations
   1.0000
alpha m=0 occupations
   1.0000   1.0000   1.0000   1.0000   1.0000   1.0000
alpha m=1 occupations
   1.0000   1.0000
alpha m=2 occupations
   1.0000
beta m=-1 occupations
   1.0000
beta m=0 occupations
   1.0000   1.0000   1.0000
beta m=1 occupations
   1.0000
Switching to optimal damping for next iterations
EDIIS+DIIS step
Evaluated energy -339.9598197422 (change from lowest 1.057805e-02)
Density matrix difference 1.569750e-02 between lowest-energy and newest entry


Iteration 98: 98 Fock evaluations energy -339.9703977878 change  0.000000e+00 DIIS error vector rms norm 3.076493e-04
History size 10
alpha m=-1 occupations
   1.0000
alpha m=0 occupations
   1.0000   1.0000   1.0000   1.0000   1.0000   1.0000
alpha m=1 occupations
   1.0000   1.0000
alpha m=2 occupations
   1.0000
beta m=-1 occupations
   1.0000
beta m=0 occupations
   1.0000   1.0000   1.0000
beta m=1 occupations
   1.0000
Switching to optimal damping for next iterations
EDIIS+DIIS step
Evaluated energy -339.9598197420 (change from lowest 1.057805e-02)
Density matrix difference 1.569755e-02 between lowest-energy and newest entry


Iteration 99: 99 Fock evaluations energy -339.9703977878 change  0.000000e+00 DIIS error vector rms norm 3.076493e-04
History size 10
alpha m=-1 occupations
   1.0000
alpha m=0 occupations
   1.0000   1.0000   1.0000   1.0000   1.0000   1.0000
alpha m=1 occupations
   1.0000   1.0000
alpha m=2 occupations
   1.0000
beta m=-1 occupations
   1.0000
beta m=0 occupations
   1.0000   1.0000   1.0000
beta m=1 occupations
   1.0000
Switching to optimal damping for next iterations
EDIIS+DIIS step
Evaluated energy -339.9598197418 (change from lowest 1.057805e-02)
Density matrix difference 1.569760e-02 between lowest-energy and newest entry


Iteration 100: 100 Fock evaluations energy -339.9703977878 change  0.000000e+00 DIIS error vector rms norm 3.076493e-04
History size 10
alpha m=-1 occupations
   1.0000
alpha m=0 occupations
   1.0000   1.0000   1.0000   1.0000   1.0000   1.0000
alpha m=1 occupations
   1.0000   1.0000
alpha m=2 occupations
   1.0000
beta m=-1 occupations
   1.0000
beta m=0 occupations
   1.0000   1.0000   1.0000
beta m=1 occupations
   1.0000
Switching to optimal damping for next iterations
EDIIS+DIIS step
Evaluated energy -339.9598197417 (change from lowest 1.057805e-02)
Density matrix difference 1.569764e-02 between lowest-energy and newest entry

Running program took 35.42 s.
