ERKALE - HF/DFT from Hel, OpenMP version, running on 8 cores.
(c) Susi Lehtola, 2010-2016.

This program is free software; you can redistribute it and/or modify
it under the terms of the GNU General Public License as published by
the Free Software Foundation; either version 2 of the License, or
(at your option) any later version.

Running on host silver.

Current time is Fri 13 Mar 2026 05:01:27.

Current Settings used by ERKALE:
     AtomGuess      	                Auto	Method used for atomic guess (Auto for same as method)
     Basis          	             cc-pV5Z	Basis set used in calculation
     BasisCutoff    	           1.000e-08	Cutoff for dropping out small primitives from contraction
     BasisOrth      	                Auto	Method of orthonormalization of basis set
     BasisRotate    	               false	Rotate basis set to remove redundant functions?
     Charge         	                   0	Total charge of system
     CholDepThresh  	           1.000e-07	Partial Cholesky decomposition threshold
     Cholesky       	                true	Use Cholesky decomposition?
     CholeskyMode   	                   0	Save/load integrals? 0 no, 1 save, -1 load
     CholeskyNAFThr 	           0.000e+00	Cholesky natural auxiliary function threshold
     CholeskyShThr  	           1.000e-02	Cholesky cache threshold
     CholeskyThr    	           1.000e-07	Cholesky decomposition threshold
     Complexbas     	                true	Use complex basis?
     Confinement    	         0.0 0.0 0.0	Confinement potential V(r) = V_i x_i^2
     ConvThr        	           1.000e-06	Orbital gradient convergence threshold
     DFTBasisThr    	           1.000e-10	Threshold for screening basis functions on grid
     DFTCpars       	                    	Override parameters of correlation functional (expert)
     DFTDelta       	           1.000e+02	Switch to final DFT grid has converged within factor X
     DFTDensityThr  	           1.000e-10	Threshold for screening density on grid
     DFTFinalTol    	           1.000e-05	Tolerance of final DFT grid
     DFTGrid        	             75 -302	DFT integration grid to use: nrad lmax or Auto for adaptive
     DFTInitialTol  	           1.000e-04	Tolerance of initial DFT grid
     DFTLobatto     	               false	Use Lobatto quadrature instead of Lebedev quadrature?
     DFTQuadThresh  	           2.220e-16	Threshold for pruning points with small quadrature weight
     DFTXpars       	                    	Override parameters of exchange functional (expert)
     DIISComb       	               false	Combine alpha and beta errors in unrestricted calcs?
     DIISEps        	           1.000e-01	Start mixing in DIIS when error is
     DIISOrder      	                  10	How many DIIS iterations to keep in memory?
     DIISThr        	           1.000e-02	DIIS error threshold for DIIS updates
     DecFock        	               false	Use decontracted basis to calculate Fock matrix (direct HF)
     Decontract     	                   *	Indices of atoms to decontract basis set for
     DensityFitting 	               false	Use density fitting / RI?
     Direct         	               false	Calculate two-electron integrals (or density fitting) on-the-fly?
     EField         	         0.0 0.0 0.0	Electric field
     ErrorNorm      	                 rms	Error norm to use in the SCF code
     FittingBasis   	                Auto	Basis to use for density fitting / RI (Auto for automatic)
     FittingCholeskyThreshold	           1.000e-08	Linear dependence threshold for pivoted Cholesky of Coulomb integrals in density fitting
     FittingMemory  	                1000	Amount of memory in MB to use for exchange fitting
     FittingThreshold	           1.000e-07	Linear dependence threshold for Coulomb integrals in density fitting
     Guess          	                core	Used guess: SAD (default), SADNO, core, GWH, SAP, or SAPfit
     InitConvThr    	           1.000e-05	Initialization convergence threshold
     InputBohr      	               false	Use atomic units as input units instead of angstrom?
     IntegralThresh 	           1.000e-10	Integral screening threshold
     Kgwh           	           1.750e+00	Scaling constant for GWH
     LinDepThresh   	           1.000e-05	Basis set linear dependency threshold
     LinearB        	           1.600e-01	Magnetic field along bond axis
     LinearFreeze   	               false	If using linear symmetry, freeze symmetry to input guess
     LinearOccupationFile	     ../../Ar_1.occs	File to read linear occupations from
     LinearOccupations	                  -1	Read in occupations for linear molecule calculations?
     LinearSymmetry 	                true	Do special calculation on linear molecule along z axis
     LoadChk        	                    	Checkpoint file to load from
     Logfile        	          erkale.log	File to print out full information, stdout for screen
     MaxInitIter    	                 100	Maximum number of iterations in the stepwise solutions
     MaxIter        	                 100	Maximum number of iterations in SCF cycle
     Method         	                  HF	Method used in calculation (HF or a DFT functional)
     Multiplicity   	                   3	Spin multiplicity
     NLGrid         	             50 -194	Integration grid to use for nonlocal correlation: nrad lmax
     Occupancies    	                    	Orbital occupancies
     OptLM          	               false	If spherical harmonics used, use cartesian s and p functions?
     PZ             	               false	Perform Perdew-Zunger self-interaction correction?
     PZEthr         	           1.000e-10	Threshold for energy convergence
     PZIthr         	           1.000e-02	Threshold for initialization convergence (not too small!)
     PZNRthr        	           0.000e+00	Threshold for use of NR method in OO optimization
     PZOOthr        	           1.000e-04	Gradient threshold for OO optimization
     PZOVthr        	           1.000e-05	Gradient threshold for OV optimization
     PZimag         	                Auto	Imaginary degrees of freedom in PZ?
     PZiter         	                  20	Max number of iterations in self-consistency iteration
     PZloc          	                Auto	Initial localization before SIC calculation?
     PZlocmet       	                  FB	Initial localization method (recommend FB or IAO)
     PZmode         	                  XC	Apply PZ to the operators (in addition to J): X C D
     PZoo           	                true	Optimize OO block?
     PZov           	                true	Optimize OV block?
     PZprec         	                   1	Precondition OV block? 0: no, 1: unified, 2: orbital
     PZrand         	                true	Apply random rotation in PZ initialization? (Should be true)
     PZscale        	            Constant	Scaling for PZ: Constant, Density or Kinetic
     PZscaleExp     	           1.000e+00	Exponent in the dynamic scaling equation
     PZseed         	                   0	Seed number for randomized matrices?
     PZstab         	                   0	Stability analysis for PZ-SIC? 1 or -1 for OO, 2 or -2 for OO+OV
     PZstabThr      	           1.000e-03	Instability threshold (interpreted as -thr)
     PZw            	           1.000e+00	Weight for Perdew-Zunger self-interaction correction
     Restricted     	               false	Spin restricted?
     SAPBasis       	    helfem_large.gbs	Tabulated atomic effective potential "basis set"
     SAPGrid        	                    	SAP integration grid to use: nrad lmax or leave empty
     SaveChk        	   complex_basis.chk	Checkpoint file to save to
     Shift          	           0.000e+00	Level shift to use in Hartree
     System         	        ../atoms.xyz	System as an xyz file
     TRRHminS       	           9.750e-01	Trust-Region Roothaan-Hall minimal occupied orbital overlap
     UseADIIS       	                true	Use ADIIS for Fock matrix interpolation?
     UseBroyden     	               false	Use Broyden mixing of Fock matrices?
     UseDIIS        	                true	Use Pulay's Direct Inversion in the Iterative Subspace?
     UseLM          	                true	Use a spherical harmonics basis set by default?
     UseTRRH        	               false	Use Trust-Region Roothaan-Hall?
     VV10           	                Auto	Use VV10 non-local correlation?
     VV10Pars       	                    	VV10 parameters: b C
     Verbose        	                true	Verbose calculation?
     Verbosity      	                   5	Verboseness level

Basis set cc-pV5Z found in file cc-pV5Z.gbs in /home/lehtola/programs/erkale/basis/.
Basis set helfem_large.gbs found in file helfem_large.gbs in /home/lehtola/programs/erkale/basis/.
Screening by shell pairs and symmetry reduced dofs by factor 2.02.
Individual screening reduced dofs by a total factor 2.02.
Computing Cholesky vectors. Estimated memory size is 22 Mi - 75 Mi.
Cholesky vectors no     0 -     0 computed, error is 3.882994e+02 (0.00 s).
Cholesky vectors no     1 -     1 computed, error is 1.431719e+02 (0.00 s).
Cholesky vectors no     2 -     2 computed, error is 3.803246e+01 (0.00 s).
Cholesky vectors no     3 -     8 computed, error is 2.090041e+01 (0.00 s).
Cholesky vectors no     9 -     9 computed, error is 1.095274e+01 (0.00 s).
Cholesky vectors no    10 -    10 computed, error is 9.842511e+00 (0.00 s).
Cholesky vectors no    11 -    13 computed, error is 7.817285e+00 (0.00 s).
Cholesky vectors no    14 -    19 computed, error is 4.334396e+00 (0.00 s).
Cholesky vectors no    20 -    20 computed, error is 2.933710e+00 (0.00 s).
Cholesky vectors no    21 -    23 computed, error is 2.258927e+00 (0.00 s).
Cholesky vectors no    24 -    29 computed, error is 1.849233e+00 (0.00 s).
Cholesky vectors no    30 -    35 computed, error is 1.181783e+00 (0.00 s).
Cholesky vectors no    36 -    38 computed, error is 1.154144e+00 (0.00 s).
Cholesky vectors no    39 -    39 computed, error is 9.451464e-01 (0.00 s).
Cholesky vectors no    40 -    54 computed, error is 5.616088e-01 (0.00 s).
Cholesky vectors no    55 -    57 computed, error is 4.457348e-01 (0.00 s).
Cholesky vectors no    58 -    60 computed, error is 3.673567e-01 (0.00 s).
Cholesky vectors no    61 -   126 computed, error is 2.567905e-01 (0.03 s).
Cholesky vectors no   127 -   127 computed, error is 2.490098e-01 (0.00 s).
Cholesky vectors no   128 -   137 computed, error is 1.914943e-01 (0.01 s).
Cholesky vectors no   138 -   143 computed, error is 1.435111e-01 (0.01 s).
Cholesky vectors no   144 -   146 computed, error is 1.217032e-01 (0.00 s).
Cholesky vectors no   147 -   182 computed, error is 1.096038e-01 (0.03 s).
Cholesky vectors no   183 -   188 computed, error is 9.580810e-02 (0.01 s).
Cholesky vectors no   189 -   194 computed, error is 9.091134e-02 (0.00 s).
Cholesky vectors no   195 -   197 computed, error is 6.801703e-02 (0.00 s).
Cholesky vectors no   198 -   212 computed, error is 6.148370e-02 (0.03 s).
Cholesky vectors no   213 -   233 computed, error is 5.897821e-02 (0.02 s).
Cholesky vectors no   234 -   239 computed, error is 3.582626e-02 (0.01 s).
Cholesky vectors no   240 -   242 computed, error is 2.869884e-02 (0.00 s).
Cholesky vectors no   243 -   243 computed, error is 2.162500e-02 (0.00 s).
Cholesky vectors no   244 -   246 computed, error is 1.928031e-02 (0.00 s).
Cholesky vectors no   247 -   274 computed, error is 1.515842e-02 (0.03 s).
Cholesky vectors no   275 -   277 computed, error is 1.330294e-02 (0.00 s).
Cholesky vectors no   278 -   278 computed, error is 1.243620e-02 (0.00 s).
Cholesky vectors no   279 -   333 computed, error is 1.199646e-02 (0.06 s).
Cholesky vectors no   334 -   361 computed, error is 1.196202e-02 (0.03 s).
Cholesky vectors no   362 -   371 computed, error is 6.898577e-03 (0.01 s).
Cholesky vectors no   372 -   377 computed, error is 4.738612e-03 (0.01 s).
Cholesky vectors no   378 -   383 computed, error is 4.515252e-03 (0.01 s).
Cholesky vectors no   384 -   404 computed, error is 3.589155e-03 (0.04 s).
Cholesky vectors no   405 -   407 computed, error is 3.493417e-03 (0.00 s).
Cholesky vectors no   408 -   452 computed, error is 2.969062e-03 (0.06 s).
Cholesky vectors no   453 -   453 computed, error is 2.404686e-03 (0.00 s).
Cholesky vectors no   454 -   508 computed, error is 2.348605e-03 (0.10 s).
Cholesky vectors no   509 -   553 computed, error is 2.221709e-03 (0.07 s).
Cholesky vectors no   554 -   556 computed, error is 1.023231e-03 (0.01 s).
Cholesky vectors no   557 -   559 computed, error is 8.828764e-04 (0.00 s).
Cholesky vectors no   560 -   595 computed, error is 6.996168e-04 (0.06 s).
Cholesky vectors no   596 -   602 computed, error is 6.065790e-04 (0.03 s).
Cholesky vectors no   603 -   608 computed, error is 5.736484e-04 (0.01 s).
Cholesky vectors no   609 -   609 computed, error is 3.336444e-04 (0.00 s).
Cholesky vectors no   610 -   612 computed, error is 3.127265e-04 (0.00 s).
Cholesky vectors no   613 -   615 computed, error is 3.042893e-04 (0.00 s).
Cholesky vectors no   616 -   616 computed, error is 1.318086e-04 (0.00 s).
Cholesky vectors no   617 -   629 computed, error is 1.039057e-04 (0.02 s).
Cholesky vectors no   630 -   636 computed, error is 9.834688e-05 (0.01 s).
Cholesky vectors no   637 -   642 computed, error is 6.928248e-05 (0.01 s).
Cholesky vectors no   643 -   652 computed, error is 6.424759e-05 (0.02 s).
Cholesky vectors no   653 -   666 computed, error is 5.083930e-05 (0.02 s).
Cholesky vectors no   667 -   676 computed, error is 4.719940e-05 (0.02 s).
Cholesky vectors no   677 -   697 computed, error is 3.040860e-05 (0.03 s).
Cholesky vectors no   698 -   712 computed, error is 2.974240e-05 (0.05 s).
Cholesky vectors no   713 -   713 computed, error is 2.733198e-05 (0.00 s).
Cholesky vectors no   714 -   714 computed, error is 2.340834e-05 (0.00 s).
Cholesky vectors no   715 -   717 computed, error is 2.039485e-05 (0.01 s).
Cholesky vectors no   718 -   732 computed, error is 1.441757e-05 (0.03 s).
Cholesky vectors no   733 -   738 computed, error is 1.427694e-05 (0.01 s).
Cholesky vectors no   739 -   741 computed, error is 1.370040e-05 (0.01 s).
Cholesky vectors no   742 -   785 computed, error is 1.308028e-05 (0.08 s).
Cholesky vectors no   786 -   788 computed, error is 1.114234e-05 (0.01 s).
Cholesky vectors no   789 -   791 computed, error is 9.335568e-06 (0.01 s).
Cholesky vectors no   792 -   798 computed, error is 6.981904e-06 (0.01 s).
Cholesky vectors no   799 -   799 computed, error is 6.323091e-06 (0.00 s).
Cholesky vectors no   800 -   805 computed, error is 4.360786e-06 (0.04 s).
Cholesky vectors no   806 -   814 computed, error is 3.910117e-06 (0.02 s).
Cholesky vectors no   815 -   817 computed, error is 3.592752e-06 (0.01 s).
Cholesky vectors no   818 -   828 computed, error is 1.772853e-06 (0.02 s).
Cholesky vectors no   829 -   829 computed, error is 1.719630e-06 (0.00 s).
Cholesky vectors no   830 -   865 computed, error is 1.544638e-06 (0.07 s).
Cholesky vectors no   866 -   868 computed, error is 1.255495e-06 (0.01 s).
Cholesky vectors no   869 -   874 computed, error is 1.088819e-06 (0.01 s).
Cholesky vectors no   875 -   883 computed, error is 5.632403e-07 (0.02 s).
Cholesky vectors no   884 -   890 computed, error is 4.727388e-07 (0.01 s).
Cholesky vectors no   891 -   923 computed, error is 3.898774e-07 (0.10 s).
Cholesky vectors no   924 -   934 computed, error is 3.894867e-07 (0.02 s).
Cholesky vectors no   935 -   937 computed, error is 2.228075e-07 (0.01 s).
Cholesky vectors no   938 -   940 computed, error is 2.225467e-07 (0.01 s).
Cholesky vectors no   941 -   946 computed, error is 1.993943e-07 (0.01 s).
Cholesky vectors no   947 -   948 computed, error is 1.232489e-07 (0.00 s).
Cholesky vectors no   949 -   949 computed, error is 9.387143e-08 (0.00 s).
Cholesky decomposition finished in 1.62 s. Realized memory size is 59 Mi 896 ki.
Time use: integrals 9.7 %, linear algebra 90.3 %.
886 shell pairs and 1 nuclei
SAP potential formed in 0.023 s.
Smallest eigenvalue of overlap matrix is 1.00e+00, reciprocal condition number is 1.00e+00.
Using symmetric orthogonalization.
Smallest eigenvalue of overlap matrix is 3.85e-01, reciprocal condition number is 2.39e-01.
Using symmetric orthogonalization.
Smallest eigenvalue of overlap matrix is 8.72e-02, reciprocal condition number is 3.84e-02.
Using symmetric orthogonalization.
Smallest eigenvalue of overlap matrix is 8.00e-02, reciprocal condition number is 3.31e-02.
Using symmetric orthogonalization.
Smallest eigenvalue of overlap matrix is 4.39e-03, reciprocal condition number is 1.14e-03.
Using symmetric orthogonalization.
Smallest eigenvalue of overlap matrix is 2.44e-04, reciprocal condition number is 4.26e-05.
Using symmetric orthogonalization.
Smallest eigenvalue of overlap matrix is 4.39e-03, reciprocal condition number is 1.14e-03.
Using symmetric orthogonalization.
Smallest eigenvalue of overlap matrix is 8.00e-02, reciprocal condition number is 3.31e-02.
Using symmetric orthogonalization.
Smallest eigenvalue of overlap matrix is 8.72e-02, reciprocal condition number is 3.84e-02.
Using symmetric orthogonalization.
Smallest eigenvalue of overlap matrix is 3.85e-01, reciprocal condition number is 2.39e-01.
Using symmetric orthogonalization.
Smallest eigenvalue of overlap matrix is 1.00e+00, reciprocal condition number is 1.00e+00.
Using symmetric orthogonalization.
Nela = 10 Nelb = 8



Solving SCF
Evaluated energy -467.8269624587 (change from lowest -4.678270e+02)


Iteration 1: 1 Fock evaluations energy -467.8269624587 change -4.678270e+02 DIIS error vector rms norm 5.802803e-01
History size 1
alpha m=-1 occupations
   1.0000   1.0000
alpha m=0 occupations
   1.0000   1.0000   1.0000   1.0000   1.0000   1.0000
alpha m=1 occupations
   1.0000   1.0000
beta m=-1 occupations
   1.0000   1.0000
beta m=0 occupations
   1.0000   1.0000   1.0000   1.0000
beta m=1 occupations
   1.0000   1.0000
EDIIS step
Evaluated energy -509.2073824320 (change from lowest -4.138042e+01)
Density matrix difference 3.532738e-01 between lowest-energy and newest entry


Iteration 2: 2 Fock evaluations energy -509.2073824320 change -4.138042e+01 DIIS error vector rms norm 2.205429e-01
History size 2
alpha m=-1 occupations
   1.0000   1.0000
alpha m=0 occupations
   1.0000   1.0000   1.0000   1.0000   1.0000   1.0000
alpha m=1 occupations
   1.0000   1.0000
beta m=-1 occupations
   1.0000   1.0000
beta m=0 occupations
   1.0000   1.0000   1.0000   1.0000
beta m=1 occupations
   1.0000   1.0000
EDIIS step
Evaluated energy -525.4564226403 (change from lowest -1.624904e+01)
Density matrix difference 3.204812e-01 between lowest-energy and newest entry


Iteration 3: 3 Fock evaluations energy -525.4564226403 change -1.624904e+01 DIIS error vector rms norm 3.651501e-02
History size 3
alpha m=-1 occupations
   1.0000   1.0000
alpha m=0 occupations
   1.0000   1.0000   1.0000   1.0000   1.0000   1.0000
alpha m=1 occupations
   1.0000   1.0000
beta m=-1 occupations
   1.0000   1.0000
beta m=0 occupations
   1.0000   1.0000   1.0000   1.0000
beta m=1 occupations
   1.0000   1.0000
EDIIS+DIIS step
Evaluated energy -526.2580606916 (change from lowest -8.016381e-01)
Density matrix difference 8.402834e-02 between lowest-energy and newest entry


Iteration 4: 4 Fock evaluations energy -526.2580606916 change -8.016381e-01 DIIS error vector rms norm 6.276159e-03
History size 4
alpha m=-1 occupations
   1.0000   1.0000
alpha m=0 occupations
   1.0000   1.0000   1.0000   1.0000   1.0000   1.0000
alpha m=1 occupations
   1.0000   1.0000
beta m=-1 occupations
   1.0000   1.0000
beta m=0 occupations
   1.0000   1.0000   1.0000   1.0000
beta m=1 occupations
   1.0000   1.0000
EDIIS+DIIS step
Evaluated energy -526.2822083820 (change from lowest -2.414769e-02)
Density matrix difference 1.356596e-02 between lowest-energy and newest entry


Iteration 5: 5 Fock evaluations energy -526.2822083820 change -2.414769e-02 DIIS error vector rms norm 6.703409e-04
History size 5
alpha m=-1 occupations
   1.0000   1.0000
alpha m=0 occupations
   1.0000   1.0000   1.0000   1.0000   1.0000   1.0000
alpha m=1 occupations
   1.0000   1.0000
beta m=-1 occupations
   1.0000   1.0000
beta m=0 occupations
   1.0000   1.0000   1.0000   1.0000
beta m=1 occupations
   1.0000   1.0000
EDIIS+DIIS step
Evaluated energy -526.2854318267 (change from lowest -3.223445e-03)
Density matrix difference 4.494453e-03 between lowest-energy and newest entry


Iteration 6: 6 Fock evaluations energy -526.2854318267 change -3.223445e-03 DIIS error vector rms norm 4.548593e-04
History size 6
alpha m=-1 occupations
   1.0000   1.0000
alpha m=0 occupations
   1.0000   1.0000   1.0000   1.0000   1.0000   1.0000
alpha m=1 occupations
   1.0000   1.0000
beta m=-1 occupations
   1.0000   1.0000
beta m=0 occupations
   1.0000   1.0000   1.0000   1.0000
beta m=1 occupations
   1.0000   1.0000
EDIIS+DIIS step
Evaluated energy -526.2892906069 (change from lowest -3.858780e-03)
Density matrix difference 3.646975e-03 between lowest-energy and newest entry


Iteration 7: 7 Fock evaluations energy -526.2892906069 change -3.858780e-03 DIIS error vector rms norm 4.924311e-04
History size 7
alpha m=-1 occupations
   1.0000   1.0000
alpha m=0 occupations
   1.0000   1.0000   1.0000   1.0000   1.0000   1.0000
alpha m=1 occupations
   1.0000   1.0000
beta m=-1 occupations
   1.0000   1.0000
beta m=0 occupations
   1.0000   1.0000   1.0000   1.0000
beta m=1 occupations
   1.0000   1.0000
EDIIS+DIIS step
Evaluated energy -526.2874826090 (change from lowest 1.807998e-03)
Density matrix difference 1.609757e-03 between lowest-energy and newest entry


Iteration 8: 8 Fock evaluations energy -526.2892906069 change  0.000000e+00 DIIS error vector rms norm 4.924311e-04
History size 8
alpha m=-1 occupations
   1.0000   1.0000
alpha m=0 occupations
   1.0000   1.0000   1.0000   1.0000   1.0000   1.0000
alpha m=1 occupations
   1.0000   1.0000
beta m=-1 occupations
   1.0000   1.0000
beta m=0 occupations
   1.0000   1.0000   1.0000   1.0000
beta m=1 occupations
   1.0000   1.0000
EDIIS+DIIS step
Evaluated energy -526.2869704164 (change from lowest 2.320190e-03)
Density matrix difference 2.061335e-03 between lowest-energy and newest entry


Iteration 9: 9 Fock evaluations energy -526.2892906069 change  0.000000e+00 DIIS error vector rms norm 4.924311e-04
History size 9
alpha m=-1 occupations
   1.0000   1.0000
alpha m=0 occupations
   1.0000   1.0000   1.0000   1.0000   1.0000   1.0000
alpha m=1 occupations
   1.0000   1.0000
beta m=-1 occupations
   1.0000   1.0000
beta m=0 occupations
   1.0000   1.0000   1.0000   1.0000
beta m=1 occupations
   1.0000   1.0000
EDIIS+DIIS step
Evaluated energy -526.2858959964 (change from lowest 3.394610e-03)
Density matrix difference 3.046805e-03 between lowest-energy and newest entry


Iteration 10: 10 Fock evaluations energy -526.2892906069 change  0.000000e+00 DIIS error vector rms norm 4.924311e-04
History size 10
alpha m=-1 occupations
   1.0000   1.0000
alpha m=0 occupations
   1.0000   1.0000   1.0000   1.0000   1.0000   1.0000
alpha m=1 occupations
   1.0000   1.0000
beta m=-1 occupations
   1.0000   1.0000
beta m=0 occupations
   1.0000   1.0000   1.0000   1.0000
beta m=1 occupations
   1.0000   1.0000
EDIIS+DIIS step
Evaluated energy -526.2828425040 (change from lowest 6.448103e-03)
Density matrix difference 6.125113e-03 between lowest-energy and newest entry


Iteration 11: 11 Fock evaluations energy -526.2892906069 change  0.000000e+00 DIIS error vector rms norm 4.924311e-04
History size 10
alpha m=-1 occupations
   1.0000   1.0000
alpha m=0 occupations
   1.0000   1.0000   1.0000   1.0000   1.0000   1.0000
alpha m=1 occupations
   1.0000   1.0000
beta m=-1 occupations
   1.0000   1.0000
beta m=0 occupations
   1.0000   1.0000   1.0000   1.0000
beta m=1 occupations
   1.0000   1.0000
EDIIS+DIIS step
Evaluated energy -526.2771320949 (change from lowest 1.215851e-02)
Density matrix difference 1.437859e-02 between lowest-energy and newest entry


Iteration 12: 12 Fock evaluations energy -526.2892906069 change  0.000000e+00 DIIS error vector rms norm 4.924311e-04
History size 10
alpha m=-1 occupations
   1.0000   1.0000
alpha m=0 occupations
   1.0000   1.0000   1.0000   1.0000   1.0000   1.0000
alpha m=1 occupations
   1.0000   1.0000
beta m=-1 occupations
   1.0000   1.0000
beta m=0 occupations
   1.0000   1.0000   1.0000   1.0000
beta m=1 occupations
   1.0000   1.0000
Switching to optimal damping for next iterations
EDIIS+DIIS step
Evaluated energy -526.2767698131 (change from lowest 1.252079e-02)
Density matrix difference 1.521960e-02 between lowest-energy and newest entry


Iteration 13: 13 Fock evaluations energy -526.2892906069 change  0.000000e+00 DIIS error vector rms norm 4.924311e-04
History size 10
alpha m=-1 occupations
   1.0000   1.0000
alpha m=0 occupations
   1.0000   1.0000   1.0000   1.0000   1.0000   1.0000
alpha m=1 occupations
   1.0000   1.0000
beta m=-1 occupations
   1.0000   1.0000
beta m=0 occupations
   1.0000   1.0000   1.0000   1.0000
beta m=1 occupations
   1.0000   1.0000
Switching to optimal damping for next iterations
EDIIS+DIIS step
Evaluated energy -526.2765354699 (change from lowest 1.275514e-02)
Density matrix difference 1.590945e-02 between lowest-energy and newest entry


Iteration 14: 14 Fock evaluations energy -526.2892906069 change  0.000000e+00 DIIS error vector rms norm 4.924311e-04
History size 10
alpha m=-1 occupations
   1.0000   1.0000
alpha m=0 occupations
   1.0000   1.0000   1.0000   1.0000   1.0000   1.0000
alpha m=1 occupations
   1.0000   1.0000
beta m=-1 occupations
   1.0000   1.0000
beta m=0 occupations
   1.0000   1.0000   1.0000   1.0000
beta m=1 occupations
   1.0000   1.0000
Switching to optimal damping for next iterations
EDIIS+DIIS step
Evaluated energy -526.2761653779 (change from lowest 1.312523e-02)
Density matrix difference 1.800221e-02 between lowest-energy and newest entry


Iteration 15: 15 Fock evaluations energy -526.2892906069 change  0.000000e+00 DIIS error vector rms norm 4.924311e-04
History size 10
alpha m=-1 occupations
   1.0000   1.0000
alpha m=0 occupations
   1.0000   1.0000   1.0000   1.0000   1.0000   1.0000
alpha m=1 occupations
   1.0000   1.0000
beta m=-1 occupations
   1.0000   1.0000
beta m=0 occupations
   1.0000   1.0000   1.0000   1.0000
beta m=1 occupations
   1.0000   1.0000
Switching to optimal damping for next iterations
EDIIS+DIIS step
Evaluated energy -526.2761548245 (change from lowest 1.313578e-02)
Density matrix difference 1.925959e-02 between lowest-energy and newest entry


Iteration 16: 16 Fock evaluations energy -526.2892906069 change  0.000000e+00 DIIS error vector rms norm 4.924311e-04
History size 10
alpha m=-1 occupations
   1.0000   1.0000
alpha m=0 occupations
   1.0000   1.0000   1.0000   1.0000   1.0000   1.0000
alpha m=1 occupations
   1.0000   1.0000
beta m=-1 occupations
   1.0000   1.0000
beta m=0 occupations
   1.0000   1.0000   1.0000   1.0000
beta m=1 occupations
   1.0000   1.0000
Switching to optimal damping for next iterations
EDIIS+DIIS step
Evaluated energy -526.2761506434 (change from lowest 1.313996e-02)
Density matrix difference 1.890986e-02 between lowest-energy and newest entry


Iteration 17: 17 Fock evaluations energy -526.2892906069 change  0.000000e+00 DIIS error vector rms norm 4.924311e-04
History size 10
alpha m=-1 occupations
   1.0000   1.0000
alpha m=0 occupations
   1.0000   1.0000   1.0000   1.0000   1.0000   1.0000
alpha m=1 occupations
   1.0000   1.0000
beta m=-1 occupations
   1.0000   1.0000
beta m=0 occupations
   1.0000   1.0000   1.0000   1.0000
beta m=1 occupations
   1.0000   1.0000
Switching to optimal damping for next iterations
EDIIS+DIIS step
Evaluated energy -526.2761510528 (change from lowest 1.313955e-02)
Density matrix difference 1.884730e-02 between lowest-energy and newest entry


Iteration 18: 18 Fock evaluations energy -526.2892906069 change  0.000000e+00 DIIS error vector rms norm 4.924311e-04
History size 10
alpha m=-1 occupations
   1.0000   1.0000
alpha m=0 occupations
   1.0000   1.0000   1.0000   1.0000   1.0000   1.0000
alpha m=1 occupations
   1.0000   1.0000
beta m=-1 occupations
   1.0000   1.0000
beta m=0 occupations
   1.0000   1.0000   1.0000   1.0000
beta m=1 occupations
   1.0000   1.0000
Switching to optimal damping for next iterations
EDIIS+DIIS step
Evaluated energy -526.2761510433 (change from lowest 1.313956e-02)
Density matrix difference 1.885473e-02 between lowest-energy and newest entry


Iteration 19: 19 Fock evaluations energy -526.2892906069 change  0.000000e+00 DIIS error vector rms norm 4.924311e-04
History size 10
alpha m=-1 occupations
   1.0000   1.0000
alpha m=0 occupations
   1.0000   1.0000   1.0000   1.0000   1.0000   1.0000
alpha m=1 occupations
   1.0000   1.0000
beta m=-1 occupations
   1.0000   1.0000
beta m=0 occupations
   1.0000   1.0000   1.0000   1.0000
beta m=1 occupations
   1.0000   1.0000
Switching to optimal damping for next iterations
EDIIS+DIIS step
Evaluated energy -526.2761511707 (change from lowest 1.313944e-02)
Density matrix difference 1.883606e-02 between lowest-energy and newest entry


Iteration 20: 20 Fock evaluations energy -526.2892906069 change  0.000000e+00 DIIS error vector rms norm 4.924311e-04
History size 10
alpha m=-1 occupations
   1.0000   1.0000
alpha m=0 occupations
   1.0000   1.0000   1.0000   1.0000   1.0000   1.0000
alpha m=1 occupations
   1.0000   1.0000
beta m=-1 occupations
   1.0000   1.0000
beta m=0 occupations
   1.0000   1.0000   1.0000   1.0000
beta m=1 occupations
   1.0000   1.0000
Switching to optimal damping for next iterations
EDIIS+DIIS step
Evaluated energy -526.2761511429 (change from lowest 1.313946e-02)
Density matrix difference 1.883929e-02 between lowest-energy and newest entry


Iteration 21: 21 Fock evaluations energy -526.2892906069 change  0.000000e+00 DIIS error vector rms norm 4.924311e-04
History size 10
alpha m=-1 occupations
   1.0000   1.0000
alpha m=0 occupations
   1.0000   1.0000   1.0000   1.0000   1.0000   1.0000
alpha m=1 occupations
   1.0000   1.0000
beta m=-1 occupations
   1.0000   1.0000
beta m=0 occupations
   1.0000   1.0000   1.0000   1.0000
beta m=1 occupations
   1.0000   1.0000
Switching to optimal damping for next iterations
EDIIS+DIIS step
Evaluated energy -526.2761511394 (change from lowest 1.313947e-02)
Density matrix difference 1.883973e-02 between lowest-energy and newest entry


Iteration 22: 22 Fock evaluations energy -526.2892906069 change  0.000000e+00 DIIS error vector rms norm 4.924311e-04
History size 10
alpha m=-1 occupations
   1.0000   1.0000
alpha m=0 occupations
   1.0000   1.0000   1.0000   1.0000   1.0000   1.0000
alpha m=1 occupations
   1.0000   1.0000
beta m=-1 occupations
   1.0000   1.0000
beta m=0 occupations
   1.0000   1.0000   1.0000   1.0000
beta m=1 occupations
   1.0000   1.0000
Switching to optimal damping for next iterations
EDIIS+DIIS step
Evaluated energy -526.2761511379 (change from lowest 1.313947e-02)
Density matrix difference 1.883992e-02 between lowest-energy and newest entry


Iteration 23: 23 Fock evaluations energy -526.2892906069 change  0.000000e+00 DIIS error vector rms norm 4.924311e-04
History size 10
alpha m=-1 occupations
   1.0000   1.0000
alpha m=0 occupations
   1.0000   1.0000   1.0000   1.0000   1.0000   1.0000
alpha m=1 occupations
   1.0000   1.0000
beta m=-1 occupations
   1.0000   1.0000
beta m=0 occupations
   1.0000   1.0000   1.0000   1.0000
beta m=1 occupations
   1.0000   1.0000
Switching to optimal damping for next iterations
EDIIS+DIIS step
Evaluated energy -526.2761511371 (change from lowest 1.313947e-02)
Density matrix difference 1.884003e-02 between lowest-energy and newest entry


Iteration 24: 24 Fock evaluations energy -526.2892906069 change  0.000000e+00 DIIS error vector rms norm 4.924311e-04
History size 10
alpha m=-1 occupations
   1.0000   1.0000
alpha m=0 occupations
   1.0000   1.0000   1.0000   1.0000   1.0000   1.0000
alpha m=1 occupations
   1.0000   1.0000
beta m=-1 occupations
   1.0000   1.0000
beta m=0 occupations
   1.0000   1.0000   1.0000   1.0000
beta m=1 occupations
   1.0000   1.0000
Switching to optimal damping for next iterations
EDIIS+DIIS step
Evaluated energy -526.2761513071 (change from lowest 1.313930e-02)
Density matrix difference 1.882034e-02 between lowest-energy and newest entry


Iteration 25: 25 Fock evaluations energy -526.2892906069 change  0.000000e+00 DIIS error vector rms norm 4.924311e-04
History size 10
alpha m=-1 occupations
   1.0000   1.0000
alpha m=0 occupations
   1.0000   1.0000   1.0000   1.0000   1.0000   1.0000
alpha m=1 occupations
   1.0000   1.0000
beta m=-1 occupations
   1.0000   1.0000
beta m=0 occupations
   1.0000   1.0000   1.0000   1.0000
beta m=1 occupations
   1.0000   1.0000
Switching to optimal damping for next iterations
EDIIS+DIIS step
Evaluated energy -526.2761512118 (change from lowest 1.313940e-02)
Density matrix difference 1.883069e-02 between lowest-energy and newest entry


Iteration 26: 26 Fock evaluations energy -526.2892906069 change  0.000000e+00 DIIS error vector rms norm 4.924311e-04
History size 10
alpha m=-1 occupations
   1.0000   1.0000
alpha m=0 occupations
   1.0000   1.0000   1.0000   1.0000   1.0000   1.0000
alpha m=1 occupations
   1.0000   1.0000
beta m=-1 occupations
   1.0000   1.0000
beta m=0 occupations
   1.0000   1.0000   1.0000   1.0000
beta m=1 occupations
   1.0000   1.0000
Switching to optimal damping for next iterations
EDIIS+DIIS step
Evaluated energy -526.2761513451 (change from lowest 1.313926e-02)
Density matrix difference 1.881596e-02 between lowest-energy and newest entry


Iteration 27: 27 Fock evaluations energy -526.2892906069 change  0.000000e+00 DIIS error vector rms norm 4.924311e-04
History size 10
alpha m=-1 occupations
   1.0000   1.0000
alpha m=0 occupations
   1.0000   1.0000   1.0000   1.0000   1.0000   1.0000
alpha m=1 occupations
   1.0000   1.0000
beta m=-1 occupations
   1.0000   1.0000
beta m=0 occupations
   1.0000   1.0000   1.0000   1.0000
beta m=1 occupations
   1.0000   1.0000
Switching to optimal damping for next iterations
EDIIS+DIIS step
Evaluated energy -526.2761512896 (change from lowest 1.313932e-02)
Density matrix difference 1.882182e-02 between lowest-energy and newest entry


Iteration 28: 28 Fock evaluations energy -526.2892906069 change  0.000000e+00 DIIS error vector rms norm 4.924311e-04
History size 10
alpha m=-1 occupations
   1.0000   1.0000
alpha m=0 occupations
   1.0000   1.0000   1.0000   1.0000   1.0000   1.0000
alpha m=1 occupations
   1.0000   1.0000
beta m=-1 occupations
   1.0000   1.0000
beta m=0 occupations
   1.0000   1.0000   1.0000   1.0000
beta m=1 occupations
   1.0000   1.0000
Switching to optimal damping for next iterations
EDIIS+DIIS step
Evaluated energy -526.2761513655 (change from lowest 1.313924e-02)
Density matrix difference 1.881442e-02 between lowest-energy and newest entry


Iteration 29: 29 Fock evaluations energy -526.2892906069 change  0.000000e+00 DIIS error vector rms norm 4.924311e-04
History size 10
alpha m=-1 occupations
   1.0000   1.0000
alpha m=0 occupations
   1.0000   1.0000   1.0000   1.0000   1.0000   1.0000
alpha m=1 occupations
   1.0000   1.0000
beta m=-1 occupations
   1.0000   1.0000
beta m=0 occupations
   1.0000   1.0000   1.0000   1.0000
beta m=1 occupations
   1.0000   1.0000
Switching to optimal damping for next iterations
EDIIS+DIIS step
Evaluated energy -526.2761513237 (change from lowest 1.313928e-02)
Density matrix difference 1.881856e-02 between lowest-energy and newest entry


Iteration 30: 30 Fock evaluations energy -526.2892906069 change  0.000000e+00 DIIS error vector rms norm 4.924311e-04
History size 10
alpha m=-1 occupations
   1.0000   1.0000
alpha m=0 occupations
   1.0000   1.0000   1.0000   1.0000   1.0000   1.0000
alpha m=1 occupations
   1.0000   1.0000
beta m=-1 occupations
   1.0000   1.0000
beta m=0 occupations
   1.0000   1.0000   1.0000   1.0000
beta m=1 occupations
   1.0000   1.0000
Switching to optimal damping for next iterations
EDIIS+DIIS step
Evaluated energy -526.2761513505 (change from lowest 1.313926e-02)
Density matrix difference 1.881578e-02 between lowest-energy and newest entry


Iteration 31: 31 Fock evaluations energy -526.2892906069 change  0.000000e+00 DIIS error vector rms norm 4.924311e-04
History size 10
alpha m=-1 occupations
   1.0000   1.0000
alpha m=0 occupations
   1.0000   1.0000   1.0000   1.0000   1.0000   1.0000
alpha m=1 occupations
   1.0000   1.0000
beta m=-1 occupations
   1.0000   1.0000
beta m=0 occupations
   1.0000   1.0000   1.0000   1.0000
beta m=1 occupations
   1.0000   1.0000
Switching to optimal damping for next iterations
EDIIS+DIIS step
Evaluated energy -526.2761513987 (change from lowest 1.313921e-02)
Density matrix difference 1.881104e-02 between lowest-energy and newest entry


Iteration 32: 32 Fock evaluations energy -526.2892906069 change  0.000000e+00 DIIS error vector rms norm 4.924311e-04
History size 10
alpha m=-1 occupations
   1.0000   1.0000
alpha m=0 occupations
   1.0000   1.0000   1.0000   1.0000   1.0000   1.0000
alpha m=1 occupations
   1.0000   1.0000
beta m=-1 occupations
   1.0000   1.0000
beta m=0 occupations
   1.0000   1.0000   1.0000   1.0000
beta m=1 occupations
   1.0000   1.0000
Switching to optimal damping for next iterations
EDIIS+DIIS step
Evaluated energy -526.2761514881 (change from lowest 1.313912e-02)
Density matrix difference 1.880273e-02 between lowest-energy and newest entry


Iteration 33: 33 Fock evaluations energy -526.2892906069 change  0.000000e+00 DIIS error vector rms norm 4.924311e-04
History size 10
alpha m=-1 occupations
   1.0000   1.0000
alpha m=0 occupations
   1.0000   1.0000   1.0000   1.0000   1.0000   1.0000
alpha m=1 occupations
   1.0000   1.0000
beta m=-1 occupations
   1.0000   1.0000
beta m=0 occupations
   1.0000   1.0000   1.0000   1.0000
beta m=1 occupations
   1.0000   1.0000
Switching to optimal damping for next iterations
EDIIS+DIIS step
Evaluated energy -526.2761516728 (change from lowest 1.313893e-02)
Density matrix difference 1.878709e-02 between lowest-energy and newest entry


Iteration 34: 34 Fock evaluations energy -526.2892906069 change  0.000000e+00 DIIS error vector rms norm 4.924311e-04
History size 10
alpha m=-1 occupations
   1.0000   1.0000
alpha m=0 occupations
   1.0000   1.0000   1.0000   1.0000   1.0000   1.0000
alpha m=1 occupations
   1.0000   1.0000
beta m=-1 occupations
   1.0000   1.0000
beta m=0 occupations
   1.0000   1.0000   1.0000   1.0000
beta m=1 occupations
   1.0000   1.0000
Switching to optimal damping for next iterations
EDIIS+DIIS step
Evaluated energy -526.2761513666 (change from lowest 1.313924e-02)
Density matrix difference 1.881398e-02 between lowest-energy and newest entry


Iteration 35: 35 Fock evaluations energy -526.2892906069 change  0.000000e+00 DIIS error vector rms norm 4.924311e-04
History size 10
alpha m=-1 occupations
   1.0000   1.0000
alpha m=0 occupations
   1.0000   1.0000   1.0000   1.0000   1.0000   1.0000
alpha m=1 occupations
   1.0000   1.0000
beta m=-1 occupations
   1.0000   1.0000
beta m=0 occupations
   1.0000   1.0000   1.0000   1.0000
beta m=1 occupations
   1.0000   1.0000
Switching to optimal damping for next iterations
EDIIS+DIIS step
Evaluated energy -526.2761514740 (change from lowest 1.313913e-02)
Density matrix difference 1.880375e-02 between lowest-energy and newest entry


Iteration 36: 36 Fock evaluations energy -526.2892906069 change  0.000000e+00 DIIS error vector rms norm 4.924311e-04
History size 10
alpha m=-1 occupations
   1.0000   1.0000
alpha m=0 occupations
   1.0000   1.0000   1.0000   1.0000   1.0000   1.0000
alpha m=1 occupations
   1.0000   1.0000
beta m=-1 occupations
   1.0000   1.0000
beta m=0 occupations
   1.0000   1.0000   1.0000   1.0000
beta m=1 occupations
   1.0000   1.0000
Switching to optimal damping for next iterations
EDIIS+DIIS step
Evaluated energy -526.2761514425 (change from lowest 1.313916e-02)
Density matrix difference 1.880667e-02 between lowest-energy and newest entry


Iteration 37: 37 Fock evaluations energy -526.2892906069 change  0.000000e+00 DIIS error vector rms norm 4.924311e-04
History size 10
alpha m=-1 occupations
   1.0000   1.0000
alpha m=0 occupations
   1.0000   1.0000   1.0000   1.0000   1.0000   1.0000
alpha m=1 occupations
   1.0000   1.0000
beta m=-1 occupations
   1.0000   1.0000
beta m=0 occupations
   1.0000   1.0000   1.0000   1.0000
beta m=1 occupations
   1.0000   1.0000
Switching to optimal damping for next iterations
EDIIS+DIIS step
Evaluated energy -526.2761515492 (change from lowest 1.313906e-02)
Density matrix difference 1.879720e-02 between lowest-energy and newest entry


Iteration 38: 38 Fock evaluations energy -526.2892906069 change  0.000000e+00 DIIS error vector rms norm 4.924311e-04
History size 10
alpha m=-1 occupations
   1.0000   1.0000
alpha m=0 occupations
   1.0000   1.0000   1.0000   1.0000   1.0000   1.0000
alpha m=1 occupations
   1.0000   1.0000
beta m=-1 occupations
   1.0000   1.0000
beta m=0 occupations
   1.0000   1.0000   1.0000   1.0000
beta m=1 occupations
   1.0000   1.0000
Switching to optimal damping for next iterations
EDIIS+DIIS step
Evaluated energy -526.2761514751 (change from lowest 1.313913e-02)
Density matrix difference 1.880351e-02 between lowest-energy and newest entry


Iteration 39: 39 Fock evaluations energy -526.2892906069 change  0.000000e+00 DIIS error vector rms norm 4.924311e-04
History size 10
alpha m=-1 occupations
   1.0000   1.0000
alpha m=0 occupations
   1.0000   1.0000   1.0000   1.0000   1.0000   1.0000
alpha m=1 occupations
   1.0000   1.0000
beta m=-1 occupations
   1.0000   1.0000
beta m=0 occupations
   1.0000   1.0000   1.0000   1.0000
beta m=1 occupations
   1.0000   1.0000
Switching to optimal damping for next iterations
EDIIS+DIIS step
Evaluated energy -526.2761515776 (change from lowest 1.313903e-02)
Density matrix difference 1.879458e-02 between lowest-energy and newest entry


Iteration 40: 40 Fock evaluations energy -526.2892906069 change  0.000000e+00 DIIS error vector rms norm 4.924311e-04
History size 10
alpha m=-1 occupations
   1.0000   1.0000
alpha m=0 occupations
   1.0000   1.0000   1.0000   1.0000   1.0000   1.0000
alpha m=1 occupations
   1.0000   1.0000
beta m=-1 occupations
   1.0000   1.0000
beta m=0 occupations
   1.0000   1.0000   1.0000   1.0000
beta m=1 occupations
   1.0000   1.0000
Switching to optimal damping for next iterations
EDIIS+DIIS step
Evaluated energy -526.2761516487 (change from lowest 1.313896e-02)
Density matrix difference 1.878871e-02 between lowest-energy and newest entry


Iteration 41: 41 Fock evaluations energy -526.2892906069 change  0.000000e+00 DIIS error vector rms norm 4.924311e-04
History size 10
alpha m=-1 occupations
   1.0000   1.0000
alpha m=0 occupations
   1.0000   1.0000   1.0000   1.0000   1.0000   1.0000
alpha m=1 occupations
   1.0000   1.0000
beta m=-1 occupations
   1.0000   1.0000
beta m=0 occupations
   1.0000   1.0000   1.0000   1.0000
beta m=1 occupations
   1.0000   1.0000
Switching to optimal damping for next iterations
EDIIS+DIIS step
Evaluated energy -526.2761516312 (change from lowest 1.313898e-02)
Density matrix difference 1.879008e-02 between lowest-energy and newest entry


Iteration 42: 42 Fock evaluations energy -526.2892906069 change  0.000000e+00 DIIS error vector rms norm 4.924311e-04
History size 10
alpha m=-1 occupations
   1.0000   1.0000
alpha m=0 occupations
   1.0000   1.0000   1.0000   1.0000   1.0000   1.0000
alpha m=1 occupations
   1.0000   1.0000
beta m=-1 occupations
   1.0000   1.0000
beta m=0 occupations
   1.0000   1.0000   1.0000   1.0000
beta m=1 occupations
   1.0000   1.0000
Switching to optimal damping for next iterations
EDIIS+DIIS step
Evaluated energy -526.2761515956 (change from lowest 1.313901e-02)
Density matrix difference 1.879299e-02 between lowest-energy and newest entry


Iteration 43: 43 Fock evaluations energy -526.2892906069 change  0.000000e+00 DIIS error vector rms norm 4.924311e-04
History size 10
alpha m=-1 occupations
   1.0000   1.0000
alpha m=0 occupations
   1.0000   1.0000   1.0000   1.0000   1.0000   1.0000
alpha m=1 occupations
   1.0000   1.0000
beta m=-1 occupations
   1.0000   1.0000
beta m=0 occupations
   1.0000   1.0000   1.0000   1.0000
beta m=1 occupations
   1.0000   1.0000
Switching to optimal damping for next iterations
EDIIS+DIIS step
Evaluated energy -526.2761517263 (change from lowest 1.313888e-02)
Density matrix difference 1.878261e-02 between lowest-energy and newest entry


Iteration 44: 44 Fock evaluations energy -526.2892906069 change  0.000000e+00 DIIS error vector rms norm 4.924311e-04
History size 10
alpha m=-1 occupations
   1.0000   1.0000
alpha m=0 occupations
   1.0000   1.0000   1.0000   1.0000   1.0000   1.0000
alpha m=1 occupations
   1.0000   1.0000
beta m=-1 occupations
   1.0000   1.0000
beta m=0 occupations
   1.0000   1.0000   1.0000   1.0000
beta m=1 occupations
   1.0000   1.0000
Switching to optimal damping for next iterations
EDIIS+DIIS step
Evaluated energy -526.2761518655 (change from lowest 1.313874e-02)
Density matrix difference 1.877241e-02 between lowest-energy and newest entry


Iteration 45: 45 Fock evaluations energy -526.2892906069 change  0.000000e+00 DIIS error vector rms norm 4.924311e-04
History size 10
alpha m=-1 occupations
   1.0000   1.0000
alpha m=0 occupations
   1.0000   1.0000   1.0000   1.0000   1.0000   1.0000
alpha m=1 occupations
   1.0000   1.0000
beta m=-1 occupations
   1.0000   1.0000
beta m=0 occupations
   1.0000   1.0000   1.0000   1.0000
beta m=1 occupations
   1.0000   1.0000
Switching to optimal damping for next iterations
EDIIS+DIIS step
Evaluated energy -526.2761515854 (change from lowest 1.313902e-02)
Density matrix difference 1.879382e-02 between lowest-energy and newest entry


Iteration 46: 46 Fock evaluations energy -526.2892906069 change  0.000000e+00 DIIS error vector rms norm 4.924311e-04
History size 10
alpha m=-1 occupations
   1.0000   1.0000
alpha m=0 occupations
   1.0000   1.0000   1.0000   1.0000   1.0000   1.0000
alpha m=1 occupations
   1.0000   1.0000
beta m=-1 occupations
   1.0000   1.0000
beta m=0 occupations
   1.0000   1.0000   1.0000   1.0000
beta m=1 occupations
   1.0000   1.0000
Switching to optimal damping for next iterations
EDIIS+DIIS step
Evaluated energy -526.2761517560 (change from lowest 1.313885e-02)
Density matrix difference 1.878040e-02 between lowest-energy and newest entry


Iteration 47: 47 Fock evaluations energy -526.2892906069 change  0.000000e+00 DIIS error vector rms norm 4.924311e-04
History size 10
alpha m=-1 occupations
   1.0000   1.0000
alpha m=0 occupations
   1.0000   1.0000   1.0000   1.0000   1.0000   1.0000
alpha m=1 occupations
   1.0000   1.0000
beta m=-1 occupations
   1.0000   1.0000
beta m=0 occupations
   1.0000   1.0000   1.0000   1.0000
beta m=1 occupations
   1.0000   1.0000
Switching to optimal damping for next iterations
EDIIS+DIIS step
Evaluated energy -526.2761516971 (change from lowest 1.313891e-02)
Density matrix difference 1.878485e-02 between lowest-energy and newest entry


Iteration 48: 48 Fock evaluations energy -526.2892906069 change  0.000000e+00 DIIS error vector rms norm 4.924311e-04
History size 10
alpha m=-1 occupations
   1.0000   1.0000
alpha m=0 occupations
   1.0000   1.0000   1.0000   1.0000   1.0000   1.0000
alpha m=1 occupations
   1.0000   1.0000
beta m=-1 occupations
   1.0000   1.0000
beta m=0 occupations
   1.0000   1.0000   1.0000   1.0000
beta m=1 occupations
   1.0000   1.0000
Switching to optimal damping for next iterations
EDIIS+DIIS step
Evaluated energy -526.2761515105 (change from lowest 1.313910e-02)
Density matrix difference 1.880220e-02 between lowest-energy and newest entry


Iteration 49: 49 Fock evaluations energy -526.2892906069 change  0.000000e+00 DIIS error vector rms norm 4.924311e-04
History size 10
alpha m=-1 occupations
   1.0000   1.0000
alpha m=0 occupations
   1.0000   1.0000   1.0000   1.0000   1.0000   1.0000
alpha m=1 occupations
   1.0000   1.0000
beta m=-1 occupations
   1.0000   1.0000
beta m=0 occupations
   1.0000   1.0000   1.0000   1.0000
beta m=1 occupations
   1.0000   1.0000
Switching to optimal damping for next iterations
EDIIS+DIIS step
Evaluated energy -526.2761519564 (change from lowest 1.313865e-02)
Density matrix difference 1.876599e-02 between lowest-energy and newest entry


Iteration 50: 50 Fock evaluations energy -526.2892906069 change  0.000000e+00 DIIS error vector rms norm 4.924311e-04
History size 10
alpha m=-1 occupations
   1.0000   1.0000
alpha m=0 occupations
   1.0000   1.0000   1.0000   1.0000   1.0000   1.0000
alpha m=1 occupations
   1.0000   1.0000
beta m=-1 occupations
   1.0000   1.0000
beta m=0 occupations
   1.0000   1.0000   1.0000   1.0000
beta m=1 occupations
   1.0000   1.0000
Switching to optimal damping for next iterations
EDIIS+DIIS step
Evaluated energy -526.2761518202 (change from lowest 1.313879e-02)
Density matrix difference 1.877554e-02 between lowest-energy and newest entry


Iteration 51: 51 Fock evaluations energy -526.2892906069 change  0.000000e+00 DIIS error vector rms norm 4.924311e-04
History size 10
alpha m=-1 occupations
   1.0000   1.0000
alpha m=0 occupations
   1.0000   1.0000   1.0000   1.0000   1.0000   1.0000
alpha m=1 occupations
   1.0000   1.0000
beta m=-1 occupations
   1.0000   1.0000
beta m=0 occupations
   1.0000   1.0000   1.0000   1.0000
beta m=1 occupations
   1.0000   1.0000
Switching to optimal damping for next iterations
EDIIS+DIIS step
Evaluated energy -526.2761518621 (change from lowest 1.313874e-02)
Density matrix difference 1.877254e-02 between lowest-energy and newest entry


Iteration 52: 52 Fock evaluations energy -526.2892906069 change  0.000000e+00 DIIS error vector rms norm 4.924311e-04
History size 10
alpha m=-1 occupations
   1.0000   1.0000
alpha m=0 occupations
   1.0000   1.0000   1.0000   1.0000   1.0000   1.0000
alpha m=1 occupations
   1.0000   1.0000
beta m=-1 occupations
   1.0000   1.0000
beta m=0 occupations
   1.0000   1.0000   1.0000   1.0000
beta m=1 occupations
   1.0000   1.0000
Switching to optimal damping for next iterations
EDIIS+DIIS step
Evaluated energy -526.2761520069 (change from lowest 1.313860e-02)
Density matrix difference 1.876256e-02 between lowest-energy and newest entry


Iteration 53: 53 Fock evaluations energy -526.2892906069 change  0.000000e+00 DIIS error vector rms norm 4.924311e-04
History size 10
alpha m=-1 occupations
   1.0000   1.0000
alpha m=0 occupations
   1.0000   1.0000   1.0000   1.0000   1.0000   1.0000
alpha m=1 occupations
   1.0000   1.0000
beta m=-1 occupations
   1.0000   1.0000
beta m=0 occupations
   1.0000   1.0000   1.0000   1.0000
beta m=1 occupations
   1.0000   1.0000
Switching to optimal damping for next iterations
EDIIS+DIIS step
Evaluated energy -526.2761519384 (change from lowest 1.313867e-02)
Density matrix difference 1.876718e-02 between lowest-energy and newest entry


Iteration 54: 54 Fock evaluations energy -526.2892906069 change  0.000000e+00 DIIS error vector rms norm 4.924311e-04
History size 10
alpha m=-1 occupations
   1.0000   1.0000
alpha m=0 occupations
   1.0000   1.0000   1.0000   1.0000   1.0000   1.0000
alpha m=1 occupations
   1.0000   1.0000
beta m=-1 occupations
   1.0000   1.0000
beta m=0 occupations
   1.0000   1.0000   1.0000   1.0000
beta m=1 occupations
   1.0000   1.0000
Switching to optimal damping for next iterations
EDIIS+DIIS step
Evaluated energy -526.2761520053 (change from lowest 1.313860e-02)
Density matrix difference 1.876268e-02 between lowest-energy and newest entry


Iteration 55: 55 Fock evaluations energy -526.2892906069 change  0.000000e+00 DIIS error vector rms norm 4.924311e-04
History size 10
alpha m=-1 occupations
   1.0000   1.0000
alpha m=0 occupations
   1.0000   1.0000   1.0000   1.0000   1.0000   1.0000
alpha m=1 occupations
   1.0000   1.0000
beta m=-1 occupations
   1.0000   1.0000
beta m=0 occupations
   1.0000   1.0000   1.0000   1.0000
beta m=1 occupations
   1.0000   1.0000
Switching to optimal damping for next iterations
EDIIS+DIIS step
Evaluated energy -526.2761522714 (change from lowest 1.313834e-02)
Density matrix difference 1.874577e-02 between lowest-energy and newest entry


Iteration 56: 56 Fock evaluations energy -526.2892906069 change  0.000000e+00 DIIS error vector rms norm 4.924311e-04
History size 10
alpha m=-1 occupations
   1.0000   1.0000
alpha m=0 occupations
   1.0000   1.0000   1.0000   1.0000   1.0000   1.0000
alpha m=1 occupations
   1.0000   1.0000
beta m=-1 occupations
   1.0000   1.0000
beta m=0 occupations
   1.0000   1.0000   1.0000   1.0000
beta m=1 occupations
   1.0000   1.0000
Switching to optimal damping for next iterations
EDIIS+DIIS step
Evaluated energy -526.2761518836 (change from lowest 1.313872e-02)
Density matrix difference 1.877098e-02 between lowest-energy and newest entry


Iteration 57: 57 Fock evaluations energy -526.2892906069 change  0.000000e+00 DIIS error vector rms norm 4.924311e-04
History size 10
alpha m=-1 occupations
   1.0000   1.0000
alpha m=0 occupations
   1.0000   1.0000   1.0000   1.0000   1.0000   1.0000
alpha m=1 occupations
   1.0000   1.0000
beta m=-1 occupations
   1.0000   1.0000
beta m=0 occupations
   1.0000   1.0000   1.0000   1.0000
beta m=1 occupations
   1.0000   1.0000
Switching to optimal damping for next iterations
EDIIS+DIIS step
Evaluated energy -526.2761518517 (change from lowest 1.313876e-02)
Density matrix difference 1.877323e-02 between lowest-energy and newest entry


Iteration 58: 58 Fock evaluations energy -526.2892906069 change  0.000000e+00 DIIS error vector rms norm 4.924311e-04
History size 10
alpha m=-1 occupations
   1.0000   1.0000
alpha m=0 occupations
   1.0000   1.0000   1.0000   1.0000   1.0000   1.0000
alpha m=1 occupations
   1.0000   1.0000
beta m=-1 occupations
   1.0000   1.0000
beta m=0 occupations
   1.0000   1.0000   1.0000   1.0000
beta m=1 occupations
   1.0000   1.0000
Switching to optimal damping for next iterations
EDIIS+DIIS step
Evaluated energy -526.2761515226 (change from lowest 1.313908e-02)
Density matrix difference 1.880143e-02 between lowest-energy and newest entry


Iteration 59: 59 Fock evaluations energy -526.2892906069 change  0.000000e+00 DIIS error vector rms norm 4.924311e-04
History size 10
alpha m=-1 occupations
   1.0000   1.0000
alpha m=0 occupations
   1.0000   1.0000   1.0000   1.0000   1.0000   1.0000
alpha m=1 occupations
   1.0000   1.0000
beta m=-1 occupations
   1.0000   1.0000
beta m=0 occupations
   1.0000   1.0000   1.0000   1.0000
beta m=1 occupations
   1.0000   1.0000
Switching to optimal damping for next iterations
EDIIS+DIIS step
Evaluated energy -526.2761519037 (change from lowest 1.313870e-02)
Density matrix difference 1.876955e-02 between lowest-energy and newest entry


Iteration 60: 60 Fock evaluations energy -526.2892906069 change  0.000000e+00 DIIS error vector rms norm 4.924311e-04
History size 10
alpha m=-1 occupations
   1.0000   1.0000
alpha m=0 occupations
   1.0000   1.0000   1.0000   1.0000   1.0000   1.0000
alpha m=1 occupations
   1.0000   1.0000
beta m=-1 occupations
   1.0000   1.0000
beta m=0 occupations
   1.0000   1.0000   1.0000   1.0000
beta m=1 occupations
   1.0000   1.0000
Switching to optimal damping for next iterations
EDIIS+DIIS step
Evaluated energy -526.2761519654 (change from lowest 1.313864e-02)
Density matrix difference 1.876530e-02 between lowest-energy and newest entry


Iteration 61: 61 Fock evaluations energy -526.2892906069 change  0.000000e+00 DIIS error vector rms norm 4.924311e-04
History size 10
alpha m=-1 occupations
   1.0000   1.0000
alpha m=0 occupations
   1.0000   1.0000   1.0000   1.0000   1.0000   1.0000
alpha m=1 occupations
   1.0000   1.0000
beta m=-1 occupations
   1.0000   1.0000
beta m=0 occupations
   1.0000   1.0000   1.0000   1.0000
beta m=1 occupations
   1.0000   1.0000
Switching to optimal damping for next iterations
EDIIS+DIIS step
Evaluated energy -526.2761520046 (change from lowest 1.313860e-02)
Density matrix difference 1.876266e-02 between lowest-energy and newest entry


Iteration 62: 62 Fock evaluations energy -526.2892906069 change  0.000000e+00 DIIS error vector rms norm 4.924311e-04
History size 10
alpha m=-1 occupations
   1.0000   1.0000
alpha m=0 occupations
   1.0000   1.0000   1.0000   1.0000   1.0000   1.0000
alpha m=1 occupations
   1.0000   1.0000
beta m=-1 occupations
   1.0000   1.0000
beta m=0 occupations
   1.0000   1.0000   1.0000   1.0000
beta m=1 occupations
   1.0000   1.0000
Switching to optimal damping for next iterations
EDIIS+DIIS step
Evaluated energy -526.2761520064 (change from lowest 1.313860e-02)
Density matrix difference 1.876254e-02 between lowest-energy and newest entry


Iteration 63: 63 Fock evaluations energy -526.2892906069 change  0.000000e+00 DIIS error vector rms norm 4.924311e-04
History size 10
alpha m=-1 occupations
   1.0000   1.0000
alpha m=0 occupations
   1.0000   1.0000   1.0000   1.0000   1.0000   1.0000
alpha m=1 occupations
   1.0000   1.0000
beta m=-1 occupations
   1.0000   1.0000
beta m=0 occupations
   1.0000   1.0000   1.0000   1.0000
beta m=1 occupations
   1.0000   1.0000
Switching to optimal damping for next iterations
EDIIS+DIIS step
Evaluated energy -526.2761520025 (change from lowest 1.313860e-02)
Density matrix difference 1.876281e-02 between lowest-energy and newest entry


Iteration 64: 64 Fock evaluations energy -526.2892906069 change  0.000000e+00 DIIS error vector rms norm 4.924311e-04
History size 10
alpha m=-1 occupations
   1.0000   1.0000
alpha m=0 occupations
   1.0000   1.0000   1.0000   1.0000   1.0000   1.0000
alpha m=1 occupations
   1.0000   1.0000
beta m=-1 occupations
   1.0000   1.0000
beta m=0 occupations
   1.0000   1.0000   1.0000   1.0000
beta m=1 occupations
   1.0000   1.0000
Switching to optimal damping for next iterations
EDIIS+DIIS step
Evaluated energy -526.2761520022 (change from lowest 1.313860e-02)
Density matrix difference 1.876284e-02 between lowest-energy and newest entry


Iteration 65: 65 Fock evaluations energy -526.2892906069 change  0.000000e+00 DIIS error vector rms norm 4.924311e-04
History size 10
alpha m=-1 occupations
   1.0000   1.0000
alpha m=0 occupations
   1.0000   1.0000   1.0000   1.0000   1.0000   1.0000
alpha m=1 occupations
   1.0000   1.0000
beta m=-1 occupations
   1.0000   1.0000
beta m=0 occupations
   1.0000   1.0000   1.0000   1.0000
beta m=1 occupations
   1.0000   1.0000
Switching to optimal damping for next iterations
EDIIS+DIIS step
Evaluated energy -526.2761524555 (change from lowest 1.313815e-02)
Density matrix difference 1.873505e-02 between lowest-energy and newest entry


Iteration 66: 66 Fock evaluations energy -526.2892906069 change  0.000000e+00 DIIS error vector rms norm 4.924311e-04
History size 10
alpha m=-1 occupations
   1.0000   1.0000
alpha m=0 occupations
   1.0000   1.0000   1.0000   1.0000   1.0000   1.0000
alpha m=1 occupations
   1.0000   1.0000
beta m=-1 occupations
   1.0000   1.0000
beta m=0 occupations
   1.0000   1.0000   1.0000   1.0000
beta m=1 occupations
   1.0000   1.0000
Switching to optimal damping for next iterations
EDIIS+DIIS step
Evaluated energy -526.2761517603 (change from lowest 1.313885e-02)
Density matrix difference 1.877987e-02 between lowest-energy and newest entry


Iteration 67: 67 Fock evaluations energy -526.2892906069 change  0.000000e+00 DIIS error vector rms norm 4.924311e-04
History size 10
alpha m=-1 occupations
   1.0000   1.0000
alpha m=0 occupations
   1.0000   1.0000   1.0000   1.0000   1.0000   1.0000
alpha m=1 occupations
   1.0000   1.0000
beta m=-1 occupations
   1.0000   1.0000
beta m=0 occupations
   1.0000   1.0000   1.0000   1.0000
beta m=1 occupations
   1.0000   1.0000
Switching to optimal damping for next iterations
EDIIS+DIIS step
Evaluated energy -526.2761516586 (change from lowest 1.313895e-02)
Density matrix difference 1.878765e-02 between lowest-energy and newest entry


Iteration 68: 68 Fock evaluations energy -526.2892906069 change  0.000000e+00 DIIS error vector rms norm 4.924311e-04
History size 10
alpha m=-1 occupations
   1.0000   1.0000
alpha m=0 occupations
   1.0000   1.0000   1.0000   1.0000   1.0000   1.0000
alpha m=1 occupations
   1.0000   1.0000
beta m=-1 occupations
   1.0000   1.0000
beta m=0 occupations
   1.0000   1.0000   1.0000   1.0000
beta m=1 occupations
   1.0000   1.0000
Switching to optimal damping for next iterations
EDIIS+DIIS step
Evaluated energy -526.2761514350 (change from lowest 1.313917e-02)
Density matrix difference 1.880746e-02 between lowest-energy and newest entry


Iteration 69: 69 Fock evaluations energy -526.2892906069 change  0.000000e+00 DIIS error vector rms norm 4.924311e-04
History size 10
alpha m=-1 occupations
   1.0000   1.0000
alpha m=0 occupations
   1.0000   1.0000   1.0000   1.0000   1.0000   1.0000
alpha m=1 occupations
   1.0000   1.0000
beta m=-1 occupations
   1.0000   1.0000
beta m=0 occupations
   1.0000   1.0000   1.0000   1.0000
beta m=1 occupations
   1.0000   1.0000
Switching to optimal damping for next iterations
EDIIS+DIIS step
Evaluated energy -526.2761513587 (change from lowest 1.313925e-02)
Density matrix difference 1.881353e-02 between lowest-energy and newest entry


Iteration 70: 70 Fock evaluations energy -526.2892906069 change  0.000000e+00 DIIS error vector rms norm 4.924311e-04
History size 10
alpha m=-1 occupations
   1.0000   1.0000
alpha m=0 occupations
   1.0000   1.0000   1.0000   1.0000   1.0000   1.0000
alpha m=1 occupations
   1.0000   1.0000
beta m=-1 occupations
   1.0000   1.0000
beta m=0 occupations
   1.0000   1.0000   1.0000   1.0000
beta m=1 occupations
   1.0000   1.0000
Switching to optimal damping for next iterations
EDIIS+DIIS step
Evaluated energy -526.2761513061 (change from lowest 1.313930e-02)
Density matrix difference 1.881876e-02 between lowest-energy and newest entry


Iteration 71: 71 Fock evaluations energy -526.2892906069 change  0.000000e+00 DIIS error vector rms norm 4.924311e-04
History size 10
alpha m=-1 occupations
   1.0000   1.0000
alpha m=0 occupations
   1.0000   1.0000   1.0000   1.0000   1.0000   1.0000
alpha m=1 occupations
   1.0000   1.0000
beta m=-1 occupations
   1.0000   1.0000
beta m=0 occupations
   1.0000   1.0000   1.0000   1.0000
beta m=1 occupations
   1.0000   1.0000
Switching to optimal damping for next iterations
EDIIS+DIIS step
Evaluated energy -526.2761512980 (change from lowest 1.313931e-02)
Density matrix difference 1.881959e-02 between lowest-energy and newest entry


Iteration 72: 72 Fock evaluations energy -526.2892906069 change  0.000000e+00 DIIS error vector rms norm 4.924311e-04
History size 10
alpha m=-1 occupations
   1.0000   1.0000
alpha m=0 occupations
   1.0000   1.0000   1.0000   1.0000   1.0000   1.0000
alpha m=1 occupations
   1.0000   1.0000
beta m=-1 occupations
   1.0000   1.0000
beta m=0 occupations
   1.0000   1.0000   1.0000   1.0000
beta m=1 occupations
   1.0000   1.0000
Switching to optimal damping for next iterations
EDIIS+DIIS step
Evaluated energy -526.2761513008 (change from lowest 1.313931e-02)
Density matrix difference 1.881929e-02 between lowest-energy and newest entry


Iteration 73: 73 Fock evaluations energy -526.2892906069 change  0.000000e+00 DIIS error vector rms norm 4.924311e-04
History size 10
alpha m=-1 occupations
   1.0000   1.0000
alpha m=0 occupations
   1.0000   1.0000   1.0000   1.0000   1.0000   1.0000
alpha m=1 occupations
   1.0000   1.0000
beta m=-1 occupations
   1.0000   1.0000
beta m=0 occupations
   1.0000   1.0000   1.0000   1.0000
beta m=1 occupations
   1.0000   1.0000
Switching to optimal damping for next iterations
EDIIS+DIIS step
Evaluated energy -526.2761513095 (change from lowest 1.313930e-02)
Density matrix difference 1.881839e-02 between lowest-energy and newest entry


Iteration 74: 74 Fock evaluations energy -526.2892906069 change  0.000000e+00 DIIS error vector rms norm 4.924311e-04
History size 10
alpha m=-1 occupations
   1.0000   1.0000
alpha m=0 occupations
   1.0000   1.0000   1.0000   1.0000   1.0000   1.0000
alpha m=1 occupations
   1.0000   1.0000
beta m=-1 occupations
   1.0000   1.0000
beta m=0 occupations
   1.0000   1.0000   1.0000   1.0000
beta m=1 occupations
   1.0000   1.0000
Switching to optimal damping for next iterations
EDIIS+DIIS step
Evaluated energy -526.2761513276 (change from lowest 1.313928e-02)
Density matrix difference 1.881656e-02 between lowest-energy and newest entry


Iteration 75: 75 Fock evaluations energy -526.2892906069 change  0.000000e+00 DIIS error vector rms norm 4.924311e-04
History size 10
alpha m=-1 occupations
   1.0000   1.0000
alpha m=0 occupations
   1.0000   1.0000   1.0000   1.0000   1.0000   1.0000
alpha m=1 occupations
   1.0000   1.0000
beta m=-1 occupations
   1.0000   1.0000
beta m=0 occupations
   1.0000   1.0000   1.0000   1.0000
beta m=1 occupations
   1.0000   1.0000
Switching to optimal damping for next iterations
EDIIS+DIIS step
Evaluated energy -526.2761516525 (change from lowest 1.313895e-02)
Density matrix difference 1.878750e-02 between lowest-energy and newest entry


Iteration 76: 76 Fock evaluations energy -526.2892906069 change  0.000000e+00 DIIS error vector rms norm 4.924311e-04
History size 10
alpha m=-1 occupations
   1.0000   1.0000
alpha m=0 occupations
   1.0000   1.0000   1.0000   1.0000   1.0000   1.0000
alpha m=1 occupations
   1.0000   1.0000
beta m=-1 occupations
   1.0000   1.0000
beta m=0 occupations
   1.0000   1.0000   1.0000   1.0000
beta m=1 occupations
   1.0000   1.0000
Switching to optimal damping for next iterations
EDIIS+DIIS step
Evaluated energy -526.2761514274 (change from lowest 1.313918e-02)
Density matrix difference 1.880721e-02 between lowest-energy and newest entry


Iteration 77: 77 Fock evaluations energy -526.2892906069 change  0.000000e+00 DIIS error vector rms norm 4.924311e-04
History size 10
alpha m=-1 occupations
   1.0000   1.0000
alpha m=0 occupations
   1.0000   1.0000   1.0000   1.0000   1.0000   1.0000
alpha m=1 occupations
   1.0000   1.0000
beta m=-1 occupations
   1.0000   1.0000
beta m=0 occupations
   1.0000   1.0000   1.0000   1.0000
beta m=1 occupations
   1.0000   1.0000
Switching to optimal damping for next iterations
EDIIS+DIIS step
Evaluated energy -526.2761514946 (change from lowest 1.313911e-02)
Density matrix difference 1.880124e-02 between lowest-energy and newest entry


Iteration 78: 78 Fock evaluations energy -526.2892906069 change  0.000000e+00 DIIS error vector rms norm 4.924311e-04
History size 10
alpha m=-1 occupations
   1.0000   1.0000
alpha m=0 occupations
   1.0000   1.0000   1.0000   1.0000   1.0000   1.0000
alpha m=1 occupations
   1.0000   1.0000
beta m=-1 occupations
   1.0000   1.0000
beta m=0 occupations
   1.0000   1.0000   1.0000   1.0000
beta m=1 occupations
   1.0000   1.0000
Switching to optimal damping for next iterations
EDIIS+DIIS step
Evaluated energy -526.2761514278 (change from lowest 1.313918e-02)
Density matrix difference 1.880726e-02 between lowest-energy and newest entry


Iteration 79: 79 Fock evaluations energy -526.2892906069 change  0.000000e+00 DIIS error vector rms norm 4.924311e-04
History size 10
alpha m=-1 occupations
   1.0000   1.0000
alpha m=0 occupations
   1.0000   1.0000   1.0000   1.0000   1.0000   1.0000
alpha m=1 occupations
   1.0000   1.0000
beta m=-1 occupations
   1.0000   1.0000
beta m=0 occupations
   1.0000   1.0000   1.0000   1.0000
beta m=1 occupations
   1.0000   1.0000
Switching to optimal damping for next iterations
EDIIS+DIIS step
Evaluated energy -526.2761514381 (change from lowest 1.313917e-02)
Density matrix difference 1.880635e-02 between lowest-energy and newest entry


Iteration 80: 80 Fock evaluations energy -526.2892906069 change  0.000000e+00 DIIS error vector rms norm 4.924311e-04
History size 10
alpha m=-1 occupations
   1.0000   1.0000
alpha m=0 occupations
   1.0000   1.0000   1.0000   1.0000   1.0000   1.0000
alpha m=1 occupations
   1.0000   1.0000
beta m=-1 occupations
   1.0000   1.0000
beta m=0 occupations
   1.0000   1.0000   1.0000   1.0000
beta m=1 occupations
   1.0000   1.0000
Switching to optimal damping for next iterations
EDIIS+DIIS step
Evaluated energy -526.2761514618 (change from lowest 1.313915e-02)
Density matrix difference 1.880424e-02 between lowest-energy and newest entry


Iteration 81: 81 Fock evaluations energy -526.2892906069 change  0.000000e+00 DIIS error vector rms norm 4.924311e-04
History size 10
alpha m=-1 occupations
   1.0000   1.0000
alpha m=0 occupations
   1.0000   1.0000   1.0000   1.0000   1.0000   1.0000
alpha m=1 occupations
   1.0000   1.0000
beta m=-1 occupations
   1.0000   1.0000
beta m=0 occupations
   1.0000   1.0000   1.0000   1.0000
beta m=1 occupations
   1.0000   1.0000
Switching to optimal damping for next iterations
EDIIS+DIIS step
Evaluated energy -526.2761515009 (change from lowest 1.313911e-02)
Density matrix difference 1.880081e-02 between lowest-energy and newest entry


Iteration 82: 82 Fock evaluations energy -526.2892906069 change  0.000000e+00 DIIS error vector rms norm 4.924311e-04
History size 10
alpha m=-1 occupations
   1.0000   1.0000
alpha m=0 occupations
   1.0000   1.0000   1.0000   1.0000   1.0000   1.0000
alpha m=1 occupations
   1.0000   1.0000
beta m=-1 occupations
   1.0000   1.0000
beta m=0 occupations
   1.0000   1.0000   1.0000   1.0000
beta m=1 occupations
   1.0000   1.0000
Switching to optimal damping for next iterations
EDIIS+DIIS step
Evaluated energy -526.2761515577 (change from lowest 1.313905e-02)
Density matrix difference 1.879594e-02 between lowest-energy and newest entry


Iteration 83: 83 Fock evaluations energy -526.2892906069 change  0.000000e+00 DIIS error vector rms norm 4.924311e-04
History size 10
alpha m=-1 occupations
   1.0000   1.0000
alpha m=0 occupations
   1.0000   1.0000   1.0000   1.0000   1.0000   1.0000
alpha m=1 occupations
   1.0000   1.0000
beta m=-1 occupations
   1.0000   1.0000
beta m=0 occupations
   1.0000   1.0000   1.0000   1.0000
beta m=1 occupations
   1.0000   1.0000
Switching to optimal damping for next iterations
EDIIS+DIIS step
Evaluated energy -526.2761516378 (change from lowest 1.313897e-02)
Density matrix difference 1.878940e-02 between lowest-energy and newest entry


Iteration 84: 84 Fock evaluations energy -526.2892906069 change  0.000000e+00 DIIS error vector rms norm 4.924311e-04
History size 10
alpha m=-1 occupations
   1.0000   1.0000
alpha m=0 occupations
   1.0000   1.0000   1.0000   1.0000   1.0000   1.0000
alpha m=1 occupations
   1.0000   1.0000
beta m=-1 occupations
   1.0000   1.0000
beta m=0 occupations
   1.0000   1.0000   1.0000   1.0000
beta m=1 occupations
   1.0000   1.0000
Switching to optimal damping for next iterations
EDIIS+DIIS step
Evaluated energy -526.2761517375 (change from lowest 1.313887e-02)
Density matrix difference 1.878175e-02 between lowest-energy and newest entry


Iteration 85: 85 Fock evaluations energy -526.2892906069 change  0.000000e+00 DIIS error vector rms norm 4.924311e-04
History size 10
alpha m=-1 occupations
   1.0000   1.0000
alpha m=0 occupations
   1.0000   1.0000   1.0000   1.0000   1.0000   1.0000
alpha m=1 occupations
   1.0000   1.0000
beta m=-1 occupations
   1.0000   1.0000
beta m=0 occupations
   1.0000   1.0000   1.0000   1.0000
beta m=1 occupations
   1.0000   1.0000
Switching to optimal damping for next iterations
EDIIS+DIIS step
Evaluated energy -526.2761517137 (change from lowest 1.313889e-02)
Density matrix difference 1.878363e-02 between lowest-energy and newest entry


Iteration 86: 86 Fock evaluations energy -526.2892906069 change  0.000000e+00 DIIS error vector rms norm 4.924311e-04
History size 10
alpha m=-1 occupations
   1.0000   1.0000
alpha m=0 occupations
   1.0000   1.0000   1.0000   1.0000   1.0000   1.0000
alpha m=1 occupations
   1.0000   1.0000
beta m=-1 occupations
   1.0000   1.0000
beta m=0 occupations
   1.0000   1.0000   1.0000   1.0000
beta m=1 occupations
   1.0000   1.0000
Switching to optimal damping for next iterations
EDIIS+DIIS step
Evaluated energy -526.2761516015 (change from lowest 1.313901e-02)
Density matrix difference 1.879303e-02 between lowest-energy and newest entry


Iteration 87: 87 Fock evaluations energy -526.2892906069 change  0.000000e+00 DIIS error vector rms norm 4.924311e-04
History size 10
alpha m=-1 occupations
   1.0000   1.0000
alpha m=0 occupations
   1.0000   1.0000   1.0000   1.0000   1.0000   1.0000
alpha m=1 occupations
   1.0000   1.0000
beta m=-1 occupations
   1.0000   1.0000
beta m=0 occupations
   1.0000   1.0000   1.0000   1.0000
beta m=1 occupations
   1.0000   1.0000
Switching to optimal damping for next iterations
EDIIS+DIIS step
Evaluated energy -526.2761516142 (change from lowest 1.313899e-02)
Density matrix difference 1.879156e-02 between lowest-energy and newest entry


Iteration 88: 88 Fock evaluations energy -526.2892906069 change  0.000000e+00 DIIS error vector rms norm 4.924311e-04
History size 10
alpha m=-1 occupations
   1.0000   1.0000
alpha m=0 occupations
   1.0000   1.0000   1.0000   1.0000   1.0000   1.0000
alpha m=1 occupations
   1.0000   1.0000
beta m=-1 occupations
   1.0000   1.0000
beta m=0 occupations
   1.0000   1.0000   1.0000   1.0000
beta m=1 occupations
   1.0000   1.0000
Switching to optimal damping for next iterations
EDIIS+DIIS step
Evaluated energy -526.2761517188 (change from lowest 1.313889e-02)
Density matrix difference 1.878337e-02 between lowest-energy and newest entry


Iteration 89: 89 Fock evaluations energy -526.2892906069 change  0.000000e+00 DIIS error vector rms norm 4.924311e-04
History size 10
alpha m=-1 occupations
   1.0000   1.0000
alpha m=0 occupations
   1.0000   1.0000   1.0000   1.0000   1.0000   1.0000
alpha m=1 occupations
   1.0000   1.0000
beta m=-1 occupations
   1.0000   1.0000
beta m=0 occupations
   1.0000   1.0000   1.0000   1.0000
beta m=1 occupations
   1.0000   1.0000
Switching to optimal damping for next iterations
EDIIS+DIIS step
Evaluated energy -526.2761518146 (change from lowest 1.313879e-02)
Density matrix difference 1.877604e-02 between lowest-energy and newest entry


Iteration 90: 90 Fock evaluations energy -526.2892906069 change  0.000000e+00 DIIS error vector rms norm 4.924311e-04
History size 10
alpha m=-1 occupations
   1.0000   1.0000
alpha m=0 occupations
   1.0000   1.0000   1.0000   1.0000   1.0000   1.0000
alpha m=1 occupations
   1.0000   1.0000
beta m=-1 occupations
   1.0000   1.0000
beta m=0 occupations
   1.0000   1.0000   1.0000   1.0000
beta m=1 occupations
   1.0000   1.0000
Switching to optimal damping for next iterations
EDIIS+DIIS step
Evaluated energy -526.2761514881 (change from lowest 1.313912e-02)
Density matrix difference 1.880407e-02 between lowest-energy and newest entry


Iteration 91: 91 Fock evaluations energy -526.2892906069 change  0.000000e+00 DIIS error vector rms norm 4.924311e-04
History size 10
alpha m=-1 occupations
   1.0000   1.0000
alpha m=0 occupations
   1.0000   1.0000   1.0000   1.0000   1.0000   1.0000
alpha m=1 occupations
   1.0000   1.0000
beta m=-1 occupations
   1.0000   1.0000
beta m=0 occupations
   1.0000   1.0000   1.0000   1.0000
beta m=1 occupations
   1.0000   1.0000
Switching to optimal damping for next iterations
EDIIS+DIIS step
Evaluated energy -526.2761519666 (change from lowest 1.313864e-02)
Density matrix difference 1.876574e-02 between lowest-energy and newest entry


Iteration 92: 92 Fock evaluations energy -526.2892906069 change  0.000000e+00 DIIS error vector rms norm 4.924311e-04
History size 10
alpha m=-1 occupations
   1.0000   1.0000
alpha m=0 occupations
   1.0000   1.0000   1.0000   1.0000   1.0000   1.0000
alpha m=1 occupations
   1.0000   1.0000
beta m=-1 occupations
   1.0000   1.0000
beta m=0 occupations
   1.0000   1.0000   1.0000   1.0000
beta m=1 occupations
   1.0000   1.0000
Switching to optimal damping for next iterations
EDIIS+DIIS step
Evaluated energy -526.2761519634 (change from lowest 1.313864e-02)
Density matrix difference 1.876584e-02 between lowest-energy and newest entry


Iteration 93: 93 Fock evaluations energy -526.2892906069 change  0.000000e+00 DIIS error vector rms norm 4.924311e-04
History size 10
alpha m=-1 occupations
   1.0000   1.0000
alpha m=0 occupations
   1.0000   1.0000   1.0000   1.0000   1.0000   1.0000
alpha m=1 occupations
   1.0000   1.0000
beta m=-1 occupations
   1.0000   1.0000
beta m=0 occupations
   1.0000   1.0000   1.0000   1.0000
beta m=1 occupations
   1.0000   1.0000
Switching to optimal damping for next iterations
EDIIS+DIIS step
Evaluated energy -526.2761519785 (change from lowest 1.313863e-02)
Density matrix difference 1.876483e-02 between lowest-energy and newest entry


Iteration 94: 94 Fock evaluations energy -526.2892906069 change  0.000000e+00 DIIS error vector rms norm 4.924311e-04
History size 10
alpha m=-1 occupations
   1.0000   1.0000
alpha m=0 occupations
   1.0000   1.0000   1.0000   1.0000   1.0000   1.0000
alpha m=1 occupations
   1.0000   1.0000
beta m=-1 occupations
   1.0000   1.0000
beta m=0 occupations
   1.0000   1.0000   1.0000   1.0000
beta m=1 occupations
   1.0000   1.0000
Switching to optimal damping for next iterations
EDIIS+DIIS step
Evaluated energy -526.2761519700 (change from lowest 1.313864e-02)
Density matrix difference 1.876538e-02 between lowest-energy and newest entry


Iteration 95: 95 Fock evaluations energy -526.2892906069 change  0.000000e+00 DIIS error vector rms norm 4.924311e-04
History size 10
alpha m=-1 occupations
   1.0000   1.0000
alpha m=0 occupations
   1.0000   1.0000   1.0000   1.0000   1.0000   1.0000
alpha m=1 occupations
   1.0000   1.0000
beta m=-1 occupations
   1.0000   1.0000
beta m=0 occupations
   1.0000   1.0000   1.0000   1.0000
beta m=1 occupations
   1.0000   1.0000
Switching to optimal damping for next iterations
EDIIS+DIIS step
Evaluated energy -526.2761519668 (change from lowest 1.313864e-02)
Density matrix difference 1.876557e-02 between lowest-energy and newest entry


Iteration 96: 96 Fock evaluations energy -526.2892906069 change  0.000000e+00 DIIS error vector rms norm 4.924311e-04
History size 10
alpha m=-1 occupations
   1.0000   1.0000
alpha m=0 occupations
   1.0000   1.0000   1.0000   1.0000   1.0000   1.0000
alpha m=1 occupations
   1.0000   1.0000
beta m=-1 occupations
   1.0000   1.0000
beta m=0 occupations
   1.0000   1.0000   1.0000   1.0000
beta m=1 occupations
   1.0000   1.0000
Switching to optimal damping for next iterations
EDIIS+DIIS step
Evaluated energy -526.2761520494 (change from lowest 1.313856e-02)
Density matrix difference 1.875980e-02 between lowest-energy and newest entry


Iteration 97: 97 Fock evaluations energy -526.2892906069 change  0.000000e+00 DIIS error vector rms norm 4.924311e-04
History size 10
alpha m=-1 occupations
   1.0000   1.0000
alpha m=0 occupations
   1.0000   1.0000   1.0000   1.0000   1.0000   1.0000
alpha m=1 occupations
   1.0000   1.0000
beta m=-1 occupations
   1.0000   1.0000
beta m=0 occupations
   1.0000   1.0000   1.0000   1.0000
beta m=1 occupations
   1.0000   1.0000
Switching to optimal damping for next iterations
EDIIS+DIIS step
Evaluated energy -526.2761522358 (change from lowest 1.313837e-02)
Density matrix difference 1.874814e-02 between lowest-energy and newest entry


Iteration 98: 98 Fock evaluations energy -526.2892906069 change  0.000000e+00 DIIS error vector rms norm 4.924311e-04
History size 10
alpha m=-1 occupations
   1.0000   1.0000
alpha m=0 occupations
   1.0000   1.0000   1.0000   1.0000   1.0000   1.0000
alpha m=1 occupations
   1.0000   1.0000
beta m=-1 occupations
   1.0000   1.0000
beta m=0 occupations
   1.0000   1.0000   1.0000   1.0000
beta m=1 occupations
   1.0000   1.0000
Switching to optimal damping for next iterations
EDIIS+DIIS step
Evaluated energy -526.2761520228 (change from lowest 1.313858e-02)
Density matrix difference 1.876184e-02 between lowest-energy and newest entry


Iteration 99: 99 Fock evaluations energy -526.2892906069 change  0.000000e+00 DIIS error vector rms norm 4.924311e-04
History size 10
alpha m=-1 occupations
   1.0000   1.0000
alpha m=0 occupations
   1.0000   1.0000   1.0000   1.0000   1.0000   1.0000
alpha m=1 occupations
   1.0000   1.0000
beta m=-1 occupations
   1.0000   1.0000
beta m=0 occupations
   1.0000   1.0000   1.0000   1.0000
beta m=1 occupations
   1.0000   1.0000
Switching to optimal damping for next iterations
EDIIS+DIIS step
Evaluated energy -526.2761520133 (change from lowest 1.313859e-02)
Density matrix difference 1.876236e-02 between lowest-energy and newest entry


Iteration 100: 100 Fock evaluations energy -526.2892906069 change  0.000000e+00 DIIS error vector rms norm 4.924311e-04
History size 10
alpha m=-1 occupations
   1.0000   1.0000
alpha m=0 occupations
   1.0000   1.0000   1.0000   1.0000   1.0000   1.0000
alpha m=1 occupations
   1.0000   1.0000
beta m=-1 occupations
   1.0000   1.0000
beta m=0 occupations
   1.0000   1.0000   1.0000   1.0000
beta m=1 occupations
   1.0000   1.0000
Switching to optimal damping for next iterations
EDIIS+DIIS step
Evaluated energy -526.2761515948 (change from lowest 1.313901e-02)
Density matrix difference 1.879719e-02 between lowest-energy and newest entry

Running program took 18.60 s.
