ERKALE - HF/DFT from Hel, OpenMP version, running on 8 cores.
(c) Susi Lehtola, 2010-2016.

This program is free software; you can redistribute it and/or modify
it under the terms of the GNU General Public License as published by
the Free Software Foundation; either version 2 of the License, or
(at your option) any later version.

Running on host silver.

Current time is Tue 20 Jan 2026 14:44:47.

Current Settings used by ERKALE:
     AtomGuess      	                Auto	Method used for atomic guess (Auto for same as method)
     Basis          	         aug-cc-pV5Z	Basis set used in calculation
     BasisCutoff    	           1.000e-08	Cutoff for dropping out small primitives from contraction
     BasisOrth      	                Auto	Method of orthonormalization of basis set
     BasisRotate    	               false	Rotate basis set to remove redundant functions?
     Charge         	                   0	Total charge of system
     CholDepThresh  	           1.000e-07	Partial Cholesky decomposition threshold
     Cholesky       	                true	Use Cholesky decomposition?
     CholeskyMode   	                   0	Save/load integrals? 0 no, 1 save, -1 load
     CholeskyNAFThr 	           0.000e+00	Cholesky natural auxiliary function threshold
     CholeskyShThr  	           1.000e-02	Cholesky cache threshold
     CholeskyThr    	           1.000e-07	Cholesky decomposition threshold
     Complexbas     	                true	Use complex basis?
     Confinement    	         0.0 0.0 0.0	Confinement potential V(r) = V_i x_i^2
     ConvThr        	           1.000e-06	Orbital gradient convergence threshold
     DFTBasisThr    	           1.000e-10	Threshold for screening basis functions on grid
     DFTCpars       	                    	Override parameters of correlation functional (expert)
     DFTDelta       	           1.000e+02	Switch to final DFT grid has converged within factor X
     DFTDensityThr  	           1.000e-10	Threshold for screening density on grid
     DFTFinalTol    	           1.000e-05	Tolerance of final DFT grid
     DFTGrid        	             75 -302	DFT integration grid to use: nrad lmax or Auto for adaptive
     DFTInitialTol  	           1.000e-04	Tolerance of initial DFT grid
     DFTLobatto     	               false	Use Lobatto quadrature instead of Lebedev quadrature?
     DFTQuadThresh  	           2.220e-16	Threshold for pruning points with small quadrature weight
     DFTXpars       	                    	Override parameters of exchange functional (expert)
     DIISComb       	               false	Combine alpha and beta errors in unrestricted calcs?
     DIISEps        	           1.000e-01	Start mixing in DIIS when error is
     DIISOrder      	                  10	How many DIIS iterations to keep in memory?
     DIISThr        	           1.000e-02	DIIS error threshold for DIIS updates
     DecFock        	               false	Use decontracted basis to calculate Fock matrix (direct HF)
     Decontract     	                   *	Indices of atoms to decontract basis set for
     DensityFitting 	               false	Use density fitting / RI?
     Direct         	               false	Calculate two-electron integrals (or density fitting) on-the-fly?
     EField         	         0.0 0.0 0.0	Electric field
     ErrorNorm      	                 rms	Error norm to use in the SCF code
     FittingBasis   	                Auto	Basis to use for density fitting / RI (Auto for automatic)
     FittingCholeskyThreshold	           1.000e-08	Linear dependence threshold for pivoted Cholesky of Coulomb integrals in density fitting
     FittingMemory  	                1000	Amount of memory in MB to use for exchange fitting
     FittingThreshold	           1.000e-07	Linear dependence threshold for Coulomb integrals in density fitting
     Guess          	              sapfit	Used guess: SAD (default), SADNO, core, GWH, SAP, or SAPfit
     InitConvThr    	           1.000e-05	Initialization convergence threshold
     InputBohr      	               false	Use atomic units as input units instead of angstrom?
     IntegralThresh 	           1.000e-10	Integral screening threshold
     Kgwh           	           1.750e+00	Scaling constant for GWH
     LinDepThresh   	           1.000e-05	Basis set linear dependency threshold
     LinearB        	           3.000e-01	Magnetic field along bond axis
     LinearFreeze   	               false	If using linear symmetry, freeze symmetry to input guess
     LinearOccupationFile	      ../../H_2.occs	File to read linear occupations from
     LinearOccupations	                  -1	Read in occupations for linear molecule calculations?
     LinearSymmetry 	                true	Do special calculation on linear molecule along z axis
     LoadChk        	                    	Checkpoint file to load from
     Logfile        	          erkale.log	File to print out full information, stdout for screen
     MaxInitIter    	                  50	Maximum number of iterations in the stepwise solutions
     MaxIter        	                 100	Maximum number of iterations in SCF cycle
     Method         	                  HF	Method used in calculation (HF or a DFT functional)
     Multiplicity   	                   2	Spin multiplicity
     NLGrid         	             50 -194	Integration grid to use for nonlocal correlation: nrad lmax
     Occupancies    	                    	Orbital occupancies
     OptLM          	               false	If spherical harmonics used, use cartesian s and p functions?
     PZ             	               false	Perform Perdew-Zunger self-interaction correction?
     PZEthr         	           1.000e-10	Threshold for energy convergence
     PZIthr         	           1.000e-02	Threshold for initialization convergence (not too small!)
     PZNRthr        	           0.000e+00	Threshold for use of NR method in OO optimization
     PZOOthr        	           1.000e-04	Gradient threshold for OO optimization
     PZOVthr        	           1.000e-05	Gradient threshold for OV optimization
     PZimag         	                Auto	Imaginary degrees of freedom in PZ?
     PZiter         	                  20	Max number of iterations in self-consistency iteration
     PZloc          	                Auto	Initial localization before SIC calculation?
     PZlocmet       	                  FB	Initial localization method (recommend FB or IAO)
     PZmode         	                  XC	Apply PZ to the operators (in addition to J): X C D
     PZoo           	                true	Optimize OO block?
     PZov           	                true	Optimize OV block?
     PZprec         	                   1	Precondition OV block? 0: no, 1: unified, 2: orbital
     PZrand         	                true	Apply random rotation in PZ initialization? (Should be true)
     PZscale        	            Constant	Scaling for PZ: Constant, Density or Kinetic
     PZscaleExp     	           1.000e+00	Exponent in the dynamic scaling equation
     PZseed         	                   0	Seed number for randomized matrices?
     PZstab         	                   0	Stability analysis for PZ-SIC? 1 or -1 for OO, 2 or -2 for OO+OV
     PZstabThr      	           1.000e-03	Instability threshold (interpreted as -thr)
     PZw            	           1.000e+00	Weight for Perdew-Zunger self-interaction correction
     Restricted     	               false	Spin restricted?
     SAPBasis       	    helfem_large.gbs	Tabulated atomic effective potential "basis set"
     SAPGrid        	                    	SAP integration grid to use: nrad lmax or leave empty
     SaveChk        	   complex_basis.chk	Checkpoint file to save to
     Shift          	           0.000e+00	Level shift to use in Hartree
     System         	        ../atoms.xyz	System as an xyz file
     TRRHminS       	           9.750e-01	Trust-Region Roothaan-Hall minimal occupied orbital overlap
     UseADIIS       	                true	Use ADIIS for Fock matrix interpolation?
     UseBroyden     	               false	Use Broyden mixing of Fock matrices?
     UseDIIS        	                true	Use Pulay's Direct Inversion in the Iterative Subspace?
     UseLM          	                true	Use a spherical harmonics basis set by default?
     UseTRRH        	               false	Use Trust-Region Roothaan-Hall?
     VV10           	                Auto	Use VV10 non-local correlation?
     VV10Pars       	                    	VV10 parameters: b C
     Verbose        	                true	Verbose calculation?
     Verbosity      	                   5	Verboseness level

Basis set aug-cc-pV5Z found in file aug-cc-pV5Z.gbs in /home/lehtola/programs/erkale/basis/.
Basis set helfem_large.gbs found in file helfem_large.gbs in /home/lehtola/programs/erkale/basis/.
Screening by shell pairs and symmetry reduced dofs by factor 1.98.
Individual screening reduced dofs by a total factor 1.98.
Computing Cholesky vectors. Estimated memory size is 6 Mi - 22 Mi.
Cholesky vectors no     0 -     0 computed, error is 2.861063e+00 (0.04 s).
Cholesky vectors no     1 -     1 computed, error is 1.307628e+00 (0.03 s).
Cholesky vectors no     2 -     7 computed, error is 4.106316e-01 (0.16 s).
Cholesky vectors no     8 -    10 computed, error is 3.949166e-01 (0.07 s).
Cholesky vectors no    11 -    55 computed, error is 2.558455e-01 (0.40 s).
Cholesky vectors no    56 -    56 computed, error is 1.881829e-01 (0.00 s).
Cholesky vectors no    57 -   101 computed, error is 1.620990e-01 (0.01 s).
Cholesky vectors no   102 -   137 computed, error is 6.429443e-02 (0.01 s).
Cholesky vectors no   138 -   147 computed, error is 5.490673e-02 (0.00 s).
Cholesky vectors no   148 -   153 computed, error is 4.442282e-02 (0.00 s).
Cholesky vectors no   154 -   168 computed, error is 4.351419e-02 (0.01 s).
Cholesky vectors no   169 -   178 computed, error is 3.183976e-02 (0.00 s).
Cholesky vectors no   179 -   179 computed, error is 2.626731e-02 (0.00 s).
Cholesky vectors no   180 -   189 computed, error is 1.704029e-02 (0.00 s).
Cholesky vectors no   190 -   217 computed, error is 1.132502e-02 (0.01 s).
Cholesky vectors no   218 -   238 computed, error is 9.801368e-03 (0.01 s).
Cholesky vectors no   239 -   241 computed, error is 6.314634e-03 (0.00 s).
Cholesky vectors no   242 -   242 computed, error is 6.195610e-03 (0.00 s).
Cholesky vectors no   243 -   263 computed, error is 5.294456e-03 (0.01 s).
Cholesky vectors no   264 -   278 computed, error is 5.224488e-03 (0.01 s).
Cholesky vectors no   279 -   310 computed, error is 4.197949e-03 (0.02 s).
Cholesky vectors no   311 -   331 computed, error is 2.327937e-03 (0.01 s).
Cholesky vectors no   332 -   359 computed, error is 2.000325e-03 (0.01 s).
Cholesky vectors no   360 -   393 computed, error is 1.832405e-03 (0.01 s).
Cholesky vectors no   394 -   421 computed, error is 1.751907e-03 (0.02 s).
Cholesky vectors no   422 -   422 computed, error is 8.511064e-04 (0.00 s).
Cholesky vectors no   423 -   458 computed, error is 3.932557e-04 (0.01 s).
Cholesky vectors no   459 -   461 computed, error is 3.271177e-04 (0.00 s).
Cholesky vectors no   462 -   464 computed, error is 2.807877e-04 (0.00 s).
Cholesky vectors no   465 -   467 computed, error is 2.348136e-04 (0.00 s).
Cholesky vectors no   468 -   512 computed, error is 1.756854e-04 (0.03 s).
Cholesky vectors no   513 -   517 computed, error is 1.160469e-04 (0.00 s).
Cholesky vectors no   518 -   518 computed, error is 6.495753e-05 (0.00 s).
Cholesky vectors no   519 -   523 computed, error is 5.456331e-05 (0.00 s).
Cholesky vectors no   524 -   530 computed, error is 1.093489e-05 (0.00 s).
Cholesky vectors no   531 -   539 computed, error is 7.176262e-06 (0.00 s).
Cholesky vectors no   540 -   557 computed, error is 6.450832e-06 (0.01 s).
Cholesky vectors no   558 -   584 computed, error is 5.098268e-06 (0.01 s).
Cholesky vectors no   585 -   600 computed, error is 4.227570e-06 (0.02 s).
Cholesky vectors no   601 -   601 computed, error is 1.769407e-06 (0.00 s).
Cholesky vectors no   602 -   628 computed, error is 1.558169e-06 (0.01 s).
Cholesky vectors no   629 -   635 computed, error is 1.247544e-06 (0.00 s).
Cholesky vectors no   636 -   659 computed, error is 1.131154e-06 (0.01 s).
Cholesky vectors no   660 -   674 computed, error is 7.509950e-07 (0.01 s).
Cholesky vectors no   675 -   675 computed, error is 7.393823e-07 (0.00 s).
Cholesky vectors no   676 -   676 computed, error is 6.441200e-07 (0.00 s).
Cholesky vectors no   677 -   681 computed, error is 4.943030e-07 (0.00 s).
Cholesky vectors no   682 -   684 computed, error is 1.625867e-07 (0.00 s).
Cholesky vectors no   685 -   689 computed, error is 1.378391e-07 (0.00 s).
Cholesky vectors no   690 -   702 computed, error is 1.157461e-07 (0.02 s).
Cholesky vectors no   703 -   717 computed, error is 9.262678e-08 (0.01 s).
Cholesky decomposition finished in 1.27 s. Realized memory size is 21 Mi 283 ki.
Time use: integrals 21.4 %, linear algebra 78.6 %.
276 shell pairs and 1 nuclei
SAP potential formed in 0.005 s.
Smallest eigenvalue of overlap matrix is 7.45e-01, reciprocal condition number is 5.93e-01.
Using symmetric orthogonalization.
Smallest eigenvalue of overlap matrix is 3.11e-01, reciprocal condition number is 1.74e-01.
Using symmetric orthogonalization.
Smallest eigenvalue of overlap matrix is 9.35e-02, reciprocal condition number is 4.00e-02.
Using symmetric orthogonalization.
Smallest eigenvalue of overlap matrix is 4.26e-02, reciprocal condition number is 1.54e-02.
Using symmetric orthogonalization.
Smallest eigenvalue of overlap matrix is 8.61e-03, reciprocal condition number is 2.29e-03.
Using symmetric orthogonalization.
Smallest eigenvalue of overlap matrix is 4.26e-02, reciprocal condition number is 1.54e-02.
Using symmetric orthogonalization.
Smallest eigenvalue of overlap matrix is 9.35e-02, reciprocal condition number is 4.00e-02.
Using symmetric orthogonalization.
Smallest eigenvalue of overlap matrix is 3.11e-01, reciprocal condition number is 1.74e-01.
Using symmetric orthogonalization.
Smallest eigenvalue of overlap matrix is 7.45e-01, reciprocal condition number is 5.93e-01.
Using symmetric orthogonalization.
Nela = 1 Nelb = 0



Solving SCF
Evaluated energy -0.2323872446 (change from lowest -2.323872e-01)


Iteration 1: 1 Fock evaluations energy -0.2323872446 change -2.323872e-01 DIIS error vector rms norm 3.965670e-03
History size 1
alpha m=-1 occupations
   1.0000
EDIIS+DIIS step
Evaluated energy -0.2761692751 (change from lowest -4.378203e-02)
Density matrix difference 2.362654e-02 between lowest-energy and newest entry


Iteration 2: 2 Fock evaluations energy -0.2761692751 change -4.378203e-02 DIIS error vector rms norm 1.511591e-03
History size 2
alpha m=-1 occupations
   1.0000
EDIIS+DIIS step
Evaluated energy -0.2830935826 (change from lowest -6.924308e-03)
Density matrix difference 1.244037e-02 between lowest-energy and newest entry


Iteration 3: 3 Fock evaluations energy -0.2830935826 change -6.924308e-03 DIIS error vector rms norm 1.768538e-04
History size 3
alpha m=-1 occupations
   1.0000
EDIIS+DIIS step
Evaluated energy -0.2831639599 (change from lowest -7.037730e-05)
Density matrix difference 1.256032e-03 between lowest-energy and newest entry


Iteration 4: 4 Fock evaluations energy -0.2831639599 change -7.037730e-05 DIIS error vector rms norm 1.542150e-05
History size 4
alpha m=-1 occupations
   1.0000
DIIS step
Evaluated energy -0.2831642710 (change from lowest -3.110863e-07)
Density matrix difference 7.219298e-05 between lowest-energy and newest entry


Iteration 5: 5 Fock evaluations energy -0.2831642710 change -3.110863e-07 DIIS error vector rms norm 8.572876e-07
History size 5
Converged to energy -0.2831642710!

Running program took 1.52 s.
