ERKALE - HF/DFT from Hel, OpenMP version, running on 8 cores.
(c) Susi Lehtola, 2010-2016.

This program is free software; you can redistribute it and/or modify
it under the terms of the GNU General Public License as published by
the Free Software Foundation; either version 2 of the License, or
(at your option) any later version.

Running on host silver.

Current time is Sun 15 Mar 2026 12:29:16.

Current Settings used by ERKALE:
     AtomGuess      	                Auto	Method used for atomic guess (Auto for same as method)
     Basis          	             cc-pVDZ	Basis set used in calculation
     BasisCutoff    	           1.000e-08	Cutoff for dropping out small primitives from contraction
     BasisOrth      	                Auto	Method of orthonormalization of basis set
     BasisRotate    	               false	Rotate basis set to remove redundant functions?
     Charge         	                   0	Total charge of system
     CholDepThresh  	           1.000e-07	Partial Cholesky decomposition threshold
     Cholesky       	                true	Use Cholesky decomposition?
     CholeskyMode   	                   0	Save/load integrals? 0 no, 1 save, -1 load
     CholeskyNAFThr 	           0.000e+00	Cholesky natural auxiliary function threshold
     CholeskyShThr  	           1.000e-02	Cholesky cache threshold
     CholeskyThr    	           1.000e-07	Cholesky decomposition threshold
     Complexbas     	                true	Use complex basis?
     Confinement    	         0.0 0.0 0.0	Confinement potential V(r) = V_i x_i^2
     ConvThr        	           1.000e-06	Orbital gradient convergence threshold
     DFTBasisThr    	           1.000e-10	Threshold for screening basis functions on grid
     DFTCpars       	                    	Override parameters of correlation functional (expert)
     DFTDelta       	           1.000e+02	Switch to final DFT grid has converged within factor X
     DFTDensityThr  	           1.000e-10	Threshold for screening density on grid
     DFTFinalTol    	           1.000e-05	Tolerance of final DFT grid
     DFTGrid        	             75 -302	DFT integration grid to use: nrad lmax or Auto for adaptive
     DFTInitialTol  	           1.000e-04	Tolerance of initial DFT grid
     DFTLobatto     	               false	Use Lobatto quadrature instead of Lebedev quadrature?
     DFTQuadThresh  	           2.220e-16	Threshold for pruning points with small quadrature weight
     DFTXpars       	                    	Override parameters of exchange functional (expert)
     DIISComb       	               false	Combine alpha and beta errors in unrestricted calcs?
     DIISEps        	           1.000e-01	Start mixing in DIIS when error is
     DIISOrder      	                  10	How many DIIS iterations to keep in memory?
     DIISThr        	           1.000e-02	DIIS error threshold for DIIS updates
     DecFock        	               false	Use decontracted basis to calculate Fock matrix (direct HF)
     Decontract     	                   *	Indices of atoms to decontract basis set for
     DensityFitting 	               false	Use density fitting / RI?
     Direct         	               false	Calculate two-electron integrals (or density fitting) on-the-fly?
     EField         	         0.0 0.0 0.0	Electric field
     ErrorNorm      	                 rms	Error norm to use in the SCF code
     FittingBasis   	                Auto	Basis to use for density fitting / RI (Auto for automatic)
     FittingCholeskyThreshold	           1.000e-08	Linear dependence threshold for pivoted Cholesky of Coulomb integrals in density fitting
     FittingMemory  	                1000	Amount of memory in MB to use for exchange fitting
     FittingThreshold	           1.000e-07	Linear dependence threshold for Coulomb integrals in density fitting
     Guess          	                core	Used guess: SAD (default), SADNO, core, GWH, SAP, or SAPfit
     InitConvThr    	           1.000e-05	Initialization convergence threshold
     InputBohr      	               false	Use atomic units as input units instead of angstrom?
     IntegralThresh 	           1.000e-10	Integral screening threshold
     Kgwh           	           1.750e+00	Scaling constant for GWH
     LinDepThresh   	           1.000e-05	Basis set linear dependency threshold
     LinearB        	           4.400e-01	Magnetic field along bond axis
     LinearFreeze   	               false	If using linear symmetry, freeze symmetry to input guess
     LinearOccupationFile	     ../../Ar_1.occs	File to read linear occupations from
     LinearOccupations	                  -1	Read in occupations for linear molecule calculations?
     LinearSymmetry 	                true	Do special calculation on linear molecule along z axis
     LoadChk        	                    	Checkpoint file to load from
     Logfile        	          erkale.log	File to print out full information, stdout for screen
     MaxInitIter    	                 100	Maximum number of iterations in the stepwise solutions
     MaxIter        	                 100	Maximum number of iterations in SCF cycle
     Method         	                  HF	Method used in calculation (HF or a DFT functional)
     Multiplicity   	                   3	Spin multiplicity
     NLGrid         	             50 -194	Integration grid to use for nonlocal correlation: nrad lmax
     Occupancies    	                    	Orbital occupancies
     OptLM          	               false	If spherical harmonics used, use cartesian s and p functions?
     PZ             	               false	Perform Perdew-Zunger self-interaction correction?
     PZEthr         	           1.000e-10	Threshold for energy convergence
     PZIthr         	           1.000e-02	Threshold for initialization convergence (not too small!)
     PZNRthr        	           0.000e+00	Threshold for use of NR method in OO optimization
     PZOOthr        	           1.000e-04	Gradient threshold for OO optimization
     PZOVthr        	           1.000e-05	Gradient threshold for OV optimization
     PZimag         	                Auto	Imaginary degrees of freedom in PZ?
     PZiter         	                  20	Max number of iterations in self-consistency iteration
     PZloc          	                Auto	Initial localization before SIC calculation?
     PZlocmet       	                  FB	Initial localization method (recommend FB or IAO)
     PZmode         	                  XC	Apply PZ to the operators (in addition to J): X C D
     PZoo           	                true	Optimize OO block?
     PZov           	                true	Optimize OV block?
     PZprec         	                   1	Precondition OV block? 0: no, 1: unified, 2: orbital
     PZrand         	                true	Apply random rotation in PZ initialization? (Should be true)
     PZscale        	            Constant	Scaling for PZ: Constant, Density or Kinetic
     PZscaleExp     	           1.000e+00	Exponent in the dynamic scaling equation
     PZseed         	                   0	Seed number for randomized matrices?
     PZstab         	                   0	Stability analysis for PZ-SIC? 1 or -1 for OO, 2 or -2 for OO+OV
     PZstabThr      	           1.000e-03	Instability threshold (interpreted as -thr)
     PZw            	           1.000e+00	Weight for Perdew-Zunger self-interaction correction
     Restricted     	               false	Spin restricted?
     SAPBasis       	    helfem_large.gbs	Tabulated atomic effective potential "basis set"
     SAPGrid        	                    	SAP integration grid to use: nrad lmax or leave empty
     SaveChk        	   complex_basis.chk	Checkpoint file to save to
     Shift          	           0.000e+00	Level shift to use in Hartree
     System         	        ../atoms.xyz	System as an xyz file
     TRRHminS       	           9.750e-01	Trust-Region Roothaan-Hall minimal occupied orbital overlap
     UseADIIS       	                true	Use ADIIS for Fock matrix interpolation?
     UseBroyden     	               false	Use Broyden mixing of Fock matrices?
     UseDIIS        	                true	Use Pulay's Direct Inversion in the Iterative Subspace?
     UseLM          	                true	Use a spherical harmonics basis set by default?
     UseTRRH        	               false	Use Trust-Region Roothaan-Hall?
     VV10           	                Auto	Use VV10 non-local correlation?
     VV10Pars       	                    	VV10 parameters: b C
     Verbose        	                true	Verbose calculation?
     Verbosity      	                   5	Verboseness level

Basis set cc-pVDZ found in file cc-pVDZ.gbs in /home/lehtola/programs/erkale/basis/.
Basis set helfem_large.gbs found in file helfem_large.gbs in /home/lehtola/programs/erkale/basis/.
Screening by shell pairs and symmetry reduced dofs by factor 1.95.
Individual screening reduced dofs by a total factor 1.95.
Computing Cholesky vectors. Estimated memory size is 827 ki - 2 Mi.
Cholesky vectors no     0 -     0 computed, error is 5.446393e+01 (0.00 s).
Cholesky vectors no     1 -     1 computed, error is 2.009951e+01 (0.00 s).
Cholesky vectors no     2 -     2 computed, error is 7.309115e+00 (0.00 s).
Cholesky vectors no     3 -     8 computed, error is 3.992353e+00 (0.00 s).
Cholesky vectors no     9 -    11 computed, error is 3.093622e+00 (0.00 s).
Cholesky vectors no    12 -    17 computed, error is 2.233717e+00 (0.00 s).
Cholesky vectors no    18 -    18 computed, error is 1.208432e+00 (0.00 s).
Cholesky vectors no    19 -    21 computed, error is 8.916646e-01 (0.00 s).
Cholesky vectors no    22 -    27 computed, error is 7.591195e-01 (0.00 s).
Cholesky vectors no    28 -    33 computed, error is 6.023745e-01 (0.00 s).
Cholesky vectors no    34 -    34 computed, error is 4.969405e-01 (0.00 s).
Cholesky vectors no    35 -    37 computed, error is 3.477305e-01 (0.00 s).
Cholesky vectors no    38 -    52 computed, error is 2.275904e-01 (0.00 s).
Cholesky vectors no    53 -    55 computed, error is 1.575975e-01 (0.00 s).
Cholesky vectors no    56 -    58 computed, error is 9.662898e-02 (0.00 s).
Cholesky vectors no    59 -    64 computed, error is 8.352745e-02 (0.00 s).
Cholesky vectors no    65 -    67 computed, error is 7.092121e-02 (0.00 s).
Cholesky vectors no    68 -    77 computed, error is 6.783489e-02 (0.00 s).
Cholesky vectors no    78 -    83 computed, error is 4.861480e-02 (0.00 s).
Cholesky vectors no    84 -    86 computed, error is 4.075837e-02 (0.00 s).
Cholesky vectors no    87 -    87 computed, error is 3.874027e-02 (0.00 s).
Cholesky vectors no    88 -    93 computed, error is 2.565149e-02 (0.00 s).
Cholesky vectors no    94 -    94 computed, error is 1.615534e-02 (0.00 s).
Cholesky vectors no    95 -   100 computed, error is 1.569076e-02 (0.00 s).
Cholesky vectors no   101 -   103 computed, error is 9.202217e-03 (0.00 s).
Cholesky vectors no   104 -   106 computed, error is 8.642043e-03 (0.00 s).
Cholesky vectors no   107 -   109 computed, error is 5.780661e-03 (0.00 s).
Cholesky vectors no   110 -   112 computed, error is 4.410836e-03 (0.00 s).
Cholesky vectors no   113 -   122 computed, error is 2.356365e-03 (0.00 s).
Cholesky vectors no   123 -   128 computed, error is 1.748824e-03 (0.00 s).
Cholesky vectors no   129 -   129 computed, error is 1.182862e-03 (0.00 s).
Cholesky vectors no   130 -   132 computed, error is 6.813861e-04 (0.00 s).
Cholesky vectors no   133 -   142 computed, error is 5.403284e-04 (0.00 s).
Cholesky vectors no   143 -   148 computed, error is 4.292679e-04 (0.00 s).
Cholesky vectors no   149 -   158 computed, error is 3.737150e-04 (0.00 s).
Cholesky vectors no   159 -   164 computed, error is 2.587704e-04 (0.00 s).
Cholesky vectors no   165 -   167 computed, error is 1.970786e-04 (0.00 s).
Cholesky vectors no   168 -   173 computed, error is 1.841121e-04 (0.00 s).
Cholesky vectors no   174 -   176 computed, error is 8.262949e-05 (0.00 s).
Cholesky vectors no   177 -   177 computed, error is 7.562607e-05 (0.00 s).
Cholesky vectors no   178 -   183 computed, error is 6.564062e-05 (0.00 s).
Cholesky vectors no   184 -   190 computed, error is 3.199172e-05 (0.00 s).
Cholesky vectors no   191 -   191 computed, error is 2.277989e-05 (0.00 s).
Cholesky vectors no   192 -   194 computed, error is 1.318499e-05 (0.00 s).
Cholesky vectors no   195 -   200 computed, error is 7.343232e-06 (0.00 s).
Cholesky vectors no   201 -   201 computed, error is 5.244077e-06 (0.00 s).
Cholesky vectors no   202 -   208 computed, error is 4.295966e-06 (0.00 s).
Cholesky vectors no   209 -   211 computed, error is 3.636127e-06 (0.00 s).
Cholesky vectors no   212 -   212 computed, error is 2.659637e-06 (0.00 s).
Cholesky vectors no   213 -   218 computed, error is 2.224770e-06 (0.00 s).
Cholesky vectors no   219 -   221 computed, error is 1.632268e-06 (0.00 s).
Cholesky vectors no   222 -   222 computed, error is 3.378795e-07 (0.00 s).
Cholesky vectors no   223 -   225 computed, error is 2.765566e-07 (0.00 s).
Cholesky vectors no   226 -   230 computed, error is 2.448420e-07 (0.00 s).
Cholesky vectors no   231 -   237 computed, error is 1.303099e-07 (0.00 s).
Cholesky vectors no   238 -   238 computed, error is 1.255047e-07 (0.00 s).
Cholesky vectors no   239 -   244 computed, error is 7.978708e-08 (0.00 s).
Cholesky decomposition finished in 0.02 s. Realized memory size is 1 Mi 993 ki.
Time use: integrals 23.1 %, linear algebra 76.9 %.
231 shell pairs and 1 nuclei
SAP potential formed in 0.001 s.
Smallest eigenvalue of overlap matrix is 1.00e+00, reciprocal condition number is 1.00e+00.
Using symmetric orthogonalization.
Smallest eigenvalue of overlap matrix is 3.10e-02, reciprocal condition number is 1.04e-02.
Using symmetric orthogonalization.
Smallest eigenvalue of overlap matrix is 6.72e-03, reciprocal condition number is 1.68e-03.
Using symmetric orthogonalization.
Smallest eigenvalue of overlap matrix is 3.10e-02, reciprocal condition number is 1.04e-02.
Using symmetric orthogonalization.
Smallest eigenvalue of overlap matrix is 1.00e+00, reciprocal condition number is 1.00e+00.
Using symmetric orthogonalization.
Nela = 10 Nelb = 8



Solving SCF
Evaluated energy -472.1447664903 (change from lowest -4.721448e+02)


Iteration 1: 1 Fock evaluations energy -472.1447664903 change -4.721448e+02 DIIS error vector rms norm 1.281325e+00
History size 1
alpha m=-1 occupations
   1.0000   1.0000
alpha m=0 occupations
   1.0000   1.0000   1.0000   1.0000   1.0000   1.0000
alpha m=1 occupations
   1.0000   1.0000
beta m=-1 occupations
   1.0000   1.0000
beta m=0 occupations
   1.0000   1.0000   1.0000   1.0000
beta m=1 occupations
   1.0000   1.0000
EDIIS step
Evaluated energy -514.2689165664 (change from lowest -4.212415e+01)
Density matrix difference 7.874964e-01 between lowest-energy and newest entry


Iteration 2: 2 Fock evaluations energy -514.2689165664 change -4.212415e+01 DIIS error vector rms norm 4.476167e-01
History size 2
alpha m=-1 occupations
   1.0000   1.0000
alpha m=0 occupations
   1.0000   1.0000   1.0000   1.0000   1.0000   1.0000
alpha m=1 occupations
   1.0000   1.0000
beta m=-1 occupations
   1.0000   1.0000
beta m=0 occupations
   1.0000   1.0000   1.0000   1.0000
beta m=1 occupations
   1.0000   1.0000
EDIIS step
Evaluated energy -525.2497275930 (change from lowest -1.098081e+01)
Density matrix difference 5.894065e-01 between lowest-energy and newest entry


Iteration 3: 3 Fock evaluations energy -525.2497275930 change -1.098081e+01 DIIS error vector rms norm 9.408806e-02
History size 3
alpha m=-1 occupations
   1.0000   1.0000
alpha m=0 occupations
   1.0000   1.0000   1.0000   1.0000   1.0000   1.0000
alpha m=1 occupations
   1.0000   1.0000
beta m=-1 occupations
   1.0000   1.0000
beta m=0 occupations
   1.0000   1.0000   1.0000   1.0000
beta m=1 occupations
   1.0000   1.0000
EDIIS+DIIS step
Evaluated energy -525.7345307131 (change from lowest -4.848031e-01)
Density matrix difference 1.426189e-01 between lowest-energy and newest entry


Iteration 4: 4 Fock evaluations energy -525.7345307131 change -4.848031e-01 DIIS error vector rms norm 2.232737e-02
History size 4
alpha m=-1 occupations
   1.0000   1.0000
alpha m=0 occupations
   1.0000   1.0000   1.0000   1.0000   1.0000   1.0000
alpha m=1 occupations
   1.0000   1.0000
beta m=-1 occupations
   1.0000   1.0000
beta m=0 occupations
   1.0000   1.0000   1.0000   1.0000
beta m=1 occupations
   1.0000   1.0000
EDIIS+DIIS step
Evaluated energy -525.7579348516 (change from lowest -2.340414e-02)
Density matrix difference 2.465819e-02 between lowest-energy and newest entry


Iteration 5: 5 Fock evaluations energy -525.7579348516 change -2.340414e-02 DIIS error vector rms norm 5.903403e-04
History size 5
alpha m=-1 occupations
   1.0000   1.0000
alpha m=0 occupations
   1.0000   1.0000   1.0000   1.0000   1.0000   1.0000
alpha m=1 occupations
   1.0000   1.0000
beta m=-1 occupations
   1.0000   1.0000
beta m=0 occupations
   1.0000   1.0000   1.0000   1.0000
beta m=1 occupations
   1.0000   1.0000
EDIIS+DIIS step
Evaluated energy -525.7580230320 (change from lowest -8.818044e-05)
Density matrix difference 1.514529e-03 between lowest-energy and newest entry


Iteration 6: 6 Fock evaluations energy -525.7580230320 change -8.818044e-05 DIIS error vector rms norm 1.828708e-04
History size 6
alpha m=-1 occupations
   1.0000   1.0000
alpha m=0 occupations
   1.0000   1.0000   1.0000   1.0000   1.0000   1.0000
alpha m=1 occupations
   1.0000   1.0000
beta m=-1 occupations
   1.0000   1.0000
beta m=0 occupations
   1.0000   1.0000   1.0000   1.0000
beta m=1 occupations
   1.0000   1.0000
EDIIS+DIIS step
Evaluated energy -525.7580839924 (change from lowest -6.096037e-05)
Density matrix difference 7.188066e-04 between lowest-energy and newest entry


Iteration 7: 7 Fock evaluations energy -525.7580839924 change -6.096037e-05 DIIS error vector rms norm 1.574150e-04
History size 7
alpha m=-1 occupations
   1.0000   1.0000
alpha m=0 occupations
   1.0000   1.0000   1.0000   1.0000   1.0000   1.0000
alpha m=1 occupations
   1.0000   1.0000
beta m=-1 occupations
   1.0000   1.0000
beta m=0 occupations
   1.0000   1.0000   1.0000   1.0000
beta m=1 occupations
   1.0000   1.0000
EDIIS+DIIS step
Evaluated energy -525.7581282494 (change from lowest -4.425695e-05)
Density matrix difference 4.902321e-04 between lowest-energy and newest entry


Iteration 8: 8 Fock evaluations energy -525.7581282494 change -4.425695e-05 DIIS error vector rms norm 1.562313e-04
History size 8
alpha m=-1 occupations
   1.0000   1.0000
alpha m=0 occupations
   1.0000   1.0000   1.0000   1.0000   1.0000   1.0000
alpha m=1 occupations
   1.0000   1.0000
beta m=-1 occupations
   1.0000   1.0000
beta m=0 occupations
   1.0000   1.0000   1.0000   1.0000
beta m=1 occupations
   1.0000   1.0000
EDIIS+DIIS step
Evaluated energy -525.7581522562 (change from lowest -2.400686e-05)
Density matrix difference 2.674372e-04 between lowest-energy and newest entry


Iteration 9: 9 Fock evaluations energy -525.7581522562 change -2.400686e-05 DIIS error vector rms norm 1.562895e-04
History size 9
alpha m=-1 occupations
   1.0000   1.0000
alpha m=0 occupations
   1.0000   1.0000   1.0000   1.0000   1.0000   1.0000
alpha m=1 occupations
   1.0000   1.0000
beta m=-1 occupations
   1.0000   1.0000
beta m=0 occupations
   1.0000   1.0000   1.0000   1.0000
beta m=1 occupations
   1.0000   1.0000
EDIIS+DIIS step
Evaluated energy -525.7581651346 (change from lowest -1.287843e-05)
Density matrix difference 1.438803e-04 between lowest-energy and newest entry


Iteration 10: 10 Fock evaluations energy -525.7581651346 change -1.287843e-05 DIIS error vector rms norm 1.562977e-04
History size 10
alpha m=-1 occupations
   1.0000   1.0000
alpha m=0 occupations
   1.0000   1.0000   1.0000   1.0000   1.0000   1.0000
alpha m=1 occupations
   1.0000   1.0000
beta m=-1 occupations
   1.0000   1.0000
beta m=0 occupations
   1.0000   1.0000   1.0000   1.0000
beta m=1 occupations
   1.0000   1.0000
EDIIS+DIIS step
Evaluated energy -525.7581735474 (change from lowest -8.412755e-06)
Density matrix difference 9.410203e-05 between lowest-energy and newest entry


Iteration 11: 11 Fock evaluations energy -525.7581735474 change -8.412755e-06 DIIS error vector rms norm 1.562961e-04
History size 10
alpha m=-1 occupations
   1.0000   1.0000
alpha m=0 occupations
   1.0000   1.0000   1.0000   1.0000   1.0000   1.0000
alpha m=1 occupations
   1.0000   1.0000
beta m=-1 occupations
   1.0000   1.0000
beta m=0 occupations
   1.0000   1.0000   1.0000   1.0000
beta m=1 occupations
   1.0000   1.0000
EDIIS+DIIS step
Evaluated energy -525.7581796941 (change from lowest -6.146723e-06)
Density matrix difference 6.880203e-05 between lowest-energy and newest entry


Iteration 12: 12 Fock evaluations energy -525.7581796941 change -6.146723e-06 DIIS error vector rms norm 1.562918e-04
History size 10
alpha m=-1 occupations
   1.0000   1.0000
alpha m=0 occupations
   1.0000   1.0000   1.0000   1.0000   1.0000   1.0000
alpha m=1 occupations
   1.0000   1.0000
beta m=-1 occupations
   1.0000   1.0000
beta m=0 occupations
   1.0000   1.0000   1.0000   1.0000
beta m=1 occupations
   1.0000   1.0000
EDIIS+DIIS step
Evaluated energy -525.7581845085 (change from lowest -4.814417e-06)
Density matrix difference 5.391360e-05 between lowest-energy and newest entry


Iteration 13: 13 Fock evaluations energy -525.7581845085 change -4.814417e-06 DIIS error vector rms norm 1.562867e-04
History size 10
alpha m=-1 occupations
   1.0000   1.0000
alpha m=0 occupations
   1.0000   1.0000   1.0000   1.0000   1.0000   1.0000
alpha m=1 occupations
   1.0000   1.0000
beta m=-1 occupations
   1.0000   1.0000
beta m=0 occupations
   1.0000   1.0000   1.0000   1.0000
beta m=1 occupations
   1.0000   1.0000
EDIIS+DIIS step
Evaluated energy -525.7581884611 (change from lowest -3.952530e-06)
Density matrix difference 4.427642e-05 between lowest-energy and newest entry


Iteration 14: 14 Fock evaluations energy -525.7581884611 change -3.952530e-06 DIIS error vector rms norm 1.562816e-04
History size 10
alpha m=-1 occupations
   1.0000   1.0000
alpha m=0 occupations
   1.0000   1.0000   1.0000   1.0000   1.0000   1.0000
alpha m=1 occupations
   1.0000   1.0000
beta m=-1 occupations
   1.0000   1.0000
beta m=0 occupations
   1.0000   1.0000   1.0000   1.0000
beta m=1 occupations
   1.0000   1.0000
EDIIS+DIIS step
Evaluated energy -525.7581918179 (change from lowest -3.356806e-06)
Density matrix difference 3.761260e-05 between lowest-energy and newest entry


Iteration 15: 15 Fock evaluations energy -525.7581918179 change -3.356806e-06 DIIS error vector rms norm 1.562765e-04
History size 10
alpha m=-1 occupations
   1.0000   1.0000
alpha m=0 occupations
   1.0000   1.0000   1.0000   1.0000   1.0000   1.0000
alpha m=1 occupations
   1.0000   1.0000
beta m=-1 occupations
   1.0000   1.0000
beta m=0 occupations
   1.0000   1.0000   1.0000   1.0000
beta m=1 occupations
   1.0000   1.0000
EDIIS+DIIS step
Evaluated energy -525.7581945249 (change from lowest -2.707048e-06)
Density matrix difference 3.034163e-05 between lowest-energy and newest entry


Iteration 16: 16 Fock evaluations energy -525.7581945249 change -2.707048e-06 DIIS error vector rms norm 1.562716e-04
History size 10
alpha m=-1 occupations
   1.0000   1.0000
alpha m=0 occupations
   1.0000   1.0000   1.0000   1.0000   1.0000   1.0000
alpha m=1 occupations
   1.0000   1.0000
beta m=-1 occupations
   1.0000   1.0000
beta m=0 occupations
   1.0000   1.0000   1.0000   1.0000
beta m=1 occupations
   1.0000   1.0000
EDIIS+DIIS step
Evaluated energy -525.7582129053 (change from lowest -1.838042e-05)
Density matrix difference 2.052359e-04 between lowest-energy and newest entry


Iteration 17: 17 Fock evaluations energy -525.7582129053 change -1.838042e-05 DIIS error vector rms norm 1.563307e-04
History size 10
alpha m=-1 occupations
   1.0000   1.0000
alpha m=0 occupations
   1.0000   1.0000   1.0000   1.0000   1.0000   1.0000
alpha m=1 occupations
   1.0000   1.0000
beta m=-1 occupations
   1.0000   1.0000
beta m=0 occupations
   1.0000   1.0000   1.0000   1.0000
beta m=1 occupations
   1.0000   1.0000
EDIIS+DIIS step
Evaluated energy -525.7582314516 (change from lowest -1.854626e-05)
Density matrix difference 2.078398e-04 between lowest-energy and newest entry


Iteration 18: 18 Fock evaluations energy -525.7582314516 change -1.854626e-05 DIIS error vector rms norm 1.562860e-04
History size 10
alpha m=-1 occupations
   1.0000   1.0000
alpha m=0 occupations
   1.0000   1.0000   1.0000   1.0000   1.0000   1.0000
alpha m=1 occupations
   1.0000   1.0000
beta m=-1 occupations
   1.0000   1.0000
beta m=0 occupations
   1.0000   1.0000   1.0000   1.0000
beta m=1 occupations
   1.0000   1.0000
EDIIS+DIIS step
Evaluated energy -525.7582429764 (change from lowest -1.152482e-05)
Density matrix difference 1.293180e-04 between lowest-energy and newest entry


Iteration 19: 19 Fock evaluations energy -525.7582429764 change -1.152482e-05 DIIS error vector rms norm 1.562579e-04
History size 10
alpha m=-1 occupations
   1.0000   1.0000
alpha m=0 occupations
   1.0000   1.0000   1.0000   1.0000   1.0000   1.0000
alpha m=1 occupations
   1.0000   1.0000
beta m=-1 occupations
   1.0000   1.0000
beta m=0 occupations
   1.0000   1.0000   1.0000   1.0000
beta m=1 occupations
   1.0000   1.0000
EDIIS+DIIS step
Evaluated energy -525.7582525623 (change from lowest -9.585843e-06)
Density matrix difference 1.075928e-04 between lowest-energy and newest entry


Iteration 20: 20 Fock evaluations energy -525.7582525623 change -9.585843e-06 DIIS error vector rms norm 1.562300e-04
History size 10
alpha m=-1 occupations
   1.0000   1.0000
alpha m=0 occupations
   1.0000   1.0000   1.0000   1.0000   1.0000   1.0000
alpha m=1 occupations
   1.0000   1.0000
beta m=-1 occupations
   1.0000   1.0000
beta m=0 occupations
   1.0000   1.0000   1.0000   1.0000
beta m=1 occupations
   1.0000   1.0000
EDIIS+DIIS step
Evaluated energy -525.7582619917 (change from lowest -9.429478e-06)
Density matrix difference 1.058534e-04 between lowest-energy and newest entry


Iteration 21: 21 Fock evaluations energy -525.7582619917 change -9.429478e-06 DIIS error vector rms norm 1.562000e-04
History size 10
alpha m=-1 occupations
   1.0000   1.0000
alpha m=0 occupations
   1.0000   1.0000   1.0000   1.0000   1.0000   1.0000
alpha m=1 occupations
   1.0000   1.0000
beta m=-1 occupations
   1.0000   1.0000
beta m=0 occupations
   1.0000   1.0000   1.0000   1.0000
beta m=1 occupations
   1.0000   1.0000
EDIIS+DIIS step
Evaluated energy -525.7582717767 (change from lowest -9.785005e-06)
Density matrix difference 1.098611e-04 between lowest-energy and newest entry


Iteration 22: 22 Fock evaluations energy -525.7582717767 change -9.785005e-06 DIIS error vector rms norm 1.561668e-04
History size 10
alpha m=-1 occupations
   1.0000   1.0000
alpha m=0 occupations
   1.0000   1.0000   1.0000   1.0000   1.0000   1.0000
alpha m=1 occupations
   1.0000   1.0000
beta m=-1 occupations
   1.0000   1.0000
beta m=0 occupations
   1.0000   1.0000   1.0000   1.0000
beta m=1 occupations
   1.0000   1.0000
EDIIS+DIIS step
Evaluated energy -525.7582821913 (change from lowest -1.041458e-05)
Density matrix difference 1.169497e-04 between lowest-energy and newest entry


Iteration 23: 23 Fock evaluations energy -525.7582821913 change -1.041458e-05 DIIS error vector rms norm 1.561292e-04
History size 10
alpha m=-1 occupations
   1.0000   1.0000
alpha m=0 occupations
   1.0000   1.0000   1.0000   1.0000   1.0000   1.0000
alpha m=1 occupations
   1.0000   1.0000
beta m=-1 occupations
   1.0000   1.0000
beta m=0 occupations
   1.0000   1.0000   1.0000   1.0000
beta m=1 occupations
   1.0000   1.0000
EDIIS+DIIS step
Evaluated energy -525.7582934305 (change from lowest -1.123915e-05)
Density matrix difference 1.262338e-04 between lowest-energy and newest entry


Iteration 24: 24 Fock evaluations energy -525.7582934305 change -1.123915e-05 DIIS error vector rms norm 1.560861e-04
History size 10
alpha m=-1 occupations
   1.0000   1.0000
alpha m=0 occupations
   1.0000   1.0000   1.0000   1.0000   1.0000   1.0000
alpha m=1 occupations
   1.0000   1.0000
beta m=-1 occupations
   1.0000   1.0000
beta m=0 occupations
   1.0000   1.0000   1.0000   1.0000
beta m=1 occupations
   1.0000   1.0000
EDIIS+DIIS step
Evaluated energy -525.7583056486 (change from lowest -1.221818e-05)
Density matrix difference 1.372600e-04 between lowest-energy and newest entry


Iteration 25: 25 Fock evaluations energy -525.7583056486 change -1.221818e-05 DIIS error vector rms norm 1.560364e-04
History size 10
alpha m=-1 occupations
   1.0000   1.0000
alpha m=0 occupations
   1.0000   1.0000   1.0000   1.0000   1.0000   1.0000
alpha m=1 occupations
   1.0000   1.0000
beta m=-1 occupations
   1.0000   1.0000
beta m=0 occupations
   1.0000   1.0000   1.0000   1.0000
beta m=1 occupations
   1.0000   1.0000
EDIIS+DIIS step
Evaluated energy -525.7583189654 (change from lowest -1.331674e-05)
Density matrix difference 1.496376e-04 between lowest-energy and newest entry


Iteration 26: 26 Fock evaluations energy -525.7583189654 change -1.331674e-05 DIIS error vector rms norm 1.559790e-04
History size 10
alpha m=-1 occupations
   1.0000   1.0000
alpha m=0 occupations
   1.0000   1.0000   1.0000   1.0000   1.0000   1.0000
alpha m=1 occupations
   1.0000   1.0000
beta m=-1 occupations
   1.0000   1.0000
beta m=0 occupations
   1.0000   1.0000   1.0000   1.0000
beta m=1 occupations
   1.0000   1.0000
EDIIS+DIIS step
Evaluated energy -525.7583334637 (change from lowest -1.449830e-05)
Density matrix difference 1.629578e-04 between lowest-energy and newest entry


Iteration 27: 27 Fock evaluations energy -525.7583334637 change -1.449830e-05 DIIS error vector rms norm 1.559125e-04
History size 10
alpha m=-1 occupations
   1.0000   1.0000
alpha m=0 occupations
   1.0000   1.0000   1.0000   1.0000   1.0000   1.0000
alpha m=1 occupations
   1.0000   1.0000
beta m=-1 occupations
   1.0000   1.0000
beta m=0 occupations
   1.0000   1.0000   1.0000   1.0000
beta m=1 occupations
   1.0000   1.0000
EDIIS+DIIS step
Evaluated energy -525.7583465985 (change from lowest -1.313479e-05)
Density matrix difference 1.476553e-04 between lowest-energy and newest entry


Iteration 28: 28 Fock evaluations energy -525.7583465985 change -1.313479e-05 DIIS error vector rms norm 1.558468e-04
History size 10
alpha m=-1 occupations
   1.0000   1.0000
alpha m=0 occupations
   1.0000   1.0000   1.0000   1.0000   1.0000   1.0000
alpha m=1 occupations
   1.0000   1.0000
beta m=-1 occupations
   1.0000   1.0000
beta m=0 occupations
   1.0000   1.0000   1.0000   1.0000
beta m=1 occupations
   1.0000   1.0000
EDIIS+DIIS step
Evaluated energy -525.7583600851 (change from lowest -1.348663e-05)
Density matrix difference 1.516312e-04 between lowest-energy and newest entry


Iteration 29: 29 Fock evaluations energy -525.7583600851 change -1.348663e-05 DIIS error vector rms norm 1.557754e-04
History size 10
alpha m=-1 occupations
   1.0000   1.0000
alpha m=0 occupations
   1.0000   1.0000   1.0000   1.0000   1.0000   1.0000
alpha m=1 occupations
   1.0000   1.0000
beta m=-1 occupations
   1.0000   1.0000
beta m=0 occupations
   1.0000   1.0000   1.0000   1.0000
beta m=1 occupations
   1.0000   1.0000
EDIIS+DIIS step
Evaluated energy -525.7583741073 (change from lowest -1.402215e-05)
Density matrix difference 1.576747e-04 between lowest-energy and newest entry


Iteration 30: 30 Fock evaluations energy -525.7583741073 change -1.402215e-05 DIIS error vector rms norm 1.556979e-04
History size 10
alpha m=-1 occupations
   1.0000   1.0000
alpha m=0 occupations
   1.0000   1.0000   1.0000   1.0000   1.0000   1.0000
alpha m=1 occupations
   1.0000   1.0000
beta m=-1 occupations
   1.0000   1.0000
beta m=0 occupations
   1.0000   1.0000   1.0000   1.0000
beta m=1 occupations
   1.0000   1.0000
EDIIS+DIIS step
Evaluated energy -525.7583887596 (change from lowest -1.465231e-05)
Density matrix difference 1.647875e-04 between lowest-energy and newest entry


Iteration 31: 31 Fock evaluations energy -525.7583887596 change -1.465231e-05 DIIS error vector rms norm 1.556133e-04
History size 10
alpha m=-1 occupations
   1.0000   1.0000
alpha m=0 occupations
   1.0000   1.0000   1.0000   1.0000   1.0000   1.0000
alpha m=1 occupations
   1.0000   1.0000
beta m=-1 occupations
   1.0000   1.0000
beta m=0 occupations
   1.0000   1.0000   1.0000   1.0000
beta m=1 occupations
   1.0000   1.0000
EDIIS+DIIS step
Evaluated energy -525.7584040697 (change from lowest -1.531015e-05)
Density matrix difference 1.722157e-04 between lowest-energy and newest entry


Iteration 32: 32 Fock evaluations energy -525.7584040697 change -1.531015e-05 DIIS error vector rms norm 1.555210e-04
History size 10
alpha m=-1 occupations
   1.0000   1.0000
alpha m=0 occupations
   1.0000   1.0000   1.0000   1.0000   1.0000   1.0000
alpha m=1 occupations
   1.0000   1.0000
beta m=-1 occupations
   1.0000   1.0000
beta m=0 occupations
   1.0000   1.0000   1.0000   1.0000
beta m=1 occupations
   1.0000   1.0000
EDIIS+DIIS step
Evaluated energy -525.7584200556 (change from lowest -1.598592e-05)
Density matrix difference 1.798498e-04 between lowest-energy and newest entry


Iteration 33: 33 Fock evaluations energy -525.7584200556 change -1.598592e-05 DIIS error vector rms norm 1.554206e-04
History size 10
alpha m=-1 occupations
   1.0000   1.0000
alpha m=0 occupations
   1.0000   1.0000   1.0000   1.0000   1.0000   1.0000
alpha m=1 occupations
   1.0000   1.0000
beta m=-1 occupations
   1.0000   1.0000
beta m=0 occupations
   1.0000   1.0000   1.0000   1.0000
beta m=1 occupations
   1.0000   1.0000
EDIIS+DIIS step
Evaluated energy -525.7584367482 (change from lowest -1.669255e-05)
Density matrix difference 1.878358e-04 between lowest-energy and newest entry


Iteration 34: 34 Fock evaluations energy -525.7584367482 change -1.669255e-05 DIIS error vector rms norm 1.553112e-04
History size 10
alpha m=-1 occupations
   1.0000   1.0000
alpha m=0 occupations
   1.0000   1.0000   1.0000   1.0000   1.0000   1.0000
alpha m=1 occupations
   1.0000   1.0000
beta m=-1 occupations
   1.0000   1.0000
beta m=0 occupations
   1.0000   1.0000   1.0000   1.0000
beta m=1 occupations
   1.0000   1.0000
EDIIS+DIIS step
Evaluated energy -525.7584542164 (change from lowest -1.746823e-05)
Density matrix difference 1.966049e-04 between lowest-energy and newest entry


Iteration 35: 35 Fock evaluations energy -525.7584542164 change -1.746823e-05 DIIS error vector rms norm 1.551919e-04
History size 10
alpha m=-1 occupations
   1.0000   1.0000
alpha m=0 occupations
   1.0000   1.0000   1.0000   1.0000   1.0000   1.0000
alpha m=1 occupations
   1.0000   1.0000
beta m=-1 occupations
   1.0000   1.0000
beta m=0 occupations
   1.0000   1.0000   1.0000   1.0000
beta m=1 occupations
   1.0000   1.0000
EDIIS+DIIS step
Evaluated energy -525.7584726029 (change from lowest -1.838652e-05)
Density matrix difference 2.069890e-04 between lowest-energy and newest entry


Iteration 36: 36 Fock evaluations energy -525.7584726029 change -1.838652e-05 DIIS error vector rms norm 1.550610e-04
History size 10
alpha m=-1 occupations
   1.0000   1.0000
alpha m=0 occupations
   1.0000   1.0000   1.0000   1.0000   1.0000   1.0000
alpha m=1 occupations
   1.0000   1.0000
beta m=-1 occupations
   1.0000   1.0000
beta m=0 occupations
   1.0000   1.0000   1.0000   1.0000
beta m=1 occupations
   1.0000   1.0000
EDIIS+DIIS step
Evaluated energy -525.7584921753 (change from lowest -1.957238e-05)
Density matrix difference 2.204023e-04 between lowest-energy and newest entry


Iteration 37: 37 Fock evaluations energy -525.7584921753 change -1.957238e-05 DIIS error vector rms norm 1.549157e-04
History size 10
alpha m=-1 occupations
   1.0000   1.0000
alpha m=0 occupations
   1.0000   1.0000   1.0000   1.0000   1.0000   1.0000
alpha m=1 occupations
   1.0000   1.0000
beta m=-1 occupations
   1.0000   1.0000
beta m=0 occupations
   1.0000   1.0000   1.0000   1.0000
beta m=1 occupations
   1.0000   1.0000
EDIIS+DIIS step
Evaluated energy -525.7585134051 (change from lowest -2.122977e-05)
Density matrix difference 2.391555e-04 between lowest-energy and newest entry


Iteration 38: 38 Fock evaluations energy -525.7585134051 change -2.122977e-05 DIIS error vector rms norm 1.547514e-04
History size 10
alpha m=-1 occupations
   1.0000   1.0000
alpha m=0 occupations
   1.0000   1.0000   1.0000   1.0000   1.0000   1.0000
alpha m=1 occupations
   1.0000   1.0000
beta m=-1 occupations
   1.0000   1.0000
beta m=0 occupations
   1.0000   1.0000   1.0000   1.0000
beta m=1 occupations
   1.0000   1.0000
EDIIS+DIIS step
Evaluated energy -525.7585366594 (change from lowest -2.325433e-05)
Density matrix difference 2.620794e-04 between lowest-energy and newest entry


Iteration 39: 39 Fock evaluations energy -525.7585366594 change -2.325433e-05 DIIS error vector rms norm 1.545632e-04
History size 10
alpha m=-1 occupations
   1.0000   1.0000
alpha m=0 occupations
   1.0000   1.0000   1.0000   1.0000   1.0000   1.0000
alpha m=1 occupations
   1.0000   1.0000
beta m=-1 occupations
   1.0000   1.0000
beta m=0 occupations
   1.0000   1.0000   1.0000   1.0000
beta m=1 occupations
   1.0000   1.0000
EDIIS+DIIS step
Evaluated energy -525.7585626356 (change from lowest -2.597620e-05)
Density matrix difference 2.929225e-04 between lowest-energy and newest entry


Iteration 40: 40 Fock evaluations energy -525.7585626356 change -2.597620e-05 DIIS error vector rms norm 1.543431e-04
History size 10
alpha m=-1 occupations
   1.0000   1.0000
alpha m=0 occupations
   1.0000   1.0000   1.0000   1.0000   1.0000   1.0000
alpha m=1 occupations
   1.0000   1.0000
beta m=-1 occupations
   1.0000   1.0000
beta m=0 occupations
   1.0000   1.0000   1.0000   1.0000
beta m=1 occupations
   1.0000   1.0000
EDIIS+DIIS step
Evaluated energy -525.7585924590 (change from lowest -2.982341e-05)
Density matrix difference 3.365612e-04 between lowest-energy and newest entry


Iteration 41: 41 Fock evaluations energy -525.7585924590 change -2.982341e-05 DIIS error vector rms norm 1.540774e-04
History size 10
alpha m=-1 occupations
   1.0000   1.0000
alpha m=0 occupations
   1.0000   1.0000   1.0000   1.0000   1.0000   1.0000
alpha m=1 occupations
   1.0000   1.0000
beta m=-1 occupations
   1.0000   1.0000
beta m=0 occupations
   1.0000   1.0000   1.0000   1.0000
beta m=1 occupations
   1.0000   1.0000
EDIIS+DIIS step
Evaluated energy -525.7586280671 (change from lowest -3.560805e-05)
Density matrix difference 4.022686e-04 between lowest-energy and newest entry


Iteration 42: 42 Fock evaluations energy -525.7586280671 change -3.560805e-05 DIIS error vector rms norm 1.537423e-04
History size 10
alpha m=-1 occupations
   1.0000   1.0000
alpha m=0 occupations
   1.0000   1.0000   1.0000   1.0000   1.0000   1.0000
alpha m=1 occupations
   1.0000   1.0000
beta m=-1 occupations
   1.0000   1.0000
beta m=0 occupations
   1.0000   1.0000   1.0000   1.0000
beta m=1 occupations
   1.0000   1.0000
EDIIS+DIIS step
Evaluated energy -525.7586730320 (change from lowest -4.496493e-05)
Density matrix difference 5.087800e-04 between lowest-energy and newest entry


Iteration 43: 43 Fock evaluations energy -525.7586730320 change -4.496493e-05 DIIS error vector rms norm 1.532919e-04
History size 10
alpha m=-1 occupations
   1.0000   1.0000
alpha m=0 occupations
   1.0000   1.0000   1.0000   1.0000   1.0000   1.0000
alpha m=1 occupations
   1.0000   1.0000
beta m=-1 occupations
   1.0000   1.0000
beta m=0 occupations
   1.0000   1.0000   1.0000   1.0000
beta m=1 occupations
   1.0000   1.0000
EDIIS+DIIS step
Evaluated energy -525.7587345744 (change from lowest -6.154235e-05)
Density matrix difference 6.981487e-04 between lowest-energy and newest entry


Iteration 44: 44 Fock evaluations energy -525.7587345744 change -6.154235e-05 DIIS error vector rms norm 1.526284e-04
History size 10
alpha m=-1 occupations
   1.0000   1.0000
alpha m=0 occupations
   1.0000   1.0000   1.0000   1.0000   1.0000   1.0000
alpha m=1 occupations
   1.0000   1.0000
beta m=-1 occupations
   1.0000   1.0000
beta m=0 occupations
   1.0000   1.0000   1.0000   1.0000
beta m=1 occupations
   1.0000   1.0000
EDIIS+DIIS step
Evaluated energy -525.7588289554 (change from lowest -9.438106e-05)
Density matrix difference 1.075741e-03 between lowest-energy and newest entry


Iteration 45: 45 Fock evaluations energy -525.7588289554 change -9.438106e-05 DIIS error vector rms norm 1.515185e-04
History size 10
alpha m=-1 occupations
   1.0000   1.0000
alpha m=0 occupations
   1.0000   1.0000   1.0000   1.0000   1.0000   1.0000
alpha m=1 occupations
   1.0000   1.0000
beta m=-1 occupations
   1.0000   1.0000
beta m=0 occupations
   1.0000   1.0000   1.0000   1.0000
beta m=1 occupations
   1.0000   1.0000
EDIIS+DIIS step
Evaluated energy -525.7589952931 (change from lowest -1.663376e-04)
Density matrix difference 1.915381e-03 between lowest-energy and newest entry


Iteration 46: 46 Fock evaluations energy -525.7589952931 change -1.663376e-04 DIIS error vector rms norm 1.494189e-04
History size 10
alpha m=-1 occupations
   1.0000   1.0000
alpha m=0 occupations
   1.0000   1.0000   1.0000   1.0000   1.0000   1.0000
alpha m=1 occupations
   1.0000   1.0000
beta m=-1 occupations
   1.0000   1.0000
beta m=0 occupations
   1.0000   1.0000   1.0000   1.0000
beta m=1 occupations
   1.0000   1.0000
EDIIS+DIIS step
Evaluated energy -525.7592874309 (change from lowest -2.921379e-04)
Density matrix difference 3.447007e-03 between lowest-energy and newest entry


Iteration 47: 47 Fock evaluations energy -525.7592874309 change -2.921379e-04 DIIS error vector rms norm 1.465655e-04
History size 10
alpha m=-1 occupations
   1.0000   1.0000
alpha m=0 occupations
   1.0000   1.0000   1.0000   1.0000   1.0000   1.0000
alpha m=1 occupations
   1.0000   1.0000
beta m=-1 occupations
   1.0000   1.0000
beta m=0 occupations
   1.0000   1.0000   1.0000   1.0000
beta m=1 occupations
   1.0000   1.0000
EDIIS+DIIS step
Evaluated energy -525.7594731846 (change from lowest -1.857536e-04)
Density matrix difference 2.252199e-03 between lowest-energy and newest entry


Iteration 48: 48 Fock evaluations energy -525.7594731846 change -1.857536e-04 DIIS error vector rms norm 1.429528e-04
History size 10
alpha m=-1 occupations
   1.0000   1.0000
alpha m=0 occupations
   1.0000   1.0000   1.0000   1.0000   1.0000   1.0000
alpha m=1 occupations
   1.0000   1.0000
beta m=-1 occupations
   1.0000   1.0000
beta m=0 occupations
   1.0000   1.0000   1.0000   1.0000
beta m=1 occupations
   1.0000   1.0000
EDIIS+DIIS step
Evaluated energy -525.7596393481 (change from lowest -1.661636e-04)
Density matrix difference 2.086599e-03 between lowest-energy and newest entry


Iteration 49: 49 Fock evaluations energy -525.7596393481 change -1.661636e-04 DIIS error vector rms norm 1.374460e-04
History size 10
alpha m=-1 occupations
   1.0000   1.0000
alpha m=0 occupations
   1.0000   1.0000   1.0000   1.0000   1.0000   1.0000
alpha m=1 occupations
   1.0000   1.0000
beta m=-1 occupations
   1.0000   1.0000
beta m=0 occupations
   1.0000   1.0000   1.0000   1.0000
beta m=1 occupations
   1.0000   1.0000
EDIIS+DIIS step
Evaluated energy -525.7600564643 (change from lowest -4.171162e-04)
Density matrix difference 5.648203e-03 between lowest-energy and newest entry


Iteration 50: 50 Fock evaluations energy -525.7600564643 change -4.171162e-04 DIIS error vector rms norm 1.358104e-04
History size 10
alpha m=-1 occupations
   1.0000   1.0000
alpha m=0 occupations
   1.0000   1.0000   1.0000   1.0000   1.0000   1.0000
alpha m=1 occupations
   1.0000   1.0000
beta m=-1 occupations
   1.0000   1.0000
beta m=0 occupations
   1.0000   1.0000   1.0000   1.0000
beta m=1 occupations
   1.0000   1.0000
EDIIS+DIIS step
Evaluated energy -525.7599787035 (change from lowest 7.776086e-05)
Density matrix difference 1.462537e-03 between lowest-energy and newest entry


Iteration 51: 51 Fock evaluations energy -525.7600564643 change  0.000000e+00 DIIS error vector rms norm 1.358104e-04
History size 10
alpha m=-1 occupations
   1.0000   1.0000
alpha m=0 occupations
   1.0000   1.0000   1.0000   1.0000   1.0000   1.0000
alpha m=1 occupations
   1.0000   1.0000
beta m=-1 occupations
   1.0000   1.0000
beta m=0 occupations
   1.0000   1.0000   1.0000   1.0000
beta m=1 occupations
   1.0000   1.0000
EDIIS+DIIS step
Evaluated energy -525.7606262308 (change from lowest -5.697664e-04)
Density matrix difference 2.767140e-02 between lowest-energy and newest entry


Iteration 52: 52 Fock evaluations energy -525.7606262308 change -5.697664e-04 DIIS error vector rms norm 1.192784e-03
History size 10
alpha m=-1 occupations
   1.0000   1.0000
alpha m=0 occupations
   1.0000   1.0000   1.0000   1.0000   1.0000   1.0000
alpha m=1 occupations
   1.0000   1.0000
beta m=-1 occupations
   1.0000   1.0000
beta m=0 occupations
   1.0000   1.0000   1.0000   1.0000
beta m=1 occupations
   1.0000   1.0000
EDIIS+DIIS step
Evaluated energy -525.7607155623 (change from lowest -8.933155e-05)
Density matrix difference 1.258802e-03 between lowest-energy and newest entry


Iteration 53: 53 Fock evaluations energy -525.7607155623 change -8.933155e-05 DIIS error vector rms norm 1.060923e-03
History size 10
alpha m=-1 occupations
   1.0000   1.0000
alpha m=0 occupations
   1.0000   1.0000   1.0000   1.0000   1.0000   1.0000
alpha m=1 occupations
   1.0000   1.0000
beta m=-1 occupations
   1.0000   1.0000
beta m=0 occupations
   1.0000   1.0000   1.0000   1.0000
beta m=1 occupations
   1.0000   1.0000
EDIIS+DIIS step
Evaluated energy -525.7607759385 (change from lowest -6.037618e-05)
Density matrix difference 1.056647e-03 between lowest-energy and newest entry


Iteration 54: 54 Fock evaluations energy -525.7607759385 change -6.037618e-05 DIIS error vector rms norm 9.569527e-04
History size 10
alpha m=-1 occupations
   1.0000   1.0000
alpha m=0 occupations
   1.0000   1.0000   1.0000   1.0000   1.0000   1.0000
alpha m=1 occupations
   1.0000   1.0000
beta m=-1 occupations
   1.0000   1.0000
beta m=0 occupations
   1.0000   1.0000   1.0000   1.0000
beta m=1 occupations
   1.0000   1.0000
EDIIS+DIIS step
Evaluated energy -525.7608409590 (change from lowest -6.502049e-05)
Density matrix difference 1.553192e-03 between lowest-energy and newest entry


Iteration 55: 55 Fock evaluations energy -525.7608409590 change -6.502049e-05 DIIS error vector rms norm 8.154014e-04
History size 10
alpha m=-1 occupations
   1.0000   1.0000
alpha m=0 occupations
   1.0000   1.0000   1.0000   1.0000   1.0000   1.0000
alpha m=1 occupations
   1.0000   1.0000
beta m=-1 occupations
   1.0000   1.0000
beta m=0 occupations
   1.0000   1.0000   1.0000   1.0000
beta m=1 occupations
   1.0000   1.0000
EDIIS+DIIS step
Evaluated energy -525.7608953631 (change from lowest -5.440407e-05)
Density matrix difference 2.436687e-03 between lowest-energy and newest entry


Iteration 56: 56 Fock evaluations energy -525.7608953631 change -5.440407e-05 DIIS error vector rms norm 6.166093e-04
History size 10
alpha m=-1 occupations
   1.0000   1.0000
alpha m=0 occupations
   1.0000   1.0000   1.0000   1.0000   1.0000   1.0000
alpha m=1 occupations
   1.0000   1.0000
beta m=-1 occupations
   1.0000   1.0000
beta m=0 occupations
   1.0000   1.0000   1.0000   1.0000
beta m=1 occupations
   1.0000   1.0000
EDIIS+DIIS step
Evaluated energy -525.7609009726 (change from lowest -5.609496e-06)
Density matrix difference 3.194902e-03 between lowest-energy and newest entry


Iteration 57: 57 Fock evaluations energy -525.7609009726 change -5.609496e-06 DIIS error vector rms norm 3.784312e-04
History size 10
alpha m=-1 occupations
   1.0000   1.0000
alpha m=0 occupations
   1.0000   1.0000   1.0000   1.0000   1.0000   1.0000
alpha m=1 occupations
   1.0000   1.0000
beta m=-1 occupations
   1.0000   1.0000
beta m=0 occupations
   1.0000   1.0000   1.0000   1.0000
beta m=1 occupations
   1.0000   1.0000
EDIIS+DIIS step
Evaluated energy -525.7609371512 (change from lowest -3.617868e-05)
Density matrix difference 8.393077e-04 between lowest-energy and newest entry


Iteration 58: 58 Fock evaluations energy -525.7609371512 change -3.617868e-05 DIIS error vector rms norm 2.615031e-04
History size 10
alpha m=-1 occupations
   1.0000   1.0000
alpha m=0 occupations
   1.0000   1.0000   1.0000   1.0000   1.0000   1.0000
alpha m=1 occupations
   1.0000   1.0000
beta m=-1 occupations
   1.0000   1.0000
beta m=0 occupations
   1.0000   1.0000   1.0000   1.0000
beta m=1 occupations
   1.0000   1.0000
EDIIS+DIIS step
Evaluated energy -525.7610206164 (change from lowest -8.346512e-05)
Density matrix difference 3.099267e-03 between lowest-energy and newest entry


Iteration 59: 59 Fock evaluations energy -525.7610206164 change -8.346512e-05 DIIS error vector rms norm 1.809935e-04
History size 10
alpha m=-1 occupations
   1.0000   1.0000
alpha m=0 occupations
   1.0000   1.0000   1.0000   1.0000   1.0000   1.0000
alpha m=1 occupations
   1.0000   1.0000
beta m=-1 occupations
   1.0000   1.0000
beta m=0 occupations
   1.0000   1.0000   1.0000   1.0000
beta m=1 occupations
   1.0000   1.0000
EDIIS+DIIS step
Evaluated energy -525.7610872110 (change from lowest -6.659465e-05)
Density matrix difference 4.191543e-03 between lowest-energy and newest entry


Iteration 60: 60 Fock evaluations energy -525.7610872110 change -6.659465e-05 DIIS error vector rms norm 1.056738e-04
History size 10
alpha m=-1 occupations
   1.0000   1.0000
alpha m=0 occupations
   1.0000   1.0000   1.0000   1.0000   1.0000   1.0000
alpha m=1 occupations
   1.0000   1.0000
beta m=-1 occupations
   1.0000   1.0000
beta m=0 occupations
   1.0000   1.0000   1.0000   1.0000
beta m=1 occupations
   1.0000   1.0000
EDIIS+DIIS step
Evaluated energy -525.7611031720 (change from lowest -1.596100e-05)
Density matrix difference 2.462360e-03 between lowest-energy and newest entry


Iteration 61: 61 Fock evaluations energy -525.7611031720 change -1.596100e-05 DIIS error vector rms norm 5.736909e-05
History size 10
alpha m=-1 occupations
   1.0000   1.0000
alpha m=0 occupations
   1.0000   1.0000   1.0000   1.0000   1.0000   1.0000
alpha m=1 occupations
   1.0000   1.0000
beta m=-1 occupations
   1.0000   1.0000
beta m=0 occupations
   1.0000   1.0000   1.0000   1.0000
beta m=1 occupations
   1.0000   1.0000
DIIS step
Evaluated energy -525.7611041373 (change from lowest -9.653060e-07)
Density matrix difference 2.595774e-04 between lowest-energy and newest entry


Iteration 62: 62 Fock evaluations energy -525.7611041373 change -9.653060e-07 DIIS error vector rms norm 4.319235e-06
History size 10
alpha m=-1 occupations
   1.0000   1.0000
alpha m=0 occupations
   1.0000   1.0000   1.0000   1.0000   1.0000   1.0000
alpha m=1 occupations
   1.0000   1.0000
beta m=-1 occupations
   1.0000   1.0000
beta m=0 occupations
   1.0000   1.0000   1.0000   1.0000
beta m=1 occupations
   1.0000   1.0000
DIIS step
Evaluated energy -525.7611046865 (change from lowest -5.491405e-07)
Density matrix difference 3.026860e-04 between lowest-energy and newest entry


Iteration 63: 63 Fock evaluations energy -525.7611046865 change -5.491405e-07 DIIS error vector rms norm 3.056807e-06
History size 10
alpha m=-1 occupations
   1.0000   1.0000
alpha m=0 occupations
   1.0000   1.0000   1.0000   1.0000   1.0000   1.0000
alpha m=1 occupations
   1.0000   1.0000
beta m=-1 occupations
   1.0000   1.0000
beta m=0 occupations
   1.0000   1.0000   1.0000   1.0000
beta m=1 occupations
   1.0000   1.0000
DIIS step
Evaluated energy -525.7611050195 (change from lowest -3.330877e-07)
Density matrix difference 3.799342e-04 between lowest-energy and newest entry


Iteration 64: 64 Fock evaluations energy -525.7611050195 change -3.330877e-07 DIIS error vector rms norm 1.436532e-06
History size 10
alpha m=-1 occupations
   1.0000   1.0000
alpha m=0 occupations
   1.0000   1.0000   1.0000   1.0000   1.0000   1.0000
alpha m=1 occupations
   1.0000   1.0000
beta m=-1 occupations
   1.0000   1.0000
beta m=0 occupations
   1.0000   1.0000   1.0000   1.0000
beta m=1 occupations
   1.0000   1.0000
DIIS step
Evaluated energy -525.7611050407 (change from lowest -2.111437e-08)
Density matrix difference 5.838486e-05 between lowest-energy and newest entry


Iteration 65: 65 Fock evaluations energy -525.7611050407 change -2.111437e-08 DIIS error vector rms norm 1.840435e-06
History size 10
alpha m=-1 occupations
   1.0000   1.0000
alpha m=0 occupations
   1.0000   1.0000   1.0000   1.0000   1.0000   1.0000
alpha m=1 occupations
   1.0000   1.0000
beta m=-1 occupations
   1.0000   1.0000
beta m=0 occupations
   1.0000   1.0000   1.0000   1.0000
beta m=1 occupations
   1.0000   1.0000
DIIS step
Evaluated energy -525.7611050354 (change from lowest 5.226980e-09)
Density matrix difference 2.859309e-05 between lowest-energy and newest entry


Iteration 66: 66 Fock evaluations energy -525.7611050407 change  0.000000e+00 DIIS error vector rms norm 1.840435e-06
History size 10
alpha m=-1 occupations
   1.0000   1.0000
alpha m=0 occupations
   1.0000   1.0000   1.0000   1.0000   1.0000   1.0000
alpha m=1 occupations
   1.0000   1.0000
beta m=-1 occupations
   1.0000   1.0000
beta m=0 occupations
   1.0000   1.0000   1.0000   1.0000
beta m=1 occupations
   1.0000   1.0000
DIIS step
Evaluated energy -525.7611050361 (change from lowest 4.583740e-09)
Density matrix difference 5.906154e-05 between lowest-energy and newest entry


Iteration 67: 67 Fock evaluations energy -525.7611050407 change  0.000000e+00 DIIS error vector rms norm 1.840435e-06
History size 10
alpha m=-1 occupations
   1.0000   1.0000
alpha m=0 occupations
   1.0000   1.0000   1.0000   1.0000   1.0000   1.0000
alpha m=1 occupations
   1.0000   1.0000
beta m=-1 occupations
   1.0000   1.0000
beta m=0 occupations
   1.0000   1.0000   1.0000   1.0000
beta m=1 occupations
   1.0000   1.0000
DIIS step
Evaluated energy -525.7611050361 (change from lowest 4.566573e-09)
Density matrix difference 6.214194e-05 between lowest-energy and newest entry


Iteration 68: 68 Fock evaluations energy -525.7611050407 change  0.000000e+00 DIIS error vector rms norm 1.840435e-06
History size 10
alpha m=-1 occupations
   1.0000   1.0000
alpha m=0 occupations
   1.0000   1.0000   1.0000   1.0000   1.0000   1.0000
alpha m=1 occupations
   1.0000   1.0000
beta m=-1 occupations
   1.0000   1.0000
beta m=0 occupations
   1.0000   1.0000   1.0000   1.0000
beta m=1 occupations
   1.0000   1.0000
DIIS step
Evaluated energy -525.7611050361 (change from lowest 4.567028e-09)
Density matrix difference 6.233300e-05 between lowest-energy and newest entry


Iteration 69: 69 Fock evaluations energy -525.7611050407 change  0.000000e+00 DIIS error vector rms norm 1.840435e-06
History size 10
alpha m=-1 occupations
   1.0000   1.0000
alpha m=0 occupations
   1.0000   1.0000   1.0000   1.0000   1.0000   1.0000
alpha m=1 occupations
   1.0000   1.0000
beta m=-1 occupations
   1.0000   1.0000
beta m=0 occupations
   1.0000   1.0000   1.0000   1.0000
beta m=1 occupations
   1.0000   1.0000
DIIS step
Evaluated energy -525.7611050361 (change from lowest 4.565663e-09)
Density matrix difference 6.228374e-05 between lowest-energy and newest entry


Iteration 70: 70 Fock evaluations energy -525.7611050407 change  0.000000e+00 DIIS error vector rms norm 1.840435e-06
History size 10
alpha m=-1 occupations
   1.0000   1.0000
alpha m=0 occupations
   1.0000   1.0000   1.0000   1.0000   1.0000   1.0000
alpha m=1 occupations
   1.0000   1.0000
beta m=-1 occupations
   1.0000   1.0000
beta m=0 occupations
   1.0000   1.0000   1.0000   1.0000
beta m=1 occupations
   1.0000   1.0000
Switching to optimal damping for next iterations
DIIS step
Evaluated energy -525.7611050361 (change from lowest 4.566232e-09)
Density matrix difference 6.225814e-05 between lowest-energy and newest entry


Iteration 71: 71 Fock evaluations energy -525.7611050407 change  0.000000e+00 DIIS error vector rms norm 1.840435e-06
History size 10
alpha m=-1 occupations
   1.0000   1.0000
alpha m=0 occupations
   1.0000   1.0000   1.0000   1.0000   1.0000   1.0000
alpha m=1 occupations
   1.0000   1.0000
beta m=-1 occupations
   1.0000   1.0000
beta m=0 occupations
   1.0000   1.0000   1.0000   1.0000
beta m=1 occupations
   1.0000   1.0000
Switching to optimal damping for next iterations
DIIS step
Evaluated energy -525.7611050361 (change from lowest 4.565436e-09)
Density matrix difference 6.225348e-05 between lowest-energy and newest entry


Iteration 72: 72 Fock evaluations energy -525.7611050407 change  0.000000e+00 DIIS error vector rms norm 1.840435e-06
History size 10
alpha m=-1 occupations
   1.0000   1.0000
alpha m=0 occupations
   1.0000   1.0000   1.0000   1.0000   1.0000   1.0000
alpha m=1 occupations
   1.0000   1.0000
beta m=-1 occupations
   1.0000   1.0000
beta m=0 occupations
   1.0000   1.0000   1.0000   1.0000
beta m=1 occupations
   1.0000   1.0000
Switching to optimal damping for next iterations
DIIS step
Evaluated energy -525.7611050361 (change from lowest 4.566800e-09)
Density matrix difference 6.225230e-05 between lowest-energy and newest entry


Iteration 73: 73 Fock evaluations energy -525.7611050407 change  0.000000e+00 DIIS error vector rms norm 1.840435e-06
History size 10
alpha m=-1 occupations
   1.0000   1.0000
alpha m=0 occupations
   1.0000   1.0000   1.0000   1.0000   1.0000   1.0000
alpha m=1 occupations
   1.0000   1.0000
beta m=-1 occupations
   1.0000   1.0000
beta m=0 occupations
   1.0000   1.0000   1.0000   1.0000
beta m=1 occupations
   1.0000   1.0000
Switching to optimal damping for next iterations
DIIS step
Evaluated energy -525.7611050361 (change from lowest 4.567823e-09)
Density matrix difference 6.225187e-05 between lowest-energy and newest entry


Iteration 74: 74 Fock evaluations energy -525.7611050407 change  0.000000e+00 DIIS error vector rms norm 1.840435e-06
History size 10
alpha m=-1 occupations
   1.0000   1.0000
alpha m=0 occupations
   1.0000   1.0000   1.0000   1.0000   1.0000   1.0000
alpha m=1 occupations
   1.0000   1.0000
beta m=-1 occupations
   1.0000   1.0000
beta m=0 occupations
   1.0000   1.0000   1.0000   1.0000
beta m=1 occupations
   1.0000   1.0000
Switching to optimal damping for next iterations
DIIS step
Evaluated energy -525.7611050361 (change from lowest 4.567596e-09)
Density matrix difference 6.225166e-05 between lowest-energy and newest entry


Iteration 75: 75 Fock evaluations energy -525.7611050407 change  0.000000e+00 DIIS error vector rms norm 1.840435e-06
History size 10
alpha m=-1 occupations
   1.0000   1.0000
alpha m=0 occupations
   1.0000   1.0000   1.0000   1.0000   1.0000   1.0000
alpha m=1 occupations
   1.0000   1.0000
beta m=-1 occupations
   1.0000   1.0000
beta m=0 occupations
   1.0000   1.0000   1.0000   1.0000
beta m=1 occupations
   1.0000   1.0000
Switching to optimal damping for next iterations
DIIS step
Evaluated energy -525.7611050361 (change from lowest 4.567369e-09)
Density matrix difference 6.224452e-05 between lowest-energy and newest entry


Iteration 76: 76 Fock evaluations energy -525.7611050407 change  0.000000e+00 DIIS error vector rms norm 1.840435e-06
History size 10
alpha m=-1 occupations
   1.0000   1.0000
alpha m=0 occupations
   1.0000   1.0000   1.0000   1.0000   1.0000   1.0000
alpha m=1 occupations
   1.0000   1.0000
beta m=-1 occupations
   1.0000   1.0000
beta m=0 occupations
   1.0000   1.0000   1.0000   1.0000
beta m=1 occupations
   1.0000   1.0000
Switching to optimal damping for next iterations
DIIS step
Evaluated energy -525.7611050361 (change from lowest 4.566573e-09)
Density matrix difference 6.230011e-05 between lowest-energy and newest entry


Iteration 77: 77 Fock evaluations energy -525.7611050407 change  0.000000e+00 DIIS error vector rms norm 1.840435e-06
History size 10
alpha m=-1 occupations
   1.0000   1.0000
alpha m=0 occupations
   1.0000   1.0000   1.0000   1.0000   1.0000   1.0000
alpha m=1 occupations
   1.0000   1.0000
beta m=-1 occupations
   1.0000   1.0000
beta m=0 occupations
   1.0000   1.0000   1.0000   1.0000
beta m=1 occupations
   1.0000   1.0000
Switching to optimal damping for next iterations
DIIS step
Evaluated energy -525.7611050361 (change from lowest 4.567937e-09)
Density matrix difference 6.229015e-05 between lowest-energy and newest entry


Iteration 78: 78 Fock evaluations energy -525.7611050407 change  0.000000e+00 DIIS error vector rms norm 1.840435e-06
History size 10
alpha m=-1 occupations
   1.0000   1.0000
alpha m=0 occupations
   1.0000   1.0000   1.0000   1.0000   1.0000   1.0000
alpha m=1 occupations
   1.0000   1.0000
beta m=-1 occupations
   1.0000   1.0000
beta m=0 occupations
   1.0000   1.0000   1.0000   1.0000
beta m=1 occupations
   1.0000   1.0000
Switching to optimal damping for next iterations
DIIS step
Evaluated energy -525.7611050361 (change from lowest 4.566004e-09)
Density matrix difference 6.233238e-05 between lowest-energy and newest entry


Iteration 79: 79 Fock evaluations energy -525.7611050407 change  0.000000e+00 DIIS error vector rms norm 1.840435e-06
History size 10
alpha m=-1 occupations
   1.0000   1.0000
alpha m=0 occupations
   1.0000   1.0000   1.0000   1.0000   1.0000   1.0000
alpha m=1 occupations
   1.0000   1.0000
beta m=-1 occupations
   1.0000   1.0000
beta m=0 occupations
   1.0000   1.0000   1.0000   1.0000
beta m=1 occupations
   1.0000   1.0000
Switching to optimal damping for next iterations
DIIS step
Evaluated energy -525.7611050361 (change from lowest 4.566346e-09)
Density matrix difference 6.249025e-05 between lowest-energy and newest entry


Iteration 80: 80 Fock evaluations energy -525.7611050407 change  0.000000e+00 DIIS error vector rms norm 1.840435e-06
History size 10
alpha m=-1 occupations
   1.0000   1.0000
alpha m=0 occupations
   1.0000   1.0000   1.0000   1.0000   1.0000   1.0000
alpha m=1 occupations
   1.0000   1.0000
beta m=-1 occupations
   1.0000   1.0000
beta m=0 occupations
   1.0000   1.0000   1.0000   1.0000
beta m=1 occupations
   1.0000   1.0000
Switching to optimal damping for next iterations
DIIS step
Evaluated energy -525.7611050361 (change from lowest 4.564299e-09)
Density matrix difference 6.287350e-05 between lowest-energy and newest entry


Iteration 81: 81 Fock evaluations energy -525.7611050407 change  0.000000e+00 DIIS error vector rms norm 1.840435e-06
History size 10
alpha m=-1 occupations
   1.0000   1.0000
alpha m=0 occupations
   1.0000   1.0000   1.0000   1.0000   1.0000   1.0000
alpha m=1 occupations
   1.0000   1.0000
beta m=-1 occupations
   1.0000   1.0000
beta m=0 occupations
   1.0000   1.0000   1.0000   1.0000
beta m=1 occupations
   1.0000   1.0000
Switching to optimal damping for next iterations
DIIS step
Evaluated energy -525.7611050361 (change from lowest 4.563503e-09)
Density matrix difference 6.342306e-05 between lowest-energy and newest entry


Iteration 82: 82 Fock evaluations energy -525.7611050407 change  0.000000e+00 DIIS error vector rms norm 1.840435e-06
History size 10
alpha m=-1 occupations
   1.0000   1.0000
alpha m=0 occupations
   1.0000   1.0000   1.0000   1.0000   1.0000   1.0000
alpha m=1 occupations
   1.0000   1.0000
beta m=-1 occupations
   1.0000   1.0000
beta m=0 occupations
   1.0000   1.0000   1.0000   1.0000
beta m=1 occupations
   1.0000   1.0000
Switching to optimal damping for next iterations
DIIS step
Evaluated energy -525.7611050361 (change from lowest 4.561912e-09)
Density matrix difference 6.386248e-05 between lowest-energy and newest entry


Iteration 83: 83 Fock evaluations energy -525.7611050407 change  0.000000e+00 DIIS error vector rms norm 1.840435e-06
History size 10
alpha m=-1 occupations
   1.0000   1.0000
alpha m=0 occupations
   1.0000   1.0000   1.0000   1.0000   1.0000   1.0000
alpha m=1 occupations
   1.0000   1.0000
beta m=-1 occupations
   1.0000   1.0000
beta m=0 occupations
   1.0000   1.0000   1.0000   1.0000
beta m=1 occupations
   1.0000   1.0000
Switching to optimal damping for next iterations
DIIS step
Evaluated energy -525.7611050361 (change from lowest 4.562594e-09)
Density matrix difference 6.393103e-05 between lowest-energy and newest entry


Iteration 84: 84 Fock evaluations energy -525.7611050407 change  0.000000e+00 DIIS error vector rms norm 1.840435e-06
History size 10
alpha m=-1 occupations
   1.0000   1.0000
alpha m=0 occupations
   1.0000   1.0000   1.0000   1.0000   1.0000   1.0000
alpha m=1 occupations
   1.0000   1.0000
beta m=-1 occupations
   1.0000   1.0000
beta m=0 occupations
   1.0000   1.0000   1.0000   1.0000
beta m=1 occupations
   1.0000   1.0000
Switching to optimal damping for next iterations
DIIS step
Evaluated energy -525.7611050361 (change from lowest 4.562253e-09)
Density matrix difference 6.393306e-05 between lowest-energy and newest entry


Iteration 85: 85 Fock evaluations energy -525.7611050407 change  0.000000e+00 DIIS error vector rms norm 1.840435e-06
History size 10
alpha m=-1 occupations
   1.0000   1.0000
alpha m=0 occupations
   1.0000   1.0000   1.0000   1.0000   1.0000   1.0000
alpha m=1 occupations
   1.0000   1.0000
beta m=-1 occupations
   1.0000   1.0000
beta m=0 occupations
   1.0000   1.0000   1.0000   1.0000
beta m=1 occupations
   1.0000   1.0000
Switching to optimal damping for next iterations
DIIS step
Evaluated energy -525.7611050361 (change from lowest 4.561684e-09)
Density matrix difference 6.393204e-05 between lowest-energy and newest entry


Iteration 86: 86 Fock evaluations energy -525.7611050407 change  0.000000e+00 DIIS error vector rms norm 1.840435e-06
History size 10
alpha m=-1 occupations
   1.0000   1.0000
alpha m=0 occupations
   1.0000   1.0000   1.0000   1.0000   1.0000   1.0000
alpha m=1 occupations
   1.0000   1.0000
beta m=-1 occupations
   1.0000   1.0000
beta m=0 occupations
   1.0000   1.0000   1.0000   1.0000
beta m=1 occupations
   1.0000   1.0000
Switching to optimal damping for next iterations
DIIS step
Evaluated energy -525.7611050361 (change from lowest 4.563049e-09)
Density matrix difference 6.393177e-05 between lowest-energy and newest entry


Iteration 87: 87 Fock evaluations energy -525.7611050407 change  0.000000e+00 DIIS error vector rms norm 1.840435e-06
History size 10
alpha m=-1 occupations
   1.0000   1.0000
alpha m=0 occupations
   1.0000   1.0000   1.0000   1.0000   1.0000   1.0000
alpha m=1 occupations
   1.0000   1.0000
beta m=-1 occupations
   1.0000   1.0000
beta m=0 occupations
   1.0000   1.0000   1.0000   1.0000
beta m=1 occupations
   1.0000   1.0000
Switching to optimal damping for next iterations
DIIS step
Evaluated energy -525.7611050361 (change from lowest 4.561684e-09)
Density matrix difference 6.393177e-05 between lowest-energy and newest entry


Iteration 88: 88 Fock evaluations energy -525.7611050407 change  0.000000e+00 DIIS error vector rms norm 1.840435e-06
History size 10
alpha m=-1 occupations
   1.0000   1.0000
alpha m=0 occupations
   1.0000   1.0000   1.0000   1.0000   1.0000   1.0000
alpha m=1 occupations
   1.0000   1.0000
beta m=-1 occupations
   1.0000   1.0000
beta m=0 occupations
   1.0000   1.0000   1.0000   1.0000
beta m=1 occupations
   1.0000   1.0000
Switching to optimal damping for next iterations
DIIS step
Evaluated energy -525.7611050361 (change from lowest 4.562139e-09)
Density matrix difference 6.393177e-05 between lowest-energy and newest entry


Iteration 89: 89 Fock evaluations energy -525.7611050407 change  0.000000e+00 DIIS error vector rms norm 1.840435e-06
History size 10
alpha m=-1 occupations
   1.0000   1.0000
alpha m=0 occupations
   1.0000   1.0000   1.0000   1.0000   1.0000   1.0000
alpha m=1 occupations
   1.0000   1.0000
beta m=-1 occupations
   1.0000   1.0000
beta m=0 occupations
   1.0000   1.0000   1.0000   1.0000
beta m=1 occupations
   1.0000   1.0000
Switching to optimal damping for next iterations
DIIS step
Evaluated energy -525.7611050361 (change from lowest 4.563049e-09)
Density matrix difference 6.393177e-05 between lowest-energy and newest entry


Iteration 90: 90 Fock evaluations energy -525.7611050407 change  0.000000e+00 DIIS error vector rms norm 1.840435e-06
History size 10
alpha m=-1 occupations
   1.0000   1.0000
alpha m=0 occupations
   1.0000   1.0000   1.0000   1.0000   1.0000   1.0000
alpha m=1 occupations
   1.0000   1.0000
beta m=-1 occupations
   1.0000   1.0000
beta m=0 occupations
   1.0000   1.0000   1.0000   1.0000
beta m=1 occupations
   1.0000   1.0000
Switching to optimal damping for next iterations
DIIS step
Evaluated energy -525.7611050361 (change from lowest 4.563276e-09)
Density matrix difference 6.393178e-05 between lowest-energy and newest entry


Iteration 91: 91 Fock evaluations energy -525.7611050407 change  0.000000e+00 DIIS error vector rms norm 1.840435e-06
History size 10
alpha m=-1 occupations
   1.0000   1.0000
alpha m=0 occupations
   1.0000   1.0000   1.0000   1.0000   1.0000   1.0000
alpha m=1 occupations
   1.0000   1.0000
beta m=-1 occupations
   1.0000   1.0000
beta m=0 occupations
   1.0000   1.0000   1.0000   1.0000
beta m=1 occupations
   1.0000   1.0000
Switching to optimal damping for next iterations
DIIS step
Evaluated energy -525.7611050361 (change from lowest 4.563049e-09)
Density matrix difference 6.393178e-05 between lowest-energy and newest entry


Iteration 92: 92 Fock evaluations energy -525.7611050407 change  0.000000e+00 DIIS error vector rms norm 1.840435e-06
History size 10
alpha m=-1 occupations
   1.0000   1.0000
alpha m=0 occupations
   1.0000   1.0000   1.0000   1.0000   1.0000   1.0000
alpha m=1 occupations
   1.0000   1.0000
beta m=-1 occupations
   1.0000   1.0000
beta m=0 occupations
   1.0000   1.0000   1.0000   1.0000
beta m=1 occupations
   1.0000   1.0000
Switching to optimal damping for next iterations
DIIS step
Evaluated energy -525.7611050361 (change from lowest 4.564413e-09)
Density matrix difference 6.393186e-05 between lowest-energy and newest entry


Iteration 93: 93 Fock evaluations energy -525.7611050407 change  0.000000e+00 DIIS error vector rms norm 1.840435e-06
History size 10
alpha m=-1 occupations
   1.0000   1.0000
alpha m=0 occupations
   1.0000   1.0000   1.0000   1.0000   1.0000   1.0000
alpha m=1 occupations
   1.0000   1.0000
beta m=-1 occupations
   1.0000   1.0000
beta m=0 occupations
   1.0000   1.0000   1.0000   1.0000
beta m=1 occupations
   1.0000   1.0000
Switching to optimal damping for next iterations
DIIS step
Evaluated energy -525.7611050361 (change from lowest 4.562594e-09)
Density matrix difference 6.393210e-05 between lowest-energy and newest entry


Iteration 94: 94 Fock evaluations energy -525.7611050407 change  0.000000e+00 DIIS error vector rms norm 1.840435e-06
History size 10
alpha m=-1 occupations
   1.0000   1.0000
alpha m=0 occupations
   1.0000   1.0000   1.0000   1.0000   1.0000   1.0000
alpha m=1 occupations
   1.0000   1.0000
beta m=-1 occupations
   1.0000   1.0000
beta m=0 occupations
   1.0000   1.0000   1.0000   1.0000
beta m=1 occupations
   1.0000   1.0000
Switching to optimal damping for next iterations
DIIS step
Evaluated energy -525.7611050361 (change from lowest 4.562935e-09)
Density matrix difference 6.393187e-05 between lowest-energy and newest entry


Iteration 95: 95 Fock evaluations energy -525.7611050407 change  0.000000e+00 DIIS error vector rms norm 1.840435e-06
History size 10
alpha m=-1 occupations
   1.0000   1.0000
alpha m=0 occupations
   1.0000   1.0000   1.0000   1.0000   1.0000   1.0000
alpha m=1 occupations
   1.0000   1.0000
beta m=-1 occupations
   1.0000   1.0000
beta m=0 occupations
   1.0000   1.0000   1.0000   1.0000
beta m=1 occupations
   1.0000   1.0000
Switching to optimal damping for next iterations
DIIS step
Evaluated energy -525.7611050361 (change from lowest 4.563049e-09)
Density matrix difference 6.393181e-05 between lowest-energy and newest entry


Iteration 96: 96 Fock evaluations energy -525.7611050407 change  0.000000e+00 DIIS error vector rms norm 1.840435e-06
History size 10
alpha m=-1 occupations
   1.0000   1.0000
alpha m=0 occupations
   1.0000   1.0000   1.0000   1.0000   1.0000   1.0000
alpha m=1 occupations
   1.0000   1.0000
beta m=-1 occupations
   1.0000   1.0000
beta m=0 occupations
   1.0000   1.0000   1.0000   1.0000
beta m=1 occupations
   1.0000   1.0000
Switching to optimal damping for next iterations
DIIS step
Evaluated energy -525.7611050361 (change from lowest 4.562366e-09)
Density matrix difference 6.393181e-05 between lowest-energy and newest entry


Iteration 97: 97 Fock evaluations energy -525.7611050407 change  0.000000e+00 DIIS error vector rms norm 1.840435e-06
History size 10
alpha m=-1 occupations
   1.0000   1.0000
alpha m=0 occupations
   1.0000   1.0000   1.0000   1.0000   1.0000   1.0000
alpha m=1 occupations
   1.0000   1.0000
beta m=-1 occupations
   1.0000   1.0000
beta m=0 occupations
   1.0000   1.0000   1.0000   1.0000
beta m=1 occupations
   1.0000   1.0000
Switching to optimal damping for next iterations
DIIS step
Evaluated energy -525.7611050361 (change from lowest 4.562821e-09)
Density matrix difference 6.393181e-05 between lowest-energy and newest entry


Iteration 98: 98 Fock evaluations energy -525.7611050407 change  0.000000e+00 DIIS error vector rms norm 1.840435e-06
History size 10
alpha m=-1 occupations
   1.0000   1.0000
alpha m=0 occupations
   1.0000   1.0000   1.0000   1.0000   1.0000   1.0000
alpha m=1 occupations
   1.0000   1.0000
beta m=-1 occupations
   1.0000   1.0000
beta m=0 occupations
   1.0000   1.0000   1.0000   1.0000
beta m=1 occupations
   1.0000   1.0000
Switching to optimal damping for next iterations
DIIS step
Evaluated energy -525.7611050361 (change from lowest 4.562594e-09)
Density matrix difference 6.393182e-05 between lowest-energy and newest entry


Iteration 99: 99 Fock evaluations energy -525.7611050407 change  0.000000e+00 DIIS error vector rms norm 1.840435e-06
History size 10
alpha m=-1 occupations
   1.0000   1.0000
alpha m=0 occupations
   1.0000   1.0000   1.0000   1.0000   1.0000   1.0000
alpha m=1 occupations
   1.0000   1.0000
beta m=-1 occupations
   1.0000   1.0000
beta m=0 occupations
   1.0000   1.0000   1.0000   1.0000
beta m=1 occupations
   1.0000   1.0000
Switching to optimal damping for next iterations
DIIS step
Evaluated energy -525.7611050361 (change from lowest 4.561684e-09)
Density matrix difference 6.393182e-05 between lowest-energy and newest entry


Iteration 100: 100 Fock evaluations energy -525.7611050407 change  0.000000e+00 DIIS error vector rms norm 1.840435e-06
History size 10
alpha m=-1 occupations
   1.0000   1.0000
alpha m=0 occupations
   1.0000   1.0000   1.0000   1.0000   1.0000   1.0000
alpha m=1 occupations
   1.0000   1.0000
beta m=-1 occupations
   1.0000   1.0000
beta m=0 occupations
   1.0000   1.0000   1.0000   1.0000
beta m=1 occupations
   1.0000   1.0000
Switching to optimal damping for next iterations
DIIS step
Evaluated energy -525.7611050361 (change from lowest 4.561912e-09)
Density matrix difference 6.393180e-05 between lowest-energy and newest entry

Running program took 0.88 s.
