ERKALE - HF/DFT from Hel, OpenMP version, running on 8 cores.
(c) Susi Lehtola, 2010-2016.

This program is free software; you can redistribute it and/or modify
it under the terms of the GNU General Public License as published by
the Free Software Foundation; either version 2 of the License, or
(at your option) any later version.

Running on host silver.

Current time is Thu 22 Jan 2026 05:38:08.

Current Settings used by ERKALE:
     AtomGuess      	                Auto	Method used for atomic guess (Auto for same as method)
     Basis          	             cc-pV5Z	Basis set used in calculation
     BasisCutoff    	           1.000e-08	Cutoff for dropping out small primitives from contraction
     BasisOrth      	                Auto	Method of orthonormalization of basis set
     BasisRotate    	               false	Rotate basis set to remove redundant functions?
     Charge         	                   0	Total charge of system
     CholDepThresh  	           1.000e-07	Partial Cholesky decomposition threshold
     Cholesky       	                true	Use Cholesky decomposition?
     CholeskyMode   	                   0	Save/load integrals? 0 no, 1 save, -1 load
     CholeskyNAFThr 	           0.000e+00	Cholesky natural auxiliary function threshold
     CholeskyShThr  	           1.000e-02	Cholesky cache threshold
     CholeskyThr    	           1.000e-07	Cholesky decomposition threshold
     Complexbas     	                true	Use complex basis?
     Confinement    	         0.0 0.0 0.0	Confinement potential V(r) = V_i x_i^2
     ConvThr        	           1.000e-06	Orbital gradient convergence threshold
     DFTBasisThr    	           1.000e-10	Threshold for screening basis functions on grid
     DFTCpars       	                    	Override parameters of correlation functional (expert)
     DFTDelta       	           1.000e+02	Switch to final DFT grid has converged within factor X
     DFTDensityThr  	           1.000e-10	Threshold for screening density on grid
     DFTFinalTol    	           1.000e-05	Tolerance of final DFT grid
     DFTGrid        	             75 -302	DFT integration grid to use: nrad lmax or Auto for adaptive
     DFTInitialTol  	           1.000e-04	Tolerance of initial DFT grid
     DFTLobatto     	               false	Use Lobatto quadrature instead of Lebedev quadrature?
     DFTQuadThresh  	           2.220e-16	Threshold for pruning points with small quadrature weight
     DFTXpars       	                    	Override parameters of exchange functional (expert)
     DIISComb       	               false	Combine alpha and beta errors in unrestricted calcs?
     DIISEps        	           1.000e-01	Start mixing in DIIS when error is
     DIISOrder      	                  10	How many DIIS iterations to keep in memory?
     DIISThr        	           1.000e-02	DIIS error threshold for DIIS updates
     DecFock        	               false	Use decontracted basis to calculate Fock matrix (direct HF)
     Decontract     	                   *	Indices of atoms to decontract basis set for
     DensityFitting 	               false	Use density fitting / RI?
     Direct         	               false	Calculate two-electron integrals (or density fitting) on-the-fly?
     EField         	         0.0 0.0 0.0	Electric field
     ErrorNorm      	                 rms	Error norm to use in the SCF code
     FittingBasis   	                Auto	Basis to use for density fitting / RI (Auto for automatic)
     FittingCholeskyThreshold	           1.000e-08	Linear dependence threshold for pivoted Cholesky of Coulomb integrals in density fitting
     FittingMemory  	                1000	Amount of memory in MB to use for exchange fitting
     FittingThreshold	           1.000e-07	Linear dependence threshold for Coulomb integrals in density fitting
     Guess          	              sapfit	Used guess: SAD (default), SADNO, core, GWH, SAP, or SAPfit
     InitConvThr    	           1.000e-05	Initialization convergence threshold
     InputBohr      	               false	Use atomic units as input units instead of angstrom?
     IntegralThresh 	           1.000e-10	Integral screening threshold
     Kgwh           	           1.750e+00	Scaling constant for GWH
     LinDepThresh   	           1.000e-05	Basis set linear dependency threshold
     LinearB        	           1.200e-01	Magnetic field along bond axis
     LinearFreeze   	               false	If using linear symmetry, freeze symmetry to input guess
     LinearOccupationFile	      ../../F_5.occs	File to read linear occupations from
     LinearOccupations	                  -1	Read in occupations for linear molecule calculations?
     LinearSymmetry 	                true	Do special calculation on linear molecule along z axis
     LoadChk        	                    	Checkpoint file to load from
     Logfile        	          erkale.log	File to print out full information, stdout for screen
     MaxInitIter    	                  50	Maximum number of iterations in the stepwise solutions
     MaxIter        	                 100	Maximum number of iterations in SCF cycle
     Method         	                  HF	Method used in calculation (HF or a DFT functional)
     Multiplicity   	                   4	Spin multiplicity
     NLGrid         	             50 -194	Integration grid to use for nonlocal correlation: nrad lmax
     Occupancies    	                    	Orbital occupancies
     OptLM          	               false	If spherical harmonics used, use cartesian s and p functions?
     PZ             	               false	Perform Perdew-Zunger self-interaction correction?
     PZEthr         	           1.000e-10	Threshold for energy convergence
     PZIthr         	           1.000e-02	Threshold for initialization convergence (not too small!)
     PZNRthr        	           0.000e+00	Threshold for use of NR method in OO optimization
     PZOOthr        	           1.000e-04	Gradient threshold for OO optimization
     PZOVthr        	           1.000e-05	Gradient threshold for OV optimization
     PZimag         	                Auto	Imaginary degrees of freedom in PZ?
     PZiter         	                  20	Max number of iterations in self-consistency iteration
     PZloc          	                Auto	Initial localization before SIC calculation?
     PZlocmet       	                  FB	Initial localization method (recommend FB or IAO)
     PZmode         	                  XC	Apply PZ to the operators (in addition to J): X C D
     PZoo           	                true	Optimize OO block?
     PZov           	                true	Optimize OV block?
     PZprec         	                   1	Precondition OV block? 0: no, 1: unified, 2: orbital
     PZrand         	                true	Apply random rotation in PZ initialization? (Should be true)
     PZscale        	            Constant	Scaling for PZ: Constant, Density or Kinetic
     PZscaleExp     	           1.000e+00	Exponent in the dynamic scaling equation
     PZseed         	                   0	Seed number for randomized matrices?
     PZstab         	                   0	Stability analysis for PZ-SIC? 1 or -1 for OO, 2 or -2 for OO+OV
     PZstabThr      	           1.000e-03	Instability threshold (interpreted as -thr)
     PZw            	           1.000e+00	Weight for Perdew-Zunger self-interaction correction
     Restricted     	               false	Spin restricted?
     SAPBasis       	    helfem_large.gbs	Tabulated atomic effective potential "basis set"
     SAPGrid        	                    	SAP integration grid to use: nrad lmax or leave empty
     SaveChk        	   complex_basis.chk	Checkpoint file to save to
     Shift          	           0.000e+00	Level shift to use in Hartree
     System         	        ../atoms.xyz	System as an xyz file
     TRRHminS       	           9.750e-01	Trust-Region Roothaan-Hall minimal occupied orbital overlap
     UseADIIS       	                true	Use ADIIS for Fock matrix interpolation?
     UseBroyden     	               false	Use Broyden mixing of Fock matrices?
     UseDIIS        	                true	Use Pulay's Direct Inversion in the Iterative Subspace?
     UseLM          	                true	Use a spherical harmonics basis set by default?
     UseTRRH        	               false	Use Trust-Region Roothaan-Hall?
     VV10           	                Auto	Use VV10 non-local correlation?
     VV10Pars       	                    	VV10 parameters: b C
     Verbose        	                true	Verbose calculation?
     Verbosity      	                   5	Verboseness level

Basis set cc-pV5Z found in file cc-pV5Z.gbs in /home/lehtola/programs/erkale/basis/.
Basis set helfem_large.gbs found in file helfem_large.gbs in /home/lehtola/programs/erkale/basis/.
Screening by shell pairs and symmetry reduced dofs by factor 2.00.
Individual screening reduced dofs by a total factor 2.00.
Computing Cholesky vectors. Estimated memory size is 14 Mi - 48 Mi.
Cholesky vectors no     0 -     0 computed, error is 6.561952e+01 (0.00 s).
Cholesky vectors no     1 -     1 computed, error is 2.420109e+01 (0.00 s).
Cholesky vectors no     2 -     2 computed, error is 8.604820e+00 (0.00 s).
Cholesky vectors no     3 -     8 computed, error is 3.302781e+00 (0.00 s).
Cholesky vectors no     9 -     9 computed, error is 2.924670e+00 (0.00 s).
Cholesky vectors no    10 -    12 computed, error is 2.308188e+00 (0.00 s).
Cholesky vectors no    13 -    18 computed, error is 8.581501e-01 (0.00 s).
Cholesky vectors no    19 -    21 computed, error is 7.844464e-01 (0.00 s).
Cholesky vectors no    22 -    66 computed, error is 7.395801e-01 (0.01 s).
Cholesky vectors no    67 -    67 computed, error is 6.560299e-01 (0.00 s).
Cholesky vectors no    68 -    68 computed, error is 5.579798e-01 (0.00 s).
Cholesky vectors no    69 -    74 computed, error is 4.378599e-01 (0.00 s).
Cholesky vectors no    75 -    84 computed, error is 2.429374e-01 (0.00 s).
Cholesky vectors no    85 -   112 computed, error is 1.940341e-01 (0.01 s).
Cholesky vectors no   113 -   127 computed, error is 1.584748e-01 (0.01 s).
Cholesky vectors no   128 -   130 computed, error is 1.556955e-01 (0.00 s).
Cholesky vectors no   131 -   151 computed, error is 8.699268e-02 (0.01 s).
Cholesky vectors no   152 -   154 computed, error is 6.056871e-02 (0.00 s).
Cholesky vectors no   155 -   160 computed, error is 5.500079e-02 (0.00 s).
Cholesky vectors no   161 -   196 computed, error is 4.476970e-02 (0.02 s).
Cholesky vectors no   197 -   197 computed, error is 4.439484e-02 (0.00 s).
Cholesky vectors no   198 -   263 computed, error is 4.316577e-02 (0.05 s).
Cholesky vectors no   264 -   284 computed, error is 3.003238e-02 (0.01 s).
Cholesky vectors no   285 -   287 computed, error is 1.813244e-02 (0.00 s).
Cholesky vectors no   288 -   293 computed, error is 1.117797e-02 (0.00 s).
Cholesky vectors no   294 -   348 computed, error is 9.516535e-03 (0.05 s).
Cholesky vectors no   349 -   376 computed, error is 7.578955e-03 (0.02 s).
Cholesky vectors no   377 -   412 computed, error is 7.094848e-03 (0.04 s).
Cholesky vectors no   413 -   415 computed, error is 6.531009e-03 (0.00 s).
Cholesky vectors no   416 -   460 computed, error is 6.528760e-03 (0.03 s).
Cholesky vectors no   461 -   470 computed, error is 5.109208e-03 (0.01 s).
Cholesky vectors no   471 -   471 computed, error is 4.727058e-03 (0.00 s).
Cholesky vectors no   472 -   492 computed, error is 3.320176e-03 (0.01 s).
Cholesky vectors no   493 -   526 computed, error is 2.736552e-03 (0.04 s).
Cholesky vectors no   527 -   529 computed, error is 2.163053e-03 (0.00 s).
Cholesky vectors no   530 -   530 computed, error is 1.641647e-03 (0.00 s).
Cholesky vectors no   531 -   533 computed, error is 1.411821e-03 (0.00 s).
Cholesky vectors no   534 -   539 computed, error is 9.163651e-04 (0.00 s).
Cholesky vectors no   540 -   554 computed, error is 9.154847e-04 (0.01 s).
Cholesky vectors no   555 -   564 computed, error is 6.905893e-04 (0.01 s).
Cholesky vectors no   565 -   567 computed, error is 5.674883e-04 (0.00 s).
Cholesky vectors no   568 -   577 computed, error is 2.561431e-04 (0.01 s).
Cholesky vectors no   578 -   578 computed, error is 1.901607e-04 (0.00 s).
Cholesky vectors no   579 -   592 computed, error is 9.603732e-05 (0.01 s).
Cholesky vectors no   593 -   593 computed, error is 7.987529e-05 (0.00 s).
Cholesky vectors no   594 -   599 computed, error is 7.658087e-05 (0.00 s).
Cholesky vectors no   600 -   607 computed, error is 5.607980e-05 (0.02 s).
Cholesky vectors no   608 -   610 computed, error is 5.082373e-05 (0.00 s).
Cholesky vectors no   611 -   619 computed, error is 4.918625e-05 (0.01 s).
Cholesky vectors no   620 -   630 computed, error is 2.641797e-05 (0.01 s).
Cholesky vectors no   631 -   633 computed, error is 2.572409e-05 (0.00 s).
Cholesky vectors no   634 -   677 computed, error is 9.989273e-06 (0.03 s).
Cholesky vectors no   678 -   678 computed, error is 9.840436e-06 (0.00 s).
Cholesky vectors no   679 -   684 computed, error is 8.193349e-06 (0.00 s).
Cholesky vectors no   685 -   711 computed, error is 5.232201e-06 (0.04 s).
Cholesky vectors no   712 -   712 computed, error is 4.721607e-06 (0.00 s).
Cholesky vectors no   713 -   748 computed, error is 2.725194e-06 (0.03 s).
Cholesky vectors no   749 -   793 computed, error is 2.419669e-06 (0.04 s).
Cholesky vectors no   794 -   794 computed, error is 2.327379e-06 (0.00 s).
Cholesky vectors no   795 -   812 computed, error is 1.861618e-06 (0.04 s).
Cholesky vectors no   813 -   815 computed, error is 1.618450e-06 (0.00 s).
Cholesky vectors no   816 -   848 computed, error is 1.224057e-06 (0.03 s).
Cholesky vectors no   849 -   854 computed, error is 1.033517e-06 (0.01 s).
Cholesky vectors no   855 -   864 computed, error is 6.483794e-07 (0.01 s).
Cholesky vectors no   865 -   891 computed, error is 5.848566e-07 (0.02 s).
Cholesky vectors no   892 -   900 computed, error is 3.783694e-07 (0.03 s).
Cholesky vectors no   901 -   921 computed, error is 2.457316e-07 (0.02 s).
Cholesky vectors no   922 -   923 computed, error is 2.452701e-07 (0.00 s).
Cholesky vectors no   924 -   924 computed, error is 2.034111e-07 (0.00 s).
Cholesky vectors no   925 -   937 computed, error is 1.346729e-07 (0.01 s).
Cholesky vectors no   938 -   940 computed, error is 9.820334e-08 (0.00 s).
Cholesky decomposition finished in 0.92 s. Realized memory size is 44 Mi 615 ki.
Time use: integrals 12.8 %, linear algebra 87.2 %.
524 shell pairs and 1 nuclei
SAP potential formed in 0.017 s.
Smallest eigenvalue of overlap matrix is 1.00e+00, reciprocal condition number is 1.00e+00.
Using symmetric orthogonalization.
Smallest eigenvalue of overlap matrix is 5.18e-01, reciprocal condition number is 3.50e-01.
Using symmetric orthogonalization.
Smallest eigenvalue of overlap matrix is 2.16e-01, reciprocal condition number is 1.11e-01.
Using symmetric orthogonalization.
Smallest eigenvalue of overlap matrix is 8.99e-02, reciprocal condition number is 3.79e-02.
Using symmetric orthogonalization.
Smallest eigenvalue of overlap matrix is 2.00e-02, reciprocal condition number is 6.32e-03.
Using symmetric orthogonalization.
Smallest eigenvalue of overlap matrix is 1.39e-03, reciprocal condition number is 2.92e-04.
Using symmetric orthogonalization.
Smallest eigenvalue of overlap matrix is 2.00e-02, reciprocal condition number is 6.32e-03.
Using symmetric orthogonalization.
Smallest eigenvalue of overlap matrix is 8.99e-02, reciprocal condition number is 3.79e-02.
Using symmetric orthogonalization.
Smallest eigenvalue of overlap matrix is 2.16e-01, reciprocal condition number is 1.11e-01.
Using symmetric orthogonalization.
Smallest eigenvalue of overlap matrix is 5.18e-01, reciprocal condition number is 3.50e-01.
Using symmetric orthogonalization.
Smallest eigenvalue of overlap matrix is 1.00e+00, reciprocal condition number is 1.00e+00.
Using symmetric orthogonalization.
Nela = 6 Nelb = 3



Solving SCF
Evaluated energy -96.0620256385 (change from lowest -9.606203e+01)


Iteration 1: 1 Fock evaluations energy -96.0620256385 change -9.606203e+01 DIIS error vector rms norm 1.764294e-02
History size 1
alpha m=-1 occupations
   1.0000
alpha m=0 occupations
   1.0000   1.0000   1.0000
alpha m=1 occupations
   1.0000
alpha m=3 occupations
   1.0000
beta m=0 occupations
   1.0000   1.0000
beta m=1 occupations
   1.0000
EDIIS+DIIS step
Evaluated energy -96.1536736589 (change from lowest -9.164802e-02)
Density matrix difference 3.522525e-02 between lowest-energy and newest entry


Iteration 2: 2 Fock evaluations energy -96.1536736589 change -9.164802e-02 DIIS error vector rms norm 4.113849e-03
History size 2
alpha m=-1 occupations
   1.0000
alpha m=0 occupations
   1.0000   1.0000   1.0000
alpha m=1 occupations
   1.0000
alpha m=3 occupations
   1.0000
beta m=0 occupations
   1.0000   1.0000
beta m=1 occupations
   1.0000
EDIIS+DIIS step
Evaluated energy -96.1594009931 (change from lowest -5.727334e-03)
Density matrix difference 6.890268e-03 between lowest-energy and newest entry


Iteration 3: 3 Fock evaluations energy -96.1594009931 change -5.727334e-03 DIIS error vector rms norm 5.710705e-04
History size 3
alpha m=-1 occupations
   1.0000
alpha m=0 occupations
   1.0000   1.0000   1.0000
alpha m=1 occupations
   1.0000
alpha m=3 occupations
   1.0000
beta m=0 occupations
   1.0000   1.0000
beta m=1 occupations
   1.0000
EDIIS+DIIS step
Evaluated energy -96.1596797118 (change from lowest -2.787187e-04)
Density matrix difference 1.341941e-03 between lowest-energy and newest entry


Iteration 4: 4 Fock evaluations energy -96.1596797118 change -2.787187e-04 DIIS error vector rms norm 1.708964e-04
History size 4
alpha m=-1 occupations
   1.0000
alpha m=0 occupations
   1.0000   1.0000   1.0000
alpha m=1 occupations
   1.0000
alpha m=3 occupations
   1.0000
beta m=0 occupations
   1.0000   1.0000
beta m=1 occupations
   1.0000
EDIIS+DIIS step
Evaluated energy -96.1597200105 (change from lowest -4.029873e-05)
Density matrix difference 6.918992e-04 between lowest-energy and newest entry


Iteration 5: 5 Fock evaluations energy -96.1597200105 change -4.029873e-05 DIIS error vector rms norm 4.716431e-05
History size 5
alpha m=-1 occupations
   1.0000
alpha m=0 occupations
   1.0000   1.0000   1.0000
alpha m=1 occupations
   1.0000
alpha m=3 occupations
   1.0000
beta m=0 occupations
   1.0000   1.0000
beta m=1 occupations
   1.0000
DIIS step
Evaluated energy -96.1597232962 (change from lowest -3.285702e-06)
Density matrix difference 2.278517e-04 between lowest-energy and newest entry


Iteration 6: 6 Fock evaluations energy -96.1597232962 change -3.285702e-06 DIIS error vector rms norm 7.146795e-06
History size 6
alpha m=-1 occupations
   1.0000
alpha m=0 occupations
   1.0000   1.0000   1.0000
alpha m=1 occupations
   1.0000
alpha m=3 occupations
   1.0000
beta m=0 occupations
   1.0000   1.0000
beta m=1 occupations
   1.0000
DIIS step
Evaluated energy -96.1597233643 (change from lowest -6.812242e-08)
Density matrix difference 3.152784e-05 between lowest-energy and newest entry


Iteration 7: 7 Fock evaluations energy -96.1597233643 change -6.812242e-08 DIIS error vector rms norm 1.081068e-06
History size 7
alpha m=-1 occupations
   1.0000
alpha m=0 occupations
   1.0000   1.0000   1.0000
alpha m=1 occupations
   1.0000
alpha m=3 occupations
   1.0000
beta m=0 occupations
   1.0000   1.0000
beta m=1 occupations
   1.0000
DIIS step
Evaluated energy -96.1597233658 (change from lowest -1.498734e-09)
Density matrix difference 4.438088e-06 between lowest-energy and newest entry


Iteration 8: 8 Fock evaluations energy -96.1597233658 change -1.498734e-09 DIIS error vector rms norm 2.012486e-07
History size 8
Converged to energy -96.1597233658!

Running program took 1.65 s.
