ERKALE - HF/DFT from Hel, OpenMP version, running on 8 cores.
(c) Susi Lehtola, 2010-2016.

This program is free software; you can redistribute it and/or modify
it under the terms of the GNU General Public License as published by
the Free Software Foundation; either version 2 of the License, or
(at your option) any later version.

Running on host silver.

Current time is Sat 14 Feb 2026 03:02:33.

Current Settings used by ERKALE:
     AtomGuess      	                Auto	Method used for atomic guess (Auto for same as method)
     Basis          	           AHGBSP1-5	Basis set used in calculation
     BasisCutoff    	           1.000e-08	Cutoff for dropping out small primitives from contraction
     BasisOrth      	                Auto	Method of orthonormalization of basis set
     BasisRotate    	               false	Rotate basis set to remove redundant functions?
     Charge         	                   0	Total charge of system
     CholDepThresh  	           1.000e-07	Partial Cholesky decomposition threshold
     Cholesky       	                true	Use Cholesky decomposition?
     CholeskyMode   	                   0	Save/load integrals? 0 no, 1 save, -1 load
     CholeskyNAFThr 	           0.000e+00	Cholesky natural auxiliary function threshold
     CholeskyShThr  	           1.000e-02	Cholesky cache threshold
     CholeskyThr    	           1.000e-07	Cholesky decomposition threshold
     Complexbas     	                true	Use complex basis?
     Confinement    	         0.0 0.0 0.0	Confinement potential V(r) = V_i x_i^2
     ConvThr        	           1.000e-06	Orbital gradient convergence threshold
     DFTBasisThr    	           1.000e-10	Threshold for screening basis functions on grid
     DFTCpars       	                    	Override parameters of correlation functional (expert)
     DFTDelta       	           1.000e+02	Switch to final DFT grid has converged within factor X
     DFTDensityThr  	           1.000e-10	Threshold for screening density on grid
     DFTFinalTol    	           1.000e-05	Tolerance of final DFT grid
     DFTGrid        	             75 -302	DFT integration grid to use: nrad lmax or Auto for adaptive
     DFTInitialTol  	           1.000e-04	Tolerance of initial DFT grid
     DFTLobatto     	               false	Use Lobatto quadrature instead of Lebedev quadrature?
     DFTQuadThresh  	           2.220e-16	Threshold for pruning points with small quadrature weight
     DFTXpars       	                    	Override parameters of exchange functional (expert)
     DIISComb       	               false	Combine alpha and beta errors in unrestricted calcs?
     DIISEps        	           1.000e-01	Start mixing in DIIS when error is
     DIISOrder      	                  10	How many DIIS iterations to keep in memory?
     DIISThr        	           1.000e-02	DIIS error threshold for DIIS updates
     DecFock        	               false	Use decontracted basis to calculate Fock matrix (direct HF)
     Decontract     	                   *	Indices of atoms to decontract basis set for
     DensityFitting 	               false	Use density fitting / RI?
     Direct         	               false	Calculate two-electron integrals (or density fitting) on-the-fly?
     EField         	         0.0 0.0 0.0	Electric field
     ErrorNorm      	                 rms	Error norm to use in the SCF code
     FittingBasis   	                Auto	Basis to use for density fitting / RI (Auto for automatic)
     FittingCholeskyThreshold	           1.000e-08	Linear dependence threshold for pivoted Cholesky of Coulomb integrals in density fitting
     FittingMemory  	                1000	Amount of memory in MB to use for exchange fitting
     FittingThreshold	           1.000e-07	Linear dependence threshold for Coulomb integrals in density fitting
     Guess          	              sapfit	Used guess: SAD (default), SADNO, core, GWH, SAP, or SAPfit
     InitConvThr    	           1.000e-05	Initialization convergence threshold
     InputBohr      	               false	Use atomic units as input units instead of angstrom?
     IntegralThresh 	           1.000e-10	Integral screening threshold
     Kgwh           	           1.750e+00	Scaling constant for GWH
     LinDepThresh   	           1.000e-05	Basis set linear dependency threshold
     LinearB        	           3.800e-01	Magnetic field along bond axis
     LinearFreeze   	               false	If using linear symmetry, freeze symmetry to input guess
     LinearOccupationFile	      ../../P_7.occs	File to read linear occupations from
     LinearOccupations	                  -1	Read in occupations for linear molecule calculations?
     LinearSymmetry 	                true	Do special calculation on linear molecule along z axis
     LoadChk        	                    	Checkpoint file to load from
     Logfile        	          erkale.log	File to print out full information, stdout for screen
     MaxInitIter    	                  50	Maximum number of iterations in the stepwise solutions
     MaxIter        	                 100	Maximum number of iterations in SCF cycle
     Method         	                  HF	Method used in calculation (HF or a DFT functional)
     Multiplicity   	                   6	Spin multiplicity
     NLGrid         	             50 -194	Integration grid to use for nonlocal correlation: nrad lmax
     Occupancies    	                    	Orbital occupancies
     OptLM          	               false	If spherical harmonics used, use cartesian s and p functions?
     PZ             	               false	Perform Perdew-Zunger self-interaction correction?
     PZEthr         	           1.000e-10	Threshold for energy convergence
     PZIthr         	           1.000e-02	Threshold for initialization convergence (not too small!)
     PZNRthr        	           0.000e+00	Threshold for use of NR method in OO optimization
     PZOOthr        	           1.000e-04	Gradient threshold for OO optimization
     PZOVthr        	           1.000e-05	Gradient threshold for OV optimization
     PZimag         	                Auto	Imaginary degrees of freedom in PZ?
     PZiter         	                  20	Max number of iterations in self-consistency iteration
     PZloc          	                Auto	Initial localization before SIC calculation?
     PZlocmet       	                  FB	Initial localization method (recommend FB or IAO)
     PZmode         	                  XC	Apply PZ to the operators (in addition to J): X C D
     PZoo           	                true	Optimize OO block?
     PZov           	                true	Optimize OV block?
     PZprec         	                   1	Precondition OV block? 0: no, 1: unified, 2: orbital
     PZrand         	                true	Apply random rotation in PZ initialization? (Should be true)
     PZscale        	            Constant	Scaling for PZ: Constant, Density or Kinetic
     PZscaleExp     	           1.000e+00	Exponent in the dynamic scaling equation
     PZseed         	                   0	Seed number for randomized matrices?
     PZstab         	                   0	Stability analysis for PZ-SIC? 1 or -1 for OO, 2 or -2 for OO+OV
     PZstabThr      	           1.000e-03	Instability threshold (interpreted as -thr)
     PZw            	           1.000e+00	Weight for Perdew-Zunger self-interaction correction
     Restricted     	               false	Spin restricted?
     SAPBasis       	    helfem_large.gbs	Tabulated atomic effective potential "basis set"
     SAPGrid        	                    	SAP integration grid to use: nrad lmax or leave empty
     SaveChk        	   complex_basis.chk	Checkpoint file to save to
     Shift          	           0.000e+00	Level shift to use in Hartree
     System         	        ../atoms.xyz	System as an xyz file
     TRRHminS       	           9.750e-01	Trust-Region Roothaan-Hall minimal occupied orbital overlap
     UseADIIS       	                true	Use ADIIS for Fock matrix interpolation?
     UseBroyden     	               false	Use Broyden mixing of Fock matrices?
     UseDIIS        	                true	Use Pulay's Direct Inversion in the Iterative Subspace?
     UseLM          	                true	Use a spherical harmonics basis set by default?
     UseTRRH        	               false	Use Trust-Region Roothaan-Hall?
     VV10           	                Auto	Use VV10 non-local correlation?
     VV10Pars       	                    	VV10 parameters: b C
     Verbose        	                true	Verbose calculation?
     Verbosity      	                   5	Verboseness level

Basis set AHGBSP1-5 found in file AHGBSP1-5.gbs in /home/lehtola/programs/erkale/basis/.
Basis set helfem_large.gbs found in file helfem_large.gbs in /home/lehtola/programs/erkale/basis/.
Screening by shell pairs and symmetry reduced dofs by factor 1.99.
Individual screening reduced dofs by a total factor 1.99.
Computing Cholesky vectors. Estimated memory size is 21 Mi - 71 Mi.
Cholesky vectors no     0 -     0 computed, error is 3.302596e+01 (0.03 s).
Cholesky vectors no     1 -     1 computed, error is 1.292305e+01 (0.03 s).
Cholesky vectors no     2 -     7 computed, error is 3.722462e+00 (0.15 s).
Cholesky vectors no     8 -    10 computed, error is 3.490972e+00 (0.08 s).
Cholesky vectors no    11 -    11 computed, error is 2.969045e+00 (0.02 s).
Cholesky vectors no    12 -    26 computed, error is 1.795357e+00 (0.05 s).
Cholesky vectors no    27 -    27 computed, error is 1.057384e+00 (0.00 s).
Cholesky vectors no    28 -    30 computed, error is 8.951742e-01 (0.00 s).
Cholesky vectors no    31 -    45 computed, error is 7.488886e-01 (0.00 s).
Cholesky vectors no    46 -    51 computed, error is 5.127840e-01 (0.00 s).
Cholesky vectors no    52 -    61 computed, error is 3.747122e-01 (0.00 s).
Cholesky vectors no    62 -    76 computed, error is 2.472929e-01 (0.00 s).
Cholesky vectors no    77 -    79 computed, error is 1.934986e-01 (0.00 s).
Cholesky vectors no    80 -    80 computed, error is 1.921808e-01 (0.00 s).
Cholesky vectors no    81 -    90 computed, error is 1.787364e-01 (0.00 s).
Cholesky vectors no    91 -   100 computed, error is 1.622356e-01 (0.01 s).
Cholesky vectors no   101 -   115 computed, error is 1.087571e-01 (0.00 s).
Cholesky vectors no   116 -   130 computed, error is 8.239602e-02 (0.01 s).
Cholesky vectors no   131 -   140 computed, error is 7.006437e-02 (0.01 s).
Cholesky vectors no   141 -   155 computed, error is 4.941190e-02 (0.01 s).
Cholesky vectors no   156 -   161 computed, error is 4.520755e-02 (0.00 s).
Cholesky vectors no   162 -   171 computed, error is 3.726704e-02 (0.01 s).
Cholesky vectors no   172 -   172 computed, error is 3.261334e-02 (0.00 s).
Cholesky vectors no   173 -   187 computed, error is 3.034964e-02 (0.01 s).
Cholesky vectors no   188 -   197 computed, error is 3.028383e-02 (0.01 s).
Cholesky vectors no   198 -   212 computed, error is 2.731094e-02 (0.02 s).
Cholesky vectors no   213 -   215 computed, error is 1.947727e-02 (0.00 s).
Cholesky vectors no   216 -   225 computed, error is 1.412192e-02 (0.01 s).
Cholesky vectors no   226 -   240 computed, error is 1.364916e-02 (0.01 s).
Cholesky vectors no   241 -   250 computed, error is 1.309118e-02 (0.01 s).
Cholesky vectors no   251 -   265 computed, error is 8.298228e-03 (0.01 s).
Cholesky vectors no   266 -   268 computed, error is 8.002532e-03 (0.00 s).
Cholesky vectors no   269 -   278 computed, error is 7.718800e-03 (0.01 s).
Cholesky vectors no   279 -   288 computed, error is 6.960513e-03 (0.01 s).
Cholesky vectors no   289 -   298 computed, error is 6.106364e-03 (0.01 s).
Cholesky vectors no   299 -   313 computed, error is 4.135064e-03 (0.02 s).
Cholesky vectors no   314 -   319 computed, error is 2.664540e-03 (0.00 s).
Cholesky vectors no   320 -   334 computed, error is 2.577212e-03 (0.01 s).
Cholesky vectors no   335 -   344 computed, error is 1.962975e-03 (0.01 s).
Cholesky vectors no   345 -   354 computed, error is 1.795973e-03 (0.01 s).
Cholesky vectors no   355 -   357 computed, error is 1.427756e-03 (0.00 s).
Cholesky vectors no   358 -   358 computed, error is 1.384941e-03 (0.00 s).
Cholesky vectors no   359 -   368 computed, error is 1.282694e-03 (0.01 s).
Cholesky vectors no   369 -   383 computed, error is 1.188660e-03 (0.01 s).
Cholesky vectors no   384 -   398 computed, error is 1.119116e-03 (0.01 s).
Cholesky vectors no   399 -   408 computed, error is 3.627294e-04 (0.02 s).
Cholesky vectors no   409 -   409 computed, error is 3.045599e-04 (0.00 s).
Cholesky vectors no   410 -   412 computed, error is 2.764596e-04 (0.00 s).
Cholesky vectors no   413 -   427 computed, error is 2.563626e-04 (0.01 s).
Cholesky vectors no   428 -   437 computed, error is 2.070098e-04 (0.01 s).
Cholesky vectors no   438 -   447 computed, error is 1.970606e-04 (0.01 s).
Cholesky vectors no   448 -   448 computed, error is 1.136629e-04 (0.00 s).
Cholesky vectors no   449 -   463 computed, error is 8.221749e-05 (0.01 s).
Cholesky vectors no   464 -   466 computed, error is 7.328216e-05 (0.00 s).
Cholesky vectors no   467 -   476 computed, error is 6.784838e-05 (0.01 s).
Cholesky vectors no   477 -   482 computed, error is 4.893187e-05 (0.00 s).
Cholesky vectors no   483 -   497 computed, error is 2.777976e-05 (0.01 s).
Cholesky vectors no   498 -   507 computed, error is 2.625700e-05 (0.02 s).
Cholesky vectors no   508 -   522 computed, error is 2.522985e-05 (0.01 s).
Cholesky vectors no   523 -   537 computed, error is 2.043231e-05 (0.01 s).
Cholesky vectors no   538 -   547 computed, error is 1.866081e-05 (0.01 s).
Cholesky vectors no   548 -   562 computed, error is 1.332567e-05 (0.01 s).
Cholesky vectors no   563 -   563 computed, error is 1.085812e-05 (0.00 s).
Cholesky vectors no   564 -   573 computed, error is 8.264114e-06 (0.01 s).
Cholesky vectors no   574 -   583 computed, error is 6.465514e-06 (0.01 s).
Cholesky vectors no   584 -   588 computed, error is 6.220815e-06 (0.00 s).
Cholesky vectors no   589 -   603 computed, error is 3.550931e-06 (0.03 s).
Cholesky vectors no   604 -   604 computed, error is 3.252444e-06 (0.00 s).
Cholesky vectors no   605 -   614 computed, error is 3.216969e-06 (0.01 s).
Cholesky vectors no   615 -   617 computed, error is 3.175636e-06 (0.00 s).
Cholesky vectors no   618 -   632 computed, error is 2.378187e-06 (0.01 s).
Cholesky vectors no   633 -   647 computed, error is 1.569077e-06 (0.01 s).
Cholesky vectors no   648 -   657 computed, error is 1.038884e-06 (0.01 s).
Cholesky vectors no   658 -   667 computed, error is 7.369994e-07 (0.01 s).
Cholesky vectors no   668 -   682 computed, error is 5.330517e-07 (0.01 s).
Cholesky vectors no   683 -   697 computed, error is 4.538448e-07 (0.01 s).
Cholesky vectors no   698 -   702 computed, error is 3.730510e-07 (0.02 s).
Cholesky vectors no   703 -   703 computed, error is 3.343390e-07 (0.00 s).
Cholesky vectors no   704 -   713 computed, error is 2.370333e-07 (0.01 s).
Cholesky vectors no   714 -   719 computed, error is 2.279767e-07 (0.00 s).
Cholesky vectors no   720 -   726 computed, error is 1.454620e-07 (0.01 s).
Cholesky vectors no   727 -   729 computed, error is 1.157127e-07 (0.00 s).
Cholesky vectors no   730 -   744 computed, error is 3.458372e-08 (0.01 s).
terminate called after throwing an instance of 'std::logic_error'
  what():  Multiplicity does not match occupations!
