ERKALE - HF/DFT from Hel, OpenMP version, running on 8 cores.
(c) Susi Lehtola, 2010-2016.

This program is free software; you can redistribute it and/or modify
it under the terms of the GNU General Public License as published by
the Free Software Foundation; either version 2 of the License, or
(at your option) any later version.

Running on host silver.

Current time is Mon 19 Jan 2026 18:22:27.

Current Settings used by ERKALE:
     AtomGuess      	                Auto	Method used for atomic guess (Auto for same as method)
     Basis          	         aug-cc-pVTZ	Basis set used in calculation
     BasisCutoff    	           1.000e-08	Cutoff for dropping out small primitives from contraction
     BasisOrth      	                Auto	Method of orthonormalization of basis set
     BasisRotate    	               false	Rotate basis set to remove redundant functions?
     Charge         	                   0	Total charge of system
     CholDepThresh  	           1.000e-07	Partial Cholesky decomposition threshold
     Cholesky       	                true	Use Cholesky decomposition?
     CholeskyMode   	                   0	Save/load integrals? 0 no, 1 save, -1 load
     CholeskyNAFThr 	           0.000e+00	Cholesky natural auxiliary function threshold
     CholeskyShThr  	           1.000e-02	Cholesky cache threshold
     CholeskyThr    	           1.000e-07	Cholesky decomposition threshold
     Complexbas     	                true	Use complex basis?
     Confinement    	         0.0 0.0 0.0	Confinement potential V(r) = V_i x_i^2
     ConvThr        	           1.000e-06	Orbital gradient convergence threshold
     DFTBasisThr    	           1.000e-10	Threshold for screening basis functions on grid
     DFTCpars       	                    	Override parameters of correlation functional (expert)
     DFTDelta       	           1.000e+02	Switch to final DFT grid has converged within factor X
     DFTDensityThr  	           1.000e-10	Threshold for screening density on grid
     DFTFinalTol    	           1.000e-05	Tolerance of final DFT grid
     DFTGrid        	             75 -302	DFT integration grid to use: nrad lmax or Auto for adaptive
     DFTInitialTol  	           1.000e-04	Tolerance of initial DFT grid
     DFTLobatto     	               false	Use Lobatto quadrature instead of Lebedev quadrature?
     DFTQuadThresh  	           2.220e-16	Threshold for pruning points with small quadrature weight
     DFTXpars       	                    	Override parameters of exchange functional (expert)
     DIISComb       	               false	Combine alpha and beta errors in unrestricted calcs?
     DIISEps        	           1.000e-01	Start mixing in DIIS when error is
     DIISOrder      	                  10	How many DIIS iterations to keep in memory?
     DIISThr        	           1.000e-02	DIIS error threshold for DIIS updates
     DecFock        	               false	Use decontracted basis to calculate Fock matrix (direct HF)
     Decontract     	                   *	Indices of atoms to decontract basis set for
     DensityFitting 	               false	Use density fitting / RI?
     Direct         	               false	Calculate two-electron integrals (or density fitting) on-the-fly?
     EField         	         0.0 0.0 0.0	Electric field
     ErrorNorm      	                 rms	Error norm to use in the SCF code
     FittingBasis   	                Auto	Basis to use for density fitting / RI (Auto for automatic)
     FittingCholeskyThreshold	           1.000e-08	Linear dependence threshold for pivoted Cholesky of Coulomb integrals in density fitting
     FittingMemory  	                1000	Amount of memory in MB to use for exchange fitting
     FittingThreshold	           1.000e-07	Linear dependence threshold for Coulomb integrals in density fitting
     Guess          	              sapfit	Used guess: SAD (default), SADNO, core, GWH, SAP, or SAPfit
     InitConvThr    	           1.000e-05	Initialization convergence threshold
     InputBohr      	               false	Use atomic units as input units instead of angstrom?
     IntegralThresh 	           1.000e-10	Integral screening threshold
     Kgwh           	           1.750e+00	Scaling constant for GWH
     LinDepThresh   	           1.000e-05	Basis set linear dependency threshold
     LinearB        	           3.600e-01	Magnetic field along bond axis
     LinearFreeze   	               false	If using linear symmetry, freeze symmetry to input guess
     LinearOccupationFile	     ../../He_1.occs	File to read linear occupations from
     LinearOccupations	                  -1	Read in occupations for linear molecule calculations?
     LinearSymmetry 	                true	Do special calculation on linear molecule along z axis
     LoadChk        	                    	Checkpoint file to load from
     Logfile        	          erkale.log	File to print out full information, stdout for screen
     MaxInitIter    	                  50	Maximum number of iterations in the stepwise solutions
     MaxIter        	                 100	Maximum number of iterations in SCF cycle
     Method         	                  HF	Method used in calculation (HF or a DFT functional)
     Multiplicity   	                   3	Spin multiplicity
     NLGrid         	             50 -194	Integration grid to use for nonlocal correlation: nrad lmax
     Occupancies    	                    	Orbital occupancies
     OptLM          	               false	If spherical harmonics used, use cartesian s and p functions?
     PZ             	               false	Perform Perdew-Zunger self-interaction correction?
     PZEthr         	           1.000e-10	Threshold for energy convergence
     PZIthr         	           1.000e-02	Threshold for initialization convergence (not too small!)
     PZNRthr        	           0.000e+00	Threshold for use of NR method in OO optimization
     PZOOthr        	           1.000e-04	Gradient threshold for OO optimization
     PZOVthr        	           1.000e-05	Gradient threshold for OV optimization
     PZimag         	                Auto	Imaginary degrees of freedom in PZ?
     PZiter         	                  20	Max number of iterations in self-consistency iteration
     PZloc          	                Auto	Initial localization before SIC calculation?
     PZlocmet       	                  FB	Initial localization method (recommend FB or IAO)
     PZmode         	                  XC	Apply PZ to the operators (in addition to J): X C D
     PZoo           	                true	Optimize OO block?
     PZov           	                true	Optimize OV block?
     PZprec         	                   1	Precondition OV block? 0: no, 1: unified, 2: orbital
     PZrand         	                true	Apply random rotation in PZ initialization? (Should be true)
     PZscale        	            Constant	Scaling for PZ: Constant, Density or Kinetic
     PZscaleExp     	           1.000e+00	Exponent in the dynamic scaling equation
     PZseed         	                   0	Seed number for randomized matrices?
     PZstab         	                   0	Stability analysis for PZ-SIC? 1 or -1 for OO, 2 or -2 for OO+OV
     PZstabThr      	           1.000e-03	Instability threshold (interpreted as -thr)
     PZw            	           1.000e+00	Weight for Perdew-Zunger self-interaction correction
     Restricted     	               false	Spin restricted?
     SAPBasis       	    helfem_large.gbs	Tabulated atomic effective potential "basis set"
     SAPGrid        	                    	SAP integration grid to use: nrad lmax or leave empty
     SaveChk        	   complex_basis.chk	Checkpoint file to save to
     Shift          	           0.000e+00	Level shift to use in Hartree
     System         	        ../atoms.xyz	System as an xyz file
     TRRHminS       	           9.750e-01	Trust-Region Roothaan-Hall minimal occupied orbital overlap
     UseADIIS       	                true	Use ADIIS for Fock matrix interpolation?
     UseBroyden     	               false	Use Broyden mixing of Fock matrices?
     UseDIIS        	                true	Use Pulay's Direct Inversion in the Iterative Subspace?
     UseLM          	                true	Use a spherical harmonics basis set by default?
     UseTRRH        	               false	Use Trust-Region Roothaan-Hall?
     VV10           	                Auto	Use VV10 non-local correlation?
     VV10Pars       	                    	VV10 parameters: b C
     Verbose        	                true	Verbose calculation?
     Verbosity      	                   5	Verboseness level

Basis set aug-cc-pVTZ found in file aug-cc-pVTZ.gbs in /home/lehtola/programs/erkale/basis/.
Basis set helfem_large.gbs found in file helfem_large.gbs in /home/lehtola/programs/erkale/basis/.
Screening by shell pairs and symmetry reduced dofs by factor 1.93.
Individual screening reduced dofs by a total factor 1.93.
Computing Cholesky vectors. Estimated memory size is 213 ki - 712 ki.
Cholesky vectors no     0 -     0 computed, error is 2.181292e+00 (0.03 s).
Cholesky vectors no     1 -     1 computed, error is 1.034460e+00 (0.03 s).
Cholesky vectors no     2 -     7 computed, error is 3.399416e-01 (0.00 s).
Cholesky vectors no     8 -    10 computed, error is 2.900535e-01 (0.00 s).
Cholesky vectors no    11 -    25 computed, error is 1.799904e-01 (0.00 s).
Cholesky vectors no    26 -    26 computed, error is 9.354757e-02 (0.00 s).
Cholesky vectors no    27 -    36 computed, error is 8.504418e-02 (0.00 s).
Cholesky vectors no    37 -    51 computed, error is 5.417127e-02 (0.00 s).
Cholesky vectors no    52 -    61 computed, error is 3.788985e-02 (0.00 s).
Cholesky vectors no    62 -    62 computed, error is 2.408073e-02 (0.00 s).
Cholesky vectors no    63 -    63 computed, error is 1.684952e-02 (0.00 s).
Cholesky vectors no    64 -    66 computed, error is 1.014811e-02 (0.00 s).
Cholesky vectors no    67 -    76 computed, error is 6.155876e-03 (0.00 s).
Cholesky vectors no    77 -    82 computed, error is 4.170407e-03 (0.00 s).
Cholesky vectors no    83 -    85 computed, error is 3.627900e-03 (0.00 s).
Cholesky vectors no    86 -    91 computed, error is 3.061837e-03 (0.00 s).
Cholesky vectors no    92 -    94 computed, error is 1.536179e-03 (0.00 s).
Cholesky vectors no    95 -   104 computed, error is 1.449591e-03 (0.00 s).
Cholesky vectors no   105 -   105 computed, error is 6.086662e-04 (0.00 s).
Cholesky vectors no   106 -   120 computed, error is 3.098424e-04 (0.00 s).
Cholesky vectors no   121 -   123 computed, error is 2.094359e-04 (0.00 s).
Cholesky vectors no   124 -   128 computed, error is 9.005392e-05 (0.00 s).
Cholesky vectors no   129 -   129 computed, error is 7.803226e-05 (0.00 s).
Cholesky vectors no   130 -   134 computed, error is 7.838305e-06 (0.00 s).
Cholesky vectors no   135 -   137 computed, error is 5.189100e-06 (0.00 s).
Cholesky vectors no   138 -   147 computed, error is 3.491508e-06 (0.00 s).
Cholesky vectors no   148 -   152 computed, error is 3.250270e-06 (0.00 s).
Cholesky vectors no   153 -   153 computed, error is 1.850718e-06 (0.00 s).
Cholesky vectors no   154 -   154 computed, error is 1.256313e-06 (0.00 s).
Cholesky vectors no   155 -   159 computed, error is 7.688638e-07 (0.00 s).
Cholesky vectors no   160 -   164 computed, error is 4.442514e-07 (0.00 s).
Cholesky vectors no   165 -   165 computed, error is 1.691469e-07 (0.00 s).
Cholesky vectors no   166 -   175 computed, error is 1.133276e-07 (0.00 s).
Cholesky vectors no   176 -   176 computed, error is 1.017362e-07 (0.00 s).
Cholesky vectors no   177 -   182 computed, error is 3.776783e-08 (0.00 s).
Cholesky decomposition finished in 0.18 s. Realized memory size is 548 ki.
Time use: integrals 67.1 %, linear algebra 32.9 %.
78 shell pairs and 1 nuclei
SAP potential formed in 0.001 s.
Smallest eigenvalue of overlap matrix is 5.74e-01, reciprocal condition number is 4.02e-01.
Using symmetric orthogonalization.
Smallest eigenvalue of overlap matrix is 2.52e-01, reciprocal condition number is 1.32e-01.
Using symmetric orthogonalization.
Smallest eigenvalue of overlap matrix is 3.42e-02, reciprocal condition number is 1.10e-02.
Using symmetric orthogonalization.
Smallest eigenvalue of overlap matrix is 2.52e-01, reciprocal condition number is 1.32e-01.
Using symmetric orthogonalization.
Smallest eigenvalue of overlap matrix is 5.74e-01, reciprocal condition number is 4.02e-01.
Using symmetric orthogonalization.
Nela = 2 Nelb = 0



Solving SCF
Evaluated energy -2.2275251568 (change from lowest -2.227525e+00)


Iteration 1: 1 Fock evaluations energy -2.2275251568 change -2.227525e+00 DIIS error vector rms norm 2.778947e-02
History size 1
alpha m=0 occupations
   1.0000   1.0000
EDIIS+DIIS step
Evaluated energy -2.3476758829 (change from lowest -1.201507e-01)
Density matrix difference 3.483597e-02 between lowest-energy and newest entry


Iteration 2: 2 Fock evaluations energy -2.3476758829 change -1.201507e-01 DIIS error vector rms norm 6.933139e-03
History size 2
alpha m=0 occupations
   1.0000   1.0000
EDIIS+DIIS step
Evaluated energy -2.3565871879 (change from lowest -8.911305e-03)
Density matrix difference 1.211288e-02 between lowest-energy and newest entry


Iteration 3: 3 Fock evaluations energy -2.3565871879 change -8.911305e-03 DIIS error vector rms norm 7.270351e-04
History size 3
alpha m=0 occupations
   1.0000   1.0000
EDIIS+DIIS step
Evaluated energy -2.3567634067 (change from lowest -1.762188e-04)
Density matrix difference 1.864919e-03 between lowest-energy and newest entry


Iteration 4: 4 Fock evaluations energy -2.3567634067 change -1.762188e-04 DIIS error vector rms norm 1.286409e-04
History size 4
alpha m=0 occupations
   1.0000   1.0000
EDIIS+DIIS step
Evaluated energy -2.3567701381 (change from lowest -6.731402e-06)
Density matrix difference 4.154828e-04 between lowest-energy and newest entry


Iteration 5: 5 Fock evaluations energy -2.3567701381 change -6.731402e-06 DIIS error vector rms norm 1.055557e-05
History size 5
alpha m=0 occupations
   1.0000   1.0000
DIIS step
Evaluated energy -2.3567701773 (change from lowest -3.920193e-08)
Density matrix difference 3.186506e-05 between lowest-energy and newest entry


Iteration 6: 6 Fock evaluations energy -2.3567701773 change -3.920193e-08 DIIS error vector rms norm 8.042926e-07
History size 6
Converged to energy -2.3567701773!

Running program took 0.34 s.
