ERKALE - HF/DFT from Hel, OpenMP version, running on 8 cores.
(c) Susi Lehtola, 2010-2016.

This program is free software; you can redistribute it and/or modify
it under the terms of the GNU General Public License as published by
the Free Software Foundation; either version 2 of the License, or
(at your option) any later version.

Running on host silver.

Current time is Sat 14 Feb 2026 18:58:32.

Current Settings used by ERKALE:
     AtomGuess      	                Auto	Method used for atomic guess (Auto for same as method)
     Basis          	           AHGBSP2-5	Basis set used in calculation
     BasisCutoff    	           1.000e-08	Cutoff for dropping out small primitives from contraction
     BasisOrth      	                Auto	Method of orthonormalization of basis set
     BasisRotate    	               false	Rotate basis set to remove redundant functions?
     Charge         	                   0	Total charge of system
     CholDepThresh  	           1.000e-07	Partial Cholesky decomposition threshold
     Cholesky       	                true	Use Cholesky decomposition?
     CholeskyMode   	                   0	Save/load integrals? 0 no, 1 save, -1 load
     CholeskyNAFThr 	           0.000e+00	Cholesky natural auxiliary function threshold
     CholeskyShThr  	           1.000e-02	Cholesky cache threshold
     CholeskyThr    	           1.000e-07	Cholesky decomposition threshold
     Complexbas     	                true	Use complex basis?
     Confinement    	         0.0 0.0 0.0	Confinement potential V(r) = V_i x_i^2
     ConvThr        	           1.000e-06	Orbital gradient convergence threshold
     DFTBasisThr    	           1.000e-10	Threshold for screening basis functions on grid
     DFTCpars       	                    	Override parameters of correlation functional (expert)
     DFTDelta       	           1.000e+02	Switch to final DFT grid has converged within factor X
     DFTDensityThr  	           1.000e-10	Threshold for screening density on grid
     DFTFinalTol    	           1.000e-05	Tolerance of final DFT grid
     DFTGrid        	             75 -302	DFT integration grid to use: nrad lmax or Auto for adaptive
     DFTInitialTol  	           1.000e-04	Tolerance of initial DFT grid
     DFTLobatto     	               false	Use Lobatto quadrature instead of Lebedev quadrature?
     DFTQuadThresh  	           2.220e-16	Threshold for pruning points with small quadrature weight
     DFTXpars       	                    	Override parameters of exchange functional (expert)
     DIISComb       	               false	Combine alpha and beta errors in unrestricted calcs?
     DIISEps        	           1.000e-01	Start mixing in DIIS when error is
     DIISOrder      	                  10	How many DIIS iterations to keep in memory?
     DIISThr        	           1.000e-02	DIIS error threshold for DIIS updates
     DecFock        	               false	Use decontracted basis to calculate Fock matrix (direct HF)
     Decontract     	                   *	Indices of atoms to decontract basis set for
     DensityFitting 	               false	Use density fitting / RI?
     Direct         	               false	Calculate two-electron integrals (or density fitting) on-the-fly?
     EField         	         0.0 0.0 0.0	Electric field
     ErrorNorm      	                 rms	Error norm to use in the SCF code
     FittingBasis   	                Auto	Basis to use for density fitting / RI (Auto for automatic)
     FittingCholeskyThreshold	           1.000e-08	Linear dependence threshold for pivoted Cholesky of Coulomb integrals in density fitting
     FittingMemory  	                1000	Amount of memory in MB to use for exchange fitting
     FittingThreshold	           1.000e-07	Linear dependence threshold for Coulomb integrals in density fitting
     Guess          	              sapfit	Used guess: SAD (default), SADNO, core, GWH, SAP, or SAPfit
     InitConvThr    	           1.000e-05	Initialization convergence threshold
     InputBohr      	               false	Use atomic units as input units instead of angstrom?
     IntegralThresh 	           1.000e-10	Integral screening threshold
     Kgwh           	           1.750e+00	Scaling constant for GWH
     LinDepThresh   	           1.000e-05	Basis set linear dependency threshold
     LinearB        	           1.200e-01	Magnetic field along bond axis
     LinearFreeze   	               false	If using linear symmetry, freeze symmetry to input guess
     LinearOccupationFile	     ../../Ar_8.occs	File to read linear occupations from
     LinearOccupations	                  -1	Read in occupations for linear molecule calculations?
     LinearSymmetry 	                true	Do special calculation on linear molecule along z axis
     LoadChk        	                    	Checkpoint file to load from
     Logfile        	          erkale.log	File to print out full information, stdout for screen
     MaxInitIter    	                  50	Maximum number of iterations in the stepwise solutions
     MaxIter        	                 100	Maximum number of iterations in SCF cycle
     Method         	                  HF	Method used in calculation (HF or a DFT functional)
     Multiplicity   	                   7	Spin multiplicity
     NLGrid         	             50 -194	Integration grid to use for nonlocal correlation: nrad lmax
     Occupancies    	                    	Orbital occupancies
     OptLM          	               false	If spherical harmonics used, use cartesian s and p functions?
     PZ             	               false	Perform Perdew-Zunger self-interaction correction?
     PZEthr         	           1.000e-10	Threshold for energy convergence
     PZIthr         	           1.000e-02	Threshold for initialization convergence (not too small!)
     PZNRthr        	           0.000e+00	Threshold for use of NR method in OO optimization
     PZOOthr        	           1.000e-04	Gradient threshold for OO optimization
     PZOVthr        	           1.000e-05	Gradient threshold for OV optimization
     PZimag         	                Auto	Imaginary degrees of freedom in PZ?
     PZiter         	                  20	Max number of iterations in self-consistency iteration
     PZloc          	                Auto	Initial localization before SIC calculation?
     PZlocmet       	                  FB	Initial localization method (recommend FB or IAO)
     PZmode         	                  XC	Apply PZ to the operators (in addition to J): X C D
     PZoo           	                true	Optimize OO block?
     PZov           	                true	Optimize OV block?
     PZprec         	                   1	Precondition OV block? 0: no, 1: unified, 2: orbital
     PZrand         	                true	Apply random rotation in PZ initialization? (Should be true)
     PZscale        	            Constant	Scaling for PZ: Constant, Density or Kinetic
     PZscaleExp     	           1.000e+00	Exponent in the dynamic scaling equation
     PZseed         	                   0	Seed number for randomized matrices?
     PZstab         	                   0	Stability analysis for PZ-SIC? 1 or -1 for OO, 2 or -2 for OO+OV
     PZstabThr      	           1.000e-03	Instability threshold (interpreted as -thr)
     PZw            	           1.000e+00	Weight for Perdew-Zunger self-interaction correction
     Restricted     	               false	Spin restricted?
     SAPBasis       	    helfem_large.gbs	Tabulated atomic effective potential "basis set"
     SAPGrid        	                    	SAP integration grid to use: nrad lmax or leave empty
     SaveChk        	   complex_basis.chk	Checkpoint file to save to
     Shift          	           0.000e+00	Level shift to use in Hartree
     System         	        ../atoms.xyz	System as an xyz file
     TRRHminS       	           9.750e-01	Trust-Region Roothaan-Hall minimal occupied orbital overlap
     UseADIIS       	                true	Use ADIIS for Fock matrix interpolation?
     UseBroyden     	               false	Use Broyden mixing of Fock matrices?
     UseDIIS        	                true	Use Pulay's Direct Inversion in the Iterative Subspace?
     UseLM          	                true	Use a spherical harmonics basis set by default?
     UseTRRH        	               false	Use Trust-Region Roothaan-Hall?
     VV10           	                Auto	Use VV10 non-local correlation?
     VV10Pars       	                    	VV10 parameters: b C
     Verbose        	                true	Verbose calculation?
     Verbosity      	                   5	Verboseness level

Basis set AHGBSP2-5 found in file AHGBSP2-5.gbs in /home/lehtola/programs/erkale/basis/.
Basis set helfem_large.gbs found in file helfem_large.gbs in /home/lehtola/programs/erkale/basis/.
Screening by shell pairs and symmetry reduced dofs by factor 2.01.
Individual screening reduced dofs by a total factor 2.01.
Computing Cholesky vectors. Estimated memory size is 120 Mi - 403 Mi.
Cholesky vectors no     0 -     0 computed, error is 3.963165e+01 (0.03 s).
Cholesky vectors no     1 -     1 computed, error is 1.550897e+01 (0.02 s).
Cholesky vectors no     2 -     7 computed, error is 4.467550e+00 (0.14 s).
Cholesky vectors no     8 -    10 computed, error is 4.188795e+00 (0.07 s).
Cholesky vectors no    11 -    11 computed, error is 3.563055e+00 (0.03 s).
Cholesky vectors no    12 -    26 computed, error is 2.154294e+00 (0.01 s).
Cholesky vectors no    27 -    27 computed, error is 1.268969e+00 (0.00 s).
Cholesky vectors no    28 -    30 computed, error is 1.185360e+00 (0.00 s).
Cholesky vectors no    31 -    58 computed, error is 9.075997e-01 (0.02 s).
Cholesky vectors no    59 -    64 computed, error is 6.154099e-01 (0.01 s).
Cholesky vectors no    65 -    74 computed, error is 4.656104e-01 (0.01 s).
Cholesky vectors no    75 -   102 computed, error is 2.968268e-01 (0.05 s).
Cholesky vectors no   103 -   105 computed, error is 2.840339e-01 (0.00 s).
Cholesky vectors no   106 -   126 computed, error is 2.323083e-01 (0.02 s).
Cholesky vectors no   127 -   127 computed, error is 2.145418e-01 (0.00 s).
Cholesky vectors no   128 -   137 computed, error is 2.050804e-01 (0.02 s).
Cholesky vectors no   138 -   165 computed, error is 1.840796e-01 (0.06 s).
Cholesky vectors no   166 -   180 computed, error is 1.267667e-01 (0.03 s).
Cholesky vectors no   181 -   201 computed, error is 9.074087e-02 (0.07 s).
Cholesky vectors no   202 -   229 computed, error is 7.561391e-02 (0.07 s).
Cholesky vectors no   230 -   250 computed, error is 6.449634e-02 (0.05 s).
Cholesky vectors no   251 -   278 computed, error is 5.898397e-02 (0.06 s).
Cholesky vectors no   279 -   284 computed, error is 5.568823e-02 (0.01 s).
Cholesky vectors no   285 -   305 computed, error is 4.471539e-02 (0.09 s).
Cholesky vectors no   306 -   306 computed, error is 4.017338e-02 (0.00 s).
Cholesky vectors no   307 -   334 computed, error is 3.270357e-02 (0.08 s).
Cholesky vectors no   335 -   337 computed, error is 2.565982e-02 (0.01 s).
Cholesky vectors no   338 -   365 computed, error is 2.448561e-02 (0.07 s).
Cholesky vectors no   366 -   386 computed, error is 2.372517e-02 (0.06 s).
Cholesky vectors no   387 -   407 computed, error is 1.778831e-02 (0.13 s).
Cholesky vectors no   408 -   435 computed, error is 1.607171e-02 (0.11 s).
Cholesky vectors no   436 -   445 computed, error is 1.129319e-02 (0.04 s).
Cholesky vectors no   446 -   473 computed, error is 1.067408e-02 (0.11 s).
Cholesky vectors no   474 -   494 computed, error is 1.015261e-02 (0.08 s).
Cholesky vectors no   495 -   515 computed, error is 9.953107e-03 (0.14 s).
Cholesky vectors no   516 -   518 computed, error is 7.876512e-03 (0.01 s).
Cholesky vectors no   519 -   546 computed, error is 7.379457e-03 (0.12 s).
Cholesky vectors no   547 -   556 computed, error is 5.321978e-03 (0.04 s).
Cholesky vectors no   557 -   577 computed, error is 5.025522e-03 (0.09 s).
Cholesky vectors no   578 -   583 computed, error is 4.998053e-03 (0.03 s).
Cholesky vectors no   584 -   611 computed, error is 4.633724e-03 (0.19 s).
Cholesky vectors no   612 -   632 computed, error is 4.430371e-03 (0.09 s).
Cholesky vectors no   633 -   653 computed, error is 2.224067e-03 (0.08 s).
Cholesky vectors no   654 -   681 computed, error is 2.154577e-03 (0.11 s).
Cholesky vectors no   682 -   684 computed, error is 1.942342e-03 (0.01 s).
Cholesky vectors no   685 -   705 computed, error is 1.714045e-03 (0.15 s).
Cholesky vectors no   706 -   706 computed, error is 1.699860e-03 (0.00 s).
Cholesky vectors no   707 -   721 computed, error is 1.462639e-03 (0.06 s).
Cholesky vectors no   722 -   729 computed, error is 1.060961e-03 (0.03 s).
Cholesky vectors no   730 -   757 computed, error is 1.039850e-03 (0.12 s).
Cholesky vectors no   758 -   768 computed, error is 1.013896e-03 (0.05 s).
Cholesky vectors no   769 -   796 computed, error is 8.925126e-04 (0.12 s).
Cholesky vectors no   797 -   817 computed, error is 4.324769e-04 (0.18 s).
Cholesky vectors no   818 -   818 computed, error is 3.661243e-04 (0.00 s).
Cholesky vectors no   819 -   821 computed, error is 2.932055e-04 (0.01 s).
Cholesky vectors no   822 -   849 computed, error is 2.676873e-04 (0.14 s).
Cholesky vectors no   850 -   870 computed, error is 2.364898e-04 (0.10 s).
Cholesky vectors no   871 -   871 computed, error is 1.648992e-04 (0.01 s).
Cholesky vectors no   872 -   892 computed, error is 1.251116e-04 (0.11 s).
Cholesky vectors no   893 -   920 computed, error is 1.071489e-04 (0.23 s).
Cholesky vectors no   921 -   923 computed, error is 1.044043e-04 (0.02 s).
Cholesky vectors no   924 -   944 computed, error is 9.549335e-05 (0.11 s).
Cholesky vectors no   945 -   947 computed, error is 8.566418e-05 (0.02 s).
Cholesky vectors no   948 -   953 computed, error is 6.975343e-05 (0.03 s).
Cholesky vectors no   954 -   968 computed, error is 5.518539e-05 (0.08 s).
Cholesky vectors no   969 -   996 computed, error is 4.847445e-05 (0.16 s).
Cholesky vectors no   997 -  1017 computed, error is 3.617550e-05 (0.22 s).
Cholesky vectors no  1018 -  1038 computed, error is 3.092714e-05 (0.13 s).
Cholesky vectors no  1039 -  1066 computed, error is 2.479759e-05 (0.17 s).
Cholesky vectors no  1067 -  1094 computed, error is 2.192261e-05 (0.17 s).
Cholesky vectors no  1095 -  1115 computed, error is 1.977167e-05 (0.24 s).
Cholesky vectors no  1116 -  1143 computed, error is 1.596979e-05 (0.19 s).
Cholesky vectors no  1144 -  1144 computed, error is 9.365209e-06 (0.01 s).
Cholesky vectors no  1145 -  1172 computed, error is 9.302662e-06 (0.19 s).
Cholesky vectors no  1173 -  1193 computed, error is 7.742655e-06 (0.14 s).
Cholesky vectors no  1194 -  1198 computed, error is 7.323853e-06 (0.04 s).
Cholesky vectors no  1199 -  1219 computed, error is 4.262892e-06 (0.27 s).
Cholesky vectors no  1220 -  1247 computed, error is 4.260654e-06 (0.21 s).
Cholesky vectors no  1248 -  1248 computed, error is 3.833025e-06 (0.01 s).
Cholesky vectors no  1249 -  1276 computed, error is 3.400220e-06 (0.20 s).
Cholesky vectors no  1277 -  1297 computed, error is 2.714887e-06 (0.15 s).
Cholesky vectors no  1298 -  1306 computed, error is 2.541535e-06 (0.18 s).
Cholesky vectors no  1307 -  1316 computed, error is 1.702359e-06 (0.08 s).
Cholesky vectors no  1317 -  1337 computed, error is 1.311553e-06 (0.17 s).
Cholesky vectors no  1338 -  1358 computed, error is 1.252178e-06 (0.16 s).
Cholesky vectors no  1359 -  1386 computed, error is 7.840834e-07 (0.23 s).
Cholesky vectors no  1387 -  1414 computed, error is 5.445102e-07 (0.36 s).
Cholesky vectors no  1415 -  1419 computed, error is 4.647013e-07 (0.05 s).
Cholesky vectors no  1420 -  1422 computed, error is 4.493294e-07 (0.03 s).
Cholesky vectors no  1423 -  1423 computed, error is 4.467810e-07 (0.01 s).
Cholesky vectors no  1424 -  1444 computed, error is 3.834505e-07 (0.18 s).
Cholesky vectors no  1445 -  1453 computed, error is 2.883964e-07 (0.08 s).
Cholesky vectors no  1454 -  1459 computed, error is 2.068558e-07 (0.05 s).
Cholesky vectors no  1460 -  1473 computed, error is 1.951465e-07 (0.12 s).
Cholesky vectors no  1474 -  1482 computed, error is 1.053374e-07 (0.08 s).
Cholesky vectors no  1483 -  1493 computed, error is 8.949333e-08 (0.09 s).
Cholesky decomposition finished in 9.13 s. Realized memory size is 274 Mi 1013 ki.
Time use: integrals 5.8 %, linear algebra 94.2 %.
1676 shell pairs and 1 nuclei
SAP potential formed in 0.009 s.
Smallest eigenvalue of overlap matrix is 2.53e-02, reciprocal condition number is 8.59e-03.
Using symmetric orthogonalization.
Smallest eigenvalue of overlap matrix is 1.38e-02, reciprocal condition number is 4.19e-03.
Using symmetric orthogonalization.
Smallest eigenvalue of overlap matrix is 9.82e-03, reciprocal condition number is 2.72e-03.
Using symmetric orthogonalization.
Smallest eigenvalue of overlap matrix is 4.10e-03, reciprocal condition number is 9.05e-04.
Using symmetric orthogonalization.
Smallest eigenvalue of overlap matrix is 9.82e-03, reciprocal condition number is 2.72e-03.
Using symmetric orthogonalization.
Smallest eigenvalue of overlap matrix is 1.38e-02, reciprocal condition number is 4.19e-03.
Using symmetric orthogonalization.
Smallest eigenvalue of overlap matrix is 2.53e-02, reciprocal condition number is 8.59e-03.
Using symmetric orthogonalization.
Nela = 12 Nelb = 6



Solving SCF
Evaluated energy -512.4988789037 (change from lowest -5.124989e+02)


Iteration 1: 1 Fock evaluations energy -512.4988789037 change -5.124989e+02 DIIS error vector rms norm 2.619645e-02
History size 1
alpha m=-1 occupations
   1.0000   1.0000
alpha m=0 occupations
   1.0000   1.0000   1.0000   1.0000   1.0000   1.0000
alpha m=1 occupations
   1.0000   1.0000   1.0000
alpha m=2 occupations
   1.0000
beta m=-1 occupations
   1.0000
beta m=0 occupations
   1.0000   1.0000   1.0000   1.0000
beta m=1 occupations
   1.0000
EDIIS+DIIS step
Evaluated energy -524.9111829002 (change from lowest -1.241230e+01)
Density matrix difference 1.245710e-01 between lowest-energy and newest entry


Iteration 2: 2 Fock evaluations energy -524.9111829002 change -1.241230e+01 DIIS error vector rms norm 9.725945e-03
History size 2
alpha m=-1 occupations
   1.0000   1.0000
alpha m=0 occupations
   1.0000   1.0000   1.0000   1.0000   1.0000   1.0000
alpha m=1 occupations
   1.0000   1.0000   1.0000
alpha m=2 occupations
   1.0000
beta m=-1 occupations
   1.0000
beta m=0 occupations
   1.0000   1.0000   1.0000   1.0000
beta m=1 occupations
   1.0000
EDIIS+DIIS step
Evaluated energy -525.3214783260 (change from lowest -4.102954e-01)
Density matrix difference 5.067998e-02 between lowest-energy and newest entry


Iteration 3: 3 Fock evaluations energy -525.3214783260 change -4.102954e-01 DIIS error vector rms norm 2.473995e-03
History size 3
alpha m=-1 occupations
   1.0000   1.0000
alpha m=0 occupations
   1.0000   1.0000   1.0000   1.0000   1.0000   1.0000
alpha m=1 occupations
   1.0000   1.0000   1.0000
alpha m=2 occupations
   1.0000
beta m=-1 occupations
   1.0000
beta m=0 occupations
   1.0000   1.0000   1.0000   1.0000
beta m=1 occupations
   1.0000
EDIIS+DIIS step
Evaluated energy -525.3331670746 (change from lowest -1.168875e-02)
Density matrix difference 4.723105e-03 between lowest-energy and newest entry


Iteration 4: 4 Fock evaluations energy -525.3331670746 change -1.168875e-02 DIIS error vector rms norm 5.816088e-04
History size 4
alpha m=-1 occupations
   1.0000   1.0000
alpha m=0 occupations
   1.0000   1.0000   1.0000   1.0000   1.0000   1.0000
alpha m=1 occupations
   1.0000   1.0000   1.0000
alpha m=2 occupations
   1.0000
beta m=-1 occupations
   1.0000
beta m=0 occupations
   1.0000   1.0000   1.0000   1.0000
beta m=1 occupations
   1.0000
EDIIS+DIIS step
Evaluated energy -525.3361841371 (change from lowest -3.017063e-03)
Density matrix difference 2.541366e-03 between lowest-energy and newest entry


Iteration 5: 5 Fock evaluations energy -525.3361841371 change -3.017063e-03 DIIS error vector rms norm 2.758669e-04
History size 5
alpha m=-1 occupations
   1.0000   1.0000
alpha m=0 occupations
   1.0000   1.0000   1.0000   1.0000   1.0000   1.0000
alpha m=1 occupations
   1.0000   1.0000   1.0000
alpha m=2 occupations
   1.0000
beta m=-1 occupations
   1.0000
beta m=0 occupations
   1.0000   1.0000   1.0000   1.0000
beta m=1 occupations
   1.0000
EDIIS+DIIS step
Evaluated energy -525.3400087033 (change from lowest -3.824566e-03)
Density matrix difference 3.133436e-03 between lowest-energy and newest entry


Iteration 6: 6 Fock evaluations energy -525.3400087033 change -3.824566e-03 DIIS error vector rms norm 2.495438e-04
History size 6
alpha m=-1 occupations
   1.0000   1.0000
alpha m=0 occupations
   1.0000   1.0000   1.0000   1.0000   1.0000   1.0000
alpha m=1 occupations
   1.0000   1.0000   1.0000
alpha m=2 occupations
   1.0000
beta m=-1 occupations
   1.0000
beta m=0 occupations
   1.0000   1.0000   1.0000   1.0000
beta m=1 occupations
   1.0000
EDIIS+DIIS step
Evaluated energy -525.3408335821 (change from lowest -8.248788e-04)
Density matrix difference 6.536785e-04 between lowest-energy and newest entry


Iteration 7: 7 Fock evaluations energy -525.3408335821 change -8.248788e-04 DIIS error vector rms norm 2.563466e-04
History size 7
alpha m=-1 occupations
   1.0000   1.0000
alpha m=0 occupations
   1.0000   1.0000   1.0000   1.0000   1.0000   1.0000
alpha m=1 occupations
   1.0000   1.0000   1.0000
alpha m=2 occupations
   1.0000
beta m=-1 occupations
   1.0000
beta m=0 occupations
   1.0000   1.0000   1.0000   1.0000
beta m=1 occupations
   1.0000
EDIIS+DIIS step
Evaluated energy -525.3402611543 (change from lowest 5.724278e-04)
Density matrix difference 4.556204e-04 between lowest-energy and newest entry


Iteration 8: 8 Fock evaluations energy -525.3408335821 change  0.000000e+00 DIIS error vector rms norm 2.563466e-04
History size 8
alpha m=-1 occupations
   1.0000   1.0000
alpha m=0 occupations
   1.0000   1.0000   1.0000   1.0000   1.0000   1.0000
alpha m=1 occupations
   1.0000   1.0000   1.0000
alpha m=2 occupations
   1.0000
beta m=-1 occupations
   1.0000
beta m=0 occupations
   1.0000   1.0000   1.0000   1.0000
beta m=1 occupations
   1.0000
EDIIS+DIIS step
Evaluated energy -525.3403024978 (change from lowest 5.310843e-04)
Density matrix difference 4.262664e-04 between lowest-energy and newest entry


Iteration 9: 9 Fock evaluations energy -525.3408335821 change  0.000000e+00 DIIS error vector rms norm 2.563466e-04
History size 9
alpha m=-1 occupations
   1.0000   1.0000
alpha m=0 occupations
   1.0000   1.0000   1.0000   1.0000   1.0000   1.0000
alpha m=1 occupations
   1.0000   1.0000   1.0000
alpha m=2 occupations
   1.0000
beta m=-1 occupations
   1.0000
beta m=0 occupations
   1.0000   1.0000   1.0000   1.0000
beta m=1 occupations
   1.0000
EDIIS+DIIS step
Evaluated energy -525.3403260650 (change from lowest 5.075171e-04)
Density matrix difference 4.093028e-04 between lowest-energy and newest entry


Iteration 10: 10 Fock evaluations energy -525.3408335821 change  0.000000e+00 DIIS error vector rms norm 2.563466e-04
History size 10
alpha m=-1 occupations
   1.0000   1.0000
alpha m=0 occupations
   1.0000   1.0000   1.0000   1.0000   1.0000   1.0000
alpha m=1 occupations
   1.0000   1.0000   1.0000
alpha m=2 occupations
   1.0000
beta m=-1 occupations
   1.0000
beta m=0 occupations
   1.0000   1.0000   1.0000   1.0000
beta m=1 occupations
   1.0000
EDIIS+DIIS step
Evaluated energy -525.3403406843 (change from lowest 4.928978e-04)
Density matrix difference 3.986820e-04 between lowest-energy and newest entry


Iteration 11: 11 Fock evaluations energy -525.3408335821 change  0.000000e+00 DIIS error vector rms norm 2.563466e-04
History size 10
alpha m=-1 occupations
   1.0000   1.0000
alpha m=0 occupations
   1.0000   1.0000   1.0000   1.0000   1.0000   1.0000
alpha m=1 occupations
   1.0000   1.0000   1.0000
alpha m=2 occupations
   1.0000
beta m=-1 occupations
   1.0000
beta m=0 occupations
   1.0000   1.0000   1.0000   1.0000
beta m=1 occupations
   1.0000
EDIIS+DIIS step
Evaluated energy -525.3403502881 (change from lowest 4.832940e-04)
Density matrix difference 3.916597e-04 between lowest-energy and newest entry


Iteration 12: 12 Fock evaluations energy -525.3408335821 change  0.000000e+00 DIIS error vector rms norm 2.563466e-04
History size 10
alpha m=-1 occupations
   1.0000   1.0000
alpha m=0 occupations
   1.0000   1.0000   1.0000   1.0000   1.0000   1.0000
alpha m=1 occupations
   1.0000   1.0000   1.0000
alpha m=2 occupations
   1.0000
beta m=-1 occupations
   1.0000
beta m=0 occupations
   1.0000   1.0000   1.0000   1.0000
beta m=1 occupations
   1.0000
Switching to optimal damping for next iterations
EDIIS+DIIS step
Evaluated energy -525.3401887737 (change from lowest 6.448084e-04)
Density matrix difference 5.251516e-04 between lowest-energy and newest entry


Iteration 13: 13 Fock evaluations energy -525.3408335821 change  0.000000e+00 DIIS error vector rms norm 2.563466e-04
History size 10
alpha m=-1 occupations
   1.0000   1.0000
alpha m=0 occupations
   1.0000   1.0000   1.0000   1.0000   1.0000   1.0000
alpha m=1 occupations
   1.0000   1.0000   1.0000
alpha m=2 occupations
   1.0000
beta m=-1 occupations
   1.0000
beta m=0 occupations
   1.0000   1.0000   1.0000   1.0000
beta m=1 occupations
   1.0000
Switching to optimal damping for next iterations
EDIIS+DIIS step
Evaluated energy -525.3405388612 (change from lowest 2.947210e-04)
Density matrix difference 2.690850e-04 between lowest-energy and newest entry


Iteration 14: 14 Fock evaluations energy -525.3408335821 change  0.000000e+00 DIIS error vector rms norm 2.563466e-04
History size 10
alpha m=-1 occupations
   1.0000   1.0000
alpha m=0 occupations
   1.0000   1.0000   1.0000   1.0000   1.0000   1.0000
alpha m=1 occupations
   1.0000   1.0000   1.0000
alpha m=2 occupations
   1.0000
beta m=-1 occupations
   1.0000
beta m=0 occupations
   1.0000   1.0000   1.0000   1.0000
beta m=1 occupations
   1.0000
Switching to optimal damping for next iterations
EDIIS+DIIS step
Evaluated energy -525.3426889703 (change from lowest -1.855388e-03)
Density matrix difference 1.659839e-03 between lowest-energy and newest entry


Iteration 15: 15 Fock evaluations energy -525.3426889703 change -1.855388e-03 DIIS error vector rms norm 2.664675e-04
History size 10
alpha m=-1 occupations
   1.0000   1.0000
alpha m=0 occupations
   1.0000   1.0000   1.0000   1.0000   1.0000   1.0000
alpha m=1 occupations
   1.0000   1.0000   1.0000
alpha m=2 occupations
   1.0000
beta m=-1 occupations
   1.0000
beta m=0 occupations
   1.0000   1.0000   1.0000   1.0000
beta m=1 occupations
   1.0000
EDIIS+DIIS step
Evaluated energy -525.3401734192 (change from lowest 2.515551e-03)
Density matrix difference 1.980268e-03 between lowest-energy and newest entry


Iteration 16: 16 Fock evaluations energy -525.3426889703 change  0.000000e+00 DIIS error vector rms norm 2.664675e-04
History size 10
alpha m=-1 occupations
   1.0000   1.0000
alpha m=0 occupations
   1.0000   1.0000   1.0000   1.0000   1.0000   1.0000
alpha m=1 occupations
   1.0000   1.0000   1.0000
alpha m=2 occupations
   1.0000
beta m=-1 occupations
   1.0000
beta m=0 occupations
   1.0000   1.0000   1.0000   1.0000
beta m=1 occupations
   1.0000
EDIIS+DIIS step
Evaluated energy -525.3385227193 (change from lowest 4.166251e-03)
Density matrix difference 3.527589e-03 between lowest-energy and newest entry


Iteration 17: 17 Fock evaluations energy -525.3426889703 change  0.000000e+00 DIIS error vector rms norm 2.664675e-04
History size 10
alpha m=-1 occupations
   1.0000   1.0000
alpha m=0 occupations
   1.0000   1.0000   1.0000   1.0000   1.0000   1.0000
alpha m=1 occupations
   1.0000   1.0000   1.0000
alpha m=2 occupations
   1.0000
beta m=-1 occupations
   1.0000
beta m=0 occupations
   1.0000   1.0000   1.0000   1.0000
beta m=1 occupations
   1.0000
EDIIS+DIIS step
Evaluated energy -525.3341944620 (change from lowest 8.494508e-03)
Density matrix difference 8.346219e-03 between lowest-energy and newest entry


Iteration 18: 18 Fock evaluations energy -525.3426889703 change  0.000000e+00 DIIS error vector rms norm 2.664675e-04
History size 10
alpha m=-1 occupations
   1.0000   1.0000
alpha m=0 occupations
   1.0000   1.0000   1.0000   1.0000   1.0000   1.0000
alpha m=1 occupations
   1.0000   1.0000   1.0000
alpha m=2 occupations
   1.0000
beta m=-1 occupations
   1.0000
beta m=0 occupations
   1.0000   1.0000   1.0000   1.0000
beta m=1 occupations
   1.0000
EDIIS+DIIS step
Evaluated energy -525.3302357143 (change from lowest 1.245326e-02)
Density matrix difference 1.462508e-02 between lowest-energy and newest entry


Iteration 19: 19 Fock evaluations energy -525.3426889703 change  0.000000e+00 DIIS error vector rms norm 2.664675e-04
History size 10
alpha m=-1 occupations
   1.0000   1.0000
alpha m=0 occupations
   1.0000   1.0000   1.0000   1.0000   1.0000   1.0000
alpha m=1 occupations
   1.0000   1.0000   1.0000
alpha m=2 occupations
   1.0000
beta m=-1 occupations
   1.0000
beta m=0 occupations
   1.0000   1.0000   1.0000   1.0000
beta m=1 occupations
   1.0000
EDIIS+DIIS step
Evaluated energy -525.3304627716 (change from lowest 1.222620e-02)
Density matrix difference 1.421689e-02 between lowest-energy and newest entry


Iteration 20: 20 Fock evaluations energy -525.3426889703 change  0.000000e+00 DIIS error vector rms norm 2.664675e-04
History size 10
alpha m=-1 occupations
   1.0000   1.0000
alpha m=0 occupations
   1.0000   1.0000   1.0000   1.0000   1.0000   1.0000
alpha m=1 occupations
   1.0000   1.0000   1.0000
alpha m=2 occupations
   1.0000
beta m=-1 occupations
   1.0000
beta m=0 occupations
   1.0000   1.0000   1.0000   1.0000
beta m=1 occupations
   1.0000
Switching to optimal damping for next iterations
EDIIS+DIIS step
Evaluated energy -525.3303606409 (change from lowest 1.232833e-02)
Density matrix difference 1.439269e-02 between lowest-energy and newest entry


Iteration 21: 21 Fock evaluations energy -525.3426889703 change  0.000000e+00 DIIS error vector rms norm 2.664675e-04
History size 10
alpha m=-1 occupations
   1.0000   1.0000
alpha m=0 occupations
   1.0000   1.0000   1.0000   1.0000   1.0000   1.0000
alpha m=1 occupations
   1.0000   1.0000   1.0000
alpha m=2 occupations
   1.0000
beta m=-1 occupations
   1.0000
beta m=0 occupations
   1.0000   1.0000   1.0000   1.0000
beta m=1 occupations
   1.0000
Switching to optimal damping for next iterations
EDIIS+DIIS step
Evaluated energy -525.3303669217 (change from lowest 1.232205e-02)
Density matrix difference 1.438057e-02 between lowest-energy and newest entry


Iteration 22: 22 Fock evaluations energy -525.3426889703 change  0.000000e+00 DIIS error vector rms norm 2.664675e-04
History size 10
alpha m=-1 occupations
   1.0000   1.0000
alpha m=0 occupations
   1.0000   1.0000   1.0000   1.0000   1.0000   1.0000
alpha m=1 occupations
   1.0000   1.0000   1.0000
alpha m=2 occupations
   1.0000
beta m=-1 occupations
   1.0000
beta m=0 occupations
   1.0000   1.0000   1.0000   1.0000
beta m=1 occupations
   1.0000
Switching to optimal damping for next iterations
EDIIS+DIIS step
Evaluated energy -525.3303800804 (change from lowest 1.230889e-02)
Density matrix difference 1.435237e-02 between lowest-energy and newest entry


Iteration 23: 23 Fock evaluations energy -525.3426889703 change  0.000000e+00 DIIS error vector rms norm 2.664675e-04
History size 10
alpha m=-1 occupations
   1.0000   1.0000
alpha m=0 occupations
   1.0000   1.0000   1.0000   1.0000   1.0000   1.0000
alpha m=1 occupations
   1.0000   1.0000   1.0000
alpha m=2 occupations
   1.0000
beta m=-1 occupations
   1.0000
beta m=0 occupations
   1.0000   1.0000   1.0000   1.0000
beta m=1 occupations
   1.0000
Switching to optimal damping for next iterations
EDIIS+DIIS step
Evaluated energy -525.3303880680 (change from lowest 1.230090e-02)
Density matrix difference 1.433318e-02 between lowest-energy and newest entry


Iteration 24: 24 Fock evaluations energy -525.3426889703 change  0.000000e+00 DIIS error vector rms norm 2.664675e-04
History size 10
alpha m=-1 occupations
   1.0000   1.0000
alpha m=0 occupations
   1.0000   1.0000   1.0000   1.0000   1.0000   1.0000
alpha m=1 occupations
   1.0000   1.0000   1.0000
alpha m=2 occupations
   1.0000
beta m=-1 occupations
   1.0000
beta m=0 occupations
   1.0000   1.0000   1.0000   1.0000
beta m=1 occupations
   1.0000
Switching to optimal damping for next iterations
EDIIS+DIIS step
Evaluated energy -525.3304306155 (change from lowest 1.225835e-02)
Density matrix difference 1.424037e-02 between lowest-energy and newest entry


Iteration 25: 25 Fock evaluations energy -525.3426889703 change  0.000000e+00 DIIS error vector rms norm 2.664675e-04
History size 10
alpha m=-1 occupations
   1.0000   1.0000
alpha m=0 occupations
   1.0000   1.0000   1.0000   1.0000   1.0000   1.0000
alpha m=1 occupations
   1.0000   1.0000   1.0000
alpha m=2 occupations
   1.0000
beta m=-1 occupations
   1.0000
beta m=0 occupations
   1.0000   1.0000   1.0000   1.0000
beta m=1 occupations
   1.0000
Switching to optimal damping for next iterations
EDIIS+DIIS step
Evaluated energy -525.3304281859 (change from lowest 1.226078e-02)
Density matrix difference 1.424293e-02 between lowest-energy and newest entry


Iteration 26: 26 Fock evaluations energy -525.3426889703 change  0.000000e+00 DIIS error vector rms norm 2.664675e-04
History size 10
alpha m=-1 occupations
   1.0000   1.0000
alpha m=0 occupations
   1.0000   1.0000   1.0000   1.0000   1.0000   1.0000
alpha m=1 occupations
   1.0000   1.0000   1.0000
alpha m=2 occupations
   1.0000
beta m=-1 occupations
   1.0000
beta m=0 occupations
   1.0000   1.0000   1.0000   1.0000
beta m=1 occupations
   1.0000
Switching to optimal damping for next iterations
EDIIS+DIIS step
Evaluated energy -525.3304255016 (change from lowest 1.226347e-02)
Density matrix difference 1.424710e-02 between lowest-energy and newest entry


Iteration 27: 27 Fock evaluations energy -525.3426889703 change  0.000000e+00 DIIS error vector rms norm 2.664675e-04
History size 10
alpha m=-1 occupations
   1.0000   1.0000
alpha m=0 occupations
   1.0000   1.0000   1.0000   1.0000   1.0000   1.0000
alpha m=1 occupations
   1.0000   1.0000   1.0000
alpha m=2 occupations
   1.0000
beta m=-1 occupations
   1.0000
beta m=0 occupations
   1.0000   1.0000   1.0000   1.0000
beta m=1 occupations
   1.0000
Switching to optimal damping for next iterations
EDIIS+DIIS step
Evaluated energy -525.3310255115 (change from lowest 1.166346e-02)
Density matrix difference 1.252279e-02 between lowest-energy and newest entry


Iteration 28: 28 Fock evaluations energy -525.3426889703 change  0.000000e+00 DIIS error vector rms norm 2.664675e-04
History size 10
alpha m=-1 occupations
   1.0000   1.0000
alpha m=0 occupations
   1.0000   1.0000   1.0000   1.0000   1.0000   1.0000
alpha m=1 occupations
   1.0000   1.0000   1.0000
alpha m=2 occupations
   1.0000
beta m=-1 occupations
   1.0000
beta m=0 occupations
   1.0000   1.0000   1.0000   1.0000
beta m=1 occupations
   1.0000
Switching to optimal damping for next iterations
EDIIS+DIIS step
Evaluated energy -525.3294612489 (change from lowest 1.322772e-02)
Density matrix difference 1.647709e-02 between lowest-energy and newest entry


Iteration 29: 29 Fock evaluations energy -525.3426889703 change  0.000000e+00 DIIS error vector rms norm 2.664675e-04
History size 10
alpha m=-1 occupations
   1.0000   1.0000
alpha m=0 occupations
   1.0000   1.0000   1.0000   1.0000   1.0000   1.0000
alpha m=1 occupations
   1.0000   1.0000   1.0000
alpha m=2 occupations
   1.0000
beta m=-1 occupations
   1.0000
beta m=0 occupations
   1.0000   1.0000   1.0000   1.0000
beta m=1 occupations
   1.0000
Switching to optimal damping for next iterations
EDIIS+DIIS step
Evaluated energy -525.3294673839 (change from lowest 1.322159e-02)
Density matrix difference 1.657857e-02 between lowest-energy and newest entry


Iteration 30: 30 Fock evaluations energy -525.3426889703 change  0.000000e+00 DIIS error vector rms norm 2.664675e-04
History size 10
alpha m=-1 occupations
   1.0000   1.0000
alpha m=0 occupations
   1.0000   1.0000   1.0000   1.0000   1.0000   1.0000
alpha m=1 occupations
   1.0000   1.0000   1.0000
alpha m=2 occupations
   1.0000
beta m=-1 occupations
   1.0000
beta m=0 occupations
   1.0000   1.0000   1.0000   1.0000
beta m=1 occupations
   1.0000
Switching to optimal damping for next iterations
EDIIS+DIIS step
Evaluated energy -525.3295275099 (change from lowest 1.316146e-02)
Density matrix difference 1.656111e-02 between lowest-energy and newest entry


Iteration 31: 31 Fock evaluations energy -525.3426889703 change  0.000000e+00 DIIS error vector rms norm 2.664675e-04
History size 10
alpha m=-1 occupations
   1.0000   1.0000
alpha m=0 occupations
   1.0000   1.0000   1.0000   1.0000   1.0000   1.0000
alpha m=1 occupations
   1.0000   1.0000   1.0000
alpha m=2 occupations
   1.0000
beta m=-1 occupations
   1.0000
beta m=0 occupations
   1.0000   1.0000   1.0000   1.0000
beta m=1 occupations
   1.0000
Switching to optimal damping for next iterations
EDIIS+DIIS step
Evaluated energy -525.3297130572 (change from lowest 1.297591e-02)
Density matrix difference 1.623481e-02 between lowest-energy and newest entry


Iteration 32: 32 Fock evaluations energy -525.3426889703 change  0.000000e+00 DIIS error vector rms norm 2.664675e-04
History size 10
alpha m=-1 occupations
   1.0000   1.0000
alpha m=0 occupations
   1.0000   1.0000   1.0000   1.0000   1.0000   1.0000
alpha m=1 occupations
   1.0000   1.0000   1.0000
alpha m=2 occupations
   1.0000
beta m=-1 occupations
   1.0000
beta m=0 occupations
   1.0000   1.0000   1.0000   1.0000
beta m=1 occupations
   1.0000
Switching to optimal damping for next iterations
EDIIS+DIIS step
Evaluated energy -525.3299174002 (change from lowest 1.277157e-02)
Density matrix difference 1.518243e-02 between lowest-energy and newest entry


Iteration 33: 33 Fock evaluations energy -525.3426889703 change  0.000000e+00 DIIS error vector rms norm 2.664675e-04
History size 10
alpha m=-1 occupations
   1.0000   1.0000
alpha m=0 occupations
   1.0000   1.0000   1.0000   1.0000   1.0000   1.0000
alpha m=1 occupations
   1.0000   1.0000   1.0000
alpha m=2 occupations
   1.0000
beta m=-1 occupations
   1.0000
beta m=0 occupations
   1.0000   1.0000   1.0000   1.0000
beta m=1 occupations
   1.0000
Switching to optimal damping for next iterations
EDIIS+DIIS step
Evaluated energy -525.3299226065 (change from lowest 1.276636e-02)
Density matrix difference 1.484706e-02 between lowest-energy and newest entry


Iteration 34: 34 Fock evaluations energy -525.3426889703 change  0.000000e+00 DIIS error vector rms norm 2.664675e-04
History size 10
alpha m=-1 occupations
   1.0000   1.0000
alpha m=0 occupations
   1.0000   1.0000   1.0000   1.0000   1.0000   1.0000
alpha m=1 occupations
   1.0000   1.0000   1.0000
alpha m=2 occupations
   1.0000
beta m=-1 occupations
   1.0000
beta m=0 occupations
   1.0000   1.0000   1.0000   1.0000
beta m=1 occupations
   1.0000
Switching to optimal damping for next iterations
EDIIS+DIIS step
Evaluated energy -525.3299220554 (change from lowest 1.276691e-02)
Density matrix difference 1.499332e-02 between lowest-energy and newest entry


Iteration 35: 35 Fock evaluations energy -525.3426889703 change  0.000000e+00 DIIS error vector rms norm 2.664675e-04
History size 10
alpha m=-1 occupations
   1.0000   1.0000
alpha m=0 occupations
   1.0000   1.0000   1.0000   1.0000   1.0000   1.0000
alpha m=1 occupations
   1.0000   1.0000   1.0000
alpha m=2 occupations
   1.0000
beta m=-1 occupations
   1.0000
beta m=0 occupations
   1.0000   1.0000   1.0000   1.0000
beta m=1 occupations
   1.0000
Switching to optimal damping for next iterations
EDIIS+DIIS step
Evaluated energy -525.3299222951 (change from lowest 1.276668e-02)
Density matrix difference 1.499307e-02 between lowest-energy and newest entry


Iteration 36: 36 Fock evaluations energy -525.3426889703 change  0.000000e+00 DIIS error vector rms norm 2.664675e-04
History size 10
alpha m=-1 occupations
   1.0000   1.0000
alpha m=0 occupations
   1.0000   1.0000   1.0000   1.0000   1.0000   1.0000
alpha m=1 occupations
   1.0000   1.0000   1.0000
alpha m=2 occupations
   1.0000
beta m=-1 occupations
   1.0000
beta m=0 occupations
   1.0000   1.0000   1.0000   1.0000
beta m=1 occupations
   1.0000
Switching to optimal damping for next iterations
EDIIS+DIIS step
Evaluated energy -525.3299223805 (change from lowest 1.276659e-02)
Density matrix difference 1.496724e-02 between lowest-energy and newest entry


Iteration 37: 37 Fock evaluations energy -525.3426889703 change  0.000000e+00 DIIS error vector rms norm 2.664675e-04
History size 10
alpha m=-1 occupations
   1.0000   1.0000
alpha m=0 occupations
   1.0000   1.0000   1.0000   1.0000   1.0000   1.0000
alpha m=1 occupations
   1.0000   1.0000   1.0000
alpha m=2 occupations
   1.0000
beta m=-1 occupations
   1.0000
beta m=0 occupations
   1.0000   1.0000   1.0000   1.0000
beta m=1 occupations
   1.0000
Switching to optimal damping for next iterations
EDIIS+DIIS step
Evaluated energy -525.3299224095 (change from lowest 1.276656e-02)
Density matrix difference 1.496798e-02 between lowest-energy and newest entry


Iteration 38: 38 Fock evaluations energy -525.3426889703 change  0.000000e+00 DIIS error vector rms norm 2.664675e-04
History size 10
alpha m=-1 occupations
   1.0000   1.0000
alpha m=0 occupations
   1.0000   1.0000   1.0000   1.0000   1.0000   1.0000
alpha m=1 occupations
   1.0000   1.0000   1.0000
alpha m=2 occupations
   1.0000
beta m=-1 occupations
   1.0000
beta m=0 occupations
   1.0000   1.0000   1.0000   1.0000
beta m=1 occupations
   1.0000
Switching to optimal damping for next iterations
EDIIS+DIIS step
Evaluated energy -525.3299224142 (change from lowest 1.276656e-02)
Density matrix difference 1.496749e-02 between lowest-energy and newest entry


Iteration 39: 39 Fock evaluations energy -525.3426889703 change  0.000000e+00 DIIS error vector rms norm 2.664675e-04
History size 10
alpha m=-1 occupations
   1.0000   1.0000
alpha m=0 occupations
   1.0000   1.0000   1.0000   1.0000   1.0000   1.0000
alpha m=1 occupations
   1.0000   1.0000   1.0000
alpha m=2 occupations
   1.0000
beta m=-1 occupations
   1.0000
beta m=0 occupations
   1.0000   1.0000   1.0000   1.0000
beta m=1 occupations
   1.0000
Switching to optimal damping for next iterations
EDIIS+DIIS step
Evaluated energy -525.3299224148 (change from lowest 1.276656e-02)
Density matrix difference 1.496742e-02 between lowest-energy and newest entry


Iteration 40: 40 Fock evaluations energy -525.3426889703 change  0.000000e+00 DIIS error vector rms norm 2.664675e-04
History size 10
alpha m=-1 occupations
   1.0000   1.0000
alpha m=0 occupations
   1.0000   1.0000   1.0000   1.0000   1.0000   1.0000
alpha m=1 occupations
   1.0000   1.0000   1.0000
alpha m=2 occupations
   1.0000
beta m=-1 occupations
   1.0000
beta m=0 occupations
   1.0000   1.0000   1.0000   1.0000
beta m=1 occupations
   1.0000
Switching to optimal damping for next iterations
EDIIS+DIIS step
Evaluated energy -525.3299224151 (change from lowest 1.276656e-02)
Density matrix difference 1.496739e-02 between lowest-energy and newest entry


Iteration 41: 41 Fock evaluations energy -525.3426889703 change  0.000000e+00 DIIS error vector rms norm 2.664675e-04
History size 10
alpha m=-1 occupations
   1.0000   1.0000
alpha m=0 occupations
   1.0000   1.0000   1.0000   1.0000   1.0000   1.0000
alpha m=1 occupations
   1.0000   1.0000   1.0000
alpha m=2 occupations
   1.0000
beta m=-1 occupations
   1.0000
beta m=0 occupations
   1.0000   1.0000   1.0000   1.0000
beta m=1 occupations
   1.0000
Switching to optimal damping for next iterations
EDIIS+DIIS step
Evaluated energy -525.3299224173 (change from lowest 1.276655e-02)
Density matrix difference 1.496721e-02 between lowest-energy and newest entry


Iteration 42: 42 Fock evaluations energy -525.3426889703 change  0.000000e+00 DIIS error vector rms norm 2.664675e-04
History size 10
alpha m=-1 occupations
   1.0000   1.0000
alpha m=0 occupations
   1.0000   1.0000   1.0000   1.0000   1.0000   1.0000
alpha m=1 occupations
   1.0000   1.0000   1.0000
alpha m=2 occupations
   1.0000
beta m=-1 occupations
   1.0000
beta m=0 occupations
   1.0000   1.0000   1.0000   1.0000
beta m=1 occupations
   1.0000
Switching to optimal damping for next iterations
EDIIS+DIIS step
Evaluated energy -525.3299224519 (change from lowest 1.276652e-02)
Density matrix difference 1.495800e-02 between lowest-energy and newest entry


Iteration 43: 43 Fock evaluations energy -525.3426889703 change  0.000000e+00 DIIS error vector rms norm 2.664675e-04
History size 10
alpha m=-1 occupations
   1.0000   1.0000
alpha m=0 occupations
   1.0000   1.0000   1.0000   1.0000   1.0000   1.0000
alpha m=1 occupations
   1.0000   1.0000   1.0000
alpha m=2 occupations
   1.0000
beta m=-1 occupations
   1.0000
beta m=0 occupations
   1.0000   1.0000   1.0000   1.0000
beta m=1 occupations
   1.0000
Switching to optimal damping for next iterations
EDIIS+DIIS step
Evaluated energy -525.3299224345 (change from lowest 1.276654e-02)
Density matrix difference 1.496477e-02 between lowest-energy and newest entry


Iteration 44: 44 Fock evaluations energy -525.3426889703 change  0.000000e+00 DIIS error vector rms norm 2.664675e-04
History size 10
alpha m=-1 occupations
   1.0000   1.0000
alpha m=0 occupations
   1.0000   1.0000   1.0000   1.0000   1.0000   1.0000
alpha m=1 occupations
   1.0000   1.0000   1.0000
alpha m=2 occupations
   1.0000
beta m=-1 occupations
   1.0000
beta m=0 occupations
   1.0000   1.0000   1.0000   1.0000
beta m=1 occupations
   1.0000
Switching to optimal damping for next iterations
EDIIS+DIIS step
Evaluated energy -525.3299224506 (change from lowest 1.276652e-02)
Density matrix difference 1.496284e-02 between lowest-energy and newest entry


Iteration 45: 45 Fock evaluations energy -525.3426889703 change  0.000000e+00 DIIS error vector rms norm 2.664675e-04
History size 10
alpha m=-1 occupations
   1.0000   1.0000
alpha m=0 occupations
   1.0000   1.0000   1.0000   1.0000   1.0000   1.0000
alpha m=1 occupations
   1.0000   1.0000   1.0000
alpha m=2 occupations
   1.0000
beta m=-1 occupations
   1.0000
beta m=0 occupations
   1.0000   1.0000   1.0000   1.0000
beta m=1 occupations
   1.0000
Switching to optimal damping for next iterations
EDIIS+DIIS step
Evaluated energy -525.3299224252 (change from lowest 1.276655e-02)
Density matrix difference 1.496673e-02 between lowest-energy and newest entry


Iteration 46: 46 Fock evaluations energy -525.3426889703 change  0.000000e+00 DIIS error vector rms norm 2.664675e-04
History size 10
alpha m=-1 occupations
   1.0000   1.0000
alpha m=0 occupations
   1.0000   1.0000   1.0000   1.0000   1.0000   1.0000
alpha m=1 occupations
   1.0000   1.0000   1.0000
alpha m=2 occupations
   1.0000
beta m=-1 occupations
   1.0000
beta m=0 occupations
   1.0000   1.0000   1.0000   1.0000
beta m=1 occupations
   1.0000
Switching to optimal damping for next iterations
EDIIS+DIIS step
Evaluated energy -525.3299224249 (change from lowest 1.276655e-02)
Density matrix difference 1.496656e-02 between lowest-energy and newest entry


Iteration 47: 47 Fock evaluations energy -525.3426889703 change  0.000000e+00 DIIS error vector rms norm 2.664675e-04
History size 10
alpha m=-1 occupations
   1.0000   1.0000
alpha m=0 occupations
   1.0000   1.0000   1.0000   1.0000   1.0000   1.0000
alpha m=1 occupations
   1.0000   1.0000   1.0000
alpha m=2 occupations
   1.0000
beta m=-1 occupations
   1.0000
beta m=0 occupations
   1.0000   1.0000   1.0000   1.0000
beta m=1 occupations
   1.0000
Switching to optimal damping for next iterations
EDIIS+DIIS step
Evaluated energy -525.3299224340 (change from lowest 1.276654e-02)
Density matrix difference 1.496541e-02 between lowest-energy and newest entry


Iteration 48: 48 Fock evaluations energy -525.3426889703 change  0.000000e+00 DIIS error vector rms norm 2.664675e-04
History size 10
alpha m=-1 occupations
   1.0000   1.0000
alpha m=0 occupations
   1.0000   1.0000   1.0000   1.0000   1.0000   1.0000
alpha m=1 occupations
   1.0000   1.0000   1.0000
alpha m=2 occupations
   1.0000
beta m=-1 occupations
   1.0000
beta m=0 occupations
   1.0000   1.0000   1.0000   1.0000
beta m=1 occupations
   1.0000
Switching to optimal damping for next iterations
EDIIS+DIIS step
Evaluated energy -525.3299224385 (change from lowest 1.276653e-02)
Density matrix difference 1.496465e-02 between lowest-energy and newest entry


Iteration 49: 49 Fock evaluations energy -525.3426889703 change  0.000000e+00 DIIS error vector rms norm 2.664675e-04
History size 10
alpha m=-1 occupations
   1.0000   1.0000
alpha m=0 occupations
   1.0000   1.0000   1.0000   1.0000   1.0000   1.0000
alpha m=1 occupations
   1.0000   1.0000   1.0000
alpha m=2 occupations
   1.0000
beta m=-1 occupations
   1.0000
beta m=0 occupations
   1.0000   1.0000   1.0000   1.0000
beta m=1 occupations
   1.0000
Switching to optimal damping for next iterations
EDIIS+DIIS step
Evaluated energy -525.3299224452 (change from lowest 1.276653e-02)
Density matrix difference 1.496359e-02 between lowest-energy and newest entry


Iteration 50: 50 Fock evaluations energy -525.3426889703 change  0.000000e+00 DIIS error vector rms norm 2.664675e-04
History size 10
alpha m=-1 occupations
   1.0000   1.0000
alpha m=0 occupations
   1.0000   1.0000   1.0000   1.0000   1.0000   1.0000
alpha m=1 occupations
   1.0000   1.0000   1.0000
alpha m=2 occupations
   1.0000
beta m=-1 occupations
   1.0000
beta m=0 occupations
   1.0000   1.0000   1.0000   1.0000
beta m=1 occupations
   1.0000
Switching to optimal damping for next iterations
EDIIS+DIIS step
Evaluated energy -525.3299224569 (change from lowest 1.276651e-02)
Density matrix difference 1.496183e-02 between lowest-energy and newest entry

Running program took 1 min 24.17 s.
