ERKALE - HF/DFT from Hel, OpenMP version, running on 8 cores.
(c) Susi Lehtola, 2010-2016.

This program is free software; you can redistribute it and/or modify
it under the terms of the GNU General Public License as published by
the Free Software Foundation; either version 2 of the License, or
(at your option) any later version.

Running on host silver.

Current time is Tue 20 Jan 2026 15:02:13.

Current Settings used by ERKALE:
     AtomGuess      	                Auto	Method used for atomic guess (Auto for same as method)
     Basis          	            HGBSP3-9	Basis set used in calculation
     BasisCutoff    	           1.000e-08	Cutoff for dropping out small primitives from contraction
     BasisOrth      	                Auto	Method of orthonormalization of basis set
     BasisRotate    	               false	Rotate basis set to remove redundant functions?
     Charge         	                   0	Total charge of system
     CholDepThresh  	           1.000e-07	Partial Cholesky decomposition threshold
     Cholesky       	                true	Use Cholesky decomposition?
     CholeskyMode   	                   0	Save/load integrals? 0 no, 1 save, -1 load
     CholeskyNAFThr 	           0.000e+00	Cholesky natural auxiliary function threshold
     CholeskyShThr  	           1.000e-02	Cholesky cache threshold
     CholeskyThr    	           1.000e-07	Cholesky decomposition threshold
     Complexbas     	                true	Use complex basis?
     Confinement    	         0.0 0.0 0.0	Confinement potential V(r) = V_i x_i^2
     ConvThr        	           1.000e-06	Orbital gradient convergence threshold
     DFTBasisThr    	           1.000e-10	Threshold for screening basis functions on grid
     DFTCpars       	                    	Override parameters of correlation functional (expert)
     DFTDelta       	           1.000e+02	Switch to final DFT grid has converged within factor X
     DFTDensityThr  	           1.000e-10	Threshold for screening density on grid
     DFTFinalTol    	           1.000e-05	Tolerance of final DFT grid
     DFTGrid        	             75 -302	DFT integration grid to use: nrad lmax or Auto for adaptive
     DFTInitialTol  	           1.000e-04	Tolerance of initial DFT grid
     DFTLobatto     	               false	Use Lobatto quadrature instead of Lebedev quadrature?
     DFTQuadThresh  	           2.220e-16	Threshold for pruning points with small quadrature weight
     DFTXpars       	                    	Override parameters of exchange functional (expert)
     DIISComb       	               false	Combine alpha and beta errors in unrestricted calcs?
     DIISEps        	           1.000e-01	Start mixing in DIIS when error is
     DIISOrder      	                  10	How many DIIS iterations to keep in memory?
     DIISThr        	           1.000e-02	DIIS error threshold for DIIS updates
     DecFock        	               false	Use decontracted basis to calculate Fock matrix (direct HF)
     Decontract     	                   *	Indices of atoms to decontract basis set for
     DensityFitting 	               false	Use density fitting / RI?
     Direct         	               false	Calculate two-electron integrals (or density fitting) on-the-fly?
     EField         	         0.0 0.0 0.0	Electric field
     ErrorNorm      	                 rms	Error norm to use in the SCF code
     FittingBasis   	                Auto	Basis to use for density fitting / RI (Auto for automatic)
     FittingCholeskyThreshold	           1.000e-08	Linear dependence threshold for pivoted Cholesky of Coulomb integrals in density fitting
     FittingMemory  	                1000	Amount of memory in MB to use for exchange fitting
     FittingThreshold	           1.000e-07	Linear dependence threshold for Coulomb integrals in density fitting
     Guess          	              sapfit	Used guess: SAD (default), SADNO, core, GWH, SAP, or SAPfit
     InitConvThr    	           1.000e-05	Initialization convergence threshold
     InputBohr      	               false	Use atomic units as input units instead of angstrom?
     IntegralThresh 	           1.000e-10	Integral screening threshold
     Kgwh           	           1.750e+00	Scaling constant for GWH
     LinDepThresh   	           1.000e-05	Basis set linear dependency threshold
     LinearB        	           3.400e-01	Magnetic field along bond axis
     LinearFreeze   	               false	If using linear symmetry, freeze symmetry to input guess
     LinearOccupationFile	      ../../H_1.occs	File to read linear occupations from
     LinearOccupations	                  -1	Read in occupations for linear molecule calculations?
     LinearSymmetry 	                true	Do special calculation on linear molecule along z axis
     LoadChk        	                    	Checkpoint file to load from
     Logfile        	          erkale.log	File to print out full information, stdout for screen
     MaxInitIter    	                  50	Maximum number of iterations in the stepwise solutions
     MaxIter        	                 100	Maximum number of iterations in SCF cycle
     Method         	                  HF	Method used in calculation (HF or a DFT functional)
     Multiplicity   	                   2	Spin multiplicity
     NLGrid         	             50 -194	Integration grid to use for nonlocal correlation: nrad lmax
     Occupancies    	                    	Orbital occupancies
     OptLM          	               false	If spherical harmonics used, use cartesian s and p functions?
     PZ             	               false	Perform Perdew-Zunger self-interaction correction?
     PZEthr         	           1.000e-10	Threshold for energy convergence
     PZIthr         	           1.000e-02	Threshold for initialization convergence (not too small!)
     PZNRthr        	           0.000e+00	Threshold for use of NR method in OO optimization
     PZOOthr        	           1.000e-04	Gradient threshold for OO optimization
     PZOVthr        	           1.000e-05	Gradient threshold for OV optimization
     PZimag         	                Auto	Imaginary degrees of freedom in PZ?
     PZiter         	                  20	Max number of iterations in self-consistency iteration
     PZloc          	                Auto	Initial localization before SIC calculation?
     PZlocmet       	                  FB	Initial localization method (recommend FB or IAO)
     PZmode         	                  XC	Apply PZ to the operators (in addition to J): X C D
     PZoo           	                true	Optimize OO block?
     PZov           	                true	Optimize OV block?
     PZprec         	                   1	Precondition OV block? 0: no, 1: unified, 2: orbital
     PZrand         	                true	Apply random rotation in PZ initialization? (Should be true)
     PZscale        	            Constant	Scaling for PZ: Constant, Density or Kinetic
     PZscaleExp     	           1.000e+00	Exponent in the dynamic scaling equation
     PZseed         	                   0	Seed number for randomized matrices?
     PZstab         	                   0	Stability analysis for PZ-SIC? 1 or -1 for OO, 2 or -2 for OO+OV
     PZstabThr      	           1.000e-03	Instability threshold (interpreted as -thr)
     PZw            	           1.000e+00	Weight for Perdew-Zunger self-interaction correction
     Restricted     	               false	Spin restricted?
     SAPBasis       	    helfem_large.gbs	Tabulated atomic effective potential "basis set"
     SAPGrid        	                    	SAP integration grid to use: nrad lmax or leave empty
     SaveChk        	   complex_basis.chk	Checkpoint file to save to
     Shift          	           0.000e+00	Level shift to use in Hartree
     System         	        ../atoms.xyz	System as an xyz file
     TRRHminS       	           9.750e-01	Trust-Region Roothaan-Hall minimal occupied orbital overlap
     UseADIIS       	                true	Use ADIIS for Fock matrix interpolation?
     UseBroyden     	               false	Use Broyden mixing of Fock matrices?
     UseDIIS        	                true	Use Pulay's Direct Inversion in the Iterative Subspace?
     UseLM          	                true	Use a spherical harmonics basis set by default?
     UseTRRH        	               false	Use Trust-Region Roothaan-Hall?
     VV10           	                Auto	Use VV10 non-local correlation?
     VV10Pars       	                    	VV10 parameters: b C
     Verbose        	                true	Verbose calculation?
     Verbosity      	                   5	Verboseness level

Basis set HGBSP3-9 found in file HGBSP3-9.gbs in /home/lehtola/programs/erkale/basis/.
Basis set helfem_large.gbs found in file helfem_large.gbs in /home/lehtola/programs/erkale/basis/.
Screening by shell pairs and symmetry reduced dofs by factor 2.02.
Individual screening reduced dofs by a total factor 2.02.
Computing Cholesky vectors. Estimated memory size is 97 Mi - 324 Mi.
Cholesky vectors no     0 -     0 computed, error is 4.214351e+01 (0.03 s).
Cholesky vectors no     1 -     1 computed, error is 1.061856e+01 (0.03 s).
Cholesky vectors no     2 -     2 computed, error is 6.110955e+00 (0.03 s).
Cholesky vectors no     3 -     3 computed, error is 3.800950e+00 (0.03 s).
Cholesky vectors no     4 -     9 computed, error is 1.335760e+00 (0.15 s).
Cholesky vectors no    10 -    12 computed, error is 1.070429e+00 (0.08 s).
Cholesky vectors no    13 -    18 computed, error is 9.954878e-01 (0.15 s).
Cholesky vectors no    19 -    19 computed, error is 3.547692e-01 (0.03 s).
Cholesky vectors no    20 -    22 computed, error is 3.397474e-01 (0.08 s).
Cholesky vectors no    23 -    37 computed, error is 3.296604e-01 (0.01 s).
Cholesky vectors no    38 -    38 computed, error is 2.885486e-01 (0.00 s).
Cholesky vectors no    39 -    39 computed, error is 2.333197e-01 (0.00 s).
Cholesky vectors no    40 -    45 computed, error is 1.784447e-01 (0.01 s).
Cholesky vectors no    46 -    55 computed, error is 1.410133e-01 (0.01 s).
Cholesky vectors no    56 -    58 computed, error is 1.202567e-01 (0.00 s).
Cholesky vectors no    59 -    86 computed, error is 8.993857e-02 (0.03 s).
Cholesky vectors no    87 -   101 computed, error is 7.186791e-02 (0.03 s).
Cholesky vectors no   102 -   122 computed, error is 4.535572e-02 (0.02 s).
Cholesky vectors no   123 -   150 computed, error is 3.200359e-02 (0.06 s).
Cholesky vectors no   151 -   171 computed, error is 2.926305e-02 (0.05 s).
Cholesky vectors no   172 -   199 computed, error is 2.802215e-02 (0.07 s).
Cholesky vectors no   200 -   202 computed, error is 2.557928e-02 (0.04 s).
Cholesky vectors no   203 -   203 computed, error is 1.658551e-02 (0.00 s).
Cholesky vectors no   204 -   213 computed, error is 1.594409e-02 (0.03 s).
Cholesky vectors no   214 -   241 computed, error is 1.569155e-02 (0.08 s).
Cholesky vectors no   242 -   247 computed, error is 1.433625e-02 (0.01 s).
Cholesky vectors no   248 -   268 computed, error is 1.264569e-02 (0.06 s).
Cholesky vectors no   269 -   296 computed, error is 1.258687e-02 (0.08 s).
Cholesky vectors no   297 -   299 computed, error is 1.004046e-02 (0.01 s).
Cholesky vectors no   300 -   300 computed, error is 7.870486e-03 (0.04 s).
Cholesky vectors no   301 -   310 computed, error is 5.906070e-03 (0.04 s).
Cholesky vectors no   311 -   331 computed, error is 5.526566e-03 (0.07 s).
Cholesky vectors no   332 -   352 computed, error is 4.601402e-03 (0.07 s).
Cholesky vectors no   353 -   380 computed, error is 3.366575e-03 (0.09 s).
Cholesky vectors no   381 -   395 computed, error is 2.453017e-03 (0.05 s).
Cholesky vectors no   396 -   396 computed, error is 1.922139e-03 (0.00 s).
Cholesky vectors no   397 -   417 computed, error is 1.897701e-03 (0.13 s).
Cholesky vectors no   418 -   418 computed, error is 1.891421e-03 (0.00 s).
Cholesky vectors no   419 -   421 computed, error is 1.777727e-03 (0.01 s).
Cholesky vectors no   422 -   427 computed, error is 1.464633e-03 (0.02 s).
Cholesky vectors no   428 -   455 computed, error is 1.081273e-03 (0.11 s).
Cholesky vectors no   456 -   458 computed, error is 1.046564e-03 (0.01 s).
Cholesky vectors no   459 -   465 computed, error is 9.423631e-04 (0.03 s).
Cholesky vectors no   466 -   466 computed, error is 7.770176e-04 (0.00 s).
Cholesky vectors no   467 -   486 computed, error is 5.692730e-04 (0.08 s).
Cholesky vectors no   487 -   514 computed, error is 3.391495e-04 (0.19 s).
Cholesky vectors no   515 -   535 computed, error is 2.887719e-04 (0.10 s).
Cholesky vectors no   536 -   563 computed, error is 1.908629e-04 (0.14 s).
Cholesky vectors no   564 -   591 computed, error is 1.486244e-04 (0.16 s).
Cholesky vectors no   592 -   594 computed, error is 1.199639e-04 (0.02 s).
Cholesky vectors no   595 -   615 computed, error is 1.107169e-04 (0.30 s).
Cholesky vectors no   616 -   621 computed, error is 1.000307e-04 (0.17 s).
Cholesky vectors no   622 -   624 computed, error is 9.314976e-05 (0.08 s).
Cholesky vectors no   625 -   645 computed, error is 8.512852e-05 (0.58 s).
Cholesky vectors no   646 -   651 computed, error is 7.408543e-05 (0.17 s).
Cholesky vectors no   652 -   658 computed, error is 6.900929e-05 (0.19 s).
Cholesky vectors no   659 -   661 computed, error is 6.265932e-05 (0.07 s).
Cholesky vectors no   662 -   689 computed, error is 5.613396e-05 (0.74 s).
Cholesky vectors no   690 -   701 computed, error is 2.924207e-05 (0.41 s).
Cholesky vectors no   702 -   711 computed, error is 2.504952e-05 (0.28 s).
Cholesky vectors no   712 -   726 computed, error is 2.180367e-05 (0.41 s).
Cholesky vectors no   727 -   727 computed, error is 1.953934e-05 (0.03 s).
Cholesky vectors no   728 -   748 computed, error is 1.542834e-05 (0.57 s).
Cholesky vectors no   749 -   769 computed, error is 1.392955e-05 (0.54 s).
Cholesky vectors no   770 -   772 computed, error is 1.117355e-05 (0.08 s).
Cholesky vectors no   773 -   787 computed, error is 8.299591e-06 (0.41 s).
Cholesky vectors no   788 -   788 computed, error is 6.751829e-06 (0.03 s).
Cholesky vectors no   789 -   791 computed, error is 6.395950e-06 (0.08 s).
Cholesky vectors no   792 -   798 computed, error is 6.382007e-06 (0.19 s).
Cholesky vectors no   799 -   799 computed, error is 6.345096e-06 (0.03 s).
Cholesky vectors no   800 -   827 computed, error is 2.098407e-06 (0.79 s).
Cholesky vectors no   828 -   855 computed, error is 1.983171e-06 (0.75 s).
Cholesky vectors no   856 -   876 computed, error is 1.763160e-06 (0.55 s).
Cholesky vectors no   877 -   879 computed, error is 1.490631e-06 (0.08 s).
Cholesky vectors no   880 -   882 computed, error is 1.467813e-06 (0.08 s).
Cholesky vectors no   883 -   883 computed, error is 1.095225e-06 (0.03 s).
Cholesky vectors no   884 -   904 computed, error is 1.035808e-06 (0.63 s).
Cholesky vectors no   905 -   914 computed, error is 1.031896e-06 (0.27 s).
Cholesky vectors no   915 -   920 computed, error is 7.972102e-07 (0.16 s).
Cholesky vectors no   921 -   941 computed, error is 5.713521e-07 (0.55 s).
Cholesky vectors no   942 -   969 computed, error is 5.386429e-07 (0.74 s).
Cholesky vectors no   970 -   970 computed, error is 3.699490e-07 (0.03 s).
Cholesky vectors no   971 -   973 computed, error is 2.209595e-07 (0.09 s).
Cholesky vectors no   974 -   976 computed, error is 2.033859e-07 (0.09 s).
Cholesky vectors no   977 -  1004 computed, error is 1.389025e-07 (0.82 s).
Cholesky vectors no  1005 -  1010 computed, error is 1.297702e-07 (0.16 s).
Cholesky vectors no  1011 -  1019 computed, error is 9.467923e-08 (0.24 s).
Cholesky decomposition finished in 15.85 s. Realized memory size is 174 Mi 350 ki.
Time use: integrals 10.8 %, linear algebra 89.2 %.
1842 shell pairs and 1 nuclei
SAP potential formed in 0.077 s.
Smallest eigenvalue of overlap matrix is 4.88e-04, reciprocal condition number is 1.14e-04.
Using symmetric orthogonalization.
Smallest eigenvalue of overlap matrix is 4.06e-04, reciprocal condition number is 8.99e-05.
Using symmetric orthogonalization.
Smallest eigenvalue of overlap matrix is 1.84e-04, reciprocal condition number is 3.54e-05.
Using symmetric orthogonalization.
Smallest eigenvalue of overlap matrix is 5.19e-05, reciprocal condition number is 7.70e-06.
Using symmetric orthogonalization.
Smallest eigenvalue of overlap matrix is 1.84e-04, reciprocal condition number is 3.54e-05.
Using symmetric orthogonalization.
Smallest eigenvalue of overlap matrix is 4.06e-04, reciprocal condition number is 8.99e-05.
Using symmetric orthogonalization.
Smallest eigenvalue of overlap matrix is 4.88e-04, reciprocal condition number is 1.14e-04.
Using symmetric orthogonalization.
Nela = 1 Nelb = 0



Solving SCF
Evaluated energy  14.2472380747 (change from lowest 1.424724e+01)


Iteration 1: 1 Fock evaluations energy  14.2472380747 change  1.424724e+01 DIIS error vector rms norm 4.982229e-02
History size 1
alpha m=1 occupations
   1.0000
EDIIS+DIIS step
Evaluated energy  0.0377129528 (change from lowest -1.420953e+01)
Density matrix difference 3.721615e-02 between lowest-energy and newest entry


Iteration 2: 2 Fock evaluations energy  0.0377129528 change -1.420953e+01 DIIS error vector rms norm 1.963476e-07
History size 2
Converged to energy  0.0377129528!

Running program took 56.12 s.
