ERKALE - HF/DFT from Hel, OpenMP version, running on 8 cores.
(c) Susi Lehtola, 2010-2016.

This program is free software; you can redistribute it and/or modify
it under the terms of the GNU General Public License as published by
the Free Software Foundation; either version 2 of the License, or
(at your option) any later version.

Running on host silver.

Current time is Sun 15 Feb 2026 00:09:31.

Current Settings used by ERKALE:
     AtomGuess      	                Auto	Method used for atomic guess (Auto for same as method)
     Basis          	           AHGBSP2-7	Basis set used in calculation
     BasisCutoff    	           1.000e-08	Cutoff for dropping out small primitives from contraction
     BasisOrth      	                Auto	Method of orthonormalization of basis set
     BasisRotate    	               false	Rotate basis set to remove redundant functions?
     Charge         	                   0	Total charge of system
     CholDepThresh  	           1.000e-07	Partial Cholesky decomposition threshold
     Cholesky       	                true	Use Cholesky decomposition?
     CholeskyMode   	                   0	Save/load integrals? 0 no, 1 save, -1 load
     CholeskyNAFThr 	           0.000e+00	Cholesky natural auxiliary function threshold
     CholeskyShThr  	           1.000e-02	Cholesky cache threshold
     CholeskyThr    	           1.000e-07	Cholesky decomposition threshold
     Complexbas     	                true	Use complex basis?
     Confinement    	         0.0 0.0 0.0	Confinement potential V(r) = V_i x_i^2
     ConvThr        	           1.000e-06	Orbital gradient convergence threshold
     DFTBasisThr    	           1.000e-10	Threshold for screening basis functions on grid
     DFTCpars       	                    	Override parameters of correlation functional (expert)
     DFTDelta       	           1.000e+02	Switch to final DFT grid has converged within factor X
     DFTDensityThr  	           1.000e-10	Threshold for screening density on grid
     DFTFinalTol    	           1.000e-05	Tolerance of final DFT grid
     DFTGrid        	             75 -302	DFT integration grid to use: nrad lmax or Auto for adaptive
     DFTInitialTol  	           1.000e-04	Tolerance of initial DFT grid
     DFTLobatto     	               false	Use Lobatto quadrature instead of Lebedev quadrature?
     DFTQuadThresh  	           2.220e-16	Threshold for pruning points with small quadrature weight
     DFTXpars       	                    	Override parameters of exchange functional (expert)
     DIISComb       	               false	Combine alpha and beta errors in unrestricted calcs?
     DIISEps        	           1.000e-01	Start mixing in DIIS when error is
     DIISOrder      	                  10	How many DIIS iterations to keep in memory?
     DIISThr        	           1.000e-02	DIIS error threshold for DIIS updates
     DecFock        	               false	Use decontracted basis to calculate Fock matrix (direct HF)
     Decontract     	                   *	Indices of atoms to decontract basis set for
     DensityFitting 	               false	Use density fitting / RI?
     Direct         	               false	Calculate two-electron integrals (or density fitting) on-the-fly?
     EField         	         0.0 0.0 0.0	Electric field
     ErrorNorm      	                 rms	Error norm to use in the SCF code
     FittingBasis   	                Auto	Basis to use for density fitting / RI (Auto for automatic)
     FittingCholeskyThreshold	           1.000e-08	Linear dependence threshold for pivoted Cholesky of Coulomb integrals in density fitting
     FittingMemory  	                1000	Amount of memory in MB to use for exchange fitting
     FittingThreshold	           1.000e-07	Linear dependence threshold for Coulomb integrals in density fitting
     Guess          	              sapfit	Used guess: SAD (default), SADNO, core, GWH, SAP, or SAPfit
     InitConvThr    	           1.000e-05	Initialization convergence threshold
     InputBohr      	               false	Use atomic units as input units instead of angstrom?
     IntegralThresh 	           1.000e-10	Integral screening threshold
     Kgwh           	           1.750e+00	Scaling constant for GWH
     LinDepThresh   	           1.000e-05	Basis set linear dependency threshold
     LinearB        	           1.200e-01	Magnetic field along bond axis
     LinearFreeze   	               false	If using linear symmetry, freeze symmetry to input guess
     LinearOccupationFile	     ../../Cl_8.occs	File to read linear occupations from
     LinearOccupations	                  -1	Read in occupations for linear molecule calculations?
     LinearSymmetry 	                true	Do special calculation on linear molecule along z axis
     LoadChk        	                    	Checkpoint file to load from
     Logfile        	          erkale.log	File to print out full information, stdout for screen
     MaxInitIter    	                  50	Maximum number of iterations in the stepwise solutions
     MaxIter        	                 100	Maximum number of iterations in SCF cycle
     Method         	                  HF	Method used in calculation (HF or a DFT functional)
     Multiplicity   	                   8	Spin multiplicity
     NLGrid         	             50 -194	Integration grid to use for nonlocal correlation: nrad lmax
     Occupancies    	                    	Orbital occupancies
     OptLM          	               false	If spherical harmonics used, use cartesian s and p functions?
     PZ             	               false	Perform Perdew-Zunger self-interaction correction?
     PZEthr         	           1.000e-10	Threshold for energy convergence
     PZIthr         	           1.000e-02	Threshold for initialization convergence (not too small!)
     PZNRthr        	           0.000e+00	Threshold for use of NR method in OO optimization
     PZOOthr        	           1.000e-04	Gradient threshold for OO optimization
     PZOVthr        	           1.000e-05	Gradient threshold for OV optimization
     PZimag         	                Auto	Imaginary degrees of freedom in PZ?
     PZiter         	                  20	Max number of iterations in self-consistency iteration
     PZloc          	                Auto	Initial localization before SIC calculation?
     PZlocmet       	                  FB	Initial localization method (recommend FB or IAO)
     PZmode         	                  XC	Apply PZ to the operators (in addition to J): X C D
     PZoo           	                true	Optimize OO block?
     PZov           	                true	Optimize OV block?
     PZprec         	                   1	Precondition OV block? 0: no, 1: unified, 2: orbital
     PZrand         	                true	Apply random rotation in PZ initialization? (Should be true)
     PZscale        	            Constant	Scaling for PZ: Constant, Density or Kinetic
     PZscaleExp     	           1.000e+00	Exponent in the dynamic scaling equation
     PZseed         	                   0	Seed number for randomized matrices?
     PZstab         	                   0	Stability analysis for PZ-SIC? 1 or -1 for OO, 2 or -2 for OO+OV
     PZstabThr      	           1.000e-03	Instability threshold (interpreted as -thr)
     PZw            	           1.000e+00	Weight for Perdew-Zunger self-interaction correction
     Restricted     	               false	Spin restricted?
     SAPBasis       	    helfem_large.gbs	Tabulated atomic effective potential "basis set"
     SAPGrid        	                    	SAP integration grid to use: nrad lmax or leave empty
     SaveChk        	   complex_basis.chk	Checkpoint file to save to
     Shift          	           0.000e+00	Level shift to use in Hartree
     System         	        ../atoms.xyz	System as an xyz file
     TRRHminS       	           9.750e-01	Trust-Region Roothaan-Hall minimal occupied orbital overlap
     UseADIIS       	                true	Use ADIIS for Fock matrix interpolation?
     UseBroyden     	               false	Use Broyden mixing of Fock matrices?
     UseDIIS        	                true	Use Pulay's Direct Inversion in the Iterative Subspace?
     UseLM          	                true	Use a spherical harmonics basis set by default?
     UseTRRH        	               false	Use Trust-Region Roothaan-Hall?
     VV10           	                Auto	Use VV10 non-local correlation?
     VV10Pars       	                    	VV10 parameters: b C
     Verbose        	                true	Verbose calculation?
     Verbosity      	                   5	Verboseness level

Basis set AHGBSP2-7 found in file AHGBSP2-7.gbs in /home/lehtola/programs/erkale/basis/.
Basis set helfem_large.gbs found in file helfem_large.gbs in /home/lehtola/programs/erkale/basis/.
Screening by shell pairs and symmetry reduced dofs by factor 2.03.
Individual screening reduced dofs by a total factor 2.03.
Computing Cholesky vectors. Estimated memory size is 319 Mi - 1 Gi.
Cholesky vectors no     0 -     0 computed, error is 1.687231e+02 (0.03 s).
Cholesky vectors no     1 -     1 computed, error is 4.658227e+01 (0.03 s).
Cholesky vectors no     2 -     2 computed, error is 1.948103e+01 (0.04 s).
Cholesky vectors no     3 -     8 computed, error is 1.785360e+01 (0.14 s).
Cholesky vectors no     9 -     9 computed, error is 1.042310e+01 (0.04 s).
Cholesky vectors no    10 -    12 computed, error is 8.034405e+00 (0.07 s).
Cholesky vectors no    13 -    18 computed, error is 2.872928e+00 (0.14 s).
Cholesky vectors no    19 -    33 computed, error is 2.710324e+00 (0.18 s).
Cholesky vectors no    34 -    36 computed, error is 2.466342e+00 (0.00 s).
Cholesky vectors no    37 -    37 computed, error is 1.658021e+00 (0.00 s).
Cholesky vectors no    38 -    47 computed, error is 1.312805e+00 (0.01 s).
Cholesky vectors no    48 -    53 computed, error is 1.020103e+00 (0.01 s).
Cholesky vectors no    54 -    81 computed, error is 8.578681e-01 (0.04 s).
Cholesky vectors no    82 -    84 computed, error is 8.176686e-01 (0.01 s).
Cholesky vectors no    85 -    99 computed, error is 7.358644e-01 (0.03 s).
Cholesky vectors no   100 -   120 computed, error is 4.919593e-01 (0.08 s).
Cholesky vectors no   121 -   121 computed, error is 4.120595e-01 (0.00 s).
Cholesky vectors no   122 -   149 computed, error is 2.773641e-01 (0.12 s).
Cholesky vectors no   150 -   170 computed, error is 2.190879e-01 (0.10 s).
Cholesky vectors no   171 -   180 computed, error is 1.897008e-01 (0.05 s).
Cholesky vectors no   181 -   208 computed, error is 1.562592e-01 (0.20 s).
Cholesky vectors no   209 -   236 computed, error is 1.388220e-01 (0.17 s).
Cholesky vectors no   237 -   257 computed, error is 1.321423e-01 (0.13 s).
Cholesky vectors no   258 -   258 computed, error is 1.119037e-01 (0.01 s).
Cholesky vectors no   259 -   261 computed, error is 8.232587e-02 (0.02 s).
Cholesky vectors no   262 -   289 computed, error is 7.566923e-02 (0.18 s).
Cholesky vectors no   290 -   292 computed, error is 7.035883e-02 (0.02 s).
Cholesky vectors no   293 -   298 computed, error is 6.216247e-02 (0.04 s).
Cholesky vectors no   299 -   319 computed, error is 5.904136e-02 (0.22 s).
Cholesky vectors no   320 -   347 computed, error is 4.945483e-02 (0.22 s).
Cholesky vectors no   348 -   357 computed, error is 4.541262e-02 (0.08 s).
Cholesky vectors no   358 -   358 computed, error is 3.682491e-02 (0.01 s).
Cholesky vectors no   359 -   359 computed, error is 3.474749e-02 (0.01 s).
Cholesky vectors no   360 -   374 computed, error is 3.282244e-02 (0.12 s).
Cholesky vectors no   375 -   395 computed, error is 3.173483e-02 (0.17 s).
Cholesky vectors no   396 -   416 computed, error is 3.123567e-02 (0.26 s).
Cholesky vectors no   417 -   444 computed, error is 2.230655e-02 (0.24 s).
Cholesky vectors no   445 -   472 computed, error is 2.062190e-02 (0.25 s).
Cholesky vectors no   473 -   500 computed, error is 2.008358e-02 (0.33 s).
Cholesky vectors no   501 -   521 computed, error is 1.652650e-02 (0.20 s).
Cholesky vectors no   522 -   542 computed, error is 1.297949e-02 (0.21 s).
Cholesky vectors no   543 -   563 computed, error is 1.181296e-02 (0.21 s).
Cholesky vectors no   564 -   591 computed, error is 8.652190e-03 (0.27 s).
Cholesky vectors no   592 -   594 computed, error is 8.437616e-03 (0.03 s).
Cholesky vectors no   595 -   615 computed, error is 8.427656e-03 (0.33 s).
Cholesky vectors no   616 -   643 computed, error is 7.732822e-03 (0.31 s).
Cholesky vectors no   644 -   671 computed, error is 5.589701e-03 (0.31 s).
Cholesky vectors no   672 -   692 computed, error is 4.861431e-03 (0.23 s).
Cholesky vectors no   693 -   695 computed, error is 4.463302e-03 (0.03 s).
Cholesky vectors no   696 -   723 computed, error is 4.242640e-03 (0.45 s).
Cholesky vectors no   724 -   744 computed, error is 3.890817e-03 (0.25 s).
Cholesky vectors no   745 -   751 computed, error is 2.931152e-03 (0.08 s).
Cholesky vectors no   752 -   779 computed, error is 2.835596e-03 (0.33 s).
Cholesky vectors no   780 -   785 computed, error is 2.156353e-03 (0.07 s).
Cholesky vectors no   786 -   806 computed, error is 1.726167e-03 (0.39 s).
Cholesky vectors no   807 -   834 computed, error is 1.524969e-03 (0.36 s).
Cholesky vectors no   835 -   855 computed, error is 1.271034e-03 (0.27 s).
Cholesky vectors no   856 -   866 computed, error is 1.107880e-03 (0.15 s).
Cholesky vectors no   867 -   894 computed, error is 1.062042e-03 (0.37 s).
Cholesky vectors no   895 -   915 computed, error is 1.001251e-03 (0.43 s).
Cholesky vectors no   916 -   918 computed, error is 8.531831e-04 (0.04 s).
Cholesky vectors no   919 -   928 computed, error is 8.371116e-04 (0.14 s).
Cholesky vectors no   929 -   929 computed, error is 6.941682e-04 (0.01 s).
Cholesky vectors no   930 -   950 computed, error is 6.650223e-04 (0.29 s).
Cholesky vectors no   951 -   965 computed, error is 5.307009e-04 (0.21 s).
Cholesky vectors no   966 -   986 computed, error is 4.689802e-04 (0.31 s).
Cholesky vectors no   987 -   989 computed, error is 4.289160e-04 (0.05 s).
Cholesky vectors no   990 -  1017 computed, error is 4.011173e-04 (0.57 s).
Cholesky vectors no  1018 -  1038 computed, error is 3.840892e-04 (0.32 s).
Cholesky vectors no  1039 -  1045 computed, error is 3.321491e-04 (0.11 s).
Cholesky vectors no  1046 -  1073 computed, error is 2.828645e-04 (0.43 s).
Cholesky vectors no  1074 -  1101 computed, error is 2.436959e-04 (0.61 s).
Cholesky vectors no  1102 -  1122 computed, error is 2.163952e-04 (0.35 s).
Cholesky vectors no  1123 -  1125 computed, error is 1.641203e-04 (0.05 s).
Cholesky vectors no  1126 -  1126 computed, error is 8.227317e-05 (0.02 s).
Cholesky vectors no  1127 -  1132 computed, error is 7.318192e-05 (0.10 s).
Cholesky vectors no  1133 -  1160 computed, error is 7.268826e-05 (0.45 s).
Cholesky vectors no  1161 -  1161 computed, error is 4.861014e-05 (0.02 s).
Cholesky vectors no  1162 -  1182 computed, error is 4.555877e-05 (0.34 s).
Cholesky vectors no  1183 -  1203 computed, error is 3.024721e-05 (0.53 s).
Cholesky vectors no  1204 -  1206 computed, error is 2.757260e-05 (0.05 s).
Cholesky vectors no  1207 -  1234 computed, error is 2.461304e-05 (0.49 s).
Cholesky vectors no  1235 -  1255 computed, error is 1.800600e-05 (0.38 s).
Cholesky vectors no  1256 -  1258 computed, error is 1.526290e-05 (0.06 s).
Cholesky vectors no  1259 -  1286 computed, error is 1.339683e-05 (0.51 s).
Cholesky vectors no  1287 -  1287 computed, error is 1.039492e-05 (0.02 s).
Cholesky vectors no  1288 -  1315 computed, error is 1.015261e-05 (0.71 s).
Cholesky vectors no  1316 -  1336 computed, error is 9.169922e-06 (0.40 s).
Cholesky vectors no  1337 -  1342 computed, error is 6.485250e-06 (0.11 s).
Cholesky vectors no  1343 -  1352 computed, error is 5.613169e-06 (0.18 s).
Cholesky vectors no  1353 -  1380 computed, error is 3.723183e-06 (0.54 s).
Cholesky vectors no  1381 -  1395 computed, error is 3.676125e-06 (0.30 s).
Cholesky vectors no  1396 -  1416 computed, error is 3.665788e-06 (0.63 s).
Cholesky vectors no  1417 -  1444 computed, error is 3.463588e-06 (0.57 s).
Cholesky vectors no  1445 -  1472 computed, error is 3.343817e-06 (0.59 s).
Cholesky vectors no  1473 -  1493 computed, error is 3.090713e-06 (0.44 s).
Cholesky vectors no  1494 -  1494 computed, error is 1.758855e-06 (0.02 s).
Cholesky vectors no  1495 -  1499 computed, error is 1.693347e-06 (0.10 s).
Cholesky vectors no  1500 -  1508 computed, error is 1.690919e-06 (0.40 s).
Cholesky vectors no  1509 -  1529 computed, error is 1.386284e-06 (0.43 s).
Cholesky vectors no  1530 -  1550 computed, error is 1.310031e-06 (0.43 s).
Cholesky vectors no  1551 -  1578 computed, error is 1.203166e-06 (0.58 s).
Cholesky vectors no  1579 -  1579 computed, error is 9.048240e-07 (0.02 s).
Cholesky vectors no  1580 -  1600 computed, error is 8.336969e-07 (0.66 s).
Cholesky vectors no  1601 -  1628 computed, error is 7.774630e-07 (0.62 s).
Cholesky vectors no  1629 -  1631 computed, error is 5.660519e-07 (0.06 s).
Cholesky vectors no  1632 -  1659 computed, error is 5.491672e-07 (0.61 s).
Cholesky vectors no  1660 -  1660 computed, error is 4.479853e-07 (0.02 s).
Cholesky vectors no  1661 -  1688 computed, error is 4.445190e-07 (0.63 s).
Cholesky vectors no  1689 -  1709 computed, error is 4.021135e-07 (0.72 s).
Cholesky vectors no  1710 -  1718 computed, error is 3.381533e-07 (0.20 s).
Cholesky vectors no  1719 -  1724 computed, error is 1.939201e-07 (0.14 s).
Cholesky vectors no  1725 -  1745 computed, error is 1.693722e-07 (0.48 s).
Cholesky vectors no  1746 -  1766 computed, error is 1.377788e-07 (0.50 s).
Cholesky vectors no  1767 -  1794 computed, error is 1.300766e-07 (0.69 s).
Cholesky vectors no  1795 -  1799 computed, error is 1.274938e-07 (0.12 s).
Cholesky vectors no  1800 -  1820 computed, error is 7.829041e-08 (0.80 s).
Cholesky decomposition finished in 29.83 s. Realized memory size is 663 Mi 367 ki.
Time use: integrals 3.5 %, linear algebra 96.5 %.
3206 shell pairs and 1 nuclei
SAP potential formed in 0.016 s.
Smallest eigenvalue of overlap matrix is 3.11e-03, reciprocal condition number is 8.35e-04.
Using symmetric orthogonalization.
Smallest eigenvalue of overlap matrix is 2.22e-03, reciprocal condition number is 5.54e-04.
Using symmetric orthogonalization.
Smallest eigenvalue of overlap matrix is 1.27e-03, reciprocal condition number is 2.82e-04.
Using symmetric orthogonalization.
Smallest eigenvalue of overlap matrix is 5.07e-04, reciprocal condition number is 8.91e-05.
Using symmetric orthogonalization.
Smallest eigenvalue of overlap matrix is 1.27e-03, reciprocal condition number is 2.82e-04.
Using symmetric orthogonalization.
Smallest eigenvalue of overlap matrix is 2.22e-03, reciprocal condition number is 5.54e-04.
Using symmetric orthogonalization.
Smallest eigenvalue of overlap matrix is 3.11e-03, reciprocal condition number is 8.35e-04.
Using symmetric orthogonalization.
Nela = 12 Nelb = 5



Solving SCF
Evaluated energy -448.0441594858 (change from lowest -4.480442e+02)


Iteration 1: 1 Fock evaluations energy -448.0441594858 change -4.480442e+02 DIIS error vector rms norm 2.070319e-02
History size 1
alpha m=-1 occupations
   1.0000   1.0000
alpha m=0 occupations
   1.0000   1.0000   1.0000   1.0000   1.0000   1.0000
alpha m=1 occupations
   1.0000   1.0000   1.0000
alpha m=2 occupations
   1.0000
beta m=-1 occupations
   1.0000
beta m=0 occupations
   1.0000   1.0000   1.0000
beta m=1 occupations
   1.0000
EDIIS+DIIS step
Evaluated energy -457.7624166278 (change from lowest -9.718257e+00)
Density matrix difference 8.896464e-02 between lowest-energy and newest entry


Iteration 2: 2 Fock evaluations energy -457.7624166278 change -9.718257e+00 DIIS error vector rms norm 5.647619e-03
History size 2
alpha m=-1 occupations
   1.0000   1.0000
alpha m=0 occupations
   1.0000   1.0000   1.0000   1.0000   1.0000   1.0000
alpha m=1 occupations
   1.0000   1.0000   1.0000
alpha m=2 occupations
   1.0000
beta m=-1 occupations
   1.0000
beta m=0 occupations
   1.0000   1.0000   1.0000
beta m=1 occupations
   1.0000
EDIIS+DIIS step
Evaluated energy -458.0813775497 (change from lowest -3.189609e-01)
Density matrix difference 3.281703e-02 between lowest-energy and newest entry


Iteration 3: 3 Fock evaluations energy -458.0813775497 change -3.189609e-01 DIIS error vector rms norm 1.392560e-03
History size 3
alpha m=-1 occupations
   1.0000   1.0000
alpha m=0 occupations
   1.0000   1.0000   1.0000   1.0000   1.0000   1.0000
alpha m=1 occupations
   1.0000   1.0000   1.0000
alpha m=2 occupations
   1.0000
beta m=-1 occupations
   1.0000
beta m=0 occupations
   1.0000   1.0000   1.0000
beta m=1 occupations
   1.0000
EDIIS+DIIS step
Evaluated energy -458.0875083398 (change from lowest -6.130790e-03)
Density matrix difference 2.186394e-03 between lowest-energy and newest entry


Iteration 4: 4 Fock evaluations energy -458.0875083398 change -6.130790e-03 DIIS error vector rms norm 2.828710e-04
History size 4
alpha m=-1 occupations
   1.0000   1.0000
alpha m=0 occupations
   1.0000   1.0000   1.0000   1.0000   1.0000   1.0000
alpha m=1 occupations
   1.0000   1.0000   1.0000
alpha m=2 occupations
   1.0000
beta m=-1 occupations
   1.0000
beta m=0 occupations
   1.0000   1.0000   1.0000
beta m=1 occupations
   1.0000
EDIIS+DIIS step
Evaluated energy -458.0889859388 (change from lowest -1.477599e-03)
Density matrix difference 1.249607e-03 between lowest-energy and newest entry


Iteration 5: 5 Fock evaluations energy -458.0889859388 change -1.477599e-03 DIIS error vector rms norm 1.363724e-04
History size 5
alpha m=-1 occupations
   1.0000   1.0000
alpha m=0 occupations
   1.0000   1.0000   1.0000   1.0000   1.0000   1.0000
alpha m=1 occupations
   1.0000   1.0000   1.0000
alpha m=2 occupations
   1.0000
beta m=-1 occupations
   1.0000
beta m=0 occupations
   1.0000   1.0000   1.0000
beta m=1 occupations
   1.0000
EDIIS+DIIS step
Evaluated energy -458.0906587296 (change from lowest -1.672791e-03)
Density matrix difference 1.499028e-03 between lowest-energy and newest entry


Iteration 6: 6 Fock evaluations energy -458.0906587296 change -1.672791e-03 DIIS error vector rms norm 1.099704e-04
History size 6
alpha m=-1 occupations
   1.0000   1.0000
alpha m=0 occupations
   1.0000   1.0000   1.0000   1.0000   1.0000   1.0000
alpha m=1 occupations
   1.0000   1.0000   1.0000
alpha m=2 occupations
   1.0000
beta m=-1 occupations
   1.0000
beta m=0 occupations
   1.0000   1.0000   1.0000
beta m=1 occupations
   1.0000
EDIIS+DIIS step
Evaluated energy -458.0919772354 (change from lowest -1.318506e-03)
Density matrix difference 1.136424e-03 between lowest-energy and newest entry


Iteration 7: 7 Fock evaluations energy -458.0919772354 change -1.318506e-03 DIIS error vector rms norm 1.148598e-04
History size 7
alpha m=-1 occupations
   1.0000   1.0000
alpha m=0 occupations
   1.0000   1.0000   1.0000   1.0000   1.0000   1.0000
alpha m=1 occupations
   1.0000   1.0000   1.0000
alpha m=2 occupations
   1.0000
beta m=-1 occupations
   1.0000
beta m=0 occupations
   1.0000   1.0000   1.0000
beta m=1 occupations
   1.0000
EDIIS+DIIS step
Evaluated energy -458.0914088510 (change from lowest 5.683844e-04)
Density matrix difference 5.030848e-04 between lowest-energy and newest entry


Iteration 8: 8 Fock evaluations energy -458.0919772354 change  0.000000e+00 DIIS error vector rms norm 1.148598e-04
History size 8
alpha m=-1 occupations
   1.0000   1.0000
alpha m=0 occupations
   1.0000   1.0000   1.0000   1.0000   1.0000   1.0000
alpha m=1 occupations
   1.0000   1.0000   1.0000
alpha m=2 occupations
   1.0000
beta m=-1 occupations
   1.0000
beta m=0 occupations
   1.0000   1.0000   1.0000
beta m=1 occupations
   1.0000
EDIIS+DIIS step
Evaluated energy -458.0914294419 (change from lowest 5.477935e-04)
Density matrix difference 4.899593e-04 between lowest-energy and newest entry


Iteration 9: 9 Fock evaluations energy -458.0919772354 change  0.000000e+00 DIIS error vector rms norm 1.148598e-04
History size 9
alpha m=-1 occupations
   1.0000   1.0000
alpha m=0 occupations
   1.0000   1.0000   1.0000   1.0000   1.0000   1.0000
alpha m=1 occupations
   1.0000   1.0000   1.0000
alpha m=2 occupations
   1.0000
beta m=-1 occupations
   1.0000
beta m=0 occupations
   1.0000   1.0000   1.0000
beta m=1 occupations
   1.0000
EDIIS+DIIS step
Evaluated energy -458.0914407825 (change from lowest 5.364529e-04)
Density matrix difference 4.832125e-04 between lowest-energy and newest entry


Iteration 10: 10 Fock evaluations energy -458.0919772354 change  0.000000e+00 DIIS error vector rms norm 1.148598e-04
History size 10
alpha m=-1 occupations
   1.0000   1.0000
alpha m=0 occupations
   1.0000   1.0000   1.0000   1.0000   1.0000   1.0000
alpha m=1 occupations
   1.0000   1.0000   1.0000
alpha m=2 occupations
   1.0000
beta m=-1 occupations
   1.0000
beta m=0 occupations
   1.0000   1.0000   1.0000
beta m=1 occupations
   1.0000
EDIIS+DIIS step
Evaluated energy -458.0914480496 (change from lowest 5.291858e-04)
Density matrix difference 4.791751e-04 between lowest-energy and newest entry


Iteration 11: 11 Fock evaluations energy -458.0919772354 change  0.000000e+00 DIIS error vector rms norm 1.148598e-04
History size 10
alpha m=-1 occupations
   1.0000   1.0000
alpha m=0 occupations
   1.0000   1.0000   1.0000   1.0000   1.0000   1.0000
alpha m=1 occupations
   1.0000   1.0000   1.0000
alpha m=2 occupations
   1.0000
beta m=-1 occupations
   1.0000
beta m=0 occupations
   1.0000   1.0000   1.0000
beta m=1 occupations
   1.0000
EDIIS+DIIS step
Evaluated energy -458.0914531347 (change from lowest 5.241007e-04)
Density matrix difference 4.765443e-04 between lowest-energy and newest entry


Iteration 12: 12 Fock evaluations energy -458.0919772354 change  0.000000e+00 DIIS error vector rms norm 1.148598e-04
History size 10
alpha m=-1 occupations
   1.0000   1.0000
alpha m=0 occupations
   1.0000   1.0000   1.0000   1.0000   1.0000   1.0000
alpha m=1 occupations
   1.0000   1.0000   1.0000
alpha m=2 occupations
   1.0000
beta m=-1 occupations
   1.0000
beta m=0 occupations
   1.0000   1.0000   1.0000
beta m=1 occupations
   1.0000
Switching to optimal damping for next iterations
EDIIS+DIIS step
Evaluated energy -458.0913524570 (change from lowest 6.247784e-04)
Density matrix difference 5.682177e-04 between lowest-energy and newest entry


Iteration 13: 13 Fock evaluations energy -458.0919772354 change  0.000000e+00 DIIS error vector rms norm 1.148598e-04
History size 10
alpha m=-1 occupations
   1.0000   1.0000
alpha m=0 occupations
   1.0000   1.0000   1.0000   1.0000   1.0000   1.0000
alpha m=1 occupations
   1.0000   1.0000   1.0000
alpha m=2 occupations
   1.0000
beta m=-1 occupations
   1.0000
beta m=0 occupations
   1.0000   1.0000   1.0000
beta m=1 occupations
   1.0000
Switching to optimal damping for next iterations
EDIIS+DIIS step
Evaluated energy -458.0913618722 (change from lowest 6.153632e-04)
Density matrix difference 5.655040e-04 between lowest-energy and newest entry


Iteration 14: 14 Fock evaluations energy -458.0919772354 change  0.000000e+00 DIIS error vector rms norm 1.148598e-04
History size 10
alpha m=-1 occupations
   1.0000   1.0000
alpha m=0 occupations
   1.0000   1.0000   1.0000   1.0000   1.0000   1.0000
alpha m=1 occupations
   1.0000   1.0000   1.0000
alpha m=2 occupations
   1.0000
beta m=-1 occupations
   1.0000
beta m=0 occupations
   1.0000   1.0000   1.0000
beta m=1 occupations
   1.0000
Switching to optimal damping for next iterations
EDIIS+DIIS step
Evaluated energy -458.0916030601 (change from lowest 3.741753e-04)
Density matrix difference 3.669222e-04 between lowest-energy and newest entry


Iteration 15: 15 Fock evaluations energy -458.0919772354 change  0.000000e+00 DIIS error vector rms norm 1.148598e-04
History size 10
alpha m=-1 occupations
   1.0000   1.0000
alpha m=0 occupations
   1.0000   1.0000   1.0000   1.0000   1.0000   1.0000
alpha m=1 occupations
   1.0000   1.0000   1.0000
alpha m=2 occupations
   1.0000
beta m=-1 occupations
   1.0000
beta m=0 occupations
   1.0000   1.0000   1.0000
beta m=1 occupations
   1.0000
Switching to optimal damping for next iterations
EDIIS+DIIS step
Evaluated energy -458.0914945484 (change from lowest 4.826870e-04)
Density matrix difference 4.547011e-04 between lowest-energy and newest entry


Iteration 16: 16 Fock evaluations energy -458.0919772354 change  0.000000e+00 DIIS error vector rms norm 1.148598e-04
History size 10
alpha m=-1 occupations
   1.0000   1.0000
alpha m=0 occupations
   1.0000   1.0000   1.0000   1.0000   1.0000   1.0000
alpha m=1 occupations
   1.0000   1.0000   1.0000
alpha m=2 occupations
   1.0000
beta m=-1 occupations
   1.0000
beta m=0 occupations
   1.0000   1.0000   1.0000
beta m=1 occupations
   1.0000
Switching to optimal damping for next iterations
EDIIS+DIIS step
Evaluated energy -458.0921913224 (change from lowest -2.140870e-04)
Density matrix difference 5.926661e-04 between lowest-energy and newest entry


Iteration 17: 17 Fock evaluations energy -458.0921913224 change -2.140870e-04 DIIS error vector rms norm 1.140819e-04
History size 10
alpha m=-1 occupations
   1.0000   1.0000
alpha m=0 occupations
   1.0000   1.0000   1.0000   1.0000   1.0000   1.0000
alpha m=1 occupations
   1.0000   1.0000   1.0000
alpha m=2 occupations
   1.0000
beta m=-1 occupations
   1.0000
beta m=0 occupations
   1.0000   1.0000   1.0000
beta m=1 occupations
   1.0000
EDIIS+DIIS step
Evaluated energy -458.0922022763 (change from lowest -1.095387e-05)
Density matrix difference 6.560834e-05 between lowest-energy and newest entry


Iteration 18: 18 Fock evaluations energy -458.0922022763 change -1.095387e-05 DIIS error vector rms norm 1.144528e-04
History size 10
alpha m=-1 occupations
   1.0000   1.0000
alpha m=0 occupations
   1.0000   1.0000   1.0000   1.0000   1.0000   1.0000
alpha m=1 occupations
   1.0000   1.0000   1.0000
alpha m=2 occupations
   1.0000
beta m=-1 occupations
   1.0000
beta m=0 occupations
   1.0000   1.0000   1.0000
beta m=1 occupations
   1.0000
EDIIS+DIIS step
Evaluated energy -458.0916506303 (change from lowest 5.516460e-04)
Density matrix difference 4.936158e-04 between lowest-energy and newest entry


Iteration 19: 19 Fock evaluations energy -458.0922022763 change  0.000000e+00 DIIS error vector rms norm 1.144528e-04
History size 10
alpha m=-1 occupations
   1.0000   1.0000
alpha m=0 occupations
   1.0000   1.0000   1.0000   1.0000   1.0000   1.0000
alpha m=1 occupations
   1.0000   1.0000   1.0000
alpha m=2 occupations
   1.0000
beta m=-1 occupations
   1.0000
beta m=0 occupations
   1.0000   1.0000   1.0000
beta m=1 occupations
   1.0000
EDIIS+DIIS step
Evaluated energy -458.0916526760 (change from lowest 5.496003e-04)
Density matrix difference 4.942430e-04 between lowest-energy and newest entry


Iteration 20: 20 Fock evaluations energy -458.0922022763 change  0.000000e+00 DIIS error vector rms norm 1.144528e-04
History size 10
alpha m=-1 occupations
   1.0000   1.0000
alpha m=0 occupations
   1.0000   1.0000   1.0000   1.0000   1.0000   1.0000
alpha m=1 occupations
   1.0000   1.0000   1.0000
alpha m=2 occupations
   1.0000
beta m=-1 occupations
   1.0000
beta m=0 occupations
   1.0000   1.0000   1.0000
beta m=1 occupations
   1.0000
EDIIS+DIIS step
Evaluated energy -458.0916530515 (change from lowest 5.492248e-04)
Density matrix difference 4.959692e-04 between lowest-energy and newest entry


Iteration 21: 21 Fock evaluations energy -458.0922022763 change  0.000000e+00 DIIS error vector rms norm 1.144528e-04
History size 10
alpha m=-1 occupations
   1.0000   1.0000
alpha m=0 occupations
   1.0000   1.0000   1.0000   1.0000   1.0000   1.0000
alpha m=1 occupations
   1.0000   1.0000   1.0000
alpha m=2 occupations
   1.0000
beta m=-1 occupations
   1.0000
beta m=0 occupations
   1.0000   1.0000   1.0000
beta m=1 occupations
   1.0000
EDIIS+DIIS step
Evaluated energy -458.0916509497 (change from lowest 5.513265e-04)
Density matrix difference 4.995718e-04 between lowest-energy and newest entry


Iteration 22: 22 Fock evaluations energy -458.0922022763 change  0.000000e+00 DIIS error vector rms norm 1.144528e-04
History size 10
alpha m=-1 occupations
   1.0000   1.0000
alpha m=0 occupations
   1.0000   1.0000   1.0000   1.0000   1.0000   1.0000
alpha m=1 occupations
   1.0000   1.0000   1.0000
alpha m=2 occupations
   1.0000
beta m=-1 occupations
   1.0000
beta m=0 occupations
   1.0000   1.0000   1.0000
beta m=1 occupations
   1.0000
EDIIS+DIIS step
Evaluated energy -458.0916447819 (change from lowest 5.574944e-04)
Density matrix difference 5.064382e-04 between lowest-energy and newest entry


Iteration 23: 23 Fock evaluations energy -458.0922022763 change  0.000000e+00 DIIS error vector rms norm 1.144528e-04
History size 10
alpha m=-1 occupations
   1.0000   1.0000
alpha m=0 occupations
   1.0000   1.0000   1.0000   1.0000   1.0000   1.0000
alpha m=1 occupations
   1.0000   1.0000   1.0000
alpha m=2 occupations
   1.0000
beta m=-1 occupations
   1.0000
beta m=0 occupations
   1.0000   1.0000   1.0000
beta m=1 occupations
   1.0000
Switching to optimal damping for next iterations
EDIIS+DIIS step
Evaluated energy -458.0918059100 (change from lowest 3.963663e-04)
Density matrix difference 3.703484e-04 between lowest-energy and newest entry


Iteration 24: 24 Fock evaluations energy -458.0922022763 change  0.000000e+00 DIIS error vector rms norm 1.144528e-04
History size 10
alpha m=-1 occupations
   1.0000   1.0000
alpha m=0 occupations
   1.0000   1.0000   1.0000   1.0000   1.0000   1.0000
alpha m=1 occupations
   1.0000   1.0000   1.0000
alpha m=2 occupations
   1.0000
beta m=-1 occupations
   1.0000
beta m=0 occupations
   1.0000   1.0000   1.0000
beta m=1 occupations
   1.0000
Switching to optimal damping for next iterations
EDIIS+DIIS step
Evaluated energy -458.0920612705 (change from lowest 1.410057e-04)
Density matrix difference 1.526793e-04 between lowest-energy and newest entry


Iteration 25: 25 Fock evaluations energy -458.0922022763 change  0.000000e+00 DIIS error vector rms norm 1.144528e-04
History size 10
alpha m=-1 occupations
   1.0000   1.0000
alpha m=0 occupations
   1.0000   1.0000   1.0000   1.0000   1.0000   1.0000
alpha m=1 occupations
   1.0000   1.0000   1.0000
alpha m=2 occupations
   1.0000
beta m=-1 occupations
   1.0000
beta m=0 occupations
   1.0000   1.0000   1.0000
beta m=1 occupations
   1.0000
Switching to optimal damping for next iterations
EDIIS+DIIS step
Evaluated energy -458.0920120411 (change from lowest 1.902352e-04)
Density matrix difference 1.934574e-04 between lowest-energy and newest entry


Iteration 26: 26 Fock evaluations energy -458.0922022763 change  0.000000e+00 DIIS error vector rms norm 1.144528e-04
History size 10
alpha m=-1 occupations
   1.0000   1.0000
alpha m=0 occupations
   1.0000   1.0000   1.0000   1.0000   1.0000   1.0000
alpha m=1 occupations
   1.0000   1.0000   1.0000
alpha m=2 occupations
   1.0000
beta m=-1 occupations
   1.0000
beta m=0 occupations
   1.0000   1.0000   1.0000
beta m=1 occupations
   1.0000
Switching to optimal damping for next iterations
EDIIS+DIIS step
Evaluated energy -458.0921921343 (change from lowest 1.014197e-05)
Density matrix difference 5.199179e-05 between lowest-energy and newest entry


Iteration 27: 27 Fock evaluations energy -458.0922022763 change  0.000000e+00 DIIS error vector rms norm 1.144528e-04
History size 10
alpha m=-1 occupations
   1.0000   1.0000
alpha m=0 occupations
   1.0000   1.0000   1.0000   1.0000   1.0000   1.0000
alpha m=1 occupations
   1.0000   1.0000   1.0000
alpha m=2 occupations
   1.0000
beta m=-1 occupations
   1.0000
beta m=0 occupations
   1.0000   1.0000   1.0000
beta m=1 occupations
   1.0000
Switching to optimal damping for next iterations
EDIIS+DIIS step
Evaluated energy -458.0921591943 (change from lowest 4.308200e-05)
Density matrix difference 7.424769e-05 between lowest-energy and newest entry


Iteration 28: 28 Fock evaluations energy -458.0922022763 change  0.000000e+00 DIIS error vector rms norm 1.144528e-04
History size 10
alpha m=-1 occupations
   1.0000   1.0000
alpha m=0 occupations
   1.0000   1.0000   1.0000   1.0000   1.0000   1.0000
alpha m=1 occupations
   1.0000   1.0000   1.0000
alpha m=2 occupations
   1.0000
beta m=-1 occupations
   1.0000
beta m=0 occupations
   1.0000   1.0000   1.0000
beta m=1 occupations
   1.0000
Switching to optimal damping for next iterations
EDIIS+DIIS step
Evaluated energy -458.0921532846 (change from lowest 4.899167e-05)
Density matrix difference 7.876736e-05 between lowest-energy and newest entry


Iteration 29: 29 Fock evaluations energy -458.0922022763 change  0.000000e+00 DIIS error vector rms norm 1.144528e-04
History size 10
alpha m=-1 occupations
   1.0000   1.0000
alpha m=0 occupations
   1.0000   1.0000   1.0000   1.0000   1.0000   1.0000
alpha m=1 occupations
   1.0000   1.0000   1.0000
alpha m=2 occupations
   1.0000
beta m=-1 occupations
   1.0000
beta m=0 occupations
   1.0000   1.0000   1.0000
beta m=1 occupations
   1.0000
Switching to optimal damping for next iterations
EDIIS+DIIS step
Evaluated energy -458.0922539942 (change from lowest -5.171797e-05)
Density matrix difference 8.804853e-05 between lowest-energy and newest entry


Iteration 30: 30 Fock evaluations energy -458.0922539942 change -5.171797e-05 DIIS error vector rms norm 1.145908e-04
History size 10
alpha m=-1 occupations
   1.0000   1.0000
alpha m=0 occupations
   1.0000   1.0000   1.0000   1.0000   1.0000   1.0000
alpha m=1 occupations
   1.0000   1.0000   1.0000
alpha m=2 occupations
   1.0000
beta m=-1 occupations
   1.0000
beta m=0 occupations
   1.0000   1.0000   1.0000
beta m=1 occupations
   1.0000
EDIIS+DIIS step
Evaluated energy -458.0922363584 (change from lowest 1.763581e-05)
Density matrix difference 2.091952e-05 between lowest-energy and newest entry


Iteration 31: 31 Fock evaluations energy -458.0922539942 change  0.000000e+00 DIIS error vector rms norm 1.145908e-04
History size 10
alpha m=-1 occupations
   1.0000   1.0000
alpha m=0 occupations
   1.0000   1.0000   1.0000   1.0000   1.0000   1.0000
alpha m=1 occupations
   1.0000   1.0000   1.0000
alpha m=2 occupations
   1.0000
beta m=-1 occupations
   1.0000
beta m=0 occupations
   1.0000   1.0000   1.0000
beta m=1 occupations
   1.0000
EDIIS+DIIS step
Evaluated energy -458.0923830679 (change from lowest -1.290737e-04)
Density matrix difference 1.242382e-04 between lowest-energy and newest entry


Iteration 32: 32 Fock evaluations energy -458.0923830679 change -1.290737e-04 DIIS error vector rms norm 1.153019e-04
History size 10
alpha m=-1 occupations
   1.0000   1.0000
alpha m=0 occupations
   1.0000   1.0000   1.0000   1.0000   1.0000   1.0000
alpha m=1 occupations
   1.0000   1.0000   1.0000
alpha m=2 occupations
   1.0000
beta m=-1 occupations
   1.0000
beta m=0 occupations
   1.0000   1.0000   1.0000
beta m=1 occupations
   1.0000
EDIIS+DIIS step
Evaluated energy -458.0925710115 (change from lowest -1.879436e-04)
Density matrix difference 1.593968e-04 between lowest-energy and newest entry


Iteration 33: 33 Fock evaluations energy -458.0925710115 change -1.879436e-04 DIIS error vector rms norm 1.162615e-04
History size 10
alpha m=-1 occupations
   1.0000   1.0000
alpha m=0 occupations
   1.0000   1.0000   1.0000   1.0000   1.0000   1.0000
alpha m=1 occupations
   1.0000   1.0000   1.0000
alpha m=2 occupations
   1.0000
beta m=-1 occupations
   1.0000
beta m=0 occupations
   1.0000   1.0000   1.0000
beta m=1 occupations
   1.0000
EDIIS+DIIS step
Evaluated energy -458.0928161139 (change from lowest -2.451024e-04)
Density matrix difference 2.070410e-04 between lowest-energy and newest entry


Iteration 34: 34 Fock evaluations energy -458.0928161139 change -2.451024e-04 DIIS error vector rms norm 1.175133e-04
History size 10
alpha m=-1 occupations
   1.0000   1.0000
alpha m=0 occupations
   1.0000   1.0000   1.0000   1.0000   1.0000   1.0000
alpha m=1 occupations
   1.0000   1.0000   1.0000
alpha m=2 occupations
   1.0000
beta m=-1 occupations
   1.0000
beta m=0 occupations
   1.0000   1.0000   1.0000
beta m=1 occupations
   1.0000
EDIIS+DIIS step
Evaluated energy -458.0926426900 (change from lowest 1.734239e-04)
Density matrix difference 1.514884e-04 between lowest-energy and newest entry


Iteration 35: 35 Fock evaluations energy -458.0928161139 change  0.000000e+00 DIIS error vector rms norm 1.175133e-04
History size 10
alpha m=-1 occupations
   1.0000   1.0000
alpha m=0 occupations
   1.0000   1.0000   1.0000   1.0000   1.0000   1.0000
alpha m=1 occupations
   1.0000   1.0000   1.0000
alpha m=2 occupations
   1.0000
beta m=-1 occupations
   1.0000
beta m=0 occupations
   1.0000   1.0000   1.0000
beta m=1 occupations
   1.0000
EDIIS+DIIS step
Evaluated energy -458.0926113629 (change from lowest 2.047510e-04)
Density matrix difference 1.764952e-04 between lowest-energy and newest entry


Iteration 36: 36 Fock evaluations energy -458.0928161139 change  0.000000e+00 DIIS error vector rms norm 1.175133e-04
History size 10
alpha m=-1 occupations
   1.0000   1.0000
alpha m=0 occupations
   1.0000   1.0000   1.0000   1.0000   1.0000   1.0000
alpha m=1 occupations
   1.0000   1.0000   1.0000
alpha m=2 occupations
   1.0000
beta m=-1 occupations
   1.0000
beta m=0 occupations
   1.0000   1.0000   1.0000
beta m=1 occupations
   1.0000
EDIIS+DIIS step
Evaluated energy -458.0928182310 (change from lowest -2.117030e-06)
Density matrix difference 1.801759e-04 between lowest-energy and newest entry


Iteration 37: 37 Fock evaluations energy -458.0928182310 change -2.117030e-06 DIIS error vector rms norm 1.175430e-04
History size 10
alpha m=-1 occupations
   1.0000   1.0000
alpha m=0 occupations
   1.0000   1.0000   1.0000   1.0000   1.0000   1.0000
alpha m=1 occupations
   1.0000   1.0000   1.0000
alpha m=2 occupations
   1.0000
beta m=-1 occupations
   1.0000
beta m=0 occupations
   1.0000   1.0000   1.0000
beta m=1 occupations
   1.0000
EDIIS+DIIS step
Evaluated energy -458.0926970682 (change from lowest 1.211628e-04)
Density matrix difference 1.064004e-04 between lowest-energy and newest entry


Iteration 38: 38 Fock evaluations energy -458.0928182310 change  0.000000e+00 DIIS error vector rms norm 1.175430e-04
History size 10
alpha m=-1 occupations
   1.0000   1.0000
alpha m=0 occupations
   1.0000   1.0000   1.0000   1.0000   1.0000   1.0000
alpha m=1 occupations
   1.0000   1.0000   1.0000
alpha m=2 occupations
   1.0000
beta m=-1 occupations
   1.0000
beta m=0 occupations
   1.0000   1.0000   1.0000
beta m=1 occupations
   1.0000
EDIIS+DIIS step
Evaluated energy -458.0928915302 (change from lowest -7.329922e-05)
Density matrix difference 1.692984e-04 between lowest-energy and newest entry


Iteration 39: 39 Fock evaluations energy -458.0928915302 change -7.329922e-05 DIIS error vector rms norm 1.179365e-04
History size 10
alpha m=-1 occupations
   1.0000   1.0000
alpha m=0 occupations
   1.0000   1.0000   1.0000   1.0000   1.0000   1.0000
alpha m=1 occupations
   1.0000   1.0000   1.0000
alpha m=2 occupations
   1.0000
beta m=-1 occupations
   1.0000
beta m=0 occupations
   1.0000   1.0000   1.0000
beta m=1 occupations
   1.0000
EDIIS+DIIS step
Evaluated energy -458.0930796925 (change from lowest -1.881623e-04)
Density matrix difference 1.614641e-04 between lowest-energy and newest entry


Iteration 40: 40 Fock evaluations energy -458.0930796925 change -1.881623e-04 DIIS error vector rms norm 1.189000e-04
History size 10
alpha m=-1 occupations
   1.0000   1.0000
alpha m=0 occupations
   1.0000   1.0000   1.0000   1.0000   1.0000   1.0000
alpha m=1 occupations
   1.0000   1.0000   1.0000
alpha m=2 occupations
   1.0000
beta m=-1 occupations
   1.0000
beta m=0 occupations
   1.0000   1.0000   1.0000
beta m=1 occupations
   1.0000
EDIIS+DIIS step
Evaluated energy -458.0930679797 (change from lowest 1.171282e-05)
Density matrix difference 1.222496e-05 between lowest-energy and newest entry


Iteration 41: 41 Fock evaluations energy -458.0930796925 change  0.000000e+00 DIIS error vector rms norm 1.189000e-04
History size 10
alpha m=-1 occupations
   1.0000   1.0000
alpha m=0 occupations
   1.0000   1.0000   1.0000   1.0000   1.0000   1.0000
alpha m=1 occupations
   1.0000   1.0000   1.0000
alpha m=2 occupations
   1.0000
beta m=-1 occupations
   1.0000
beta m=0 occupations
   1.0000   1.0000   1.0000
beta m=1 occupations
   1.0000
EDIIS+DIIS step
Evaluated energy -458.0933842962 (change from lowest -3.046037e-04)
Density matrix difference 2.640281e-04 between lowest-energy and newest entry


Iteration 42: 42 Fock evaluations energy -458.0933842962 change -3.046037e-04 DIIS error vector rms norm 1.204200e-04
History size 10
alpha m=-1 occupations
   1.0000   1.0000
alpha m=0 occupations
   1.0000   1.0000   1.0000   1.0000   1.0000   1.0000
alpha m=1 occupations
   1.0000   1.0000   1.0000
alpha m=2 occupations
   1.0000
beta m=-1 occupations
   1.0000
beta m=0 occupations
   1.0000   1.0000   1.0000
beta m=1 occupations
   1.0000
EDIIS+DIIS step
Evaluated energy -458.0932208871 (change from lowest 1.634091e-04)
Density matrix difference 1.432643e-04 between lowest-energy and newest entry


Iteration 43: 43 Fock evaluations energy -458.0933842962 change  0.000000e+00 DIIS error vector rms norm 1.204200e-04
History size 10
alpha m=-1 occupations
   1.0000   1.0000
alpha m=0 occupations
   1.0000   1.0000   1.0000   1.0000   1.0000   1.0000
alpha m=1 occupations
   1.0000   1.0000   1.0000
alpha m=2 occupations
   1.0000
beta m=-1 occupations
   1.0000
beta m=0 occupations
   1.0000   1.0000   1.0000
beta m=1 occupations
   1.0000
EDIIS+DIIS step
Evaluated energy -458.0932770624 (change from lowest 1.072338e-04)
Density matrix difference 9.426497e-05 between lowest-energy and newest entry


Iteration 44: 44 Fock evaluations energy -458.0933842962 change  0.000000e+00 DIIS error vector rms norm 1.204200e-04
History size 10
alpha m=-1 occupations
   1.0000   1.0000
alpha m=0 occupations
   1.0000   1.0000   1.0000   1.0000   1.0000   1.0000
alpha m=1 occupations
   1.0000   1.0000   1.0000
alpha m=2 occupations
   1.0000
beta m=-1 occupations
   1.0000
beta m=0 occupations
   1.0000   1.0000   1.0000
beta m=1 occupations
   1.0000
EDIIS+DIIS step
Evaluated energy -458.0931440226 (change from lowest 2.402736e-04)
Density matrix difference 2.070267e-04 between lowest-energy and newest entry


Iteration 45: 45 Fock evaluations energy -458.0933842962 change  0.000000e+00 DIIS error vector rms norm 1.204200e-04
History size 10
alpha m=-1 occupations
   1.0000   1.0000
alpha m=0 occupations
   1.0000   1.0000   1.0000   1.0000   1.0000   1.0000
alpha m=1 occupations
   1.0000   1.0000   1.0000
alpha m=2 occupations
   1.0000
beta m=-1 occupations
   1.0000
beta m=0 occupations
   1.0000   1.0000   1.0000
beta m=1 occupations
   1.0000
EDIIS+DIIS step
Evaluated energy -458.0933938287 (change from lowest -9.532477e-06)
Density matrix difference 2.157917e-04 between lowest-energy and newest entry


Iteration 46: 46 Fock evaluations energy -458.0933938287 change -9.532477e-06 DIIS error vector rms norm 1.204750e-04
History size 10
alpha m=-1 occupations
   1.0000   1.0000
alpha m=0 occupations
   1.0000   1.0000   1.0000   1.0000   1.0000   1.0000
alpha m=1 occupations
   1.0000   1.0000   1.0000
alpha m=2 occupations
   1.0000
beta m=-1 occupations
   1.0000
beta m=0 occupations
   1.0000   1.0000   1.0000
beta m=1 occupations
   1.0000
EDIIS+DIIS step
Evaluated energy -458.0936642599 (change from lowest -2.704312e-04)
Density matrix difference 2.285601e-04 between lowest-energy and newest entry


Iteration 47: 47 Fock evaluations energy -458.0936642599 change -2.704312e-04 DIIS error vector rms norm 1.217991e-04
History size 10
alpha m=-1 occupations
   1.0000   1.0000
alpha m=0 occupations
   1.0000   1.0000   1.0000   1.0000   1.0000   1.0000
alpha m=1 occupations
   1.0000   1.0000   1.0000
alpha m=2 occupations
   1.0000
beta m=-1 occupations
   1.0000
beta m=0 occupations
   1.0000   1.0000   1.0000
beta m=1 occupations
   1.0000
EDIIS+DIIS step
Evaluated energy -458.0934367828 (change from lowest 2.274771e-04)
Density matrix difference 1.971304e-04 between lowest-energy and newest entry


Iteration 48: 48 Fock evaluations energy -458.0936642599 change  0.000000e+00 DIIS error vector rms norm 1.217991e-04
History size 10
alpha m=-1 occupations
   1.0000   1.0000
alpha m=0 occupations
   1.0000   1.0000   1.0000   1.0000   1.0000   1.0000
alpha m=1 occupations
   1.0000   1.0000   1.0000
alpha m=2 occupations
   1.0000
beta m=-1 occupations
   1.0000
beta m=0 occupations
   1.0000   1.0000   1.0000
beta m=1 occupations
   1.0000
EDIIS+DIIS step
Evaluated energy -458.0939811710 (change from lowest -3.169111e-04)
Density matrix difference 4.591586e-04 between lowest-energy and newest entry


Iteration 49: 49 Fock evaluations energy -458.0939811710 change -3.169111e-04 DIIS error vector rms norm 1.233322e-04
History size 10
alpha m=-1 occupations
   1.0000   1.0000
alpha m=0 occupations
   1.0000   1.0000   1.0000   1.0000   1.0000   1.0000
alpha m=1 occupations
   1.0000   1.0000   1.0000
alpha m=2 occupations
   1.0000
beta m=-1 occupations
   1.0000
beta m=0 occupations
   1.0000   1.0000   1.0000
beta m=1 occupations
   1.0000
EDIIS+DIIS step
Evaluated energy -458.0936254274 (change from lowest 3.557437e-04)
Density matrix difference 3.057273e-04 between lowest-energy and newest entry


Iteration 50: 50 Fock evaluations energy -458.0939811710 change  0.000000e+00 DIIS error vector rms norm 1.233322e-04
History size 10
alpha m=-1 occupations
   1.0000   1.0000
alpha m=0 occupations
   1.0000   1.0000   1.0000   1.0000   1.0000   1.0000
alpha m=1 occupations
   1.0000   1.0000   1.0000
alpha m=2 occupations
   1.0000
beta m=-1 occupations
   1.0000
beta m=0 occupations
   1.0000   1.0000   1.0000
beta m=1 occupations
   1.0000
EDIIS+DIIS step
Evaluated energy -458.0937539015 (change from lowest 2.272696e-04)
Density matrix difference 1.980453e-04 between lowest-energy and newest entry

Running program took 55 min 53.98 s.
