ERKALE - HF/DFT from Hel, OpenMP version, running on 8 cores.
(c) Susi Lehtola, 2010-2016.

This program is free software; you can redistribute it and/or modify
it under the terms of the GNU General Public License as published by
the Free Software Foundation; either version 2 of the License, or
(at your option) any later version.

Running on host silver.

Current time is Fri 13 Mar 2026 10:58:36.

Current Settings used by ERKALE:
     AtomGuess      	                Auto	Method used for atomic guess (Auto for same as method)
     Basis          	             cc-pVTZ	Basis set used in calculation
     BasisCutoff    	           1.000e-08	Cutoff for dropping out small primitives from contraction
     BasisOrth      	                Auto	Method of orthonormalization of basis set
     BasisRotate    	               false	Rotate basis set to remove redundant functions?
     Charge         	                   0	Total charge of system
     CholDepThresh  	           1.000e-07	Partial Cholesky decomposition threshold
     Cholesky       	                true	Use Cholesky decomposition?
     CholeskyMode   	                   0	Save/load integrals? 0 no, 1 save, -1 load
     CholeskyNAFThr 	           0.000e+00	Cholesky natural auxiliary function threshold
     CholeskyShThr  	           1.000e-02	Cholesky cache threshold
     CholeskyThr    	           1.000e-07	Cholesky decomposition threshold
     Complexbas     	                true	Use complex basis?
     Confinement    	         0.0 0.0 0.0	Confinement potential V(r) = V_i x_i^2
     ConvThr        	           1.000e-06	Orbital gradient convergence threshold
     DFTBasisThr    	           1.000e-10	Threshold for screening basis functions on grid
     DFTCpars       	                    	Override parameters of correlation functional (expert)
     DFTDelta       	           1.000e+02	Switch to final DFT grid has converged within factor X
     DFTDensityThr  	           1.000e-10	Threshold for screening density on grid
     DFTFinalTol    	           1.000e-05	Tolerance of final DFT grid
     DFTGrid        	             75 -302	DFT integration grid to use: nrad lmax or Auto for adaptive
     DFTInitialTol  	           1.000e-04	Tolerance of initial DFT grid
     DFTLobatto     	               false	Use Lobatto quadrature instead of Lebedev quadrature?
     DFTQuadThresh  	           2.220e-16	Threshold for pruning points with small quadrature weight
     DFTXpars       	                    	Override parameters of exchange functional (expert)
     DIISComb       	               false	Combine alpha and beta errors in unrestricted calcs?
     DIISEps        	           1.000e-01	Start mixing in DIIS when error is
     DIISOrder      	                  10	How many DIIS iterations to keep in memory?
     DIISThr        	           1.000e-02	DIIS error threshold for DIIS updates
     DecFock        	               false	Use decontracted basis to calculate Fock matrix (direct HF)
     Decontract     	                   *	Indices of atoms to decontract basis set for
     DensityFitting 	               false	Use density fitting / RI?
     Direct         	               false	Calculate two-electron integrals (or density fitting) on-the-fly?
     EField         	         0.0 0.0 0.0	Electric field
     ErrorNorm      	                 rms	Error norm to use in the SCF code
     FittingBasis   	                Auto	Basis to use for density fitting / RI (Auto for automatic)
     FittingCholeskyThreshold	           1.000e-08	Linear dependence threshold for pivoted Cholesky of Coulomb integrals in density fitting
     FittingMemory  	                1000	Amount of memory in MB to use for exchange fitting
     FittingThreshold	           1.000e-07	Linear dependence threshold for Coulomb integrals in density fitting
     Guess          	                core	Used guess: SAD (default), SADNO, core, GWH, SAP, or SAPfit
     InitConvThr    	           1.000e-05	Initialization convergence threshold
     InputBohr      	               false	Use atomic units as input units instead of angstrom?
     IntegralThresh 	           1.000e-10	Integral screening threshold
     Kgwh           	           1.750e+00	Scaling constant for GWH
     LinDepThresh   	           1.000e-05	Basis set linear dependency threshold
     LinearB        	           1.200e-01	Magnetic field along bond axis
     LinearFreeze   	               false	If using linear symmetry, freeze symmetry to input guess
     LinearOccupationFile	     ../../Cl_8.occs	File to read linear occupations from
     LinearOccupations	                  -1	Read in occupations for linear molecule calculations?
     LinearSymmetry 	                true	Do special calculation on linear molecule along z axis
     LoadChk        	                    	Checkpoint file to load from
     Logfile        	          erkale.log	File to print out full information, stdout for screen
     MaxInitIter    	                 100	Maximum number of iterations in the stepwise solutions
     MaxIter        	                 100	Maximum number of iterations in SCF cycle
     Method         	                  HF	Method used in calculation (HF or a DFT functional)
     Multiplicity   	                   8	Spin multiplicity
     NLGrid         	             50 -194	Integration grid to use for nonlocal correlation: nrad lmax
     Occupancies    	                    	Orbital occupancies
     OptLM          	               false	If spherical harmonics used, use cartesian s and p functions?
     PZ             	               false	Perform Perdew-Zunger self-interaction correction?
     PZEthr         	           1.000e-10	Threshold for energy convergence
     PZIthr         	           1.000e-02	Threshold for initialization convergence (not too small!)
     PZNRthr        	           0.000e+00	Threshold for use of NR method in OO optimization
     PZOOthr        	           1.000e-04	Gradient threshold for OO optimization
     PZOVthr        	           1.000e-05	Gradient threshold for OV optimization
     PZimag         	                Auto	Imaginary degrees of freedom in PZ?
     PZiter         	                  20	Max number of iterations in self-consistency iteration
     PZloc          	                Auto	Initial localization before SIC calculation?
     PZlocmet       	                  FB	Initial localization method (recommend FB or IAO)
     PZmode         	                  XC	Apply PZ to the operators (in addition to J): X C D
     PZoo           	                true	Optimize OO block?
     PZov           	                true	Optimize OV block?
     PZprec         	                   1	Precondition OV block? 0: no, 1: unified, 2: orbital
     PZrand         	                true	Apply random rotation in PZ initialization? (Should be true)
     PZscale        	            Constant	Scaling for PZ: Constant, Density or Kinetic
     PZscaleExp     	           1.000e+00	Exponent in the dynamic scaling equation
     PZseed         	                   0	Seed number for randomized matrices?
     PZstab         	                   0	Stability analysis for PZ-SIC? 1 or -1 for OO, 2 or -2 for OO+OV
     PZstabThr      	           1.000e-03	Instability threshold (interpreted as -thr)
     PZw            	           1.000e+00	Weight for Perdew-Zunger self-interaction correction
     Restricted     	               false	Spin restricted?
     SAPBasis       	    helfem_large.gbs	Tabulated atomic effective potential "basis set"
     SAPGrid        	                    	SAP integration grid to use: nrad lmax or leave empty
     SaveChk        	   complex_basis.chk	Checkpoint file to save to
     Shift          	           0.000e+00	Level shift to use in Hartree
     System         	        ../atoms.xyz	System as an xyz file
     TRRHminS       	           9.750e-01	Trust-Region Roothaan-Hall minimal occupied orbital overlap
     UseADIIS       	                true	Use ADIIS for Fock matrix interpolation?
     UseBroyden     	               false	Use Broyden mixing of Fock matrices?
     UseDIIS        	                true	Use Pulay's Direct Inversion in the Iterative Subspace?
     UseLM          	                true	Use a spherical harmonics basis set by default?
     UseTRRH        	               false	Use Trust-Region Roothaan-Hall?
     VV10           	                Auto	Use VV10 non-local correlation?
     VV10Pars       	                    	VV10 parameters: b C
     Verbose        	                true	Verbose calculation?
     Verbosity      	                   5	Verboseness level

Basis set cc-pVTZ found in file cc-pVTZ.gbs in /home/lehtola/programs/erkale/basis/.
Basis set helfem_large.gbs found in file helfem_large.gbs in /home/lehtola/programs/erkale/basis/.
Screening by shell pairs and symmetry reduced dofs by factor 1.97.
Individual screening reduced dofs by a total factor 1.97.
Computing Cholesky vectors. Estimated memory size is 2 Mi - 7 Mi.
Cholesky vectors no     0 -     0 computed, error is 9.637681e+01 (0.00 s).
Cholesky vectors no     1 -     1 computed, error is 3.555344e+01 (0.00 s).
Cholesky vectors no     2 -     2 computed, error is 1.310548e+01 (0.00 s).
Cholesky vectors no     3 -     8 computed, error is 5.015843e+00 (0.00 s).
Cholesky vectors no     9 -    11 computed, error is 4.718478e+00 (0.00 s).
Cholesky vectors no    12 -    12 computed, error is 3.803486e+00 (0.00 s).
Cholesky vectors no    13 -    18 computed, error is 1.347243e+00 (0.00 s).
Cholesky vectors no    19 -    21 computed, error is 1.083655e+00 (0.00 s).
Cholesky vectors no    22 -    22 computed, error is 1.081438e+00 (0.00 s).
Cholesky vectors no    23 -    28 computed, error is 9.538501e-01 (0.00 s).
Cholesky vectors no    29 -    34 computed, error is 5.882904e-01 (0.00 s).
Cholesky vectors no    35 -    35 computed, error is 5.550512e-01 (0.00 s).
Cholesky vectors no    36 -    38 computed, error is 4.316932e-01 (0.00 s).
Cholesky vectors no    39 -    53 computed, error is 3.466844e-01 (0.00 s).
Cholesky vectors no    54 -    56 computed, error is 2.046669e-01 (0.00 s).
Cholesky vectors no    57 -    59 computed, error is 1.278227e-01 (0.00 s).
Cholesky vectors no    60 -    65 computed, error is 1.143100e-01 (0.00 s).
Cholesky vectors no    66 -    75 computed, error is 1.054459e-01 (0.00 s).
Cholesky vectors no    76 -    81 computed, error is 6.540330e-02 (0.00 s).
Cholesky vectors no    82 -    84 computed, error is 6.449096e-02 (0.00 s).
Cholesky vectors no    85 -    85 computed, error is 5.465808e-02 (0.00 s).
Cholesky vectors no    86 -    91 computed, error is 4.533745e-02 (0.00 s).
Cholesky vectors no    92 -    94 computed, error is 4.361234e-02 (0.00 s).
Cholesky vectors no    95 -   104 computed, error is 3.044493e-02 (0.00 s).
Cholesky vectors no   105 -   132 computed, error is 2.621294e-02 (0.00 s).
Cholesky vectors no   133 -   138 computed, error is 1.679044e-02 (0.00 s).
Cholesky vectors no   139 -   141 computed, error is 1.469197e-02 (0.00 s).
Cholesky vectors no   142 -   162 computed, error is 9.330886e-03 (0.00 s).
Cholesky vectors no   163 -   165 computed, error is 6.754786e-03 (0.00 s).
Cholesky vectors no   166 -   166 computed, error is 4.784197e-03 (0.00 s).
Cholesky vectors no   167 -   169 computed, error is 4.168966e-03 (0.00 s).
Cholesky vectors no   170 -   184 computed, error is 3.756799e-03 (0.00 s).
Cholesky vectors no   185 -   205 computed, error is 2.872835e-03 (0.00 s).
Cholesky vectors no   206 -   211 computed, error is 1.812861e-03 (0.00 s).
Cholesky vectors no   212 -   214 computed, error is 1.225262e-03 (0.00 s).
Cholesky vectors no   215 -   222 computed, error is 8.886146e-04 (0.00 s).
Cholesky vectors no   223 -   223 computed, error is 5.578964e-04 (0.00 s).
Cholesky vectors no   224 -   229 computed, error is 5.091017e-04 (0.00 s).
Cholesky vectors no   230 -   232 computed, error is 3.693879e-04 (0.00 s).
Cholesky vectors no   233 -   238 computed, error is 2.699563e-04 (0.00 s).
Cholesky vectors no   239 -   248 computed, error is 1.455955e-04 (0.00 s).
Cholesky vectors no   249 -   262 computed, error is 1.426739e-04 (0.00 s).
Cholesky vectors no   263 -   263 computed, error is 1.102376e-04 (0.00 s).
Cholesky vectors no   264 -   264 computed, error is 1.020070e-04 (0.00 s).
Cholesky vectors no   265 -   267 computed, error is 7.277215e-05 (0.00 s).
Cholesky vectors no   268 -   270 computed, error is 7.016679e-05 (0.00 s).
Cholesky vectors no   271 -   273 computed, error is 5.493154e-05 (0.00 s).
Cholesky vectors no   274 -   279 computed, error is 5.279387e-05 (0.00 s).
Cholesky vectors no   280 -   286 computed, error is 3.515864e-05 (0.00 s).
Cholesky vectors no   287 -   289 computed, error is 1.840106e-05 (0.00 s).
Cholesky vectors no   290 -   290 computed, error is 1.702875e-05 (0.00 s).
Cholesky vectors no   291 -   299 computed, error is 7.101305e-06 (0.00 s).
Cholesky vectors no   300 -   300 computed, error is 6.847774e-06 (0.00 s).
Cholesky vectors no   301 -   306 computed, error is 5.531841e-06 (0.00 s).
Cholesky vectors no   307 -   320 computed, error is 4.982410e-06 (0.00 s).
Cholesky vectors no   321 -   327 computed, error is 4.415239e-06 (0.00 s).
Cholesky vectors no   328 -   328 computed, error is 3.770133e-06 (0.00 s).
Cholesky vectors no   329 -   338 computed, error is 3.090489e-06 (0.00 s).
Cholesky vectors no   339 -   344 computed, error is 2.393972e-06 (0.00 s).
Cholesky vectors no   345 -   347 computed, error is 1.789147e-06 (0.00 s).
Cholesky vectors no   348 -   353 computed, error is 1.293091e-06 (0.00 s).
Cholesky vectors no   354 -   356 computed, error is 1.076078e-06 (0.00 s).
Cholesky vectors no   357 -   359 computed, error is 8.608593e-07 (0.00 s).
Cholesky vectors no   360 -   368 computed, error is 5.964687e-07 (0.00 s).
Cholesky vectors no   369 -   382 computed, error is 4.294511e-07 (0.00 s).
Cholesky vectors no   383 -   383 computed, error is 3.181607e-07 (0.00 s).
Cholesky vectors no   384 -   386 computed, error is 2.540472e-07 (0.00 s).
Cholesky vectors no   387 -   393 computed, error is 1.243164e-07 (0.00 s).
Cholesky vectors no   394 -   399 computed, error is 1.196751e-07 (0.00 s).
Cholesky vectors no   400 -   406 computed, error is 1.107111e-07 (0.00 s).
Cholesky vectors no   407 -   407 computed, error is 4.103586e-08 (0.00 s).
Cholesky decomposition finished in 0.06 s. Realized memory size is 6 Mi 742 ki.
Time use: integrals 14.9 %, linear algebra 85.1 %.
377 shell pairs and 1 nuclei
SAP potential formed in 0.001 s.
Smallest eigenvalue of overlap matrix is 1.00e+00, reciprocal condition number is 1.00e+00.
Using symmetric orthogonalization.
Smallest eigenvalue of overlap matrix is 4.03e-01, reciprocal condition number is 2.52e-01.
Using symmetric orthogonalization.
Smallest eigenvalue of overlap matrix is 2.11e-02, reciprocal condition number is 6.66e-03.
Using symmetric orthogonalization.
Smallest eigenvalue of overlap matrix is 1.82e-03, reciprocal condition number is 3.85e-04.
Using symmetric orthogonalization.
Smallest eigenvalue of overlap matrix is 2.11e-02, reciprocal condition number is 6.66e-03.
Using symmetric orthogonalization.
Smallest eigenvalue of overlap matrix is 4.03e-01, reciprocal condition number is 2.52e-01.
Using symmetric orthogonalization.
Smallest eigenvalue of overlap matrix is 1.00e+00, reciprocal condition number is 1.00e+00.
Using symmetric orthogonalization.
Nela = 12 Nelb = 5



Solving SCF
Evaluated energy -420.2366168244 (change from lowest -4.202366e+02)


Iteration 1: 1 Fock evaluations energy -420.2366168244 change -4.202366e+02 DIIS error vector rms norm 8.178032e-01
History size 1
alpha m=-1 occupations
   1.0000   1.0000
alpha m=0 occupations
   1.0000   1.0000   1.0000   1.0000   1.0000   1.0000
alpha m=1 occupations
   1.0000   1.0000   1.0000
alpha m=2 occupations
   1.0000
beta m=-1 occupations
   1.0000
beta m=0 occupations
   1.0000   1.0000   1.0000
beta m=1 occupations
   1.0000
EDIIS step
Evaluated energy -452.2504750248 (change from lowest -3.201386e+01)
Density matrix difference 8.871206e-01 between lowest-energy and newest entry


Iteration 2: 2 Fock evaluations energy -452.2504750248 change -3.201386e+01 DIIS error vector rms norm 2.362231e-01
History size 2
alpha m=-1 occupations
   1.0000   1.0000
alpha m=0 occupations
   1.0000   1.0000   1.0000   1.0000   1.0000   1.0000
alpha m=1 occupations
   1.0000   1.0000   1.0000
alpha m=2 occupations
   1.0000
beta m=-1 occupations
   1.0000
beta m=0 occupations
   1.0000   1.0000   1.0000
beta m=1 occupations
   1.0000
EDIIS step
Evaluated energy -457.6623603255 (change from lowest -5.411885e+00)
Density matrix difference 4.259572e-01 between lowest-energy and newest entry


Iteration 3: 3 Fock evaluations energy -457.6623603255 change -5.411885e+00 DIIS error vector rms norm 7.211845e-02
History size 3
alpha m=-1 occupations
   1.0000   1.0000
alpha m=0 occupations
   1.0000   1.0000   1.0000   1.0000   1.0000   1.0000
alpha m=1 occupations
   1.0000   1.0000   1.0000
alpha m=2 occupations
   1.0000
beta m=-1 occupations
   1.0000
beta m=0 occupations
   1.0000   1.0000   1.0000
beta m=1 occupations
   1.0000
EDIIS+DIIS step
Evaluated energy -458.0390109881 (change from lowest -3.766507e-01)
Density matrix difference 1.028533e-01 between lowest-energy and newest entry


Iteration 4: 4 Fock evaluations energy -458.0390109881 change -3.766507e-01 DIIS error vector rms norm 1.008857e-02
History size 4
alpha m=-1 occupations
   1.0000   1.0000
alpha m=0 occupations
   1.0000   1.0000   1.0000   1.0000   1.0000   1.0000
alpha m=1 occupations
   1.0000   1.0000   1.0000
alpha m=2 occupations
   1.0000
beta m=-1 occupations
   1.0000
beta m=0 occupations
   1.0000   1.0000   1.0000
beta m=1 occupations
   1.0000
EDIIS+DIIS step
Evaluated energy -458.0442648021 (change from lowest -5.253814e-03)
Density matrix difference 7.156633e-03 between lowest-energy and newest entry


Iteration 5: 5 Fock evaluations energy -458.0442648021 change -5.253814e-03 DIIS error vector rms norm 5.135721e-04
History size 5
alpha m=-1 occupations
   1.0000   1.0000
alpha m=0 occupations
   1.0000   1.0000   1.0000   1.0000   1.0000   1.0000
alpha m=1 occupations
   1.0000   1.0000   1.0000
alpha m=2 occupations
   1.0000
beta m=-1 occupations
   1.0000
beta m=0 occupations
   1.0000   1.0000   1.0000
beta m=1 occupations
   1.0000
EDIIS+DIIS step
Evaluated energy -458.0443928907 (change from lowest -1.280886e-04)
Density matrix difference 1.565495e-03 between lowest-energy and newest entry


Iteration 6: 6 Fock evaluations energy -458.0443928907 change -1.280886e-04 DIIS error vector rms norm 1.359632e-04
History size 6
alpha m=-1 occupations
   1.0000   1.0000
alpha m=0 occupations
   1.0000   1.0000   1.0000   1.0000   1.0000   1.0000
alpha m=1 occupations
   1.0000   1.0000   1.0000
alpha m=2 occupations
   1.0000
beta m=-1 occupations
   1.0000
beta m=0 occupations
   1.0000   1.0000   1.0000
beta m=1 occupations
   1.0000
EDIIS+DIIS step
Evaluated energy -458.0444726058 (change from lowest -7.971509e-05)
Density matrix difference 7.820205e-04 between lowest-energy and newest entry


Iteration 7: 7 Fock evaluations energy -458.0444726058 change -7.971509e-05 DIIS error vector rms norm 1.283563e-04
History size 7
alpha m=-1 occupations
   1.0000   1.0000
alpha m=0 occupations
   1.0000   1.0000   1.0000   1.0000   1.0000   1.0000
alpha m=1 occupations
   1.0000   1.0000   1.0000
alpha m=2 occupations
   1.0000
beta m=-1 occupations
   1.0000
beta m=0 occupations
   1.0000   1.0000   1.0000
beta m=1 occupations
   1.0000
EDIIS+DIIS step
Evaluated energy -458.0445246850 (change from lowest -5.207912e-05)
Density matrix difference 4.110645e-04 between lowest-energy and newest entry


Iteration 8: 8 Fock evaluations energy -458.0445246850 change -5.207912e-05 DIIS error vector rms norm 1.326270e-04
History size 8
alpha m=-1 occupations
   1.0000   1.0000
alpha m=0 occupations
   1.0000   1.0000   1.0000   1.0000   1.0000   1.0000
alpha m=1 occupations
   1.0000   1.0000   1.0000
alpha m=2 occupations
   1.0000
beta m=-1 occupations
   1.0000
beta m=0 occupations
   1.0000   1.0000   1.0000
beta m=1 occupations
   1.0000
EDIIS+DIIS step
Evaluated energy -458.0445027646 (change from lowest 2.192032e-05)
Density matrix difference 1.717628e-04 between lowest-energy and newest entry


Iteration 9: 9 Fock evaluations energy -458.0445246850 change  0.000000e+00 DIIS error vector rms norm 1.326270e-04
History size 9
alpha m=-1 occupations
   1.0000   1.0000
alpha m=0 occupations
   1.0000   1.0000   1.0000   1.0000   1.0000   1.0000
alpha m=1 occupations
   1.0000   1.0000   1.0000
alpha m=2 occupations
   1.0000
beta m=-1 occupations
   1.0000
beta m=0 occupations
   1.0000   1.0000   1.0000
beta m=1 occupations
   1.0000
EDIIS+DIIS step
Evaluated energy -458.0445042819 (change from lowest 2.040305e-05)
Density matrix difference 1.598923e-04 between lowest-energy and newest entry


Iteration 10: 10 Fock evaluations energy -458.0445246850 change  0.000000e+00 DIIS error vector rms norm 1.326270e-04
History size 10
alpha m=-1 occupations
   1.0000   1.0000
alpha m=0 occupations
   1.0000   1.0000   1.0000   1.0000   1.0000   1.0000
alpha m=1 occupations
   1.0000   1.0000   1.0000
alpha m=2 occupations
   1.0000
beta m=-1 occupations
   1.0000
beta m=0 occupations
   1.0000   1.0000   1.0000
beta m=1 occupations
   1.0000
EDIIS+DIIS step
Evaluated energy -458.0445050021 (change from lowest 1.968290e-05)
Density matrix difference 1.542555e-04 between lowest-energy and newest entry


Iteration 11: 11 Fock evaluations energy -458.0445246850 change  0.000000e+00 DIIS error vector rms norm 1.326270e-04
History size 10
alpha m=-1 occupations
   1.0000   1.0000
alpha m=0 occupations
   1.0000   1.0000   1.0000   1.0000   1.0000   1.0000
alpha m=1 occupations
   1.0000   1.0000   1.0000
alpha m=2 occupations
   1.0000
beta m=-1 occupations
   1.0000
beta m=0 occupations
   1.0000   1.0000   1.0000
beta m=1 occupations
   1.0000
EDIIS+DIIS step
Evaluated energy -458.0445053942 (change from lowest 1.929080e-05)
Density matrix difference 1.511853e-04 between lowest-energy and newest entry


Iteration 12: 12 Fock evaluations energy -458.0445246850 change  0.000000e+00 DIIS error vector rms norm 1.326270e-04
History size 10
alpha m=-1 occupations
   1.0000   1.0000
alpha m=0 occupations
   1.0000   1.0000   1.0000   1.0000   1.0000   1.0000
alpha m=1 occupations
   1.0000   1.0000   1.0000
alpha m=2 occupations
   1.0000
beta m=-1 occupations
   1.0000
beta m=0 occupations
   1.0000   1.0000   1.0000
beta m=1 occupations
   1.0000
EDIIS+DIIS step
Evaluated energy -458.0445056297 (change from lowest 1.905529e-05)
Density matrix difference 1.493409e-04 between lowest-energy and newest entry


Iteration 13: 13 Fock evaluations energy -458.0445246850 change  0.000000e+00 DIIS error vector rms norm 1.326270e-04
History size 10
alpha m=-1 occupations
   1.0000   1.0000
alpha m=0 occupations
   1.0000   1.0000   1.0000   1.0000   1.0000   1.0000
alpha m=1 occupations
   1.0000   1.0000   1.0000
alpha m=2 occupations
   1.0000
beta m=-1 occupations
   1.0000
beta m=0 occupations
   1.0000   1.0000   1.0000
beta m=1 occupations
   1.0000
Switching to optimal damping for next iterations
EDIIS+DIIS step
Evaluated energy -458.0445057817 (change from lowest 1.890324e-05)
Density matrix difference 1.481499e-04 between lowest-energy and newest entry


Iteration 14: 14 Fock evaluations energy -458.0445246850 change  0.000000e+00 DIIS error vector rms norm 1.326270e-04
History size 10
alpha m=-1 occupations
   1.0000   1.0000
alpha m=0 occupations
   1.0000   1.0000   1.0000   1.0000   1.0000   1.0000
alpha m=1 occupations
   1.0000   1.0000   1.0000
alpha m=2 occupations
   1.0000
beta m=-1 occupations
   1.0000
beta m=0 occupations
   1.0000   1.0000   1.0000
beta m=1 occupations
   1.0000
Switching to optimal damping for next iterations
EDIIS+DIIS step
Evaluated energy -458.0445116978 (change from lowest 1.298712e-05)
Density matrix difference 1.017952e-04 between lowest-energy and newest entry


Iteration 15: 15 Fock evaluations energy -458.0445246850 change  0.000000e+00 DIIS error vector rms norm 1.326270e-04
History size 10
alpha m=-1 occupations
   1.0000   1.0000
alpha m=0 occupations
   1.0000   1.0000   1.0000   1.0000   1.0000   1.0000
alpha m=1 occupations
   1.0000   1.0000   1.0000
alpha m=2 occupations
   1.0000
beta m=-1 occupations
   1.0000
beta m=0 occupations
   1.0000   1.0000   1.0000
beta m=1 occupations
   1.0000
Switching to optimal damping for next iterations
EDIIS+DIIS step
Evaluated energy -458.0445179923 (change from lowest 6.692646e-06)
Density matrix difference 5.383304e-05 between lowest-energy and newest entry


Iteration 16: 16 Fock evaluations energy -458.0445246850 change  0.000000e+00 DIIS error vector rms norm 1.326270e-04
History size 10
alpha m=-1 occupations
   1.0000   1.0000
alpha m=0 occupations
   1.0000   1.0000   1.0000   1.0000   1.0000   1.0000
alpha m=1 occupations
   1.0000   1.0000   1.0000
alpha m=2 occupations
   1.0000
beta m=-1 occupations
   1.0000
beta m=0 occupations
   1.0000   1.0000   1.0000
beta m=1 occupations
   1.0000
Switching to optimal damping for next iterations
EDIIS+DIIS step
Evaluated energy -458.0445433654 (change from lowest -1.868040e-05)
Density matrix difference 1.970128e-04 between lowest-energy and newest entry


Iteration 17: 17 Fock evaluations energy -458.0445433654 change -1.868040e-05 DIIS error vector rms norm 1.341692e-04
History size 10
alpha m=-1 occupations
   1.0000   1.0000
alpha m=0 occupations
   1.0000   1.0000   1.0000   1.0000   1.0000   1.0000
alpha m=1 occupations
   1.0000   1.0000   1.0000
alpha m=2 occupations
   1.0000
beta m=-1 occupations
   1.0000
beta m=0 occupations
   1.0000   1.0000   1.0000
beta m=1 occupations
   1.0000
EDIIS+DIIS step
Evaluated energy -458.0445577712 (change from lowest -1.440586e-05)
Density matrix difference 1.101259e-04 between lowest-energy and newest entry


Iteration 18: 18 Fock evaluations energy -458.0445577712 change -1.440586e-05 DIIS error vector rms norm 1.353809e-04
History size 10
alpha m=-1 occupations
   1.0000   1.0000
alpha m=0 occupations
   1.0000   1.0000   1.0000   1.0000   1.0000   1.0000
alpha m=1 occupations
   1.0000   1.0000   1.0000
alpha m=2 occupations
   1.0000
beta m=-1 occupations
   1.0000
beta m=0 occupations
   1.0000   1.0000   1.0000
beta m=1 occupations
   1.0000
EDIIS+DIIS step
Evaluated energy -458.0445141447 (change from lowest 4.362652e-05)
Density matrix difference 3.365836e-04 between lowest-energy and newest entry


Iteration 19: 19 Fock evaluations energy -458.0445577712 change  0.000000e+00 DIIS error vector rms norm 1.353809e-04
History size 10
alpha m=-1 occupations
   1.0000   1.0000
alpha m=0 occupations
   1.0000   1.0000   1.0000   1.0000   1.0000   1.0000
alpha m=1 occupations
   1.0000   1.0000   1.0000
alpha m=2 occupations
   1.0000
beta m=-1 occupations
   1.0000
beta m=0 occupations
   1.0000   1.0000   1.0000
beta m=1 occupations
   1.0000
EDIIS+DIIS step
Evaluated energy -458.0445193182 (change from lowest 3.845299e-05)
Density matrix difference 2.964242e-04 between lowest-energy and newest entry


Iteration 20: 20 Fock evaluations energy -458.0445577712 change  0.000000e+00 DIIS error vector rms norm 1.353809e-04
History size 10
alpha m=-1 occupations
   1.0000   1.0000
alpha m=0 occupations
   1.0000   1.0000   1.0000   1.0000   1.0000   1.0000
alpha m=1 occupations
   1.0000   1.0000   1.0000
alpha m=2 occupations
   1.0000
beta m=-1 occupations
   1.0000
beta m=0 occupations
   1.0000   1.0000   1.0000
beta m=1 occupations
   1.0000
EDIIS+DIIS step
Evaluated energy -458.0445251426 (change from lowest 3.262860e-05)
Density matrix difference 2.512261e-04 between lowest-energy and newest entry


Iteration 21: 21 Fock evaluations energy -458.0445577712 change  0.000000e+00 DIIS error vector rms norm 1.353809e-04
History size 10
alpha m=-1 occupations
   1.0000   1.0000
alpha m=0 occupations
   1.0000   1.0000   1.0000   1.0000   1.0000   1.0000
alpha m=1 occupations
   1.0000   1.0000   1.0000
alpha m=2 occupations
   1.0000
beta m=-1 occupations
   1.0000
beta m=0 occupations
   1.0000   1.0000   1.0000
beta m=1 occupations
   1.0000
EDIIS+DIIS step
Evaluated energy -458.0445316255 (change from lowest 2.614571e-05)
Density matrix difference 2.010395e-04 between lowest-energy and newest entry


Iteration 22: 22 Fock evaluations energy -458.0445577712 change  0.000000e+00 DIIS error vector rms norm 1.353809e-04
History size 10
alpha m=-1 occupations
   1.0000   1.0000
alpha m=0 occupations
   1.0000   1.0000   1.0000   1.0000   1.0000   1.0000
alpha m=1 occupations
   1.0000   1.0000   1.0000
alpha m=2 occupations
   1.0000
beta m=-1 occupations
   1.0000
beta m=0 occupations
   1.0000   1.0000   1.0000
beta m=1 occupations
   1.0000
EDIIS+DIIS step
Evaluated energy -458.0445386091 (change from lowest 1.916216e-05)
Density matrix difference 1.472144e-04 between lowest-energy and newest entry


Iteration 23: 23 Fock evaluations energy -458.0445577712 change  0.000000e+00 DIIS error vector rms norm 1.353809e-04
History size 10
alpha m=-1 occupations
   1.0000   1.0000
alpha m=0 occupations
   1.0000   1.0000   1.0000   1.0000   1.0000   1.0000
alpha m=1 occupations
   1.0000   1.0000   1.0000
alpha m=2 occupations
   1.0000
beta m=-1 occupations
   1.0000
beta m=0 occupations
   1.0000   1.0000   1.0000
beta m=1 occupations
   1.0000
Switching to optimal damping for next iterations
EDIIS+DIIS step
Evaluated energy -458.0445463469 (change from lowest 1.142428e-05)
Density matrix difference 8.793717e-05 between lowest-energy and newest entry


Iteration 24: 24 Fock evaluations energy -458.0445577712 change  0.000000e+00 DIIS error vector rms norm 1.353809e-04
History size 10
alpha m=-1 occupations
   1.0000   1.0000
alpha m=0 occupations
   1.0000   1.0000   1.0000   1.0000   1.0000   1.0000
alpha m=1 occupations
   1.0000   1.0000   1.0000
alpha m=2 occupations
   1.0000
beta m=-1 occupations
   1.0000
beta m=0 occupations
   1.0000   1.0000   1.0000
beta m=1 occupations
   1.0000
Switching to optimal damping for next iterations
EDIIS+DIIS step
Evaluated energy -458.0445556828 (change from lowest 2.088388e-06)
Density matrix difference 1.879249e-05 between lowest-energy and newest entry


Iteration 25: 25 Fock evaluations energy -458.0445577712 change  0.000000e+00 DIIS error vector rms norm 1.353809e-04
History size 10
alpha m=-1 occupations
   1.0000   1.0000
alpha m=0 occupations
   1.0000   1.0000   1.0000   1.0000   1.0000   1.0000
alpha m=1 occupations
   1.0000   1.0000   1.0000
alpha m=2 occupations
   1.0000
beta m=-1 occupations
   1.0000
beta m=0 occupations
   1.0000   1.0000   1.0000
beta m=1 occupations
   1.0000
Switching to optimal damping for next iterations
EDIIS+DIIS step
Evaluated energy -458.0445572161 (change from lowest 5.551298e-07)
Density matrix difference 1.185718e-05 between lowest-energy and newest entry


Iteration 26: 26 Fock evaluations energy -458.0445577712 change  0.000000e+00 DIIS error vector rms norm 1.353809e-04
History size 10
alpha m=-1 occupations
   1.0000   1.0000
alpha m=0 occupations
   1.0000   1.0000   1.0000   1.0000   1.0000   1.0000
alpha m=1 occupations
   1.0000   1.0000   1.0000
alpha m=2 occupations
   1.0000
beta m=-1 occupations
   1.0000
beta m=0 occupations
   1.0000   1.0000   1.0000
beta m=1 occupations
   1.0000
Switching to optimal damping for next iterations
EDIIS+DIIS step
Evaluated energy -458.0445593960 (change from lowest -1.624833e-06)
Density matrix difference 1.690775e-05 between lowest-energy and newest entry


Iteration 27: 27 Fock evaluations energy -458.0445593960 change -1.624833e-06 DIIS error vector rms norm 1.355525e-04
History size 10
alpha m=-1 occupations
   1.0000   1.0000
alpha m=0 occupations
   1.0000   1.0000   1.0000   1.0000   1.0000   1.0000
alpha m=1 occupations
   1.0000   1.0000   1.0000
alpha m=2 occupations
   1.0000
beta m=-1 occupations
   1.0000
beta m=0 occupations
   1.0000   1.0000   1.0000
beta m=1 occupations
   1.0000
EDIIS+DIIS step
Evaluated energy -458.0445499879 (change from lowest 9.408163e-06)
Density matrix difference 7.173497e-05 between lowest-energy and newest entry


Iteration 28: 28 Fock evaluations energy -458.0445593960 change  0.000000e+00 DIIS error vector rms norm 1.355525e-04
History size 10
alpha m=-1 occupations
   1.0000   1.0000
alpha m=0 occupations
   1.0000   1.0000   1.0000   1.0000   1.0000   1.0000
alpha m=1 occupations
   1.0000   1.0000   1.0000
alpha m=2 occupations
   1.0000
beta m=-1 occupations
   1.0000
beta m=0 occupations
   1.0000   1.0000   1.0000
beta m=1 occupations
   1.0000
EDIIS+DIIS step
Evaluated energy -458.0445557500 (change from lowest 3.646065e-06)
Density matrix difference 2.737582e-05 between lowest-energy and newest entry


Iteration 29: 29 Fock evaluations energy -458.0445593960 change  0.000000e+00 DIIS error vector rms norm 1.355525e-04
History size 10
alpha m=-1 occupations
   1.0000   1.0000
alpha m=0 occupations
   1.0000   1.0000   1.0000   1.0000   1.0000   1.0000
alpha m=1 occupations
   1.0000   1.0000   1.0000
alpha m=2 occupations
   1.0000
beta m=-1 occupations
   1.0000
beta m=0 occupations
   1.0000   1.0000   1.0000
beta m=1 occupations
   1.0000
EDIIS+DIIS step
Evaluated energy -458.0445778461 (change from lowest -1.845006e-05)
Density matrix difference 1.676789e-04 between lowest-energy and newest entry


Iteration 30: 30 Fock evaluations energy -458.0445778461 change -1.845006e-05 DIIS error vector rms norm 1.370663e-04
History size 10
alpha m=-1 occupations
   1.0000   1.0000
alpha m=0 occupations
   1.0000   1.0000   1.0000   1.0000   1.0000   1.0000
alpha m=1 occupations
   1.0000   1.0000   1.0000
alpha m=2 occupations
   1.0000
beta m=-1 occupations
   1.0000
beta m=0 occupations
   1.0000   1.0000   1.0000
beta m=1 occupations
   1.0000
EDIIS+DIIS step
Evaluated energy -458.0445792080 (change from lowest -1.361901e-06)
Density matrix difference 1.018252e-05 between lowest-energy and newest entry


Iteration 31: 31 Fock evaluations energy -458.0445792080 change -1.361901e-06 DIIS error vector rms norm 1.371840e-04
History size 10
alpha m=-1 occupations
   1.0000   1.0000
alpha m=0 occupations
   1.0000   1.0000   1.0000   1.0000   1.0000   1.0000
alpha m=1 occupations
   1.0000   1.0000   1.0000
alpha m=2 occupations
   1.0000
beta m=-1 occupations
   1.0000
beta m=0 occupations
   1.0000   1.0000   1.0000
beta m=1 occupations
   1.0000
EDIIS+DIIS step
Evaluated energy -458.0445867790 (change from lowest -7.571039e-06)
Density matrix difference 5.685094e-05 between lowest-energy and newest entry


Iteration 32: 32 Fock evaluations energy -458.0445867790 change -7.571039e-06 DIIS error vector rms norm 1.378055e-04
History size 10
alpha m=-1 occupations
   1.0000   1.0000
alpha m=0 occupations
   1.0000   1.0000   1.0000   1.0000   1.0000   1.0000
alpha m=1 occupations
   1.0000   1.0000   1.0000
alpha m=2 occupations
   1.0000
beta m=-1 occupations
   1.0000
beta m=0 occupations
   1.0000   1.0000   1.0000
beta m=1 occupations
   1.0000
EDIIS+DIIS step
Evaluated energy -458.0445893165 (change from lowest -2.537448e-06)
Density matrix difference 1.892808e-05 between lowest-energy and newest entry


Iteration 33: 33 Fock evaluations energy -458.0445893165 change -2.537448e-06 DIIS error vector rms norm 1.380171e-04
History size 10
alpha m=-1 occupations
   1.0000   1.0000
alpha m=0 occupations
   1.0000   1.0000   1.0000   1.0000   1.0000   1.0000
alpha m=1 occupations
   1.0000   1.0000   1.0000
alpha m=2 occupations
   1.0000
beta m=-1 occupations
   1.0000
beta m=0 occupations
   1.0000   1.0000   1.0000
beta m=1 occupations
   1.0000
EDIIS+DIIS step
Evaluated energy -458.0445929400 (change from lowest -3.623516e-06)
Density matrix difference 2.700469e-05 between lowest-energy and newest entry


Iteration 34: 34 Fock evaluations energy -458.0445929400 change -3.623516e-06 DIIS error vector rms norm 1.383151e-04
History size 10
alpha m=-1 occupations
   1.0000   1.0000
alpha m=0 occupations
   1.0000   1.0000   1.0000   1.0000   1.0000   1.0000
alpha m=1 occupations
   1.0000   1.0000   1.0000
alpha m=2 occupations
   1.0000
beta m=-1 occupations
   1.0000
beta m=0 occupations
   1.0000   1.0000   1.0000
beta m=1 occupations
   1.0000
EDIIS+DIIS step
Evaluated energy -458.0445937486 (change from lowest -8.086057e-07)
Density matrix difference 6.145077e-06 between lowest-energy and newest entry


Iteration 35: 35 Fock evaluations energy -458.0445937486 change -8.086057e-07 DIIS error vector rms norm 1.383839e-04
History size 10
alpha m=-1 occupations
   1.0000   1.0000
alpha m=0 occupations
   1.0000   1.0000   1.0000   1.0000   1.0000   1.0000
alpha m=1 occupations
   1.0000   1.0000   1.0000
alpha m=2 occupations
   1.0000
beta m=-1 occupations
   1.0000
beta m=0 occupations
   1.0000   1.0000   1.0000
beta m=1 occupations
   1.0000
EDIIS+DIIS step
Evaluated energy -458.0445921522 (change from lowest 1.596381e-06)
Density matrix difference 1.195646e-05 between lowest-energy and newest entry


Iteration 36: 36 Fock evaluations energy -458.0445937486 change  0.000000e+00 DIIS error vector rms norm 1.383839e-04
History size 10
alpha m=-1 occupations
   1.0000   1.0000
alpha m=0 occupations
   1.0000   1.0000   1.0000   1.0000   1.0000   1.0000
alpha m=1 occupations
   1.0000   1.0000   1.0000
alpha m=2 occupations
   1.0000
beta m=-1 occupations
   1.0000
beta m=0 occupations
   1.0000   1.0000   1.0000
beta m=1 occupations
   1.0000
EDIIS+DIIS step
Evaluated energy -458.0445981327 (change from lowest -4.384093e-06)
Density matrix difference 4.468023e-05 between lowest-energy and newest entry


Iteration 37: 37 Fock evaluations energy -458.0445981327 change -4.384093e-06 DIIS error vector rms norm 1.387378e-04
History size 10
alpha m=-1 occupations
   1.0000   1.0000
alpha m=0 occupations
   1.0000   1.0000   1.0000   1.0000   1.0000   1.0000
alpha m=1 occupations
   1.0000   1.0000   1.0000
alpha m=2 occupations
   1.0000
beta m=-1 occupations
   1.0000
beta m=0 occupations
   1.0000   1.0000   1.0000
beta m=1 occupations
   1.0000
EDIIS+DIIS step
Evaluated energy -458.0446040178 (change from lowest -5.885128e-06)
Density matrix difference 4.387830e-05 between lowest-energy and newest entry


Iteration 38: 38 Fock evaluations energy -458.0446040178 change -5.885128e-06 DIIS error vector rms norm 1.392095e-04
History size 10
alpha m=-1 occupations
   1.0000   1.0000
alpha m=0 occupations
   1.0000   1.0000   1.0000   1.0000   1.0000   1.0000
alpha m=1 occupations
   1.0000   1.0000   1.0000
alpha m=2 occupations
   1.0000
beta m=-1 occupations
   1.0000
beta m=0 occupations
   1.0000   1.0000   1.0000
beta m=1 occupations
   1.0000
EDIIS+DIIS step
Evaluated energy -458.0446347402 (change from lowest -3.072242e-05)
Density matrix difference 2.262991e-04 between lowest-energy and newest entry


Iteration 39: 39 Fock evaluations energy -458.0446347402 change -3.072242e-05 DIIS error vector rms norm 1.416517e-04
History size 10
alpha m=-1 occupations
   1.0000   1.0000
alpha m=0 occupations
   1.0000   1.0000   1.0000   1.0000   1.0000   1.0000
alpha m=1 occupations
   1.0000   1.0000   1.0000
alpha m=2 occupations
   1.0000
beta m=-1 occupations
   1.0000
beta m=0 occupations
   1.0000   1.0000   1.0000
beta m=1 occupations
   1.0000
EDIIS+DIIS step
Evaluated energy -458.0446281279 (change from lowest 6.612312e-06)
Density matrix difference 4.829060e-05 between lowest-energy and newest entry


Iteration 40: 40 Fock evaluations energy -458.0446347402 change  0.000000e+00 DIIS error vector rms norm 1.416517e-04
History size 10
alpha m=-1 occupations
   1.0000   1.0000
alpha m=0 occupations
   1.0000   1.0000   1.0000   1.0000   1.0000   1.0000
alpha m=1 occupations
   1.0000   1.0000   1.0000
alpha m=2 occupations
   1.0000
beta m=-1 occupations
   1.0000
beta m=0 occupations
   1.0000   1.0000   1.0000
beta m=1 occupations
   1.0000
EDIIS+DIIS step
Evaluated energy -458.0446178364 (change from lowest 1.690387e-05)
Density matrix difference 1.239155e-04 between lowest-energy and newest entry


Iteration 41: 41 Fock evaluations energy -458.0446347402 change  0.000000e+00 DIIS error vector rms norm 1.416517e-04
History size 10
alpha m=-1 occupations
   1.0000   1.0000
alpha m=0 occupations
   1.0000   1.0000   1.0000   1.0000   1.0000   1.0000
alpha m=1 occupations
   1.0000   1.0000   1.0000
alpha m=2 occupations
   1.0000
beta m=-1 occupations
   1.0000
beta m=0 occupations
   1.0000   1.0000   1.0000
beta m=1 occupations
   1.0000
EDIIS+DIIS step
Evaluated energy -458.0446290208 (change from lowest 5.719398e-06)
Density matrix difference 4.192087e-05 between lowest-energy and newest entry


Iteration 42: 42 Fock evaluations energy -458.0446347402 change  0.000000e+00 DIIS error vector rms norm 1.416517e-04
History size 10
alpha m=-1 occupations
   1.0000   1.0000
alpha m=0 occupations
   1.0000   1.0000   1.0000   1.0000   1.0000   1.0000
alpha m=1 occupations
   1.0000   1.0000   1.0000
alpha m=2 occupations
   1.0000
beta m=-1 occupations
   1.0000
beta m=0 occupations
   1.0000   1.0000   1.0000
beta m=1 occupations
   1.0000
EDIIS+DIIS step
Evaluated energy -458.0446285325 (change from lowest 6.207748e-06)
Density matrix difference 4.554684e-05 between lowest-energy and newest entry


Iteration 43: 43 Fock evaluations energy -458.0446347402 change  0.000000e+00 DIIS error vector rms norm 1.416517e-04
History size 10
alpha m=-1 occupations
   1.0000   1.0000
alpha m=0 occupations
   1.0000   1.0000   1.0000   1.0000   1.0000   1.0000
alpha m=1 occupations
   1.0000   1.0000   1.0000
alpha m=2 occupations
   1.0000
beta m=-1 occupations
   1.0000
beta m=0 occupations
   1.0000   1.0000   1.0000
beta m=1 occupations
   1.0000
EDIIS+DIIS step
Evaluated energy -458.0446346966 (change from lowest 4.362136e-08)
Density matrix difference 2.608286e-06 between lowest-energy and newest entry


Iteration 44: 44 Fock evaluations energy -458.0446347402 change  0.000000e+00 DIIS error vector rms norm 1.416517e-04
History size 10
alpha m=-1 occupations
   1.0000   1.0000
alpha m=0 occupations
   1.0000   1.0000   1.0000   1.0000   1.0000   1.0000
alpha m=1 occupations
   1.0000   1.0000   1.0000
alpha m=2 occupations
   1.0000
beta m=-1 occupations
   1.0000
beta m=0 occupations
   1.0000   1.0000   1.0000
beta m=1 occupations
   1.0000
Switching to optimal damping for next iterations
EDIIS+DIIS step
Evaluated energy -458.0446393840 (change from lowest -4.643802e-06)
Density matrix difference 3.414355e-05 between lowest-energy and newest entry


Iteration 45: 45 Fock evaluations energy -458.0446393840 change -4.643802e-06 DIIS error vector rms norm 1.420385e-04
History size 10
alpha m=-1 occupations
   1.0000   1.0000
alpha m=0 occupations
   1.0000   1.0000   1.0000   1.0000   1.0000   1.0000
alpha m=1 occupations
   1.0000   1.0000   1.0000
alpha m=2 occupations
   1.0000
beta m=-1 occupations
   1.0000
beta m=0 occupations
   1.0000   1.0000   1.0000
beta m=1 occupations
   1.0000
EDIIS+DIIS step
Evaluated energy -458.0446489286 (change from lowest -9.544587e-06)
Density matrix difference 6.928774e-05 between lowest-energy and newest entry


Iteration 46: 46 Fock evaluations energy -458.0446489286 change -9.544587e-06 DIIS error vector rms norm 1.427842e-04
History size 10
alpha m=-1 occupations
   1.0000   1.0000
alpha m=0 occupations
   1.0000   1.0000   1.0000   1.0000   1.0000   1.0000
alpha m=1 occupations
   1.0000   1.0000   1.0000
alpha m=2 occupations
   1.0000
beta m=-1 occupations
   1.0000
beta m=0 occupations
   1.0000   1.0000   1.0000
beta m=1 occupations
   1.0000
EDIIS+DIIS step
Evaluated energy -458.0446655640 (change from lowest -1.663537e-05)
Density matrix difference 1.199402e-04 between lowest-energy and newest entry


Iteration 47: 47 Fock evaluations energy -458.0446655640 change -1.663537e-05 DIIS error vector rms norm 1.440743e-04
History size 10
alpha m=-1 occupations
   1.0000   1.0000
alpha m=0 occupations
   1.0000   1.0000   1.0000   1.0000   1.0000   1.0000
alpha m=1 occupations
   1.0000   1.0000   1.0000
alpha m=2 occupations
   1.0000
beta m=-1 occupations
   1.0000
beta m=0 occupations
   1.0000   1.0000   1.0000
beta m=1 occupations
   1.0000
EDIIS+DIIS step
Evaluated energy -458.0446669717 (change from lowest -1.407653e-06)
Density matrix difference 1.023884e-05 between lowest-energy and newest entry


Iteration 48: 48 Fock evaluations energy -458.0446669717 change -1.407653e-06 DIIS error vector rms norm 1.441875e-04
History size 10
alpha m=-1 occupations
   1.0000   1.0000
alpha m=0 occupations
   1.0000   1.0000   1.0000   1.0000   1.0000   1.0000
alpha m=1 occupations
   1.0000   1.0000   1.0000
alpha m=2 occupations
   1.0000
beta m=-1 occupations
   1.0000
beta m=0 occupations
   1.0000   1.0000   1.0000
beta m=1 occupations
   1.0000
EDIIS+DIIS step
Evaluated energy -458.0446779678 (change from lowest -1.099611e-05)
Density matrix difference 7.858706e-05 between lowest-energy and newest entry


Iteration 49: 49 Fock evaluations energy -458.0446779678 change -1.099611e-05 DIIS error vector rms norm 1.450356e-04
History size 10
alpha m=-1 occupations
   1.0000   1.0000
alpha m=0 occupations
   1.0000   1.0000   1.0000   1.0000   1.0000   1.0000
alpha m=1 occupations
   1.0000   1.0000   1.0000
alpha m=2 occupations
   1.0000
beta m=-1 occupations
   1.0000
beta m=0 occupations
   1.0000   1.0000   1.0000
beta m=1 occupations
   1.0000
EDIIS+DIIS step
Evaluated energy -458.0446488737 (change from lowest 2.909407e-05)
Density matrix difference 2.087056e-04 between lowest-energy and newest entry


Iteration 50: 50 Fock evaluations energy -458.0446779678 change  0.000000e+00 DIIS error vector rms norm 1.450356e-04
History size 10
alpha m=-1 occupations
   1.0000   1.0000
alpha m=0 occupations
   1.0000   1.0000   1.0000   1.0000   1.0000   1.0000
alpha m=1 occupations
   1.0000   1.0000   1.0000
alpha m=2 occupations
   1.0000
beta m=-1 occupations
   1.0000
beta m=0 occupations
   1.0000   1.0000   1.0000
beta m=1 occupations
   1.0000
EDIIS+DIIS step
Evaluated energy -458.0446574735 (change from lowest 2.049426e-05)
Density matrix difference 1.467136e-04 between lowest-energy and newest entry


Iteration 51: 51 Fock evaluations energy -458.0446779678 change  0.000000e+00 DIIS error vector rms norm 1.450356e-04
History size 10
alpha m=-1 occupations
   1.0000   1.0000
alpha m=0 occupations
   1.0000   1.0000   1.0000   1.0000   1.0000   1.0000
alpha m=1 occupations
   1.0000   1.0000   1.0000
alpha m=2 occupations
   1.0000
beta m=-1 occupations
   1.0000
beta m=0 occupations
   1.0000   1.0000   1.0000
beta m=1 occupations
   1.0000
EDIIS+DIIS step
Evaluated energy -458.0446834700 (change from lowest -5.502235e-06)
Density matrix difference 1.858609e-04 between lowest-energy and newest entry


Iteration 52: 52 Fock evaluations energy -458.0446834700 change -5.502235e-06 DIIS error vector rms norm 1.454589e-04
History size 10
alpha m=-1 occupations
   1.0000   1.0000
alpha m=0 occupations
   1.0000   1.0000   1.0000   1.0000   1.0000   1.0000
alpha m=1 occupations
   1.0000   1.0000   1.0000
alpha m=2 occupations
   1.0000
beta m=-1 occupations
   1.0000
beta m=0 occupations
   1.0000   1.0000   1.0000
beta m=1 occupations
   1.0000
EDIIS+DIIS step
Evaluated energy -458.0446787077 (change from lowest 4.762334e-06)
Density matrix difference 3.376345e-05 between lowest-energy and newest entry


Iteration 53: 53 Fock evaluations energy -458.0446834700 change  0.000000e+00 DIIS error vector rms norm 1.454589e-04
History size 10
alpha m=-1 occupations
   1.0000   1.0000
alpha m=0 occupations
   1.0000   1.0000   1.0000   1.0000   1.0000   1.0000
alpha m=1 occupations
   1.0000   1.0000   1.0000
alpha m=2 occupations
   1.0000
beta m=-1 occupations
   1.0000
beta m=0 occupations
   1.0000   1.0000   1.0000
beta m=1 occupations
   1.0000
EDIIS+DIIS step
Evaluated energy -458.0446953504 (change from lowest -1.188041e-05)
Density matrix difference 1.179663e-04 between lowest-energy and newest entry


Iteration 54: 54 Fock evaluations energy -458.0446953504 change -1.188041e-05 DIIS error vector rms norm 1.463622e-04
History size 10
alpha m=-1 occupations
   1.0000   1.0000
alpha m=0 occupations
   1.0000   1.0000   1.0000   1.0000   1.0000   1.0000
alpha m=1 occupations
   1.0000   1.0000   1.0000
alpha m=2 occupations
   1.0000
beta m=-1 occupations
   1.0000
beta m=0 occupations
   1.0000   1.0000   1.0000
beta m=1 occupations
   1.0000
EDIIS+DIIS step
Evaluated energy -458.0446970914 (change from lowest -1.740978e-06)
Density matrix difference 1.239492e-05 between lowest-energy and newest entry


Iteration 55: 55 Fock evaluations energy -458.0446970914 change -1.740978e-06 DIIS error vector rms norm 1.464958e-04
History size 10
alpha m=-1 occupations
   1.0000   1.0000
alpha m=0 occupations
   1.0000   1.0000   1.0000   1.0000   1.0000   1.0000
alpha m=1 occupations
   1.0000   1.0000   1.0000
alpha m=2 occupations
   1.0000
beta m=-1 occupations
   1.0000
beta m=0 occupations
   1.0000   1.0000   1.0000
beta m=1 occupations
   1.0000
EDIIS+DIIS step
Evaluated energy -458.0447068516 (change from lowest -9.760234e-06)
Density matrix difference 6.867233e-05 between lowest-energy and newest entry


Iteration 56: 56 Fock evaluations energy -458.0447068516 change -9.760234e-06 DIIS error vector rms norm 1.472322e-04
History size 10
alpha m=-1 occupations
   1.0000   1.0000
alpha m=0 occupations
   1.0000   1.0000   1.0000   1.0000   1.0000   1.0000
alpha m=1 occupations
   1.0000   1.0000   1.0000
alpha m=2 occupations
   1.0000
beta m=-1 occupations
   1.0000
beta m=0 occupations
   1.0000   1.0000   1.0000
beta m=1 occupations
   1.0000
EDIIS+DIIS step
Evaluated energy -458.0447047848 (change from lowest 2.066799e-06)
Density matrix difference 1.442880e-05 between lowest-energy and newest entry


Iteration 57: 57 Fock evaluations energy -458.0447068516 change  0.000000e+00 DIIS error vector rms norm 1.472322e-04
History size 10
alpha m=-1 occupations
   1.0000   1.0000
alpha m=0 occupations
   1.0000   1.0000   1.0000   1.0000   1.0000   1.0000
alpha m=1 occupations
   1.0000   1.0000   1.0000
alpha m=2 occupations
   1.0000
beta m=-1 occupations
   1.0000
beta m=0 occupations
   1.0000   1.0000   1.0000
beta m=1 occupations
   1.0000
EDIIS+DIIS step
Evaluated energy -458.0446977738 (change from lowest 9.077792e-06)
Density matrix difference 6.370848e-05 between lowest-energy and newest entry


Iteration 58: 58 Fock evaluations energy -458.0447068516 change  0.000000e+00 DIIS error vector rms norm 1.472322e-04
History size 10
alpha m=-1 occupations
   1.0000   1.0000
alpha m=0 occupations
   1.0000   1.0000   1.0000   1.0000   1.0000   1.0000
alpha m=1 occupations
   1.0000   1.0000   1.0000
alpha m=2 occupations
   1.0000
beta m=-1 occupations
   1.0000
beta m=0 occupations
   1.0000   1.0000   1.0000
beta m=1 occupations
   1.0000
EDIIS+DIIS step
Evaluated energy -458.0447019354 (change from lowest 4.916244e-06)
Density matrix difference 3.448833e-05 between lowest-energy and newest entry


Iteration 59: 59 Fock evaluations energy -458.0447068516 change  0.000000e+00 DIIS error vector rms norm 1.472322e-04
History size 10
alpha m=-1 occupations
   1.0000   1.0000
alpha m=0 occupations
   1.0000   1.0000   1.0000   1.0000   1.0000   1.0000
alpha m=1 occupations
   1.0000   1.0000   1.0000
alpha m=2 occupations
   1.0000
beta m=-1 occupations
   1.0000
beta m=0 occupations
   1.0000   1.0000   1.0000
beta m=1 occupations
   1.0000
EDIIS+DIIS step
Evaluated energy -458.0446992035 (change from lowest 7.648123e-06)
Density matrix difference 5.370750e-05 between lowest-energy and newest entry


Iteration 60: 60 Fock evaluations energy -458.0447068516 change  0.000000e+00 DIIS error vector rms norm 1.472322e-04
History size 10
alpha m=-1 occupations
   1.0000   1.0000
alpha m=0 occupations
   1.0000   1.0000   1.0000   1.0000   1.0000   1.0000
alpha m=1 occupations
   1.0000   1.0000   1.0000
alpha m=2 occupations
   1.0000
beta m=-1 occupations
   1.0000
beta m=0 occupations
   1.0000   1.0000   1.0000
beta m=1 occupations
   1.0000
EDIIS+DIIS step
Evaluated energy -458.0447474518 (change from lowest -4.060022e-05)
Density matrix difference 3.354063e-04 between lowest-energy and newest entry


Iteration 61: 61 Fock evaluations energy -458.0447474518 change -4.060022e-05 DIIS error vector rms norm 1.502476e-04
History size 10
alpha m=-1 occupations
   1.0000   1.0000
alpha m=0 occupations
   1.0000   1.0000   1.0000   1.0000   1.0000   1.0000
alpha m=1 occupations
   1.0000   1.0000   1.0000
alpha m=2 occupations
   1.0000
beta m=-1 occupations
   1.0000
beta m=0 occupations
   1.0000   1.0000   1.0000
beta m=1 occupations
   1.0000
EDIIS+DIIS step
Evaluated energy -458.0447361550 (change from lowest 1.129682e-05)
Density matrix difference 7.724457e-05 between lowest-energy and newest entry


Iteration 62: 62 Fock evaluations energy -458.0447474518 change  0.000000e+00 DIIS error vector rms norm 1.502476e-04
History size 10
alpha m=-1 occupations
   1.0000   1.0000
alpha m=0 occupations
   1.0000   1.0000   1.0000   1.0000   1.0000   1.0000
alpha m=1 occupations
   1.0000   1.0000   1.0000
alpha m=2 occupations
   1.0000
beta m=-1 occupations
   1.0000
beta m=0 occupations
   1.0000   1.0000   1.0000
beta m=1 occupations
   1.0000
EDIIS+DIIS step
Evaluated energy -458.0447262457 (change from lowest 2.120615e-05)
Density matrix difference 1.457223e-04 between lowest-energy and newest entry


Iteration 63: 63 Fock evaluations energy -458.0447474518 change  0.000000e+00 DIIS error vector rms norm 1.502476e-04
History size 10
alpha m=-1 occupations
   1.0000   1.0000
alpha m=0 occupations
   1.0000   1.0000   1.0000   1.0000   1.0000   1.0000
alpha m=1 occupations
   1.0000   1.0000   1.0000
alpha m=2 occupations
   1.0000
beta m=-1 occupations
   1.0000
beta m=0 occupations
   1.0000   1.0000   1.0000
beta m=1 occupations
   1.0000
EDIIS+DIIS step
Evaluated energy -458.0447467872 (change from lowest 6.646146e-07)
Density matrix difference 4.410354e-06 between lowest-energy and newest entry


Iteration 64: 64 Fock evaluations energy -458.0447474518 change  0.000000e+00 DIIS error vector rms norm 1.502476e-04
History size 10
alpha m=-1 occupations
   1.0000   1.0000
alpha m=0 occupations
   1.0000   1.0000   1.0000   1.0000   1.0000   1.0000
alpha m=1 occupations
   1.0000   1.0000   1.0000
alpha m=2 occupations
   1.0000
beta m=-1 occupations
   1.0000
beta m=0 occupations
   1.0000   1.0000   1.0000
beta m=1 occupations
   1.0000
EDIIS+DIIS step
Evaluated energy -458.0447339781 (change from lowest 1.347376e-05)
Density matrix difference 9.210575e-05 between lowest-energy and newest entry


Iteration 65: 65 Fock evaluations energy -458.0447474518 change  0.000000e+00 DIIS error vector rms norm 1.502476e-04
History size 10
alpha m=-1 occupations
   1.0000   1.0000
alpha m=0 occupations
   1.0000   1.0000   1.0000   1.0000   1.0000   1.0000
alpha m=1 occupations
   1.0000   1.0000   1.0000
alpha m=2 occupations
   1.0000
beta m=-1 occupations
   1.0000
beta m=0 occupations
   1.0000   1.0000   1.0000
beta m=1 occupations
   1.0000
EDIIS+DIIS step
Evaluated energy -458.0447423573 (change from lowest 5.094560e-06)
Density matrix difference 3.440488e-05 between lowest-energy and newest entry


Iteration 66: 66 Fock evaluations energy -458.0447474518 change  0.000000e+00 DIIS error vector rms norm 1.502476e-04
History size 10
alpha m=-1 occupations
   1.0000   1.0000
alpha m=0 occupations
   1.0000   1.0000   1.0000   1.0000   1.0000   1.0000
alpha m=1 occupations
   1.0000   1.0000   1.0000
alpha m=2 occupations
   1.0000
beta m=-1 occupations
   1.0000
beta m=0 occupations
   1.0000   1.0000   1.0000
beta m=1 occupations
   1.0000
Switching to optimal damping for next iterations
EDIIS+DIIS step
Evaluated energy -458.0447408726 (change from lowest 6.579272e-06)
Density matrix difference 4.462611e-05 between lowest-energy and newest entry


Iteration 67: 67 Fock evaluations energy -458.0447474518 change  0.000000e+00 DIIS error vector rms norm 1.502476e-04
History size 10
alpha m=-1 occupations
   1.0000   1.0000
alpha m=0 occupations
   1.0000   1.0000   1.0000   1.0000   1.0000   1.0000
alpha m=1 occupations
   1.0000   1.0000   1.0000
alpha m=2 occupations
   1.0000
beta m=-1 occupations
   1.0000
beta m=0 occupations
   1.0000   1.0000   1.0000
beta m=1 occupations
   1.0000
Switching to optimal damping for next iterations
EDIIS+DIIS step
Evaluated energy -458.0447488372 (change from lowest -1.385313e-06)
Density matrix difference 5.467049e-05 between lowest-energy and newest entry


Iteration 68: 68 Fock evaluations energy -458.0447488372 change -1.385313e-06 DIIS error vector rms norm 1.503596e-04
History size 10
alpha m=-1 occupations
   1.0000   1.0000
alpha m=0 occupations
   1.0000   1.0000   1.0000   1.0000   1.0000   1.0000
alpha m=1 occupations
   1.0000   1.0000   1.0000
alpha m=2 occupations
   1.0000
beta m=-1 occupations
   1.0000
beta m=0 occupations
   1.0000   1.0000   1.0000
beta m=1 occupations
   1.0000
EDIIS+DIIS step
Evaluated energy -458.0447710081 (change from lowest -2.217095e-05)
Density matrix difference 1.511622e-04 between lowest-energy and newest entry


Iteration 69: 69 Fock evaluations energy -458.0447710081 change -2.217095e-05 DIIS error vector rms norm 1.519720e-04
History size 10
alpha m=-1 occupations
   1.0000   1.0000
alpha m=0 occupations
   1.0000   1.0000   1.0000   1.0000   1.0000   1.0000
alpha m=1 occupations
   1.0000   1.0000   1.0000
alpha m=2 occupations
   1.0000
beta m=-1 occupations
   1.0000
beta m=0 occupations
   1.0000   1.0000   1.0000
beta m=1 occupations
   1.0000
EDIIS+DIIS step
Evaluated energy -458.0447778384 (change from lowest -6.830302e-06)
Density matrix difference 4.640392e-05 between lowest-energy and newest entry


Iteration 70: 70 Fock evaluations energy -458.0447778384 change -6.830302e-06 DIIS error vector rms norm 1.524672e-04
History size 10
alpha m=-1 occupations
   1.0000   1.0000
alpha m=0 occupations
   1.0000   1.0000   1.0000   1.0000   1.0000   1.0000
alpha m=1 occupations
   1.0000   1.0000   1.0000
alpha m=2 occupations
   1.0000
beta m=-1 occupations
   1.0000
beta m=0 occupations
   1.0000   1.0000   1.0000
beta m=1 occupations
   1.0000
EDIIS+DIIS step
Evaluated energy -458.0448081778 (change from lowest -3.033937e-05)
Density matrix difference 2.038042e-04 between lowest-energy and newest entry


Iteration 71: 71 Fock evaluations energy -458.0448081778 change -3.033937e-05 DIIS error vector rms norm 1.546383e-04
History size 10
alpha m=-1 occupations
   1.0000   1.0000
alpha m=0 occupations
   1.0000   1.0000   1.0000   1.0000   1.0000   1.0000
alpha m=1 occupations
   1.0000   1.0000   1.0000
alpha m=2 occupations
   1.0000
beta m=-1 occupations
   1.0000
beta m=0 occupations
   1.0000   1.0000   1.0000
beta m=1 occupations
   1.0000
EDIIS+DIIS step
Evaluated energy -458.0447394824 (change from lowest 6.869535e-05)
Density matrix difference 4.643572e-04 between lowest-energy and newest entry


Iteration 72: 72 Fock evaluations energy -458.0448081778 change  0.000000e+00 DIIS error vector rms norm 1.546383e-04
History size 10
alpha m=-1 occupations
   1.0000   1.0000
alpha m=0 occupations
   1.0000   1.0000   1.0000   1.0000   1.0000   1.0000
alpha m=1 occupations
   1.0000   1.0000   1.0000
alpha m=2 occupations
   1.0000
beta m=-1 occupations
   1.0000
beta m=0 occupations
   1.0000   1.0000   1.0000
beta m=1 occupations
   1.0000
EDIIS+DIIS step
Evaluated energy -458.0447421915 (change from lowest 6.598631e-05)
Density matrix difference 4.457460e-04 between lowest-energy and newest entry


Iteration 73: 73 Fock evaluations energy -458.0448081778 change  0.000000e+00 DIIS error vector rms norm 1.546383e-04
History size 10
alpha m=-1 occupations
   1.0000   1.0000
alpha m=0 occupations
   1.0000   1.0000   1.0000   1.0000   1.0000   1.0000
alpha m=1 occupations
   1.0000   1.0000   1.0000
alpha m=2 occupations
   1.0000
beta m=-1 occupations
   1.0000
beta m=0 occupations
   1.0000   1.0000   1.0000
beta m=1 occupations
   1.0000
EDIIS+DIIS step
Evaluated energy -458.0447587649 (change from lowest 4.941292e-05)
Density matrix difference 3.323462e-04 between lowest-energy and newest entry


Iteration 74: 74 Fock evaluations energy -458.0448081778 change  0.000000e+00 DIIS error vector rms norm 1.546383e-04
History size 10
alpha m=-1 occupations
   1.0000   1.0000
alpha m=0 occupations
   1.0000   1.0000   1.0000   1.0000   1.0000   1.0000
alpha m=1 occupations
   1.0000   1.0000   1.0000
alpha m=2 occupations
   1.0000
beta m=-1 occupations
   1.0000
beta m=0 occupations
   1.0000   1.0000   1.0000
beta m=1 occupations
   1.0000
EDIIS+DIIS step
Evaluated energy -458.0447613162 (change from lowest 4.686161e-05)
Density matrix difference 3.149937e-04 between lowest-energy and newest entry


Iteration 75: 75 Fock evaluations energy -458.0448081778 change  0.000000e+00 DIIS error vector rms norm 1.546383e-04
History size 10
alpha m=-1 occupations
   1.0000   1.0000
alpha m=0 occupations
   1.0000   1.0000   1.0000   1.0000   1.0000   1.0000
alpha m=1 occupations
   1.0000   1.0000   1.0000
alpha m=2 occupations
   1.0000
beta m=-1 occupations
   1.0000
beta m=0 occupations
   1.0000   1.0000   1.0000
beta m=1 occupations
   1.0000
EDIIS+DIIS step
Evaluated energy -458.0447766899 (change from lowest 3.148785e-05)
Density matrix difference 2.107722e-04 between lowest-energy and newest entry


Iteration 76: 76 Fock evaluations energy -458.0448081778 change  0.000000e+00 DIIS error vector rms norm 1.546383e-04
History size 10
alpha m=-1 occupations
   1.0000   1.0000
alpha m=0 occupations
   1.0000   1.0000   1.0000   1.0000   1.0000   1.0000
alpha m=1 occupations
   1.0000   1.0000   1.0000
alpha m=2 occupations
   1.0000
beta m=-1 occupations
   1.0000
beta m=0 occupations
   1.0000   1.0000   1.0000
beta m=1 occupations
   1.0000
Switching to optimal damping for next iterations
EDIIS+DIIS step
Evaluated energy -458.0447817995 (change from lowest 2.637828e-05)
Density matrix difference 1.763207e-04 between lowest-energy and newest entry


Iteration 77: 77 Fock evaluations energy -458.0448081778 change  0.000000e+00 DIIS error vector rms norm 1.546383e-04
History size 10
alpha m=-1 occupations
   1.0000   1.0000
alpha m=0 occupations
   1.0000   1.0000   1.0000   1.0000   1.0000   1.0000
alpha m=1 occupations
   1.0000   1.0000   1.0000
alpha m=2 occupations
   1.0000
beta m=-1 occupations
   1.0000
beta m=0 occupations
   1.0000   1.0000   1.0000
beta m=1 occupations
   1.0000
Switching to optimal damping for next iterations
EDIIS+DIIS step
Evaluated energy -458.0447919354 (change from lowest 1.624239e-05)
Density matrix difference 1.081984e-04 between lowest-energy and newest entry


Iteration 78: 78 Fock evaluations energy -458.0448081778 change  0.000000e+00 DIIS error vector rms norm 1.546383e-04
History size 10
alpha m=-1 occupations
   1.0000   1.0000
alpha m=0 occupations
   1.0000   1.0000   1.0000   1.0000   1.0000   1.0000
alpha m=1 occupations
   1.0000   1.0000   1.0000
alpha m=2 occupations
   1.0000
beta m=-1 occupations
   1.0000
beta m=0 occupations
   1.0000   1.0000   1.0000
beta m=1 occupations
   1.0000
Switching to optimal damping for next iterations
EDIIS+DIIS step
Evaluated energy -458.0447928645 (change from lowest 1.531324e-05)
Density matrix difference 1.019666e-04 between lowest-energy and newest entry


Iteration 79: 79 Fock evaluations energy -458.0448081778 change  0.000000e+00 DIIS error vector rms norm 1.546383e-04
History size 10
alpha m=-1 occupations
   1.0000   1.0000
alpha m=0 occupations
   1.0000   1.0000   1.0000   1.0000   1.0000   1.0000
alpha m=1 occupations
   1.0000   1.0000   1.0000
alpha m=2 occupations
   1.0000
beta m=-1 occupations
   1.0000
beta m=0 occupations
   1.0000   1.0000   1.0000
beta m=1 occupations
   1.0000
Switching to optimal damping for next iterations
EDIIS+DIIS step
Evaluated energy -458.0447848547 (change from lowest 2.332311e-05)
Density matrix difference 1.557361e-04 between lowest-energy and newest entry


Iteration 80: 80 Fock evaluations energy -458.0448081778 change  0.000000e+00 DIIS error vector rms norm 1.546383e-04
History size 10
alpha m=-1 occupations
   1.0000   1.0000
alpha m=0 occupations
   1.0000   1.0000   1.0000   1.0000   1.0000   1.0000
alpha m=1 occupations
   1.0000   1.0000   1.0000
alpha m=2 occupations
   1.0000
beta m=-1 occupations
   1.0000
beta m=0 occupations
   1.0000   1.0000   1.0000
beta m=1 occupations
   1.0000
Switching to optimal damping for next iterations
EDIIS+DIIS step
Evaluated energy -458.0447828879 (change from lowest 2.528988e-05)
Density matrix difference 1.689744e-04 between lowest-energy and newest entry


Iteration 81: 81 Fock evaluations energy -458.0448081778 change  0.000000e+00 DIIS error vector rms norm 1.546383e-04
History size 10
alpha m=-1 occupations
   1.0000   1.0000
alpha m=0 occupations
   1.0000   1.0000   1.0000   1.0000   1.0000   1.0000
alpha m=1 occupations
   1.0000   1.0000   1.0000
alpha m=2 occupations
   1.0000
beta m=-1 occupations
   1.0000
beta m=0 occupations
   1.0000   1.0000   1.0000
beta m=1 occupations
   1.0000
Switching to optimal damping for next iterations
EDIIS+DIIS step
Evaluated energy -458.0448178200 (change from lowest -9.642229e-06)
Density matrix difference 2.333183e-04 between lowest-energy and newest entry


Iteration 82: 82 Fock evaluations energy -458.0448178200 change -9.642229e-06 DIIS error vector rms norm 1.553228e-04
History size 10
alpha m=-1 occupations
   1.0000   1.0000
alpha m=0 occupations
   1.0000   1.0000   1.0000   1.0000   1.0000   1.0000
alpha m=1 occupations
   1.0000   1.0000   1.0000
alpha m=2 occupations
   1.0000
beta m=-1 occupations
   1.0000
beta m=0 occupations
   1.0000   1.0000   1.0000
beta m=1 occupations
   1.0000
EDIIS+DIIS step
Evaluated energy -458.0448041957 (change from lowest 1.362432e-05)
Density matrix difference 9.042760e-05 between lowest-energy and newest entry


Iteration 83: 83 Fock evaluations energy -458.0448178200 change  0.000000e+00 DIIS error vector rms norm 1.553228e-04
History size 10
alpha m=-1 occupations
   1.0000   1.0000
alpha m=0 occupations
   1.0000   1.0000   1.0000   1.0000   1.0000   1.0000
alpha m=1 occupations
   1.0000   1.0000   1.0000
alpha m=2 occupations
   1.0000
beta m=-1 occupations
   1.0000
beta m=0 occupations
   1.0000   1.0000   1.0000
beta m=1 occupations
   1.0000
EDIIS+DIIS step
Evaluated energy -458.0448382821 (change from lowest -2.046211e-05)
Density matrix difference 2.255363e-04 between lowest-energy and newest entry


Iteration 84: 84 Fock evaluations energy -458.0448382821 change -2.046211e-05 DIIS error vector rms norm 1.567586e-04
History size 10
alpha m=-1 occupations
   1.0000   1.0000
alpha m=0 occupations
   1.0000   1.0000   1.0000   1.0000   1.0000   1.0000
alpha m=1 occupations
   1.0000   1.0000   1.0000
alpha m=2 occupations
   1.0000
beta m=-1 occupations
   1.0000
beta m=0 occupations
   1.0000   1.0000   1.0000
beta m=1 occupations
   1.0000
EDIIS+DIIS step
Evaluated energy -458.0448153647 (change from lowest 2.291738e-05)
Density matrix difference 1.507936e-04 between lowest-energy and newest entry


Iteration 85: 85 Fock evaluations energy -458.0448382821 change  0.000000e+00 DIIS error vector rms norm 1.567586e-04
History size 10
alpha m=-1 occupations
   1.0000   1.0000
alpha m=0 occupations
   1.0000   1.0000   1.0000   1.0000   1.0000   1.0000
alpha m=1 occupations
   1.0000   1.0000   1.0000
alpha m=2 occupations
   1.0000
beta m=-1 occupations
   1.0000
beta m=0 occupations
   1.0000   1.0000   1.0000
beta m=1 occupations
   1.0000
EDIIS+DIIS step
Evaluated energy -458.0448403045 (change from lowest -2.022359e-06)
Density matrix difference 1.644095e-04 between lowest-energy and newest entry


Iteration 86: 86 Fock evaluations energy -458.0448403045 change -2.022359e-06 DIIS error vector rms norm 1.569035e-04
History size 10
alpha m=-1 occupations
   1.0000   1.0000
alpha m=0 occupations
   1.0000   1.0000   1.0000   1.0000   1.0000   1.0000
alpha m=1 occupations
   1.0000   1.0000   1.0000
alpha m=2 occupations
   1.0000
beta m=-1 occupations
   1.0000
beta m=0 occupations
   1.0000   1.0000   1.0000
beta m=1 occupations
   1.0000
EDIIS+DIIS step
Evaluated energy -458.0448284529 (change from lowest 1.185160e-05)
Density matrix difference 7.772136e-05 between lowest-energy and newest entry


Iteration 87: 87 Fock evaluations energy -458.0448403045 change  0.000000e+00 DIIS error vector rms norm 1.569035e-04
History size 10
alpha m=-1 occupations
   1.0000   1.0000
alpha m=0 occupations
   1.0000   1.0000   1.0000   1.0000   1.0000   1.0000
alpha m=1 occupations
   1.0000   1.0000   1.0000
alpha m=2 occupations
   1.0000
beta m=-1 occupations
   1.0000
beta m=0 occupations
   1.0000   1.0000   1.0000
beta m=1 occupations
   1.0000
EDIIS+DIIS step
Evaluated energy -458.0448376882 (change from lowest 2.616234e-06)
Density matrix difference 1.702154e-05 between lowest-energy and newest entry


Iteration 88: 88 Fock evaluations energy -458.0448403045 change  0.000000e+00 DIIS error vector rms norm 1.569035e-04
History size 10
alpha m=-1 occupations
   1.0000   1.0000
alpha m=0 occupations
   1.0000   1.0000   1.0000   1.0000   1.0000   1.0000
alpha m=1 occupations
   1.0000   1.0000   1.0000
alpha m=2 occupations
   1.0000
beta m=-1 occupations
   1.0000
beta m=0 occupations
   1.0000   1.0000   1.0000
beta m=1 occupations
   1.0000
EDIIS+DIIS step
Evaluated energy -458.0448363123 (change from lowest 3.992194e-06)
Density matrix difference 2.603294e-05 between lowest-energy and newest entry


Iteration 89: 89 Fock evaluations energy -458.0448403045 change  0.000000e+00 DIIS error vector rms norm 1.569035e-04
History size 10
alpha m=-1 occupations
   1.0000   1.0000
alpha m=0 occupations
   1.0000   1.0000   1.0000   1.0000   1.0000   1.0000
alpha m=1 occupations
   1.0000   1.0000   1.0000
alpha m=2 occupations
   1.0000
beta m=-1 occupations
   1.0000
beta m=0 occupations
   1.0000   1.0000   1.0000
beta m=1 occupations
   1.0000
EDIIS+DIIS step
Evaluated energy -458.0448440053 (change from lowest -3.700793e-06)
Density matrix difference 5.037674e-05 between lowest-energy and newest entry


Iteration 90: 90 Fock evaluations energy -458.0448440053 change -3.700793e-06 DIIS error vector rms norm 1.571619e-04
History size 10
alpha m=-1 occupations
   1.0000   1.0000
alpha m=0 occupations
   1.0000   1.0000   1.0000   1.0000   1.0000   1.0000
alpha m=1 occupations
   1.0000   1.0000   1.0000
alpha m=2 occupations
   1.0000
beta m=-1 occupations
   1.0000
beta m=0 occupations
   1.0000   1.0000   1.0000
beta m=1 occupations
   1.0000
EDIIS+DIIS step
Evaluated energy -458.0448698517 (change from lowest -2.584647e-05)
Density matrix difference 1.680782e-04 between lowest-energy and newest entry


Iteration 91: 91 Fock evaluations energy -458.0448698517 change -2.584647e-05 DIIS error vector rms norm 1.589439e-04
History size 10
alpha m=-1 occupations
   1.0000   1.0000
alpha m=0 occupations
   1.0000   1.0000   1.0000   1.0000   1.0000   1.0000
alpha m=1 occupations
   1.0000   1.0000   1.0000
alpha m=2 occupations
   1.0000
beta m=-1 occupations
   1.0000
beta m=0 occupations
   1.0000   1.0000   1.0000
beta m=1 occupations
   1.0000
EDIIS+DIIS step
Evaluated energy -458.0448927435 (change from lowest -2.289175e-05)
Density matrix difference 1.475609e-04 between lowest-energy and newest entry


Iteration 92: 92 Fock evaluations energy -458.0448927435 change -2.289175e-05 DIIS error vector rms norm 1.605075e-04
History size 10
alpha m=-1 occupations
   1.0000   1.0000
alpha m=0 occupations
   1.0000   1.0000   1.0000   1.0000   1.0000   1.0000
alpha m=1 occupations
   1.0000   1.0000   1.0000
alpha m=2 occupations
   1.0000
beta m=-1 occupations
   1.0000
beta m=0 occupations
   1.0000   1.0000   1.0000
beta m=1 occupations
   1.0000
EDIIS+DIIS step
Evaluated energy -458.0448436591 (change from lowest 4.908444e-05)
Density matrix difference 3.169489e-04 between lowest-energy and newest entry


Iteration 93: 93 Fock evaluations energy -458.0448927435 change  0.000000e+00 DIIS error vector rms norm 1.605075e-04
History size 10
alpha m=-1 occupations
   1.0000   1.0000
alpha m=0 occupations
   1.0000   1.0000   1.0000   1.0000   1.0000   1.0000
alpha m=1 occupations
   1.0000   1.0000   1.0000
alpha m=2 occupations
   1.0000
beta m=-1 occupations
   1.0000
beta m=0 occupations
   1.0000   1.0000   1.0000
beta m=1 occupations
   1.0000
EDIIS+DIIS step
Evaluated energy -458.0448803845 (change from lowest 1.235902e-05)
Density matrix difference 7.886161e-05 between lowest-energy and newest entry


Iteration 94: 94 Fock evaluations energy -458.0448927435 change  0.000000e+00 DIIS error vector rms norm 1.605075e-04
History size 10
alpha m=-1 occupations
   1.0000   1.0000
alpha m=0 occupations
   1.0000   1.0000   1.0000   1.0000   1.0000   1.0000
alpha m=1 occupations
   1.0000   1.0000   1.0000
alpha m=2 occupations
   1.0000
beta m=-1 occupations
   1.0000
beta m=0 occupations
   1.0000   1.0000   1.0000
beta m=1 occupations
   1.0000
EDIIS+DIIS step
Evaluated energy -458.0448619506 (change from lowest 3.079285e-05)
Density matrix difference 1.977884e-04 between lowest-energy and newest entry


Iteration 95: 95 Fock evaluations energy -458.0448927435 change  0.000000e+00 DIIS error vector rms norm 1.605075e-04
History size 10
alpha m=-1 occupations
   1.0000   1.0000
alpha m=0 occupations
   1.0000   1.0000   1.0000   1.0000   1.0000   1.0000
alpha m=1 occupations
   1.0000   1.0000   1.0000
alpha m=2 occupations
   1.0000
beta m=-1 occupations
   1.0000
beta m=0 occupations
   1.0000   1.0000   1.0000
beta m=1 occupations
   1.0000
EDIIS+DIIS step
Evaluated energy -458.0448922524 (change from lowest 4.911249e-07)
Density matrix difference 3.163498e-06 between lowest-energy and newest entry


Iteration 96: 96 Fock evaluations energy -458.0448927435 change  0.000000e+00 DIIS error vector rms norm 1.605075e-04
History size 10
alpha m=-1 occupations
   1.0000   1.0000
alpha m=0 occupations
   1.0000   1.0000   1.0000   1.0000   1.0000   1.0000
alpha m=1 occupations
   1.0000   1.0000   1.0000
alpha m=2 occupations
   1.0000
beta m=-1 occupations
   1.0000
beta m=0 occupations
   1.0000   1.0000   1.0000
beta m=1 occupations
   1.0000
EDIIS+DIIS step
Evaluated energy -458.0448751971 (change from lowest 1.754640e-05)
Density matrix difference 1.120800e-04 between lowest-energy and newest entry


Iteration 97: 97 Fock evaluations energy -458.0448927435 change  0.000000e+00 DIIS error vector rms norm 1.605075e-04
History size 10
alpha m=-1 occupations
   1.0000   1.0000
alpha m=0 occupations
   1.0000   1.0000   1.0000   1.0000   1.0000   1.0000
alpha m=1 occupations
   1.0000   1.0000   1.0000
alpha m=2 occupations
   1.0000
beta m=-1 occupations
   1.0000
beta m=0 occupations
   1.0000   1.0000   1.0000
beta m=1 occupations
   1.0000
Switching to optimal damping for next iterations
EDIIS+DIIS step
Evaluated energy -458.0448984413 (change from lowest -5.697843e-06)
Density matrix difference 1.489779e-04 between lowest-energy and newest entry


Iteration 98: 98 Fock evaluations energy -458.0448984413 change -5.697843e-06 DIIS error vector rms norm 1.609004e-04
History size 10
alpha m=-1 occupations
   1.0000   1.0000
alpha m=0 occupations
   1.0000   1.0000   1.0000   1.0000   1.0000   1.0000
alpha m=1 occupations
   1.0000   1.0000   1.0000
alpha m=2 occupations
   1.0000
beta m=-1 occupations
   1.0000
beta m=0 occupations
   1.0000   1.0000   1.0000
beta m=1 occupations
   1.0000
EDIIS+DIIS step
Evaluated energy -458.0449008100 (change from lowest -2.368707e-06)
Density matrix difference 1.516642e-05 between lowest-energy and newest entry


Iteration 99: 99 Fock evaluations energy -458.0449008100 change -2.368707e-06 DIIS error vector rms norm 1.610609e-04
History size 10
alpha m=-1 occupations
   1.0000   1.0000
alpha m=0 occupations
   1.0000   1.0000   1.0000   1.0000   1.0000   1.0000
alpha m=1 occupations
   1.0000   1.0000   1.0000
alpha m=2 occupations
   1.0000
beta m=-1 occupations
   1.0000
beta m=0 occupations
   1.0000   1.0000   1.0000
beta m=1 occupations
   1.0000
EDIIS+DIIS step
Evaluated energy -458.0449196655 (change from lowest -1.885548e-05)
Density matrix difference 1.197019e-04 between lowest-energy and newest entry


Iteration 100: 100 Fock evaluations energy -458.0449196655 change -1.885548e-05 DIIS error vector rms norm 1.623256e-04
History size 10
alpha m=-1 occupations
   1.0000   1.0000
alpha m=0 occupations
   1.0000   1.0000   1.0000   1.0000   1.0000   1.0000
alpha m=1 occupations
   1.0000   1.0000   1.0000
alpha m=2 occupations
   1.0000
beta m=-1 occupations
   1.0000
beta m=0 occupations
   1.0000   1.0000   1.0000
beta m=1 occupations
   1.0000
EDIIS+DIIS step
Evaluated energy -458.0449222931 (change from lowest -2.627561e-06)
Density matrix difference 1.678462e-05 between lowest-energy and newest entry

Running program took 2.18 s.
