ERKALE - HF/DFT from Hel, OpenMP version, running on 8 cores.
(c) Susi Lehtola, 2010-2016.

This program is free software; you can redistribute it and/or modify
it under the terms of the GNU General Public License as published by
the Free Software Foundation; either version 2 of the License, or
(at your option) any later version.

Running on host silver.

Current time is Fri 13 Mar 2026 07:12:00.

Current Settings used by ERKALE:
     AtomGuess      	                Auto	Method used for atomic guess (Auto for same as method)
     Basis          	         aug-cc-pVTZ	Basis set used in calculation
     BasisCutoff    	           1.000e-08	Cutoff for dropping out small primitives from contraction
     BasisOrth      	                Auto	Method of orthonormalization of basis set
     BasisRotate    	               false	Rotate basis set to remove redundant functions?
     Charge         	                   0	Total charge of system
     CholDepThresh  	           1.000e-07	Partial Cholesky decomposition threshold
     Cholesky       	                true	Use Cholesky decomposition?
     CholeskyMode   	                   0	Save/load integrals? 0 no, 1 save, -1 load
     CholeskyNAFThr 	           0.000e+00	Cholesky natural auxiliary function threshold
     CholeskyShThr  	           1.000e-02	Cholesky cache threshold
     CholeskyThr    	           1.000e-07	Cholesky decomposition threshold
     Complexbas     	                true	Use complex basis?
     Confinement    	         0.0 0.0 0.0	Confinement potential V(r) = V_i x_i^2
     ConvThr        	           1.000e-06	Orbital gradient convergence threshold
     DFTBasisThr    	           1.000e-10	Threshold for screening basis functions on grid
     DFTCpars       	                    	Override parameters of correlation functional (expert)
     DFTDelta       	           1.000e+02	Switch to final DFT grid has converged within factor X
     DFTDensityThr  	           1.000e-10	Threshold for screening density on grid
     DFTFinalTol    	           1.000e-05	Tolerance of final DFT grid
     DFTGrid        	             75 -302	DFT integration grid to use: nrad lmax or Auto for adaptive
     DFTInitialTol  	           1.000e-04	Tolerance of initial DFT grid
     DFTLobatto     	               false	Use Lobatto quadrature instead of Lebedev quadrature?
     DFTQuadThresh  	           2.220e-16	Threshold for pruning points with small quadrature weight
     DFTXpars       	                    	Override parameters of exchange functional (expert)
     DIISComb       	               false	Combine alpha and beta errors in unrestricted calcs?
     DIISEps        	           1.000e-01	Start mixing in DIIS when error is
     DIISOrder      	                  10	How many DIIS iterations to keep in memory?
     DIISThr        	           1.000e-02	DIIS error threshold for DIIS updates
     DecFock        	               false	Use decontracted basis to calculate Fock matrix (direct HF)
     Decontract     	                   *	Indices of atoms to decontract basis set for
     DensityFitting 	               false	Use density fitting / RI?
     Direct         	               false	Calculate two-electron integrals (or density fitting) on-the-fly?
     EField         	         0.0 0.0 0.0	Electric field
     ErrorNorm      	                 rms	Error norm to use in the SCF code
     FittingBasis   	                Auto	Basis to use for density fitting / RI (Auto for automatic)
     FittingCholeskyThreshold	           1.000e-08	Linear dependence threshold for pivoted Cholesky of Coulomb integrals in density fitting
     FittingMemory  	                1000	Amount of memory in MB to use for exchange fitting
     FittingThreshold	           1.000e-07	Linear dependence threshold for Coulomb integrals in density fitting
     Guess          	                core	Used guess: SAD (default), SADNO, core, GWH, SAP, or SAPfit
     InitConvThr    	           1.000e-05	Initialization convergence threshold
     InputBohr      	               false	Use atomic units as input units instead of angstrom?
     IntegralThresh 	           1.000e-10	Integral screening threshold
     Kgwh           	           1.750e+00	Scaling constant for GWH
     LinDepThresh   	           1.000e-05	Basis set linear dependency threshold
     LinearB        	           1.000e-01	Magnetic field along bond axis
     LinearFreeze   	               false	If using linear symmetry, freeze symmetry to input guess
     LinearOccupationFile	     ../../Cl_8.occs	File to read linear occupations from
     LinearOccupations	                  -1	Read in occupations for linear molecule calculations?
     LinearSymmetry 	                true	Do special calculation on linear molecule along z axis
     LoadChk        	                    	Checkpoint file to load from
     Logfile        	          erkale.log	File to print out full information, stdout for screen
     MaxInitIter    	                 100	Maximum number of iterations in the stepwise solutions
     MaxIter        	                 100	Maximum number of iterations in SCF cycle
     Method         	                  HF	Method used in calculation (HF or a DFT functional)
     Multiplicity   	                   8	Spin multiplicity
     NLGrid         	             50 -194	Integration grid to use for nonlocal correlation: nrad lmax
     Occupancies    	                    	Orbital occupancies
     OptLM          	               false	If spherical harmonics used, use cartesian s and p functions?
     PZ             	               false	Perform Perdew-Zunger self-interaction correction?
     PZEthr         	           1.000e-10	Threshold for energy convergence
     PZIthr         	           1.000e-02	Threshold for initialization convergence (not too small!)
     PZNRthr        	           0.000e+00	Threshold for use of NR method in OO optimization
     PZOOthr        	           1.000e-04	Gradient threshold for OO optimization
     PZOVthr        	           1.000e-05	Gradient threshold for OV optimization
     PZimag         	                Auto	Imaginary degrees of freedom in PZ?
     PZiter         	                  20	Max number of iterations in self-consistency iteration
     PZloc          	                Auto	Initial localization before SIC calculation?
     PZlocmet       	                  FB	Initial localization method (recommend FB or IAO)
     PZmode         	                  XC	Apply PZ to the operators (in addition to J): X C D
     PZoo           	                true	Optimize OO block?
     PZov           	                true	Optimize OV block?
     PZprec         	                   1	Precondition OV block? 0: no, 1: unified, 2: orbital
     PZrand         	                true	Apply random rotation in PZ initialization? (Should be true)
     PZscale        	            Constant	Scaling for PZ: Constant, Density or Kinetic
     PZscaleExp     	           1.000e+00	Exponent in the dynamic scaling equation
     PZseed         	                   0	Seed number for randomized matrices?
     PZstab         	                   0	Stability analysis for PZ-SIC? 1 or -1 for OO, 2 or -2 for OO+OV
     PZstabThr      	           1.000e-03	Instability threshold (interpreted as -thr)
     PZw            	           1.000e+00	Weight for Perdew-Zunger self-interaction correction
     Restricted     	               false	Spin restricted?
     SAPBasis       	    helfem_large.gbs	Tabulated atomic effective potential "basis set"
     SAPGrid        	                    	SAP integration grid to use: nrad lmax or leave empty
     SaveChk        	   complex_basis.chk	Checkpoint file to save to
     Shift          	           0.000e+00	Level shift to use in Hartree
     System         	        ../atoms.xyz	System as an xyz file
     TRRHminS       	           9.750e-01	Trust-Region Roothaan-Hall minimal occupied orbital overlap
     UseADIIS       	                true	Use ADIIS for Fock matrix interpolation?
     UseBroyden     	               false	Use Broyden mixing of Fock matrices?
     UseDIIS        	                true	Use Pulay's Direct Inversion in the Iterative Subspace?
     UseLM          	                true	Use a spherical harmonics basis set by default?
     UseTRRH        	               false	Use Trust-Region Roothaan-Hall?
     VV10           	                Auto	Use VV10 non-local correlation?
     VV10Pars       	                    	VV10 parameters: b C
     Verbose        	                true	Verbose calculation?
     Verbosity      	                   5	Verboseness level

Basis set aug-cc-pVTZ found in file aug-cc-pVTZ.gbs in /home/lehtola/programs/erkale/basis/.
Basis set helfem_large.gbs found in file helfem_large.gbs in /home/lehtola/programs/erkale/basis/.
Screening by shell pairs and symmetry reduced dofs by factor 1.98.
Individual screening reduced dofs by a total factor 1.98.
Computing Cholesky vectors. Estimated memory size is 4 Mi - 16 Mi.
Cholesky vectors no     0 -     0 computed, error is 9.637681e+01 (0.00 s).
Cholesky vectors no     1 -     1 computed, error is 3.555344e+01 (0.00 s).
Cholesky vectors no     2 -     2 computed, error is 1.310548e+01 (0.00 s).
Cholesky vectors no     3 -     8 computed, error is 5.015843e+00 (0.00 s).
Cholesky vectors no     9 -    11 computed, error is 4.718478e+00 (0.00 s).
Cholesky vectors no    12 -    12 computed, error is 3.803486e+00 (0.00 s).
Cholesky vectors no    13 -    18 computed, error is 1.347243e+00 (0.00 s).
Cholesky vectors no    19 -    21 computed, error is 1.083655e+00 (0.00 s).
Cholesky vectors no    22 -    22 computed, error is 1.081438e+00 (0.00 s).
Cholesky vectors no    23 -    28 computed, error is 9.538501e-01 (0.00 s).
Cholesky vectors no    29 -    34 computed, error is 5.882904e-01 (0.00 s).
Cholesky vectors no    35 -    35 computed, error is 5.550512e-01 (0.00 s).
Cholesky vectors no    36 -    38 computed, error is 4.316932e-01 (0.00 s).
Cholesky vectors no    39 -    53 computed, error is 3.466844e-01 (0.00 s).
Cholesky vectors no    54 -    56 computed, error is 2.046669e-01 (0.00 s).
Cholesky vectors no    57 -    59 computed, error is 1.469549e-01 (0.00 s).
Cholesky vectors no    60 -    87 computed, error is 1.143100e-01 (0.00 s).
Cholesky vectors no    88 -    97 computed, error is 1.053262e-01 (0.00 s).
Cholesky vectors no    98 -   103 computed, error is 6.540330e-02 (0.00 s).
Cholesky vectors no   104 -   106 computed, error is 6.449093e-02 (0.00 s).
Cholesky vectors no   107 -   107 computed, error is 5.641790e-02 (0.00 s).
Cholesky vectors no   108 -   128 computed, error is 5.397188e-02 (0.00 s).
Cholesky vectors no   129 -   134 computed, error is 5.240629e-02 (0.00 s).
Cholesky vectors no   135 -   140 computed, error is 4.532950e-02 (0.00 s).
Cholesky vectors no   141 -   143 computed, error is 2.623731e-02 (0.00 s).
Cholesky vectors no   144 -   149 computed, error is 1.970004e-02 (0.00 s).
Cholesky vectors no   150 -   177 computed, error is 1.679045e-02 (0.01 s).
Cholesky vectors no   178 -   180 computed, error is 1.414104e-02 (0.00 s).
Cholesky vectors no   181 -   190 computed, error is 1.108486e-02 (0.00 s).
Cholesky vectors no   191 -   211 computed, error is 7.830966e-03 (0.01 s).
Cholesky vectors no   212 -   214 computed, error is 6.754740e-03 (0.00 s).
Cholesky vectors no   215 -   215 computed, error is 5.132336e-03 (0.00 s).
Cholesky vectors no   216 -   230 computed, error is 4.756030e-03 (0.00 s).
Cholesky vectors no   231 -   233 computed, error is 2.875727e-03 (0.00 s).
Cholesky vectors no   234 -   239 computed, error is 1.812884e-03 (0.00 s).
Cholesky vectors no   240 -   242 computed, error is 1.495792e-03 (0.00 s).
Cholesky vectors no   243 -   252 computed, error is 1.247695e-03 (0.00 s).
Cholesky vectors no   253 -   273 computed, error is 8.886378e-04 (0.00 s).
Cholesky vectors no   274 -   274 computed, error is 6.161404e-04 (0.00 s).
Cholesky vectors no   275 -   280 computed, error is 5.030387e-04 (0.00 s).
Cholesky vectors no   281 -   283 computed, error is 3.712539e-04 (0.00 s).
Cholesky vectors no   284 -   289 computed, error is 3.350736e-04 (0.00 s).
Cholesky vectors no   290 -   296 computed, error is 2.802812e-04 (0.00 s).
Cholesky vectors no   297 -   317 computed, error is 2.610857e-04 (0.01 s).
Cholesky vectors no   318 -   345 computed, error is 1.426736e-04 (0.01 s).
Cholesky vectors no   346 -   346 computed, error is 1.101989e-04 (0.00 s).
Cholesky vectors no   347 -   347 computed, error is 1.011380e-04 (0.00 s).
Cholesky vectors no   348 -   350 computed, error is 9.436680e-05 (0.00 s).
Cholesky vectors no   351 -   364 computed, error is 9.187285e-05 (0.00 s).
Cholesky vectors no   365 -   367 computed, error is 7.016673e-05 (0.00 s).
Cholesky vectors no   368 -   370 computed, error is 5.200753e-05 (0.00 s).
Cholesky vectors no   371 -   376 computed, error is 5.078311e-05 (0.00 s).
Cholesky vectors no   377 -   383 computed, error is 3.402618e-05 (0.00 s).
Cholesky vectors no   384 -   386 computed, error is 1.836209e-05 (0.00 s).
Cholesky vectors no   387 -   387 computed, error is 1.462962e-05 (0.00 s).
Cholesky vectors no   388 -   396 computed, error is 1.313038e-05 (0.00 s).
Cholesky vectors no   397 -   402 computed, error is 8.158766e-06 (0.01 s).
Cholesky vectors no   403 -   412 computed, error is 7.101175e-06 (0.00 s).
Cholesky vectors no   413 -   413 computed, error is 5.731291e-06 (0.00 s).
Cholesky vectors no   414 -   419 computed, error is 4.908414e-06 (0.00 s).
Cholesky vectors no   420 -   426 computed, error is 3.633046e-06 (0.00 s).
Cholesky vectors no   427 -   440 computed, error is 3.087734e-06 (0.00 s).
Cholesky vectors no   441 -   446 computed, error is 2.397011e-06 (0.00 s).
Cholesky vectors no   447 -   449 computed, error is 1.306165e-06 (0.00 s).
Cholesky vectors no   450 -   452 computed, error is 1.195459e-06 (0.00 s).
Cholesky vectors no   453 -   473 computed, error is 1.070572e-06 (0.01 s).
Cholesky vectors no   474 -   476 computed, error is 1.048962e-06 (0.00 s).
Cholesky vectors no   477 -   482 computed, error is 8.409607e-07 (0.00 s).
Cholesky vectors no   483 -   491 computed, error is 4.294319e-07 (0.00 s).
Cholesky vectors no   492 -   492 computed, error is 3.179315e-07 (0.00 s).
Cholesky vectors no   493 -   495 computed, error is 2.915369e-07 (0.00 s).
Cholesky vectors no   496 -   509 computed, error is 2.520545e-07 (0.01 s).
Cholesky vectors no   510 -   516 computed, error is 2.033780e-07 (0.00 s).
Cholesky vectors no   517 -   519 computed, error is 1.231499e-07 (0.00 s).
Cholesky vectors no   520 -   525 computed, error is 5.769870e-08 (0.00 s).
Cholesky decomposition finished in 0.16 s. Realized memory size is 12 Mi 1005 ki.
Time use: integrals 12.1 %, linear algebra 87.9 %.
494 shell pairs and 1 nuclei
SAP potential formed in 0.002 s.
Smallest eigenvalue of overlap matrix is 3.06e-01, reciprocal condition number is 1.81e-01.
Using symmetric orthogonalization.
Smallest eigenvalue of overlap matrix is 1.82e-01, reciprocal condition number is 9.01e-02.
Using symmetric orthogonalization.
Smallest eigenvalue of overlap matrix is 2.03e-02, reciprocal condition number is 6.33e-03.
Using symmetric orthogonalization.
Smallest eigenvalue of overlap matrix is 1.76e-03, reciprocal condition number is 3.69e-04.
Using symmetric orthogonalization.
Smallest eigenvalue of overlap matrix is 2.03e-02, reciprocal condition number is 6.33e-03.
Using symmetric orthogonalization.
Smallest eigenvalue of overlap matrix is 1.82e-01, reciprocal condition number is 9.01e-02.
Using symmetric orthogonalization.
Smallest eigenvalue of overlap matrix is 3.06e-01, reciprocal condition number is 1.81e-01.
Using symmetric orthogonalization.
Nela = 12 Nelb = 5



Solving SCF
Evaluated energy -419.9648832471 (change from lowest -4.199649e+02)


Iteration 1: 1 Fock evaluations energy -419.9648832471 change -4.199649e+02 DIIS error vector rms norm 6.874974e-01
History size 1
alpha m=-1 occupations
   1.0000   1.0000
alpha m=0 occupations
   1.0000   1.0000   1.0000   1.0000   1.0000   1.0000
alpha m=1 occupations
   1.0000   1.0000   1.0000
alpha m=2 occupations
   1.0000
beta m=-1 occupations
   1.0000
beta m=0 occupations
   1.0000   1.0000   1.0000
beta m=1 occupations
   1.0000
EDIIS step
Evaluated energy -449.7825406224 (change from lowest -2.981766e+01)
Density matrix difference 6.968667e-01 between lowest-energy and newest entry


Iteration 2: 2 Fock evaluations energy -449.7825406224 change -2.981766e+01 DIIS error vector rms norm 2.044092e-01
History size 2
alpha m=-1 occupations
   1.0000   1.0000
alpha m=0 occupations
   1.0000   1.0000   1.0000   1.0000   1.0000   1.0000
alpha m=1 occupations
   1.0000   1.0000   1.0000
alpha m=2 occupations
   1.0000
beta m=-1 occupations
   1.0000
beta m=0 occupations
   1.0000   1.0000   1.0000
beta m=1 occupations
   1.0000
EDIIS step
Evaluated energy -457.3711712072 (change from lowest -7.588631e+00)
Density matrix difference 5.490629e-01 between lowest-energy and newest entry


Iteration 3: 3 Fock evaluations energy -457.3711712072 change -7.588631e+00 DIIS error vector rms norm 5.126452e-02
History size 3
alpha m=-1 occupations
   1.0000   1.0000
alpha m=0 occupations
   1.0000   1.0000   1.0000   1.0000   1.0000   1.0000
alpha m=1 occupations
   1.0000   1.0000   1.0000
alpha m=2 occupations
   1.0000
beta m=-1 occupations
   1.0000
beta m=0 occupations
   1.0000   1.0000   1.0000
beta m=1 occupations
   1.0000
EDIIS+DIIS step
Evaluated energy -458.2594666446 (change from lowest -8.882954e-01)
Density matrix difference 2.004286e-01 between lowest-energy and newest entry


Iteration 4: 4 Fock evaluations energy -458.2594666446 change -8.882954e-01 DIIS error vector rms norm 6.185501e-03
History size 4
alpha m=-1 occupations
   1.0000   1.0000
alpha m=0 occupations
   1.0000   1.0000   1.0000   1.0000   1.0000   1.0000
alpha m=1 occupations
   1.0000   1.0000   1.0000
alpha m=2 occupations
   1.0000
beta m=-1 occupations
   1.0000
beta m=0 occupations
   1.0000   1.0000   1.0000
beta m=1 occupations
   1.0000
EDIIS+DIIS step
Evaluated energy -458.2691474962 (change from lowest -9.680852e-03)
Density matrix difference 1.439712e-02 between lowest-energy and newest entry


Iteration 5: 5 Fock evaluations energy -458.2691474962 change -9.680852e-03 DIIS error vector rms norm 9.101813e-04
History size 5
alpha m=-1 occupations
   1.0000   1.0000
alpha m=0 occupations
   1.0000   1.0000   1.0000   1.0000   1.0000   1.0000
alpha m=1 occupations
   1.0000   1.0000   1.0000
alpha m=2 occupations
   1.0000
beta m=-1 occupations
   1.0000
beta m=0 occupations
   1.0000   1.0000   1.0000
beta m=1 occupations
   1.0000
EDIIS+DIIS step
Evaluated energy -458.2724827270 (change from lowest -3.335231e-03)
Density matrix difference 8.314637e-03 between lowest-energy and newest entry


Iteration 6: 6 Fock evaluations energy -458.2724827270 change -3.335231e-03 DIIS error vector rms norm 5.943313e-04
History size 6
alpha m=-1 occupations
   1.0000   1.0000
alpha m=0 occupations
   1.0000   1.0000   1.0000   1.0000   1.0000   1.0000
alpha m=1 occupations
   1.0000   1.0000   1.0000
alpha m=2 occupations
   1.0000
beta m=-1 occupations
   1.0000
beta m=0 occupations
   1.0000   1.0000   1.0000
beta m=1 occupations
   1.0000
EDIIS+DIIS step
Evaluated energy -458.2769768712 (change from lowest -4.494144e-03)
Density matrix difference 6.383399e-03 between lowest-energy and newest entry


Iteration 7: 7 Fock evaluations energy -458.2769768712 change -4.494144e-03 DIIS error vector rms norm 6.854556e-04
History size 7
alpha m=-1 occupations
   1.0000   1.0000
alpha m=0 occupations
   1.0000   1.0000   1.0000   1.0000   1.0000   1.0000
alpha m=1 occupations
   1.0000   1.0000   1.0000
alpha m=2 occupations
   1.0000
beta m=-1 occupations
   1.0000
beta m=0 occupations
   1.0000   1.0000   1.0000
beta m=1 occupations
   1.0000
EDIIS+DIIS step
Evaluated energy -458.2718191007 (change from lowest 5.157770e-03)
Density matrix difference 7.617510e-03 between lowest-energy and newest entry


Iteration 8: 8 Fock evaluations energy -458.2769768712 change  0.000000e+00 DIIS error vector rms norm 6.854556e-04
History size 8
alpha m=-1 occupations
   1.0000   1.0000
alpha m=0 occupations
   1.0000   1.0000   1.0000   1.0000   1.0000   1.0000
alpha m=1 occupations
   1.0000   1.0000   1.0000
alpha m=2 occupations
   1.0000
beta m=-1 occupations
   1.0000
beta m=0 occupations
   1.0000   1.0000   1.0000
beta m=1 occupations
   1.0000
EDIIS+DIIS step
Evaluated energy -458.2671835381 (change from lowest 9.793333e-03)
Density matrix difference 1.690132e-02 between lowest-energy and newest entry


Iteration 9: 9 Fock evaluations energy -458.2769768712 change  0.000000e+00 DIIS error vector rms norm 6.854556e-04
History size 9
alpha m=-1 occupations
   1.0000   1.0000
alpha m=0 occupations
   1.0000   1.0000   1.0000   1.0000   1.0000   1.0000
alpha m=1 occupations
   1.0000   1.0000   1.0000
alpha m=2 occupations
   1.0000
beta m=-1 occupations
   1.0000
beta m=0 occupations
   1.0000   1.0000   1.0000
beta m=1 occupations
   1.0000
EDIIS+DIIS step
Evaluated energy -458.2644374622 (change from lowest 1.253941e-02)
Density matrix difference 2.617083e-02 between lowest-energy and newest entry


Iteration 10: 10 Fock evaluations energy -458.2769768712 change  0.000000e+00 DIIS error vector rms norm 6.854556e-04
History size 10
alpha m=-1 occupations
   1.0000   1.0000
alpha m=0 occupations
   1.0000   1.0000   1.0000   1.0000   1.0000   1.0000
alpha m=1 occupations
   1.0000   1.0000   1.0000
alpha m=2 occupations
   1.0000
beta m=-1 occupations
   1.0000
beta m=0 occupations
   1.0000   1.0000   1.0000
beta m=1 occupations
   1.0000
EDIIS+DIIS step
Evaluated energy -458.2644045872 (change from lowest 1.257228e-02)
Density matrix difference 2.626523e-02 between lowest-energy and newest entry


Iteration 11: 11 Fock evaluations energy -458.2769768712 change  0.000000e+00 DIIS error vector rms norm 6.854556e-04
History size 10
alpha m=-1 occupations
   1.0000   1.0000
alpha m=0 occupations
   1.0000   1.0000   1.0000   1.0000   1.0000   1.0000
alpha m=1 occupations
   1.0000   1.0000   1.0000
alpha m=2 occupations
   1.0000
beta m=-1 occupations
   1.0000
beta m=0 occupations
   1.0000   1.0000   1.0000
beta m=1 occupations
   1.0000
EDIIS+DIIS step
Evaluated energy -458.2643767977 (change from lowest 1.260007e-02)
Density matrix difference 2.631851e-02 between lowest-energy and newest entry


Iteration 12: 12 Fock evaluations energy -458.2769768712 change  0.000000e+00 DIIS error vector rms norm 6.854556e-04
History size 10
alpha m=-1 occupations
   1.0000   1.0000
alpha m=0 occupations
   1.0000   1.0000   1.0000   1.0000   1.0000   1.0000
alpha m=1 occupations
   1.0000   1.0000   1.0000
alpha m=2 occupations
   1.0000
beta m=-1 occupations
   1.0000
beta m=0 occupations
   1.0000   1.0000   1.0000
beta m=1 occupations
   1.0000
Switching to optimal damping for next iterations
EDIIS+DIIS step
Evaluated energy -458.2643418149 (change from lowest 1.263506e-02)
Density matrix difference 2.636836e-02 between lowest-energy and newest entry


Iteration 13: 13 Fock evaluations energy -458.2769768712 change  0.000000e+00 DIIS error vector rms norm 6.854556e-04
History size 10
alpha m=-1 occupations
   1.0000   1.0000
alpha m=0 occupations
   1.0000   1.0000   1.0000   1.0000   1.0000   1.0000
alpha m=1 occupations
   1.0000   1.0000   1.0000
alpha m=2 occupations
   1.0000
beta m=-1 occupations
   1.0000
beta m=0 occupations
   1.0000   1.0000   1.0000
beta m=1 occupations
   1.0000
Switching to optimal damping for next iterations
EDIIS+DIIS step
Evaluated energy -458.2643430897 (change from lowest 1.263378e-02)
Density matrix difference 2.626151e-02 between lowest-energy and newest entry


Iteration 14: 14 Fock evaluations energy -458.2769768712 change  0.000000e+00 DIIS error vector rms norm 6.854556e-04
History size 10
alpha m=-1 occupations
   1.0000   1.0000
alpha m=0 occupations
   1.0000   1.0000   1.0000   1.0000   1.0000   1.0000
alpha m=1 occupations
   1.0000   1.0000   1.0000
alpha m=2 occupations
   1.0000
beta m=-1 occupations
   1.0000
beta m=0 occupations
   1.0000   1.0000   1.0000
beta m=1 occupations
   1.0000
Switching to optimal damping for next iterations
EDIIS+DIIS step
Evaluated energy -458.2643457466 (change from lowest 1.263112e-02)
Density matrix difference 2.593252e-02 between lowest-energy and newest entry


Iteration 15: 15 Fock evaluations energy -458.2769768712 change  0.000000e+00 DIIS error vector rms norm 6.854556e-04
History size 10
alpha m=-1 occupations
   1.0000   1.0000
alpha m=0 occupations
   1.0000   1.0000   1.0000   1.0000   1.0000   1.0000
alpha m=1 occupations
   1.0000   1.0000   1.0000
alpha m=2 occupations
   1.0000
beta m=-1 occupations
   1.0000
beta m=0 occupations
   1.0000   1.0000   1.0000
beta m=1 occupations
   1.0000
Switching to optimal damping for next iterations
EDIIS+DIIS step
Evaluated energy -458.2643464664 (change from lowest 1.263040e-02)
Density matrix difference 2.584684e-02 between lowest-energy and newest entry


Iteration 16: 16 Fock evaluations energy -458.2769768712 change  0.000000e+00 DIIS error vector rms norm 6.854556e-04
History size 10
alpha m=-1 occupations
   1.0000   1.0000
alpha m=0 occupations
   1.0000   1.0000   1.0000   1.0000   1.0000   1.0000
alpha m=1 occupations
   1.0000   1.0000   1.0000
alpha m=2 occupations
   1.0000
beta m=-1 occupations
   1.0000
beta m=0 occupations
   1.0000   1.0000   1.0000
beta m=1 occupations
   1.0000
Switching to optimal damping for next iterations
EDIIS+DIIS step
Evaluated energy -458.2643464128 (change from lowest 1.263046e-02)
Density matrix difference 2.584834e-02 between lowest-energy and newest entry


Iteration 17: 17 Fock evaluations energy -458.2769768712 change  0.000000e+00 DIIS error vector rms norm 6.854556e-04
History size 10
alpha m=-1 occupations
   1.0000   1.0000
alpha m=0 occupations
   1.0000   1.0000   1.0000   1.0000   1.0000   1.0000
alpha m=1 occupations
   1.0000   1.0000   1.0000
alpha m=2 occupations
   1.0000
beta m=-1 occupations
   1.0000
beta m=0 occupations
   1.0000   1.0000   1.0000
beta m=1 occupations
   1.0000
Switching to optimal damping for next iterations
EDIIS+DIIS step
Evaluated energy -458.2643464084 (change from lowest 1.263046e-02)
Density matrix difference 2.583704e-02 between lowest-energy and newest entry


Iteration 18: 18 Fock evaluations energy -458.2769768712 change  0.000000e+00 DIIS error vector rms norm 6.854556e-04
History size 10
alpha m=-1 occupations
   1.0000   1.0000
alpha m=0 occupations
   1.0000   1.0000   1.0000   1.0000   1.0000   1.0000
alpha m=1 occupations
   1.0000   1.0000   1.0000
alpha m=2 occupations
   1.0000
beta m=-1 occupations
   1.0000
beta m=0 occupations
   1.0000   1.0000   1.0000
beta m=1 occupations
   1.0000
Switching to optimal damping for next iterations
EDIIS+DIIS step
Evaluated energy -458.2643473433 (change from lowest 1.262953e-02)
Density matrix difference 2.573416e-02 between lowest-energy and newest entry


Iteration 19: 19 Fock evaluations energy -458.2769768712 change  0.000000e+00 DIIS error vector rms norm 6.854556e-04
History size 10
alpha m=-1 occupations
   1.0000   1.0000
alpha m=0 occupations
   1.0000   1.0000   1.0000   1.0000   1.0000   1.0000
alpha m=1 occupations
   1.0000   1.0000   1.0000
alpha m=2 occupations
   1.0000
beta m=-1 occupations
   1.0000
beta m=0 occupations
   1.0000   1.0000   1.0000
beta m=1 occupations
   1.0000
Switching to optimal damping for next iterations
EDIIS+DIIS step
Evaluated energy -458.2643464101 (change from lowest 1.263046e-02)
Density matrix difference 2.581187e-02 between lowest-energy and newest entry


Iteration 20: 20 Fock evaluations energy -458.2769768712 change  0.000000e+00 DIIS error vector rms norm 6.854556e-04
History size 10
alpha m=-1 occupations
   1.0000   1.0000
alpha m=0 occupations
   1.0000   1.0000   1.0000   1.0000   1.0000   1.0000
alpha m=1 occupations
   1.0000   1.0000   1.0000
alpha m=2 occupations
   1.0000
beta m=-1 occupations
   1.0000
beta m=0 occupations
   1.0000   1.0000   1.0000
beta m=1 occupations
   1.0000
Switching to optimal damping for next iterations
EDIIS+DIIS step
Evaluated energy -458.2643464214 (change from lowest 1.263045e-02)
Density matrix difference 2.581067e-02 between lowest-energy and newest entry


Iteration 21: 21 Fock evaluations energy -458.2769768712 change  0.000000e+00 DIIS error vector rms norm 6.854556e-04
History size 10
alpha m=-1 occupations
   1.0000   1.0000
alpha m=0 occupations
   1.0000   1.0000   1.0000   1.0000   1.0000   1.0000
alpha m=1 occupations
   1.0000   1.0000   1.0000
alpha m=2 occupations
   1.0000
beta m=-1 occupations
   1.0000
beta m=0 occupations
   1.0000   1.0000   1.0000
beta m=1 occupations
   1.0000
Switching to optimal damping for next iterations
EDIIS+DIIS step
Evaluated energy -458.2643464421 (change from lowest 1.263043e-02)
Density matrix difference 2.580837e-02 between lowest-energy and newest entry


Iteration 22: 22 Fock evaluations energy -458.2769768712 change  0.000000e+00 DIIS error vector rms norm 6.854556e-04
History size 10
alpha m=-1 occupations
   1.0000   1.0000
alpha m=0 occupations
   1.0000   1.0000   1.0000   1.0000   1.0000   1.0000
alpha m=1 occupations
   1.0000   1.0000   1.0000
alpha m=2 occupations
   1.0000
beta m=-1 occupations
   1.0000
beta m=0 occupations
   1.0000   1.0000   1.0000
beta m=1 occupations
   1.0000
Switching to optimal damping for next iterations
EDIIS+DIIS step
Evaluated energy -458.2643465065 (change from lowest 1.263036e-02)
Density matrix difference 2.580250e-02 between lowest-energy and newest entry


Iteration 23: 23 Fock evaluations energy -458.2769768712 change  0.000000e+00 DIIS error vector rms norm 6.854556e-04
History size 10
alpha m=-1 occupations
   1.0000   1.0000
alpha m=0 occupations
   1.0000   1.0000   1.0000   1.0000   1.0000   1.0000
alpha m=1 occupations
   1.0000   1.0000   1.0000
alpha m=2 occupations
   1.0000
beta m=-1 occupations
   1.0000
beta m=0 occupations
   1.0000   1.0000   1.0000
beta m=1 occupations
   1.0000
Switching to optimal damping for next iterations
EDIIS+DIIS step
Evaluated energy -458.2643465467 (change from lowest 1.263032e-02)
Density matrix difference 2.580093e-02 between lowest-energy and newest entry


Iteration 24: 24 Fock evaluations energy -458.2769768712 change  0.000000e+00 DIIS error vector rms norm 6.854556e-04
History size 10
alpha m=-1 occupations
   1.0000   1.0000
alpha m=0 occupations
   1.0000   1.0000   1.0000   1.0000   1.0000   1.0000
alpha m=1 occupations
   1.0000   1.0000   1.0000
alpha m=2 occupations
   1.0000
beta m=-1 occupations
   1.0000
beta m=0 occupations
   1.0000   1.0000   1.0000
beta m=1 occupations
   1.0000
Switching to optimal damping for next iterations
EDIIS+DIIS step
Evaluated energy -458.2643466377 (change from lowest 1.263023e-02)
Density matrix difference 2.579082e-02 between lowest-energy and newest entry


Iteration 25: 25 Fock evaluations energy -458.2769768712 change  0.000000e+00 DIIS error vector rms norm 6.854556e-04
History size 10
alpha m=-1 occupations
   1.0000   1.0000
alpha m=0 occupations
   1.0000   1.0000   1.0000   1.0000   1.0000   1.0000
alpha m=1 occupations
   1.0000   1.0000   1.0000
alpha m=2 occupations
   1.0000
beta m=-1 occupations
   1.0000
beta m=0 occupations
   1.0000   1.0000   1.0000
beta m=1 occupations
   1.0000
Switching to optimal damping for next iterations
EDIIS+DIIS step
Evaluated energy -458.2643466140 (change from lowest 1.263026e-02)
Density matrix difference 2.579305e-02 between lowest-energy and newest entry


Iteration 26: 26 Fock evaluations energy -458.2769768712 change  0.000000e+00 DIIS error vector rms norm 6.854556e-04
History size 10
alpha m=-1 occupations
   1.0000   1.0000
alpha m=0 occupations
   1.0000   1.0000   1.0000   1.0000   1.0000   1.0000
alpha m=1 occupations
   1.0000   1.0000   1.0000
alpha m=2 occupations
   1.0000
beta m=-1 occupations
   1.0000
beta m=0 occupations
   1.0000   1.0000   1.0000
beta m=1 occupations
   1.0000
Switching to optimal damping for next iterations
EDIIS+DIIS step
Evaluated energy -458.2643465931 (change from lowest 1.263028e-02)
Density matrix difference 2.579457e-02 between lowest-energy and newest entry


Iteration 27: 27 Fock evaluations energy -458.2769768712 change  0.000000e+00 DIIS error vector rms norm 6.854556e-04
History size 10
alpha m=-1 occupations
   1.0000   1.0000
alpha m=0 occupations
   1.0000   1.0000   1.0000   1.0000   1.0000   1.0000
alpha m=1 occupations
   1.0000   1.0000   1.0000
alpha m=2 occupations
   1.0000
beta m=-1 occupations
   1.0000
beta m=0 occupations
   1.0000   1.0000   1.0000
beta m=1 occupations
   1.0000
Switching to optimal damping for next iterations
EDIIS+DIIS step
Evaluated energy -458.2643468164 (change from lowest 1.263005e-02)
Density matrix difference 2.576462e-02 between lowest-energy and newest entry


Iteration 28: 28 Fock evaluations energy -458.2769768712 change  0.000000e+00 DIIS error vector rms norm 6.854556e-04
History size 10
alpha m=-1 occupations
   1.0000   1.0000
alpha m=0 occupations
   1.0000   1.0000   1.0000   1.0000   1.0000   1.0000
alpha m=1 occupations
   1.0000   1.0000   1.0000
alpha m=2 occupations
   1.0000
beta m=-1 occupations
   1.0000
beta m=0 occupations
   1.0000   1.0000   1.0000
beta m=1 occupations
   1.0000
Switching to optimal damping for next iterations
EDIIS+DIIS step
Evaluated energy -458.2643472776 (change from lowest 1.262959e-02)
Density matrix difference 2.573448e-02 between lowest-energy and newest entry


Iteration 29: 29 Fock evaluations energy -458.2769768712 change  0.000000e+00 DIIS error vector rms norm 6.854556e-04
History size 10
alpha m=-1 occupations
   1.0000   1.0000
alpha m=0 occupations
   1.0000   1.0000   1.0000   1.0000   1.0000   1.0000
alpha m=1 occupations
   1.0000   1.0000   1.0000
alpha m=2 occupations
   1.0000
beta m=-1 occupations
   1.0000
beta m=0 occupations
   1.0000   1.0000   1.0000
beta m=1 occupations
   1.0000
Switching to optimal damping for next iterations
EDIIS+DIIS step
Evaluated energy -458.2643468681 (change from lowest 1.263000e-02)
Density matrix difference 2.576676e-02 between lowest-energy and newest entry


Iteration 30: 30 Fock evaluations energy -458.2769768712 change  0.000000e+00 DIIS error vector rms norm 6.854556e-04
History size 10
alpha m=-1 occupations
   1.0000   1.0000
alpha m=0 occupations
   1.0000   1.0000   1.0000   1.0000   1.0000   1.0000
alpha m=1 occupations
   1.0000   1.0000   1.0000
alpha m=2 occupations
   1.0000
beta m=-1 occupations
   1.0000
beta m=0 occupations
   1.0000   1.0000   1.0000
beta m=1 occupations
   1.0000
Switching to optimal damping for next iterations
EDIIS+DIIS step
Evaluated energy -458.2643469739 (change from lowest 1.262990e-02)
Density matrix difference 2.575876e-02 between lowest-energy and newest entry


Iteration 31: 31 Fock evaluations energy -458.2769768712 change  0.000000e+00 DIIS error vector rms norm 6.854556e-04
History size 10
alpha m=-1 occupations
   1.0000   1.0000
alpha m=0 occupations
   1.0000   1.0000   1.0000   1.0000   1.0000   1.0000
alpha m=1 occupations
   1.0000   1.0000   1.0000
alpha m=2 occupations
   1.0000
beta m=-1 occupations
   1.0000
beta m=0 occupations
   1.0000   1.0000   1.0000
beta m=1 occupations
   1.0000
Switching to optimal damping for next iterations
EDIIS+DIIS step
Evaluated energy -458.2643470858 (change from lowest 1.262979e-02)
Density matrix difference 2.575065e-02 between lowest-energy and newest entry


Iteration 32: 32 Fock evaluations energy -458.2769768712 change  0.000000e+00 DIIS error vector rms norm 6.854556e-04
History size 10
alpha m=-1 occupations
   1.0000   1.0000
alpha m=0 occupations
   1.0000   1.0000   1.0000   1.0000   1.0000   1.0000
alpha m=1 occupations
   1.0000   1.0000   1.0000
alpha m=2 occupations
   1.0000
beta m=-1 occupations
   1.0000
beta m=0 occupations
   1.0000   1.0000   1.0000
beta m=1 occupations
   1.0000
Switching to optimal damping for next iterations
EDIIS+DIIS step
Evaluated energy -458.2643471172 (change from lowest 1.262975e-02)
Density matrix difference 2.574811e-02 between lowest-energy and newest entry


Iteration 33: 33 Fock evaluations energy -458.2769768712 change  0.000000e+00 DIIS error vector rms norm 6.854556e-04
History size 10
alpha m=-1 occupations
   1.0000   1.0000
alpha m=0 occupations
   1.0000   1.0000   1.0000   1.0000   1.0000   1.0000
alpha m=1 occupations
   1.0000   1.0000   1.0000
alpha m=2 occupations
   1.0000
beta m=-1 occupations
   1.0000
beta m=0 occupations
   1.0000   1.0000   1.0000
beta m=1 occupations
   1.0000
Switching to optimal damping for next iterations
EDIIS+DIIS step
Evaluated energy -458.2643471860 (change from lowest 1.262969e-02)
Density matrix difference 2.574138e-02 between lowest-energy and newest entry


Iteration 34: 34 Fock evaluations energy -458.2769768712 change  0.000000e+00 DIIS error vector rms norm 6.854556e-04
History size 10
alpha m=-1 occupations
   1.0000   1.0000
alpha m=0 occupations
   1.0000   1.0000   1.0000   1.0000   1.0000   1.0000
alpha m=1 occupations
   1.0000   1.0000   1.0000
alpha m=2 occupations
   1.0000
beta m=-1 occupations
   1.0000
beta m=0 occupations
   1.0000   1.0000   1.0000
beta m=1 occupations
   1.0000
Switching to optimal damping for next iterations
EDIIS+DIIS step
Evaluated energy -458.2643471336 (change from lowest 1.262974e-02)
Density matrix difference 2.574470e-02 between lowest-energy and newest entry


Iteration 35: 35 Fock evaluations energy -458.2769768712 change  0.000000e+00 DIIS error vector rms norm 6.854556e-04
History size 10
alpha m=-1 occupations
   1.0000   1.0000
alpha m=0 occupations
   1.0000   1.0000   1.0000   1.0000   1.0000   1.0000
alpha m=1 occupations
   1.0000   1.0000   1.0000
alpha m=2 occupations
   1.0000
beta m=-1 occupations
   1.0000
beta m=0 occupations
   1.0000   1.0000   1.0000
beta m=1 occupations
   1.0000
Switching to optimal damping for next iterations
EDIIS+DIIS step
Evaluated energy -458.2643472136 (change from lowest 1.262966e-02)
Density matrix difference 2.573728e-02 between lowest-energy and newest entry


Iteration 36: 36 Fock evaluations energy -458.2769768712 change  0.000000e+00 DIIS error vector rms norm 6.854556e-04
History size 10
alpha m=-1 occupations
   1.0000   1.0000
alpha m=0 occupations
   1.0000   1.0000   1.0000   1.0000   1.0000   1.0000
alpha m=1 occupations
   1.0000   1.0000   1.0000
alpha m=2 occupations
   1.0000
beta m=-1 occupations
   1.0000
beta m=0 occupations
   1.0000   1.0000   1.0000
beta m=1 occupations
   1.0000
Switching to optimal damping for next iterations
EDIIS+DIIS step
Evaluated energy -458.2643472274 (change from lowest 1.262964e-02)
Density matrix difference 2.576005e-02 between lowest-energy and newest entry


Iteration 37: 37 Fock evaluations energy -458.2769768712 change  0.000000e+00 DIIS error vector rms norm 6.854556e-04
History size 10
alpha m=-1 occupations
   1.0000   1.0000
alpha m=0 occupations
   1.0000   1.0000   1.0000   1.0000   1.0000   1.0000
alpha m=1 occupations
   1.0000   1.0000   1.0000
alpha m=2 occupations
   1.0000
beta m=-1 occupations
   1.0000
beta m=0 occupations
   1.0000   1.0000   1.0000
beta m=1 occupations
   1.0000
Switching to optimal damping for next iterations
EDIIS+DIIS step
Evaluated energy -458.2643465747 (change from lowest 1.263030e-02)
Density matrix difference 2.584382e-02 between lowest-energy and newest entry


Iteration 38: 38 Fock evaluations energy -458.2769768712 change  0.000000e+00 DIIS error vector rms norm 6.854556e-04
History size 10
alpha m=-1 occupations
   1.0000   1.0000
alpha m=0 occupations
   1.0000   1.0000   1.0000   1.0000   1.0000   1.0000
alpha m=1 occupations
   1.0000   1.0000   1.0000
alpha m=2 occupations
   1.0000
beta m=-1 occupations
   1.0000
beta m=0 occupations
   1.0000   1.0000   1.0000
beta m=1 occupations
   1.0000
Switching to optimal damping for next iterations
EDIIS+DIIS step
Evaluated energy -458.2643474812 (change from lowest 1.262939e-02)
Density matrix difference 2.572739e-02 between lowest-energy and newest entry


Iteration 39: 39 Fock evaluations energy -458.2769768712 change  0.000000e+00 DIIS error vector rms norm 6.854556e-04
History size 10
alpha m=-1 occupations
   1.0000   1.0000
alpha m=0 occupations
   1.0000   1.0000   1.0000   1.0000   1.0000   1.0000
alpha m=1 occupations
   1.0000   1.0000   1.0000
alpha m=2 occupations
   1.0000
beta m=-1 occupations
   1.0000
beta m=0 occupations
   1.0000   1.0000   1.0000
beta m=1 occupations
   1.0000
Switching to optimal damping for next iterations
EDIIS+DIIS step
Evaluated energy -458.2643474056 (change from lowest 1.262947e-02)
Density matrix difference 2.572938e-02 between lowest-energy and newest entry


Iteration 40: 40 Fock evaluations energy -458.2769768712 change  0.000000e+00 DIIS error vector rms norm 6.854556e-04
History size 10
alpha m=-1 occupations
   1.0000   1.0000
alpha m=0 occupations
   1.0000   1.0000   1.0000   1.0000   1.0000   1.0000
alpha m=1 occupations
   1.0000   1.0000   1.0000
alpha m=2 occupations
   1.0000
beta m=-1 occupations
   1.0000
beta m=0 occupations
   1.0000   1.0000   1.0000
beta m=1 occupations
   1.0000
Switching to optimal damping for next iterations
EDIIS+DIIS step
Evaluated energy -458.2643475904 (change from lowest 1.262928e-02)
Density matrix difference 2.571679e-02 between lowest-energy and newest entry


Iteration 41: 41 Fock evaluations energy -458.2769768712 change  0.000000e+00 DIIS error vector rms norm 6.854556e-04
History size 10
alpha m=-1 occupations
   1.0000   1.0000
alpha m=0 occupations
   1.0000   1.0000   1.0000   1.0000   1.0000   1.0000
alpha m=1 occupations
   1.0000   1.0000   1.0000
alpha m=2 occupations
   1.0000
beta m=-1 occupations
   1.0000
beta m=0 occupations
   1.0000   1.0000   1.0000
beta m=1 occupations
   1.0000
Switching to optimal damping for next iterations
EDIIS+DIIS step
Evaluated energy -458.2643475606 (change from lowest 1.262931e-02)
Density matrix difference 2.571821e-02 between lowest-energy and newest entry


Iteration 42: 42 Fock evaluations energy -458.2769768712 change  0.000000e+00 DIIS error vector rms norm 6.854556e-04
History size 10
alpha m=-1 occupations
   1.0000   1.0000
alpha m=0 occupations
   1.0000   1.0000   1.0000   1.0000   1.0000   1.0000
alpha m=1 occupations
   1.0000   1.0000   1.0000
alpha m=2 occupations
   1.0000
beta m=-1 occupations
   1.0000
beta m=0 occupations
   1.0000   1.0000   1.0000
beta m=1 occupations
   1.0000
Switching to optimal damping for next iterations
EDIIS+DIIS step
Evaluated energy -458.2643476196 (change from lowest 1.262925e-02)
Density matrix difference 2.571394e-02 between lowest-energy and newest entry


Iteration 43: 43 Fock evaluations energy -458.2769768712 change  0.000000e+00 DIIS error vector rms norm 6.854556e-04
History size 10
alpha m=-1 occupations
   1.0000   1.0000
alpha m=0 occupations
   1.0000   1.0000   1.0000   1.0000   1.0000   1.0000
alpha m=1 occupations
   1.0000   1.0000   1.0000
alpha m=2 occupations
   1.0000
beta m=-1 occupations
   1.0000
beta m=0 occupations
   1.0000   1.0000   1.0000
beta m=1 occupations
   1.0000
Switching to optimal damping for next iterations
EDIIS+DIIS step
Evaluated energy -458.2643476299 (change from lowest 1.262924e-02)
Density matrix difference 2.571342e-02 between lowest-energy and newest entry


Iteration 44: 44 Fock evaluations energy -458.2769768712 change  0.000000e+00 DIIS error vector rms norm 6.854556e-04
History size 10
alpha m=-1 occupations
   1.0000   1.0000
alpha m=0 occupations
   1.0000   1.0000   1.0000   1.0000   1.0000   1.0000
alpha m=1 occupations
   1.0000   1.0000   1.0000
alpha m=2 occupations
   1.0000
beta m=-1 occupations
   1.0000
beta m=0 occupations
   1.0000   1.0000   1.0000
beta m=1 occupations
   1.0000
Switching to optimal damping for next iterations
EDIIS+DIIS step
Evaluated energy -458.2643479116 (change from lowest 1.262896e-02)
Density matrix difference 2.569648e-02 between lowest-energy and newest entry


Iteration 45: 45 Fock evaluations energy -458.2769768712 change  0.000000e+00 DIIS error vector rms norm 6.854556e-04
History size 10
alpha m=-1 occupations
   1.0000   1.0000
alpha m=0 occupations
   1.0000   1.0000   1.0000   1.0000   1.0000   1.0000
alpha m=1 occupations
   1.0000   1.0000   1.0000
alpha m=2 occupations
   1.0000
beta m=-1 occupations
   1.0000
beta m=0 occupations
   1.0000   1.0000   1.0000
beta m=1 occupations
   1.0000
Switching to optimal damping for next iterations
EDIIS+DIIS step
Evaluated energy -458.2643481510 (change from lowest 1.262872e-02)
Density matrix difference 2.568521e-02 between lowest-energy and newest entry


Iteration 46: 46 Fock evaluations energy -458.2769768712 change  0.000000e+00 DIIS error vector rms norm 6.854556e-04
History size 10
alpha m=-1 occupations
   1.0000   1.0000
alpha m=0 occupations
   1.0000   1.0000   1.0000   1.0000   1.0000   1.0000
alpha m=1 occupations
   1.0000   1.0000   1.0000
alpha m=2 occupations
   1.0000
beta m=-1 occupations
   1.0000
beta m=0 occupations
   1.0000   1.0000   1.0000
beta m=1 occupations
   1.0000
Switching to optimal damping for next iterations
EDIIS+DIIS step
Evaluated energy -458.2643474744 (change from lowest 1.262940e-02)
Density matrix difference 2.572336e-02 between lowest-energy and newest entry


Iteration 47: 47 Fock evaluations energy -458.2769768712 change  0.000000e+00 DIIS error vector rms norm 6.854556e-04
History size 10
alpha m=-1 occupations
   1.0000   1.0000
alpha m=0 occupations
   1.0000   1.0000   1.0000   1.0000   1.0000   1.0000
alpha m=1 occupations
   1.0000   1.0000   1.0000
alpha m=2 occupations
   1.0000
beta m=-1 occupations
   1.0000
beta m=0 occupations
   1.0000   1.0000   1.0000
beta m=1 occupations
   1.0000
Switching to optimal damping for next iterations
EDIIS+DIIS step
Evaluated energy -458.2643472647 (change from lowest 1.262961e-02)
Density matrix difference 2.576495e-02 between lowest-energy and newest entry


Iteration 48: 48 Fock evaluations energy -458.2769768712 change  0.000000e+00 DIIS error vector rms norm 6.854556e-04
History size 10
alpha m=-1 occupations
   1.0000   1.0000
alpha m=0 occupations
   1.0000   1.0000   1.0000   1.0000   1.0000   1.0000
alpha m=1 occupations
   1.0000   1.0000   1.0000
alpha m=2 occupations
   1.0000
beta m=-1 occupations
   1.0000
beta m=0 occupations
   1.0000   1.0000   1.0000
beta m=1 occupations
   1.0000
Switching to optimal damping for next iterations
EDIIS+DIIS step
Evaluated energy -458.2643465451 (change from lowest 1.263033e-02)
Density matrix difference 2.584528e-02 between lowest-energy and newest entry


Iteration 49: 49 Fock evaluations energy -458.2769768712 change  0.000000e+00 DIIS error vector rms norm 6.854556e-04
History size 10
alpha m=-1 occupations
   1.0000   1.0000
alpha m=0 occupations
   1.0000   1.0000   1.0000   1.0000   1.0000   1.0000
alpha m=1 occupations
   1.0000   1.0000   1.0000
alpha m=2 occupations
   1.0000
beta m=-1 occupations
   1.0000
beta m=0 occupations
   1.0000   1.0000   1.0000
beta m=1 occupations
   1.0000
Switching to optimal damping for next iterations
EDIIS+DIIS step
Evaluated energy -458.2643473847 (change from lowest 1.262949e-02)
Density matrix difference 2.573100e-02 between lowest-energy and newest entry


Iteration 50: 50 Fock evaluations energy -458.2769768712 change  0.000000e+00 DIIS error vector rms norm 6.854556e-04
History size 10
alpha m=-1 occupations
   1.0000   1.0000
alpha m=0 occupations
   1.0000   1.0000   1.0000   1.0000   1.0000   1.0000
alpha m=1 occupations
   1.0000   1.0000   1.0000
alpha m=2 occupations
   1.0000
beta m=-1 occupations
   1.0000
beta m=0 occupations
   1.0000   1.0000   1.0000
beta m=1 occupations
   1.0000
Switching to optimal damping for next iterations
EDIIS+DIIS step
Evaluated energy -458.2643472106 (change from lowest 1.262966e-02)
Density matrix difference 2.574356e-02 between lowest-energy and newest entry


Iteration 51: 51 Fock evaluations energy -458.2769768712 change  0.000000e+00 DIIS error vector rms norm 6.854556e-04
History size 10
alpha m=-1 occupations
   1.0000   1.0000
alpha m=0 occupations
   1.0000   1.0000   1.0000   1.0000   1.0000   1.0000
alpha m=1 occupations
   1.0000   1.0000   1.0000
alpha m=2 occupations
   1.0000
beta m=-1 occupations
   1.0000
beta m=0 occupations
   1.0000   1.0000   1.0000
beta m=1 occupations
   1.0000
Switching to optimal damping for next iterations
EDIIS+DIIS step
Evaluated energy -458.2643469603 (change from lowest 1.262991e-02)
Density matrix difference 2.576276e-02 between lowest-energy and newest entry


Iteration 52: 52 Fock evaluations energy -458.2769768712 change  0.000000e+00 DIIS error vector rms norm 6.854556e-04
History size 10
alpha m=-1 occupations
   1.0000   1.0000
alpha m=0 occupations
   1.0000   1.0000   1.0000   1.0000   1.0000   1.0000
alpha m=1 occupations
   1.0000   1.0000   1.0000
alpha m=2 occupations
   1.0000
beta m=-1 occupations
   1.0000
beta m=0 occupations
   1.0000   1.0000   1.0000
beta m=1 occupations
   1.0000
Switching to optimal damping for next iterations
EDIIS+DIIS step
Evaluated energy -458.2643466670 (change from lowest 1.263020e-02)
Density matrix difference 2.578743e-02 between lowest-energy and newest entry


Iteration 53: 53 Fock evaluations energy -458.2769768712 change  0.000000e+00 DIIS error vector rms norm 6.854556e-04
History size 10
alpha m=-1 occupations
   1.0000   1.0000
alpha m=0 occupations
   1.0000   1.0000   1.0000   1.0000   1.0000   1.0000
alpha m=1 occupations
   1.0000   1.0000   1.0000
alpha m=2 occupations
   1.0000
beta m=-1 occupations
   1.0000
beta m=0 occupations
   1.0000   1.0000   1.0000
beta m=1 occupations
   1.0000
Switching to optimal damping for next iterations
EDIIS+DIIS step
Evaluated energy -458.2643464519 (change from lowest 1.263042e-02)
Density matrix difference 2.580758e-02 between lowest-energy and newest entry


Iteration 54: 54 Fock evaluations energy -458.2769768712 change  0.000000e+00 DIIS error vector rms norm 6.854556e-04
History size 10
alpha m=-1 occupations
   1.0000   1.0000
alpha m=0 occupations
   1.0000   1.0000   1.0000   1.0000   1.0000   1.0000
alpha m=1 occupations
   1.0000   1.0000   1.0000
alpha m=2 occupations
   1.0000
beta m=-1 occupations
   1.0000
beta m=0 occupations
   1.0000   1.0000   1.0000
beta m=1 occupations
   1.0000
Switching to optimal damping for next iterations
EDIIS+DIIS step
Evaluated energy -458.2643463724 (change from lowest 1.263050e-02)
Density matrix difference 2.581538e-02 between lowest-energy and newest entry


Iteration 55: 55 Fock evaluations energy -458.2769768712 change  0.000000e+00 DIIS error vector rms norm 6.854556e-04
History size 10
alpha m=-1 occupations
   1.0000   1.0000
alpha m=0 occupations
   1.0000   1.0000   1.0000   1.0000   1.0000   1.0000
alpha m=1 occupations
   1.0000   1.0000   1.0000
alpha m=2 occupations
   1.0000
beta m=-1 occupations
   1.0000
beta m=0 occupations
   1.0000   1.0000   1.0000
beta m=1 occupations
   1.0000
Switching to optimal damping for next iterations
EDIIS+DIIS step
Evaluated energy -458.2643463717 (change from lowest 1.263050e-02)
Density matrix difference 2.581581e-02 between lowest-energy and newest entry


Iteration 56: 56 Fock evaluations energy -458.2769768712 change  0.000000e+00 DIIS error vector rms norm 6.854556e-04
History size 10
alpha m=-1 occupations
   1.0000   1.0000
alpha m=0 occupations
   1.0000   1.0000   1.0000   1.0000   1.0000   1.0000
alpha m=1 occupations
   1.0000   1.0000   1.0000
alpha m=2 occupations
   1.0000
beta m=-1 occupations
   1.0000
beta m=0 occupations
   1.0000   1.0000   1.0000
beta m=1 occupations
   1.0000
Switching to optimal damping for next iterations
EDIIS+DIIS step
Evaluated energy -458.2643463831 (change from lowest 1.263049e-02)
Density matrix difference 2.581432e-02 between lowest-energy and newest entry


Iteration 57: 57 Fock evaluations energy -458.2769768712 change  0.000000e+00 DIIS error vector rms norm 6.854556e-04
History size 10
alpha m=-1 occupations
   1.0000   1.0000
alpha m=0 occupations
   1.0000   1.0000   1.0000   1.0000   1.0000   1.0000
alpha m=1 occupations
   1.0000   1.0000   1.0000
alpha m=2 occupations
   1.0000
beta m=-1 occupations
   1.0000
beta m=0 occupations
   1.0000   1.0000   1.0000
beta m=1 occupations
   1.0000
Switching to optimal damping for next iterations
EDIIS+DIIS step
Evaluated energy -458.2643463958 (change from lowest 1.263048e-02)
Density matrix difference 2.581150e-02 between lowest-energy and newest entry


Iteration 58: 58 Fock evaluations energy -458.2769768712 change  0.000000e+00 DIIS error vector rms norm 6.854556e-04
History size 10
alpha m=-1 occupations
   1.0000   1.0000
alpha m=0 occupations
   1.0000   1.0000   1.0000   1.0000   1.0000   1.0000
alpha m=1 occupations
   1.0000   1.0000   1.0000
alpha m=2 occupations
   1.0000
beta m=-1 occupations
   1.0000
beta m=0 occupations
   1.0000   1.0000   1.0000
beta m=1 occupations
   1.0000
Switching to optimal damping for next iterations
EDIIS+DIIS step
Evaluated energy -458.2643465633 (change from lowest 1.263031e-02)
Density matrix difference 2.578648e-02 between lowest-energy and newest entry


Iteration 59: 59 Fock evaluations energy -458.2769768712 change  0.000000e+00 DIIS error vector rms norm 6.854556e-04
History size 10
alpha m=-1 occupations
   1.0000   1.0000
alpha m=0 occupations
   1.0000   1.0000   1.0000   1.0000   1.0000   1.0000
alpha m=1 occupations
   1.0000   1.0000   1.0000
alpha m=2 occupations
   1.0000
beta m=-1 occupations
   1.0000
beta m=0 occupations
   1.0000   1.0000   1.0000
beta m=1 occupations
   1.0000
Switching to optimal damping for next iterations
EDIIS+DIIS step
Evaluated energy -458.2643466167 (change from lowest 1.263025e-02)
Density matrix difference 2.578635e-02 between lowest-energy and newest entry


Iteration 60: 60 Fock evaluations energy -458.2769768712 change  0.000000e+00 DIIS error vector rms norm 6.854556e-04
History size 10
alpha m=-1 occupations
   1.0000   1.0000
alpha m=0 occupations
   1.0000   1.0000   1.0000   1.0000   1.0000   1.0000
alpha m=1 occupations
   1.0000   1.0000   1.0000
alpha m=2 occupations
   1.0000
beta m=-1 occupations
   1.0000
beta m=0 occupations
   1.0000   1.0000   1.0000
beta m=1 occupations
   1.0000
Switching to optimal damping for next iterations
EDIIS+DIIS step
Evaluated energy -458.2643468106 (change from lowest 1.263006e-02)
Density matrix difference 2.576948e-02 between lowest-energy and newest entry


Iteration 61: 61 Fock evaluations energy -458.2769768712 change  0.000000e+00 DIIS error vector rms norm 6.854556e-04
History size 10
alpha m=-1 occupations
   1.0000   1.0000
alpha m=0 occupations
   1.0000   1.0000   1.0000   1.0000   1.0000   1.0000
alpha m=1 occupations
   1.0000   1.0000   1.0000
alpha m=2 occupations
   1.0000
beta m=-1 occupations
   1.0000
beta m=0 occupations
   1.0000   1.0000   1.0000
beta m=1 occupations
   1.0000
Switching to optimal damping for next iterations
EDIIS+DIIS step
Evaluated energy -458.2643470431 (change from lowest 1.262983e-02)
Density matrix difference 2.575185e-02 between lowest-energy and newest entry


Iteration 62: 62 Fock evaluations energy -458.2769768712 change  0.000000e+00 DIIS error vector rms norm 6.854556e-04
History size 10
alpha m=-1 occupations
   1.0000   1.0000
alpha m=0 occupations
   1.0000   1.0000   1.0000   1.0000   1.0000   1.0000
alpha m=1 occupations
   1.0000   1.0000   1.0000
alpha m=2 occupations
   1.0000
beta m=-1 occupations
   1.0000
beta m=0 occupations
   1.0000   1.0000   1.0000
beta m=1 occupations
   1.0000
Switching to optimal damping for next iterations
EDIIS+DIIS step
Evaluated energy -458.2643469104 (change from lowest 1.262996e-02)
Density matrix difference 2.576247e-02 between lowest-energy and newest entry


Iteration 63: 63 Fock evaluations energy -458.2769768712 change  0.000000e+00 DIIS error vector rms norm 6.854556e-04
History size 10
alpha m=-1 occupations
   1.0000   1.0000
alpha m=0 occupations
   1.0000   1.0000   1.0000   1.0000   1.0000   1.0000
alpha m=1 occupations
   1.0000   1.0000   1.0000
alpha m=2 occupations
   1.0000
beta m=-1 occupations
   1.0000
beta m=0 occupations
   1.0000   1.0000   1.0000
beta m=1 occupations
   1.0000
Switching to optimal damping for next iterations
EDIIS+DIIS step
Evaluated energy -458.2643468714 (change from lowest 1.263000e-02)
Density matrix difference 2.576529e-02 between lowest-energy and newest entry


Iteration 64: 64 Fock evaluations energy -458.2769768712 change  0.000000e+00 DIIS error vector rms norm 6.854556e-04
History size 10
alpha m=-1 occupations
   1.0000   1.0000
alpha m=0 occupations
   1.0000   1.0000   1.0000   1.0000   1.0000   1.0000
alpha m=1 occupations
   1.0000   1.0000   1.0000
alpha m=2 occupations
   1.0000
beta m=-1 occupations
   1.0000
beta m=0 occupations
   1.0000   1.0000   1.0000
beta m=1 occupations
   1.0000
Switching to optimal damping for next iterations
EDIIS+DIIS step
Evaluated energy -458.2643468970 (change from lowest 1.262997e-02)
Density matrix difference 2.576267e-02 between lowest-energy and newest entry


Iteration 65: 65 Fock evaluations energy -458.2769768712 change  0.000000e+00 DIIS error vector rms norm 6.854556e-04
History size 10
alpha m=-1 occupations
   1.0000   1.0000
alpha m=0 occupations
   1.0000   1.0000   1.0000   1.0000   1.0000   1.0000
alpha m=1 occupations
   1.0000   1.0000   1.0000
alpha m=2 occupations
   1.0000
beta m=-1 occupations
   1.0000
beta m=0 occupations
   1.0000   1.0000   1.0000
beta m=1 occupations
   1.0000
Switching to optimal damping for next iterations
EDIIS+DIIS step
Evaluated energy -458.2643469613 (change from lowest 1.262991e-02)
Density matrix difference 2.575617e-02 between lowest-energy and newest entry


Iteration 66: 66 Fock evaluations energy -458.2769768712 change  0.000000e+00 DIIS error vector rms norm 6.854556e-04
History size 10
alpha m=-1 occupations
   1.0000   1.0000
alpha m=0 occupations
   1.0000   1.0000   1.0000   1.0000   1.0000   1.0000
alpha m=1 occupations
   1.0000   1.0000   1.0000
alpha m=2 occupations
   1.0000
beta m=-1 occupations
   1.0000
beta m=0 occupations
   1.0000   1.0000   1.0000
beta m=1 occupations
   1.0000
Switching to optimal damping for next iterations
EDIIS+DIIS step
Evaluated energy -458.2643470967 (change from lowest 1.262977e-02)
Density matrix difference 2.574316e-02 between lowest-energy and newest entry


Iteration 67: 67 Fock evaluations energy -458.2769768712 change  0.000000e+00 DIIS error vector rms norm 6.854556e-04
History size 10
alpha m=-1 occupations
   1.0000   1.0000
alpha m=0 occupations
   1.0000   1.0000   1.0000   1.0000   1.0000   1.0000
alpha m=1 occupations
   1.0000   1.0000   1.0000
alpha m=2 occupations
   1.0000
beta m=-1 occupations
   1.0000
beta m=0 occupations
   1.0000   1.0000   1.0000
beta m=1 occupations
   1.0000
Switching to optimal damping for next iterations
EDIIS+DIIS step
Evaluated energy -458.2643470794 (change from lowest 1.262979e-02)
Density matrix difference 2.576133e-02 between lowest-energy and newest entry


Iteration 68: 68 Fock evaluations energy -458.2769768712 change  0.000000e+00 DIIS error vector rms norm 6.854556e-04
History size 10
alpha m=-1 occupations
   1.0000   1.0000
alpha m=0 occupations
   1.0000   1.0000   1.0000   1.0000   1.0000   1.0000
alpha m=1 occupations
   1.0000   1.0000   1.0000
alpha m=2 occupations
   1.0000
beta m=-1 occupations
   1.0000
beta m=0 occupations
   1.0000   1.0000   1.0000
beta m=1 occupations
   1.0000
Switching to optimal damping for next iterations
EDIIS+DIIS step
Evaluated energy -458.2643466819 (change from lowest 1.263019e-02)
Density matrix difference 2.582451e-02 between lowest-energy and newest entry


Iteration 69: 69 Fock evaluations energy -458.2769768712 change  0.000000e+00 DIIS error vector rms norm 6.854556e-04
History size 10
alpha m=-1 occupations
   1.0000   1.0000
alpha m=0 occupations
   1.0000   1.0000   1.0000   1.0000   1.0000   1.0000
alpha m=1 occupations
   1.0000   1.0000   1.0000
alpha m=2 occupations
   1.0000
beta m=-1 occupations
   1.0000
beta m=0 occupations
   1.0000   1.0000   1.0000
beta m=1 occupations
   1.0000
Switching to optimal damping for next iterations
EDIIS+DIIS step
Evaluated energy -458.2643479556 (change from lowest 1.262892e-02)
Density matrix difference 2.569471e-02 between lowest-energy and newest entry


Iteration 70: 70 Fock evaluations energy -458.2769768712 change  0.000000e+00 DIIS error vector rms norm 6.854556e-04
History size 10
alpha m=-1 occupations
   1.0000   1.0000
alpha m=0 occupations
   1.0000   1.0000   1.0000   1.0000   1.0000   1.0000
alpha m=1 occupations
   1.0000   1.0000   1.0000
alpha m=2 occupations
   1.0000
beta m=-1 occupations
   1.0000
beta m=0 occupations
   1.0000   1.0000   1.0000
beta m=1 occupations
   1.0000
Switching to optimal damping for next iterations
EDIIS+DIIS step
Evaluated energy -458.2643469647 (change from lowest 1.262991e-02)
Density matrix difference 2.575768e-02 between lowest-energy and newest entry


Iteration 71: 71 Fock evaluations energy -458.2769768712 change  0.000000e+00 DIIS error vector rms norm 6.854556e-04
History size 10
alpha m=-1 occupations
   1.0000   1.0000
alpha m=0 occupations
   1.0000   1.0000   1.0000   1.0000   1.0000   1.0000
alpha m=1 occupations
   1.0000   1.0000   1.0000
alpha m=2 occupations
   1.0000
beta m=-1 occupations
   1.0000
beta m=0 occupations
   1.0000   1.0000   1.0000
beta m=1 occupations
   1.0000
Switching to optimal damping for next iterations
EDIIS+DIIS step
Evaluated energy -458.2643468349 (change from lowest 1.263004e-02)
Density matrix difference 2.576870e-02 between lowest-energy and newest entry


Iteration 72: 72 Fock evaluations energy -458.2769768712 change  0.000000e+00 DIIS error vector rms norm 6.854556e-04
History size 10
alpha m=-1 occupations
   1.0000   1.0000
alpha m=0 occupations
   1.0000   1.0000   1.0000   1.0000   1.0000   1.0000
alpha m=1 occupations
   1.0000   1.0000   1.0000
alpha m=2 occupations
   1.0000
beta m=-1 occupations
   1.0000
beta m=0 occupations
   1.0000   1.0000   1.0000
beta m=1 occupations
   1.0000
Switching to optimal damping for next iterations
EDIIS+DIIS step
Evaluated energy -458.2643467606 (change from lowest 1.263011e-02)
Density matrix difference 2.577528e-02 between lowest-energy and newest entry


Iteration 73: 73 Fock evaluations energy -458.2769768712 change  0.000000e+00 DIIS error vector rms norm 6.854556e-04
History size 10
alpha m=-1 occupations
   1.0000   1.0000
alpha m=0 occupations
   1.0000   1.0000   1.0000   1.0000   1.0000   1.0000
alpha m=1 occupations
   1.0000   1.0000   1.0000
alpha m=2 occupations
   1.0000
beta m=-1 occupations
   1.0000
beta m=0 occupations
   1.0000   1.0000   1.0000
beta m=1 occupations
   1.0000
Switching to optimal damping for next iterations
EDIIS+DIIS step
Evaluated energy -458.2643467057 (change from lowest 1.263017e-02)
Density matrix difference 2.578031e-02 between lowest-energy and newest entry


Iteration 74: 74 Fock evaluations energy -458.2769768712 change  0.000000e+00 DIIS error vector rms norm 6.854556e-04
History size 10
alpha m=-1 occupations
   1.0000   1.0000
alpha m=0 occupations
   1.0000   1.0000   1.0000   1.0000   1.0000   1.0000
alpha m=1 occupations
   1.0000   1.0000   1.0000
alpha m=2 occupations
   1.0000
beta m=-1 occupations
   1.0000
beta m=0 occupations
   1.0000   1.0000   1.0000
beta m=1 occupations
   1.0000
Switching to optimal damping for next iterations
EDIIS+DIIS step
Evaluated energy -458.2643466514 (change from lowest 1.263022e-02)
Density matrix difference 2.578553e-02 between lowest-energy and newest entry


Iteration 75: 75 Fock evaluations energy -458.2769768712 change  0.000000e+00 DIIS error vector rms norm 6.854556e-04
History size 10
alpha m=-1 occupations
   1.0000   1.0000
alpha m=0 occupations
   1.0000   1.0000   1.0000   1.0000   1.0000   1.0000
alpha m=1 occupations
   1.0000   1.0000   1.0000
alpha m=2 occupations
   1.0000
beta m=-1 occupations
   1.0000
beta m=0 occupations
   1.0000   1.0000   1.0000
beta m=1 occupations
   1.0000
Switching to optimal damping for next iterations
EDIIS+DIIS step
Evaluated energy -458.2643465939 (change from lowest 1.263028e-02)
Density matrix difference 2.579137e-02 between lowest-energy and newest entry


Iteration 76: 76 Fock evaluations energy -458.2769768712 change  0.000000e+00 DIIS error vector rms norm 6.854556e-04
History size 10
alpha m=-1 occupations
   1.0000   1.0000
alpha m=0 occupations
   1.0000   1.0000   1.0000   1.0000   1.0000   1.0000
alpha m=1 occupations
   1.0000   1.0000   1.0000
alpha m=2 occupations
   1.0000
beta m=-1 occupations
   1.0000
beta m=0 occupations
   1.0000   1.0000   1.0000
beta m=1 occupations
   1.0000
Switching to optimal damping for next iterations
EDIIS+DIIS step
Evaluated energy -458.2643465530 (change from lowest 1.263032e-02)
Density matrix difference 2.579519e-02 between lowest-energy and newest entry


Iteration 77: 77 Fock evaluations energy -458.2769768712 change  0.000000e+00 DIIS error vector rms norm 6.854556e-04
History size 10
alpha m=-1 occupations
   1.0000   1.0000
alpha m=0 occupations
   1.0000   1.0000   1.0000   1.0000   1.0000   1.0000
alpha m=1 occupations
   1.0000   1.0000   1.0000
alpha m=2 occupations
   1.0000
beta m=-1 occupations
   1.0000
beta m=0 occupations
   1.0000   1.0000   1.0000
beta m=1 occupations
   1.0000
Switching to optimal damping for next iterations
EDIIS+DIIS step
Evaluated energy -458.2643465561 (change from lowest 1.263032e-02)
Density matrix difference 2.579304e-02 between lowest-energy and newest entry


Iteration 78: 78 Fock evaluations energy -458.2769768712 change  0.000000e+00 DIIS error vector rms norm 6.854556e-04
History size 10
alpha m=-1 occupations
   1.0000   1.0000
alpha m=0 occupations
   1.0000   1.0000   1.0000   1.0000   1.0000   1.0000
alpha m=1 occupations
   1.0000   1.0000   1.0000
alpha m=2 occupations
   1.0000
beta m=-1 occupations
   1.0000
beta m=0 occupations
   1.0000   1.0000   1.0000
beta m=1 occupations
   1.0000
Switching to optimal damping for next iterations
EDIIS+DIIS step
Evaluated energy -458.2643466984 (change from lowest 1.263017e-02)
Density matrix difference 2.577215e-02 between lowest-energy and newest entry


Iteration 79: 79 Fock evaluations energy -458.2769768712 change  0.000000e+00 DIIS error vector rms norm 6.854556e-04
History size 10
alpha m=-1 occupations
   1.0000   1.0000
alpha m=0 occupations
   1.0000   1.0000   1.0000   1.0000   1.0000   1.0000
alpha m=1 occupations
   1.0000   1.0000   1.0000
alpha m=2 occupations
   1.0000
beta m=-1 occupations
   1.0000
beta m=0 occupations
   1.0000   1.0000   1.0000
beta m=1 occupations
   1.0000
Switching to optimal damping for next iterations
EDIIS+DIIS step
Evaluated energy -458.2643473095 (change from lowest 1.262956e-02)
Density matrix difference 2.572948e-02 between lowest-energy and newest entry


Iteration 80: 80 Fock evaluations energy -458.2769768712 change  0.000000e+00 DIIS error vector rms norm 6.854556e-04
History size 10
alpha m=-1 occupations
   1.0000   1.0000
alpha m=0 occupations
   1.0000   1.0000   1.0000   1.0000   1.0000   1.0000
alpha m=1 occupations
   1.0000   1.0000   1.0000
alpha m=2 occupations
   1.0000
beta m=-1 occupations
   1.0000
beta m=0 occupations
   1.0000   1.0000   1.0000
beta m=1 occupations
   1.0000
Switching to optimal damping for next iterations
EDIIS+DIIS step
Evaluated energy -458.2643469492 (change from lowest 1.262992e-02)
Density matrix difference 2.575710e-02 between lowest-energy and newest entry


Iteration 81: 81 Fock evaluations energy -458.2769768712 change  0.000000e+00 DIIS error vector rms norm 6.854556e-04
History size 10
alpha m=-1 occupations
   1.0000   1.0000
alpha m=0 occupations
   1.0000   1.0000   1.0000   1.0000   1.0000   1.0000
alpha m=1 occupations
   1.0000   1.0000   1.0000
alpha m=2 occupations
   1.0000
beta m=-1 occupations
   1.0000
beta m=0 occupations
   1.0000   1.0000   1.0000
beta m=1 occupations
   1.0000
Switching to optimal damping for next iterations
EDIIS+DIIS step
Evaluated energy -458.2643469959 (change from lowest 1.262988e-02)
Density matrix difference 2.575353e-02 between lowest-energy and newest entry


Iteration 82: 82 Fock evaluations energy -458.2769768712 change  0.000000e+00 DIIS error vector rms norm 6.854556e-04
History size 10
alpha m=-1 occupations
   1.0000   1.0000
alpha m=0 occupations
   1.0000   1.0000   1.0000   1.0000   1.0000   1.0000
alpha m=1 occupations
   1.0000   1.0000   1.0000
alpha m=2 occupations
   1.0000
beta m=-1 occupations
   1.0000
beta m=0 occupations
   1.0000   1.0000   1.0000
beta m=1 occupations
   1.0000
Switching to optimal damping for next iterations
EDIIS+DIIS step
Evaluated energy -458.2643470028 (change from lowest 1.262987e-02)
Density matrix difference 2.575311e-02 between lowest-energy and newest entry


Iteration 83: 83 Fock evaluations energy -458.2769768712 change  0.000000e+00 DIIS error vector rms norm 6.854556e-04
History size 10
alpha m=-1 occupations
   1.0000   1.0000
alpha m=0 occupations
   1.0000   1.0000   1.0000   1.0000   1.0000   1.0000
alpha m=1 occupations
   1.0000   1.0000   1.0000
alpha m=2 occupations
   1.0000
beta m=-1 occupations
   1.0000
beta m=0 occupations
   1.0000   1.0000   1.0000
beta m=1 occupations
   1.0000
Switching to optimal damping for next iterations
EDIIS+DIIS step
Evaluated energy -458.2643469976 (change from lowest 1.262987e-02)
Density matrix difference 2.575352e-02 between lowest-energy and newest entry


Iteration 84: 84 Fock evaluations energy -458.2769768712 change  0.000000e+00 DIIS error vector rms norm 6.854556e-04
History size 10
alpha m=-1 occupations
   1.0000   1.0000
alpha m=0 occupations
   1.0000   1.0000   1.0000   1.0000   1.0000   1.0000
alpha m=1 occupations
   1.0000   1.0000   1.0000
alpha m=2 occupations
   1.0000
beta m=-1 occupations
   1.0000
beta m=0 occupations
   1.0000   1.0000   1.0000
beta m=1 occupations
   1.0000
Switching to optimal damping for next iterations
EDIIS+DIIS step
Evaluated energy -458.2643469995 (change from lowest 1.262987e-02)
Density matrix difference 2.575310e-02 between lowest-energy and newest entry


Iteration 85: 85 Fock evaluations energy -458.2769768712 change  0.000000e+00 DIIS error vector rms norm 6.854556e-04
History size 10
alpha m=-1 occupations
   1.0000   1.0000
alpha m=0 occupations
   1.0000   1.0000   1.0000   1.0000   1.0000   1.0000
alpha m=1 occupations
   1.0000   1.0000   1.0000
alpha m=2 occupations
   1.0000
beta m=-1 occupations
   1.0000
beta m=0 occupations
   1.0000   1.0000   1.0000
beta m=1 occupations
   1.0000
Switching to optimal damping for next iterations
EDIIS+DIIS step
Evaluated energy -458.2643470514 (change from lowest 1.262982e-02)
Density matrix difference 2.574793e-02 between lowest-energy and newest entry


Iteration 86: 86 Fock evaluations energy -458.2769768712 change  0.000000e+00 DIIS error vector rms norm 6.854556e-04
History size 10
alpha m=-1 occupations
   1.0000   1.0000
alpha m=0 occupations
   1.0000   1.0000   1.0000   1.0000   1.0000   1.0000
alpha m=1 occupations
   1.0000   1.0000   1.0000
alpha m=2 occupations
   1.0000
beta m=-1 occupations
   1.0000
beta m=0 occupations
   1.0000   1.0000   1.0000
beta m=1 occupations
   1.0000
Switching to optimal damping for next iterations
EDIIS+DIIS step
Evaluated energy -458.2643470238 (change from lowest 1.262985e-02)
Density matrix difference 2.576292e-02 between lowest-energy and newest entry


Iteration 87: 87 Fock evaluations energy -458.2769768712 change  0.000000e+00 DIIS error vector rms norm 6.854556e-04
History size 10
alpha m=-1 occupations
   1.0000   1.0000
alpha m=0 occupations
   1.0000   1.0000   1.0000   1.0000   1.0000   1.0000
alpha m=1 occupations
   1.0000   1.0000   1.0000
alpha m=2 occupations
   1.0000
beta m=-1 occupations
   1.0000
beta m=0 occupations
   1.0000   1.0000   1.0000
beta m=1 occupations
   1.0000
Switching to optimal damping for next iterations
EDIIS+DIIS step
Evaluated energy -458.2643467144 (change from lowest 1.263016e-02)
Density matrix difference 2.582275e-02 between lowest-energy and newest entry


Iteration 88: 88 Fock evaluations energy -458.2769768712 change  0.000000e+00 DIIS error vector rms norm 6.854556e-04
History size 10
alpha m=-1 occupations
   1.0000   1.0000
alpha m=0 occupations
   1.0000   1.0000   1.0000   1.0000   1.0000   1.0000
alpha m=1 occupations
   1.0000   1.0000   1.0000
alpha m=2 occupations
   1.0000
beta m=-1 occupations
   1.0000
beta m=0 occupations
   1.0000   1.0000   1.0000
beta m=1 occupations
   1.0000
Switching to optimal damping for next iterations
EDIIS+DIIS step
Evaluated energy -458.2643483617 (change from lowest 1.262851e-02)
Density matrix difference 2.566764e-02 between lowest-energy and newest entry


Iteration 89: 89 Fock evaluations energy -458.2769768712 change  0.000000e+00 DIIS error vector rms norm 6.854556e-04
History size 10
alpha m=-1 occupations
   1.0000   1.0000
alpha m=0 occupations
   1.0000   1.0000   1.0000   1.0000   1.0000   1.0000
alpha m=1 occupations
   1.0000   1.0000   1.0000
alpha m=2 occupations
   1.0000
beta m=-1 occupations
   1.0000
beta m=0 occupations
   1.0000   1.0000   1.0000
beta m=1 occupations
   1.0000
Switching to optimal damping for next iterations
EDIIS+DIIS step
Evaluated energy -458.2643468855 (change from lowest 1.262999e-02)
Density matrix difference 2.576310e-02 between lowest-energy and newest entry


Iteration 90: 90 Fock evaluations energy -458.2769768712 change  0.000000e+00 DIIS error vector rms norm 6.854556e-04
History size 10
alpha m=-1 occupations
   1.0000   1.0000
alpha m=0 occupations
   1.0000   1.0000   1.0000   1.0000   1.0000   1.0000
alpha m=1 occupations
   1.0000   1.0000   1.0000
alpha m=2 occupations
   1.0000
beta m=-1 occupations
   1.0000
beta m=0 occupations
   1.0000   1.0000   1.0000
beta m=1 occupations
   1.0000
Switching to optimal damping for next iterations
EDIIS+DIIS step
Evaluated energy -458.2643467171 (change from lowest 1.263015e-02)
Density matrix difference 2.577860e-02 between lowest-energy and newest entry


Iteration 91: 91 Fock evaluations energy -458.2769768712 change  0.000000e+00 DIIS error vector rms norm 6.854556e-04
History size 10
alpha m=-1 occupations
   1.0000   1.0000
alpha m=0 occupations
   1.0000   1.0000   1.0000   1.0000   1.0000   1.0000
alpha m=1 occupations
   1.0000   1.0000   1.0000
alpha m=2 occupations
   1.0000
beta m=-1 occupations
   1.0000
beta m=0 occupations
   1.0000   1.0000   1.0000
beta m=1 occupations
   1.0000
Switching to optimal damping for next iterations
EDIIS+DIIS step
Evaluated energy -458.2643466054 (change from lowest 1.263027e-02)
Density matrix difference 2.578994e-02 between lowest-energy and newest entry


Iteration 92: 92 Fock evaluations energy -458.2769768712 change  0.000000e+00 DIIS error vector rms norm 6.854556e-04
History size 10
alpha m=-1 occupations
   1.0000   1.0000
alpha m=0 occupations
   1.0000   1.0000   1.0000   1.0000   1.0000   1.0000
alpha m=1 occupations
   1.0000   1.0000   1.0000
alpha m=2 occupations
   1.0000
beta m=-1 occupations
   1.0000
beta m=0 occupations
   1.0000   1.0000   1.0000
beta m=1 occupations
   1.0000
Switching to optimal damping for next iterations
EDIIS+DIIS step
Evaluated energy -458.2643465219 (change from lowest 1.263035e-02)
Density matrix difference 2.579911e-02 between lowest-energy and newest entry


Iteration 93: 93 Fock evaluations energy -458.2769768712 change  0.000000e+00 DIIS error vector rms norm 6.854556e-04
History size 10
alpha m=-1 occupations
   1.0000   1.0000
alpha m=0 occupations
   1.0000   1.0000   1.0000   1.0000   1.0000   1.0000
alpha m=1 occupations
   1.0000   1.0000   1.0000
alpha m=2 occupations
   1.0000
beta m=-1 occupations
   1.0000
beta m=0 occupations
   1.0000   1.0000   1.0000
beta m=1 occupations
   1.0000
Switching to optimal damping for next iterations
EDIIS+DIIS step
Evaluated energy -458.2643464628 (change from lowest 1.263041e-02)
Density matrix difference 2.580608e-02 between lowest-energy and newest entry


Iteration 94: 94 Fock evaluations energy -458.2769768712 change  0.000000e+00 DIIS error vector rms norm 6.854556e-04
History size 10
alpha m=-1 occupations
   1.0000   1.0000
alpha m=0 occupations
   1.0000   1.0000   1.0000   1.0000   1.0000   1.0000
alpha m=1 occupations
   1.0000   1.0000   1.0000
alpha m=2 occupations
   1.0000
beta m=-1 occupations
   1.0000
beta m=0 occupations
   1.0000   1.0000   1.0000
beta m=1 occupations
   1.0000
Switching to optimal damping for next iterations
EDIIS+DIIS step
Evaluated energy -458.2643464248 (change from lowest 1.263045e-02)
Density matrix difference 2.581082e-02 between lowest-energy and newest entry


Iteration 95: 95 Fock evaluations energy -458.2769768712 change  0.000000e+00 DIIS error vector rms norm 6.854556e-04
History size 10
alpha m=-1 occupations
   1.0000   1.0000
alpha m=0 occupations
   1.0000   1.0000   1.0000   1.0000   1.0000   1.0000
alpha m=1 occupations
   1.0000   1.0000   1.0000
alpha m=2 occupations
   1.0000
beta m=-1 occupations
   1.0000
beta m=0 occupations
   1.0000   1.0000   1.0000
beta m=1 occupations
   1.0000
Switching to optimal damping for next iterations
EDIIS+DIIS step
Evaluated energy -458.2643464076 (change from lowest 1.263046e-02)
Density matrix difference 2.581292e-02 between lowest-energy and newest entry


Iteration 96: 96 Fock evaluations energy -458.2769768712 change  0.000000e+00 DIIS error vector rms norm 6.854556e-04
History size 10
alpha m=-1 occupations
   1.0000   1.0000
alpha m=0 occupations
   1.0000   1.0000   1.0000   1.0000   1.0000   1.0000
alpha m=1 occupations
   1.0000   1.0000   1.0000
alpha m=2 occupations
   1.0000
beta m=-1 occupations
   1.0000
beta m=0 occupations
   1.0000   1.0000   1.0000
beta m=1 occupations
   1.0000
Switching to optimal damping for next iterations
EDIIS+DIIS step
Evaluated energy -458.2643464076 (change from lowest 1.263046e-02)
Density matrix difference 2.581227e-02 between lowest-energy and newest entry


Iteration 97: 97 Fock evaluations energy -458.2769768712 change  0.000000e+00 DIIS error vector rms norm 6.854556e-04
History size 10
alpha m=-1 occupations
   1.0000   1.0000
alpha m=0 occupations
   1.0000   1.0000   1.0000   1.0000   1.0000   1.0000
alpha m=1 occupations
   1.0000   1.0000   1.0000
alpha m=2 occupations
   1.0000
beta m=-1 occupations
   1.0000
beta m=0 occupations
   1.0000   1.0000   1.0000
beta m=1 occupations
   1.0000
Switching to optimal damping for next iterations
EDIIS+DIIS step
Evaluated energy -458.2643464487 (change from lowest 1.263042e-02)
Density matrix difference 2.580267e-02 between lowest-energy and newest entry


Iteration 98: 98 Fock evaluations energy -458.2769768712 change  0.000000e+00 DIIS error vector rms norm 6.854556e-04
History size 10
alpha m=-1 occupations
   1.0000   1.0000
alpha m=0 occupations
   1.0000   1.0000   1.0000   1.0000   1.0000   1.0000
alpha m=1 occupations
   1.0000   1.0000   1.0000
alpha m=2 occupations
   1.0000
beta m=-1 occupations
   1.0000
beta m=0 occupations
   1.0000   1.0000   1.0000
beta m=1 occupations
   1.0000
Switching to optimal damping for next iterations
EDIIS+DIIS step
Evaluated energy -458.2643468408 (change from lowest 1.263003e-02)
Density matrix difference 2.576887e-02 between lowest-energy and newest entry


Iteration 99: 99 Fock evaluations energy -458.2769768712 change  0.000000e+00 DIIS error vector rms norm 6.854556e-04
History size 10
alpha m=-1 occupations
   1.0000   1.0000
alpha m=0 occupations
   1.0000   1.0000   1.0000   1.0000   1.0000   1.0000
alpha m=1 occupations
   1.0000   1.0000   1.0000
alpha m=2 occupations
   1.0000
beta m=-1 occupations
   1.0000
beta m=0 occupations
   1.0000   1.0000   1.0000
beta m=1 occupations
   1.0000
Switching to optimal damping for next iterations
EDIIS+DIIS step
Evaluated energy -458.2643468992 (change from lowest 1.262997e-02)
Density matrix difference 2.576261e-02 between lowest-energy and newest entry


Iteration 100: 100 Fock evaluations energy -458.2769768712 change  0.000000e+00 DIIS error vector rms norm 6.854556e-04
History size 10
alpha m=-1 occupations
   1.0000   1.0000
alpha m=0 occupations
   1.0000   1.0000   1.0000   1.0000   1.0000   1.0000
alpha m=1 occupations
   1.0000   1.0000   1.0000
alpha m=2 occupations
   1.0000
beta m=-1 occupations
   1.0000
beta m=0 occupations
   1.0000   1.0000   1.0000
beta m=1 occupations
   1.0000
Switching to optimal damping for next iterations
EDIIS+DIIS step
Evaluated energy -458.2643468732 (change from lowest 1.263000e-02)
Density matrix difference 2.576435e-02 between lowest-energy and newest entry

Running program took 3.87 s.
