ERKALE - HF/DFT from Hel, OpenMP version, running on 8 cores.
(c) Susi Lehtola, 2010-2016.

This program is free software; you can redistribute it and/or modify
it under the terms of the GNU General Public License as published by
the Free Software Foundation; either version 2 of the License, or
(at your option) any later version.

Running on host silver.

Current time is Fri 13 Mar 2026 07:12:26.

Current Settings used by ERKALE:
     AtomGuess      	                Auto	Method used for atomic guess (Auto for same as method)
     Basis          	            HGBSP1-5	Basis set used in calculation
     BasisCutoff    	           1.000e-08	Cutoff for dropping out small primitives from contraction
     BasisOrth      	                Auto	Method of orthonormalization of basis set
     BasisRotate    	               false	Rotate basis set to remove redundant functions?
     Charge         	                   0	Total charge of system
     CholDepThresh  	           1.000e-07	Partial Cholesky decomposition threshold
     Cholesky       	                true	Use Cholesky decomposition?
     CholeskyMode   	                   0	Save/load integrals? 0 no, 1 save, -1 load
     CholeskyNAFThr 	           0.000e+00	Cholesky natural auxiliary function threshold
     CholeskyShThr  	           1.000e-02	Cholesky cache threshold
     CholeskyThr    	           1.000e-07	Cholesky decomposition threshold
     Complexbas     	                true	Use complex basis?
     Confinement    	         0.0 0.0 0.0	Confinement potential V(r) = V_i x_i^2
     ConvThr        	           1.000e-06	Orbital gradient convergence threshold
     DFTBasisThr    	           1.000e-10	Threshold for screening basis functions on grid
     DFTCpars       	                    	Override parameters of correlation functional (expert)
     DFTDelta       	           1.000e+02	Switch to final DFT grid has converged within factor X
     DFTDensityThr  	           1.000e-10	Threshold for screening density on grid
     DFTFinalTol    	           1.000e-05	Tolerance of final DFT grid
     DFTGrid        	             75 -302	DFT integration grid to use: nrad lmax or Auto for adaptive
     DFTInitialTol  	           1.000e-04	Tolerance of initial DFT grid
     DFTLobatto     	               false	Use Lobatto quadrature instead of Lebedev quadrature?
     DFTQuadThresh  	           2.220e-16	Threshold for pruning points with small quadrature weight
     DFTXpars       	                    	Override parameters of exchange functional (expert)
     DIISComb       	               false	Combine alpha and beta errors in unrestricted calcs?
     DIISEps        	           1.000e-01	Start mixing in DIIS when error is
     DIISOrder      	                  10	How many DIIS iterations to keep in memory?
     DIISThr        	           1.000e-02	DIIS error threshold for DIIS updates
     DecFock        	               false	Use decontracted basis to calculate Fock matrix (direct HF)
     Decontract     	                   *	Indices of atoms to decontract basis set for
     DensityFitting 	               false	Use density fitting / RI?
     Direct         	               false	Calculate two-electron integrals (or density fitting) on-the-fly?
     EField         	         0.0 0.0 0.0	Electric field
     ErrorNorm      	                 rms	Error norm to use in the SCF code
     FittingBasis   	                Auto	Basis to use for density fitting / RI (Auto for automatic)
     FittingCholeskyThreshold	           1.000e-08	Linear dependence threshold for pivoted Cholesky of Coulomb integrals in density fitting
     FittingMemory  	                1000	Amount of memory in MB to use for exchange fitting
     FittingThreshold	           1.000e-07	Linear dependence threshold for Coulomb integrals in density fitting
     Guess          	                core	Used guess: SAD (default), SADNO, core, GWH, SAP, or SAPfit
     InitConvThr    	           1.000e-05	Initialization convergence threshold
     InputBohr      	               false	Use atomic units as input units instead of angstrom?
     IntegralThresh 	           1.000e-10	Integral screening threshold
     Kgwh           	           1.750e+00	Scaling constant for GWH
     LinDepThresh   	           1.000e-05	Basis set linear dependency threshold
     LinearB        	           1.000e-01	Magnetic field along bond axis
     LinearFreeze   	               false	If using linear symmetry, freeze symmetry to input guess
     LinearOccupationFile	     ../../Cl_8.occs	File to read linear occupations from
     LinearOccupations	                  -1	Read in occupations for linear molecule calculations?
     LinearSymmetry 	                true	Do special calculation on linear molecule along z axis
     LoadChk        	                    	Checkpoint file to load from
     Logfile        	          erkale.log	File to print out full information, stdout for screen
     MaxInitIter    	                 100	Maximum number of iterations in the stepwise solutions
     MaxIter        	                 100	Maximum number of iterations in SCF cycle
     Method         	                  HF	Method used in calculation (HF or a DFT functional)
     Multiplicity   	                   8	Spin multiplicity
     NLGrid         	             50 -194	Integration grid to use for nonlocal correlation: nrad lmax
     Occupancies    	                    	Orbital occupancies
     OptLM          	               false	If spherical harmonics used, use cartesian s and p functions?
     PZ             	               false	Perform Perdew-Zunger self-interaction correction?
     PZEthr         	           1.000e-10	Threshold for energy convergence
     PZIthr         	           1.000e-02	Threshold for initialization convergence (not too small!)
     PZNRthr        	           0.000e+00	Threshold for use of NR method in OO optimization
     PZOOthr        	           1.000e-04	Gradient threshold for OO optimization
     PZOVthr        	           1.000e-05	Gradient threshold for OV optimization
     PZimag         	                Auto	Imaginary degrees of freedom in PZ?
     PZiter         	                  20	Max number of iterations in self-consistency iteration
     PZloc          	                Auto	Initial localization before SIC calculation?
     PZlocmet       	                  FB	Initial localization method (recommend FB or IAO)
     PZmode         	                  XC	Apply PZ to the operators (in addition to J): X C D
     PZoo           	                true	Optimize OO block?
     PZov           	                true	Optimize OV block?
     PZprec         	                   1	Precondition OV block? 0: no, 1: unified, 2: orbital
     PZrand         	                true	Apply random rotation in PZ initialization? (Should be true)
     PZscale        	            Constant	Scaling for PZ: Constant, Density or Kinetic
     PZscaleExp     	           1.000e+00	Exponent in the dynamic scaling equation
     PZseed         	                   0	Seed number for randomized matrices?
     PZstab         	                   0	Stability analysis for PZ-SIC? 1 or -1 for OO, 2 or -2 for OO+OV
     PZstabThr      	           1.000e-03	Instability threshold (interpreted as -thr)
     PZw            	           1.000e+00	Weight for Perdew-Zunger self-interaction correction
     Restricted     	               false	Spin restricted?
     SAPBasis       	    helfem_large.gbs	Tabulated atomic effective potential "basis set"
     SAPGrid        	                    	SAP integration grid to use: nrad lmax or leave empty
     SaveChk        	   complex_basis.chk	Checkpoint file to save to
     Shift          	           0.000e+00	Level shift to use in Hartree
     System         	        ../atoms.xyz	System as an xyz file
     TRRHminS       	           9.750e-01	Trust-Region Roothaan-Hall minimal occupied orbital overlap
     UseADIIS       	                true	Use ADIIS for Fock matrix interpolation?
     UseBroyden     	               false	Use Broyden mixing of Fock matrices?
     UseDIIS        	                true	Use Pulay's Direct Inversion in the Iterative Subspace?
     UseLM          	                true	Use a spherical harmonics basis set by default?
     UseTRRH        	               false	Use Trust-Region Roothaan-Hall?
     VV10           	                Auto	Use VV10 non-local correlation?
     VV10Pars       	                    	VV10 parameters: b C
     Verbose        	                true	Verbose calculation?
     Verbosity      	                   5	Verboseness level

Basis set HGBSP1-5 found in file HGBSP1-5.gbs in /home/lehtola/programs/erkale/basis/.
Basis set helfem_large.gbs found in file helfem_large.gbs in /home/lehtola/programs/erkale/basis/.
Screening by shell pairs and symmetry reduced dofs by factor 1.98.
Individual screening reduced dofs by a total factor 1.98.
Computing Cholesky vectors. Estimated memory size is 15 Mi - 52 Mi.
Cholesky vectors no     0 -     0 computed, error is 3.743418e+01 (0.00 s).
Cholesky vectors no     1 -     1 computed, error is 1.464603e+01 (0.00 s).
Cholesky vectors no     2 -     7 computed, error is 4.218334e+00 (0.00 s).
Cholesky vectors no     8 -    10 computed, error is 3.957814e+00 (0.00 s).
Cholesky vectors no    11 -    11 computed, error is 3.364826e+00 (0.00 s).
Cholesky vectors no    12 -    26 computed, error is 2.035252e+00 (0.00 s).
Cholesky vectors no    27 -    27 computed, error is 1.198314e+00 (0.00 s).
Cholesky vectors no    28 -    30 computed, error is 1.014544e+00 (0.00 s).
Cholesky vectors no    31 -    45 computed, error is 8.486205e-01 (0.00 s).
Cholesky vectors no    46 -    51 computed, error is 5.811334e-01 (0.00 s).
Cholesky vectors no    52 -    61 computed, error is 4.246787e-01 (0.00 s).
Cholesky vectors no    62 -    76 computed, error is 2.801668e-01 (0.00 s).
Cholesky vectors no    77 -    79 computed, error is 2.193917e-01 (0.00 s).
Cholesky vectors no    80 -    80 computed, error is 2.178050e-01 (0.00 s).
Cholesky vectors no    81 -    90 computed, error is 2.025826e-01 (0.00 s).
Cholesky vectors no    91 -   100 computed, error is 1.838685e-01 (0.01 s).
Cholesky vectors no   101 -   115 computed, error is 1.232589e-01 (0.00 s).
Cholesky vectors no   116 -   130 computed, error is 9.338109e-02 (0.00 s).
Cholesky vectors no   131 -   140 computed, error is 7.940657e-02 (0.00 s).
Cholesky vectors no   141 -   155 computed, error is 5.597112e-02 (0.01 s).
Cholesky vectors no   156 -   161 computed, error is 5.123474e-02 (0.00 s).
Cholesky vectors no   162 -   171 computed, error is 4.224890e-02 (0.01 s).
Cholesky vectors no   172 -   172 computed, error is 3.696276e-02 (0.00 s).
Cholesky vectors no   173 -   187 computed, error is 3.439444e-02 (0.01 s).
Cholesky vectors no   188 -   197 computed, error is 3.432164e-02 (0.01 s).
Cholesky vectors no   198 -   212 computed, error is 3.095539e-02 (0.02 s).
Cholesky vectors no   213 -   215 computed, error is 2.207469e-02 (0.00 s).
Cholesky vectors no   216 -   225 computed, error is 1.600532e-02 (0.01 s).
Cholesky vectors no   226 -   240 computed, error is 1.547095e-02 (0.01 s).
Cholesky vectors no   241 -   250 computed, error is 9.401602e-03 (0.01 s).
Cholesky vectors no   251 -   253 computed, error is 8.810065e-03 (0.00 s).
Cholesky vectors no   254 -   263 computed, error is 7.885830e-03 (0.01 s).
Cholesky vectors no   264 -   273 computed, error is 7.826816e-03 (0.01 s).
Cholesky vectors no   274 -   288 computed, error is 6.783543e-03 (0.01 s).
Cholesky vectors no   289 -   303 computed, error is 4.685526e-03 (0.02 s).
Cholesky vectors no   304 -   309 computed, error is 3.187215e-03 (0.00 s).
Cholesky vectors no   310 -   319 computed, error is 2.350806e-03 (0.01 s).
Cholesky vectors no   320 -   334 computed, error is 2.227188e-03 (0.01 s).
Cholesky vectors no   335 -   344 computed, error is 2.034420e-03 (0.01 s).
Cholesky vectors no   345 -   347 computed, error is 1.618939e-03 (0.00 s).
Cholesky vectors no   348 -   348 computed, error is 1.569914e-03 (0.00 s).
Cholesky vectors no   349 -   358 computed, error is 1.347074e-03 (0.01 s).
Cholesky vectors no   359 -   373 computed, error is 4.899410e-04 (0.01 s).
Cholesky vectors no   374 -   383 computed, error is 4.116413e-04 (0.01 s).
Cholesky vectors no   384 -   384 computed, error is 3.449502e-04 (0.00 s).
Cholesky vectors no   385 -   387 computed, error is 3.133567e-04 (0.00 s).
Cholesky vectors no   388 -   402 computed, error is 2.345259e-04 (0.02 s).
Cholesky vectors no   403 -   412 computed, error is 2.234477e-04 (0.01 s).
Cholesky vectors no   413 -   413 computed, error is 1.289228e-04 (0.00 s).
Cholesky vectors no   414 -   428 computed, error is 9.326068e-05 (0.01 s).
Cholesky vectors no   429 -   431 computed, error is 8.223319e-05 (0.00 s).
Cholesky vectors no   432 -   441 computed, error is 7.684607e-05 (0.01 s).
Cholesky vectors no   442 -   447 computed, error is 5.585301e-05 (0.00 s).
Cholesky vectors no   448 -   462 computed, error is 4.187542e-05 (0.01 s).
Cholesky vectors no   463 -   477 computed, error is 3.147378e-05 (0.01 s).
Cholesky vectors no   478 -   487 computed, error is 2.975034e-05 (0.01 s).
Cholesky vectors no   488 -   502 computed, error is 2.131091e-05 (0.02 s).
Cholesky vectors no   503 -   512 computed, error is 1.663021e-05 (0.01 s).
Cholesky vectors no   513 -   527 computed, error is 1.511692e-05 (0.01 s).
Cholesky vectors no   528 -   528 computed, error is 1.229203e-05 (0.00 s).
Cholesky vectors no   529 -   538 computed, error is 7.329944e-06 (0.01 s).
Cholesky vectors no   539 -   543 computed, error is 7.040215e-06 (0.00 s).
Cholesky vectors no   544 -   558 computed, error is 5.577549e-06 (0.01 s).
Cholesky vectors no   559 -   568 computed, error is 4.026220e-06 (0.01 s).
Cholesky vectors no   569 -   569 computed, error is 3.694938e-06 (0.00 s).
Cholesky vectors no   570 -   579 computed, error is 3.646530e-06 (0.01 s).
Cholesky vectors no   580 -   582 computed, error is 2.854002e-06 (0.00 s).
Cholesky vectors no   583 -   597 computed, error is 1.574193e-06 (0.01 s).
Cholesky vectors no   598 -   612 computed, error is 1.278522e-06 (0.03 s).
Cholesky vectors no   613 -   622 computed, error is 7.593513e-07 (0.01 s).
Cholesky vectors no   623 -   637 computed, error is 7.352308e-07 (0.01 s).
Cholesky vectors no   638 -   647 computed, error is 5.142806e-07 (0.01 s).
Cholesky vectors no   648 -   652 computed, error is 4.243912e-07 (0.00 s).
Cholesky vectors no   653 -   653 computed, error is 2.685769e-07 (0.00 s).
Cholesky vectors no   654 -   659 computed, error is 2.583835e-07 (0.01 s).
Cholesky vectors no   660 -   666 computed, error is 1.648505e-07 (0.01 s).
Cholesky vectors no   667 -   669 computed, error is 1.311583e-07 (0.00 s).
Cholesky vectors no   670 -   684 computed, error is 3.922163e-08 (0.01 s).
Cholesky decomposition finished in 0.54 s. Realized memory size is 33 Mi 201 ki.
Time use: integrals 6.6 %, linear algebra 93.4 %.
780 shell pairs and 1 nuclei
SAP potential formed in 0.002 s.
Smallest eigenvalue of overlap matrix is 1.48e-02, reciprocal condition number is 4.56e-03.
Using symmetric orthogonalization.
Smallest eigenvalue of overlap matrix is 1.06e-02, reciprocal condition number is 2.97e-03.
Using symmetric orthogonalization.
Smallest eigenvalue of overlap matrix is 4.28e-03, reciprocal condition number is 9.60e-04.
Using symmetric orthogonalization.
Smallest eigenvalue of overlap matrix is 1.06e-02, reciprocal condition number is 2.97e-03.
Using symmetric orthogonalization.
Smallest eigenvalue of overlap matrix is 1.48e-02, reciprocal condition number is 4.56e-03.
Using symmetric orthogonalization.
Nela = 12 Nelb = 5



Solving SCF
Evaluated energy -399.2216710337 (change from lowest -3.992217e+02)


Iteration 1: 1 Fock evaluations energy -399.2216710337 change -3.992217e+02 DIIS error vector rms norm 5.642454e-01
History size 1
alpha m=-1 occupations
   1.0000   1.0000
alpha m=0 occupations
   1.0000   1.0000   1.0000   1.0000   1.0000   1.0000
alpha m=1 occupations
   1.0000   1.0000   1.0000
alpha m=2 occupations
   1.0000
beta m=-1 occupations
   1.0000
beta m=0 occupations
   1.0000   1.0000   1.0000
beta m=1 occupations
   1.0000
EDIIS step
Evaluated energy -435.2110392189 (change from lowest -3.598937e+01)
Density matrix difference 4.391778e-01 between lowest-energy and newest entry


Iteration 2: 2 Fock evaluations energy -435.2110392189 change -3.598937e+01 DIIS error vector rms norm 2.432775e-01
History size 2
alpha m=-1 occupations
   1.0000   1.0000
alpha m=0 occupations
   1.0000   1.0000   1.0000   1.0000   1.0000   1.0000
alpha m=1 occupations
   1.0000   1.0000   1.0000
alpha m=2 occupations
   1.0000
beta m=-1 occupations
   1.0000
beta m=0 occupations
   1.0000   1.0000   1.0000
beta m=1 occupations
   1.0000
EDIIS step
Evaluated energy -457.4932102495 (change from lowest -2.228217e+01)
Density matrix difference 3.922684e-01 between lowest-energy and newest entry


Iteration 3: 3 Fock evaluations energy -457.4932102495 change -2.228217e+01 DIIS error vector rms norm 2.962019e-02
History size 3
alpha m=-1 occupations
   1.0000   1.0000
alpha m=0 occupations
   1.0000   1.0000   1.0000   1.0000   1.0000   1.0000
alpha m=1 occupations
   1.0000   1.0000   1.0000
alpha m=2 occupations
   1.0000
beta m=-1 occupations
   1.0000
beta m=0 occupations
   1.0000   1.0000   1.0000
beta m=1 occupations
   1.0000
EDIIS+DIIS step
Evaluated energy -458.0504726424 (change from lowest -5.572624e-01)
Density matrix difference 1.685906e-01 between lowest-energy and newest entry


Iteration 4: 4 Fock evaluations energy -458.0504726424 change -5.572624e-01 DIIS error vector rms norm 9.592327e-03
History size 4
alpha m=-1 occupations
   1.0000   1.0000
alpha m=0 occupations
   1.0000   1.0000   1.0000   1.0000   1.0000   1.0000
alpha m=1 occupations
   1.0000   1.0000   1.0000
alpha m=2 occupations
   1.0000
beta m=-1 occupations
   1.0000
beta m=0 occupations
   1.0000   1.0000   1.0000
beta m=1 occupations
   1.0000
EDIIS+DIIS step
Evaluated energy -458.3213066095 (change from lowest -2.708340e-01)
Density matrix difference 1.087294e-01 between lowest-energy and newest entry


Iteration 5: 5 Fock evaluations energy -458.3213066095 change -2.708340e-01 DIIS error vector rms norm 3.406048e-03
History size 5
alpha m=-1 occupations
   1.0000   1.0000
alpha m=0 occupations
   1.0000   1.0000   1.0000   1.0000   1.0000   1.0000
alpha m=1 occupations
   1.0000   1.0000   1.0000
alpha m=2 occupations
   1.0000
beta m=-1 occupations
   1.0000
beta m=0 occupations
   1.0000   1.0000   1.0000
beta m=1 occupations
   1.0000
EDIIS+DIIS step
Evaluated energy -458.3476739813 (change from lowest -2.636737e-02)
Density matrix difference 1.841492e-02 between lowest-energy and newest entry


Iteration 6: 6 Fock evaluations energy -458.3476739813 change -2.636737e-02 DIIS error vector rms norm 5.726046e-04
History size 6
alpha m=-1 occupations
   1.0000   1.0000
alpha m=0 occupations
   1.0000   1.0000   1.0000   1.0000   1.0000   1.0000
alpha m=1 occupations
   1.0000   1.0000   1.0000
alpha m=2 occupations
   1.0000
beta m=-1 occupations
   1.0000
beta m=0 occupations
   1.0000   1.0000   1.0000
beta m=1 occupations
   1.0000
EDIIS+DIIS step
Evaluated energy -458.3493132815 (change from lowest -1.639300e-03)
Density matrix difference 5.982162e-03 between lowest-energy and newest entry


Iteration 7: 7 Fock evaluations energy -458.3493132815 change -1.639300e-03 DIIS error vector rms norm 2.034812e-04
History size 7
alpha m=-1 occupations
   1.0000   1.0000
alpha m=0 occupations
   1.0000   1.0000   1.0000   1.0000   1.0000   1.0000
alpha m=1 occupations
   1.0000   1.0000   1.0000
alpha m=2 occupations
   1.0000
beta m=-1 occupations
   1.0000
beta m=0 occupations
   1.0000   1.0000   1.0000
beta m=1 occupations
   1.0000
EDIIS+DIIS step
Evaluated energy -458.3498411519 (change from lowest -5.278704e-04)
Density matrix difference 2.267614e-03 between lowest-energy and newest entry


Iteration 8: 8 Fock evaluations energy -458.3498411519 change -5.278704e-04 DIIS error vector rms norm 1.558396e-04
History size 8
alpha m=-1 occupations
   1.0000   1.0000
alpha m=0 occupations
   1.0000   1.0000   1.0000   1.0000   1.0000   1.0000
alpha m=1 occupations
   1.0000   1.0000   1.0000
alpha m=2 occupations
   1.0000
beta m=-1 occupations
   1.0000
beta m=0 occupations
   1.0000   1.0000   1.0000
beta m=1 occupations
   1.0000
EDIIS+DIIS step
Evaluated energy -458.3502852554 (change from lowest -4.441035e-04)
Density matrix difference 1.399096e-03 between lowest-energy and newest entry


Iteration 9: 9 Fock evaluations energy -458.3502852554 change -4.441035e-04 DIIS error vector rms norm 1.611873e-04
History size 9
alpha m=-1 occupations
   1.0000   1.0000
alpha m=0 occupations
   1.0000   1.0000   1.0000   1.0000   1.0000   1.0000
alpha m=1 occupations
   1.0000   1.0000   1.0000
alpha m=2 occupations
   1.0000
beta m=-1 occupations
   1.0000
beta m=0 occupations
   1.0000   1.0000   1.0000
beta m=1 occupations
   1.0000
EDIIS+DIIS step
Evaluated energy -458.3500705218 (change from lowest 2.147336e-04)
Density matrix difference 6.415094e-04 between lowest-energy and newest entry


Iteration 10: 10 Fock evaluations energy -458.3502852554 change  0.000000e+00 DIIS error vector rms norm 1.611873e-04
History size 10
alpha m=-1 occupations
   1.0000   1.0000
alpha m=0 occupations
   1.0000   1.0000   1.0000   1.0000   1.0000   1.0000
alpha m=1 occupations
   1.0000   1.0000   1.0000
alpha m=2 occupations
   1.0000
beta m=-1 occupations
   1.0000
beta m=0 occupations
   1.0000   1.0000   1.0000
beta m=1 occupations
   1.0000
EDIIS+DIIS step
Evaluated energy -458.3500683231 (change from lowest 2.169323e-04)
Density matrix difference 6.475215e-04 between lowest-energy and newest entry


Iteration 11: 11 Fock evaluations energy -458.3502852554 change  0.000000e+00 DIIS error vector rms norm 1.611873e-04
History size 10
alpha m=-1 occupations
   1.0000   1.0000
alpha m=0 occupations
   1.0000   1.0000   1.0000   1.0000   1.0000   1.0000
alpha m=1 occupations
   1.0000   1.0000   1.0000
alpha m=2 occupations
   1.0000
beta m=-1 occupations
   1.0000
beta m=0 occupations
   1.0000   1.0000   1.0000
beta m=1 occupations
   1.0000
EDIIS+DIIS step
Evaluated energy -458.3500638593 (change from lowest 2.213961e-04)
Density matrix difference 6.612170e-04 between lowest-energy and newest entry


Iteration 12: 12 Fock evaluations energy -458.3502852554 change  0.000000e+00 DIIS error vector rms norm 1.611873e-04
History size 10
alpha m=-1 occupations
   1.0000   1.0000
alpha m=0 occupations
   1.0000   1.0000   1.0000   1.0000   1.0000   1.0000
alpha m=1 occupations
   1.0000   1.0000   1.0000
alpha m=2 occupations
   1.0000
beta m=-1 occupations
   1.0000
beta m=0 occupations
   1.0000   1.0000   1.0000
beta m=1 occupations
   1.0000
EDIIS+DIIS step
Evaluated energy -458.3500578269 (change from lowest 2.274285e-04)
Density matrix difference 6.800515e-04 between lowest-energy and newest entry


Iteration 13: 13 Fock evaluations energy -458.3502852554 change  0.000000e+00 DIIS error vector rms norm 1.611873e-04
History size 10
alpha m=-1 occupations
   1.0000   1.0000
alpha m=0 occupations
   1.0000   1.0000   1.0000   1.0000   1.0000   1.0000
alpha m=1 occupations
   1.0000   1.0000   1.0000
alpha m=2 occupations
   1.0000
beta m=-1 occupations
   1.0000
beta m=0 occupations
   1.0000   1.0000   1.0000
beta m=1 occupations
   1.0000
EDIIS+DIIS step
Evaluated energy -458.3500500098 (change from lowest 2.352456e-04)
Density matrix difference 7.046058e-04 between lowest-energy and newest entry


Iteration 14: 14 Fock evaluations energy -458.3502852554 change  0.000000e+00 DIIS error vector rms norm 1.611873e-04
History size 10
alpha m=-1 occupations
   1.0000   1.0000
alpha m=0 occupations
   1.0000   1.0000   1.0000   1.0000   1.0000   1.0000
alpha m=1 occupations
   1.0000   1.0000   1.0000
alpha m=2 occupations
   1.0000
beta m=-1 occupations
   1.0000
beta m=0 occupations
   1.0000   1.0000   1.0000
beta m=1 occupations
   1.0000
Switching to optimal damping for next iterations
EDIIS+DIIS step
Evaluated energy -458.3501379233 (change from lowest 1.473321e-04)
Density matrix difference 3.998407e-04 between lowest-energy and newest entry


Iteration 15: 15 Fock evaluations energy -458.3502852554 change  0.000000e+00 DIIS error vector rms norm 1.611873e-04
History size 10
alpha m=-1 occupations
   1.0000   1.0000
alpha m=0 occupations
   1.0000   1.0000   1.0000   1.0000   1.0000   1.0000
alpha m=1 occupations
   1.0000   1.0000   1.0000
alpha m=2 occupations
   1.0000
beta m=-1 occupations
   1.0000
beta m=0 occupations
   1.0000   1.0000   1.0000
beta m=1 occupations
   1.0000
Switching to optimal damping for next iterations
EDIIS+DIIS step
Evaluated energy -458.3502252346 (change from lowest 6.002075e-05)
Density matrix difference 2.393895e-04 between lowest-energy and newest entry


Iteration 16: 16 Fock evaluations energy -458.3502852554 change  0.000000e+00 DIIS error vector rms norm 1.611873e-04
History size 10
alpha m=-1 occupations
   1.0000   1.0000
alpha m=0 occupations
   1.0000   1.0000   1.0000   1.0000   1.0000   1.0000
alpha m=1 occupations
   1.0000   1.0000   1.0000
alpha m=2 occupations
   1.0000
beta m=-1 occupations
   1.0000
beta m=0 occupations
   1.0000   1.0000   1.0000
beta m=1 occupations
   1.0000
Switching to optimal damping for next iterations
EDIIS+DIIS step
Evaluated energy -458.3502595504 (change from lowest 2.570497e-05)
Density matrix difference 2.083261e-04 between lowest-energy and newest entry


Iteration 17: 17 Fock evaluations energy -458.3502852554 change  0.000000e+00 DIIS error vector rms norm 1.611873e-04
History size 10
alpha m=-1 occupations
   1.0000   1.0000
alpha m=0 occupations
   1.0000   1.0000   1.0000   1.0000   1.0000   1.0000
alpha m=1 occupations
   1.0000   1.0000   1.0000
alpha m=2 occupations
   1.0000
beta m=-1 occupations
   1.0000
beta m=0 occupations
   1.0000   1.0000   1.0000
beta m=1 occupations
   1.0000
Switching to optimal damping for next iterations
EDIIS+DIIS step
Evaluated energy -458.3502484887 (change from lowest 3.676672e-05)
Density matrix difference 2.116104e-04 between lowest-energy and newest entry


Iteration 18: 18 Fock evaluations energy -458.3502852554 change  0.000000e+00 DIIS error vector rms norm 1.611873e-04
History size 10
alpha m=-1 occupations
   1.0000   1.0000
alpha m=0 occupations
   1.0000   1.0000   1.0000   1.0000   1.0000   1.0000
alpha m=1 occupations
   1.0000   1.0000   1.0000
alpha m=2 occupations
   1.0000
beta m=-1 occupations
   1.0000
beta m=0 occupations
   1.0000   1.0000   1.0000
beta m=1 occupations
   1.0000
Switching to optimal damping for next iterations
EDIIS+DIIS step
Evaluated energy -458.3503767337 (change from lowest -9.147831e-05)
Density matrix difference 3.710958e-04 between lowest-energy and newest entry


Iteration 19: 19 Fock evaluations energy -458.3503767337 change -9.147831e-05 DIIS error vector rms norm 1.599916e-04
History size 10
alpha m=-1 occupations
   1.0000   1.0000
alpha m=0 occupations
   1.0000   1.0000   1.0000   1.0000   1.0000   1.0000
alpha m=1 occupations
   1.0000   1.0000   1.0000
alpha m=2 occupations
   1.0000
beta m=-1 occupations
   1.0000
beta m=0 occupations
   1.0000   1.0000   1.0000
beta m=1 occupations
   1.0000
EDIIS+DIIS step
Evaluated energy -458.3505021701 (change from lowest -1.254364e-04)
Density matrix difference 3.732072e-04 between lowest-energy and newest entry


Iteration 20: 20 Fock evaluations energy -458.3505021701 change -1.254364e-04 DIIS error vector rms norm 1.628890e-04
History size 10
alpha m=-1 occupations
   1.0000   1.0000
alpha m=0 occupations
   1.0000   1.0000   1.0000   1.0000   1.0000   1.0000
alpha m=1 occupations
   1.0000   1.0000   1.0000
alpha m=2 occupations
   1.0000
beta m=-1 occupations
   1.0000
beta m=0 occupations
   1.0000   1.0000   1.0000
beta m=1 occupations
   1.0000
EDIIS+DIIS step
Evaluated energy -458.3502016546 (change from lowest 3.005155e-04)
Density matrix difference 8.775408e-04 between lowest-energy and newest entry


Iteration 21: 21 Fock evaluations energy -458.3505021701 change  0.000000e+00 DIIS error vector rms norm 1.628890e-04
History size 10
alpha m=-1 occupations
   1.0000   1.0000
alpha m=0 occupations
   1.0000   1.0000   1.0000   1.0000   1.0000   1.0000
alpha m=1 occupations
   1.0000   1.0000   1.0000
alpha m=2 occupations
   1.0000
beta m=-1 occupations
   1.0000
beta m=0 occupations
   1.0000   1.0000   1.0000
beta m=1 occupations
   1.0000
EDIIS+DIIS step
Evaluated energy -458.3501452117 (change from lowest 3.569584e-04)
Density matrix difference 1.052055e-03 between lowest-energy and newest entry


Iteration 22: 22 Fock evaluations energy -458.3505021701 change  0.000000e+00 DIIS error vector rms norm 1.628890e-04
History size 10
alpha m=-1 occupations
   1.0000   1.0000
alpha m=0 occupations
   1.0000   1.0000   1.0000   1.0000   1.0000   1.0000
alpha m=1 occupations
   1.0000   1.0000   1.0000
alpha m=2 occupations
   1.0000
beta m=-1 occupations
   1.0000
beta m=0 occupations
   1.0000   1.0000   1.0000
beta m=1 occupations
   1.0000
EDIIS+DIIS step
Evaluated energy -458.3500443093 (change from lowest 4.578608e-04)
Density matrix difference 1.367307e-03 between lowest-energy and newest entry


Iteration 23: 23 Fock evaluations energy -458.3505021701 change  0.000000e+00 DIIS error vector rms norm 1.628890e-04
History size 10
alpha m=-1 occupations
   1.0000   1.0000
alpha m=0 occupations
   1.0000   1.0000   1.0000   1.0000   1.0000   1.0000
alpha m=1 occupations
   1.0000   1.0000   1.0000
alpha m=2 occupations
   1.0000
beta m=-1 occupations
   1.0000
beta m=0 occupations
   1.0000   1.0000   1.0000
beta m=1 occupations
   1.0000
EDIIS+DIIS step
Evaluated energy -458.3497941548 (change from lowest 7.080153e-04)
Density matrix difference 2.167388e-03 between lowest-energy and newest entry


Iteration 24: 24 Fock evaluations energy -458.3505021701 change  0.000000e+00 DIIS error vector rms norm 1.628890e-04
History size 10
alpha m=-1 occupations
   1.0000   1.0000
alpha m=0 occupations
   1.0000   1.0000   1.0000   1.0000   1.0000   1.0000
alpha m=1 occupations
   1.0000   1.0000   1.0000
alpha m=2 occupations
   1.0000
beta m=-1 occupations
   1.0000
beta m=0 occupations
   1.0000   1.0000   1.0000
beta m=1 occupations
   1.0000
EDIIS+DIIS step
Evaluated energy -458.3489204160 (change from lowest 1.581754e-03)
Density matrix difference 5.253161e-03 between lowest-energy and newest entry


Iteration 25: 25 Fock evaluations energy -458.3505021701 change  0.000000e+00 DIIS error vector rms norm 1.628890e-04
History size 10
alpha m=-1 occupations
   1.0000   1.0000
alpha m=0 occupations
   1.0000   1.0000   1.0000   1.0000   1.0000   1.0000
alpha m=1 occupations
   1.0000   1.0000   1.0000
alpha m=2 occupations
   1.0000
beta m=-1 occupations
   1.0000
beta m=0 occupations
   1.0000   1.0000   1.0000
beta m=1 occupations
   1.0000
Switching to optimal damping for next iterations
EDIIS+DIIS step
Evaluated energy -458.3473816747 (change from lowest 3.120495e-03)
Density matrix difference 1.324249e-02 between lowest-energy and newest entry


Iteration 26: 26 Fock evaluations energy -458.3505021701 change  0.000000e+00 DIIS error vector rms norm 1.628890e-04
History size 10
alpha m=-1 occupations
   1.0000   1.0000
alpha m=0 occupations
   1.0000   1.0000   1.0000   1.0000   1.0000   1.0000
alpha m=1 occupations
   1.0000   1.0000   1.0000
alpha m=2 occupations
   1.0000
beta m=-1 occupations
   1.0000
beta m=0 occupations
   1.0000   1.0000   1.0000
beta m=1 occupations
   1.0000
Switching to optimal damping for next iterations
EDIIS+DIIS step
Evaluated energy -458.3473956514 (change from lowest 3.106519e-03)
Density matrix difference 1.312961e-02 between lowest-energy and newest entry


Iteration 27: 27 Fock evaluations energy -458.3505021701 change  0.000000e+00 DIIS error vector rms norm 1.628890e-04
History size 10
alpha m=-1 occupations
   1.0000   1.0000
alpha m=0 occupations
   1.0000   1.0000   1.0000   1.0000   1.0000   1.0000
alpha m=1 occupations
   1.0000   1.0000   1.0000
alpha m=2 occupations
   1.0000
beta m=-1 occupations
   1.0000
beta m=0 occupations
   1.0000   1.0000   1.0000
beta m=1 occupations
   1.0000
Switching to optimal damping for next iterations
EDIIS+DIIS step
Evaluated energy -458.3474047613 (change from lowest 3.097409e-03)
Density matrix difference 1.305408e-02 between lowest-energy and newest entry


Iteration 28: 28 Fock evaluations energy -458.3505021701 change  0.000000e+00 DIIS error vector rms norm 1.628890e-04
History size 10
alpha m=-1 occupations
   1.0000   1.0000
alpha m=0 occupations
   1.0000   1.0000   1.0000   1.0000   1.0000   1.0000
alpha m=1 occupations
   1.0000   1.0000   1.0000
alpha m=2 occupations
   1.0000
beta m=-1 occupations
   1.0000
beta m=0 occupations
   1.0000   1.0000   1.0000
beta m=1 occupations
   1.0000
Switching to optimal damping for next iterations
EDIIS+DIIS step
Evaluated energy -458.3474097728 (change from lowest 3.092397e-03)
Density matrix difference 1.300862e-02 between lowest-energy and newest entry


Iteration 29: 29 Fock evaluations energy -458.3505021701 change  0.000000e+00 DIIS error vector rms norm 1.628890e-04
History size 10
alpha m=-1 occupations
   1.0000   1.0000
alpha m=0 occupations
   1.0000   1.0000   1.0000   1.0000   1.0000   1.0000
alpha m=1 occupations
   1.0000   1.0000   1.0000
alpha m=2 occupations
   1.0000
beta m=-1 occupations
   1.0000
beta m=0 occupations
   1.0000   1.0000   1.0000
beta m=1 occupations
   1.0000
Switching to optimal damping for next iterations
EDIIS+DIIS step
Evaluated energy -458.3474409744 (change from lowest 3.061196e-03)
Density matrix difference 1.276158e-02 between lowest-energy and newest entry


Iteration 30: 30 Fock evaluations energy -458.3505021701 change  0.000000e+00 DIIS error vector rms norm 1.628890e-04
History size 10
alpha m=-1 occupations
   1.0000   1.0000
alpha m=0 occupations
   1.0000   1.0000   1.0000   1.0000   1.0000   1.0000
alpha m=1 occupations
   1.0000   1.0000   1.0000
alpha m=2 occupations
   1.0000
beta m=-1 occupations
   1.0000
beta m=0 occupations
   1.0000   1.0000   1.0000
beta m=1 occupations
   1.0000
Switching to optimal damping for next iterations
EDIIS+DIIS step
Evaluated energy -458.3474071570 (change from lowest 3.095013e-03)
Density matrix difference 1.300348e-02 between lowest-energy and newest entry


Iteration 31: 31 Fock evaluations energy -458.3505021701 change  0.000000e+00 DIIS error vector rms norm 1.628890e-04
History size 10
alpha m=-1 occupations
   1.0000   1.0000
alpha m=0 occupations
   1.0000   1.0000   1.0000   1.0000   1.0000   1.0000
alpha m=1 occupations
   1.0000   1.0000   1.0000
alpha m=2 occupations
   1.0000
beta m=-1 occupations
   1.0000
beta m=0 occupations
   1.0000   1.0000   1.0000
beta m=1 occupations
   1.0000
Switching to optimal damping for next iterations
EDIIS+DIIS step
Evaluated energy -458.3473665753 (change from lowest 3.135595e-03)
Density matrix difference 1.329844e-02 between lowest-energy and newest entry


Iteration 32: 32 Fock evaluations energy -458.3505021701 change  0.000000e+00 DIIS error vector rms norm 1.628890e-04
History size 10
alpha m=-1 occupations
   1.0000   1.0000
alpha m=0 occupations
   1.0000   1.0000   1.0000   1.0000   1.0000   1.0000
alpha m=1 occupations
   1.0000   1.0000   1.0000
alpha m=2 occupations
   1.0000
beta m=-1 occupations
   1.0000
beta m=0 occupations
   1.0000   1.0000   1.0000
beta m=1 occupations
   1.0000
Switching to optimal damping for next iterations
EDIIS+DIIS step
Evaluated energy -458.3472803736 (change from lowest 3.221797e-03)
Density matrix difference 1.414949e-02 between lowest-energy and newest entry


Iteration 33: 33 Fock evaluations energy -458.3505021701 change  0.000000e+00 DIIS error vector rms norm 1.628890e-04
History size 10
alpha m=-1 occupations
   1.0000   1.0000
alpha m=0 occupations
   1.0000   1.0000   1.0000   1.0000   1.0000   1.0000
alpha m=1 occupations
   1.0000   1.0000   1.0000
alpha m=2 occupations
   1.0000
beta m=-1 occupations
   1.0000
beta m=0 occupations
   1.0000   1.0000   1.0000
beta m=1 occupations
   1.0000
Switching to optimal damping for next iterations
EDIIS+DIIS step
Evaluated energy -458.3472477126 (change from lowest 3.254458e-03)
Density matrix difference 1.568873e-02 between lowest-energy and newest entry


Iteration 34: 34 Fock evaluations energy -458.3505021701 change  0.000000e+00 DIIS error vector rms norm 1.628890e-04
History size 10
alpha m=-1 occupations
   1.0000   1.0000
alpha m=0 occupations
   1.0000   1.0000   1.0000   1.0000   1.0000   1.0000
alpha m=1 occupations
   1.0000   1.0000   1.0000
alpha m=2 occupations
   1.0000
beta m=-1 occupations
   1.0000
beta m=0 occupations
   1.0000   1.0000   1.0000
beta m=1 occupations
   1.0000
Switching to optimal damping for next iterations
EDIIS+DIIS step
Evaluated energy -458.3472629567 (change from lowest 3.239213e-03)
Density matrix difference 1.586178e-02 between lowest-energy and newest entry


Iteration 35: 35 Fock evaluations energy -458.3505021701 change  0.000000e+00 DIIS error vector rms norm 1.628890e-04
History size 10
alpha m=-1 occupations
   1.0000   1.0000
alpha m=0 occupations
   1.0000   1.0000   1.0000   1.0000   1.0000   1.0000
alpha m=1 occupations
   1.0000   1.0000   1.0000
alpha m=2 occupations
   1.0000
beta m=-1 occupations
   1.0000
beta m=0 occupations
   1.0000   1.0000   1.0000
beta m=1 occupations
   1.0000
Switching to optimal damping for next iterations
EDIIS+DIIS step
Evaluated energy -458.3472604433 (change from lowest 3.241727e-03)
Density matrix difference 1.549471e-02 between lowest-energy and newest entry


Iteration 36: 36 Fock evaluations energy -458.3505021701 change  0.000000e+00 DIIS error vector rms norm 1.628890e-04
History size 10
alpha m=-1 occupations
   1.0000   1.0000
alpha m=0 occupations
   1.0000   1.0000   1.0000   1.0000   1.0000   1.0000
alpha m=1 occupations
   1.0000   1.0000   1.0000
alpha m=2 occupations
   1.0000
beta m=-1 occupations
   1.0000
beta m=0 occupations
   1.0000   1.0000   1.0000
beta m=1 occupations
   1.0000
Switching to optimal damping for next iterations
EDIIS+DIIS step
Evaluated energy -458.3472605408 (change from lowest 3.241629e-03)
Density matrix difference 1.550887e-02 between lowest-energy and newest entry


Iteration 37: 37 Fock evaluations energy -458.3505021701 change  0.000000e+00 DIIS error vector rms norm 1.628890e-04
History size 10
alpha m=-1 occupations
   1.0000   1.0000
alpha m=0 occupations
   1.0000   1.0000   1.0000   1.0000   1.0000   1.0000
alpha m=1 occupations
   1.0000   1.0000   1.0000
alpha m=2 occupations
   1.0000
beta m=-1 occupations
   1.0000
beta m=0 occupations
   1.0000   1.0000   1.0000
beta m=1 occupations
   1.0000
Switching to optimal damping for next iterations
EDIIS+DIIS step
Evaluated energy -458.3472605557 (change from lowest 3.241614e-03)
Density matrix difference 1.551768e-02 between lowest-energy and newest entry


Iteration 38: 38 Fock evaluations energy -458.3505021701 change  0.000000e+00 DIIS error vector rms norm 1.628890e-04
History size 10
alpha m=-1 occupations
   1.0000   1.0000
alpha m=0 occupations
   1.0000   1.0000   1.0000   1.0000   1.0000   1.0000
alpha m=1 occupations
   1.0000   1.0000   1.0000
alpha m=2 occupations
   1.0000
beta m=-1 occupations
   1.0000
beta m=0 occupations
   1.0000   1.0000   1.0000
beta m=1 occupations
   1.0000
Switching to optimal damping for next iterations
EDIIS+DIIS step
Evaluated energy -458.3472605584 (change from lowest 3.241612e-03)
Density matrix difference 1.551737e-02 between lowest-energy and newest entry


Iteration 39: 39 Fock evaluations energy -458.3505021701 change  0.000000e+00 DIIS error vector rms norm 1.628890e-04
History size 10
alpha m=-1 occupations
   1.0000   1.0000
alpha m=0 occupations
   1.0000   1.0000   1.0000   1.0000   1.0000   1.0000
alpha m=1 occupations
   1.0000   1.0000   1.0000
alpha m=2 occupations
   1.0000
beta m=-1 occupations
   1.0000
beta m=0 occupations
   1.0000   1.0000   1.0000
beta m=1 occupations
   1.0000
Switching to optimal damping for next iterations
EDIIS+DIIS step
Evaluated energy -458.3472605663 (change from lowest 3.241604e-03)
Density matrix difference 1.550623e-02 between lowest-energy and newest entry


Iteration 40: 40 Fock evaluations energy -458.3505021701 change  0.000000e+00 DIIS error vector rms norm 1.628890e-04
History size 10
alpha m=-1 occupations
   1.0000   1.0000
alpha m=0 occupations
   1.0000   1.0000   1.0000   1.0000   1.0000   1.0000
alpha m=1 occupations
   1.0000   1.0000   1.0000
alpha m=2 occupations
   1.0000
beta m=-1 occupations
   1.0000
beta m=0 occupations
   1.0000   1.0000   1.0000
beta m=1 occupations
   1.0000
Switching to optimal damping for next iterations
EDIIS+DIIS step
Evaluated energy -458.3472605596 (change from lowest 3.241610e-03)
Density matrix difference 1.551648e-02 between lowest-energy and newest entry


Iteration 41: 41 Fock evaluations energy -458.3505021701 change  0.000000e+00 DIIS error vector rms norm 1.628890e-04
History size 10
alpha m=-1 occupations
   1.0000   1.0000
alpha m=0 occupations
   1.0000   1.0000   1.0000   1.0000   1.0000   1.0000
alpha m=1 occupations
   1.0000   1.0000   1.0000
alpha m=2 occupations
   1.0000
beta m=-1 occupations
   1.0000
beta m=0 occupations
   1.0000   1.0000   1.0000
beta m=1 occupations
   1.0000
Switching to optimal damping for next iterations
EDIIS+DIIS step
Evaluated energy -458.3472605591 (change from lowest 3.241611e-03)
Density matrix difference 1.551881e-02 between lowest-energy and newest entry


Iteration 42: 42 Fock evaluations energy -458.3505021701 change  0.000000e+00 DIIS error vector rms norm 1.628890e-04
History size 10
alpha m=-1 occupations
   1.0000   1.0000
alpha m=0 occupations
   1.0000   1.0000   1.0000   1.0000   1.0000   1.0000
alpha m=1 occupations
   1.0000   1.0000   1.0000
alpha m=2 occupations
   1.0000
beta m=-1 occupations
   1.0000
beta m=0 occupations
   1.0000   1.0000   1.0000
beta m=1 occupations
   1.0000
Switching to optimal damping for next iterations
EDIIS+DIIS step
Evaluated energy -458.3472605588 (change from lowest 3.241611e-03)
Density matrix difference 1.552059e-02 between lowest-energy and newest entry


Iteration 43: 43 Fock evaluations energy -458.3505021701 change  0.000000e+00 DIIS error vector rms norm 1.628890e-04
History size 10
alpha m=-1 occupations
   1.0000   1.0000
alpha m=0 occupations
   1.0000   1.0000   1.0000   1.0000   1.0000   1.0000
alpha m=1 occupations
   1.0000   1.0000   1.0000
alpha m=2 occupations
   1.0000
beta m=-1 occupations
   1.0000
beta m=0 occupations
   1.0000   1.0000   1.0000
beta m=1 occupations
   1.0000
Switching to optimal damping for next iterations
EDIIS+DIIS step
Evaluated energy -458.3472605587 (change from lowest 3.241611e-03)
Density matrix difference 1.552114e-02 between lowest-energy and newest entry


Iteration 44: 44 Fock evaluations energy -458.3505021701 change  0.000000e+00 DIIS error vector rms norm 1.628890e-04
History size 10
alpha m=-1 occupations
   1.0000   1.0000
alpha m=0 occupations
   1.0000   1.0000   1.0000   1.0000   1.0000   1.0000
alpha m=1 occupations
   1.0000   1.0000   1.0000
alpha m=2 occupations
   1.0000
beta m=-1 occupations
   1.0000
beta m=0 occupations
   1.0000   1.0000   1.0000
beta m=1 occupations
   1.0000
Switching to optimal damping for next iterations
EDIIS+DIIS step
Evaluated energy -458.3472605583 (change from lowest 3.241612e-03)
Density matrix difference 1.552223e-02 between lowest-energy and newest entry


Iteration 45: 45 Fock evaluations energy -458.3505021701 change  0.000000e+00 DIIS error vector rms norm 1.628890e-04
History size 10
alpha m=-1 occupations
   1.0000   1.0000
alpha m=0 occupations
   1.0000   1.0000   1.0000   1.0000   1.0000   1.0000
alpha m=1 occupations
   1.0000   1.0000   1.0000
alpha m=2 occupations
   1.0000
beta m=-1 occupations
   1.0000
beta m=0 occupations
   1.0000   1.0000   1.0000
beta m=1 occupations
   1.0000
Switching to optimal damping for next iterations
EDIIS+DIIS step
Evaluated energy -458.3472605582 (change from lowest 3.241612e-03)
Density matrix difference 1.552264e-02 between lowest-energy and newest entry


Iteration 46: 46 Fock evaluations energy -458.3505021701 change  0.000000e+00 DIIS error vector rms norm 1.628890e-04
History size 10
alpha m=-1 occupations
   1.0000   1.0000
alpha m=0 occupations
   1.0000   1.0000   1.0000   1.0000   1.0000   1.0000
alpha m=1 occupations
   1.0000   1.0000   1.0000
alpha m=2 occupations
   1.0000
beta m=-1 occupations
   1.0000
beta m=0 occupations
   1.0000   1.0000   1.0000
beta m=1 occupations
   1.0000
Switching to optimal damping for next iterations
EDIIS+DIIS step
Evaluated energy -458.3472605580 (change from lowest 3.241612e-03)
Density matrix difference 1.552315e-02 between lowest-energy and newest entry


Iteration 47: 47 Fock evaluations energy -458.3505021701 change  0.000000e+00 DIIS error vector rms norm 1.628890e-04
History size 10
alpha m=-1 occupations
   1.0000   1.0000
alpha m=0 occupations
   1.0000   1.0000   1.0000   1.0000   1.0000   1.0000
alpha m=1 occupations
   1.0000   1.0000   1.0000
alpha m=2 occupations
   1.0000
beta m=-1 occupations
   1.0000
beta m=0 occupations
   1.0000   1.0000   1.0000
beta m=1 occupations
   1.0000
Switching to optimal damping for next iterations
EDIIS+DIIS step
Evaluated energy -458.3472605579 (change from lowest 3.241612e-03)
Density matrix difference 1.552328e-02 between lowest-energy and newest entry


Iteration 48: 48 Fock evaluations energy -458.3505021701 change  0.000000e+00 DIIS error vector rms norm 1.628890e-04
History size 10
alpha m=-1 occupations
   1.0000   1.0000
alpha m=0 occupations
   1.0000   1.0000   1.0000   1.0000   1.0000   1.0000
alpha m=1 occupations
   1.0000   1.0000   1.0000
alpha m=2 occupations
   1.0000
beta m=-1 occupations
   1.0000
beta m=0 occupations
   1.0000   1.0000   1.0000
beta m=1 occupations
   1.0000
Switching to optimal damping for next iterations
EDIIS+DIIS step
Evaluated energy -458.3472605580 (change from lowest 3.241612e-03)
Density matrix difference 1.552316e-02 between lowest-energy and newest entry


Iteration 49: 49 Fock evaluations energy -458.3505021701 change  0.000000e+00 DIIS error vector rms norm 1.628890e-04
History size 10
alpha m=-1 occupations
   1.0000   1.0000
alpha m=0 occupations
   1.0000   1.0000   1.0000   1.0000   1.0000   1.0000
alpha m=1 occupations
   1.0000   1.0000   1.0000
alpha m=2 occupations
   1.0000
beta m=-1 occupations
   1.0000
beta m=0 occupations
   1.0000   1.0000   1.0000
beta m=1 occupations
   1.0000
Switching to optimal damping for next iterations
EDIIS+DIIS step
Evaluated energy -458.3472605617 (change from lowest 3.241608e-03)
Density matrix difference 1.551613e-02 between lowest-energy and newest entry


Iteration 50: 50 Fock evaluations energy -458.3505021701 change  0.000000e+00 DIIS error vector rms norm 1.628890e-04
History size 10
alpha m=-1 occupations
   1.0000   1.0000
alpha m=0 occupations
   1.0000   1.0000   1.0000   1.0000   1.0000   1.0000
alpha m=1 occupations
   1.0000   1.0000   1.0000
alpha m=2 occupations
   1.0000
beta m=-1 occupations
   1.0000
beta m=0 occupations
   1.0000   1.0000   1.0000
beta m=1 occupations
   1.0000
Switching to optimal damping for next iterations
EDIIS+DIIS step
Evaluated energy -458.3472605581 (change from lowest 3.241612e-03)
Density matrix difference 1.552237e-02 between lowest-energy and newest entry


Iteration 51: 51 Fock evaluations energy -458.3505021701 change  0.000000e+00 DIIS error vector rms norm 1.628890e-04
History size 10
alpha m=-1 occupations
   1.0000   1.0000
alpha m=0 occupations
   1.0000   1.0000   1.0000   1.0000   1.0000   1.0000
alpha m=1 occupations
   1.0000   1.0000   1.0000
alpha m=2 occupations
   1.0000
beta m=-1 occupations
   1.0000
beta m=0 occupations
   1.0000   1.0000   1.0000
beta m=1 occupations
   1.0000
Switching to optimal damping for next iterations
EDIIS+DIIS step
Evaluated energy -458.3472605581 (change from lowest 3.241612e-03)
Density matrix difference 1.552217e-02 between lowest-energy and newest entry


Iteration 52: 52 Fock evaluations energy -458.3505021701 change  0.000000e+00 DIIS error vector rms norm 1.628890e-04
History size 10
alpha m=-1 occupations
   1.0000   1.0000
alpha m=0 occupations
   1.0000   1.0000   1.0000   1.0000   1.0000   1.0000
alpha m=1 occupations
   1.0000   1.0000   1.0000
alpha m=2 occupations
   1.0000
beta m=-1 occupations
   1.0000
beta m=0 occupations
   1.0000   1.0000   1.0000
beta m=1 occupations
   1.0000
Switching to optimal damping for next iterations
EDIIS+DIIS step
Evaluated energy -458.3472605581 (change from lowest 3.241612e-03)
Density matrix difference 1.552223e-02 between lowest-energy and newest entry


Iteration 53: 53 Fock evaluations energy -458.3505021701 change  0.000000e+00 DIIS error vector rms norm 1.628890e-04
History size 10
alpha m=-1 occupations
   1.0000   1.0000
alpha m=0 occupations
   1.0000   1.0000   1.0000   1.0000   1.0000   1.0000
alpha m=1 occupations
   1.0000   1.0000   1.0000
alpha m=2 occupations
   1.0000
beta m=-1 occupations
   1.0000
beta m=0 occupations
   1.0000   1.0000   1.0000
beta m=1 occupations
   1.0000
Switching to optimal damping for next iterations
EDIIS+DIIS step
Evaluated energy -458.3472605581 (change from lowest 3.241612e-03)
Density matrix difference 1.552233e-02 between lowest-energy and newest entry


Iteration 54: 54 Fock evaluations energy -458.3505021701 change  0.000000e+00 DIIS error vector rms norm 1.628890e-04
History size 10
alpha m=-1 occupations
   1.0000   1.0000
alpha m=0 occupations
   1.0000   1.0000   1.0000   1.0000   1.0000   1.0000
alpha m=1 occupations
   1.0000   1.0000   1.0000
alpha m=2 occupations
   1.0000
beta m=-1 occupations
   1.0000
beta m=0 occupations
   1.0000   1.0000   1.0000
beta m=1 occupations
   1.0000
Switching to optimal damping for next iterations
EDIIS+DIIS step
Evaluated energy -458.3472605580 (change from lowest 3.241612e-03)
Density matrix difference 1.552247e-02 between lowest-energy and newest entry


Iteration 55: 55 Fock evaluations energy -458.3505021701 change  0.000000e+00 DIIS error vector rms norm 1.628890e-04
History size 10
alpha m=-1 occupations
   1.0000   1.0000
alpha m=0 occupations
   1.0000   1.0000   1.0000   1.0000   1.0000   1.0000
alpha m=1 occupations
   1.0000   1.0000   1.0000
alpha m=2 occupations
   1.0000
beta m=-1 occupations
   1.0000
beta m=0 occupations
   1.0000   1.0000   1.0000
beta m=1 occupations
   1.0000
Switching to optimal damping for next iterations
EDIIS+DIIS step
Evaluated energy -458.3472605579 (change from lowest 3.241612e-03)
Density matrix difference 1.552241e-02 between lowest-energy and newest entry


Iteration 56: 56 Fock evaluations energy -458.3505021701 change  0.000000e+00 DIIS error vector rms norm 1.628890e-04
History size 10
alpha m=-1 occupations
   1.0000   1.0000
alpha m=0 occupations
   1.0000   1.0000   1.0000   1.0000   1.0000   1.0000
alpha m=1 occupations
   1.0000   1.0000   1.0000
alpha m=2 occupations
   1.0000
beta m=-1 occupations
   1.0000
beta m=0 occupations
   1.0000   1.0000   1.0000
beta m=1 occupations
   1.0000
Switching to optimal damping for next iterations
EDIIS+DIIS step
Evaluated energy -458.3472605581 (change from lowest 3.241612e-03)
Density matrix difference 1.552222e-02 between lowest-energy and newest entry


Iteration 57: 57 Fock evaluations energy -458.3505021701 change  0.000000e+00 DIIS error vector rms norm 1.628890e-04
History size 10
alpha m=-1 occupations
   1.0000   1.0000
alpha m=0 occupations
   1.0000   1.0000   1.0000   1.0000   1.0000   1.0000
alpha m=1 occupations
   1.0000   1.0000   1.0000
alpha m=2 occupations
   1.0000
beta m=-1 occupations
   1.0000
beta m=0 occupations
   1.0000   1.0000   1.0000
beta m=1 occupations
   1.0000
Switching to optimal damping for next iterations
EDIIS+DIIS step
Evaluated energy -458.3472605582 (change from lowest 3.241612e-03)
Density matrix difference 1.552169e-02 between lowest-energy and newest entry


Iteration 58: 58 Fock evaluations energy -458.3505021701 change  0.000000e+00 DIIS error vector rms norm 1.628890e-04
History size 10
alpha m=-1 occupations
   1.0000   1.0000
alpha m=0 occupations
   1.0000   1.0000   1.0000   1.0000   1.0000   1.0000
alpha m=1 occupations
   1.0000   1.0000   1.0000
alpha m=2 occupations
   1.0000
beta m=-1 occupations
   1.0000
beta m=0 occupations
   1.0000   1.0000   1.0000
beta m=1 occupations
   1.0000
Switching to optimal damping for next iterations
EDIIS+DIIS step
Evaluated energy -458.3472605585 (change from lowest 3.241612e-03)
Density matrix difference 1.552030e-02 between lowest-energy and newest entry


Iteration 59: 59 Fock evaluations energy -458.3505021701 change  0.000000e+00 DIIS error vector rms norm 1.628890e-04
History size 10
alpha m=-1 occupations
   1.0000   1.0000
alpha m=0 occupations
   1.0000   1.0000   1.0000   1.0000   1.0000   1.0000
alpha m=1 occupations
   1.0000   1.0000   1.0000
alpha m=2 occupations
   1.0000
beta m=-1 occupations
   1.0000
beta m=0 occupations
   1.0000   1.0000   1.0000
beta m=1 occupations
   1.0000
Switching to optimal damping for next iterations
EDIIS+DIIS step
Evaluated energy -458.3472605618 (change from lowest 3.241608e-03)
Density matrix difference 1.551548e-02 between lowest-energy and newest entry


Iteration 60: 60 Fock evaluations energy -458.3505021701 change  0.000000e+00 DIIS error vector rms norm 1.628890e-04
History size 10
alpha m=-1 occupations
   1.0000   1.0000
alpha m=0 occupations
   1.0000   1.0000   1.0000   1.0000   1.0000   1.0000
alpha m=1 occupations
   1.0000   1.0000   1.0000
alpha m=2 occupations
   1.0000
beta m=-1 occupations
   1.0000
beta m=0 occupations
   1.0000   1.0000   1.0000
beta m=1 occupations
   1.0000
Switching to optimal damping for next iterations
EDIIS+DIIS step
Evaluated energy -458.3472605582 (change from lowest 3.241612e-03)
Density matrix difference 1.552168e-02 between lowest-energy and newest entry


Iteration 61: 61 Fock evaluations energy -458.3505021701 change  0.000000e+00 DIIS error vector rms norm 1.628890e-04
History size 10
alpha m=-1 occupations
   1.0000   1.0000
alpha m=0 occupations
   1.0000   1.0000   1.0000   1.0000   1.0000   1.0000
alpha m=1 occupations
   1.0000   1.0000   1.0000
alpha m=2 occupations
   1.0000
beta m=-1 occupations
   1.0000
beta m=0 occupations
   1.0000   1.0000   1.0000
beta m=1 occupations
   1.0000
Switching to optimal damping for next iterations
EDIIS+DIIS step
Evaluated energy -458.3472605582 (change from lowest 3.241612e-03)
Density matrix difference 1.552161e-02 between lowest-energy and newest entry


Iteration 62: 62 Fock evaluations energy -458.3505021701 change  0.000000e+00 DIIS error vector rms norm 1.628890e-04
History size 10
alpha m=-1 occupations
   1.0000   1.0000
alpha m=0 occupations
   1.0000   1.0000   1.0000   1.0000   1.0000   1.0000
alpha m=1 occupations
   1.0000   1.0000   1.0000
alpha m=2 occupations
   1.0000
beta m=-1 occupations
   1.0000
beta m=0 occupations
   1.0000   1.0000   1.0000
beta m=1 occupations
   1.0000
Switching to optimal damping for next iterations
EDIIS+DIIS step
Evaluated energy -458.3472605583 (change from lowest 3.241612e-03)
Density matrix difference 1.552144e-02 between lowest-energy and newest entry


Iteration 63: 63 Fock evaluations energy -458.3505021701 change  0.000000e+00 DIIS error vector rms norm 1.628890e-04
History size 10
alpha m=-1 occupations
   1.0000   1.0000
alpha m=0 occupations
   1.0000   1.0000   1.0000   1.0000   1.0000   1.0000
alpha m=1 occupations
   1.0000   1.0000   1.0000
alpha m=2 occupations
   1.0000
beta m=-1 occupations
   1.0000
beta m=0 occupations
   1.0000   1.0000   1.0000
beta m=1 occupations
   1.0000
Switching to optimal damping for next iterations
EDIIS+DIIS step
Evaluated energy -458.3472605583 (change from lowest 3.241612e-03)
Density matrix difference 1.552115e-02 between lowest-energy and newest entry


Iteration 64: 64 Fock evaluations energy -458.3505021701 change  0.000000e+00 DIIS error vector rms norm 1.628890e-04
History size 10
alpha m=-1 occupations
   1.0000   1.0000
alpha m=0 occupations
   1.0000   1.0000   1.0000   1.0000   1.0000   1.0000
alpha m=1 occupations
   1.0000   1.0000   1.0000
alpha m=2 occupations
   1.0000
beta m=-1 occupations
   1.0000
beta m=0 occupations
   1.0000   1.0000   1.0000
beta m=1 occupations
   1.0000
Switching to optimal damping for next iterations
EDIIS+DIIS step
Evaluated energy -458.3472605584 (change from lowest 3.241612e-03)
Density matrix difference 1.552069e-02 between lowest-energy and newest entry


Iteration 65: 65 Fock evaluations energy -458.3505021701 change  0.000000e+00 DIIS error vector rms norm 1.628890e-04
History size 10
alpha m=-1 occupations
   1.0000   1.0000
alpha m=0 occupations
   1.0000   1.0000   1.0000   1.0000   1.0000   1.0000
alpha m=1 occupations
   1.0000   1.0000   1.0000
alpha m=2 occupations
   1.0000
beta m=-1 occupations
   1.0000
beta m=0 occupations
   1.0000   1.0000   1.0000
beta m=1 occupations
   1.0000
Switching to optimal damping for next iterations
EDIIS+DIIS step
Evaluated energy -458.3472605585 (change from lowest 3.241612e-03)
Density matrix difference 1.552068e-02 between lowest-energy and newest entry


Iteration 66: 66 Fock evaluations energy -458.3505021701 change  0.000000e+00 DIIS error vector rms norm 1.628890e-04
History size 10
alpha m=-1 occupations
   1.0000   1.0000
alpha m=0 occupations
   1.0000   1.0000   1.0000   1.0000   1.0000   1.0000
alpha m=1 occupations
   1.0000   1.0000   1.0000
alpha m=2 occupations
   1.0000
beta m=-1 occupations
   1.0000
beta m=0 occupations
   1.0000   1.0000   1.0000
beta m=1 occupations
   1.0000
Switching to optimal damping for next iterations
EDIIS+DIIS step
Evaluated energy -458.3472605587 (change from lowest 3.241611e-03)
Density matrix difference 1.552004e-02 between lowest-energy and newest entry


Iteration 67: 67 Fock evaluations energy -458.3505021701 change  0.000000e+00 DIIS error vector rms norm 1.628890e-04
History size 10
alpha m=-1 occupations
   1.0000   1.0000
alpha m=0 occupations
   1.0000   1.0000   1.0000   1.0000   1.0000   1.0000
alpha m=1 occupations
   1.0000   1.0000   1.0000
alpha m=2 occupations
   1.0000
beta m=-1 occupations
   1.0000
beta m=0 occupations
   1.0000   1.0000   1.0000
beta m=1 occupations
   1.0000
Switching to optimal damping for next iterations
EDIIS+DIIS step
Evaluated energy -458.3472605587 (change from lowest 3.241611e-03)
Density matrix difference 1.551987e-02 between lowest-energy and newest entry


Iteration 68: 68 Fock evaluations energy -458.3505021701 change  0.000000e+00 DIIS error vector rms norm 1.628890e-04
History size 10
alpha m=-1 occupations
   1.0000   1.0000
alpha m=0 occupations
   1.0000   1.0000   1.0000   1.0000   1.0000   1.0000
alpha m=1 occupations
   1.0000   1.0000   1.0000
alpha m=2 occupations
   1.0000
beta m=-1 occupations
   1.0000
beta m=0 occupations
   1.0000   1.0000   1.0000
beta m=1 occupations
   1.0000
Switching to optimal damping for next iterations
EDIIS+DIIS step
Evaluated energy -458.3472605586 (change from lowest 3.241611e-03)
Density matrix difference 1.552041e-02 between lowest-energy and newest entry


Iteration 69: 69 Fock evaluations energy -458.3505021701 change  0.000000e+00 DIIS error vector rms norm 1.628890e-04
History size 10
alpha m=-1 occupations
   1.0000   1.0000
alpha m=0 occupations
   1.0000   1.0000   1.0000   1.0000   1.0000   1.0000
alpha m=1 occupations
   1.0000   1.0000   1.0000
alpha m=2 occupations
   1.0000
beta m=-1 occupations
   1.0000
beta m=0 occupations
   1.0000   1.0000   1.0000
beta m=1 occupations
   1.0000
Switching to optimal damping for next iterations
EDIIS+DIIS step
Evaluated energy -458.3472605610 (change from lowest 3.241609e-03)
Density matrix difference 1.551645e-02 between lowest-energy and newest entry


Iteration 70: 70 Fock evaluations energy -458.3505021701 change  0.000000e+00 DIIS error vector rms norm 1.628890e-04
History size 10
alpha m=-1 occupations
   1.0000   1.0000
alpha m=0 occupations
   1.0000   1.0000   1.0000   1.0000   1.0000   1.0000
alpha m=1 occupations
   1.0000   1.0000   1.0000
alpha m=2 occupations
   1.0000
beta m=-1 occupations
   1.0000
beta m=0 occupations
   1.0000   1.0000   1.0000
beta m=1 occupations
   1.0000
Switching to optimal damping for next iterations
EDIIS+DIIS step
Evaluated energy -458.3472605589 (change from lowest 3.241611e-03)
Density matrix difference 1.551965e-02 between lowest-energy and newest entry


Iteration 71: 71 Fock evaluations energy -458.3505021701 change  0.000000e+00 DIIS error vector rms norm 1.628890e-04
History size 10
alpha m=-1 occupations
   1.0000   1.0000
alpha m=0 occupations
   1.0000   1.0000   1.0000   1.0000   1.0000   1.0000
alpha m=1 occupations
   1.0000   1.0000   1.0000
alpha m=2 occupations
   1.0000
beta m=-1 occupations
   1.0000
beta m=0 occupations
   1.0000   1.0000   1.0000
beta m=1 occupations
   1.0000
Switching to optimal damping for next iterations
EDIIS+DIIS step
Evaluated energy -458.3472605591 (change from lowest 3.241611e-03)
Density matrix difference 1.551895e-02 between lowest-energy and newest entry


Iteration 72: 72 Fock evaluations energy -458.3505021701 change  0.000000e+00 DIIS error vector rms norm 1.628890e-04
History size 10
alpha m=-1 occupations
   1.0000   1.0000
alpha m=0 occupations
   1.0000   1.0000   1.0000   1.0000   1.0000   1.0000
alpha m=1 occupations
   1.0000   1.0000   1.0000
alpha m=2 occupations
   1.0000
beta m=-1 occupations
   1.0000
beta m=0 occupations
   1.0000   1.0000   1.0000
beta m=1 occupations
   1.0000
Switching to optimal damping for next iterations
EDIIS+DIIS step
Evaluated energy -458.3472605592 (change from lowest 3.241611e-03)
Density matrix difference 1.551867e-02 between lowest-energy and newest entry


Iteration 73: 73 Fock evaluations energy -458.3505021701 change  0.000000e+00 DIIS error vector rms norm 1.628890e-04
History size 10
alpha m=-1 occupations
   1.0000   1.0000
alpha m=0 occupations
   1.0000   1.0000   1.0000   1.0000   1.0000   1.0000
alpha m=1 occupations
   1.0000   1.0000   1.0000
alpha m=2 occupations
   1.0000
beta m=-1 occupations
   1.0000
beta m=0 occupations
   1.0000   1.0000   1.0000
beta m=1 occupations
   1.0000
Switching to optimal damping for next iterations
EDIIS+DIIS step
Evaluated energy -458.3472605594 (change from lowest 3.241611e-03)
Density matrix difference 1.551845e-02 between lowest-energy and newest entry


Iteration 74: 74 Fock evaluations energy -458.3505021701 change  0.000000e+00 DIIS error vector rms norm 1.628890e-04
History size 10
alpha m=-1 occupations
   1.0000   1.0000
alpha m=0 occupations
   1.0000   1.0000   1.0000   1.0000   1.0000   1.0000
alpha m=1 occupations
   1.0000   1.0000   1.0000
alpha m=2 occupations
   1.0000
beta m=-1 occupations
   1.0000
beta m=0 occupations
   1.0000   1.0000   1.0000
beta m=1 occupations
   1.0000
Switching to optimal damping for next iterations
EDIIS+DIIS step
Evaluated energy -458.3472605594 (change from lowest 3.241611e-03)
Density matrix difference 1.551837e-02 between lowest-energy and newest entry


Iteration 75: 75 Fock evaluations energy -458.3505021701 change  0.000000e+00 DIIS error vector rms norm 1.628890e-04
History size 10
alpha m=-1 occupations
   1.0000   1.0000
alpha m=0 occupations
   1.0000   1.0000   1.0000   1.0000   1.0000   1.0000
alpha m=1 occupations
   1.0000   1.0000   1.0000
alpha m=2 occupations
   1.0000
beta m=-1 occupations
   1.0000
beta m=0 occupations
   1.0000   1.0000   1.0000
beta m=1 occupations
   1.0000
Switching to optimal damping for next iterations
EDIIS+DIIS step
Evaluated energy -458.3472605598 (change from lowest 3.241610e-03)
Density matrix difference 1.551743e-02 between lowest-energy and newest entry


Iteration 76: 76 Fock evaluations energy -458.3505021701 change  0.000000e+00 DIIS error vector rms norm 1.628890e-04
History size 10
alpha m=-1 occupations
   1.0000   1.0000
alpha m=0 occupations
   1.0000   1.0000   1.0000   1.0000   1.0000   1.0000
alpha m=1 occupations
   1.0000   1.0000   1.0000
alpha m=2 occupations
   1.0000
beta m=-1 occupations
   1.0000
beta m=0 occupations
   1.0000   1.0000   1.0000
beta m=1 occupations
   1.0000
Switching to optimal damping for next iterations
EDIIS+DIIS step
Evaluated energy -458.3472605597 (change from lowest 3.241610e-03)
Density matrix difference 1.551797e-02 between lowest-energy and newest entry


Iteration 77: 77 Fock evaluations energy -458.3505021701 change  0.000000e+00 DIIS error vector rms norm 1.628890e-04
History size 10
alpha m=-1 occupations
   1.0000   1.0000
alpha m=0 occupations
   1.0000   1.0000   1.0000   1.0000   1.0000   1.0000
alpha m=1 occupations
   1.0000   1.0000   1.0000
alpha m=2 occupations
   1.0000
beta m=-1 occupations
   1.0000
beta m=0 occupations
   1.0000   1.0000   1.0000
beta m=1 occupations
   1.0000
Switching to optimal damping for next iterations
EDIIS+DIIS step
Evaluated energy -458.3472605598 (change from lowest 3.241610e-03)
Density matrix difference 1.551763e-02 between lowest-energy and newest entry


Iteration 78: 78 Fock evaluations energy -458.3505021701 change  0.000000e+00 DIIS error vector rms norm 1.628890e-04
History size 10
alpha m=-1 occupations
   1.0000   1.0000
alpha m=0 occupations
   1.0000   1.0000   1.0000   1.0000   1.0000   1.0000
alpha m=1 occupations
   1.0000   1.0000   1.0000
alpha m=2 occupations
   1.0000
beta m=-1 occupations
   1.0000
beta m=0 occupations
   1.0000   1.0000   1.0000
beta m=1 occupations
   1.0000
Switching to optimal damping for next iterations
EDIIS+DIIS step
Evaluated energy -458.3472605610 (change from lowest 3.241609e-03)
Density matrix difference 1.551519e-02 between lowest-energy and newest entry


Iteration 79: 79 Fock evaluations energy -458.3505021701 change  0.000000e+00 DIIS error vector rms norm 1.628890e-04
History size 10
alpha m=-1 occupations
   1.0000   1.0000
alpha m=0 occupations
   1.0000   1.0000   1.0000   1.0000   1.0000   1.0000
alpha m=1 occupations
   1.0000   1.0000   1.0000
alpha m=2 occupations
   1.0000
beta m=-1 occupations
   1.0000
beta m=0 occupations
   1.0000   1.0000   1.0000
beta m=1 occupations
   1.0000
Switching to optimal damping for next iterations
EDIIS+DIIS step
Evaluated energy -458.3472605596 (change from lowest 3.241610e-03)
Density matrix difference 1.551830e-02 between lowest-energy and newest entry


Iteration 80: 80 Fock evaluations energy -458.3505021701 change  0.000000e+00 DIIS error vector rms norm 1.628890e-04
History size 10
alpha m=-1 occupations
   1.0000   1.0000
alpha m=0 occupations
   1.0000   1.0000   1.0000   1.0000   1.0000   1.0000
alpha m=1 occupations
   1.0000   1.0000   1.0000
alpha m=2 occupations
   1.0000
beta m=-1 occupations
   1.0000
beta m=0 occupations
   1.0000   1.0000   1.0000
beta m=1 occupations
   1.0000
Switching to optimal damping for next iterations
EDIIS+DIIS step
Evaluated energy -458.3472605603 (change from lowest 3.241610e-03)
Density matrix difference 1.551717e-02 between lowest-energy and newest entry


Iteration 81: 81 Fock evaluations energy -458.3505021701 change  0.000000e+00 DIIS error vector rms norm 1.628890e-04
History size 10
alpha m=-1 occupations
   1.0000   1.0000
alpha m=0 occupations
   1.0000   1.0000   1.0000   1.0000   1.0000   1.0000
alpha m=1 occupations
   1.0000   1.0000   1.0000
alpha m=2 occupations
   1.0000
beta m=-1 occupations
   1.0000
beta m=0 occupations
   1.0000   1.0000   1.0000
beta m=1 occupations
   1.0000
Switching to optimal damping for next iterations
EDIIS+DIIS step
Evaluated energy -458.3472605606 (change from lowest 3.241609e-03)
Density matrix difference 1.551660e-02 between lowest-energy and newest entry


Iteration 82: 82 Fock evaluations energy -458.3505021701 change  0.000000e+00 DIIS error vector rms norm 1.628890e-04
History size 10
alpha m=-1 occupations
   1.0000   1.0000
alpha m=0 occupations
   1.0000   1.0000   1.0000   1.0000   1.0000   1.0000
alpha m=1 occupations
   1.0000   1.0000   1.0000
alpha m=2 occupations
   1.0000
beta m=-1 occupations
   1.0000
beta m=0 occupations
   1.0000   1.0000   1.0000
beta m=1 occupations
   1.0000
Switching to optimal damping for next iterations
EDIIS+DIIS step
Evaluated energy -458.3472605608 (change from lowest 3.241609e-03)
Density matrix difference 1.551628e-02 between lowest-energy and newest entry


Iteration 83: 83 Fock evaluations energy -458.3505021701 change  0.000000e+00 DIIS error vector rms norm 1.628890e-04
History size 10
alpha m=-1 occupations
   1.0000   1.0000
alpha m=0 occupations
   1.0000   1.0000   1.0000   1.0000   1.0000   1.0000
alpha m=1 occupations
   1.0000   1.0000   1.0000
alpha m=2 occupations
   1.0000
beta m=-1 occupations
   1.0000
beta m=0 occupations
   1.0000   1.0000   1.0000
beta m=1 occupations
   1.0000
Switching to optimal damping for next iterations
EDIIS+DIIS step
Evaluated energy -458.3472605610 (change from lowest 3.241609e-03)
Density matrix difference 1.551603e-02 between lowest-energy and newest entry


Iteration 84: 84 Fock evaluations energy -458.3505021701 change  0.000000e+00 DIIS error vector rms norm 1.628890e-04
History size 10
alpha m=-1 occupations
   1.0000   1.0000
alpha m=0 occupations
   1.0000   1.0000   1.0000   1.0000   1.0000   1.0000
alpha m=1 occupations
   1.0000   1.0000   1.0000
alpha m=2 occupations
   1.0000
beta m=-1 occupations
   1.0000
beta m=0 occupations
   1.0000   1.0000   1.0000
beta m=1 occupations
   1.0000
Switching to optimal damping for next iterations
EDIIS+DIIS step
Evaluated energy -458.3472605612 (change from lowest 3.241609e-03)
Density matrix difference 1.551556e-02 between lowest-energy and newest entry


Iteration 85: 85 Fock evaluations energy -458.3505021701 change  0.000000e+00 DIIS error vector rms norm 1.628890e-04
History size 10
alpha m=-1 occupations
   1.0000   1.0000
alpha m=0 occupations
   1.0000   1.0000   1.0000   1.0000   1.0000   1.0000
alpha m=1 occupations
   1.0000   1.0000   1.0000
alpha m=2 occupations
   1.0000
beta m=-1 occupations
   1.0000
beta m=0 occupations
   1.0000   1.0000   1.0000
beta m=1 occupations
   1.0000
Switching to optimal damping for next iterations
EDIIS+DIIS step
Evaluated energy -458.3472605607 (change from lowest 3.241609e-03)
Density matrix difference 1.551635e-02 between lowest-energy and newest entry


Iteration 86: 86 Fock evaluations energy -458.3505021701 change  0.000000e+00 DIIS error vector rms norm 1.628890e-04
History size 10
alpha m=-1 occupations
   1.0000   1.0000
alpha m=0 occupations
   1.0000   1.0000   1.0000   1.0000   1.0000   1.0000
alpha m=1 occupations
   1.0000   1.0000   1.0000
alpha m=2 occupations
   1.0000
beta m=-1 occupations
   1.0000
beta m=0 occupations
   1.0000   1.0000   1.0000
beta m=1 occupations
   1.0000
Switching to optimal damping for next iterations
EDIIS+DIIS step
Evaluated energy -458.3472605612 (change from lowest 3.241609e-03)
Density matrix difference 1.551566e-02 between lowest-energy and newest entry


Iteration 87: 87 Fock evaluations energy -458.3505021701 change  0.000000e+00 DIIS error vector rms norm 1.628890e-04
History size 10
alpha m=-1 occupations
   1.0000   1.0000
alpha m=0 occupations
   1.0000   1.0000   1.0000   1.0000   1.0000   1.0000
alpha m=1 occupations
   1.0000   1.0000   1.0000
alpha m=2 occupations
   1.0000
beta m=-1 occupations
   1.0000
beta m=0 occupations
   1.0000   1.0000   1.0000
beta m=1 occupations
   1.0000
Switching to optimal damping for next iterations
EDIIS+DIIS step
Evaluated energy -458.3472605615 (change from lowest 3.241609e-03)
Density matrix difference 1.551525e-02 between lowest-energy and newest entry


Iteration 88: 88 Fock evaluations energy -458.3505021701 change  0.000000e+00 DIIS error vector rms norm 1.628890e-04
History size 10
alpha m=-1 occupations
   1.0000   1.0000
alpha m=0 occupations
   1.0000   1.0000   1.0000   1.0000   1.0000   1.0000
alpha m=1 occupations
   1.0000   1.0000   1.0000
alpha m=2 occupations
   1.0000
beta m=-1 occupations
   1.0000
beta m=0 occupations
   1.0000   1.0000   1.0000
beta m=1 occupations
   1.0000
Switching to optimal damping for next iterations
EDIIS+DIIS step
Evaluated energy -458.3472605614 (change from lowest 3.241609e-03)
Density matrix difference 1.551487e-02 between lowest-energy and newest entry


Iteration 89: 89 Fock evaluations energy -458.3505021701 change  0.000000e+00 DIIS error vector rms norm 1.628890e-04
History size 10
alpha m=-1 occupations
   1.0000   1.0000
alpha m=0 occupations
   1.0000   1.0000   1.0000   1.0000   1.0000   1.0000
alpha m=1 occupations
   1.0000   1.0000   1.0000
alpha m=2 occupations
   1.0000
beta m=-1 occupations
   1.0000
beta m=0 occupations
   1.0000   1.0000   1.0000
beta m=1 occupations
   1.0000
Switching to optimal damping for next iterations
EDIIS+DIIS step
Evaluated energy -458.3472605636 (change from lowest 3.241606e-03)
Density matrix difference 1.551203e-02 between lowest-energy and newest entry


Iteration 90: 90 Fock evaluations energy -458.3505021701 change  0.000000e+00 DIIS error vector rms norm 1.628890e-04
History size 10
alpha m=-1 occupations
   1.0000   1.0000
alpha m=0 occupations
   1.0000   1.0000   1.0000   1.0000   1.0000   1.0000
alpha m=1 occupations
   1.0000   1.0000   1.0000
alpha m=2 occupations
   1.0000
beta m=-1 occupations
   1.0000
beta m=0 occupations
   1.0000   1.0000   1.0000
beta m=1 occupations
   1.0000
Switching to optimal damping for next iterations
EDIIS+DIIS step
Evaluated energy -458.3472605608 (change from lowest 3.241609e-03)
Density matrix difference 1.551623e-02 between lowest-energy and newest entry


Iteration 91: 91 Fock evaluations energy -458.3505021701 change  0.000000e+00 DIIS error vector rms norm 1.628890e-04
History size 10
alpha m=-1 occupations
   1.0000   1.0000
alpha m=0 occupations
   1.0000   1.0000   1.0000   1.0000   1.0000   1.0000
alpha m=1 occupations
   1.0000   1.0000   1.0000
alpha m=2 occupations
   1.0000
beta m=-1 occupations
   1.0000
beta m=0 occupations
   1.0000   1.0000   1.0000
beta m=1 occupations
   1.0000
Switching to optimal damping for next iterations
EDIIS+DIIS step
Evaluated energy -458.3472605612 (change from lowest 3.241609e-03)
Density matrix difference 1.551557e-02 between lowest-energy and newest entry


Iteration 92: 92 Fock evaluations energy -458.3505021701 change  0.000000e+00 DIIS error vector rms norm 1.628890e-04
History size 10
alpha m=-1 occupations
   1.0000   1.0000
alpha m=0 occupations
   1.0000   1.0000   1.0000   1.0000   1.0000   1.0000
alpha m=1 occupations
   1.0000   1.0000   1.0000
alpha m=2 occupations
   1.0000
beta m=-1 occupations
   1.0000
beta m=0 occupations
   1.0000   1.0000   1.0000
beta m=1 occupations
   1.0000
Switching to optimal damping for next iterations
EDIIS+DIIS step
Evaluated energy -458.3472605615 (change from lowest 3.241609e-03)
Density matrix difference 1.551501e-02 between lowest-energy and newest entry


Iteration 93: 93 Fock evaluations energy -458.3505021701 change  0.000000e+00 DIIS error vector rms norm 1.628890e-04
History size 10
alpha m=-1 occupations
   1.0000   1.0000
alpha m=0 occupations
   1.0000   1.0000   1.0000   1.0000   1.0000   1.0000
alpha m=1 occupations
   1.0000   1.0000   1.0000
alpha m=2 occupations
   1.0000
beta m=-1 occupations
   1.0000
beta m=0 occupations
   1.0000   1.0000   1.0000
beta m=1 occupations
   1.0000
Switching to optimal damping for next iterations
EDIIS+DIIS step
Evaluated energy -458.3472605616 (change from lowest 3.241608e-03)
Density matrix difference 1.551483e-02 between lowest-energy and newest entry


Iteration 94: 94 Fock evaluations energy -458.3505021701 change  0.000000e+00 DIIS error vector rms norm 1.628890e-04
History size 10
alpha m=-1 occupations
   1.0000   1.0000
alpha m=0 occupations
   1.0000   1.0000   1.0000   1.0000   1.0000   1.0000
alpha m=1 occupations
   1.0000   1.0000   1.0000
alpha m=2 occupations
   1.0000
beta m=-1 occupations
   1.0000
beta m=0 occupations
   1.0000   1.0000   1.0000
beta m=1 occupations
   1.0000
Switching to optimal damping for next iterations
EDIIS+DIIS step
Evaluated energy -458.3472605616 (change from lowest 3.241609e-03)
Density matrix difference 1.551491e-02 between lowest-energy and newest entry


Iteration 95: 95 Fock evaluations energy -458.3505021701 change  0.000000e+00 DIIS error vector rms norm 1.628890e-04
History size 10
alpha m=-1 occupations
   1.0000   1.0000
alpha m=0 occupations
   1.0000   1.0000   1.0000   1.0000   1.0000   1.0000
alpha m=1 occupations
   1.0000   1.0000   1.0000
alpha m=2 occupations
   1.0000
beta m=-1 occupations
   1.0000
beta m=0 occupations
   1.0000   1.0000   1.0000
beta m=1 occupations
   1.0000
Switching to optimal damping for next iterations
EDIIS+DIIS step
Evaluated energy -458.3472605623 (change from lowest 3.241608e-03)
Density matrix difference 1.551379e-02 between lowest-energy and newest entry


Iteration 96: 96 Fock evaluations energy -458.3505021701 change  0.000000e+00 DIIS error vector rms norm 1.628890e-04
History size 10
alpha m=-1 occupations
   1.0000   1.0000
alpha m=0 occupations
   1.0000   1.0000   1.0000   1.0000   1.0000   1.0000
alpha m=1 occupations
   1.0000   1.0000   1.0000
alpha m=2 occupations
   1.0000
beta m=-1 occupations
   1.0000
beta m=0 occupations
   1.0000   1.0000   1.0000
beta m=1 occupations
   1.0000
Switching to optimal damping for next iterations
EDIIS+DIIS step
Evaluated energy -458.3472605622 (change from lowest 3.241608e-03)
Density matrix difference 1.551390e-02 between lowest-energy and newest entry


Iteration 97: 97 Fock evaluations energy -458.3505021701 change  0.000000e+00 DIIS error vector rms norm 1.628890e-04
History size 10
alpha m=-1 occupations
   1.0000   1.0000
alpha m=0 occupations
   1.0000   1.0000   1.0000   1.0000   1.0000   1.0000
alpha m=1 occupations
   1.0000   1.0000   1.0000
alpha m=2 occupations
   1.0000
beta m=-1 occupations
   1.0000
beta m=0 occupations
   1.0000   1.0000   1.0000
beta m=1 occupations
   1.0000
Switching to optimal damping for next iterations
EDIIS+DIIS step
Evaluated energy -458.3472605621 (change from lowest 3.241608e-03)
Density matrix difference 1.551386e-02 between lowest-energy and newest entry


Iteration 98: 98 Fock evaluations energy -458.3505021701 change  0.000000e+00 DIIS error vector rms norm 1.628890e-04
History size 10
alpha m=-1 occupations
   1.0000   1.0000
alpha m=0 occupations
   1.0000   1.0000   1.0000   1.0000   1.0000   1.0000
alpha m=1 occupations
   1.0000   1.0000   1.0000
alpha m=2 occupations
   1.0000
beta m=-1 occupations
   1.0000
beta m=0 occupations
   1.0000   1.0000   1.0000
beta m=1 occupations
   1.0000
Switching to optimal damping for next iterations
EDIIS+DIIS step
Evaluated energy -458.3472605621 (change from lowest 3.241608e-03)
Density matrix difference 1.551426e-02 between lowest-energy and newest entry


Iteration 99: 99 Fock evaluations energy -458.3505021701 change  0.000000e+00 DIIS error vector rms norm 1.628890e-04
History size 10
alpha m=-1 occupations
   1.0000   1.0000
alpha m=0 occupations
   1.0000   1.0000   1.0000   1.0000   1.0000   1.0000
alpha m=1 occupations
   1.0000   1.0000   1.0000
alpha m=2 occupations
   1.0000
beta m=-1 occupations
   1.0000
beta m=0 occupations
   1.0000   1.0000   1.0000
beta m=1 occupations
   1.0000
Switching to optimal damping for next iterations
EDIIS+DIIS step
Evaluated energy -458.3472605637 (change from lowest 3.241606e-03)
Density matrix difference 1.551194e-02 between lowest-energy and newest entry


Iteration 100: 100 Fock evaluations energy -458.3505021701 change  0.000000e+00 DIIS error vector rms norm 1.628890e-04
History size 10
alpha m=-1 occupations
   1.0000   1.0000
alpha m=0 occupations
   1.0000   1.0000   1.0000   1.0000   1.0000   1.0000
alpha m=1 occupations
   1.0000   1.0000   1.0000
alpha m=2 occupations
   1.0000
beta m=-1 occupations
   1.0000
beta m=0 occupations
   1.0000   1.0000   1.0000
beta m=1 occupations
   1.0000
Switching to optimal damping for next iterations
EDIIS+DIIS step
Evaluated energy -458.3472605634 (change from lowest 3.241607e-03)
Density matrix difference 1.551213e-02 between lowest-energy and newest entry

Running program took 9.08 s.
