ERKALE - HF/DFT from Hel, OpenMP version, running on 8 cores.
(c) Susi Lehtola, 2010-2016.

This program is free software; you can redistribute it and/or modify
it under the terms of the GNU General Public License as published by
the Free Software Foundation; either version 2 of the License, or
(at your option) any later version.

Running on host silver.

Current time is Fri 23 Jan 2026 09:13:56.

Current Settings used by ERKALE:
     AtomGuess      	                Auto	Method used for atomic guess (Auto for same as method)
     Basis          	           AHGBSP1-7	Basis set used in calculation
     BasisCutoff    	           1.000e-08	Cutoff for dropping out small primitives from contraction
     BasisOrth      	                Auto	Method of orthonormalization of basis set
     BasisRotate    	               false	Rotate basis set to remove redundant functions?
     Charge         	                   0	Total charge of system
     CholDepThresh  	           1.000e-07	Partial Cholesky decomposition threshold
     Cholesky       	                true	Use Cholesky decomposition?
     CholeskyMode   	                   0	Save/load integrals? 0 no, 1 save, -1 load
     CholeskyNAFThr 	           0.000e+00	Cholesky natural auxiliary function threshold
     CholeskyShThr  	           1.000e-02	Cholesky cache threshold
     CholeskyThr    	           1.000e-07	Cholesky decomposition threshold
     Complexbas     	                true	Use complex basis?
     Confinement    	         0.0 0.0 0.0	Confinement potential V(r) = V_i x_i^2
     ConvThr        	           1.000e-06	Orbital gradient convergence threshold
     DFTBasisThr    	           1.000e-10	Threshold for screening basis functions on grid
     DFTCpars       	                    	Override parameters of correlation functional (expert)
     DFTDelta       	           1.000e+02	Switch to final DFT grid has converged within factor X
     DFTDensityThr  	           1.000e-10	Threshold for screening density on grid
     DFTFinalTol    	           1.000e-05	Tolerance of final DFT grid
     DFTGrid        	             75 -302	DFT integration grid to use: nrad lmax or Auto for adaptive
     DFTInitialTol  	           1.000e-04	Tolerance of initial DFT grid
     DFTLobatto     	               false	Use Lobatto quadrature instead of Lebedev quadrature?
     DFTQuadThresh  	           2.220e-16	Threshold for pruning points with small quadrature weight
     DFTXpars       	                    	Override parameters of exchange functional (expert)
     DIISComb       	               false	Combine alpha and beta errors in unrestricted calcs?
     DIISEps        	           1.000e-01	Start mixing in DIIS when error is
     DIISOrder      	                  10	How many DIIS iterations to keep in memory?
     DIISThr        	           1.000e-02	DIIS error threshold for DIIS updates
     DecFock        	               false	Use decontracted basis to calculate Fock matrix (direct HF)
     Decontract     	                   *	Indices of atoms to decontract basis set for
     DensityFitting 	               false	Use density fitting / RI?
     Direct         	               false	Calculate two-electron integrals (or density fitting) on-the-fly?
     EField         	         0.0 0.0 0.0	Electric field
     ErrorNorm      	                 rms	Error norm to use in the SCF code
     FittingBasis   	                Auto	Basis to use for density fitting / RI (Auto for automatic)
     FittingCholeskyThreshold	           1.000e-08	Linear dependence threshold for pivoted Cholesky of Coulomb integrals in density fitting
     FittingMemory  	                1000	Amount of memory in MB to use for exchange fitting
     FittingThreshold	           1.000e-07	Linear dependence threshold for Coulomb integrals in density fitting
     Guess          	              sapfit	Used guess: SAD (default), SADNO, core, GWH, SAP, or SAPfit
     InitConvThr    	           1.000e-05	Initialization convergence threshold
     InputBohr      	               false	Use atomic units as input units instead of angstrom?
     IntegralThresh 	           1.000e-10	Integral screening threshold
     Kgwh           	           1.750e+00	Scaling constant for GWH
     LinDepThresh   	           1.000e-05	Basis set linear dependency threshold
     LinearB        	           5.200e-01	Magnetic field along bond axis
     LinearFreeze   	               false	If using linear symmetry, freeze symmetry to input guess
     LinearOccupationFile	     ../../Li_3.occs	File to read linear occupations from
     LinearOccupations	                  -1	Read in occupations for linear molecule calculations?
     LinearSymmetry 	                true	Do special calculation on linear molecule along z axis
     LoadChk        	                    	Checkpoint file to load from
     Logfile        	          erkale.log	File to print out full information, stdout for screen
     MaxInitIter    	                  50	Maximum number of iterations in the stepwise solutions
     MaxIter        	                 100	Maximum number of iterations in SCF cycle
     Method         	                  HF	Method used in calculation (HF or a DFT functional)
     Multiplicity   	                   2	Spin multiplicity
     NLGrid         	             50 -194	Integration grid to use for nonlocal correlation: nrad lmax
     Occupancies    	                    	Orbital occupancies
     OptLM          	               false	If spherical harmonics used, use cartesian s and p functions?
     PZ             	               false	Perform Perdew-Zunger self-interaction correction?
     PZEthr         	           1.000e-10	Threshold for energy convergence
     PZIthr         	           1.000e-02	Threshold for initialization convergence (not too small!)
     PZNRthr        	           0.000e+00	Threshold for use of NR method in OO optimization
     PZOOthr        	           1.000e-04	Gradient threshold for OO optimization
     PZOVthr        	           1.000e-05	Gradient threshold for OV optimization
     PZimag         	                Auto	Imaginary degrees of freedom in PZ?
     PZiter         	                  20	Max number of iterations in self-consistency iteration
     PZloc          	                Auto	Initial localization before SIC calculation?
     PZlocmet       	                  FB	Initial localization method (recommend FB or IAO)
     PZmode         	                  XC	Apply PZ to the operators (in addition to J): X C D
     PZoo           	                true	Optimize OO block?
     PZov           	                true	Optimize OV block?
     PZprec         	                   1	Precondition OV block? 0: no, 1: unified, 2: orbital
     PZrand         	                true	Apply random rotation in PZ initialization? (Should be true)
     PZscale        	            Constant	Scaling for PZ: Constant, Density or Kinetic
     PZscaleExp     	           1.000e+00	Exponent in the dynamic scaling equation
     PZseed         	                   0	Seed number for randomized matrices?
     PZstab         	                   0	Stability analysis for PZ-SIC? 1 or -1 for OO, 2 or -2 for OO+OV
     PZstabThr      	           1.000e-03	Instability threshold (interpreted as -thr)
     PZw            	           1.000e+00	Weight for Perdew-Zunger self-interaction correction
     Restricted     	               false	Spin restricted?
     SAPBasis       	    helfem_large.gbs	Tabulated atomic effective potential "basis set"
     SAPGrid        	                    	SAP integration grid to use: nrad lmax or leave empty
     SaveChk        	   complex_basis.chk	Checkpoint file to save to
     Shift          	           0.000e+00	Level shift to use in Hartree
     System         	        ../atoms.xyz	System as an xyz file
     TRRHminS       	           9.750e-01	Trust-Region Roothaan-Hall minimal occupied orbital overlap
     UseADIIS       	                true	Use ADIIS for Fock matrix interpolation?
     UseBroyden     	               false	Use Broyden mixing of Fock matrices?
     UseDIIS        	                true	Use Pulay's Direct Inversion in the Iterative Subspace?
     UseLM          	                true	Use a spherical harmonics basis set by default?
     UseTRRH        	               false	Use Trust-Region Roothaan-Hall?
     VV10           	                Auto	Use VV10 non-local correlation?
     VV10Pars       	                    	VV10 parameters: b C
     Verbose        	                true	Verbose calculation?
     Verbosity      	                   5	Verboseness level

Basis set AHGBSP1-7 found in file AHGBSP1-7.gbs in /home/lehtola/programs/erkale/basis/.
Basis set helfem_large.gbs found in file helfem_large.gbs in /home/lehtola/programs/erkale/basis/.
Screening by shell pairs and symmetry reduced dofs by factor 1.99.
Individual screening reduced dofs by a total factor 1.99.
Computing Cholesky vectors. Estimated memory size is 28 Mi - 94 Mi.
Cholesky vectors no     0 -     0 computed, error is 2.976456e+01 (0.02 s).
Cholesky vectors no     1 -     1 computed, error is 8.218065e+00 (0.03 s).
Cholesky vectors no     2 -     2 computed, error is 3.436855e+00 (0.03 s).
Cholesky vectors no     3 -     8 computed, error is 3.148895e+00 (0.03 s).
Cholesky vectors no     9 -     9 computed, error is 1.839490e+00 (0.00 s).
Cholesky vectors no    10 -    12 computed, error is 1.417920e+00 (0.00 s).
Cholesky vectors no    13 -    18 computed, error is 5.070216e-01 (0.00 s).
Cholesky vectors no    19 -    33 computed, error is 4.782899e-01 (0.00 s).
Cholesky vectors no    34 -    36 computed, error is 4.349435e-01 (0.00 s).
Cholesky vectors no    37 -    37 computed, error is 2.925881e-01 (0.00 s).
Cholesky vectors no    38 -    47 computed, error is 2.316678e-01 (0.00 s).
Cholesky vectors no    48 -    53 computed, error is 1.674336e-01 (0.00 s).
Cholesky vectors no    54 -    68 computed, error is 1.514300e-01 (0.01 s).
Cholesky vectors no    69 -    71 computed, error is 1.451340e-01 (0.00 s).
Cholesky vectors no    72 -    86 computed, error is 1.284357e-01 (0.01 s).
Cholesky vectors no    87 -    96 computed, error is 8.675040e-02 (0.00 s).
Cholesky vectors no    97 -    97 computed, error is 6.182749e-02 (0.00 s).
Cholesky vectors no    98 -   107 computed, error is 5.901485e-02 (0.01 s).
Cholesky vectors no   108 -   122 computed, error is 3.020977e-02 (0.01 s).
Cholesky vectors no   123 -   137 computed, error is 2.970837e-02 (0.01 s).
Cholesky vectors no   138 -   147 computed, error is 2.330421e-02 (0.01 s).
Cholesky vectors no   148 -   148 computed, error is 2.085712e-02 (0.00 s).
Cholesky vectors no   149 -   163 computed, error is 1.981990e-02 (0.01 s).
Cholesky vectors no   164 -   166 computed, error is 1.463241e-02 (0.00 s).
Cholesky vectors no   167 -   169 computed, error is 1.411872e-02 (0.00 s).
Cholesky vectors no   170 -   179 computed, error is 1.270859e-02 (0.01 s).
Cholesky vectors no   180 -   185 computed, error is 1.145593e-02 (0.01 s).
Cholesky vectors no   186 -   195 computed, error is 1.039991e-02 (0.01 s).
Cholesky vectors no   196 -   210 computed, error is 8.574136e-03 (0.02 s).
Cholesky vectors no   211 -   225 computed, error is 8.006044e-03 (0.01 s).
Cholesky vectors no   226 -   226 computed, error is 7.889975e-03 (0.00 s).
Cholesky vectors no   227 -   236 computed, error is 6.994004e-03 (0.01 s).
Cholesky vectors no   237 -   246 computed, error is 6.508650e-03 (0.01 s).
Cholesky vectors no   247 -   261 computed, error is 6.446991e-03 (0.01 s).
Cholesky vectors no   262 -   262 computed, error is 3.527137e-03 (0.00 s).
Cholesky vectors no   263 -   277 computed, error is 2.746428e-03 (0.01 s).
Cholesky vectors no   278 -   287 computed, error is 2.184380e-03 (0.01 s).
Cholesky vectors no   288 -   302 computed, error is 1.533160e-03 (0.03 s).
Cholesky vectors no   303 -   305 computed, error is 1.501663e-03 (0.00 s).
Cholesky vectors no   306 -   315 computed, error is 1.162762e-03 (0.01 s).
Cholesky vectors no   316 -   325 computed, error is 8.592648e-04 (0.01 s).
Cholesky vectors no   326 -   328 computed, error is 7.762202e-04 (0.00 s).
Cholesky vectors no   329 -   343 computed, error is 7.224048e-04 (0.01 s).
Cholesky vectors no   344 -   350 computed, error is 5.055840e-04 (0.01 s).
Cholesky vectors no   351 -   356 computed, error is 4.843216e-04 (0.01 s).
Cholesky vectors no   357 -   371 computed, error is 3.555968e-04 (0.01 s).
Cholesky vectors no   372 -   381 computed, error is 2.390605e-04 (0.01 s).
Cholesky vectors no   382 -   396 computed, error is 2.131928e-04 (0.01 s).
Cholesky vectors no   397 -   406 computed, error is 1.566190e-04 (0.03 s).
Cholesky vectors no   407 -   421 computed, error is 1.472984e-04 (0.01 s).
Cholesky vectors no   422 -   422 computed, error is 1.455825e-04 (0.00 s).
Cholesky vectors no   423 -   425 computed, error is 8.289290e-05 (0.00 s).
Cholesky vectors no   426 -   428 computed, error is 8.270062e-05 (0.00 s).
Cholesky vectors no   429 -   438 computed, error is 7.249059e-05 (0.01 s).
Cholesky vectors no   439 -   445 computed, error is 3.825396e-05 (0.01 s).
Cholesky vectors no   446 -   448 computed, error is 2.897407e-05 (0.00 s).
Cholesky vectors no   449 -   449 computed, error is 1.919926e-05 (0.00 s).
Cholesky vectors no   450 -   464 computed, error is 1.537769e-05 (0.01 s).
Cholesky vectors no   465 -   474 computed, error is 1.521508e-05 (0.01 s).
Cholesky vectors no   475 -   480 computed, error is 1.405460e-05 (0.01 s).
Cholesky vectors no   481 -   490 computed, error is 1.281369e-05 (0.01 s).
Cholesky vectors no   491 -   491 computed, error is 6.383288e-06 (0.00 s).
Cholesky vectors no   492 -   506 computed, error is 5.345516e-06 (0.03 s).
Cholesky vectors no   507 -   509 computed, error is 4.956278e-06 (0.00 s).
Cholesky vectors no   510 -   524 computed, error is 4.787711e-06 (0.01 s).
Cholesky vectors no   525 -   534 computed, error is 4.559825e-06 (0.01 s).
Cholesky vectors no   535 -   549 computed, error is 3.729067e-06 (0.02 s).
Cholesky vectors no   550 -   559 computed, error is 2.679692e-06 (0.01 s).
Cholesky vectors no   560 -   562 computed, error is 2.328164e-06 (0.01 s).
Cholesky vectors no   563 -   563 computed, error is 1.847687e-06 (0.00 s).
Cholesky vectors no   564 -   578 computed, error is 1.347039e-06 (0.02 s).
Cholesky vectors no   579 -   588 computed, error is 1.298275e-06 (0.01 s).
Cholesky vectors no   589 -   594 computed, error is 7.805324e-07 (0.01 s).
Cholesky vectors no   595 -   609 computed, error is 5.450056e-07 (0.04 s).
Cholesky vectors no   610 -   610 computed, error is 5.385183e-07 (0.00 s).
Cholesky vectors no   611 -   620 computed, error is 3.131391e-07 (0.01 s).
Cholesky vectors no   621 -   630 computed, error is 3.116360e-07 (0.01 s).
Cholesky vectors no   631 -   635 computed, error is 2.738460e-07 (0.01 s).
Cholesky vectors no   636 -   650 computed, error is 2.120794e-07 (0.02 s).
Cholesky vectors no   651 -   651 computed, error is 1.903026e-07 (0.00 s).
Cholesky vectors no   652 -   666 computed, error is 1.616672e-07 (0.02 s).
Cholesky vectors no   667 -   669 computed, error is 1.457788e-07 (0.00 s).
Cholesky vectors no   670 -   684 computed, error is 1.223748e-07 (0.02 s).
Cholesky vectors no   685 -   694 computed, error is 9.665497e-08 (0.01 s).
Cholesky decomposition finished in 1.08 s. Realized memory size is 48 Mi 887 ki.
Time use: integrals 24.7 %, linear algebra 75.3 %.
1219 shell pairs and 1 nuclei
SAP potential formed in 0.003 s.
Smallest eigenvalue of overlap matrix is 2.61e-03, reciprocal condition number is 6.68e-04.
Using symmetric orthogonalization.
Smallest eigenvalue of overlap matrix is 1.47e-03, reciprocal condition number is 3.34e-04.
Using symmetric orthogonalization.
Smallest eigenvalue of overlap matrix is 5.38e-04, reciprocal condition number is 9.63e-05.
Using symmetric orthogonalization.
Smallest eigenvalue of overlap matrix is 1.47e-03, reciprocal condition number is 3.34e-04.
Using symmetric orthogonalization.
Smallest eigenvalue of overlap matrix is 2.61e-03, reciprocal condition number is 6.68e-04.
Using symmetric orthogonalization.
Nela = 2 Nelb = 1



Solving SCF
Evaluated energy  92.1140244406 (change from lowest 9.211402e+01)


Iteration 1: 1 Fock evaluations energy  92.1140244406 change  9.211402e+01 DIIS error vector rms norm 5.235357e-01
History size 1
alpha m=0 occupations
   1.0000
alpha m=2 occupations
   1.0000
beta m=0 occupations
   1.0000
EDIIS step
Evaluated energy -6.4267865014 (change from lowest -9.854081e+01)
Density matrix difference 1.025009e-01 between lowest-energy and newest entry


Iteration 2: 2 Fock evaluations energy -6.4267865014 change -9.854081e+01 DIIS error vector rms norm 2.666185e-04
History size 2
alpha m=0 occupations
   1.0000
alpha m=2 occupations
   1.0000
beta m=0 occupations
   1.0000
EDIIS+DIIS step
Evaluated energy -6.4268533026 (change from lowest -6.680122e-05)
Density matrix difference 2.154911e-04 between lowest-energy and newest entry


Iteration 3: 3 Fock evaluations energy -6.4268533026 change -6.680122e-05 DIIS error vector rms norm 3.422868e-05
History size 3
alpha m=0 occupations
   1.0000
alpha m=2 occupations
   1.0000
beta m=0 occupations
   1.0000
DIIS step
Evaluated energy -6.4268546812 (change from lowest -1.378537e-06)
Density matrix difference 4.658874e-05 between lowest-energy and newest entry


Iteration 4: 4 Fock evaluations energy -6.4268546812 change -1.378537e-06 DIIS error vector rms norm 2.023374e-06
History size 4
alpha m=0 occupations
   1.0000
alpha m=2 occupations
   1.0000
beta m=0 occupations
   1.0000
DIIS step
Evaluated energy -6.4268546878 (change from lowest -6.586052e-09)
Density matrix difference 5.585529e-06 between lowest-energy and newest entry


Iteration 5: 5 Fock evaluations energy -6.4268546878 change -6.586052e-09 DIIS error vector rms norm 5.795750e-07
History size 4
Converged to energy -6.4268546878!

Running program took 38.31 s.
