ERKALE - HF/DFT from Hel, OpenMP version, running on 8 cores.
(c) Susi Lehtola, 2010-2016.

This program is free software; you can redistribute it and/or modify
it under the terms of the GNU General Public License as published by
the Free Software Foundation; either version 2 of the License, or
(at your option) any later version.

Running on host silver.

Current time is Tue 20 Jan 2026 12:57:33.

Current Settings used by ERKALE:
     AtomGuess      	                Auto	Method used for atomic guess (Auto for same as method)
     Basis          	            HGBSP2-9	Basis set used in calculation
     BasisCutoff    	           1.000e-08	Cutoff for dropping out small primitives from contraction
     BasisOrth      	                Auto	Method of orthonormalization of basis set
     BasisRotate    	               false	Rotate basis set to remove redundant functions?
     Charge         	                   0	Total charge of system
     CholDepThresh  	           1.000e-07	Partial Cholesky decomposition threshold
     Cholesky       	                true	Use Cholesky decomposition?
     CholeskyMode   	                   0	Save/load integrals? 0 no, 1 save, -1 load
     CholeskyNAFThr 	           0.000e+00	Cholesky natural auxiliary function threshold
     CholeskyShThr  	           1.000e-02	Cholesky cache threshold
     CholeskyThr    	           1.000e-07	Cholesky decomposition threshold
     Complexbas     	                true	Use complex basis?
     Confinement    	         0.0 0.0 0.0	Confinement potential V(r) = V_i x_i^2
     ConvThr        	           1.000e-06	Orbital gradient convergence threshold
     DFTBasisThr    	           1.000e-10	Threshold for screening basis functions on grid
     DFTCpars       	                    	Override parameters of correlation functional (expert)
     DFTDelta       	           1.000e+02	Switch to final DFT grid has converged within factor X
     DFTDensityThr  	           1.000e-10	Threshold for screening density on grid
     DFTFinalTol    	           1.000e-05	Tolerance of final DFT grid
     DFTGrid        	             75 -302	DFT integration grid to use: nrad lmax or Auto for adaptive
     DFTInitialTol  	           1.000e-04	Tolerance of initial DFT grid
     DFTLobatto     	               false	Use Lobatto quadrature instead of Lebedev quadrature?
     DFTQuadThresh  	           2.220e-16	Threshold for pruning points with small quadrature weight
     DFTXpars       	                    	Override parameters of exchange functional (expert)
     DIISComb       	               false	Combine alpha and beta errors in unrestricted calcs?
     DIISEps        	           1.000e-01	Start mixing in DIIS when error is
     DIISOrder      	                  10	How many DIIS iterations to keep in memory?
     DIISThr        	           1.000e-02	DIIS error threshold for DIIS updates
     DecFock        	               false	Use decontracted basis to calculate Fock matrix (direct HF)
     Decontract     	                   *	Indices of atoms to decontract basis set for
     DensityFitting 	               false	Use density fitting / RI?
     Direct         	               false	Calculate two-electron integrals (or density fitting) on-the-fly?
     EField         	         0.0 0.0 0.0	Electric field
     ErrorNorm      	                 rms	Error norm to use in the SCF code
     FittingBasis   	                Auto	Basis to use for density fitting / RI (Auto for automatic)
     FittingCholeskyThreshold	           1.000e-08	Linear dependence threshold for pivoted Cholesky of Coulomb integrals in density fitting
     FittingMemory  	                1000	Amount of memory in MB to use for exchange fitting
     FittingThreshold	           1.000e-07	Linear dependence threshold for Coulomb integrals in density fitting
     Guess          	              sapfit	Used guess: SAD (default), SADNO, core, GWH, SAP, or SAPfit
     InitConvThr    	           1.000e-05	Initialization convergence threshold
     InputBohr      	               false	Use atomic units as input units instead of angstrom?
     IntegralThresh 	           1.000e-10	Integral screening threshold
     Kgwh           	           1.750e+00	Scaling constant for GWH
     LinDepThresh   	           1.000e-05	Basis set linear dependency threshold
     LinearB        	           8.000e-02	Magnetic field along bond axis
     LinearFreeze   	               false	If using linear symmetry, freeze symmetry to input guess
     LinearOccupationFile	      ../../H_1.occs	File to read linear occupations from
     LinearOccupations	                  -1	Read in occupations for linear molecule calculations?
     LinearSymmetry 	                true	Do special calculation on linear molecule along z axis
     LoadChk        	                    	Checkpoint file to load from
     Logfile        	          erkale.log	File to print out full information, stdout for screen
     MaxInitIter    	                  50	Maximum number of iterations in the stepwise solutions
     MaxIter        	                 100	Maximum number of iterations in SCF cycle
     Method         	                  HF	Method used in calculation (HF or a DFT functional)
     Multiplicity   	                   2	Spin multiplicity
     NLGrid         	             50 -194	Integration grid to use for nonlocal correlation: nrad lmax
     Occupancies    	                    	Orbital occupancies
     OptLM          	               false	If spherical harmonics used, use cartesian s and p functions?
     PZ             	               false	Perform Perdew-Zunger self-interaction correction?
     PZEthr         	           1.000e-10	Threshold for energy convergence
     PZIthr         	           1.000e-02	Threshold for initialization convergence (not too small!)
     PZNRthr        	           0.000e+00	Threshold for use of NR method in OO optimization
     PZOOthr        	           1.000e-04	Gradient threshold for OO optimization
     PZOVthr        	           1.000e-05	Gradient threshold for OV optimization
     PZimag         	                Auto	Imaginary degrees of freedom in PZ?
     PZiter         	                  20	Max number of iterations in self-consistency iteration
     PZloc          	                Auto	Initial localization before SIC calculation?
     PZlocmet       	                  FB	Initial localization method (recommend FB or IAO)
     PZmode         	                  XC	Apply PZ to the operators (in addition to J): X C D
     PZoo           	                true	Optimize OO block?
     PZov           	                true	Optimize OV block?
     PZprec         	                   1	Precondition OV block? 0: no, 1: unified, 2: orbital
     PZrand         	                true	Apply random rotation in PZ initialization? (Should be true)
     PZscale        	            Constant	Scaling for PZ: Constant, Density or Kinetic
     PZscaleExp     	           1.000e+00	Exponent in the dynamic scaling equation
     PZseed         	                   0	Seed number for randomized matrices?
     PZstab         	                   0	Stability analysis for PZ-SIC? 1 or -1 for OO, 2 or -2 for OO+OV
     PZstabThr      	           1.000e-03	Instability threshold (interpreted as -thr)
     PZw            	           1.000e+00	Weight for Perdew-Zunger self-interaction correction
     Restricted     	               false	Spin restricted?
     SAPBasis       	    helfem_large.gbs	Tabulated atomic effective potential "basis set"
     SAPGrid        	                    	SAP integration grid to use: nrad lmax or leave empty
     SaveChk        	   complex_basis.chk	Checkpoint file to save to
     Shift          	           0.000e+00	Level shift to use in Hartree
     System         	        ../atoms.xyz	System as an xyz file
     TRRHminS       	           9.750e-01	Trust-Region Roothaan-Hall minimal occupied orbital overlap
     UseADIIS       	                true	Use ADIIS for Fock matrix interpolation?
     UseBroyden     	               false	Use Broyden mixing of Fock matrices?
     UseDIIS        	                true	Use Pulay's Direct Inversion in the Iterative Subspace?
     UseLM          	                true	Use a spherical harmonics basis set by default?
     UseTRRH        	               false	Use Trust-Region Roothaan-Hall?
     VV10           	                Auto	Use VV10 non-local correlation?
     VV10Pars       	                    	VV10 parameters: b C
     Verbose        	                true	Verbose calculation?
     Verbosity      	                   5	Verboseness level

Basis set HGBSP2-9 found in file HGBSP2-9.gbs in /home/lehtola/programs/erkale/basis/.
Basis set helfem_large.gbs found in file helfem_large.gbs in /home/lehtola/programs/erkale/basis/.
Screening by shell pairs and symmetry reduced dofs by factor 1.99.
Individual screening reduced dofs by a total factor 1.99.
Computing Cholesky vectors. Estimated memory size is 24 Mi - 80 Mi.
Cholesky vectors no     0 -     0 computed, error is 4.214351e+01 (0.03 s).
Cholesky vectors no     1 -     1 computed, error is 1.061856e+01 (0.03 s).
Cholesky vectors no     2 -     2 computed, error is 6.110955e+00 (0.03 s).
Cholesky vectors no     3 -     3 computed, error is 3.800950e+00 (0.03 s).
Cholesky vectors no     4 -     9 computed, error is 1.335760e+00 (0.16 s).
Cholesky vectors no    10 -    12 computed, error is 1.070429e+00 (0.05 s).
Cholesky vectors no    13 -    18 computed, error is 9.954878e-01 (0.00 s).
Cholesky vectors no    19 -    19 computed, error is 3.547692e-01 (0.00 s).
Cholesky vectors no    20 -    22 computed, error is 3.397474e-01 (0.00 s).
Cholesky vectors no    23 -    37 computed, error is 3.296604e-01 (0.01 s).
Cholesky vectors no    38 -    38 computed, error is 2.885486e-01 (0.00 s).
Cholesky vectors no    39 -    39 computed, error is 2.333197e-01 (0.00 s).
Cholesky vectors no    40 -    45 computed, error is 1.784447e-01 (0.00 s).
Cholesky vectors no    46 -    55 computed, error is 1.410133e-01 (0.01 s).
Cholesky vectors no    56 -    58 computed, error is 1.098847e-01 (0.00 s).
Cholesky vectors no    59 -    73 computed, error is 9.083968e-02 (0.01 s).
Cholesky vectors no    74 -    88 computed, error is 7.176249e-02 (0.02 s).
Cholesky vectors no    89 -    98 computed, error is 3.499251e-02 (0.01 s).
Cholesky vectors no    99 -   113 computed, error is 2.962063e-02 (0.03 s).
Cholesky vectors no   114 -   123 computed, error is 2.942129e-02 (0.01 s).
Cholesky vectors no   124 -   138 computed, error is 2.787950e-02 (0.02 s).
Cholesky vectors no   139 -   141 computed, error is 2.557946e-02 (0.00 s).
Cholesky vectors no   142 -   142 computed, error is 1.573748e-02 (0.00 s).
Cholesky vectors no   143 -   148 computed, error is 1.430508e-02 (0.01 s).
Cholesky vectors no   149 -   158 computed, error is 1.260938e-02 (0.01 s).
Cholesky vectors no   159 -   161 computed, error is 1.240733e-02 (0.00 s).
Cholesky vectors no   162 -   171 computed, error is 1.004157e-02 (0.01 s).
Cholesky vectors no   172 -   172 computed, error is 9.705475e-03 (0.00 s).
Cholesky vectors no   173 -   187 computed, error is 7.756651e-03 (0.03 s).
Cholesky vectors no   188 -   197 computed, error is 4.189825e-03 (0.02 s).
Cholesky vectors no   198 -   212 computed, error is 2.642517e-03 (0.05 s).
Cholesky vectors no   213 -   222 computed, error is 2.461275e-03 (0.01 s).
Cholesky vectors no   223 -   237 computed, error is 2.453022e-03 (0.03 s).
Cholesky vectors no   238 -   238 computed, error is 1.897774e-03 (0.00 s).
Cholesky vectors no   239 -   239 computed, error is 1.893489e-03 (0.00 s).
Cholesky vectors no   240 -   242 computed, error is 1.812581e-03 (0.00 s).
Cholesky vectors no   243 -   248 computed, error is 1.238893e-03 (0.01 s).
Cholesky vectors no   249 -   258 computed, error is 1.090263e-03 (0.01 s).
Cholesky vectors no   259 -   273 computed, error is 1.081203e-03 (0.01 s).
Cholesky vectors no   274 -   276 computed, error is 1.034115e-03 (0.00 s).
Cholesky vectors no   277 -   283 computed, error is 9.431259e-04 (0.01 s).
Cholesky vectors no   284 -   284 computed, error is 3.860042e-04 (0.00 s).
Cholesky vectors no   285 -   299 computed, error is 2.599028e-04 (0.01 s).
Cholesky vectors no   300 -   309 computed, error is 2.289288e-04 (0.02 s).
Cholesky vectors no   310 -   324 computed, error is 1.623601e-04 (0.01 s).
Cholesky vectors no   325 -   327 computed, error is 1.253603e-04 (0.00 s).
Cholesky vectors no   328 -   337 computed, error is 1.048224e-04 (0.01 s).
Cholesky vectors no   338 -   343 computed, error is 1.000276e-04 (0.01 s).
Cholesky vectors no   344 -   346 computed, error is 9.046722e-05 (0.00 s).
Cholesky vectors no   347 -   361 computed, error is 7.588553e-05 (0.01 s).
Cholesky vectors no   362 -   367 computed, error is 7.357186e-05 (0.01 s).
Cholesky vectors no   368 -   374 computed, error is 6.897510e-05 (0.01 s).
Cholesky vectors no   375 -   377 computed, error is 3.337749e-05 (0.00 s).
Cholesky vectors no   378 -   387 computed, error is 2.749650e-05 (0.01 s).
Cholesky vectors no   388 -   397 computed, error is 2.180404e-05 (0.01 s).
Cholesky vectors no   398 -   398 computed, error is 1.728560e-05 (0.00 s).
Cholesky vectors no   399 -   413 computed, error is 1.493887e-05 (0.03 s).
Cholesky vectors no   414 -   423 computed, error is 1.394166e-05 (0.01 s).
Cholesky vectors no   424 -   426 computed, error is 8.352810e-06 (0.00 s).
Cholesky vectors no   427 -   427 computed, error is 6.752004e-06 (0.00 s).
Cholesky vectors no   428 -   430 computed, error is 6.526106e-06 (0.00 s).
Cholesky vectors no   431 -   437 computed, error is 6.382930e-06 (0.01 s).
Cholesky vectors no   438 -   438 computed, error is 3.246225e-06 (0.00 s).
Cholesky vectors no   439 -   448 computed, error is 2.765642e-06 (0.01 s).
Cholesky vectors no   449 -   463 computed, error is 1.777120e-06 (0.01 s).
Cholesky vectors no   464 -   466 computed, error is 1.490825e-06 (0.00 s).
Cholesky vectors no   467 -   469 computed, error is 1.470666e-06 (0.00 s).
Cholesky vectors no   470 -   470 computed, error is 1.319029e-06 (0.00 s).
Cholesky vectors no   471 -   480 computed, error is 1.177580e-06 (0.01 s).
Cholesky vectors no   481 -   495 computed, error is 1.058890e-06 (0.01 s).
Cholesky vectors no   496 -   501 computed, error is 5.386661e-07 (0.02 s).
Cholesky vectors no   502 -   502 computed, error is 5.370495e-07 (0.00 s).
Cholesky vectors no   503 -   512 computed, error is 4.025287e-07 (0.01 s).
Cholesky vectors no   513 -   527 computed, error is 3.699530e-07 (0.01 s).
Cholesky vectors no   528 -   530 computed, error is 2.353862e-07 (0.00 s).
Cholesky vectors no   531 -   533 computed, error is 2.039580e-07 (0.00 s).
Cholesky vectors no   534 -   543 computed, error is 1.769346e-07 (0.01 s).
Cholesky vectors no   544 -   558 computed, error is 9.731310e-08 (0.01 s).
Cholesky decomposition finished in 1.39 s. Realized memory size is 37 Mi 788 ki.
Time use: integrals 28.5 %, linear algebra 71.5 %.
1274 shell pairs and 1 nuclei
SAP potential formed in 0.004 s.
Smallest eigenvalue of overlap matrix is 4.06e-04, reciprocal condition number is 8.99e-05.
Using symmetric orthogonalization.
Smallest eigenvalue of overlap matrix is 1.84e-04, reciprocal condition number is 3.54e-05.
Using symmetric orthogonalization.
Smallest eigenvalue of overlap matrix is 5.19e-05, reciprocal condition number is 7.70e-06.
Using symmetric orthogonalization.
Smallest eigenvalue of overlap matrix is 1.84e-04, reciprocal condition number is 3.54e-05.
Using symmetric orthogonalization.
Smallest eigenvalue of overlap matrix is 4.06e-04, reciprocal condition number is 8.99e-05.
Using symmetric orthogonalization.
Nela = 1 Nelb = 0



Solving SCF
Evaluated energy  0.2981853385 (change from lowest 2.981853e-01)


Iteration 1: 1 Fock evaluations energy  0.2981853385 change  2.981853e-01 DIIS error vector rms norm 1.982953e-03
History size 1
alpha m=1 occupations
   1.0000
EDIIS+DIIS step
Evaluated energy -0.1084601574 (change from lowest -4.066455e-01)
Density matrix difference 5.237828e-02 between lowest-energy and newest entry


Iteration 2: 2 Fock evaluations energy -0.1084601574 change -4.066455e-01 DIIS error vector rms norm 1.863475e-06
History size 2
alpha m=1 occupations
   1.0000
DIIS step
Evaluated energy -0.1084602358 (change from lowest -7.841155e-08)
Density matrix difference 2.516773e-05 between lowest-energy and newest entry


Iteration 3: 3 Fock evaluations energy -0.1084602358 change -7.841155e-08 DIIS error vector rms norm 7.125733e-07
History size 3
Converged to energy -0.1084602358!

Running program took 4.14 s.
