ERKALE - HF/DFT from Hel, OpenMP version, running on 8 cores.
(c) Susi Lehtola, 2010-2016.

This program is free software; you can redistribute it and/or modify
it under the terms of the GNU General Public License as published by
the Free Software Foundation; either version 2 of the License, or
(at your option) any later version.

Running on host silver.

Current time is Wed 21 Jan 2026 12:47:10.

Current Settings used by ERKALE:
     AtomGuess      	                Auto	Method used for atomic guess (Auto for same as method)
     Basis          	             cc-pV5Z	Basis set used in calculation
     BasisCutoff    	           1.000e-08	Cutoff for dropping out small primitives from contraction
     BasisOrth      	                Auto	Method of orthonormalization of basis set
     BasisRotate    	               false	Rotate basis set to remove redundant functions?
     Charge         	                   0	Total charge of system
     CholDepThresh  	           1.000e-07	Partial Cholesky decomposition threshold
     Cholesky       	                true	Use Cholesky decomposition?
     CholeskyMode   	                   0	Save/load integrals? 0 no, 1 save, -1 load
     CholeskyNAFThr 	           0.000e+00	Cholesky natural auxiliary function threshold
     CholeskyShThr  	           1.000e-02	Cholesky cache threshold
     CholeskyThr    	           1.000e-07	Cholesky decomposition threshold
     Complexbas     	                true	Use complex basis?
     Confinement    	         0.0 0.0 0.0	Confinement potential V(r) = V_i x_i^2
     ConvThr        	           1.000e-06	Orbital gradient convergence threshold
     DFTBasisThr    	           1.000e-10	Threshold for screening basis functions on grid
     DFTCpars       	                    	Override parameters of correlation functional (expert)
     DFTDelta       	           1.000e+02	Switch to final DFT grid has converged within factor X
     DFTDensityThr  	           1.000e-10	Threshold for screening density on grid
     DFTFinalTol    	           1.000e-05	Tolerance of final DFT grid
     DFTGrid        	             75 -302	DFT integration grid to use: nrad lmax or Auto for adaptive
     DFTInitialTol  	           1.000e-04	Tolerance of initial DFT grid
     DFTLobatto     	               false	Use Lobatto quadrature instead of Lebedev quadrature?
     DFTQuadThresh  	           2.220e-16	Threshold for pruning points with small quadrature weight
     DFTXpars       	                    	Override parameters of exchange functional (expert)
     DIISComb       	               false	Combine alpha and beta errors in unrestricted calcs?
     DIISEps        	           1.000e-01	Start mixing in DIIS when error is
     DIISOrder      	                  10	How many DIIS iterations to keep in memory?
     DIISThr        	           1.000e-02	DIIS error threshold for DIIS updates
     DecFock        	               false	Use decontracted basis to calculate Fock matrix (direct HF)
     Decontract     	                   *	Indices of atoms to decontract basis set for
     DensityFitting 	               false	Use density fitting / RI?
     Direct         	               false	Calculate two-electron integrals (or density fitting) on-the-fly?
     EField         	         0.0 0.0 0.0	Electric field
     ErrorNorm      	                 rms	Error norm to use in the SCF code
     FittingBasis   	                Auto	Basis to use for density fitting / RI (Auto for automatic)
     FittingCholeskyThreshold	           1.000e-08	Linear dependence threshold for pivoted Cholesky of Coulomb integrals in density fitting
     FittingMemory  	                1000	Amount of memory in MB to use for exchange fitting
     FittingThreshold	           1.000e-07	Linear dependence threshold for Coulomb integrals in density fitting
     Guess          	              sapfit	Used guess: SAD (default), SADNO, core, GWH, SAP, or SAPfit
     InitConvThr    	           1.000e-05	Initialization convergence threshold
     InputBohr      	               false	Use atomic units as input units instead of angstrom?
     IntegralThresh 	           1.000e-10	Integral screening threshold
     Kgwh           	           1.750e+00	Scaling constant for GWH
     LinDepThresh   	           1.000e-05	Basis set linear dependency threshold
     LinearB        	           2.400e-01	Magnetic field along bond axis
     LinearFreeze   	               false	If using linear symmetry, freeze symmetry to input guess
     LinearOccupationFile	     ../../Be_0.occs	File to read linear occupations from
     LinearOccupations	                  -1	Read in occupations for linear molecule calculations?
     LinearSymmetry 	                true	Do special calculation on linear molecule along z axis
     LoadChk        	                    	Checkpoint file to load from
     Logfile        	          erkale.log	File to print out full information, stdout for screen
     MaxInitIter    	                  50	Maximum number of iterations in the stepwise solutions
     MaxIter        	                 100	Maximum number of iterations in SCF cycle
     Method         	                  HF	Method used in calculation (HF or a DFT functional)
     Multiplicity   	                   1	Spin multiplicity
     NLGrid         	             50 -194	Integration grid to use for nonlocal correlation: nrad lmax
     Occupancies    	                    	Orbital occupancies
     OptLM          	               false	If spherical harmonics used, use cartesian s and p functions?
     PZ             	               false	Perform Perdew-Zunger self-interaction correction?
     PZEthr         	           1.000e-10	Threshold for energy convergence
     PZIthr         	           1.000e-02	Threshold for initialization convergence (not too small!)
     PZNRthr        	           0.000e+00	Threshold for use of NR method in OO optimization
     PZOOthr        	           1.000e-04	Gradient threshold for OO optimization
     PZOVthr        	           1.000e-05	Gradient threshold for OV optimization
     PZimag         	                Auto	Imaginary degrees of freedom in PZ?
     PZiter         	                  20	Max number of iterations in self-consistency iteration
     PZloc          	                Auto	Initial localization before SIC calculation?
     PZlocmet       	                  FB	Initial localization method (recommend FB or IAO)
     PZmode         	                  XC	Apply PZ to the operators (in addition to J): X C D
     PZoo           	                true	Optimize OO block?
     PZov           	                true	Optimize OV block?
     PZprec         	                   1	Precondition OV block? 0: no, 1: unified, 2: orbital
     PZrand         	                true	Apply random rotation in PZ initialization? (Should be true)
     PZscale        	            Constant	Scaling for PZ: Constant, Density or Kinetic
     PZscaleExp     	           1.000e+00	Exponent in the dynamic scaling equation
     PZseed         	                   0	Seed number for randomized matrices?
     PZstab         	                   0	Stability analysis for PZ-SIC? 1 or -1 for OO, 2 or -2 for OO+OV
     PZstabThr      	           1.000e-03	Instability threshold (interpreted as -thr)
     PZw            	           1.000e+00	Weight for Perdew-Zunger self-interaction correction
     Restricted     	               false	Spin restricted?
     SAPBasis       	    helfem_large.gbs	Tabulated atomic effective potential "basis set"
     SAPGrid        	                    	SAP integration grid to use: nrad lmax or leave empty
     SaveChk        	   complex_basis.chk	Checkpoint file to save to
     Shift          	           0.000e+00	Level shift to use in Hartree
     System         	        ../atoms.xyz	System as an xyz file
     TRRHminS       	           9.750e-01	Trust-Region Roothaan-Hall minimal occupied orbital overlap
     UseADIIS       	                true	Use ADIIS for Fock matrix interpolation?
     UseBroyden     	               false	Use Broyden mixing of Fock matrices?
     UseDIIS        	                true	Use Pulay's Direct Inversion in the Iterative Subspace?
     UseLM          	                true	Use a spherical harmonics basis set by default?
     UseTRRH        	               false	Use Trust-Region Roothaan-Hall?
     VV10           	                Auto	Use VV10 non-local correlation?
     VV10Pars       	                    	VV10 parameters: b C
     Verbose        	                true	Verbose calculation?
     Verbosity      	                   5	Verboseness level

Basis set cc-pV5Z found in file cc-pV5Z.gbs in /home/lehtola/programs/erkale/basis/.
Basis set helfem_large.gbs found in file helfem_large.gbs in /home/lehtola/programs/erkale/basis/.
Screening by shell pairs and symmetry reduced dofs by factor 2.00.
Individual screening reduced dofs by a total factor 2.00.
Computing Cholesky vectors. Estimated memory size is 14 Mi - 48 Mi.
Cholesky vectors no     0 -     0 computed, error is 3.335474e+01 (0.03 s).
Cholesky vectors no     1 -     1 computed, error is 1.230162e+01 (0.03 s).
Cholesky vectors no     2 -     2 computed, error is 4.047307e+00 (0.03 s).
Cholesky vectors no     3 -     8 computed, error is 1.730164e+00 (0.16 s).
Cholesky vectors no     9 -     9 computed, error is 1.240107e+00 (0.03 s).
Cholesky vectors no    10 -    12 computed, error is 9.852371e-01 (0.08 s).
Cholesky vectors no    13 -    18 computed, error is 4.727516e-01 (0.14 s).
Cholesky vectors no    19 -    19 computed, error is 3.640430e-01 (0.03 s).
Cholesky vectors no    20 -    20 computed, error is 3.182373e-01 (0.03 s).
Cholesky vectors no    21 -    48 computed, error is 3.014857e-01 (0.01 s).
Cholesky vectors no    49 -    51 computed, error is 2.506315e-01 (0.00 s).
Cholesky vectors no    52 -    57 computed, error is 1.854121e-01 (0.00 s).
Cholesky vectors no    58 -    67 computed, error is 1.283604e-01 (0.00 s).
Cholesky vectors no    68 -    70 computed, error is 9.412371e-02 (0.00 s).
Cholesky vectors no    71 -    76 computed, error is 7.815638e-02 (0.00 s).
Cholesky vectors no    77 -    91 computed, error is 7.569208e-02 (0.00 s).
Cholesky vectors no    92 -   112 computed, error is 4.409551e-02 (0.01 s).
Cholesky vectors no   113 -   157 computed, error is 3.069986e-02 (0.02 s).
Cholesky vectors no   158 -   158 computed, error is 2.460947e-02 (0.00 s).
Cholesky vectors no   159 -   161 computed, error is 2.142841e-02 (0.00 s).
Cholesky vectors no   162 -   162 computed, error is 1.892257e-02 (0.00 s).
Cholesky vectors no   163 -   172 computed, error is 1.352444e-02 (0.01 s).
Cholesky vectors no   173 -   175 computed, error is 1.216209e-02 (0.00 s).
Cholesky vectors no   176 -   196 computed, error is 7.813098e-03 (0.01 s).
Cholesky vectors no   197 -   232 computed, error is 7.710664e-03 (0.03 s).
Cholesky vectors no   233 -   298 computed, error is 5.603967e-03 (0.04 s).
Cholesky vectors no   299 -   304 computed, error is 4.829596e-03 (0.01 s).
Cholesky vectors no   305 -   355 computed, error is 2.929177e-03 (0.03 s).
Cholesky vectors no   356 -   358 computed, error is 2.406737e-03 (0.00 s).
Cholesky vectors no   359 -   368 computed, error is 2.105536e-03 (0.01 s).
Cholesky vectors no   369 -   369 computed, error is 2.040472e-03 (0.00 s).
Cholesky vectors no   370 -   372 computed, error is 1.797303e-03 (0.00 s).
Cholesky vectors no   373 -   378 computed, error is 1.505255e-03 (0.00 s).
Cholesky vectors no   379 -   381 computed, error is 1.460749e-03 (0.00 s).
Cholesky vectors no   382 -   417 computed, error is 1.163140e-03 (0.03 s).
Cholesky vectors no   418 -   462 computed, error is 7.799623e-04 (0.03 s).
Cholesky vectors no   463 -   496 computed, error is 6.752566e-04 (0.02 s).
Cholesky vectors no   497 -   502 computed, error is 6.487206e-04 (0.02 s).
Cholesky vectors no   503 -   512 computed, error is 3.048346e-04 (0.01 s).
Cholesky vectors no   513 -   527 computed, error is 2.337699e-04 (0.01 s).
Cholesky vectors no   528 -   528 computed, error is 1.719541e-04 (0.00 s).
Cholesky vectors no   529 -   543 computed, error is 1.500636e-04 (0.01 s).
Cholesky vectors no   544 -   546 computed, error is 1.159179e-04 (0.00 s).
Cholesky vectors no   547 -   549 computed, error is 7.681286e-05 (0.00 s).
Cholesky vectors no   550 -   570 computed, error is 5.300999e-05 (0.02 s).
Cholesky vectors no   571 -   594 computed, error is 5.163266e-05 (0.02 s).
Cholesky vectors no   595 -   601 computed, error is 4.922286e-05 (0.02 s).
Cholesky vectors no   602 -   602 computed, error is 2.077142e-05 (0.00 s).
Cholesky vectors no   603 -   630 computed, error is 1.953010e-05 (0.02 s).
Cholesky vectors no   631 -   631 computed, error is 1.626356e-05 (0.00 s).
Cholesky vectors no   632 -   652 computed, error is 1.544042e-05 (0.02 s).
Cholesky vectors no   653 -   668 computed, error is 6.906327e-06 (0.01 s).
Cholesky vectors no   669 -   677 computed, error is 6.413670e-06 (0.01 s).
Cholesky vectors no   678 -   683 computed, error is 5.542184e-06 (0.00 s).
Cholesky vectors no   684 -   686 computed, error is 2.914492e-06 (0.00 s).
Cholesky vectors no   687 -   687 computed, error is 2.485274e-06 (0.00 s).
Cholesky vectors no   688 -   688 computed, error is 2.152036e-06 (0.00 s).
Cholesky vectors no   689 -   699 computed, error is 1.731071e-06 (0.01 s).
Cholesky vectors no   700 -   702 computed, error is 1.715105e-06 (0.02 s).
Cholesky vectors no   703 -   708 computed, error is 1.696041e-06 (0.00 s).
Cholesky vectors no   709 -   744 computed, error is 1.467611e-06 (0.03 s).
Cholesky vectors no   745 -   747 computed, error is 9.491706e-07 (0.00 s).
Cholesky vectors no   748 -   757 computed, error is 6.945180e-07 (0.01 s).
Cholesky vectors no   758 -   763 computed, error is 2.470899e-07 (0.00 s).
Cholesky vectors no   764 -   781 computed, error is 2.423071e-07 (0.01 s).
Cholesky vectors no   782 -   784 computed, error is 2.407169e-07 (0.00 s).
Cholesky vectors no   785 -   802 computed, error is 1.793510e-07 (0.03 s).
Cholesky vectors no   803 -   820 computed, error is 1.653679e-07 (0.02 s).
Cholesky vectors no   821 -   821 computed, error is 8.678657e-08 (0.00 s).
Cholesky decomposition finished in 1.72 s. Realized memory size is 40 Mi 144 ki.
Time use: integrals 31.2 %, linear algebra 68.8 %.
524 shell pairs and 1 nuclei
SAP potential formed in 0.016 s.
Smallest eigenvalue of overlap matrix is 1.00e+00, reciprocal condition number is 1.00e+00.
Using symmetric orthogonalization.
Smallest eigenvalue of overlap matrix is 2.30e-01, reciprocal condition number is 1.30e-01.
Using symmetric orthogonalization.
Smallest eigenvalue of overlap matrix is 3.43e-02, reciprocal condition number is 1.37e-02.
Using symmetric orthogonalization.
Smallest eigenvalue of overlap matrix is 3.43e-02, reciprocal condition number is 1.31e-02.
Using symmetric orthogonalization.
Smallest eigenvalue of overlap matrix is 1.59e-02, reciprocal condition number is 4.92e-03.
Using symmetric orthogonalization.
Smallest eigenvalue of overlap matrix is 1.98e-03, reciprocal condition number is 4.30e-04.
Using symmetric orthogonalization.
Smallest eigenvalue of overlap matrix is 1.59e-02, reciprocal condition number is 4.92e-03.
Using symmetric orthogonalization.
Smallest eigenvalue of overlap matrix is 3.43e-02, reciprocal condition number is 1.31e-02.
Using symmetric orthogonalization.
Smallest eigenvalue of overlap matrix is 3.43e-02, reciprocal condition number is 1.37e-02.
Using symmetric orthogonalization.
Smallest eigenvalue of overlap matrix is 2.30e-01, reciprocal condition number is 1.30e-01.
Using symmetric orthogonalization.
Smallest eigenvalue of overlap matrix is 1.00e+00, reciprocal condition number is 1.00e+00.
Using symmetric orthogonalization.
Nela = 2 Nelb = 2



Solving SCF
Evaluated energy -14.4834534648 (change from lowest -1.448345e+01)


Iteration 1: 1 Fock evaluations energy -14.4834534648 change -1.448345e+01 DIIS error vector rms norm 4.982318e-03
History size 1
alpha m=0 occupations
   1.0000   1.0000
beta m=0 occupations
   1.0000   1.0000
EDIIS+DIIS step
Evaluated energy -14.4975399571 (change from lowest -1.408649e-02)
Density matrix difference 7.593919e-03 between lowest-energy and newest entry


Iteration 2: 2 Fock evaluations energy -14.4975399571 change -1.408649e-02 DIIS error vector rms norm 5.373171e-04
History size 2
alpha m=0 occupations
   1.0000   1.0000
beta m=0 occupations
   1.0000   1.0000
EDIIS+DIIS step
Evaluated energy -14.4982439883 (change from lowest -7.040312e-04)
Density matrix difference 2.028023e-03 between lowest-energy and newest entry


Iteration 3: 3 Fock evaluations energy -14.4982439883 change -7.040312e-04 DIIS error vector rms norm 8.083700e-05
History size 3
alpha m=0 occupations
   1.0000   1.0000
beta m=0 occupations
   1.0000   1.0000
DIIS step
Evaluated energy -14.4982718017 (change from lowest -2.781339e-05)
Density matrix difference 4.644401e-04 between lowest-energy and newest entry


Iteration 4: 4 Fock evaluations energy -14.4982718017 change -2.781339e-05 DIIS error vector rms norm 6.329107e-06
History size 4
alpha m=0 occupations
   1.0000   1.0000
beta m=0 occupations
   1.0000   1.0000
DIIS step
Evaluated energy -14.4982719551 (change from lowest -1.533824e-07)
Density matrix difference 3.566385e-05 between lowest-energy and newest entry


Iteration 5: 5 Fock evaluations energy -14.4982719551 change -1.533824e-07 DIIS error vector rms norm 4.002143e-07
History size 5
Converged to energy -14.4982719551!

Running program took 2.27 s.
