ERKALE - HF/DFT from Hel, OpenMP version, running on 8 cores.
(c) Susi Lehtola, 2010-2016.

This program is free software; you can redistribute it and/or modify
it under the terms of the GNU General Public License as published by
the Free Software Foundation; either version 2 of the License, or
(at your option) any later version.

Running on host silver.

Current time is Sat 14 Mar 2026 02:46:13.

Current Settings used by ERKALE:
     AtomGuess      	                Auto	Method used for atomic guess (Auto for same as method)
     Basis          	             cc-pVTZ	Basis set used in calculation
     BasisCutoff    	           1.000e-08	Cutoff for dropping out small primitives from contraction
     BasisOrth      	                Auto	Method of orthonormalization of basis set
     BasisRotate    	               false	Rotate basis set to remove redundant functions?
     Charge         	                   0	Total charge of system
     CholDepThresh  	           1.000e-07	Partial Cholesky decomposition threshold
     Cholesky       	                true	Use Cholesky decomposition?
     CholeskyMode   	                   0	Save/load integrals? 0 no, 1 save, -1 load
     CholeskyNAFThr 	           0.000e+00	Cholesky natural auxiliary function threshold
     CholeskyShThr  	           1.000e-02	Cholesky cache threshold
     CholeskyThr    	           1.000e-07	Cholesky decomposition threshold
     Complexbas     	                true	Use complex basis?
     Confinement    	         0.0 0.0 0.0	Confinement potential V(r) = V_i x_i^2
     ConvThr        	           1.000e-06	Orbital gradient convergence threshold
     DFTBasisThr    	           1.000e-10	Threshold for screening basis functions on grid
     DFTCpars       	                    	Override parameters of correlation functional (expert)
     DFTDelta       	           1.000e+02	Switch to final DFT grid has converged within factor X
     DFTDensityThr  	           1.000e-10	Threshold for screening density on grid
     DFTFinalTol    	           1.000e-05	Tolerance of final DFT grid
     DFTGrid        	             75 -302	DFT integration grid to use: nrad lmax or Auto for adaptive
     DFTInitialTol  	           1.000e-04	Tolerance of initial DFT grid
     DFTLobatto     	               false	Use Lobatto quadrature instead of Lebedev quadrature?
     DFTQuadThresh  	           2.220e-16	Threshold for pruning points with small quadrature weight
     DFTXpars       	                    	Override parameters of exchange functional (expert)
     DIISComb       	               false	Combine alpha and beta errors in unrestricted calcs?
     DIISEps        	           1.000e-01	Start mixing in DIIS when error is
     DIISOrder      	                  10	How many DIIS iterations to keep in memory?
     DIISThr        	           1.000e-02	DIIS error threshold for DIIS updates
     DecFock        	               false	Use decontracted basis to calculate Fock matrix (direct HF)
     Decontract     	                   *	Indices of atoms to decontract basis set for
     DensityFitting 	               false	Use density fitting / RI?
     Direct         	               false	Calculate two-electron integrals (or density fitting) on-the-fly?
     EField         	         0.0 0.0 0.0	Electric field
     ErrorNorm      	                 rms	Error norm to use in the SCF code
     FittingBasis   	                Auto	Basis to use for density fitting / RI (Auto for automatic)
     FittingCholeskyThreshold	           1.000e-08	Linear dependence threshold for pivoted Cholesky of Coulomb integrals in density fitting
     FittingMemory  	                1000	Amount of memory in MB to use for exchange fitting
     FittingThreshold	           1.000e-07	Linear dependence threshold for Coulomb integrals in density fitting
     Guess          	                core	Used guess: SAD (default), SADNO, core, GWH, SAP, or SAPfit
     InitConvThr    	           1.000e-05	Initialization convergence threshold
     InputBohr      	               false	Use atomic units as input units instead of angstrom?
     IntegralThresh 	           1.000e-10	Integral screening threshold
     Kgwh           	           1.750e+00	Scaling constant for GWH
     LinDepThresh   	           1.000e-05	Basis set linear dependency threshold
     LinearB        	           2.600e-01	Magnetic field along bond axis
     LinearFreeze   	               false	If using linear symmetry, freeze symmetry to input guess
     LinearOccupationFile	     ../../Ar_3.occs	File to read linear occupations from
     LinearOccupations	                  -1	Read in occupations for linear molecule calculations?
     LinearSymmetry 	                true	Do special calculation on linear molecule along z axis
     LoadChk        	                    	Checkpoint file to load from
     Logfile        	          erkale.log	File to print out full information, stdout for screen
     MaxInitIter    	                 100	Maximum number of iterations in the stepwise solutions
     MaxIter        	                 100	Maximum number of iterations in SCF cycle
     Method         	                  HF	Method used in calculation (HF or a DFT functional)
     Multiplicity   	                   3	Spin multiplicity
     NLGrid         	             50 -194	Integration grid to use for nonlocal correlation: nrad lmax
     Occupancies    	                    	Orbital occupancies
     OptLM          	               false	If spherical harmonics used, use cartesian s and p functions?
     PZ             	               false	Perform Perdew-Zunger self-interaction correction?
     PZEthr         	           1.000e-10	Threshold for energy convergence
     PZIthr         	           1.000e-02	Threshold for initialization convergence (not too small!)
     PZNRthr        	           0.000e+00	Threshold for use of NR method in OO optimization
     PZOOthr        	           1.000e-04	Gradient threshold for OO optimization
     PZOVthr        	           1.000e-05	Gradient threshold for OV optimization
     PZimag         	                Auto	Imaginary degrees of freedom in PZ?
     PZiter         	                  20	Max number of iterations in self-consistency iteration
     PZloc          	                Auto	Initial localization before SIC calculation?
     PZlocmet       	                  FB	Initial localization method (recommend FB or IAO)
     PZmode         	                  XC	Apply PZ to the operators (in addition to J): X C D
     PZoo           	                true	Optimize OO block?
     PZov           	                true	Optimize OV block?
     PZprec         	                   1	Precondition OV block? 0: no, 1: unified, 2: orbital
     PZrand         	                true	Apply random rotation in PZ initialization? (Should be true)
     PZscale        	            Constant	Scaling for PZ: Constant, Density or Kinetic
     PZscaleExp     	           1.000e+00	Exponent in the dynamic scaling equation
     PZseed         	                   0	Seed number for randomized matrices?
     PZstab         	                   0	Stability analysis for PZ-SIC? 1 or -1 for OO, 2 or -2 for OO+OV
     PZstabThr      	           1.000e-03	Instability threshold (interpreted as -thr)
     PZw            	           1.000e+00	Weight for Perdew-Zunger self-interaction correction
     Restricted     	               false	Spin restricted?
     SAPBasis       	    helfem_large.gbs	Tabulated atomic effective potential "basis set"
     SAPGrid        	                    	SAP integration grid to use: nrad lmax or leave empty
     SaveChk        	   complex_basis.chk	Checkpoint file to save to
     Shift          	           0.000e+00	Level shift to use in Hartree
     System         	        ../atoms.xyz	System as an xyz file
     TRRHminS       	           9.750e-01	Trust-Region Roothaan-Hall minimal occupied orbital overlap
     UseADIIS       	                true	Use ADIIS for Fock matrix interpolation?
     UseBroyden     	               false	Use Broyden mixing of Fock matrices?
     UseDIIS        	                true	Use Pulay's Direct Inversion in the Iterative Subspace?
     UseLM          	                true	Use a spherical harmonics basis set by default?
     UseTRRH        	               false	Use Trust-Region Roothaan-Hall?
     VV10           	                Auto	Use VV10 non-local correlation?
     VV10Pars       	                    	VV10 parameters: b C
     Verbose        	                true	Verbose calculation?
     Verbosity      	                   5	Verboseness level

Basis set cc-pVTZ found in file cc-pVTZ.gbs in /home/lehtola/programs/erkale/basis/.
Basis set helfem_large.gbs found in file helfem_large.gbs in /home/lehtola/programs/erkale/basis/.
Screening by shell pairs and symmetry reduced dofs by factor 1.97.
Individual screening reduced dofs by a total factor 1.97.
Computing Cholesky vectors. Estimated memory size is 2 Mi - 7 Mi.
Cholesky vectors no     0 -     0 computed, error is 1.053544e+02 (0.00 s).
Cholesky vectors no     1 -     1 computed, error is 3.886201e+01 (0.00 s).
Cholesky vectors no     2 -     2 computed, error is 1.425354e+01 (0.00 s).
Cholesky vectors no     3 -     8 computed, error is 5.364701e+00 (0.00 s).
Cholesky vectors no     9 -    11 computed, error is 5.186518e+00 (0.00 s).
Cholesky vectors no    12 -    12 computed, error is 4.081400e+00 (0.00 s).
Cholesky vectors no    13 -    18 computed, error is 1.461164e+00 (0.00 s).
Cholesky vectors no    19 -    21 computed, error is 1.185124e+00 (0.00 s).
Cholesky vectors no    22 -    22 computed, error is 1.159067e+00 (0.00 s).
Cholesky vectors no    23 -    28 computed, error is 1.021717e+00 (0.00 s).
Cholesky vectors no    29 -    34 computed, error is 6.848347e-01 (0.00 s).
Cholesky vectors no    35 -    35 computed, error is 5.879392e-01 (0.00 s).
Cholesky vectors no    36 -    38 computed, error is 4.658771e-01 (0.00 s).
Cholesky vectors no    39 -    53 computed, error is 3.561841e-01 (0.00 s).
Cholesky vectors no    54 -    56 computed, error is 2.203692e-01 (0.00 s).
Cholesky vectors no    57 -    59 computed, error is 1.401211e-01 (0.00 s).
Cholesky vectors no    60 -    65 computed, error is 1.248740e-01 (0.00 s).
Cholesky vectors no    66 -    75 computed, error is 1.113652e-01 (0.00 s).
Cholesky vectors no    76 -    81 computed, error is 7.076152e-02 (0.00 s).
Cholesky vectors no    82 -    82 computed, error is 6.834260e-02 (0.00 s).
Cholesky vectors no    83 -    85 computed, error is 5.597907e-02 (0.00 s).
Cholesky vectors no    86 -    91 computed, error is 4.958406e-02 (0.00 s).
Cholesky vectors no    92 -    94 computed, error is 4.736946e-02 (0.00 s).
Cholesky vectors no    95 -   104 computed, error is 3.183150e-02 (0.00 s).
Cholesky vectors no   105 -   132 computed, error is 2.846628e-02 (0.00 s).
Cholesky vectors no   133 -   138 computed, error is 1.700923e-02 (0.00 s).
Cholesky vectors no   139 -   141 computed, error is 1.660573e-02 (0.00 s).
Cholesky vectors no   142 -   162 computed, error is 8.275033e-03 (0.00 s).
Cholesky vectors no   163 -   165 computed, error is 7.541084e-03 (0.00 s).
Cholesky vectors no   166 -   166 computed, error is 5.536974e-03 (0.00 s).
Cholesky vectors no   167 -   181 computed, error is 5.226539e-03 (0.00 s).
Cholesky vectors no   182 -   184 computed, error is 3.914368e-03 (0.00 s).
Cholesky vectors no   185 -   205 computed, error is 3.063053e-03 (0.01 s).
Cholesky vectors no   206 -   211 computed, error is 1.806955e-03 (0.00 s).
Cholesky vectors no   212 -   214 computed, error is 1.357336e-03 (0.00 s).
Cholesky vectors no   215 -   221 computed, error is 1.042220e-03 (0.00 s).
Cholesky vectors no   222 -   222 computed, error is 6.002003e-04 (0.00 s).
Cholesky vectors no   223 -   225 computed, error is 5.090952e-04 (0.00 s).
Cholesky vectors no   226 -   231 computed, error is 3.845680e-04 (0.00 s).
Cholesky vectors no   232 -   237 computed, error is 2.970951e-04 (0.00 s).
Cholesky vectors no   238 -   247 computed, error is 1.764753e-04 (0.00 s).
Cholesky vectors no   248 -   261 computed, error is 1.561309e-04 (0.00 s).
Cholesky vectors no   262 -   262 computed, error is 1.500692e-04 (0.00 s).
Cholesky vectors no   263 -   263 computed, error is 1.040575e-04 (0.00 s).
Cholesky vectors no   264 -   266 computed, error is 8.119550e-05 (0.00 s).
Cholesky vectors no   267 -   269 computed, error is 6.955532e-05 (0.00 s).
Cholesky vectors no   270 -   272 computed, error is 6.091863e-05 (0.00 s).
Cholesky vectors no   273 -   279 computed, error is 5.457924e-05 (0.00 s).
Cholesky vectors no   280 -   285 computed, error is 3.974996e-05 (0.00 s).
Cholesky vectors no   286 -   288 computed, error is 2.330976e-05 (0.00 s).
Cholesky vectors no   289 -   297 computed, error is 2.018974e-05 (0.00 s).
Cholesky vectors no   298 -   298 computed, error is 9.086709e-06 (0.00 s).
Cholesky vectors no   299 -   312 computed, error is 7.822171e-06 (0.00 s).
Cholesky vectors no   313 -   313 computed, error is 7.048356e-06 (0.00 s).
Cholesky vectors no   314 -   323 computed, error is 6.144248e-06 (0.00 s).
Cholesky vectors no   324 -   329 computed, error is 5.929099e-06 (0.00 s).
Cholesky vectors no   330 -   336 computed, error is 4.484587e-06 (0.00 s).
Cholesky vectors no   337 -   337 computed, error is 3.295576e-06 (0.00 s).
Cholesky vectors no   338 -   343 computed, error is 2.637929e-06 (0.00 s).
Cholesky vectors no   344 -   346 computed, error is 1.282803e-06 (0.00 s).
Cholesky vectors no   347 -   355 computed, error is 1.255452e-06 (0.00 s).
Cholesky vectors no   356 -   358 computed, error is 1.254325e-06 (0.00 s).
Cholesky vectors no   359 -   361 computed, error is 9.619075e-07 (0.00 s).
Cholesky vectors no   362 -   364 computed, error is 4.923786e-07 (0.00 s).
Cholesky vectors no   365 -   365 computed, error is 3.984137e-07 (0.00 s).
Cholesky vectors no   366 -   378 computed, error is 3.241804e-07 (0.00 s).
Cholesky vectors no   379 -   381 computed, error is 3.131210e-07 (0.00 s).
Cholesky vectors no   382 -   388 computed, error is 3.021866e-07 (0.00 s).
Cholesky vectors no   389 -   389 computed, error is 1.399177e-07 (0.00 s).
Cholesky vectors no   390 -   394 computed, error is 1.329478e-07 (0.00 s).
Cholesky vectors no   395 -   400 computed, error is 1.211655e-07 (0.00 s).
Cholesky vectors no   401 -   407 computed, error is 3.835839e-08 (0.00 s).
Cholesky decomposition finished in 0.07 s. Realized memory size is 6 Mi 742 ki.
Time use: integrals 15.0 %, linear algebra 85.0 %.
377 shell pairs and 1 nuclei
SAP potential formed in 0.001 s.
Smallest eigenvalue of overlap matrix is 1.00e+00, reciprocal condition number is 1.00e+00.
Using symmetric orthogonalization.
Smallest eigenvalue of overlap matrix is 4.06e-01, reciprocal condition number is 2.55e-01.
Using symmetric orthogonalization.
Smallest eigenvalue of overlap matrix is 2.03e-02, reciprocal condition number is 6.37e-03.
Using symmetric orthogonalization.
Smallest eigenvalue of overlap matrix is 1.79e-03, reciprocal condition number is 3.78e-04.
Using symmetric orthogonalization.
Smallest eigenvalue of overlap matrix is 2.03e-02, reciprocal condition number is 6.37e-03.
Using symmetric orthogonalization.
Smallest eigenvalue of overlap matrix is 4.06e-01, reciprocal condition number is 2.55e-01.
Using symmetric orthogonalization.
Smallest eigenvalue of overlap matrix is 1.00e+00, reciprocal condition number is 1.00e+00.
Using symmetric orthogonalization.
Nela = 10 Nelb = 8



Solving SCF
Evaluated energy -472.6918599499 (change from lowest -4.726919e+02)


Iteration 1: 1 Fock evaluations energy -472.6918599499 change -4.726919e+02 DIIS error vector rms norm 9.698416e-01
History size 1
alpha m=-1 occupations
   1.0000   1.0000
alpha m=0 occupations
   1.0000   1.0000   1.0000   1.0000   1.0000   1.0000
alpha m=1 occupations
   1.0000   1.0000
beta m=-1 occupations
   1.0000
beta m=0 occupations
   1.0000   1.0000   1.0000   1.0000   1.0000
beta m=1 occupations
   1.0000   1.0000
EDIIS step
Evaluated energy -513.0230128792 (change from lowest -4.033115e+01)
Density matrix difference 5.693548e-01 between lowest-energy and newest entry


Iteration 2: 2 Fock evaluations energy -513.0230128792 change -4.033115e+01 DIIS error vector rms norm 3.451415e-01
History size 2
alpha m=-1 occupations
   1.0000   1.0000
alpha m=0 occupations
   1.0000   1.0000   1.0000   1.0000   1.0000   1.0000
alpha m=1 occupations
   1.0000   1.0000
beta m=-1 occupations
   1.0000
beta m=0 occupations
   1.0000   1.0000   1.0000   1.0000   1.0000
beta m=1 occupations
   1.0000   1.0000
EDIIS step
Evaluated energy -525.6055253488 (change from lowest -1.258251e+01)
Density matrix difference 4.460386e-01 between lowest-energy and newest entry


Iteration 3: 3 Fock evaluations energy -525.6055253488 change -1.258251e+01 DIIS error vector rms norm 6.706528e-02
History size 3
alpha m=-1 occupations
   1.0000   1.0000
alpha m=0 occupations
   1.0000   1.0000   1.0000   1.0000   1.0000   1.0000
alpha m=1 occupations
   1.0000   1.0000
beta m=-1 occupations
   1.0000
beta m=0 occupations
   1.0000   1.0000   1.0000   1.0000   1.0000
beta m=1 occupations
   1.0000   1.0000
EDIIS+DIIS step
Evaluated energy -526.2357805903 (change from lowest -6.302552e-01)
Density matrix difference 1.078601e-01 between lowest-energy and newest entry


Iteration 4: 4 Fock evaluations energy -526.2357805903 change -6.302552e-01 DIIS error vector rms norm 1.329736e-02
History size 4
alpha m=-1 occupations
   1.0000   1.0000
alpha m=0 occupations
   1.0000   1.0000   1.0000   1.0000   1.0000   1.0000
alpha m=1 occupations
   1.0000   1.0000
beta m=-1 occupations
   1.0000
beta m=0 occupations
   1.0000   1.0000   1.0000   1.0000   1.0000
beta m=1 occupations
   1.0000   1.0000
EDIIS+DIIS step
Evaluated energy -526.2592562833 (change from lowest -2.347569e-02)
Density matrix difference 1.941637e-02 between lowest-energy and newest entry


Iteration 5: 5 Fock evaluations energy -526.2592562833 change -2.347569e-02 DIIS error vector rms norm 5.361289e-04
History size 5
alpha m=-1 occupations
   1.0000   1.0000
alpha m=0 occupations
   1.0000   1.0000   1.0000   1.0000   1.0000   1.0000
alpha m=1 occupations
   1.0000   1.0000
beta m=-1 occupations
   1.0000
beta m=0 occupations
   1.0000   1.0000   1.0000   1.0000   1.0000
beta m=1 occupations
   1.0000   1.0000
EDIIS+DIIS step
Evaluated energy -526.2598264642 (change from lowest -5.701809e-04)
Density matrix difference 2.791152e-03 between lowest-energy and newest entry


Iteration 6: 6 Fock evaluations energy -526.2598264642 change -5.701809e-04 DIIS error vector rms norm 3.616214e-04
History size 6
alpha m=-1 occupations
   1.0000   1.0000
alpha m=0 occupations
   1.0000   1.0000   1.0000   1.0000   1.0000   1.0000
alpha m=1 occupations
   1.0000   1.0000
beta m=-1 occupations
   1.0000
beta m=0 occupations
   1.0000   1.0000   1.0000   1.0000   1.0000
beta m=1 occupations
   1.0000   1.0000
EDIIS+DIIS step
Evaluated energy -526.2604208131 (change from lowest -5.943489e-04)
Density matrix difference 1.907153e-03 between lowest-energy and newest entry


Iteration 7: 7 Fock evaluations energy -526.2604208131 change -5.943489e-04 DIIS error vector rms norm 3.553205e-04
History size 7
alpha m=-1 occupations
   1.0000   1.0000
alpha m=0 occupations
   1.0000   1.0000   1.0000   1.0000   1.0000   1.0000
alpha m=1 occupations
   1.0000   1.0000
beta m=-1 occupations
   1.0000
beta m=0 occupations
   1.0000   1.0000   1.0000   1.0000   1.0000
beta m=1 occupations
   1.0000   1.0000
EDIIS+DIIS step
Evaluated energy -526.2607577197 (change from lowest -3.369066e-04)
Density matrix difference 1.026910e-03 between lowest-energy and newest entry


Iteration 8: 8 Fock evaluations energy -526.2607577197 change -3.369066e-04 DIIS error vector rms norm 3.606251e-04
History size 8
alpha m=-1 occupations
   1.0000   1.0000
alpha m=0 occupations
   1.0000   1.0000   1.0000   1.0000   1.0000   1.0000
alpha m=1 occupations
   1.0000   1.0000
beta m=-1 occupations
   1.0000
beta m=0 occupations
   1.0000   1.0000   1.0000   1.0000   1.0000
beta m=1 occupations
   1.0000   1.0000
EDIIS+DIIS step
Evaluated energy -526.2607237881 (change from lowest 3.393163e-05)
Density matrix difference 1.015243e-04 between lowest-energy and newest entry


Iteration 9: 9 Fock evaluations energy -526.2607577197 change  0.000000e+00 DIIS error vector rms norm 3.606251e-04
History size 9
alpha m=-1 occupations
   1.0000   1.0000
alpha m=0 occupations
   1.0000   1.0000   1.0000   1.0000   1.0000   1.0000
alpha m=1 occupations
   1.0000   1.0000
beta m=-1 occupations
   1.0000
beta m=0 occupations
   1.0000   1.0000   1.0000   1.0000   1.0000
beta m=1 occupations
   1.0000   1.0000
EDIIS+DIIS step
Evaluated energy -526.2607246483 (change from lowest 3.307142e-05)
Density matrix difference 9.894619e-05 between lowest-energy and newest entry


Iteration 10: 10 Fock evaluations energy -526.2607577197 change  0.000000e+00 DIIS error vector rms norm 3.606251e-04
History size 10
alpha m=-1 occupations
   1.0000   1.0000
alpha m=0 occupations
   1.0000   1.0000   1.0000   1.0000   1.0000   1.0000
alpha m=1 occupations
   1.0000   1.0000
beta m=-1 occupations
   1.0000
beta m=0 occupations
   1.0000   1.0000   1.0000   1.0000   1.0000
beta m=1 occupations
   1.0000   1.0000
EDIIS+DIIS step
Evaluated energy -526.2607248674 (change from lowest 3.285226e-05)
Density matrix difference 9.828939e-05 between lowest-energy and newest entry


Iteration 11: 11 Fock evaluations energy -526.2607577197 change  0.000000e+00 DIIS error vector rms norm 3.606251e-04
History size 10
alpha m=-1 occupations
   1.0000   1.0000
alpha m=0 occupations
   1.0000   1.0000   1.0000   1.0000   1.0000   1.0000
alpha m=1 occupations
   1.0000   1.0000
beta m=-1 occupations
   1.0000
beta m=0 occupations
   1.0000   1.0000   1.0000   1.0000   1.0000
beta m=1 occupations
   1.0000   1.0000
EDIIS+DIIS step
Evaluated energy -526.2607249543 (change from lowest 3.276539e-05)
Density matrix difference 9.802905e-05 between lowest-energy and newest entry


Iteration 12: 12 Fock evaluations energy -526.2607577197 change  0.000000e+00 DIIS error vector rms norm 3.606251e-04
History size 10
alpha m=-1 occupations
   1.0000   1.0000
alpha m=0 occupations
   1.0000   1.0000   1.0000   1.0000   1.0000   1.0000
alpha m=1 occupations
   1.0000   1.0000
beta m=-1 occupations
   1.0000
beta m=0 occupations
   1.0000   1.0000   1.0000   1.0000   1.0000
beta m=1 occupations
   1.0000   1.0000
EDIIS+DIIS step
Evaluated energy -526.2607249971 (change from lowest 3.272255e-05)
Density matrix difference 9.790067e-05 between lowest-energy and newest entry


Iteration 13: 13 Fock evaluations energy -526.2607577197 change  0.000000e+00 DIIS error vector rms norm 3.606251e-04
History size 10
alpha m=-1 occupations
   1.0000   1.0000
alpha m=0 occupations
   1.0000   1.0000   1.0000   1.0000   1.0000   1.0000
alpha m=1 occupations
   1.0000   1.0000
beta m=-1 occupations
   1.0000
beta m=0 occupations
   1.0000   1.0000   1.0000   1.0000   1.0000
beta m=1 occupations
   1.0000   1.0000
Switching to optimal damping for next iterations
EDIIS+DIIS step
Evaluated energy -526.2607250213 (change from lowest 3.269842e-05)
Density matrix difference 9.782837e-05 between lowest-energy and newest entry


Iteration 14: 14 Fock evaluations energy -526.2607577197 change  0.000000e+00 DIIS error vector rms norm 3.606251e-04
History size 10
alpha m=-1 occupations
   1.0000   1.0000
alpha m=0 occupations
   1.0000   1.0000   1.0000   1.0000   1.0000   1.0000
alpha m=1 occupations
   1.0000   1.0000
beta m=-1 occupations
   1.0000
beta m=0 occupations
   1.0000   1.0000   1.0000   1.0000   1.0000
beta m=1 occupations
   1.0000   1.0000
Switching to optimal damping for next iterations
EDIIS+DIIS step
Evaluated energy -526.2608220751 (change from lowest -6.435541e-05)
Density matrix difference 2.887980e-04 between lowest-energy and newest entry


Iteration 15: 15 Fock evaluations energy -526.2608220751 change -6.435541e-05 DIIS error vector rms norm 3.618044e-04
History size 10
alpha m=-1 occupations
   1.0000   1.0000
alpha m=0 occupations
   1.0000   1.0000   1.0000   1.0000   1.0000   1.0000
alpha m=1 occupations
   1.0000   1.0000
beta m=-1 occupations
   1.0000
beta m=0 occupations
   1.0000   1.0000   1.0000   1.0000   1.0000
beta m=1 occupations
   1.0000   1.0000
EDIIS+DIIS step
Evaluated energy -526.2607649491 (change from lowest 5.712601e-05)
Density matrix difference 1.735916e-04 between lowest-energy and newest entry


Iteration 16: 16 Fock evaluations energy -526.2608220751 change  0.000000e+00 DIIS error vector rms norm 3.618044e-04
History size 10
alpha m=-1 occupations
   1.0000   1.0000
alpha m=0 occupations
   1.0000   1.0000   1.0000   1.0000   1.0000   1.0000
alpha m=1 occupations
   1.0000   1.0000
beta m=-1 occupations
   1.0000
beta m=0 occupations
   1.0000   1.0000   1.0000   1.0000   1.0000
beta m=1 occupations
   1.0000   1.0000
EDIIS+DIIS step
Evaluated energy -526.2610494091 (change from lowest -2.273340e-04)
Density matrix difference 8.513574e-04 between lowest-energy and newest entry


Iteration 17: 17 Fock evaluations energy -526.2610494091 change -2.273340e-04 DIIS error vector rms norm 3.656180e-04
History size 10
alpha m=-1 occupations
   1.0000   1.0000
alpha m=0 occupations
   1.0000   1.0000   1.0000   1.0000   1.0000   1.0000
alpha m=1 occupations
   1.0000   1.0000
beta m=-1 occupations
   1.0000
beta m=0 occupations
   1.0000   1.0000   1.0000   1.0000   1.0000
beta m=1 occupations
   1.0000   1.0000
EDIIS+DIIS step
Evaluated energy -526.2611434351 (change from lowest -9.402599e-05)
Density matrix difference 2.760200e-04 between lowest-energy and newest entry


Iteration 18: 18 Fock evaluations energy -526.2611434351 change -9.402599e-05 DIIS error vector rms norm 3.672817e-04
History size 10
alpha m=-1 occupations
   1.0000   1.0000
alpha m=0 occupations
   1.0000   1.0000   1.0000   1.0000   1.0000   1.0000
alpha m=1 occupations
   1.0000   1.0000
beta m=-1 occupations
   1.0000
beta m=0 occupations
   1.0000   1.0000   1.0000   1.0000   1.0000
beta m=1 occupations
   1.0000   1.0000
EDIIS+DIIS step
Evaluated energy -526.2609263303 (change from lowest 2.171048e-04)
Density matrix difference 6.364123e-04 between lowest-energy and newest entry


Iteration 19: 19 Fock evaluations energy -526.2611434351 change  0.000000e+00 DIIS error vector rms norm 3.672817e-04
History size 10
alpha m=-1 occupations
   1.0000   1.0000
alpha m=0 occupations
   1.0000   1.0000   1.0000   1.0000   1.0000   1.0000
alpha m=1 occupations
   1.0000   1.0000
beta m=-1 occupations
   1.0000
beta m=0 occupations
   1.0000   1.0000   1.0000   1.0000   1.0000
beta m=1 occupations
   1.0000   1.0000
EDIIS+DIIS step
Evaluated energy -526.2609509755 (change from lowest 1.924596e-04)
Density matrix difference 5.639316e-04 between lowest-energy and newest entry


Iteration 20: 20 Fock evaluations energy -526.2611434351 change  0.000000e+00 DIIS error vector rms norm 3.672817e-04
History size 10
alpha m=-1 occupations
   1.0000   1.0000
alpha m=0 occupations
   1.0000   1.0000   1.0000   1.0000   1.0000   1.0000
alpha m=1 occupations
   1.0000   1.0000
beta m=-1 occupations
   1.0000
beta m=0 occupations
   1.0000   1.0000   1.0000   1.0000   1.0000
beta m=1 occupations
   1.0000   1.0000
EDIIS+DIIS step
Evaluated energy -526.2609830218 (change from lowest 1.604133e-04)
Density matrix difference 4.698132e-04 between lowest-energy and newest entry


Iteration 21: 21 Fock evaluations energy -526.2611434351 change  0.000000e+00 DIIS error vector rms norm 3.672817e-04
History size 10
alpha m=-1 occupations
   1.0000   1.0000
alpha m=0 occupations
   1.0000   1.0000   1.0000   1.0000   1.0000   1.0000
alpha m=1 occupations
   1.0000   1.0000
beta m=-1 occupations
   1.0000
beta m=0 occupations
   1.0000   1.0000   1.0000   1.0000   1.0000
beta m=1 occupations
   1.0000   1.0000
EDIIS+DIIS step
Evaluated energy -526.2610247743 (change from lowest 1.186609e-04)
Density matrix difference 3.474217e-04 between lowest-energy and newest entry


Iteration 22: 22 Fock evaluations energy -526.2611434351 change  0.000000e+00 DIIS error vector rms norm 3.672817e-04
History size 10
alpha m=-1 occupations
   1.0000   1.0000
alpha m=0 occupations
   1.0000   1.0000   1.0000   1.0000   1.0000   1.0000
alpha m=1 occupations
   1.0000   1.0000
beta m=-1 occupations
   1.0000
beta m=0 occupations
   1.0000   1.0000   1.0000   1.0000   1.0000
beta m=1 occupations
   1.0000   1.0000
EDIIS+DIIS step
Evaluated energy -526.2610790170 (change from lowest 6.441810e-05)
Density matrix difference 1.888455e-04 between lowest-energy and newest entry


Iteration 23: 23 Fock evaluations energy -526.2611434351 change  0.000000e+00 DIIS error vector rms norm 3.672817e-04
History size 10
alpha m=-1 occupations
   1.0000   1.0000
alpha m=0 occupations
   1.0000   1.0000   1.0000   1.0000   1.0000   1.0000
alpha m=1 occupations
   1.0000   1.0000
beta m=-1 occupations
   1.0000
beta m=0 occupations
   1.0000   1.0000   1.0000   1.0000   1.0000
beta m=1 occupations
   1.0000   1.0000
Switching to optimal damping for next iterations
EDIIS+DIIS step
Evaluated energy -526.2611496648 (change from lowest -6.229708e-06)
Density matrix difference 2.059318e-04 between lowest-energy and newest entry


Iteration 24: 24 Fock evaluations energy -526.2611496648 change -6.229708e-06 DIIS error vector rms norm 3.674461e-04
History size 10
alpha m=-1 occupations
   1.0000   1.0000
alpha m=0 occupations
   1.0000   1.0000   1.0000   1.0000   1.0000   1.0000
alpha m=1 occupations
   1.0000   1.0000
beta m=-1 occupations
   1.0000
beta m=0 occupations
   1.0000   1.0000   1.0000   1.0000   1.0000
beta m=1 occupations
   1.0000   1.0000
EDIIS+DIIS step
Evaluated energy -526.2612426954 (change from lowest -9.303059e-05)
Density matrix difference 2.700307e-04 between lowest-energy and newest entry


Iteration 25: 25 Fock evaluations energy -526.2612426954 change -9.303059e-05 DIIS error vector rms norm 3.691379e-04
History size 10
alpha m=-1 occupations
   1.0000   1.0000
alpha m=0 occupations
   1.0000   1.0000   1.0000   1.0000   1.0000   1.0000
alpha m=1 occupations
   1.0000   1.0000
beta m=-1 occupations
   1.0000
beta m=0 occupations
   1.0000   1.0000   1.0000   1.0000   1.0000
beta m=1 occupations
   1.0000   1.0000
EDIIS+DIIS step
Evaluated energy -526.2612306789 (change from lowest 1.201657e-05)
Density matrix difference 3.620569e-05 between lowest-energy and newest entry


Iteration 26: 26 Fock evaluations energy -526.2612426954 change  0.000000e+00 DIIS error vector rms norm 3.691379e-04
History size 10
alpha m=-1 occupations
   1.0000   1.0000
alpha m=0 occupations
   1.0000   1.0000   1.0000   1.0000   1.0000   1.0000
alpha m=1 occupations
   1.0000   1.0000
beta m=-1 occupations
   1.0000
beta m=0 occupations
   1.0000   1.0000   1.0000   1.0000   1.0000
beta m=1 occupations
   1.0000   1.0000
EDIIS+DIIS step
Evaluated energy -526.2613924797 (change from lowest -1.497843e-04)
Density matrix difference 4.688076e-04 between lowest-energy and newest entry


Iteration 27: 27 Fock evaluations energy -526.2613924797 change -1.497843e-04 DIIS error vector rms norm 3.716454e-04
History size 10
alpha m=-1 occupations
   1.0000   1.0000
alpha m=0 occupations
   1.0000   1.0000   1.0000   1.0000   1.0000   1.0000
alpha m=1 occupations
   1.0000   1.0000
beta m=-1 occupations
   1.0000
beta m=0 occupations
   1.0000   1.0000   1.0000   1.0000   1.0000
beta m=1 occupations
   1.0000   1.0000
EDIIS+DIIS step
Evaluated energy -526.2612310869 (change from lowest 1.613929e-04)
Density matrix difference 4.670219e-04 between lowest-energy and newest entry


Iteration 28: 28 Fock evaluations energy -526.2613924797 change  0.000000e+00 DIIS error vector rms norm 3.716454e-04
History size 10
alpha m=-1 occupations
   1.0000   1.0000
alpha m=0 occupations
   1.0000   1.0000   1.0000   1.0000   1.0000   1.0000
alpha m=1 occupations
   1.0000   1.0000
beta m=-1 occupations
   1.0000
beta m=0 occupations
   1.0000   1.0000   1.0000   1.0000   1.0000
beta m=1 occupations
   1.0000   1.0000
EDIIS+DIIS step
Evaluated energy -526.2612149645 (change from lowest 1.775152e-04)
Density matrix difference 5.139893e-04 between lowest-energy and newest entry


Iteration 29: 29 Fock evaluations energy -526.2613924797 change  0.000000e+00 DIIS error vector rms norm 3.716454e-04
History size 10
alpha m=-1 occupations
   1.0000   1.0000
alpha m=0 occupations
   1.0000   1.0000   1.0000   1.0000   1.0000   1.0000
alpha m=1 occupations
   1.0000   1.0000
beta m=-1 occupations
   1.0000
beta m=0 occupations
   1.0000   1.0000   1.0000   1.0000   1.0000
beta m=1 occupations
   1.0000   1.0000
EDIIS+DIIS step
Evaluated energy -526.2613359884 (change from lowest 5.649133e-05)
Density matrix difference 1.635800e-04 between lowest-energy and newest entry


Iteration 30: 30 Fock evaluations energy -526.2613924797 change  0.000000e+00 DIIS error vector rms norm 3.716454e-04
History size 10
alpha m=-1 occupations
   1.0000   1.0000
alpha m=0 occupations
   1.0000   1.0000   1.0000   1.0000   1.0000   1.0000
alpha m=1 occupations
   1.0000   1.0000
beta m=-1 occupations
   1.0000
beta m=0 occupations
   1.0000   1.0000   1.0000   1.0000   1.0000
beta m=1 occupations
   1.0000   1.0000
EDIIS+DIIS step
Evaluated energy -526.2614253593 (change from lowest -3.287955e-05)
Density matrix difference 2.574289e-04 between lowest-energy and newest entry


Iteration 31: 31 Fock evaluations energy -526.2614253593 change -3.287955e-05 DIIS error vector rms norm 3.723093e-04
History size 10
alpha m=-1 occupations
   1.0000   1.0000
alpha m=0 occupations
   1.0000   1.0000   1.0000   1.0000   1.0000   1.0000
alpha m=1 occupations
   1.0000   1.0000
beta m=-1 occupations
   1.0000
beta m=0 occupations
   1.0000   1.0000   1.0000   1.0000   1.0000
beta m=1 occupations
   1.0000   1.0000
EDIIS+DIIS step
Evaluated energy -526.2614856164 (change from lowest -6.025718e-05)
Density matrix difference 1.730535e-04 between lowest-energy and newest entry


Iteration 32: 32 Fock evaluations energy -526.2614856164 change -6.025718e-05 DIIS error vector rms norm 3.734051e-04
History size 10
alpha m=-1 occupations
   1.0000   1.0000
alpha m=0 occupations
   1.0000   1.0000   1.0000   1.0000   1.0000   1.0000
alpha m=1 occupations
   1.0000   1.0000
beta m=-1 occupations
   1.0000
beta m=0 occupations
   1.0000   1.0000   1.0000   1.0000   1.0000
beta m=1 occupations
   1.0000   1.0000
EDIIS+DIIS step
Evaluated energy -526.2615341251 (change from lowest -4.850869e-05)
Density matrix difference 1.391325e-04 between lowest-energy and newest entry


Iteration 33: 33 Fock evaluations energy -526.2615341251 change -4.850869e-05 DIIS error vector rms norm 3.742724e-04
History size 10
alpha m=-1 occupations
   1.0000   1.0000
alpha m=0 occupations
   1.0000   1.0000   1.0000   1.0000   1.0000   1.0000
alpha m=1 occupations
   1.0000   1.0000
beta m=-1 occupations
   1.0000
beta m=0 occupations
   1.0000   1.0000   1.0000   1.0000   1.0000
beta m=1 occupations
   1.0000   1.0000
EDIIS+DIIS step
Evaluated energy -526.2615688640 (change from lowest -3.473891e-05)
Density matrix difference 9.965698e-05 between lowest-energy and newest entry


Iteration 34: 34 Fock evaluations energy -526.2615688640 change -3.473891e-05 DIIS error vector rms norm 3.748813e-04
History size 10
alpha m=-1 occupations
   1.0000   1.0000
alpha m=0 occupations
   1.0000   1.0000   1.0000   1.0000   1.0000   1.0000
alpha m=1 occupations
   1.0000   1.0000
beta m=-1 occupations
   1.0000
beta m=0 occupations
   1.0000   1.0000   1.0000   1.0000   1.0000
beta m=1 occupations
   1.0000   1.0000
EDIIS+DIIS step
Evaluated energy -526.2615820092 (change from lowest -1.314518e-05)
Density matrix difference 3.799544e-05 between lowest-energy and newest entry


Iteration 35: 35 Fock evaluations energy -526.2615820092 change -1.314518e-05 DIIS error vector rms norm 3.750993e-04
History size 10
alpha m=-1 occupations
   1.0000   1.0000
alpha m=0 occupations
   1.0000   1.0000   1.0000   1.0000   1.0000   1.0000
alpha m=1 occupations
   1.0000   1.0000
beta m=-1 occupations
   1.0000
beta m=0 occupations
   1.0000   1.0000   1.0000   1.0000   1.0000
beta m=1 occupations
   1.0000   1.0000
EDIIS+DIIS step
Evaluated energy -526.2615672501 (change from lowest 1.475914e-05)
Density matrix difference 4.183845e-05 between lowest-energy and newest entry


Iteration 36: 36 Fock evaluations energy -526.2615820092 change  0.000000e+00 DIIS error vector rms norm 3.750993e-04
History size 10
alpha m=-1 occupations
   1.0000   1.0000
alpha m=0 occupations
   1.0000   1.0000   1.0000   1.0000   1.0000   1.0000
alpha m=1 occupations
   1.0000   1.0000
beta m=-1 occupations
   1.0000
beta m=0 occupations
   1.0000   1.0000   1.0000   1.0000   1.0000
beta m=1 occupations
   1.0000   1.0000
EDIIS+DIIS step
Evaluated energy -526.2616281776 (change from lowest -4.616833e-05)
Density matrix difference 1.741543e-04 between lowest-energy and newest entry


Iteration 37: 37 Fock evaluations energy -526.2616281776 change -4.616833e-05 DIIS error vector rms norm 3.758831e-04
History size 10
alpha m=-1 occupations
   1.0000   1.0000
alpha m=0 occupations
   1.0000   1.0000   1.0000   1.0000   1.0000   1.0000
alpha m=1 occupations
   1.0000   1.0000
beta m=-1 occupations
   1.0000
beta m=0 occupations
   1.0000   1.0000   1.0000   1.0000   1.0000
beta m=1 occupations
   1.0000   1.0000
EDIIS+DIIS step
Evaluated energy -526.2615811538 (change from lowest 4.702373e-05)
Density matrix difference 1.340927e-04 between lowest-energy and newest entry


Iteration 38: 38 Fock evaluations energy -526.2616281776 change  0.000000e+00 DIIS error vector rms norm 3.758831e-04
History size 10
alpha m=-1 occupations
   1.0000   1.0000
alpha m=0 occupations
   1.0000   1.0000   1.0000   1.0000   1.0000   1.0000
alpha m=1 occupations
   1.0000   1.0000
beta m=-1 occupations
   1.0000
beta m=0 occupations
   1.0000   1.0000   1.0000   1.0000   1.0000
beta m=1 occupations
   1.0000   1.0000
EDIIS+DIIS step
Evaluated energy -526.2617345545 (change from lowest -1.063769e-04)
Density matrix difference 4.362297e-04 between lowest-energy and newest entry


Iteration 39: 39 Fock evaluations energy -526.2617345545 change -1.063769e-04 DIIS error vector rms norm 3.777759e-04
History size 10
alpha m=-1 occupations
   1.0000   1.0000
alpha m=0 occupations
   1.0000   1.0000   1.0000   1.0000   1.0000   1.0000
alpha m=1 occupations
   1.0000   1.0000
beta m=-1 occupations
   1.0000
beta m=0 occupations
   1.0000   1.0000   1.0000   1.0000   1.0000
beta m=1 occupations
   1.0000   1.0000
EDIIS+DIIS step
Evaluated energy -526.2619099431 (change from lowest -1.753886e-04)
Density matrix difference 4.948815e-04 between lowest-energy and newest entry


Iteration 40: 40 Fock evaluations energy -526.2619099431 change -1.753886e-04 DIIS error vector rms norm 3.808308e-04
History size 10
alpha m=-1 occupations
   1.0000   1.0000
alpha m=0 occupations
   1.0000   1.0000   1.0000   1.0000   1.0000   1.0000
alpha m=1 occupations
   1.0000   1.0000
beta m=-1 occupations
   1.0000
beta m=0 occupations
   1.0000   1.0000   1.0000   1.0000   1.0000
beta m=1 occupations
   1.0000   1.0000
EDIIS+DIIS step
Evaluated energy -526.2618483769 (change from lowest 6.156615e-05)
Density matrix difference 1.743484e-04 between lowest-energy and newest entry


Iteration 41: 41 Fock evaluations energy -526.2619099431 change  0.000000e+00 DIIS error vector rms norm 3.808308e-04
History size 10
alpha m=-1 occupations
   1.0000   1.0000
alpha m=0 occupations
   1.0000   1.0000   1.0000   1.0000   1.0000   1.0000
alpha m=1 occupations
   1.0000   1.0000
beta m=-1 occupations
   1.0000
beta m=0 occupations
   1.0000   1.0000   1.0000   1.0000   1.0000
beta m=1 occupations
   1.0000   1.0000
EDIIS+DIIS step
Evaluated energy -526.2618654537 (change from lowest 4.448938e-05)
Density matrix difference 1.265918e-04 between lowest-energy and newest entry


Iteration 42: 42 Fock evaluations energy -526.2619099431 change  0.000000e+00 DIIS error vector rms norm 3.808308e-04
History size 10
alpha m=-1 occupations
   1.0000   1.0000
alpha m=0 occupations
   1.0000   1.0000   1.0000   1.0000   1.0000   1.0000
alpha m=1 occupations
   1.0000   1.0000
beta m=-1 occupations
   1.0000
beta m=0 occupations
   1.0000   1.0000   1.0000   1.0000   1.0000
beta m=1 occupations
   1.0000   1.0000
EDIIS+DIIS step
Evaluated energy -526.2618818957 (change from lowest 2.804735e-05)
Density matrix difference 8.059076e-05 between lowest-energy and newest entry


Iteration 43: 43 Fock evaluations energy -526.2619099431 change  0.000000e+00 DIIS error vector rms norm 3.808308e-04
History size 10
alpha m=-1 occupations
   1.0000   1.0000
alpha m=0 occupations
   1.0000   1.0000   1.0000   1.0000   1.0000   1.0000
alpha m=1 occupations
   1.0000   1.0000
beta m=-1 occupations
   1.0000
beta m=0 occupations
   1.0000   1.0000   1.0000   1.0000   1.0000
beta m=1 occupations
   1.0000   1.0000
EDIIS+DIIS step
Evaluated energy -526.2619025800 (change from lowest 7.363075e-06)
Density matrix difference 2.283056e-05 between lowest-energy and newest entry


Iteration 44: 44 Fock evaluations energy -526.2619099431 change  0.000000e+00 DIIS error vector rms norm 3.808308e-04
History size 10
alpha m=-1 occupations
   1.0000   1.0000
alpha m=0 occupations
   1.0000   1.0000   1.0000   1.0000   1.0000   1.0000
alpha m=1 occupations
   1.0000   1.0000
beta m=-1 occupations
   1.0000
beta m=0 occupations
   1.0000   1.0000   1.0000   1.0000   1.0000
beta m=1 occupations
   1.0000   1.0000
EDIIS+DIIS step
Evaluated energy -526.2619321502 (change from lowest -2.220712e-05)
Density matrix difference 8.320481e-05 between lowest-energy and newest entry


Iteration 45: 45 Fock evaluations energy -526.2619321502 change -2.220712e-05 DIIS error vector rms norm 3.812039e-04
History size 10
alpha m=-1 occupations
   1.0000   1.0000
alpha m=0 occupations
   1.0000   1.0000   1.0000   1.0000   1.0000   1.0000
alpha m=1 occupations
   1.0000   1.0000
beta m=-1 occupations
   1.0000
beta m=0 occupations
   1.0000   1.0000   1.0000   1.0000   1.0000
beta m=1 occupations
   1.0000   1.0000
EDIIS+DIIS step
Evaluated energy -526.2619845590 (change from lowest -5.240880e-05)
Density matrix difference 1.473005e-04 between lowest-energy and newest entry


Iteration 46: 46 Fock evaluations energy -526.2619845590 change -5.240880e-05 DIIS error vector rms norm 3.820823e-04
History size 10
alpha m=-1 occupations
   1.0000   1.0000
alpha m=0 occupations
   1.0000   1.0000   1.0000   1.0000   1.0000   1.0000
alpha m=1 occupations
   1.0000   1.0000
beta m=-1 occupations
   1.0000
beta m=0 occupations
   1.0000   1.0000   1.0000   1.0000   1.0000
beta m=1 occupations
   1.0000   1.0000
EDIIS+DIIS step
Evaluated energy -526.2620876770 (change from lowest -1.031181e-04)
Density matrix difference 2.888954e-04 between lowest-energy and newest entry


Iteration 47: 47 Fock evaluations energy -526.2620876770 change -1.031181e-04 DIIS error vector rms norm 3.838035e-04
History size 10
alpha m=-1 occupations
   1.0000   1.0000
alpha m=0 occupations
   1.0000   1.0000   1.0000   1.0000   1.0000   1.0000
alpha m=1 occupations
   1.0000   1.0000
beta m=-1 occupations
   1.0000
beta m=0 occupations
   1.0000   1.0000   1.0000   1.0000   1.0000
beta m=1 occupations
   1.0000   1.0000
EDIIS+DIIS step
Evaluated energy -526.2621245021 (change from lowest -3.682508e-05)
Density matrix difference 1.028531e-04 between lowest-energy and newest entry


Iteration 48: 48 Fock evaluations energy -526.2621245021 change -3.682508e-05 DIIS error vector rms norm 3.844257e-04
History size 10
alpha m=-1 occupations
   1.0000   1.0000
alpha m=0 occupations
   1.0000   1.0000   1.0000   1.0000   1.0000   1.0000
alpha m=1 occupations
   1.0000   1.0000
beta m=-1 occupations
   1.0000
beta m=0 occupations
   1.0000   1.0000   1.0000   1.0000   1.0000
beta m=1 occupations
   1.0000   1.0000
EDIIS+DIIS step
Evaluated energy -526.2623102601 (change from lowest -1.857580e-04)
Density matrix difference 5.166578e-04 between lowest-energy and newest entry


Iteration 49: 49 Fock evaluations energy -526.2623102601 change -1.857580e-04 DIIS error vector rms norm 3.874644e-04
History size 10
alpha m=-1 occupations
   1.0000   1.0000
alpha m=0 occupations
   1.0000   1.0000   1.0000   1.0000   1.0000   1.0000
alpha m=1 occupations
   1.0000   1.0000
beta m=-1 occupations
   1.0000
beta m=0 occupations
   1.0000   1.0000   1.0000   1.0000   1.0000
beta m=1 occupations
   1.0000   1.0000
EDIIS+DIIS step
Evaluated energy -526.2622171346 (change from lowest 9.312547e-05)
Density matrix difference 2.592879e-04 between lowest-energy and newest entry


Iteration 50: 50 Fock evaluations energy -526.2623102601 change  0.000000e+00 DIIS error vector rms norm 3.874644e-04
History size 10
alpha m=-1 occupations
   1.0000   1.0000
alpha m=0 occupations
   1.0000   1.0000   1.0000   1.0000   1.0000   1.0000
alpha m=1 occupations
   1.0000   1.0000
beta m=-1 occupations
   1.0000
beta m=0 occupations
   1.0000   1.0000   1.0000   1.0000   1.0000
beta m=1 occupations
   1.0000   1.0000
EDIIS+DIIS step
Evaluated energy -526.2621636731 (change from lowest 1.465870e-04)
Density matrix difference 4.083461e-04 between lowest-energy and newest entry


Iteration 51: 51 Fock evaluations energy -526.2623102601 change  0.000000e+00 DIIS error vector rms norm 3.874644e-04
History size 10
alpha m=-1 occupations
   1.0000   1.0000
alpha m=0 occupations
   1.0000   1.0000   1.0000   1.0000   1.0000   1.0000
alpha m=1 occupations
   1.0000   1.0000
beta m=-1 occupations
   1.0000
beta m=0 occupations
   1.0000   1.0000   1.0000   1.0000   1.0000
beta m=1 occupations
   1.0000   1.0000
EDIIS+DIIS step
Evaluated energy -526.2622273996 (change from lowest 8.286052e-05)
Density matrix difference 2.306896e-04 between lowest-energy and newest entry


Iteration 52: 52 Fock evaluations energy -526.2623102601 change  0.000000e+00 DIIS error vector rms norm 3.874644e-04
History size 10
alpha m=-1 occupations
   1.0000   1.0000
alpha m=0 occupations
   1.0000   1.0000   1.0000   1.0000   1.0000   1.0000
alpha m=1 occupations
   1.0000   1.0000
beta m=-1 occupations
   1.0000
beta m=0 occupations
   1.0000   1.0000   1.0000   1.0000   1.0000
beta m=1 occupations
   1.0000   1.0000
EDIIS+DIIS step
Evaluated energy -526.2622922188 (change from lowest 1.804129e-05)
Density matrix difference 5.057158e-05 between lowest-energy and newest entry


Iteration 53: 53 Fock evaluations energy -526.2623102601 change  0.000000e+00 DIIS error vector rms norm 3.874644e-04
History size 10
alpha m=-1 occupations
   1.0000   1.0000
alpha m=0 occupations
   1.0000   1.0000   1.0000   1.0000   1.0000   1.0000
alpha m=1 occupations
   1.0000   1.0000
beta m=-1 occupations
   1.0000
beta m=0 occupations
   1.0000   1.0000   1.0000   1.0000   1.0000
beta m=1 occupations
   1.0000   1.0000
EDIIS+DIIS step
Evaluated energy -526.2623644839 (change from lowest -5.422375e-05)
Density matrix difference 2.003604e-04 between lowest-energy and newest entry


Iteration 54: 54 Fock evaluations energy -526.2623644839 change -5.422375e-05 DIIS error vector rms norm 3.883550e-04
History size 10
alpha m=-1 occupations
   1.0000   1.0000
alpha m=0 occupations
   1.0000   1.0000   1.0000   1.0000   1.0000   1.0000
alpha m=1 occupations
   1.0000   1.0000
beta m=-1 occupations
   1.0000
beta m=0 occupations
   1.0000   1.0000   1.0000   1.0000   1.0000
beta m=1 occupations
   1.0000   1.0000
EDIIS+DIIS step
Evaluated energy -526.2624432908 (change from lowest -7.880692e-05)
Density matrix difference 2.178251e-04 between lowest-energy and newest entry


Iteration 55: 55 Fock evaluations energy -526.2624432908 change -7.880692e-05 DIIS error vector rms norm 3.895971e-04
History size 10
alpha m=-1 occupations
   1.0000   1.0000
alpha m=0 occupations
   1.0000   1.0000   1.0000   1.0000   1.0000   1.0000
alpha m=1 occupations
   1.0000   1.0000
beta m=-1 occupations
   1.0000
beta m=0 occupations
   1.0000   1.0000   1.0000   1.0000   1.0000
beta m=1 occupations
   1.0000   1.0000
EDIIS+DIIS step
Evaluated energy -526.2625217766 (change from lowest -7.848580e-05)
Density matrix difference 2.162459e-04 between lowest-energy and newest entry


Iteration 56: 56 Fock evaluations energy -526.2625217766 change -7.848580e-05 DIIS error vector rms norm 3.908272e-04
History size 10
alpha m=-1 occupations
   1.0000   1.0000
alpha m=0 occupations
   1.0000   1.0000   1.0000   1.0000   1.0000   1.0000
alpha m=1 occupations
   1.0000   1.0000
beta m=-1 occupations
   1.0000
beta m=0 occupations
   1.0000   1.0000   1.0000   1.0000   1.0000
beta m=1 occupations
   1.0000   1.0000
EDIIS+DIIS step
Evaluated energy -526.2625767097 (change from lowest -5.493315e-05)
Density matrix difference 1.509149e-04 between lowest-energy and newest entry


Iteration 57: 57 Fock evaluations energy -526.2625767097 change -5.493315e-05 DIIS error vector rms norm 3.916901e-04
History size 10
alpha m=-1 occupations
   1.0000   1.0000
alpha m=0 occupations
   1.0000   1.0000   1.0000   1.0000   1.0000   1.0000
alpha m=1 occupations
   1.0000   1.0000
beta m=-1 occupations
   1.0000
beta m=0 occupations
   1.0000   1.0000   1.0000   1.0000   1.0000
beta m=1 occupations
   1.0000   1.0000
EDIIS+DIIS step
Evaluated energy -526.2625684126 (change from lowest 8.297141e-06)
Density matrix difference 2.315453e-05 between lowest-energy and newest entry


Iteration 58: 58 Fock evaluations energy -526.2625767097 change  0.000000e+00 DIIS error vector rms norm 3.916901e-04
History size 10
alpha m=-1 occupations
   1.0000   1.0000
alpha m=0 occupations
   1.0000   1.0000   1.0000   1.0000   1.0000   1.0000
alpha m=1 occupations
   1.0000   1.0000
beta m=-1 occupations
   1.0000
beta m=0 occupations
   1.0000   1.0000   1.0000   1.0000   1.0000
beta m=1 occupations
   1.0000   1.0000
EDIIS+DIIS step
Evaluated energy -526.2626168276 (change from lowest -4.011786e-05)
Density matrix difference 1.330117e-04 between lowest-energy and newest entry


Iteration 59: 59 Fock evaluations energy -526.2626168276 change -4.011786e-05 DIIS error vector rms norm 3.923198e-04
History size 10
alpha m=-1 occupations
   1.0000   1.0000
alpha m=0 occupations
   1.0000   1.0000   1.0000   1.0000   1.0000   1.0000
alpha m=1 occupations
   1.0000   1.0000
beta m=-1 occupations
   1.0000
beta m=0 occupations
   1.0000   1.0000   1.0000   1.0000   1.0000
beta m=1 occupations
   1.0000   1.0000
EDIIS+DIIS step
Evaluated energy -526.2625512432 (change from lowest 6.558438e-05)
Density matrix difference 1.805081e-04 between lowest-energy and newest entry


Iteration 60: 60 Fock evaluations energy -526.2626168276 change  0.000000e+00 DIIS error vector rms norm 3.923198e-04
History size 10
alpha m=-1 occupations
   1.0000   1.0000
alpha m=0 occupations
   1.0000   1.0000   1.0000   1.0000   1.0000   1.0000
alpha m=1 occupations
   1.0000   1.0000
beta m=-1 occupations
   1.0000
beta m=0 occupations
   1.0000   1.0000   1.0000   1.0000   1.0000
beta m=1 occupations
   1.0000   1.0000
EDIIS+DIIS step
Evaluated energy -526.2626255009 (change from lowest -8.673322e-06)
Density matrix difference 2.042337e-04 between lowest-energy and newest entry


Iteration 61: 61 Fock evaluations energy -526.2626255009 change -8.673322e-06 DIIS error vector rms norm 3.924511e-04
History size 10
alpha m=-1 occupations
   1.0000   1.0000
alpha m=0 occupations
   1.0000   1.0000   1.0000   1.0000   1.0000   1.0000
alpha m=1 occupations
   1.0000   1.0000
beta m=-1 occupations
   1.0000
beta m=0 occupations
   1.0000   1.0000   1.0000   1.0000   1.0000
beta m=1 occupations
   1.0000   1.0000
EDIIS+DIIS step
Evaluated energy -526.2627893253 (change from lowest -1.638244e-04)
Density matrix difference 4.484892e-04 between lowest-energy and newest entry


Iteration 62: 62 Fock evaluations energy -526.2627893253 change -1.638244e-04 DIIS error vector rms norm 3.948764e-04
History size 10
alpha m=-1 occupations
   1.0000   1.0000
alpha m=0 occupations
   1.0000   1.0000   1.0000   1.0000   1.0000   1.0000
alpha m=1 occupations
   1.0000   1.0000
beta m=-1 occupations
   1.0000
beta m=0 occupations
   1.0000   1.0000   1.0000   1.0000   1.0000
beta m=1 occupations
   1.0000   1.0000
EDIIS+DIIS step
Evaluated energy -526.2628549754 (change from lowest -6.565007e-05)
Density matrix difference 1.787806e-04 between lowest-energy and newest entry


Iteration 63: 63 Fock evaluations energy -526.2628549754 change -6.565007e-05 DIIS error vector rms norm 3.958555e-04
History size 10
alpha m=-1 occupations
   1.0000   1.0000
alpha m=0 occupations
   1.0000   1.0000   1.0000   1.0000   1.0000   1.0000
alpha m=1 occupations
   1.0000   1.0000
beta m=-1 occupations
   1.0000
beta m=0 occupations
   1.0000   1.0000   1.0000   1.0000   1.0000
beta m=1 occupations
   1.0000   1.0000
EDIIS+DIIS step
Evaluated energy -526.2629005588 (change from lowest -4.558348e-05)
Density matrix difference 1.238563e-04 between lowest-energy and newest entry


Iteration 64: 64 Fock evaluations energy -526.2629005588 change -4.558348e-05 DIIS error vector rms norm 3.965384e-04
History size 10
alpha m=-1 occupations
   1.0000   1.0000
alpha m=0 occupations
   1.0000   1.0000   1.0000   1.0000   1.0000   1.0000
alpha m=1 occupations
   1.0000   1.0000
beta m=-1 occupations
   1.0000
beta m=0 occupations
   1.0000   1.0000   1.0000   1.0000   1.0000
beta m=1 occupations
   1.0000   1.0000
EDIIS+DIIS step
Evaluated energy -526.2629339959 (change from lowest -3.343708e-05)
Density matrix difference 9.075114e-05 between lowest-energy and newest entry


Iteration 65: 65 Fock evaluations energy -526.2629339959 change -3.343708e-05 DIIS error vector rms norm 3.970380e-04
History size 10
alpha m=-1 occupations
   1.0000   1.0000
alpha m=0 occupations
   1.0000   1.0000   1.0000   1.0000   1.0000   1.0000
alpha m=1 occupations
   1.0000   1.0000
beta m=-1 occupations
   1.0000
beta m=0 occupations
   1.0000   1.0000   1.0000   1.0000   1.0000
beta m=1 occupations
   1.0000   1.0000
EDIIS+DIIS step
Evaluated energy -526.2629533363 (change from lowest -1.934034e-05)
Density matrix difference 5.245709e-05 between lowest-energy and newest entry


Iteration 66: 66 Fock evaluations energy -526.2629533363 change -1.934034e-05 DIIS error vector rms norm 3.973275e-04
History size 10
alpha m=-1 occupations
   1.0000   1.0000
alpha m=0 occupations
   1.0000   1.0000   1.0000   1.0000   1.0000   1.0000
alpha m=1 occupations
   1.0000   1.0000
beta m=-1 occupations
   1.0000
beta m=0 occupations
   1.0000   1.0000   1.0000   1.0000   1.0000
beta m=1 occupations
   1.0000   1.0000
EDIIS+DIIS step
Evaluated energy -526.2629634477 (change from lowest -1.011143e-05)
Density matrix difference 2.743018e-05 between lowest-energy and newest entry


Iteration 67: 67 Fock evaluations energy -526.2629634477 change -1.011143e-05 DIIS error vector rms norm 3.974777e-04
History size 10
alpha m=-1 occupations
   1.0000   1.0000
alpha m=0 occupations
   1.0000   1.0000   1.0000   1.0000   1.0000   1.0000
alpha m=1 occupations
   1.0000   1.0000
beta m=-1 occupations
   1.0000
beta m=0 occupations
   1.0000   1.0000   1.0000   1.0000   1.0000
beta m=1 occupations
   1.0000   1.0000
EDIIS+DIIS step
Evaluated energy -526.2629829288 (change from lowest -1.948108e-05)
Density matrix difference 5.294178e-05 between lowest-energy and newest entry


Iteration 68: 68 Fock evaluations energy -526.2629829288 change -1.948108e-05 DIIS error vector rms norm 3.977517e-04
History size 10
alpha m=-1 occupations
   1.0000   1.0000
alpha m=0 occupations
   1.0000   1.0000   1.0000   1.0000   1.0000   1.0000
alpha m=1 occupations
   1.0000   1.0000
beta m=-1 occupations
   1.0000
beta m=0 occupations
   1.0000   1.0000   1.0000   1.0000   1.0000
beta m=1 occupations
   1.0000   1.0000
EDIIS+DIIS step
Evaluated energy -526.2630571206 (change from lowest -7.419178e-05)
Density matrix difference 2.013923e-04 between lowest-energy and newest entry


Iteration 69: 69 Fock evaluations energy -526.2630571206 change -7.419178e-05 DIIS error vector rms norm 3.987792e-04
History size 10
alpha m=-1 occupations
   1.0000   1.0000
alpha m=0 occupations
   1.0000   1.0000   1.0000   1.0000   1.0000   1.0000
alpha m=1 occupations
   1.0000   1.0000
beta m=-1 occupations
   1.0000
beta m=0 occupations
   1.0000   1.0000   1.0000   1.0000   1.0000
beta m=1 occupations
   1.0000   1.0000
EDIIS+DIIS step
Evaluated energy -526.2631076017 (change from lowest -5.048118e-05)
Density matrix difference 1.367541e-04 between lowest-energy and newest entry


Iteration 70: 70 Fock evaluations energy -526.2631076017 change -5.048118e-05 DIIS error vector rms norm 3.994748e-04
History size 10
alpha m=-1 occupations
   1.0000   1.0000
alpha m=0 occupations
   1.0000   1.0000   1.0000   1.0000   1.0000   1.0000
alpha m=1 occupations
   1.0000   1.0000
beta m=-1 occupations
   1.0000
beta m=0 occupations
   1.0000   1.0000   1.0000   1.0000   1.0000
beta m=1 occupations
   1.0000   1.0000
EDIIS+DIIS step
Evaluated energy -526.2632954246 (change from lowest -1.878229e-04)
Density matrix difference 5.068259e-04 between lowest-energy and newest entry


Iteration 71: 71 Fock evaluations energy -526.2632954246 change -1.878229e-04 DIIS error vector rms norm 4.020184e-04
History size 10
alpha m=-1 occupations
   1.0000   1.0000
alpha m=0 occupations
   1.0000   1.0000   1.0000   1.0000   1.0000   1.0000
alpha m=1 occupations
   1.0000   1.0000
beta m=-1 occupations
   1.0000
beta m=0 occupations
   1.0000   1.0000   1.0000   1.0000   1.0000
beta m=1 occupations
   1.0000   1.0000
EDIIS+DIIS step
Evaluated energy -526.2633609884 (change from lowest -6.556375e-05)
Density matrix difference 1.758945e-04 between lowest-energy and newest entry


Iteration 72: 72 Fock evaluations energy -526.2633609884 change -6.556375e-05 DIIS error vector rms norm 4.029310e-04
History size 10
alpha m=-1 occupations
   1.0000   1.0000
alpha m=0 occupations
   1.0000   1.0000   1.0000   1.0000   1.0000   1.0000
alpha m=1 occupations
   1.0000   1.0000
beta m=-1 occupations
   1.0000
beta m=0 occupations
   1.0000   1.0000   1.0000   1.0000   1.0000
beta m=1 occupations
   1.0000   1.0000
EDIIS+DIIS step
Evaluated energy -526.2633054098 (change from lowest 5.557858e-05)
Density matrix difference 1.500032e-04 between lowest-energy and newest entry


Iteration 73: 73 Fock evaluations energy -526.2633609884 change  0.000000e+00 DIIS error vector rms norm 4.029310e-04
History size 10
alpha m=-1 occupations
   1.0000   1.0000
alpha m=0 occupations
   1.0000   1.0000   1.0000   1.0000   1.0000   1.0000
alpha m=1 occupations
   1.0000   1.0000
beta m=-1 occupations
   1.0000
beta m=0 occupations
   1.0000   1.0000   1.0000   1.0000   1.0000
beta m=1 occupations
   1.0000   1.0000
EDIIS+DIIS step
Evaluated energy -526.2633268190 (change from lowest 3.416944e-05)
Density matrix difference 9.246873e-05 between lowest-energy and newest entry


Iteration 74: 74 Fock evaluations energy -526.2633609884 change  0.000000e+00 DIIS error vector rms norm 4.029310e-04
History size 10
alpha m=-1 occupations
   1.0000   1.0000
alpha m=0 occupations
   1.0000   1.0000   1.0000   1.0000   1.0000   1.0000
alpha m=1 occupations
   1.0000   1.0000
beta m=-1 occupations
   1.0000
beta m=0 occupations
   1.0000   1.0000   1.0000   1.0000   1.0000
beta m=1 occupations
   1.0000   1.0000
EDIIS+DIIS step
Evaluated energy -526.2633611045 (change from lowest -1.160569e-07)
Density matrix difference 9.222454e-05 between lowest-energy and newest entry


Iteration 75: 75 Fock evaluations energy -526.2633611045 change -1.160569e-07 DIIS error vector rms norm 4.029796e-04
History size 10
alpha m=-1 occupations
   1.0000   1.0000
alpha m=0 occupations
   1.0000   1.0000   1.0000   1.0000   1.0000   1.0000
alpha m=1 occupations
   1.0000   1.0000
beta m=-1 occupations
   1.0000
beta m=0 occupations
   1.0000   1.0000   1.0000   1.0000   1.0000
beta m=1 occupations
   1.0000   1.0000
EDIIS+DIIS step
Evaluated energy -526.2634081327 (change from lowest -4.702823e-05)
Density matrix difference 1.263981e-04 between lowest-energy and newest entry


Iteration 76: 76 Fock evaluations energy -526.2634081327 change -4.702823e-05 DIIS error vector rms norm 4.035851e-04
History size 10
alpha m=-1 occupations
   1.0000   1.0000
alpha m=0 occupations
   1.0000   1.0000   1.0000   1.0000   1.0000   1.0000
alpha m=1 occupations
   1.0000   1.0000
beta m=-1 occupations
   1.0000
beta m=0 occupations
   1.0000   1.0000   1.0000   1.0000   1.0000
beta m=1 occupations
   1.0000   1.0000
EDIIS+DIIS step
Evaluated energy -526.2634760859 (change from lowest -6.795326e-05)
Density matrix difference 1.823586e-04 between lowest-energy and newest entry


Iteration 77: 77 Fock evaluations energy -526.2634760859 change -6.795326e-05 DIIS error vector rms norm 4.044508e-04
History size 10
alpha m=-1 occupations
   1.0000   1.0000
alpha m=0 occupations
   1.0000   1.0000   1.0000   1.0000   1.0000   1.0000
alpha m=1 occupations
   1.0000   1.0000
beta m=-1 occupations
   1.0000
beta m=0 occupations
   1.0000   1.0000   1.0000   1.0000   1.0000
beta m=1 occupations
   1.0000   1.0000
EDIIS+DIIS step
Evaluated energy -526.2635716117 (change from lowest -9.552572e-05)
Density matrix difference 2.557473e-04 between lowest-energy and newest entry


Iteration 78: 78 Fock evaluations energy -526.2635716117 change -9.552572e-05 DIIS error vector rms norm 4.056548e-04
History size 10
alpha m=-1 occupations
   1.0000   1.0000
alpha m=0 occupations
   1.0000   1.0000   1.0000   1.0000   1.0000   1.0000
alpha m=1 occupations
   1.0000   1.0000
beta m=-1 occupations
   1.0000
beta m=0 occupations
   1.0000   1.0000   1.0000   1.0000   1.0000
beta m=1 occupations
   1.0000   1.0000
EDIIS+DIIS step
Evaluated energy -526.2636814858 (change from lowest -1.098741e-04)
Density matrix difference 2.932697e-04 between lowest-energy and newest entry


Iteration 79: 79 Fock evaluations energy -526.2636814858 change -1.098741e-04 DIIS error vector rms norm 4.070255e-04
History size 10
alpha m=-1 occupations
   1.0000   1.0000
alpha m=0 occupations
   1.0000   1.0000   1.0000   1.0000   1.0000   1.0000
alpha m=1 occupations
   1.0000   1.0000
beta m=-1 occupations
   1.0000
beta m=0 occupations
   1.0000   1.0000   1.0000   1.0000   1.0000
beta m=1 occupations
   1.0000   1.0000
EDIIS+DIIS step
Evaluated energy -526.2637366755 (change from lowest -5.518968e-05)
Density matrix difference 1.468448e-04 between lowest-energy and newest entry


Iteration 80: 80 Fock evaluations energy -526.2637366755 change -5.518968e-05 DIIS error vector rms norm 4.077239e-04
History size 10
alpha m=-1 occupations
   1.0000   1.0000
alpha m=0 occupations
   1.0000   1.0000   1.0000   1.0000   1.0000   1.0000
alpha m=1 occupations
   1.0000   1.0000
beta m=-1 occupations
   1.0000
beta m=0 occupations
   1.0000   1.0000   1.0000   1.0000   1.0000
beta m=1 occupations
   1.0000   1.0000
EDIIS+DIIS step
Evaluated energy -526.2638123482 (change from lowest -7.567267e-05)
Density matrix difference 2.011711e-04 between lowest-energy and newest entry


Iteration 81: 81 Fock evaluations energy -526.2638123482 change -7.567267e-05 DIIS error vector rms norm 4.086561e-04
History size 10
alpha m=-1 occupations
   1.0000   1.0000
alpha m=0 occupations
   1.0000   1.0000   1.0000   1.0000   1.0000   1.0000
alpha m=1 occupations
   1.0000   1.0000
beta m=-1 occupations
   1.0000
beta m=0 occupations
   1.0000   1.0000   1.0000   1.0000   1.0000
beta m=1 occupations
   1.0000   1.0000
EDIIS+DIIS step
Evaluated energy -526.2637500430 (change from lowest 6.230515e-05)
Density matrix difference 1.661468e-04 between lowest-energy and newest entry


Iteration 82: 82 Fock evaluations energy -526.2638123482 change  0.000000e+00 DIIS error vector rms norm 4.086561e-04
History size 10
alpha m=-1 occupations
   1.0000   1.0000
alpha m=0 occupations
   1.0000   1.0000   1.0000   1.0000   1.0000   1.0000
alpha m=1 occupations
   1.0000   1.0000
beta m=-1 occupations
   1.0000
beta m=0 occupations
   1.0000   1.0000   1.0000   1.0000   1.0000
beta m=1 occupations
   1.0000   1.0000
EDIIS+DIIS step
Evaluated energy -526.2637501803 (change from lowest 6.216782e-05)
Density matrix difference 1.658084e-04 between lowest-energy and newest entry


Iteration 83: 83 Fock evaluations energy -526.2638123482 change  0.000000e+00 DIIS error vector rms norm 4.086561e-04
History size 10
alpha m=-1 occupations
   1.0000   1.0000
alpha m=0 occupations
   1.0000   1.0000   1.0000   1.0000   1.0000   1.0000
alpha m=1 occupations
   1.0000   1.0000
beta m=-1 occupations
   1.0000
beta m=0 occupations
   1.0000   1.0000   1.0000   1.0000   1.0000
beta m=1 occupations
   1.0000   1.0000
EDIIS+DIIS step
Evaluated energy -526.2638456613 (change from lowest -3.331317e-05)
Density matrix difference 2.541659e-04 between lowest-energy and newest entry


Iteration 84: 84 Fock evaluations energy -526.2638456613 change -3.331317e-05 DIIS error vector rms norm 4.090671e-04
History size 10
alpha m=-1 occupations
   1.0000   1.0000
alpha m=0 occupations
   1.0000   1.0000   1.0000   1.0000   1.0000   1.0000
alpha m=1 occupations
   1.0000   1.0000
beta m=-1 occupations
   1.0000
beta m=0 occupations
   1.0000   1.0000   1.0000   1.0000   1.0000
beta m=1 occupations
   1.0000   1.0000
EDIIS+DIIS step
Evaluated energy -526.2639442901 (change from lowest -9.862874e-05)
Density matrix difference 2.618436e-04 between lowest-energy and newest entry


Iteration 85: 85 Fock evaluations energy -526.2639442901 change -9.862874e-05 DIIS error vector rms norm 4.102086e-04
History size 10
alpha m=-1 occupations
   1.0000   1.0000
alpha m=0 occupations
   1.0000   1.0000   1.0000   1.0000   1.0000   1.0000
alpha m=1 occupations
   1.0000   1.0000
beta m=-1 occupations
   1.0000
beta m=0 occupations
   1.0000   1.0000   1.0000   1.0000   1.0000
beta m=1 occupations
   1.0000   1.0000
EDIIS+DIIS step
Evaluated energy -526.2640389888 (change from lowest -9.469876e-05)
Density matrix difference 2.507573e-04 between lowest-energy and newest entry


Iteration 86: 86 Fock evaluations energy -526.2640389888 change -9.469876e-05 DIIS error vector rms norm 4.112942e-04
History size 10
alpha m=-1 occupations
   1.0000   1.0000
alpha m=0 occupations
   1.0000   1.0000   1.0000   1.0000   1.0000   1.0000
alpha m=1 occupations
   1.0000   1.0000
beta m=-1 occupations
   1.0000
beta m=0 occupations
   1.0000   1.0000   1.0000   1.0000   1.0000
beta m=1 occupations
   1.0000   1.0000
EDIIS+DIIS step
Evaluated energy -526.2641253926 (change from lowest -8.640377e-05)
Density matrix difference 2.282511e-04 between lowest-energy and newest entry


Iteration 87: 87 Fock evaluations energy -526.2641253926 change -8.640377e-05 DIIS error vector rms norm 4.122770e-04
History size 10
alpha m=-1 occupations
   1.0000   1.0000
alpha m=0 occupations
   1.0000   1.0000   1.0000   1.0000   1.0000   1.0000
alpha m=1 occupations
   1.0000   1.0000
beta m=-1 occupations
   1.0000
beta m=0 occupations
   1.0000   1.0000   1.0000   1.0000   1.0000
beta m=1 occupations
   1.0000   1.0000
EDIIS+DIIS step
Evaluated energy -526.2641905813 (change from lowest -6.518870e-05)
Density matrix difference 1.718584e-04 between lowest-energy and newest entry


Iteration 88: 88 Fock evaluations energy -526.2641905813 change -6.518870e-05 DIIS error vector rms norm 4.130173e-04
History size 10
alpha m=-1 occupations
   1.0000   1.0000
alpha m=0 occupations
   1.0000   1.0000   1.0000   1.0000   1.0000   1.0000
alpha m=1 occupations
   1.0000   1.0000
beta m=-1 occupations
   1.0000
beta m=0 occupations
   1.0000   1.0000   1.0000   1.0000   1.0000
beta m=1 occupations
   1.0000   1.0000
EDIIS+DIIS step
Evaluated energy -526.2642209716 (change from lowest -3.039029e-05)
Density matrix difference 7.997207e-05 between lowest-energy and newest entry


Iteration 89: 89 Fock evaluations energy -526.2642209716 change -3.039029e-05 DIIS error vector rms norm 4.133706e-04
History size 10
alpha m=-1 occupations
   1.0000   1.0000
alpha m=0 occupations
   1.0000   1.0000   1.0000   1.0000   1.0000   1.0000
alpha m=1 occupations
   1.0000   1.0000
beta m=-1 occupations
   1.0000
beta m=0 occupations
   1.0000   1.0000   1.0000   1.0000   1.0000
beta m=1 occupations
   1.0000   1.0000
EDIIS+DIIS step
Evaluated energy -526.2642253847 (change from lowest -4.413064e-06)
Density matrix difference 1.166451e-05 between lowest-energy and newest entry


Iteration 90: 90 Fock evaluations energy -526.2642253847 change -4.413064e-06 DIIS error vector rms norm 4.134332e-04
History size 10
alpha m=-1 occupations
   1.0000   1.0000
alpha m=0 occupations
   1.0000   1.0000   1.0000   1.0000   1.0000   1.0000
alpha m=1 occupations
   1.0000   1.0000
beta m=-1 occupations
   1.0000
beta m=0 occupations
   1.0000   1.0000   1.0000   1.0000   1.0000
beta m=1 occupations
   1.0000   1.0000
EDIIS+DIIS step
Evaluated energy -526.2642561325 (change from lowest -3.074786e-05)
Density matrix difference 8.105876e-05 between lowest-energy and newest entry


Iteration 91: 91 Fock evaluations energy -526.2642561325 change -3.074786e-05 DIIS error vector rms norm 4.137634e-04
History size 10
alpha m=-1 occupations
   1.0000   1.0000
alpha m=0 occupations
   1.0000   1.0000   1.0000   1.0000   1.0000   1.0000
alpha m=1 occupations
   1.0000   1.0000
beta m=-1 occupations
   1.0000
beta m=0 occupations
   1.0000   1.0000   1.0000   1.0000   1.0000
beta m=1 occupations
   1.0000   1.0000
EDIIS+DIIS step
Evaluated energy -526.2642748894 (change from lowest -1.875692e-05)
Density matrix difference 4.944050e-05 between lowest-energy and newest entry


Iteration 92: 92 Fock evaluations energy -526.2642748894 change -1.875692e-05 DIIS error vector rms norm 4.139615e-04
History size 10
alpha m=-1 occupations
   1.0000   1.0000
alpha m=0 occupations
   1.0000   1.0000   1.0000   1.0000   1.0000   1.0000
alpha m=1 occupations
   1.0000   1.0000
beta m=-1 occupations
   1.0000
beta m=0 occupations
   1.0000   1.0000   1.0000   1.0000   1.0000
beta m=1 occupations
   1.0000   1.0000
EDIIS+DIIS step
Evaluated energy -526.2643993301 (change from lowest -1.244407e-04)
Density matrix difference 3.275115e-04 between lowest-energy and newest entry


Iteration 93: 93 Fock evaluations energy -526.2643993301 change -1.244407e-04 DIIS error vector rms norm 4.152492e-04
History size 10
alpha m=-1 occupations
   1.0000   1.0000
alpha m=0 occupations
   1.0000   1.0000   1.0000   1.0000   1.0000   1.0000
alpha m=1 occupations
   1.0000   1.0000
beta m=-1 occupations
   1.0000
beta m=0 occupations
   1.0000   1.0000   1.0000   1.0000   1.0000
beta m=1 occupations
   1.0000   1.0000
EDIIS+DIIS step
Evaluated energy -526.2645548812 (change from lowest -1.555511e-04)
Density matrix difference 4.080319e-04 between lowest-energy and newest entry


Iteration 94: 94 Fock evaluations energy -526.2645548812 change -1.555511e-04 DIIS error vector rms norm 4.168321e-04
History size 10
alpha m=-1 occupations
   1.0000   1.0000
alpha m=0 occupations
   1.0000   1.0000   1.0000   1.0000   1.0000   1.0000
alpha m=1 occupations
   1.0000   1.0000
beta m=-1 occupations
   1.0000
beta m=0 occupations
   1.0000   1.0000   1.0000   1.0000   1.0000
beta m=1 occupations
   1.0000   1.0000
EDIIS+DIIS step
Evaluated energy -526.2646206696 (change from lowest -6.578836e-05)
Density matrix difference 1.719959e-04 between lowest-energy and newest entry


Iteration 95: 95 Fock evaluations energy -526.2646206696 change -6.578836e-05 DIIS error vector rms norm 4.175129e-04
History size 10
alpha m=-1 occupations
   1.0000   1.0000
alpha m=0 occupations
   1.0000   1.0000   1.0000   1.0000   1.0000   1.0000
alpha m=1 occupations
   1.0000   1.0000
beta m=-1 occupations
   1.0000
beta m=0 occupations
   1.0000   1.0000   1.0000   1.0000   1.0000
beta m=1 occupations
   1.0000   1.0000
EDIIS+DIIS step
Evaluated energy -526.2646584935 (change from lowest -3.782395e-05)
Density matrix difference 9.874512e-05 between lowest-energy and newest entry


Iteration 96: 96 Fock evaluations energy -526.2646584935 change -3.782395e-05 DIIS error vector rms norm 4.179090e-04
History size 10
alpha m=-1 occupations
   1.0000   1.0000
alpha m=0 occupations
   1.0000   1.0000   1.0000   1.0000   1.0000   1.0000
alpha m=1 occupations
   1.0000   1.0000
beta m=-1 occupations
   1.0000
beta m=0 occupations
   1.0000   1.0000   1.0000   1.0000   1.0000
beta m=1 occupations
   1.0000   1.0000
EDIIS+DIIS step
Evaluated energy -526.2646876125 (change from lowest -2.911894e-05)
Density matrix difference 7.602140e-05 between lowest-energy and newest entry


Iteration 97: 97 Fock evaluations energy -526.2646876125 change -2.911894e-05 DIIS error vector rms norm 4.182069e-04
History size 10
alpha m=-1 occupations
   1.0000   1.0000
alpha m=0 occupations
   1.0000   1.0000   1.0000   1.0000   1.0000   1.0000
alpha m=1 occupations
   1.0000   1.0000
beta m=-1 occupations
   1.0000
beta m=0 occupations
   1.0000   1.0000   1.0000   1.0000   1.0000
beta m=1 occupations
   1.0000   1.0000
EDIIS+DIIS step
Evaluated energy -526.2647132127 (change from lowest -2.560021e-05)
Density matrix difference 6.686364e-05 between lowest-energy and newest entry


Iteration 98: 98 Fock evaluations energy -526.2647132127 change -2.560021e-05 DIIS error vector rms norm 4.184595e-04
History size 10
alpha m=-1 occupations
   1.0000   1.0000
alpha m=0 occupations
   1.0000   1.0000   1.0000   1.0000   1.0000   1.0000
alpha m=1 occupations
   1.0000   1.0000
beta m=-1 occupations
   1.0000
beta m=0 occupations
   1.0000   1.0000   1.0000   1.0000   1.0000
beta m=1 occupations
   1.0000   1.0000
EDIIS+DIIS step
Evaluated energy -526.2647465400 (change from lowest -3.332732e-05)
Density matrix difference 8.708083e-05 between lowest-energy and newest entry


Iteration 99: 99 Fock evaluations energy -526.2647465400 change -3.332732e-05 DIIS error vector rms norm 4.187749e-04
History size 10
alpha m=-1 occupations
   1.0000   1.0000
alpha m=0 occupations
   1.0000   1.0000   1.0000   1.0000   1.0000   1.0000
alpha m=1 occupations
   1.0000   1.0000
beta m=-1 occupations
   1.0000
beta m=0 occupations
   1.0000   1.0000   1.0000   1.0000   1.0000
beta m=1 occupations
   1.0000   1.0000
EDIIS+DIIS step
Evaluated energy -526.2648058201 (change from lowest -5.928009e-05)
Density matrix difference 1.548231e-04 between lowest-energy and newest entry


Iteration 100: 100 Fock evaluations energy -526.2648058201 change -5.928009e-05 DIIS error vector rms norm 4.193217e-04
History size 10
alpha m=-1 occupations
   1.0000   1.0000
alpha m=0 occupations
   1.0000   1.0000   1.0000   1.0000   1.0000   1.0000
alpha m=1 occupations
   1.0000   1.0000
beta m=-1 occupations
   1.0000
beta m=0 occupations
   1.0000   1.0000   1.0000   1.0000   1.0000
beta m=1 occupations
   1.0000   1.0000
EDIIS+DIIS step
Evaluated energy -526.2649060578 (change from lowest -1.002377e-04)
Density matrix difference 2.614090e-04 between lowest-energy and newest entry

Running program took 2.18 s.
