ERKALE - HF/DFT from Hel, OpenMP version, running on 8 cores.
(c) Susi Lehtola, 2010-2016.

This program is free software; you can redistribute it and/or modify
it under the terms of the GNU General Public License as published by
the Free Software Foundation; either version 2 of the License, or
(at your option) any later version.

Running on host silver.

Current time is Sun 08 Feb 2026 04:05:33.

Current Settings used by ERKALE:
     AtomGuess      	                Auto	Method used for atomic guess (Auto for same as method)
     Basis          	             cc-pVDZ	Basis set used in calculation
     BasisCutoff    	           1.000e-08	Cutoff for dropping out small primitives from contraction
     BasisOrth      	                Auto	Method of orthonormalization of basis set
     BasisRotate    	               false	Rotate basis set to remove redundant functions?
     Charge         	                   0	Total charge of system
     CholDepThresh  	           1.000e-07	Partial Cholesky decomposition threshold
     Cholesky       	                true	Use Cholesky decomposition?
     CholeskyMode   	                   0	Save/load integrals? 0 no, 1 save, -1 load
     CholeskyNAFThr 	           0.000e+00	Cholesky natural auxiliary function threshold
     CholeskyShThr  	           1.000e-02	Cholesky cache threshold
     CholeskyThr    	           1.000e-07	Cholesky decomposition threshold
     Complexbas     	                true	Use complex basis?
     Confinement    	         0.0 0.0 0.0	Confinement potential V(r) = V_i x_i^2
     ConvThr        	           1.000e-06	Orbital gradient convergence threshold
     DFTBasisThr    	           1.000e-10	Threshold for screening basis functions on grid
     DFTCpars       	                    	Override parameters of correlation functional (expert)
     DFTDelta       	           1.000e+02	Switch to final DFT grid has converged within factor X
     DFTDensityThr  	           1.000e-10	Threshold for screening density on grid
     DFTFinalTol    	           1.000e-05	Tolerance of final DFT grid
     DFTGrid        	             75 -302	DFT integration grid to use: nrad lmax or Auto for adaptive
     DFTInitialTol  	           1.000e-04	Tolerance of initial DFT grid
     DFTLobatto     	               false	Use Lobatto quadrature instead of Lebedev quadrature?
     DFTQuadThresh  	           2.220e-16	Threshold for pruning points with small quadrature weight
     DFTXpars       	                    	Override parameters of exchange functional (expert)
     DIISComb       	               false	Combine alpha and beta errors in unrestricted calcs?
     DIISEps        	           1.000e-01	Start mixing in DIIS when error is
     DIISOrder      	                  10	How many DIIS iterations to keep in memory?
     DIISThr        	           1.000e-02	DIIS error threshold for DIIS updates
     DecFock        	               false	Use decontracted basis to calculate Fock matrix (direct HF)
     Decontract     	                   *	Indices of atoms to decontract basis set for
     DensityFitting 	               false	Use density fitting / RI?
     Direct         	               false	Calculate two-electron integrals (or density fitting) on-the-fly?
     EField         	         0.0 0.0 0.0	Electric field
     ErrorNorm      	                 rms	Error norm to use in the SCF code
     FittingBasis   	                Auto	Basis to use for density fitting / RI (Auto for automatic)
     FittingCholeskyThreshold	           1.000e-08	Linear dependence threshold for pivoted Cholesky of Coulomb integrals in density fitting
     FittingMemory  	                1000	Amount of memory in MB to use for exchange fitting
     FittingThreshold	           1.000e-07	Linear dependence threshold for Coulomb integrals in density fitting
     Guess          	              sapfit	Used guess: SAD (default), SADNO, core, GWH, SAP, or SAPfit
     InitConvThr    	           1.000e-05	Initialization convergence threshold
     InputBohr      	               false	Use atomic units as input units instead of angstrom?
     IntegralThresh 	           1.000e-10	Integral screening threshold
     Kgwh           	           1.750e+00	Scaling constant for GWH
     LinDepThresh   	           1.000e-05	Basis set linear dependency threshold
     LinearB        	           3.600e-01	Magnetic field along bond axis
     LinearFreeze   	               false	If using linear symmetry, freeze symmetry to input guess
     LinearOccupationFile	      ../../P_0.occs	File to read linear occupations from
     LinearOccupations	                  -1	Read in occupations for linear molecule calculations?
     LinearSymmetry 	                true	Do special calculation on linear molecule along z axis
     LoadChk        	                    	Checkpoint file to load from
     Logfile        	          erkale.log	File to print out full information, stdout for screen
     MaxInitIter    	                  50	Maximum number of iterations in the stepwise solutions
     MaxIter        	                 100	Maximum number of iterations in SCF cycle
     Method         	                  HF	Method used in calculation (HF or a DFT functional)
     Multiplicity   	                   4	Spin multiplicity
     NLGrid         	             50 -194	Integration grid to use for nonlocal correlation: nrad lmax
     Occupancies    	                    	Orbital occupancies
     OptLM          	               false	If spherical harmonics used, use cartesian s and p functions?
     PZ             	               false	Perform Perdew-Zunger self-interaction correction?
     PZEthr         	           1.000e-10	Threshold for energy convergence
     PZIthr         	           1.000e-02	Threshold for initialization convergence (not too small!)
     PZNRthr        	           0.000e+00	Threshold for use of NR method in OO optimization
     PZOOthr        	           1.000e-04	Gradient threshold for OO optimization
     PZOVthr        	           1.000e-05	Gradient threshold for OV optimization
     PZimag         	                Auto	Imaginary degrees of freedom in PZ?
     PZiter         	                  20	Max number of iterations in self-consistency iteration
     PZloc          	                Auto	Initial localization before SIC calculation?
     PZlocmet       	                  FB	Initial localization method (recommend FB or IAO)
     PZmode         	                  XC	Apply PZ to the operators (in addition to J): X C D
     PZoo           	                true	Optimize OO block?
     PZov           	                true	Optimize OV block?
     PZprec         	                   1	Precondition OV block? 0: no, 1: unified, 2: orbital
     PZrand         	                true	Apply random rotation in PZ initialization? (Should be true)
     PZscale        	            Constant	Scaling for PZ: Constant, Density or Kinetic
     PZscaleExp     	           1.000e+00	Exponent in the dynamic scaling equation
     PZseed         	                   0	Seed number for randomized matrices?
     PZstab         	                   0	Stability analysis for PZ-SIC? 1 or -1 for OO, 2 or -2 for OO+OV
     PZstabThr      	           1.000e-03	Instability threshold (interpreted as -thr)
     PZw            	           1.000e+00	Weight for Perdew-Zunger self-interaction correction
     Restricted     	               false	Spin restricted?
     SAPBasis       	    helfem_large.gbs	Tabulated atomic effective potential "basis set"
     SAPGrid        	                    	SAP integration grid to use: nrad lmax or leave empty
     SaveChk        	   complex_basis.chk	Checkpoint file to save to
     Shift          	           0.000e+00	Level shift to use in Hartree
     System         	        ../atoms.xyz	System as an xyz file
     TRRHminS       	           9.750e-01	Trust-Region Roothaan-Hall minimal occupied orbital overlap
     UseADIIS       	                true	Use ADIIS for Fock matrix interpolation?
     UseBroyden     	               false	Use Broyden mixing of Fock matrices?
     UseDIIS        	                true	Use Pulay's Direct Inversion in the Iterative Subspace?
     UseLM          	                true	Use a spherical harmonics basis set by default?
     UseTRRH        	               false	Use Trust-Region Roothaan-Hall?
     VV10           	                Auto	Use VV10 non-local correlation?
     VV10Pars       	                    	VV10 parameters: b C
     Verbose        	                true	Verbose calculation?
     Verbosity      	                   5	Verboseness level

Basis set cc-pVDZ found in file cc-pVDZ.gbs in /home/lehtola/programs/erkale/basis/.
Basis set helfem_large.gbs found in file helfem_large.gbs in /home/lehtola/programs/erkale/basis/.
Screening by shell pairs and symmetry reduced dofs by factor 1.95.
Individual screening reduced dofs by a total factor 1.95.
Computing Cholesky vectors. Estimated memory size is 827 ki - 2 Mi.
Cholesky vectors no     0 -     0 computed, error is 4.393846e+01 (0.03 s).
Cholesky vectors no     1 -     1 computed, error is 1.621832e+01 (0.03 s).
Cholesky vectors no     2 -     2 computed, error is 5.581218e+00 (0.02 s).
Cholesky vectors no     3 -     8 computed, error is 3.742939e+00 (0.15 s).
Cholesky vectors no     9 -    11 computed, error is 2.768530e+00 (0.00 s).
Cholesky vectors no    12 -    17 computed, error is 1.645513e+00 (0.00 s).
Cholesky vectors no    18 -    18 computed, error is 1.008053e+00 (0.00 s).
Cholesky vectors no    19 -    21 computed, error is 8.041798e-01 (0.00 s).
Cholesky vectors no    22 -    27 computed, error is 6.643160e-01 (0.00 s).
Cholesky vectors no    28 -    33 computed, error is 4.821750e-01 (0.00 s).
Cholesky vectors no    34 -    34 computed, error is 4.226775e-01 (0.00 s).
Cholesky vectors no    35 -    37 computed, error is 2.959422e-01 (0.00 s).
Cholesky vectors no    38 -    52 computed, error is 2.176043e-01 (0.00 s).
Cholesky vectors no    53 -    55 computed, error is 1.109179e-01 (0.00 s).
Cholesky vectors no    56 -    58 computed, error is 9.111570e-02 (0.00 s).
Cholesky vectors no    59 -    64 computed, error is 7.923560e-02 (0.00 s).
Cholesky vectors no    65 -    67 computed, error is 5.826855e-02 (0.00 s).
Cholesky vectors no    68 -    73 computed, error is 5.570391e-02 (0.00 s).
Cholesky vectors no    74 -    76 computed, error is 4.500138e-02 (0.00 s).
Cholesky vectors no    77 -    79 computed, error is 3.158656e-02 (0.00 s).
Cholesky vectors no    80 -    85 computed, error is 3.152554e-02 (0.00 s).
Cholesky vectors no    86 -    86 computed, error is 2.455867e-02 (0.00 s).
Cholesky vectors no    87 -    96 computed, error is 2.094282e-02 (0.00 s).
Cholesky vectors no    97 -   102 computed, error is 8.330081e-03 (0.00 s).
Cholesky vectors no   103 -   105 computed, error is 5.992097e-03 (0.00 s).
Cholesky vectors no   106 -   108 computed, error is 5.934990e-03 (0.00 s).
Cholesky vectors no   109 -   111 computed, error is 3.254800e-03 (0.00 s).
Cholesky vectors no   112 -   112 computed, error is 2.958357e-03 (0.00 s).
Cholesky vectors no   113 -   118 computed, error is 2.269658e-03 (0.00 s).
Cholesky vectors no   119 -   128 computed, error is 2.229905e-03 (0.00 s).
Cholesky vectors no   129 -   134 computed, error is 1.224452e-03 (0.00 s).
Cholesky vectors no   135 -   144 computed, error is 1.023838e-03 (0.00 s).
Cholesky vectors no   145 -   147 computed, error is 7.395725e-04 (0.00 s).
Cholesky vectors no   148 -   150 computed, error is 3.918966e-04 (0.00 s).
Cholesky vectors no   151 -   151 computed, error is 3.781661e-04 (0.00 s).
Cholesky vectors no   152 -   157 computed, error is 3.626892e-04 (0.00 s).
Cholesky vectors no   158 -   160 computed, error is 1.543899e-04 (0.00 s).
Cholesky vectors no   161 -   167 computed, error is 1.221177e-04 (0.00 s).
Cholesky vectors no   168 -   170 computed, error is 1.141216e-04 (0.00 s).
Cholesky vectors no   171 -   176 computed, error is 7.881154e-05 (0.00 s).
Cholesky vectors no   177 -   182 computed, error is 6.444536e-05 (0.00 s).
Cholesky vectors no   183 -   183 computed, error is 2.396042e-05 (0.00 s).
Cholesky vectors no   184 -   186 computed, error is 2.146063e-05 (0.00 s).
Cholesky vectors no   187 -   187 computed, error is 2.019542e-05 (0.00 s).
Cholesky vectors no   188 -   188 computed, error is 1.438490e-05 (0.00 s).
Cholesky vectors no   189 -   195 computed, error is 1.042391e-05 (0.00 s).
Cholesky vectors no   196 -   200 computed, error is 1.023445e-05 (0.00 s).
Cholesky vectors no   201 -   203 computed, error is 8.253113e-06 (0.00 s).
Cholesky vectors no   204 -   209 computed, error is 3.339609e-06 (0.00 s).
Cholesky vectors no   210 -   210 computed, error is 2.384846e-06 (0.00 s).
Cholesky vectors no   211 -   216 computed, error is 1.391668e-06 (0.00 s).
Cholesky vectors no   217 -   219 computed, error is 9.712375e-07 (0.00 s).
Cholesky vectors no   220 -   226 computed, error is 3.791836e-07 (0.00 s).
Cholesky vectors no   227 -   229 computed, error is 3.306059e-07 (0.00 s).
Cholesky vectors no   230 -   232 computed, error is 1.924506e-07 (0.00 s).
Cholesky vectors no   233 -   233 computed, error is 1.500412e-07 (0.00 s).
Cholesky vectors no   234 -   236 computed, error is 1.119816e-07 (0.00 s).
Cholesky vectors no   237 -   242 computed, error is 7.707791e-08 (0.00 s).
Cholesky decomposition finished in 0.43 s. Realized memory size is 1 Mi 993 ki.
Time use: integrals 44.7 %, linear algebra 55.3 %.
231 shell pairs and 1 nuclei
SAP potential formed in 0.001 s.
Smallest eigenvalue of overlap matrix is 1.00e+00, reciprocal condition number is 1.00e+00.
Using symmetric orthogonalization.
Smallest eigenvalue of overlap matrix is 3.26e-02, reciprocal condition number is 1.11e-02.
Using symmetric orthogonalization.
Smallest eigenvalue of overlap matrix is 7.03e-03, reciprocal condition number is 1.78e-03.
Using symmetric orthogonalization.
Smallest eigenvalue of overlap matrix is 3.26e-02, reciprocal condition number is 1.11e-02.
Using symmetric orthogonalization.
Smallest eigenvalue of overlap matrix is 1.00e+00, reciprocal condition number is 1.00e+00.
Using symmetric orthogonalization.
Nela = 9 Nelb = 6



Solving SCF
Evaluated energy -340.8985115775 (change from lowest -3.408985e+02)


Iteration 1: 1 Fock evaluations energy -340.8985115775 change -3.408985e+02 DIIS error vector rms norm 5.523610e-02
History size 1
alpha m=-1 occupations
   1.0000   1.0000
alpha m=0 occupations
   1.0000   1.0000   1.0000   1.0000   1.0000
alpha m=1 occupations
   1.0000   1.0000
beta m=-1 occupations
   1.0000
beta m=0 occupations
   1.0000   1.0000   1.0000   1.0000
beta m=1 occupations
   1.0000
EDIIS+DIIS step
Evaluated energy -340.9389409382 (change from lowest -4.042936e-02)
Density matrix difference 3.944111e-02 between lowest-energy and newest entry


Iteration 2: 2 Fock evaluations energy -340.9389409382 change -4.042936e-02 DIIS error vector rms norm 3.083142e-03
History size 2
alpha m=-1 occupations
   1.0000   1.0000
alpha m=0 occupations
   1.0000   1.0000   1.0000   1.0000   1.0000
alpha m=1 occupations
   1.0000   1.0000
beta m=-1 occupations
   1.0000
beta m=0 occupations
   1.0000   1.0000   1.0000   1.0000
beta m=1 occupations
   1.0000
EDIIS+DIIS step
Evaluated energy -340.9401947927 (change from lowest -1.253854e-03)
Density matrix difference 6.202760e-03 between lowest-energy and newest entry


Iteration 3: 3 Fock evaluations energy -340.9401947927 change -1.253854e-03 DIIS error vector rms norm 7.144333e-04
History size 3
alpha m=-1 occupations
   1.0000   1.0000
alpha m=0 occupations
   1.0000   1.0000   1.0000   1.0000   1.0000
alpha m=1 occupations
   1.0000   1.0000
beta m=-1 occupations
   1.0000
beta m=0 occupations
   1.0000   1.0000   1.0000   1.0000
beta m=1 occupations
   1.0000
EDIIS+DIIS step
Evaluated energy -340.9403172859 (change from lowest -1.224932e-04)
Density matrix difference 1.922613e-03 between lowest-energy and newest entry


Iteration 4: 4 Fock evaluations energy -340.9403172859 change -1.224932e-04 DIIS error vector rms norm 2.014579e-04
History size 4
alpha m=-1 occupations
   1.0000   1.0000
alpha m=0 occupations
   1.0000   1.0000   1.0000   1.0000   1.0000
alpha m=1 occupations
   1.0000   1.0000
beta m=-1 occupations
   1.0000
beta m=0 occupations
   1.0000   1.0000   1.0000   1.0000
beta m=1 occupations
   1.0000
EDIIS+DIIS step
Evaluated energy -340.9403465687 (change from lowest -2.928275e-05)
Density matrix difference 1.110087e-03 between lowest-energy and newest entry


Iteration 5: 5 Fock evaluations energy -340.9403465687 change -2.928275e-05 DIIS error vector rms norm 4.892632e-05
History size 5
alpha m=-1 occupations
   1.0000   1.0000
alpha m=0 occupations
   1.0000   1.0000   1.0000   1.0000   1.0000
alpha m=1 occupations
   1.0000   1.0000
beta m=-1 occupations
   1.0000
beta m=0 occupations
   1.0000   1.0000   1.0000   1.0000
beta m=1 occupations
   1.0000
DIIS step
Evaluated energy -340.9403484602 (change from lowest -1.891552e-06)
Density matrix difference 3.238607e-04 between lowest-energy and newest entry


Iteration 6: 6 Fock evaluations energy -340.9403484602 change -1.891552e-06 DIIS error vector rms norm 4.018956e-06
History size 6
alpha m=-1 occupations
   1.0000   1.0000
alpha m=0 occupations
   1.0000   1.0000   1.0000   1.0000   1.0000
alpha m=1 occupations
   1.0000   1.0000
beta m=-1 occupations
   1.0000
beta m=0 occupations
   1.0000   1.0000   1.0000   1.0000
beta m=1 occupations
   1.0000
DIIS step
Evaluated energy -340.9403484690 (change from lowest -8.807319e-09)
Density matrix difference 1.359413e-05 between lowest-energy and newest entry


Iteration 7: 7 Fock evaluations energy -340.9403484690 change -8.807319e-09 DIIS error vector rms norm 6.068917e-07
History size 7
Converged to energy -340.9403484690!

Running program took 0.63 s.
