ERKALE - HF/DFT from Hel, OpenMP version, running on 8 cores.
(c) Susi Lehtola, 2010-2016.

This program is free software; you can redistribute it and/or modify
it under the terms of the GNU General Public License as published by
the Free Software Foundation; either version 2 of the License, or
(at your option) any later version.

Running on host silver.

Current time is Fri 30 Jan 2026 21:52:00.

Current Settings used by ERKALE:
     AtomGuess      	                Auto	Method used for atomic guess (Auto for same as method)
     Basis          	           AHGBSP3-7	Basis set used in calculation
     BasisCutoff    	           1.000e-08	Cutoff for dropping out small primitives from contraction
     BasisOrth      	                Auto	Method of orthonormalization of basis set
     BasisRotate    	               false	Rotate basis set to remove redundant functions?
     Charge         	                   0	Total charge of system
     CholDepThresh  	           1.000e-07	Partial Cholesky decomposition threshold
     Cholesky       	                true	Use Cholesky decomposition?
     CholeskyMode   	                   0	Save/load integrals? 0 no, 1 save, -1 load
     CholeskyNAFThr 	           0.000e+00	Cholesky natural auxiliary function threshold
     CholeskyShThr  	           1.000e-02	Cholesky cache threshold
     CholeskyThr    	           1.000e-07	Cholesky decomposition threshold
     Complexbas     	                true	Use complex basis?
     Confinement    	         0.0 0.0 0.0	Confinement potential V(r) = V_i x_i^2
     ConvThr        	           1.000e-06	Orbital gradient convergence threshold
     DFTBasisThr    	           1.000e-10	Threshold for screening basis functions on grid
     DFTCpars       	                    	Override parameters of correlation functional (expert)
     DFTDelta       	           1.000e+02	Switch to final DFT grid has converged within factor X
     DFTDensityThr  	           1.000e-10	Threshold for screening density on grid
     DFTFinalTol    	           1.000e-05	Tolerance of final DFT grid
     DFTGrid        	             75 -302	DFT integration grid to use: nrad lmax or Auto for adaptive
     DFTInitialTol  	           1.000e-04	Tolerance of initial DFT grid
     DFTLobatto     	               false	Use Lobatto quadrature instead of Lebedev quadrature?
     DFTQuadThresh  	           2.220e-16	Threshold for pruning points with small quadrature weight
     DFTXpars       	                    	Override parameters of exchange functional (expert)
     DIISComb       	               false	Combine alpha and beta errors in unrestricted calcs?
     DIISEps        	           1.000e-01	Start mixing in DIIS when error is
     DIISOrder      	                  10	How many DIIS iterations to keep in memory?
     DIISThr        	           1.000e-02	DIIS error threshold for DIIS updates
     DecFock        	               false	Use decontracted basis to calculate Fock matrix (direct HF)
     Decontract     	                   *	Indices of atoms to decontract basis set for
     DensityFitting 	               false	Use density fitting / RI?
     Direct         	               false	Calculate two-electron integrals (or density fitting) on-the-fly?
     EField         	         0.0 0.0 0.0	Electric field
     ErrorNorm      	                 rms	Error norm to use in the SCF code
     FittingBasis   	                Auto	Basis to use for density fitting / RI (Auto for automatic)
     FittingCholeskyThreshold	           1.000e-08	Linear dependence threshold for pivoted Cholesky of Coulomb integrals in density fitting
     FittingMemory  	                1000	Amount of memory in MB to use for exchange fitting
     FittingThreshold	           1.000e-07	Linear dependence threshold for Coulomb integrals in density fitting
     Guess          	              sapfit	Used guess: SAD (default), SADNO, core, GWH, SAP, or SAPfit
     InitConvThr    	           1.000e-05	Initialization convergence threshold
     InputBohr      	               false	Use atomic units as input units instead of angstrom?
     IntegralThresh 	           1.000e-10	Integral screening threshold
     Kgwh           	           1.750e+00	Scaling constant for GWH
     LinDepThresh   	           1.000e-05	Basis set linear dependency threshold
     LinearB        	           6.000e-01	Magnetic field along bond axis
     LinearFreeze   	               false	If using linear symmetry, freeze symmetry to input guess
     LinearOccupationFile	     ../../Na_0.occs	File to read linear occupations from
     LinearOccupations	                  -1	Read in occupations for linear molecule calculations?
     LinearSymmetry 	                true	Do special calculation on linear molecule along z axis
     LoadChk        	                    	Checkpoint file to load from
     Logfile        	          erkale.log	File to print out full information, stdout for screen
     MaxInitIter    	                  50	Maximum number of iterations in the stepwise solutions
     MaxIter        	                 100	Maximum number of iterations in SCF cycle
     Method         	                  HF	Method used in calculation (HF or a DFT functional)
     Multiplicity   	                   2	Spin multiplicity
     NLGrid         	             50 -194	Integration grid to use for nonlocal correlation: nrad lmax
     Occupancies    	                    	Orbital occupancies
     OptLM          	               false	If spherical harmonics used, use cartesian s and p functions?
     PZ             	               false	Perform Perdew-Zunger self-interaction correction?
     PZEthr         	           1.000e-10	Threshold for energy convergence
     PZIthr         	           1.000e-02	Threshold for initialization convergence (not too small!)
     PZNRthr        	           0.000e+00	Threshold for use of NR method in OO optimization
     PZOOthr        	           1.000e-04	Gradient threshold for OO optimization
     PZOVthr        	           1.000e-05	Gradient threshold for OV optimization
     PZimag         	                Auto	Imaginary degrees of freedom in PZ?
     PZiter         	                  20	Max number of iterations in self-consistency iteration
     PZloc          	                Auto	Initial localization before SIC calculation?
     PZlocmet       	                  FB	Initial localization method (recommend FB or IAO)
     PZmode         	                  XC	Apply PZ to the operators (in addition to J): X C D
     PZoo           	                true	Optimize OO block?
     PZov           	                true	Optimize OV block?
     PZprec         	                   1	Precondition OV block? 0: no, 1: unified, 2: orbital
     PZrand         	                true	Apply random rotation in PZ initialization? (Should be true)
     PZscale        	            Constant	Scaling for PZ: Constant, Density or Kinetic
     PZscaleExp     	           1.000e+00	Exponent in the dynamic scaling equation
     PZseed         	                   0	Seed number for randomized matrices?
     PZstab         	                   0	Stability analysis for PZ-SIC? 1 or -1 for OO, 2 or -2 for OO+OV
     PZstabThr      	           1.000e-03	Instability threshold (interpreted as -thr)
     PZw            	           1.000e+00	Weight for Perdew-Zunger self-interaction correction
     Restricted     	               false	Spin restricted?
     SAPBasis       	    helfem_large.gbs	Tabulated atomic effective potential "basis set"
     SAPGrid        	                    	SAP integration grid to use: nrad lmax or leave empty
     SaveChk        	   complex_basis.chk	Checkpoint file to save to
     Shift          	           0.000e+00	Level shift to use in Hartree
     System         	        ../atoms.xyz	System as an xyz file
     TRRHminS       	           9.750e-01	Trust-Region Roothaan-Hall minimal occupied orbital overlap
     UseADIIS       	                true	Use ADIIS for Fock matrix interpolation?
     UseBroyden     	               false	Use Broyden mixing of Fock matrices?
     UseDIIS        	                true	Use Pulay's Direct Inversion in the Iterative Subspace?
     UseLM          	                true	Use a spherical harmonics basis set by default?
     UseTRRH        	               false	Use Trust-Region Roothaan-Hall?
     VV10           	                Auto	Use VV10 non-local correlation?
     VV10Pars       	                    	VV10 parameters: b C
     Verbose        	                true	Verbose calculation?
     Verbosity      	                   5	Verboseness level

Basis set AHGBSP3-7 found in file AHGBSP3-7.gbs in /home/lehtola/programs/erkale/basis/.
Basis set helfem_large.gbs found in file helfem_large.gbs in /home/lehtola/programs/erkale/basis/.
Screening by shell pairs and symmetry reduced dofs by factor 2.07.
Individual screening reduced dofs by a total factor 2.07.
Computing Cholesky vectors. Estimated memory size is 868 Mi - 2 Gi.
Cholesky vectors no     0 -     0 computed, error is 1.092033e+02 (0.01 s).
Cholesky vectors no     1 -     1 computed, error is 3.014870e+01 (0.00 s).
Cholesky vectors no     2 -     2 computed, error is 1.260801e+01 (0.00 s).
Cholesky vectors no     3 -     8 computed, error is 1.155678e+01 (0.02 s).
Cholesky vectors no     9 -     9 computed, error is 6.745313e+00 (0.00 s).
Cholesky vectors no    10 -    12 computed, error is 5.199481e+00 (0.01 s).
Cholesky vectors no    13 -    18 computed, error is 1.859137e+00 (0.02 s).
Cholesky vectors no    19 -    33 computed, error is 1.754023e+00 (0.13 s).
Cholesky vectors no    34 -    36 computed, error is 1.596526e+00 (0.03 s).
Cholesky vectors no    37 -    37 computed, error is 1.072974e+00 (0.01 s).
Cholesky vectors no    38 -    47 computed, error is 8.496879e-01 (0.08 s).
Cholesky vectors no    48 -    53 computed, error is 6.980226e-01 (0.05 s).
Cholesky vectors no    54 -    98 computed, error is 5.551772e-01 (0.34 s).
Cholesky vectors no    99 -   101 computed, error is 5.328658e-01 (0.13 s).
Cholesky vectors no   102 -   116 computed, error is 4.762098e-01 (0.21 s).
Cholesky vectors no   117 -   137 computed, error is 3.184849e-01 (0.34 s).
Cholesky vectors no   138 -   138 computed, error is 2.639387e-01 (0.02 s).
Cholesky vectors no   139 -   183 computed, error is 1.979077e-01 (0.88 s).
Cholesky vectors no   184 -   219 computed, error is 1.563659e-01 (1.74 s).
Cholesky vectors no   220 -   247 computed, error is 1.421472e-01 (0.57 s).
Cholesky vectors no   248 -   257 computed, error is 1.024897e-01 (0.25 s).
Cholesky vectors no   258 -   302 computed, error is 1.014009e-01 (1.31 s).
Cholesky vectors no   303 -   338 computed, error is 8.580694e-02 (0.98 s).
Cholesky vectors no   339 -   339 computed, error is 7.240671e-02 (0.03 s).
Cholesky vectors no   340 -   342 computed, error is 5.407496e-02 (0.09 s).
Cholesky vectors no   343 -   378 computed, error is 5.357587e-02 (1.16 s).
Cholesky vectors no   379 -   423 computed, error is 5.058056e-02 (1.78 s).
Cholesky vectors no   424 -   438 computed, error is 4.898060e-02 (0.58 s).
Cholesky vectors no   439 -   441 computed, error is 3.989830e-02 (0.12 s).
Cholesky vectors no   442 -   486 computed, error is 3.584859e-02 (2.06 s).
Cholesky vectors no   487 -   492 computed, error is 3.200874e-02 (0.42 s).
Cholesky vectors no   493 -   502 computed, error is 2.939451e-02 (1.22 s).
Cholesky vectors no   503 -   503 computed, error is 2.871674e-02 (0.06 s).
Cholesky vectors no   504 -   539 computed, error is 2.649612e-02 (2.12 s).
Cholesky vectors no   540 -   567 computed, error is 2.375960e-02 (1.81 s).
Cholesky vectors no   568 -   612 computed, error is 2.365321e-02 (2.89 s).
Cholesky vectors no   613 -   613 computed, error is 1.954124e-02 (0.06 s).
Cholesky vectors no   614 -   634 computed, error is 1.551773e-02 (0.99 s).
Cholesky vectors no   635 -   679 computed, error is 1.519361e-02 (2.59 s).
Cholesky vectors no   680 -   715 computed, error is 1.003834e-02 (2.70 s).
Cholesky vectors no   716 -   751 computed, error is 9.336859e-03 (2.32 s).
Cholesky vectors no   752 -   796 computed, error is 9.023587e-03 (3.84 s).
Cholesky vectors no   797 -   817 computed, error is 8.031431e-03 (2.36 s).
Cholesky vectors no   818 -   862 computed, error is 8.011424e-03 (3.91 s).
Cholesky vectors no   863 -   898 computed, error is 6.035100e-03 (2.78 s).
Cholesky vectors no   899 -   943 computed, error is 5.599387e-03 (6.41 s).
Cholesky vectors no   944 -   946 computed, error is 4.673330e-03 (0.35 s).
Cholesky vectors no   947 -   982 computed, error is 4.209674e-03 (3.80 s).
Cholesky vectors no   983 -  1018 computed, error is 3.630720e-03 (3.43 s).
Cholesky vectors no  1019 -  1063 computed, error is 3.145146e-03 (3.66 s).
Cholesky vectors no  1064 -  1066 computed, error is 2.935628e-03 (0.24 s).
Cholesky vectors no  1067 -  1111 computed, error is 2.513449e-03 (3.43 s).
Cholesky vectors no  1112 -  1118 computed, error is 2.460009e-03 (0.34 s).
Cholesky vectors no  1119 -  1154 computed, error is 2.204337e-03 (1.65 s).
Cholesky vectors no  1155 -  1190 computed, error is 1.837739e-03 (1.91 s).
Cholesky vectors no  1191 -  1196 computed, error is 1.571361e-03 (0.32 s).
Cholesky vectors no  1197 -  1223 computed, error is 1.436357e-03 (1.97 s).
Cholesky vectors no  1224 -  1268 computed, error is 1.299057e-03 (2.06 s).
Cholesky vectors no  1269 -  1304 computed, error is 1.138453e-03 (2.15 s).
Cholesky vectors no  1305 -  1349 computed, error is 8.067336e-04 (2.00 s).
Cholesky vectors no  1350 -  1360 computed, error is 6.865454e-04 (0.46 s).
Cholesky vectors no  1361 -  1396 computed, error is 6.434375e-04 (1.51 s).
Cholesky vectors no  1397 -  1399 computed, error is 5.420247e-04 (0.13 s).
Cholesky vectors no  1400 -  1400 computed, error is 4.759703e-04 (0.47 s).
Cholesky vectors no  1401 -  1410 computed, error is 4.495493e-04 (0.45 s).
Cholesky vectors no  1411 -  1455 computed, error is 4.443448e-04 (2.09 s).
Cholesky vectors no  1456 -  1470 computed, error is 3.645918e-04 (0.67 s).
Cholesky vectors no  1471 -  1506 computed, error is 3.033540e-04 (2.21 s).
Cholesky vectors no  1507 -  1509 computed, error is 2.890626e-04 (0.14 s).
Cholesky vectors no  1510 -  1537 computed, error is 2.766896e-04 (1.33 s).
Cholesky vectors no  1538 -  1582 computed, error is 2.762840e-04 (2.18 s).
Cholesky vectors no  1583 -  1617 computed, error is 2.528527e-04 (2.36 s).
Cholesky vectors no  1618 -  1624 computed, error is 2.124978e-04 (0.34 s).
Cholesky vectors no  1625 -  1660 computed, error is 1.800063e-04 (1.79 s).
Cholesky vectors no  1661 -  1705 computed, error is 1.399879e-04 (2.86 s).
Cholesky vectors no  1706 -  1708 computed, error is 1.062646e-04 (0.16 s).
Cholesky vectors no  1709 -  1709 computed, error is 6.446360e-05 (0.05 s).
Cholesky vectors no  1710 -  1730 computed, error is 5.780712e-05 (1.10 s).
Cholesky vectors no  1731 -  1766 computed, error is 5.306232e-05 (1.93 s).
Cholesky vectors no  1767 -  1772 computed, error is 4.706788e-05 (0.32 s).
Cholesky vectors no  1773 -  1773 computed, error is 4.628748e-05 (0.06 s).
Cholesky vectors no  1774 -  1818 computed, error is 3.698189e-05 (3.14 s).
Cholesky vectors no  1819 -  1854 computed, error is 1.956789e-05 (2.22 s).
Cholesky vectors no  1855 -  1857 computed, error is 1.778271e-05 (0.19 s).
Cholesky vectors no  1858 -  1902 computed, error is 1.407284e-05 (3.27 s).
Cholesky vectors no  1903 -  1938 computed, error is 1.136228e-05 (2.54 s).
Cholesky vectors no  1939 -  1941 computed, error is 1.120627e-05 (0.20 s).
Cholesky vectors no  1942 -  1986 computed, error is 9.686932e-06 (3.10 s).
Cholesky vectors no  1987 -  2022 computed, error is 8.696363e-06 (2.87 s).
Cholesky vectors no  2023 -  2023 computed, error is 6.942255e-06 (0.07 s).
Cholesky vectors no  2024 -  2068 computed, error is 6.179057e-06 (2.89 s).
Cholesky vectors no  2069 -  2074 computed, error is 5.610789e-06 (0.39 s).
Cholesky vectors no  2075 -  2119 computed, error is 5.600131e-06 (3.67 s).
Cholesky vectors no  2120 -  2147 computed, error is 5.469566e-06 (2.39 s).
Cholesky vectors no  2148 -  2183 computed, error is 2.721878e-06 (4.09 s).
Cholesky vectors no  2184 -  2228 computed, error is 2.392102e-06 (5.46 s).
Cholesky vectors no  2229 -  2238 computed, error is 2.210509e-06 (0.91 s).
Cholesky vectors no  2239 -  2274 computed, error is 2.076618e-06 (3.08 s).
Cholesky vectors no  2275 -  2319 computed, error is 2.060010e-06 (4.63 s).
Cholesky vectors no  2320 -  2334 computed, error is 2.055136e-06 (1.36 s).
Cholesky vectors no  2335 -  2370 computed, error is 2.001505e-06 (2.62 s).
Cholesky vectors no  2371 -  2371 computed, error is 1.137472e-06 (0.07 s).
Cholesky vectors no  2372 -  2376 computed, error is 1.078313e-06 (0.40 s).
Cholesky vectors no  2377 -  2385 computed, error is 9.854517e-07 (0.71 s).
Cholesky vectors no  2386 -  2430 computed, error is 8.605679e-07 (3.91 s).
Cholesky vectors no  2431 -  2443 computed, error is 8.126340e-07 (0.94 s).
Cholesky vectors no  2444 -  2479 computed, error is 7.791098e-07 (2.66 s).
Cholesky vectors no  2480 -  2480 computed, error is 6.648584e-07 (0.07 s).
Cholesky vectors no  2481 -  2516 computed, error is 4.989117e-07 (3.38 s).
Cholesky vectors no  2517 -  2519 computed, error is 4.689876e-07 (0.22 s).
Cholesky vectors no  2520 -  2564 computed, error is 3.829264e-07 (3.35 s).
Cholesky vectors no  2565 -  2600 computed, error is 3.666945e-07 (6.15 s).
Cholesky vectors no  2601 -  2645 computed, error is 3.557997e-07 (6.44 s).
Cholesky vectors no  2646 -  2646 computed, error is 2.854742e-07 (0.12 s).
Cholesky vectors no  2647 -  2682 computed, error is 2.609885e-07 (4.72 s).
Cholesky vectors no  2683 -  2691 computed, error is 2.228293e-07 (1.38 s).
Cholesky vectors no  2692 -  2697 computed, error is 1.345551e-07 (0.83 s).
Cholesky vectors no  2698 -  2742 computed, error is 9.748130e-08 (5.34 s).
Cholesky decomposition finished in 3 min 15.10 s. Realized memory size is 1 Gi 870 Mi 353 ki.
Time use: integrals 2.0 %, linear algebra 98.0 %.
4009 shell pairs and 1 nuclei
SAP potential formed in 0.068 s.
Smallest eigenvalue of overlap matrix is 5.49e-03, reciprocal condition number is 1.60e-03.
Using symmetric orthogonalization.
Smallest eigenvalue of overlap matrix is 3.19e-03, reciprocal condition number is 8.60e-04.
Using symmetric orthogonalization.
Smallest eigenvalue of overlap matrix is 2.33e-03, reciprocal condition number is 5.86e-04.
Using symmetric orthogonalization.
Smallest eigenvalue of overlap matrix is 1.30e-03, reciprocal condition number is 2.89e-04.
Using symmetric orthogonalization.
Smallest eigenvalue of overlap matrix is 5.13e-04, reciprocal condition number is 9.06e-05.
Using symmetric orthogonalization.
Smallest eigenvalue of overlap matrix is 1.30e-03, reciprocal condition number is 2.89e-04.
Using symmetric orthogonalization.
Smallest eigenvalue of overlap matrix is 2.33e-03, reciprocal condition number is 5.86e-04.
Using symmetric orthogonalization.
Smallest eigenvalue of overlap matrix is 3.19e-03, reciprocal condition number is 8.60e-04.
Using symmetric orthogonalization.
Smallest eigenvalue of overlap matrix is 5.49e-03, reciprocal condition number is 1.60e-03.
Using symmetric orthogonalization.
Nela = 6 Nelb = 5



Solving SCF
Evaluated energy -161.2162073854 (change from lowest -1.612162e+02)


Iteration 1: 1 Fock evaluations energy -161.2162073854 change -1.612162e+02 DIIS error vector rms norm 8.488848e-03
History size 1
alpha m=-1 occupations
   1.0000
alpha m=0 occupations
   1.0000   1.0000   1.0000   1.0000
alpha m=1 occupations
   1.0000
beta m=-1 occupations
   1.0000
beta m=0 occupations
   1.0000   1.0000   1.0000
beta m=1 occupations
   1.0000
EDIIS+DIIS step
Evaluated energy -161.6978304724 (change from lowest -4.816231e-01)
Density matrix difference 1.292794e-02 between lowest-energy and newest entry


Iteration 2: 2 Fock evaluations energy -161.6978304724 change -4.816231e-01 DIIS error vector rms norm 9.621218e-04
History size 2
alpha m=-1 occupations
   1.0000
alpha m=0 occupations
   1.0000   1.0000   1.0000   1.0000
alpha m=1 occupations
   1.0000
beta m=-1 occupations
   1.0000
beta m=0 occupations
   1.0000   1.0000   1.0000
beta m=1 occupations
   1.0000
EDIIS+DIIS step
Evaluated energy -161.7082719442 (change from lowest -1.044147e-02)
Density matrix difference 2.449110e-03 between lowest-energy and newest entry


Iteration 3: 3 Fock evaluations energy -161.7082719442 change -1.044147e-02 DIIS error vector rms norm 3.487672e-04
History size 3
alpha m=-1 occupations
   1.0000
alpha m=0 occupations
   1.0000   1.0000   1.0000   1.0000
alpha m=1 occupations
   1.0000
beta m=-1 occupations
   1.0000
beta m=0 occupations
   1.0000   1.0000   1.0000
beta m=1 occupations
   1.0000
EDIIS+DIIS step
Evaluated energy -161.7093158436 (change from lowest -1.043899e-03)
Density matrix difference 7.146245e-04 between lowest-energy and newest entry


Iteration 4: 4 Fock evaluations energy -161.7093158436 change -1.043899e-03 DIIS error vector rms norm 6.883566e-05
History size 4
alpha m=-1 occupations
   1.0000
alpha m=0 occupations
   1.0000   1.0000   1.0000   1.0000
alpha m=1 occupations
   1.0000
beta m=-1 occupations
   1.0000
beta m=0 occupations
   1.0000   1.0000   1.0000
beta m=1 occupations
   1.0000
DIIS step
Evaluated energy -161.7095737200 (change from lowest -2.578764e-04)
Density matrix difference 3.548846e-04 between lowest-energy and newest entry


Iteration 5: 5 Fock evaluations energy -161.7095737200 change -2.578764e-04 DIIS error vector rms norm 1.840869e-05
History size 5
alpha m=-1 occupations
   1.0000
alpha m=0 occupations
   1.0000   1.0000   1.0000   1.0000
alpha m=1 occupations
   1.0000
beta m=-1 occupations
   1.0000
beta m=0 occupations
   1.0000   1.0000   1.0000
beta m=1 occupations
   1.0000
DIIS step
Evaluated energy -161.7095973586 (change from lowest -2.363865e-05)
Density matrix difference 1.344419e-04 between lowest-energy and newest entry


Iteration 6: 6 Fock evaluations energy -161.7095973586 change -2.363865e-05 DIIS error vector rms norm 3.826174e-06
History size 6
alpha m=-1 occupations
   1.0000
alpha m=0 occupations
   1.0000   1.0000   1.0000   1.0000
alpha m=1 occupations
   1.0000
beta m=-1 occupations
   1.0000
beta m=0 occupations
   1.0000   1.0000   1.0000
beta m=1 occupations
   1.0000
DIIS step
Evaluated energy -161.7095985448 (change from lowest -1.186170e-06)
Density matrix difference 3.162096e-05 between lowest-energy and newest entry


Iteration 7: 7 Fock evaluations energy -161.7095985448 change -1.186170e-06 DIIS error vector rms norm 9.470367e-07
History size 7
Converged to energy -161.7095985448!

Running program took 11 min 10.52 s.
