Running unrestricted HF calculation with Rmax=4.000000e+01 and 5 elements.
Basis set composed of 15-node LIPs with Gauss-Lobatto nodes.
Using 75 point quadrature rule.
Angular grid spanning from l=0..7, m=-1..1.
Normal grid
Grid
         0
    0.1601
    0.8115
    2.8072
    9.7692
   40.0000
Finite element basis set max discontinuity 0.000000e+00 between elements 1 and 2
Basis set consists of 22 angular shells composed of 69 radial functions, totaling 1518 basis functions
14th order Taylor series used to evaluate basis functions for r <= 2.782803e-03, error 3.741694e-15
One-electron matrix requires 18 M 434 k 
Auxiliary one-electron integrals require 270 k 
Auxiliary two-electron integrals require 60 M 750 k 
Central nuclear charge is 5
Left- and right-hand nuclear charges are 0 and 0 at distance  0.000 from center
Nuclear repulsion energy is 0.000000e+00
Number of electrons is 4 1

Running with Libxc version 5.2.2
S. Lehtola, C. Steigemann, M. J. Oliveira, and M. A. Marques, SoftwareX 7, 1 (2018) (doi:10.1016/j.softx.2017.11.002)
Please cite this paper for the use of Libxc in any resulting publications.

Used exchange functional is HF, 
No correlation functional.


Using hybrid exchange with  100.000 % of exact exchange.
Smallest eigenvalue of overlap matrix is  5.118463e-01, condition number 2.023487e+00
Smallest eigenvalue of overlap matrix is  5.118463e-01, condition number 2.023487e+00
Smallest eigenvalue of overlap matrix is  5.118463e-01, condition number 2.023487e+00
Half-inverse formed in 2.388137
Orbital orthonormality deviation is 1.057990e-13
Smallest normalization constant  5.618648e-01, largest  1.637109e+01
Smallest eigenvalue of overlap matrix is  5.118463e-01, condition number 2.023487e+00
Half-overlap formed in 20.470620
Half-overlap error is 4.069398e+01
One-electron matrices formed in 20.718634
Guess orbitals from core Hamiltonian
Alpha orbital energies
  -12.4996   -3.2202   -3.1226   -1.4747   -3.1194   -3.0202   -1.4608   -1.3807
Beta  orbital energies
  -12.4996   -3.2202   -3.1226   -3.1194   -3.0202

Alpha orbital symmetries
Orbital  1: l=0 m=+0 100.00 %
Orbital  2: l=1 m=+1  99.96 %
Orbital  3: l=1 m=+0  99.95 %
Orbital  4: l=2 m=+1  99.47 %

Beta orbital symmetries
Orbital  1: l=0 m=+0 100.00 %

Initial guess performed in 19.372872
Computing two-electron integrals
Done in 0.083874

**** Iteration 1 ****

Tr Pa = 4.000000
Tr Pb = 1.000000
Coulomb energy 1.5361801294e+01  2.904549
Exchange energy -4.6179590678e+00  0.475907
Total energy is -22.3729009181
DIIS error is 1.897487e-01, update done in 0.311832
ADIIS weights
   1.0000
DIIS solution done in 0.033193
Damping off-diagonal elements of Fock matrix by  0.700
Subspace diagonalization done in 40.511867
Alpha HOMO-LUMO gap is -0.417 eV
Beta  HOMO-LUMO gap is  177.332 eV

Alpha orbital symmetries
Orbital  1: l=0 m=+0  99.88 %
Orbital  2: l=0 m=+0  93.42 %
Orbital  3: l=1 m=+1  90.02 %
Orbital  4: l=1 m=+1  36.63 %

Beta orbital symmetries
Orbital  1: l=0 m=+0  99.90 %


**** Iteration 2 ****

Tr Pa = 4.000000
Tr Pb = 1.000000
Coulomb energy 8.9926212996e+00  1.427074
Exchange energy -3.4096645674e+00  0.503666
Total energy is -24.1297343376
Energy changed by -1.756833e+00
DIIS error is 4.941416e-02, update done in 0.583484
ADIIS weights
   3.2799e-23   1.0000e+00
DIIS solution done in 0.060765
Subspace diagonalization done in 40.029633
Alpha HOMO-LUMO gap is -8.506 eV
Beta  HOMO-LUMO gap is  216.507 eV

Alpha orbital symmetries
Orbital  1: l=0 m=+0  99.98 %
Orbital  2: l=0 m=+0  99.12 %
Orbital  3: l=1 m=+1  98.53 %
Orbital  4: l=1 m=+1  64.17 %

Beta orbital symmetries
Orbital  1: l=0 m=+0  99.98 %


**** Iteration 3 ****

Tr Pa = 4.000000
Tr Pb = 1.000000
Coulomb energy 1.0554795479e+01  0.098859
Exchange energy -3.6722844780e+00  0.374457
Total energy is -24.5264022469
Energy changed by -3.966679e-01
DIIS error is 1.099233e-02, update done in 0.762322
ADIIS weights
   4.3700e-18   3.8532e-17   1.0000e+00
DIIS solution done in 0.075937
Subspace diagonalization done in 41.775166
Alpha HOMO-LUMO gap is -1.680 eV
Beta  HOMO-LUMO gap is  210.475 eV

Alpha orbital symmetries
Orbital  1: l=0 m=+0  99.94 %
Orbital  2: l=0 m=+0  98.86 %
Orbital  3: l=1 m=+1  99.41 %
Orbital  4: l=1 m=+1  66.79 %

Beta orbital symmetries
Orbital  1: l=0 m=+0  99.94 %


**** Iteration 4 ****

Tr Pa = 4.000000
Tr Pb = 1.000000
Coulomb energy 1.0643010331e+01  5.189908
Exchange energy -3.6929512323e+00  0.456381
Total energy is -24.5402253496
Energy changed by -1.382310e-02
DIIS error is 3.394957e-03, update done in 0.872392
ADIIS weights
   4.0689e-17   5.1652e-17   4.8102e-15   1.0000e+00
CDIIS weights
   0.0021   0.0083  -0.3829   1.3726
 DIIS weights
   0.0015   0.0061  -0.2810   1.2734
DIIS solution done in 0.197311
Subspace diagonalization done in 34.179688
Alpha HOMO-LUMO gap is -1.204 eV
Beta  HOMO-LUMO gap is  210.056 eV

Alpha orbital symmetries
Orbital  1: l=0 m=+0  99.94 %
Orbital  2: l=0 m=+0  98.55 %
Orbital  3: l=1 m=+1  99.67 %
Orbital  4: l=1 m=+1  69.17 %

Beta orbital symmetries
Orbital  1: l=0 m=+0  99.94 %


**** Iteration 5 ****

Tr Pa = 4.000000
Tr Pb = 1.000000
Coulomb energy 1.0669876999e+01  0.909485
Exchange energy -3.7004614943e+00  0.401862
Total energy is -24.5418628744
Energy changed by -1.637525e-03
DIIS error is 5.073347e-04, update done in 1.458993
CDIIS weights
  -0.0003  -0.0021   0.0815  -0.4526   1.3736
DIIS solution done in 0.242079
Subspace diagonalization done in 30.753280
Alpha HOMO-LUMO gap is -1.141 eV
Beta  HOMO-LUMO gap is  210.011 eV

Alpha orbital symmetries
Orbital  1: l=0 m=+0  99.94 %
Orbital  2: l=0 m=+0  98.50 %
Orbital  3: l=1 m=+1  99.67 %
Orbital  4: l=1 m=+1  70.29 %

Beta orbital symmetries
Orbital  1: l=0 m=+0  99.94 %


**** Iteration 6 ****

Tr Pa = 4.000000
Tr Pb = 1.000000
Coulomb energy 1.0676681068e+01  9.112528
Exchange energy -3.7021437203e+00  0.620342
Total energy is -24.5419586423
Energy changed by -9.576791e-05
DIIS error is 9.427348e-05, update done in 1.915695
CDIIS weights
   0.0008  -0.0207   0.1269  -0.4516   1.3446
DIIS solution done in 0.907586
Subspace diagonalization done in 42.404424
Alpha HOMO-LUMO gap is -1.138 eV
Beta  HOMO-LUMO gap is  210.009 eV

Alpha orbital symmetries
Orbital  1: l=0 m=+0  99.94 %
Orbital  2: l=0 m=+0  98.51 %
Orbital  3: l=1 m=+1  99.67 %
Orbital  4: l=1 m=+1  70.66 %

Beta orbital symmetries
Orbital  1: l=0 m=+0  99.94 %


**** Iteration 7 ****

Tr Pa = 4.000000
Tr Pb = 1.000000
Coulomb energy 1.0678318953e+01  4.325318
Exchange energy -3.7023408676e+00  0.473044
Total energy is -24.5419645440
Energy changed by -5.901736e-06
DIIS error is 4.212806e-05, update done in 1.313660
CDIIS weights
   0.0032  -0.0310   0.1540  -0.8126   1.6865
DIIS solution done in 0.312915
Subspace diagonalization done in 42.842342
Alpha HOMO-LUMO gap is -1.127 eV
Beta  HOMO-LUMO gap is  210.005 eV

Alpha orbital symmetries
Orbital  1: l=0 m=+0  99.94 %
Orbital  2: l=0 m=+0  98.51 %
Orbital  3: l=1 m=+1  99.67 %
Orbital  4: l=1 m=+1  70.86 %

Beta orbital symmetries
Orbital  1: l=0 m=+0  99.94 %


**** Iteration 8 ****

Tr Pa = 4.000000
Tr Pb = 1.000000
Coulomb energy 1.0679471376e+01  0.112188
Exchange energy -3.7024822033e+00  0.432502
Total energy is -24.5419656264
Energy changed by -1.082327e-06
DIIS error is 1.066019e-05, update done in 1.597895
CDIIS weights
   0.0013  -0.0118   0.1438  -0.5564   1.4232
DIIS solution done in 0.303266
Subspace diagonalization done in 62.163353
Alpha HOMO-LUMO gap is -1.124 eV
Beta  HOMO-LUMO gap is  210.002 eV

Alpha orbital symmetries
Orbital  1: l=0 m=+0  99.94 %
Orbital  2: l=0 m=+0  98.51 %
Orbital  3: l=1 m=+1  99.67 %
Orbital  4: l=1 m=+1  70.90 %

Beta orbital symmetries
Orbital  1: l=0 m=+0  99.94 %


**** Iteration 9 ****

Tr Pa = 4.000000
Tr Pb = 1.000000
Coulomb energy 1.0679816340e+01  7.731331
Exchange energy -3.7025295437e+00  0.509919
Total energy is -24.5419656748
Energy changed by -4.843474e-08
DIIS error is 1.597032e-06, update done in 1.788398
CDIIS weights
   0.0008  -0.0239   0.1228  -0.4227   1.3229
DIIS solution done in 0.326021
Subspace diagonalization done in 46.198706
Alpha HOMO-LUMO gap is -1.124 eV
Beta  HOMO-LUMO gap is  210.002 eV

Alpha orbital symmetries
Orbital  1: l=0 m=+0  99.94 %
Orbital  2: l=0 m=+0  98.51 %
Orbital  3: l=1 m=+1  99.67 %
Orbital  4: l=1 m=+1  70.91 %

Beta orbital symmetries
Orbital  1: l=0 m=+0  99.94 %


**** Iteration 10 ****

Tr Pa = 4.000000
Tr Pb = 1.000000
Coulomb energy 1.0679841081e+01  9.372747
Exchange energy -3.7025331186e+00  0.494203
Total energy is -24.5419656754
Energy changed by -5.485816e-10
DIIS error is 2.687283e-07, update done in 1.580208
CDIIS weights
   0.0022  -0.0141   0.0596  -0.2985   1.2508
DIIS solution done in 0.885022
Subspace diagonalization done in 34.055047
Alpha HOMO-LUMO gap is -1.124 eV
Beta  HOMO-LUMO gap is  210.002 eV

Alpha orbital symmetries
Orbital  1: l=0 m=+0  99.94 %
Orbital  2: l=0 m=+0  98.51 %
Orbital  3: l=1 m=+1  99.67 %
Orbital  4: l=1 m=+1  70.91 %

Beta orbital symmetries
Orbital  1: l=0 m=+0  99.94 %


**** Iteration 11 ****

Tr Pa = 4.000000
Tr Pb = 1.000000
Coulomb energy 1.0679839837e+01  9.003294
Exchange energy -3.7025328790e+00  0.722623
Total energy is -24.5419656754
Energy changed by -1.535838e-11
DIIS error is 5.285539e-08, update done in 1.660804
CDIIS weights
   0.0005  -0.0042   0.0379  -0.3358   1.3016
DIIS solution done in 0.521757
Subspace diagonalization done in 66.741805
Alpha HOMO-LUMO gap is -1.124 eV
Beta  HOMO-LUMO gap is  210.002 eV

Alpha orbital symmetries
Orbital  1: l=0 m=+0  99.94 %
Orbital  2: l=0 m=+0  98.51 %
Orbital  3: l=1 m=+1  99.67 %
Orbital  4: l=1 m=+1  70.91 %

Beta orbital symmetries
Orbital  1: l=0 m=+0  99.94 %

Kinetic               energy:  24.4130640919244044
Nuclear attraction    energy: -55.5560359610420704
Nuclear repulsion     energy:  0.0000000000000000
Coulomb               energy:  10.6798398370700145
Exact exchange        energy: -3.7025328790262670
Exchange-correlation  energy:  0.0000000000000000
Electric field        energy:  0.0000000000000000
Magnetic field        energy: -0.3763007642936219
Confinement potential energy:  0.0000000000000000
Total                 energy: -24.5419656753675390
Virial ratio          energy:  1.0052800247833606

Electronic dipole     moment -8.5526624867163757e-07
Electronic quadrupole moment -3.9937672410957124e+00
Electron density          at nucleus  3.6418667116e+01  3.4463422039e+01  7.0882089155e+01
Electron density gradient at nucleus -3.6418667116e+02 -3.4463422038e+02 -7.0882089153e+02
Cusp condition is 1.0000000000

Occupied orbital analysis:
Alpha orbitals
io        energy     1/<r^-1>          <r>  sqrt(<r^2>)  cbrt(<r^3>)
 1 -8.048438e+00 2.138968e-01 3.261288e-01 3.792273e-01 4.313870e-01
 2 -8.551641e-01 1.251352e+00 1.759825e+00 1.909851e+00 2.054825e+00
 3 -7.396187e-01 1.364836e+00 1.740041e+00 1.918040e+00 2.091641e+00
 4 -1.497008e-01 4.251661e+00 5.460800e+00 5.787032e+00 6.075843e+00
Beta orbitals
 1 -7.771737e+00 2.141773e-01 3.262155e-01 3.789581e-01 4.305084e-01
