ERKALE - HF/DFT from Hel, OpenMP version, running on 8 cores.
(c) Susi Lehtola, 2010-2016.

This program is free software; you can redistribute it and/or modify
it under the terms of the GNU General Public License as published by
the Free Software Foundation; either version 2 of the License, or
(at your option) any later version.

Running on host silver.

Current time is Mon 02 Feb 2026 01:28:43.

Current Settings used by ERKALE:
     AtomGuess      	                Auto	Method used for atomic guess (Auto for same as method)
     Basis          	         aug-cc-pVTZ	Basis set used in calculation
     BasisCutoff    	           1.000e-08	Cutoff for dropping out small primitives from contraction
     BasisOrth      	                Auto	Method of orthonormalization of basis set
     BasisRotate    	               false	Rotate basis set to remove redundant functions?
     Charge         	                   0	Total charge of system
     CholDepThresh  	           1.000e-07	Partial Cholesky decomposition threshold
     Cholesky       	                true	Use Cholesky decomposition?
     CholeskyMode   	                   0	Save/load integrals? 0 no, 1 save, -1 load
     CholeskyNAFThr 	           0.000e+00	Cholesky natural auxiliary function threshold
     CholeskyShThr  	           1.000e-02	Cholesky cache threshold
     CholeskyThr    	           1.000e-07	Cholesky decomposition threshold
     Complexbas     	                true	Use complex basis?
     Confinement    	         0.0 0.0 0.0	Confinement potential V(r) = V_i x_i^2
     ConvThr        	           1.000e-06	Orbital gradient convergence threshold
     DFTBasisThr    	           1.000e-10	Threshold for screening basis functions on grid
     DFTCpars       	                    	Override parameters of correlation functional (expert)
     DFTDelta       	           1.000e+02	Switch to final DFT grid has converged within factor X
     DFTDensityThr  	           1.000e-10	Threshold for screening density on grid
     DFTFinalTol    	           1.000e-05	Tolerance of final DFT grid
     DFTGrid        	             75 -302	DFT integration grid to use: nrad lmax or Auto for adaptive
     DFTInitialTol  	           1.000e-04	Tolerance of initial DFT grid
     DFTLobatto     	               false	Use Lobatto quadrature instead of Lebedev quadrature?
     DFTQuadThresh  	           2.220e-16	Threshold for pruning points with small quadrature weight
     DFTXpars       	                    	Override parameters of exchange functional (expert)
     DIISComb       	               false	Combine alpha and beta errors in unrestricted calcs?
     DIISEps        	           1.000e-01	Start mixing in DIIS when error is
     DIISOrder      	                  10	How many DIIS iterations to keep in memory?
     DIISThr        	           1.000e-02	DIIS error threshold for DIIS updates
     DecFock        	               false	Use decontracted basis to calculate Fock matrix (direct HF)
     Decontract     	                   *	Indices of atoms to decontract basis set for
     DensityFitting 	               false	Use density fitting / RI?
     Direct         	               false	Calculate two-electron integrals (or density fitting) on-the-fly?
     EField         	         0.0 0.0 0.0	Electric field
     ErrorNorm      	                 rms	Error norm to use in the SCF code
     FittingBasis   	                Auto	Basis to use for density fitting / RI (Auto for automatic)
     FittingCholeskyThreshold	           1.000e-08	Linear dependence threshold for pivoted Cholesky of Coulomb integrals in density fitting
     FittingMemory  	                1000	Amount of memory in MB to use for exchange fitting
     FittingThreshold	           1.000e-07	Linear dependence threshold for Coulomb integrals in density fitting
     Guess          	              sapfit	Used guess: SAD (default), SADNO, core, GWH, SAP, or SAPfit
     InitConvThr    	           1.000e-05	Initialization convergence threshold
     InputBohr      	               false	Use atomic units as input units instead of angstrom?
     IntegralThresh 	           1.000e-10	Integral screening threshold
     Kgwh           	           1.750e+00	Scaling constant for GWH
     LinDepThresh   	           1.000e-05	Basis set linear dependency threshold
     LinearB        	           6.000e-01	Magnetic field along bond axis
     LinearFreeze   	               false	If using linear symmetry, freeze symmetry to input guess
     LinearOccupationFile	     ../../Ne_4.occs	File to read linear occupations from
     LinearOccupations	                  -1	Read in occupations for linear molecule calculations?
     LinearSymmetry 	                true	Do special calculation on linear molecule along z axis
     LoadChk        	                    	Checkpoint file to load from
     Logfile        	          erkale.log	File to print out full information, stdout for screen
     MaxInitIter    	                  50	Maximum number of iterations in the stepwise solutions
     MaxIter        	                 100	Maximum number of iterations in SCF cycle
     Method         	                  HF	Method used in calculation (HF or a DFT functional)
     Multiplicity   	                   3	Spin multiplicity
     NLGrid         	             50 -194	Integration grid to use for nonlocal correlation: nrad lmax
     Occupancies    	                    	Orbital occupancies
     OptLM          	               false	If spherical harmonics used, use cartesian s and p functions?
     PZ             	               false	Perform Perdew-Zunger self-interaction correction?
     PZEthr         	           1.000e-10	Threshold for energy convergence
     PZIthr         	           1.000e-02	Threshold for initialization convergence (not too small!)
     PZNRthr        	           0.000e+00	Threshold for use of NR method in OO optimization
     PZOOthr        	           1.000e-04	Gradient threshold for OO optimization
     PZOVthr        	           1.000e-05	Gradient threshold for OV optimization
     PZimag         	                Auto	Imaginary degrees of freedom in PZ?
     PZiter         	                  20	Max number of iterations in self-consistency iteration
     PZloc          	                Auto	Initial localization before SIC calculation?
     PZlocmet       	                  FB	Initial localization method (recommend FB or IAO)
     PZmode         	                  XC	Apply PZ to the operators (in addition to J): X C D
     PZoo           	                true	Optimize OO block?
     PZov           	                true	Optimize OV block?
     PZprec         	                   1	Precondition OV block? 0: no, 1: unified, 2: orbital
     PZrand         	                true	Apply random rotation in PZ initialization? (Should be true)
     PZscale        	            Constant	Scaling for PZ: Constant, Density or Kinetic
     PZscaleExp     	           1.000e+00	Exponent in the dynamic scaling equation
     PZseed         	                   0	Seed number for randomized matrices?
     PZstab         	                   0	Stability analysis for PZ-SIC? 1 or -1 for OO, 2 or -2 for OO+OV
     PZstabThr      	           1.000e-03	Instability threshold (interpreted as -thr)
     PZw            	           1.000e+00	Weight for Perdew-Zunger self-interaction correction
     Restricted     	               false	Spin restricted?
     SAPBasis       	    helfem_large.gbs	Tabulated atomic effective potential "basis set"
     SAPGrid        	                    	SAP integration grid to use: nrad lmax or leave empty
     SaveChk        	   complex_basis.chk	Checkpoint file to save to
     Shift          	           0.000e+00	Level shift to use in Hartree
     System         	        ../atoms.xyz	System as an xyz file
     TRRHminS       	           9.750e-01	Trust-Region Roothaan-Hall minimal occupied orbital overlap
     UseADIIS       	                true	Use ADIIS for Fock matrix interpolation?
     UseBroyden     	               false	Use Broyden mixing of Fock matrices?
     UseDIIS        	                true	Use Pulay's Direct Inversion in the Iterative Subspace?
     UseLM          	                true	Use a spherical harmonics basis set by default?
     UseTRRH        	               false	Use Trust-Region Roothaan-Hall?
     VV10           	                Auto	Use VV10 non-local correlation?
     VV10Pars       	                    	VV10 parameters: b C
     Verbose        	                true	Verbose calculation?
     Verbosity      	                   5	Verboseness level

Basis set aug-cc-pVTZ found in file aug-cc-pVTZ.gbs in /home/lehtola/programs/erkale/basis/.
Basis set helfem_large.gbs found in file helfem_large.gbs in /home/lehtola/programs/erkale/basis/.
Screening by shell pairs and symmetry reduced dofs by factor 1.97.
Individual screening reduced dofs by a total factor 1.97.
Computing Cholesky vectors. Estimated memory size is 2 Mi - 7 Mi.
Cholesky vectors no     0 -     0 computed, error is 2.226530e+01 (0.02 s).
Cholesky vectors no     1 -     1 computed, error is 8.215341e+00 (0.03 s).
Cholesky vectors no     2 -     2 computed, error is 3.083745e+00 (0.03 s).
Cholesky vectors no     3 -     8 computed, error is 1.335457e+00 (0.15 s).
Cholesky vectors no     9 -    11 computed, error is 1.068472e+00 (0.06 s).
Cholesky vectors no    12 -    17 computed, error is 1.007595e+00 (0.14 s).
Cholesky vectors no    18 -    18 computed, error is 3.452026e-01 (0.03 s).
Cholesky vectors no    19 -    46 computed, error is 3.363302e-01 (0.40 s).
Cholesky vectors no    47 -    56 computed, error is 3.012426e-01 (0.00 s).
Cholesky vectors no    57 -    62 computed, error is 2.484885e-01 (0.00 s).
Cholesky vectors no    63 -    63 computed, error is 1.766832e-01 (0.00 s).
Cholesky vectors no    64 -    66 computed, error is 1.382377e-01 (0.00 s).
Cholesky vectors no    67 -    69 computed, error is 1.168235e-01 (0.00 s).
Cholesky vectors no    70 -    75 computed, error is 1.154136e-01 (0.00 s).
Cholesky vectors no    76 -    96 computed, error is 6.624677e-02 (0.00 s).
Cholesky vectors no    97 -   124 computed, error is 5.026076e-02 (0.01 s).
Cholesky vectors no   125 -   125 computed, error is 3.207102e-02 (0.00 s).
Cholesky vectors no   126 -   135 computed, error is 2.191305e-02 (0.00 s).
Cholesky vectors no   136 -   150 computed, error is 2.174603e-02 (0.00 s).
Cholesky vectors no   151 -   171 computed, error is 1.947043e-02 (0.00 s).
Cholesky vectors no   172 -   186 computed, error is 1.413921e-02 (0.00 s).
Cholesky vectors no   187 -   187 computed, error is 1.389677e-02 (0.00 s).
Cholesky vectors no   188 -   190 computed, error is 7.633327e-03 (0.00 s).
Cholesky vectors no   191 -   193 computed, error is 4.839888e-03 (0.00 s).
Cholesky vectors no   194 -   196 computed, error is 4.476463e-03 (0.00 s).
Cholesky vectors no   197 -   202 computed, error is 4.029333e-03 (0.01 s).
Cholesky vectors no   203 -   212 computed, error is 2.077976e-03 (0.00 s).
Cholesky vectors no   213 -   233 computed, error is 1.148797e-03 (0.00 s).
Cholesky vectors no   234 -   234 computed, error is 1.141982e-03 (0.00 s).
Cholesky vectors no   235 -   237 computed, error is 6.359848e-04 (0.00 s).
Cholesky vectors no   238 -   258 computed, error is 6.053110e-04 (0.00 s).
Cholesky vectors no   259 -   286 computed, error is 4.461455e-04 (0.01 s).
Cholesky vectors no   287 -   296 computed, error is 1.911104e-04 (0.00 s).
Cholesky vectors no   297 -   305 computed, error is 1.652345e-04 (0.01 s).
Cholesky vectors no   306 -   306 computed, error is 1.563482e-04 (0.00 s).
Cholesky vectors no   307 -   316 computed, error is 7.776131e-05 (0.00 s).
Cholesky vectors no   317 -   317 computed, error is 5.835349e-05 (0.00 s).
Cholesky vectors no   318 -   323 computed, error is 4.744197e-05 (0.00 s).
Cholesky vectors no   324 -   326 computed, error is 4.463689e-05 (0.00 s).
Cholesky vectors no   327 -   332 computed, error is 3.249701e-05 (0.00 s).
Cholesky vectors no   333 -   333 computed, error is 3.242471e-05 (0.00 s).
Cholesky vectors no   334 -   347 computed, error is 6.239495e-06 (0.00 s).
Cholesky vectors no   348 -   360 computed, error is 4.540017e-06 (0.00 s).
Cholesky vectors no   361 -   381 computed, error is 3.647806e-06 (0.00 s).
Cholesky vectors no   382 -   395 computed, error is 3.400079e-06 (0.00 s).
Cholesky vectors no   396 -   396 computed, error is 1.731172e-06 (0.00 s).
Cholesky vectors no   397 -   397 computed, error is 1.698107e-06 (0.00 s).
Cholesky vectors no   398 -   398 computed, error is 9.292947e-07 (0.00 s).
Cholesky vectors no   399 -   403 computed, error is 7.814019e-07 (0.01 s).
Cholesky vectors no   404 -   406 computed, error is 7.088056e-07 (0.00 s).
Cholesky vectors no   407 -   413 computed, error is 2.399358e-07 (0.00 s).
Cholesky vectors no   414 -   428 computed, error is 1.910149e-07 (0.00 s).
Cholesky vectors no   429 -   431 computed, error is 1.235253e-07 (0.00 s).
Cholesky vectors no   432 -   452 computed, error is 1.144584e-07 (0.00 s).
Cholesky vectors no   453 -   455 computed, error is 1.054375e-07 (0.00 s).
Cholesky vectors no   456 -   456 computed, error is 8.857369e-08 (0.00 s).
Cholesky decomposition finished in 1.34 s. Realized memory size is 6 Mi 539 ki.
Time use: integrals 27.5 %, linear algebra 72.5 %.
253 shell pairs and 1 nuclei
SAP potential formed in 0.002 s.
Smallest eigenvalue of overlap matrix is 3.28e-01, reciprocal condition number is 1.96e-01.
Using symmetric orthogonalization.
Smallest eigenvalue of overlap matrix is 2.55e-01, reciprocal condition number is 1.36e-01.
Using symmetric orthogonalization.
Smallest eigenvalue of overlap matrix is 9.34e-02, reciprocal condition number is 3.77e-02.
Using symmetric orthogonalization.
Smallest eigenvalue of overlap matrix is 9.99e-03, reciprocal condition number is 2.59e-03.
Using symmetric orthogonalization.
Smallest eigenvalue of overlap matrix is 9.34e-02, reciprocal condition number is 3.77e-02.
Using symmetric orthogonalization.
Smallest eigenvalue of overlap matrix is 2.55e-01, reciprocal condition number is 1.36e-01.
Using symmetric orthogonalization.
Smallest eigenvalue of overlap matrix is 3.28e-01, reciprocal condition number is 1.96e-01.
Using symmetric orthogonalization.
Nela = 6 Nelb = 4



Solving SCF
Evaluated energy -126.2024245896 (change from lowest -1.262024e+02)


Iteration 1: 1 Fock evaluations energy -126.2024245896 change -1.262024e+02 DIIS error vector rms norm 4.169055e-02
History size 1
alpha m=-1 occupations
   1.0000
alpha m=0 occupations
   1.0000   1.0000   1.0000
alpha m=1 occupations
   1.0000
alpha m=2 occupations
   1.0000
beta m=0 occupations
   1.0000   1.0000   1.0000
beta m=1 occupations
   1.0000
EDIIS+DIIS step
Evaluated energy -126.4416233067 (change from lowest -2.391987e-01)
Density matrix difference 1.020364e-01 between lowest-energy and newest entry


Iteration 2: 2 Fock evaluations energy -126.4416233067 change -2.391987e-01 DIIS error vector rms norm 1.443483e-02
History size 2
alpha m=-1 occupations
   1.0000
alpha m=0 occupations
   1.0000   1.0000   1.0000
alpha m=1 occupations
   1.0000
alpha m=2 occupations
   1.0000
beta m=0 occupations
   1.0000   1.0000   1.0000
beta m=1 occupations
   1.0000
EDIIS+DIIS step
Evaluated energy -126.4649098910 (change from lowest -2.328658e-02)
Density matrix difference 2.042631e-02 between lowest-energy and newest entry


Iteration 3: 3 Fock evaluations energy -126.4649098910 change -2.328658e-02 DIIS error vector rms norm 1.543636e-03
History size 3
alpha m=-1 occupations
   1.0000
alpha m=0 occupations
   1.0000   1.0000   1.0000
alpha m=1 occupations
   1.0000
alpha m=2 occupations
   1.0000
beta m=0 occupations
   1.0000   1.0000   1.0000
beta m=1 occupations
   1.0000
EDIIS+DIIS step
Evaluated energy -126.4653185820 (change from lowest -4.086910e-04)
Density matrix difference 2.885801e-03 between lowest-energy and newest entry


Iteration 4: 4 Fock evaluations energy -126.4653185820 change -4.086910e-04 DIIS error vector rms norm 1.804062e-04
History size 4
alpha m=-1 occupations
   1.0000
alpha m=0 occupations
   1.0000   1.0000   1.0000
alpha m=1 occupations
   1.0000
alpha m=2 occupations
   1.0000
beta m=0 occupations
   1.0000   1.0000   1.0000
beta m=1 occupations
   1.0000
EDIIS+DIIS step
Evaluated energy -126.4653289781 (change from lowest -1.039617e-05)
Density matrix difference 5.176036e-04 between lowest-energy and newest entry


Iteration 5: 5 Fock evaluations energy -126.4653289781 change -1.039617e-05 DIIS error vector rms norm 4.279049e-05
History size 5
alpha m=-1 occupations
   1.0000
alpha m=0 occupations
   1.0000   1.0000   1.0000
alpha m=1 occupations
   1.0000
alpha m=2 occupations
   1.0000
beta m=0 occupations
   1.0000   1.0000   1.0000
beta m=1 occupations
   1.0000
DIIS step
Evaluated energy -126.4653296817 (change from lowest -7.035835e-07)
Density matrix difference 1.211336e-04 between lowest-energy and newest entry


Iteration 6: 6 Fock evaluations energy -126.4653296817 change -7.035835e-07 DIIS error vector rms norm 1.193089e-05
History size 6
alpha m=-1 occupations
   1.0000
alpha m=0 occupations
   1.0000   1.0000   1.0000
alpha m=1 occupations
   1.0000
alpha m=2 occupations
   1.0000
beta m=0 occupations
   1.0000   1.0000   1.0000
beta m=1 occupations
   1.0000
DIIS step
Evaluated energy -126.4653297408 (change from lowest -5.904320e-08)
Density matrix difference 3.697526e-05 between lowest-energy and newest entry


Iteration 7: 7 Fock evaluations energy -126.4653297408 change -5.904320e-08 DIIS error vector rms norm 1.548555e-06
History size 7
alpha m=-1 occupations
   1.0000
alpha m=0 occupations
   1.0000   1.0000   1.0000
alpha m=1 occupations
   1.0000
alpha m=2 occupations
   1.0000
beta m=0 occupations
   1.0000   1.0000   1.0000
beta m=1 occupations
   1.0000
DIIS step
Evaluated energy -126.4653297417 (change from lowest -9.412844e-10)
Density matrix difference 4.831745e-06 between lowest-energy and newest entry


Iteration 8: 8 Fock evaluations energy -126.4653297417 change -9.412844e-10 DIIS error vector rms norm 2.592100e-07
History size 7
Converged to energy -126.4653297417!

Running program took 1.60 s.
