ERKALE - HF/DFT from Hel, OpenMP version, running on 8 cores.
(c) Susi Lehtola, 2010-2016.

This program is free software; you can redistribute it and/or modify
it under the terms of the GNU General Public License as published by
the Free Software Foundation; either version 2 of the License, or
(at your option) any later version.

Running on host silver.

Current time is Mon 26 Jan 2026 18:20:02.

Current Settings used by ERKALE:
     AtomGuess      	                Auto	Method used for atomic guess (Auto for same as method)
     Basis          	         aug-cc-pVTZ	Basis set used in calculation
     BasisCutoff    	           1.000e-08	Cutoff for dropping out small primitives from contraction
     BasisOrth      	                Auto	Method of orthonormalization of basis set
     BasisRotate    	               false	Rotate basis set to remove redundant functions?
     Charge         	                   0	Total charge of system
     CholDepThresh  	           1.000e-07	Partial Cholesky decomposition threshold
     Cholesky       	                true	Use Cholesky decomposition?
     CholeskyMode   	                   0	Save/load integrals? 0 no, 1 save, -1 load
     CholeskyNAFThr 	           0.000e+00	Cholesky natural auxiliary function threshold
     CholeskyShThr  	           1.000e-02	Cholesky cache threshold
     CholeskyThr    	           1.000e-07	Cholesky decomposition threshold
     Complexbas     	                true	Use complex basis?
     Confinement    	         0.0 0.0 0.0	Confinement potential V(r) = V_i x_i^2
     ConvThr        	           1.000e-06	Orbital gradient convergence threshold
     DFTBasisThr    	           1.000e-10	Threshold for screening basis functions on grid
     DFTCpars       	                    	Override parameters of correlation functional (expert)
     DFTDelta       	           1.000e+02	Switch to final DFT grid has converged within factor X
     DFTDensityThr  	           1.000e-10	Threshold for screening density on grid
     DFTFinalTol    	           1.000e-05	Tolerance of final DFT grid
     DFTGrid        	             75 -302	DFT integration grid to use: nrad lmax or Auto for adaptive
     DFTInitialTol  	           1.000e-04	Tolerance of initial DFT grid
     DFTLobatto     	               false	Use Lobatto quadrature instead of Lebedev quadrature?
     DFTQuadThresh  	           2.220e-16	Threshold for pruning points with small quadrature weight
     DFTXpars       	                    	Override parameters of exchange functional (expert)
     DIISComb       	               false	Combine alpha and beta errors in unrestricted calcs?
     DIISEps        	           1.000e-01	Start mixing in DIIS when error is
     DIISOrder      	                  10	How many DIIS iterations to keep in memory?
     DIISThr        	           1.000e-02	DIIS error threshold for DIIS updates
     DecFock        	               false	Use decontracted basis to calculate Fock matrix (direct HF)
     Decontract     	                   *	Indices of atoms to decontract basis set for
     DensityFitting 	               false	Use density fitting / RI?
     Direct         	               false	Calculate two-electron integrals (or density fitting) on-the-fly?
     EField         	         0.0 0.0 0.0	Electric field
     ErrorNorm      	                 rms	Error norm to use in the SCF code
     FittingBasis   	                Auto	Basis to use for density fitting / RI (Auto for automatic)
     FittingCholeskyThreshold	           1.000e-08	Linear dependence threshold for pivoted Cholesky of Coulomb integrals in density fitting
     FittingMemory  	                1000	Amount of memory in MB to use for exchange fitting
     FittingThreshold	           1.000e-07	Linear dependence threshold for Coulomb integrals in density fitting
     Guess          	              sapfit	Used guess: SAD (default), SADNO, core, GWH, SAP, or SAPfit
     InitConvThr    	           1.000e-05	Initialization convergence threshold
     InputBohr      	               false	Use atomic units as input units instead of angstrom?
     IntegralThresh 	           1.000e-10	Integral screening threshold
     Kgwh           	           1.750e+00	Scaling constant for GWH
     LinDepThresh   	           1.000e-05	Basis set linear dependency threshold
     LinearB        	           2.200e-01	Magnetic field along bond axis
     LinearFreeze   	               false	If using linear symmetry, freeze symmetry to input guess
     LinearOccupationFile	      ../../N_6.occs	File to read linear occupations from
     LinearOccupations	                  -1	Read in occupations for linear molecule calculations?
     LinearSymmetry 	                true	Do special calculation on linear molecule along z axis
     LoadChk        	                    	Checkpoint file to load from
     Logfile        	          erkale.log	File to print out full information, stdout for screen
     MaxInitIter    	                  50	Maximum number of iterations in the stepwise solutions
     MaxIter        	                 100	Maximum number of iterations in SCF cycle
     Method         	                  HF	Method used in calculation (HF or a DFT functional)
     Multiplicity   	                   6	Spin multiplicity
     NLGrid         	             50 -194	Integration grid to use for nonlocal correlation: nrad lmax
     Occupancies    	                    	Orbital occupancies
     OptLM          	               false	If spherical harmonics used, use cartesian s and p functions?
     PZ             	               false	Perform Perdew-Zunger self-interaction correction?
     PZEthr         	           1.000e-10	Threshold for energy convergence
     PZIthr         	           1.000e-02	Threshold for initialization convergence (not too small!)
     PZNRthr        	           0.000e+00	Threshold for use of NR method in OO optimization
     PZOOthr        	           1.000e-04	Gradient threshold for OO optimization
     PZOVthr        	           1.000e-05	Gradient threshold for OV optimization
     PZimag         	                Auto	Imaginary degrees of freedom in PZ?
     PZiter         	                  20	Max number of iterations in self-consistency iteration
     PZloc          	                Auto	Initial localization before SIC calculation?
     PZlocmet       	                  FB	Initial localization method (recommend FB or IAO)
     PZmode         	                  XC	Apply PZ to the operators (in addition to J): X C D
     PZoo           	                true	Optimize OO block?
     PZov           	                true	Optimize OV block?
     PZprec         	                   1	Precondition OV block? 0: no, 1: unified, 2: orbital
     PZrand         	                true	Apply random rotation in PZ initialization? (Should be true)
     PZscale        	            Constant	Scaling for PZ: Constant, Density or Kinetic
     PZscaleExp     	           1.000e+00	Exponent in the dynamic scaling equation
     PZseed         	                   0	Seed number for randomized matrices?
     PZstab         	                   0	Stability analysis for PZ-SIC? 1 or -1 for OO, 2 or -2 for OO+OV
     PZstabThr      	           1.000e-03	Instability threshold (interpreted as -thr)
     PZw            	           1.000e+00	Weight for Perdew-Zunger self-interaction correction
     Restricted     	               false	Spin restricted?
     SAPBasis       	    helfem_large.gbs	Tabulated atomic effective potential "basis set"
     SAPGrid        	                    	SAP integration grid to use: nrad lmax or leave empty
     SaveChk        	   complex_basis.chk	Checkpoint file to save to
     Shift          	           0.000e+00	Level shift to use in Hartree
     System         	        ../atoms.xyz	System as an xyz file
     TRRHminS       	           9.750e-01	Trust-Region Roothaan-Hall minimal occupied orbital overlap
     UseADIIS       	                true	Use ADIIS for Fock matrix interpolation?
     UseBroyden     	               false	Use Broyden mixing of Fock matrices?
     UseDIIS        	                true	Use Pulay's Direct Inversion in the Iterative Subspace?
     UseLM          	                true	Use a spherical harmonics basis set by default?
     UseTRRH        	               false	Use Trust-Region Roothaan-Hall?
     VV10           	                Auto	Use VV10 non-local correlation?
     VV10Pars       	                    	VV10 parameters: b C
     Verbose        	                true	Verbose calculation?
     Verbosity      	                   5	Verboseness level

Basis set aug-cc-pVTZ found in file aug-cc-pVTZ.gbs in /home/lehtola/programs/erkale/basis/.
Basis set helfem_large.gbs found in file helfem_large.gbs in /home/lehtola/programs/erkale/basis/.
Screening by shell pairs and symmetry reduced dofs by factor 1.97.
Individual screening reduced dofs by a total factor 1.97.
Computing Cholesky vectors. Estimated memory size is 2 Mi - 7 Mi.
Cholesky vectors no     0 -     0 computed, error is 1.524757e+01 (0.03 s).
Cholesky vectors no     1 -     1 computed, error is 5.626784e+00 (0.03 s).
Cholesky vectors no     2 -     2 computed, error is 2.110981e+00 (0.03 s).
Cholesky vectors no     3 -     8 computed, error is 9.192751e-01 (0.14 s).
Cholesky vectors no     9 -    11 computed, error is 7.410768e-01 (0.07 s).
Cholesky vectors no    12 -    17 computed, error is 6.826434e-01 (0.15 s).
Cholesky vectors no    18 -    18 computed, error is 2.340264e-01 (0.02 s).
Cholesky vectors no    19 -    46 computed, error is 2.217751e-01 (0.14 s).
Cholesky vectors no    47 -    49 computed, error is 2.197857e-01 (0.00 s).
Cholesky vectors no    50 -    55 computed, error is 1.699978e-01 (0.00 s).
Cholesky vectors no    56 -    56 computed, error is 1.221926e-01 (0.00 s).
Cholesky vectors no    57 -    59 computed, error is 7.794648e-02 (0.00 s).
Cholesky vectors no    60 -    69 computed, error is 7.101944e-02 (0.00 s).
Cholesky vectors no    70 -    97 computed, error is 5.771529e-02 (0.00 s).
Cholesky vectors no    98 -   100 computed, error is 5.392635e-02 (0.00 s).
Cholesky vectors no   101 -   106 computed, error is 3.322257e-02 (0.00 s).
Cholesky vectors no   107 -   116 computed, error is 3.134598e-02 (0.00 s).
Cholesky vectors no   117 -   117 computed, error is 2.672419e-02 (0.00 s).
Cholesky vectors no   118 -   127 computed, error is 1.525451e-02 (0.00 s).
Cholesky vectors no   128 -   142 computed, error is 1.385331e-02 (0.00 s).
Cholesky vectors no   143 -   163 computed, error is 9.828054e-03 (0.00 s).
Cholesky vectors no   164 -   166 computed, error is 9.628292e-03 (0.00 s).
Cholesky vectors no   167 -   167 computed, error is 7.685370e-03 (0.00 s).
Cholesky vectors no   168 -   188 computed, error is 6.834453e-03 (0.00 s).
Cholesky vectors no   189 -   203 computed, error is 3.618742e-03 (0.01 s).
Cholesky vectors no   204 -   209 computed, error is 2.643304e-03 (0.00 s).
Cholesky vectors no   210 -   212 computed, error is 2.361998e-03 (0.00 s).
Cholesky vectors no   213 -   215 computed, error is 1.714755e-03 (0.00 s).
Cholesky vectors no   216 -   225 computed, error is 1.450965e-03 (0.00 s).
Cholesky vectors no   226 -   246 computed, error is 1.002237e-03 (0.00 s).
Cholesky vectors no   247 -   261 computed, error is 8.466510e-04 (0.00 s).
Cholesky vectors no   262 -   264 computed, error is 7.621056e-04 (0.00 s).
Cholesky vectors no   265 -   265 computed, error is 6.916029e-04 (0.00 s).
Cholesky vectors no   266 -   282 computed, error is 3.182790e-04 (0.00 s).
Cholesky vectors no   283 -   310 computed, error is 1.982575e-04 (0.01 s).
Cholesky vectors no   311 -   320 computed, error is 1.221037e-04 (0.00 s).
Cholesky vectors no   321 -   333 computed, error is 8.830411e-05 (0.00 s).
Cholesky vectors no   334 -   343 computed, error is 7.351148e-05 (0.00 s).
Cholesky vectors no   344 -   349 computed, error is 4.140327e-05 (0.00 s).
Cholesky vectors no   350 -   350 computed, error is 3.558404e-05 (0.00 s).
Cholesky vectors no   351 -   353 computed, error is 2.222231e-05 (0.00 s).
Cholesky vectors no   354 -   354 computed, error is 1.075024e-05 (0.00 s).
Cholesky vectors no   355 -   355 computed, error is 4.231902e-06 (0.00 s).
Cholesky vectors no   356 -   360 computed, error is 3.413806e-06 (0.00 s).
Cholesky vectors no   361 -   361 computed, error is 3.181799e-06 (0.00 s).
Cholesky vectors no   362 -   368 computed, error is 2.735470e-06 (0.00 s).
Cholesky vectors no   369 -   377 computed, error is 2.484224e-06 (0.00 s).
Cholesky vectors no   378 -   391 computed, error is 1.559007e-06 (0.00 s).
Cholesky vectors no   392 -   405 computed, error is 1.154191e-06 (0.01 s).
Cholesky vectors no   406 -   406 computed, error is 8.913479e-07 (0.00 s).
Cholesky vectors no   407 -   420 computed, error is 6.820760e-07 (0.00 s).
Cholesky vectors no   421 -   421 computed, error is 5.811687e-07 (0.00 s).
Cholesky vectors no   422 -   428 computed, error is 3.803705e-07 (0.00 s).
Cholesky vectors no   429 -   434 computed, error is 3.784655e-07 (0.00 s).
Cholesky vectors no   435 -   437 computed, error is 1.636194e-07 (0.00 s).
Cholesky vectors no   438 -   442 computed, error is 1.335130e-07 (0.00 s).
Cholesky vectors no   443 -   453 computed, error is 7.424364e-08 (0.00 s).
Cholesky decomposition finished in 1.03 s. Realized memory size is 6 Mi 539 ki.
Time use: integrals 34.2 %, linear algebra 65.8 %.
253 shell pairs and 1 nuclei
SAP potential formed in 0.002 s.
Smallest eigenvalue of overlap matrix is 4.77e-01, reciprocal condition number is 3.13e-01.
Using symmetric orthogonalization.
Smallest eigenvalue of overlap matrix is 2.76e-01, reciprocal condition number is 1.49e-01.
Using symmetric orthogonalization.
Smallest eigenvalue of overlap matrix is 8.42e-02, reciprocal condition number is 3.34e-02.
Using symmetric orthogonalization.
Smallest eigenvalue of overlap matrix is 9.86e-03, reciprocal condition number is 2.56e-03.
Using symmetric orthogonalization.
Smallest eigenvalue of overlap matrix is 8.42e-02, reciprocal condition number is 3.34e-02.
Using symmetric orthogonalization.
Smallest eigenvalue of overlap matrix is 2.76e-01, reciprocal condition number is 1.49e-01.
Using symmetric orthogonalization.
Smallest eigenvalue of overlap matrix is 4.77e-01, reciprocal condition number is 3.13e-01.
Using symmetric orthogonalization.
Nela = 6 Nelb = 1



Solving SCF
Evaluated energy -52.5915632087 (change from lowest -5.259156e+01)


Iteration 1: 1 Fock evaluations energy -52.5915632087 change -5.259156e+01 DIIS error vector rms norm 2.617243e-02
History size 1
alpha m=-1 occupations
   1.0000
alpha m=0 occupations
   1.0000   1.0000   1.0000
alpha m=1 occupations
   1.0000
alpha m=3 occupations
   1.0000
beta m=0 occupations
   1.0000
EDIIS+DIIS step
Evaluated energy -52.7985740134 (change from lowest -2.070108e-01)
Density matrix difference 8.435506e-02 between lowest-energy and newest entry


Iteration 2: 2 Fock evaluations energy -52.7985740134 change -2.070108e-01 DIIS error vector rms norm 3.958888e-03
History size 2
alpha m=-1 occupations
   1.0000
alpha m=0 occupations
   1.0000   1.0000   1.0000
alpha m=1 occupations
   1.0000
alpha m=3 occupations
   1.0000
beta m=0 occupations
   1.0000
EDIIS+DIIS step
Evaluated energy -52.8025112717 (change from lowest -3.937258e-03)
Density matrix difference 1.367348e-02 between lowest-energy and newest entry


Iteration 3: 3 Fock evaluations energy -52.8025112717 change -3.937258e-03 DIIS error vector rms norm 5.627763e-04
History size 3
alpha m=-1 occupations
   1.0000
alpha m=0 occupations
   1.0000   1.0000   1.0000
alpha m=1 occupations
   1.0000
alpha m=3 occupations
   1.0000
beta m=0 occupations
   1.0000
EDIIS+DIIS step
Evaluated energy -52.8026724561 (change from lowest -1.611844e-04)
Density matrix difference 2.883450e-03 between lowest-energy and newest entry


Iteration 4: 4 Fock evaluations energy -52.8026724561 change -1.611844e-04 DIIS error vector rms norm 7.432520e-05
History size 4
alpha m=-1 occupations
   1.0000
alpha m=0 occupations
   1.0000   1.0000   1.0000
alpha m=1 occupations
   1.0000
alpha m=3 occupations
   1.0000
beta m=0 occupations
   1.0000
DIIS step
Evaluated energy -52.8026755740 (change from lowest -3.117834e-06)
Density matrix difference 4.184908e-04 between lowest-energy and newest entry


Iteration 5: 5 Fock evaluations energy -52.8026755740 change -3.117834e-06 DIIS error vector rms norm 5.240770e-06
History size 5
alpha m=-1 occupations
   1.0000
alpha m=0 occupations
   1.0000   1.0000   1.0000
alpha m=1 occupations
   1.0000
alpha m=3 occupations
   1.0000
beta m=0 occupations
   1.0000
DIIS step
Evaluated energy -52.8026755903 (change from lowest -1.634218e-08)
Density matrix difference 1.764562e-05 between lowest-energy and newest entry


Iteration 6: 6 Fock evaluations energy -52.8026755903 change -1.634218e-08 DIIS error vector rms norm 1.645401e-06
History size 6
alpha m=-1 occupations
   1.0000
alpha m=0 occupations
   1.0000   1.0000   1.0000
alpha m=1 occupations
   1.0000
alpha m=3 occupations
   1.0000
beta m=0 occupations
   1.0000
DIIS step
Evaluated energy -52.8026755922 (change from lowest -1.900702e-09)
Density matrix difference 8.599393e-06 between lowest-energy and newest entry


Iteration 7: 7 Fock evaluations energy -52.8026755922 change -1.900702e-09 DIIS error vector rms norm 1.491475e-07
History size 7
Converged to energy -52.8026755922!

Running program took 1.25 s.
