ERKALE - HF/DFT from Hel, OpenMP version, running on 8 cores.
(c) Susi Lehtola, 2010-2016.

This program is free software; you can redistribute it and/or modify
it under the terms of the GNU General Public License as published by
the Free Software Foundation; either version 2 of the License, or
(at your option) any later version.

Running on host silver.

Current time is Tue 03 Feb 2026 15:21:24.

Current Settings used by ERKALE:
     AtomGuess      	                Auto	Method used for atomic guess (Auto for same as method)
     Basis          	           AHGBSP2-7	Basis set used in calculation
     BasisCutoff    	           1.000e-08	Cutoff for dropping out small primitives from contraction
     BasisOrth      	                Auto	Method of orthonormalization of basis set
     BasisRotate    	               false	Rotate basis set to remove redundant functions?
     Charge         	                   0	Total charge of system
     CholDepThresh  	           1.000e-07	Partial Cholesky decomposition threshold
     Cholesky       	                true	Use Cholesky decomposition?
     CholeskyMode   	                   0	Save/load integrals? 0 no, 1 save, -1 load
     CholeskyNAFThr 	           0.000e+00	Cholesky natural auxiliary function threshold
     CholeskyShThr  	           1.000e-02	Cholesky cache threshold
     CholeskyThr    	           1.000e-07	Cholesky decomposition threshold
     Complexbas     	                true	Use complex basis?
     Confinement    	         0.0 0.0 0.0	Confinement potential V(r) = V_i x_i^2
     ConvThr        	           1.000e-06	Orbital gradient convergence threshold
     DFTBasisThr    	           1.000e-10	Threshold for screening basis functions on grid
     DFTCpars       	                    	Override parameters of correlation functional (expert)
     DFTDelta       	           1.000e+02	Switch to final DFT grid has converged within factor X
     DFTDensityThr  	           1.000e-10	Threshold for screening density on grid
     DFTFinalTol    	           1.000e-05	Tolerance of final DFT grid
     DFTGrid        	             75 -302	DFT integration grid to use: nrad lmax or Auto for adaptive
     DFTInitialTol  	           1.000e-04	Tolerance of initial DFT grid
     DFTLobatto     	               false	Use Lobatto quadrature instead of Lebedev quadrature?
     DFTQuadThresh  	           2.220e-16	Threshold for pruning points with small quadrature weight
     DFTXpars       	                    	Override parameters of exchange functional (expert)
     DIISComb       	               false	Combine alpha and beta errors in unrestricted calcs?
     DIISEps        	           1.000e-01	Start mixing in DIIS when error is
     DIISOrder      	                  10	How many DIIS iterations to keep in memory?
     DIISThr        	           1.000e-02	DIIS error threshold for DIIS updates
     DecFock        	               false	Use decontracted basis to calculate Fock matrix (direct HF)
     Decontract     	                   *	Indices of atoms to decontract basis set for
     DensityFitting 	               false	Use density fitting / RI?
     Direct         	               false	Calculate two-electron integrals (or density fitting) on-the-fly?
     EField         	         0.0 0.0 0.0	Electric field
     ErrorNorm      	                 rms	Error norm to use in the SCF code
     FittingBasis   	                Auto	Basis to use for density fitting / RI (Auto for automatic)
     FittingCholeskyThreshold	           1.000e-08	Linear dependence threshold for pivoted Cholesky of Coulomb integrals in density fitting
     FittingMemory  	                1000	Amount of memory in MB to use for exchange fitting
     FittingThreshold	           1.000e-07	Linear dependence threshold for Coulomb integrals in density fitting
     Guess          	              sapfit	Used guess: SAD (default), SADNO, core, GWH, SAP, or SAPfit
     InitConvThr    	           1.000e-05	Initialization convergence threshold
     InputBohr      	               false	Use atomic units as input units instead of angstrom?
     IntegralThresh 	           1.000e-10	Integral screening threshold
     Kgwh           	           1.750e+00	Scaling constant for GWH
     LinDepThresh   	           1.000e-05	Basis set linear dependency threshold
     LinearB        	           1.600e-01	Magnetic field along bond axis
     LinearFreeze   	               false	If using linear symmetry, freeze symmetry to input guess
     LinearOccupationFile	      ../../P_7.occs	File to read linear occupations from
     LinearOccupations	                  -1	Read in occupations for linear molecule calculations?
     LinearSymmetry 	                true	Do special calculation on linear molecule along z axis
     LoadChk        	                    	Checkpoint file to load from
     Logfile        	          erkale.log	File to print out full information, stdout for screen
     MaxInitIter    	                  50	Maximum number of iterations in the stepwise solutions
     MaxIter        	                 100	Maximum number of iterations in SCF cycle
     Method         	                  HF	Method used in calculation (HF or a DFT functional)
     Multiplicity   	                   6	Spin multiplicity
     NLGrid         	             50 -194	Integration grid to use for nonlocal correlation: nrad lmax
     Occupancies    	                    	Orbital occupancies
     OptLM          	               false	If spherical harmonics used, use cartesian s and p functions?
     PZ             	               false	Perform Perdew-Zunger self-interaction correction?
     PZEthr         	           1.000e-10	Threshold for energy convergence
     PZIthr         	           1.000e-02	Threshold for initialization convergence (not too small!)
     PZNRthr        	           0.000e+00	Threshold for use of NR method in OO optimization
     PZOOthr        	           1.000e-04	Gradient threshold for OO optimization
     PZOVthr        	           1.000e-05	Gradient threshold for OV optimization
     PZimag         	                Auto	Imaginary degrees of freedom in PZ?
     PZiter         	                  20	Max number of iterations in self-consistency iteration
     PZloc          	                Auto	Initial localization before SIC calculation?
     PZlocmet       	                  FB	Initial localization method (recommend FB or IAO)
     PZmode         	                  XC	Apply PZ to the operators (in addition to J): X C D
     PZoo           	                true	Optimize OO block?
     PZov           	                true	Optimize OV block?
     PZprec         	                   1	Precondition OV block? 0: no, 1: unified, 2: orbital
     PZrand         	                true	Apply random rotation in PZ initialization? (Should be true)
     PZscale        	            Constant	Scaling for PZ: Constant, Density or Kinetic
     PZscaleExp     	           1.000e+00	Exponent in the dynamic scaling equation
     PZseed         	                   0	Seed number for randomized matrices?
     PZstab         	                   0	Stability analysis for PZ-SIC? 1 or -1 for OO, 2 or -2 for OO+OV
     PZstabThr      	           1.000e-03	Instability threshold (interpreted as -thr)
     PZw            	           1.000e+00	Weight for Perdew-Zunger self-interaction correction
     Restricted     	               false	Spin restricted?
     SAPBasis       	    helfem_large.gbs	Tabulated atomic effective potential "basis set"
     SAPGrid        	                    	SAP integration grid to use: nrad lmax or leave empty
     SaveChk        	   complex_basis.chk	Checkpoint file to save to
     Shift          	           0.000e+00	Level shift to use in Hartree
     System         	        ../atoms.xyz	System as an xyz file
     TRRHminS       	           9.750e-01	Trust-Region Roothaan-Hall minimal occupied orbital overlap
     UseADIIS       	                true	Use ADIIS for Fock matrix interpolation?
     UseBroyden     	               false	Use Broyden mixing of Fock matrices?
     UseDIIS        	                true	Use Pulay's Direct Inversion in the Iterative Subspace?
     UseLM          	                true	Use a spherical harmonics basis set by default?
     UseTRRH        	               false	Use Trust-Region Roothaan-Hall?
     VV10           	                Auto	Use VV10 non-local correlation?
     VV10Pars       	                    	VV10 parameters: b C
     Verbose        	                true	Verbose calculation?
     Verbosity      	                   5	Verboseness level

Basis set AHGBSP2-7 found in file AHGBSP2-7.gbs in /home/lehtola/programs/erkale/basis/.
Basis set helfem_large.gbs found in file helfem_large.gbs in /home/lehtola/programs/erkale/basis/.
Screening by shell pairs and symmetry reduced dofs by factor 2.03.
Individual screening reduced dofs by a total factor 2.03.
Computing Cholesky vectors. Estimated memory size is 303 Mi - 1013 Mi.
Cholesky vectors no     0 -     0 computed, error is 1.489003e+02 (0.03 s).
Cholesky vectors no     1 -     1 computed, error is 4.110827e+01 (0.03 s).
Cholesky vectors no     2 -     2 computed, error is 1.719168e+01 (0.03 s).
Cholesky vectors no     3 -     8 computed, error is 1.575777e+01 (0.08 s).
Cholesky vectors no     9 -     9 computed, error is 9.196731e+00 (0.00 s).
Cholesky vectors no    10 -    12 computed, error is 7.089109e+00 (0.00 s).
Cholesky vectors no    13 -    18 computed, error is 2.534901e+00 (0.01 s).
Cholesky vectors no    19 -    33 computed, error is 2.391498e+00 (0.02 s).
Cholesky vectors no    34 -    36 computed, error is 2.176939e+00 (0.00 s).
Cholesky vectors no    37 -    37 computed, error is 1.462924e+00 (0.00 s).
Cholesky vectors no    38 -    47 computed, error is 1.158334e+00 (0.02 s).
Cholesky vectors no    48 -    53 computed, error is 9.000360e-01 (0.01 s).
Cholesky vectors no    54 -    81 computed, error is 7.568645e-01 (0.05 s).
Cholesky vectors no    82 -    84 computed, error is 7.215653e-01 (0.01 s).
Cholesky vectors no    85 -    99 computed, error is 6.492763e-01 (0.03 s).
Cholesky vectors no   100 -   120 computed, error is 4.342548e-01 (0.10 s).
Cholesky vectors no   121 -   121 computed, error is 3.635628e-01 (0.00 s).
Cholesky vectors no   122 -   149 computed, error is 2.447252e-01 (0.15 s).
Cholesky vectors no   150 -   170 computed, error is 1.933020e-01 (0.11 s).
Cholesky vectors no   171 -   180 computed, error is 1.673815e-01 (0.05 s).
Cholesky vectors no   181 -   208 computed, error is 1.378766e-01 (0.23 s).
Cholesky vectors no   209 -   236 computed, error is 1.224813e-01 (0.23 s).
Cholesky vectors no   237 -   257 computed, error is 1.167143e-01 (0.19 s).
Cholesky vectors no   258 -   258 computed, error is 9.869733e-02 (0.01 s).
Cholesky vectors no   259 -   261 computed, error is 7.262316e-02 (0.03 s).
Cholesky vectors no   262 -   289 computed, error is 6.678136e-02 (0.23 s).
Cholesky vectors no   290 -   292 computed, error is 6.209243e-02 (0.03 s).
Cholesky vectors no   293 -   298 computed, error is 5.484752e-02 (0.06 s).
Cholesky vectors no   299 -   319 computed, error is 5.209872e-02 (0.29 s).
Cholesky vectors no   320 -   347 computed, error is 4.362236e-02 (0.30 s).
Cholesky vectors no   348 -   357 computed, error is 4.008661e-02 (0.11 s).
Cholesky vectors no   358 -   358 computed, error is 3.251413e-02 (0.01 s).
Cholesky vectors no   359 -   359 computed, error is 3.065487e-02 (0.01 s).
Cholesky vectors no   360 -   374 computed, error is 2.895539e-02 (0.17 s).
Cholesky vectors no   375 -   395 computed, error is 2.800171e-02 (0.20 s).
Cholesky vectors no   396 -   416 computed, error is 2.755567e-02 (0.32 s).
Cholesky vectors no   417 -   444 computed, error is 1.968471e-02 (0.27 s).
Cholesky vectors no   445 -   472 computed, error is 1.818912e-02 (0.24 s).
Cholesky vectors no   473 -   500 computed, error is 1.771882e-02 (0.34 s).
Cholesky vectors no   501 -   521 computed, error is 1.458325e-02 (0.20 s).
Cholesky vectors no   522 -   542 computed, error is 1.144843e-02 (0.21 s).
Cholesky vectors no   543 -   563 computed, error is 1.042184e-02 (0.32 s).
Cholesky vectors no   564 -   591 computed, error is 7.634437e-03 (0.32 s).
Cholesky vectors no   592 -   594 computed, error is 7.445914e-03 (0.03 s).
Cholesky vectors no   595 -   615 computed, error is 7.437542e-03 (0.46 s).
Cholesky vectors no   616 -   643 computed, error is 6.819968e-03 (0.51 s).
Cholesky vectors no   644 -   671 computed, error is 4.930419e-03 (0.46 s).
Cholesky vectors no   672 -   692 computed, error is 4.286985e-03 (0.34 s).
Cholesky vectors no   693 -   695 computed, error is 3.937931e-03 (0.05 s).
Cholesky vectors no   696 -   723 computed, error is 3.744206e-03 (0.68 s).
Cholesky vectors no   724 -   744 computed, error is 3.431575e-03 (0.41 s).
Cholesky vectors no   745 -   751 computed, error is 2.585264e-03 (0.13 s).
Cholesky vectors no   752 -   779 computed, error is 2.502076e-03 (0.57 s).
Cholesky vectors no   780 -   785 computed, error is 1.902066e-03 (0.12 s).
Cholesky vectors no   786 -   806 computed, error is 1.523082e-03 (0.63 s).
Cholesky vectors no   807 -   834 computed, error is 1.121253e-03 (0.63 s).
Cholesky vectors no   835 -   845 computed, error is 9.772041e-04 (0.24 s).
Cholesky vectors no   846 -   873 computed, error is 9.399816e-04 (0.54 s).
Cholesky vectors no   874 -   894 computed, error is 8.841441e-04 (0.43 s).
Cholesky vectors no   895 -   897 computed, error is 7.529272e-04 (0.06 s).
Cholesky vectors no   898 -   907 computed, error is 7.390475e-04 (0.42 s).
Cholesky vectors no   908 -   908 computed, error is 6.120642e-04 (0.02 s).
Cholesky vectors no   909 -   929 computed, error is 5.866379e-04 (0.42 s).
Cholesky vectors no   930 -   944 computed, error is 4.822765e-04 (0.26 s).
Cholesky vectors no   945 -   965 computed, error is 4.136927e-04 (0.44 s).
Cholesky vectors no   966 -   968 computed, error is 3.783509e-04 (0.06 s).
Cholesky vectors no   969 -   996 computed, error is 3.538051e-04 (0.61 s).
Cholesky vectors no   997 -  1017 computed, error is 3.387326e-04 (0.72 s).
Cholesky vectors no  1018 -  1024 computed, error is 2.929457e-04 (0.17 s).
Cholesky vectors no  1025 -  1052 computed, error is 2.806074e-04 (0.72 s).
Cholesky vectors no  1053 -  1073 computed, error is 2.495553e-04 (0.55 s).
Cholesky vectors no  1074 -  1101 computed, error is 1.907975e-04 (0.95 s).
Cholesky vectors no  1102 -  1104 computed, error is 1.449225e-04 (0.07 s).
Cholesky vectors no  1105 -  1105 computed, error is 1.120500e-04 (0.03 s).
Cholesky vectors no  1106 -  1126 computed, error is 7.260815e-05 (0.54 s).
Cholesky vectors no  1127 -  1132 computed, error is 6.452899e-05 (0.15 s).
Cholesky vectors no  1133 -  1160 computed, error is 6.417661e-05 (0.91 s).
Cholesky vectors no  1161 -  1161 computed, error is 4.285579e-05 (0.05 s).
Cholesky vectors no  1162 -  1182 computed, error is 2.667477e-05 (0.85 s).
Cholesky vectors no  1183 -  1185 computed, error is 2.431329e-05 (0.13 s).
Cholesky vectors no  1186 -  1213 computed, error is 2.170627e-05 (1.28 s).
Cholesky vectors no  1214 -  1234 computed, error is 1.589687e-05 (0.60 s).
Cholesky vectors no  1235 -  1237 computed, error is 1.345663e-05 (0.10 s).
Cholesky vectors no  1238 -  1265 computed, error is 1.184050e-05 (0.93 s).
Cholesky vectors no  1266 -  1266 computed, error is 9.166679e-06 (0.04 s).
Cholesky vectors no  1267 -  1294 computed, error is 8.969444e-06 (0.99 s).
Cholesky vectors no  1295 -  1315 computed, error is 8.096104e-06 (0.93 s).
Cholesky vectors no  1316 -  1321 computed, error is 5.726056e-06 (0.21 s).
Cholesky vectors no  1322 -  1331 computed, error is 4.952043e-06 (0.34 s).
Cholesky vectors no  1332 -  1359 computed, error is 3.284178e-06 (0.99 s).
Cholesky vectors no  1360 -  1374 computed, error is 3.240640e-06 (0.61 s).
Cholesky vectors no  1375 -  1395 computed, error is 3.232795e-06 (0.80 s).
Cholesky vectors no  1396 -  1423 computed, error is 3.053197e-06 (1.27 s).
Cholesky vectors no  1424 -  1451 computed, error is 3.031957e-06 (1.17 s).
Cholesky vectors no  1452 -  1472 computed, error is 2.729341e-06 (0.80 s).
Cholesky vectors no  1473 -  1473 computed, error is 2.558764e-06 (0.04 s).
Cholesky vectors no  1474 -  1494 computed, error is 1.550813e-06 (0.82 s).
Cholesky vectors no  1495 -  1499 computed, error is 1.494668e-06 (0.20 s).
Cholesky vectors no  1500 -  1508 computed, error is 1.489053e-06 (0.74 s).
Cholesky vectors no  1509 -  1529 computed, error is 1.154858e-06 (0.86 s).
Cholesky vectors no  1530 -  1557 computed, error is 1.062307e-06 (1.05 s).
Cholesky vectors no  1558 -  1558 computed, error is 7.975738e-07 (0.04 s).
Cholesky vectors no  1559 -  1579 computed, error is 7.352057e-07 (0.85 s).
Cholesky vectors no  1580 -  1607 computed, error is 6.867301e-07 (1.35 s).
Cholesky vectors no  1608 -  1610 computed, error is 6.456938e-07 (0.13 s).
Cholesky vectors no  1611 -  1631 computed, error is 4.989007e-07 (0.89 s).
Cholesky vectors no  1632 -  1659 computed, error is 4.851638e-07 (1.06 s).
Cholesky vectors no  1660 -  1660 computed, error is 3.949351e-07 (0.04 s).
Cholesky vectors no  1661 -  1688 computed, error is 3.573914e-07 (1.00 s).
Cholesky vectors no  1689 -  1709 computed, error is 3.546732e-07 (1.02 s).
Cholesky vectors no  1710 -  1718 computed, error is 2.990375e-07 (0.38 s).
Cholesky vectors no  1719 -  1724 computed, error is 1.490800e-07 (0.19 s).
Cholesky vectors no  1725 -  1745 computed, error is 1.214201e-07 (0.61 s).
Cholesky vectors no  1746 -  1773 computed, error is 1.146421e-07 (0.79 s).
Cholesky vectors no  1774 -  1778 computed, error is 6.911901e-08 (0.13 s).
Cholesky decomposition finished in 44.18 s. Realized memory size is 607 Mi 978 ki.
Time use: integrals 2.3 %, linear algebra 97.7 %.
3130 shell pairs and 1 nuclei
SAP potential formed in 0.015 s.
Smallest eigenvalue of overlap matrix is 3.11e-03, reciprocal condition number is 8.35e-04.
Using symmetric orthogonalization.
Smallest eigenvalue of overlap matrix is 2.27e-03, reciprocal condition number is 5.68e-04.
Using symmetric orthogonalization.
Smallest eigenvalue of overlap matrix is 1.27e-03, reciprocal condition number is 2.82e-04.
Using symmetric orthogonalization.
Smallest eigenvalue of overlap matrix is 5.07e-04, reciprocal condition number is 8.92e-05.
Using symmetric orthogonalization.
Smallest eigenvalue of overlap matrix is 1.27e-03, reciprocal condition number is 2.82e-04.
Using symmetric orthogonalization.
Smallest eigenvalue of overlap matrix is 2.27e-03, reciprocal condition number is 5.68e-04.
Using symmetric orthogonalization.
Smallest eigenvalue of overlap matrix is 3.11e-03, reciprocal condition number is 8.35e-04.
Using symmetric orthogonalization.
Nela = 10 Nelb = 5



Solving SCF
Evaluated energy -306.0175555116 (change from lowest -3.060176e+02)


Iteration 1: 1 Fock evaluations energy -306.0175555116 change -3.060176e+02 DIIS error vector rms norm 5.704745e-02
History size 1
alpha m=-1 occupations
   1.0000
alpha m=0 occupations
   1.0000   1.0000   1.0000   1.0000   1.0000
alpha m=1 occupations
   1.0000   1.0000
alpha m=2 occupations
   1.0000
alpha m=3 occupations
   1.0000
beta m=-1 occupations
   1.0000
beta m=0 occupations
   1.0000   1.0000   1.0000
beta m=1 occupations
   1.0000
EDIIS+DIIS step
Evaluated energy -339.4660857804 (change from lowest -3.344853e+01)
Density matrix difference 1.308242e-01 between lowest-energy and newest entry


Iteration 2: 2 Fock evaluations energy -339.4660857804 change -3.344853e+01 DIIS error vector rms norm 1.447113e-03
History size 2
alpha m=-1 occupations
   1.0000
alpha m=0 occupations
   1.0000   1.0000   1.0000   1.0000   1.0000
alpha m=1 occupations
   1.0000   1.0000
alpha m=2 occupations
   1.0000
alpha m=3 occupations
   1.0000
beta m=-1 occupations
   1.0000
beta m=0 occupations
   1.0000   1.0000   1.0000
beta m=1 occupations
   1.0000
EDIIS+DIIS step
Evaluated energy -339.4876783381 (change from lowest -2.159256e-02)
Density matrix difference 1.792159e-02 between lowest-energy and newest entry


Iteration 3: 3 Fock evaluations energy -339.4876783381 change -2.159256e-02 DIIS error vector rms norm 3.983654e-04
History size 3
alpha m=-1 occupations
   1.0000
alpha m=0 occupations
   1.0000   1.0000   1.0000   1.0000   1.0000
alpha m=1 occupations
   1.0000   1.0000
alpha m=2 occupations
   1.0000
alpha m=3 occupations
   1.0000
beta m=-1 occupations
   1.0000
beta m=0 occupations
   1.0000   1.0000   1.0000
beta m=1 occupations
   1.0000
EDIIS+DIIS step
Evaluated energy -339.4892191666 (change from lowest -1.540829e-03)
Density matrix difference 4.436650e-03 between lowest-energy and newest entry


Iteration 4: 4 Fock evaluations energy -339.4892191666 change -1.540829e-03 DIIS error vector rms norm 8.808520e-05
History size 4
alpha m=-1 occupations
   1.0000
alpha m=0 occupations
   1.0000   1.0000   1.0000   1.0000   1.0000
alpha m=1 occupations
   1.0000   1.0000
alpha m=2 occupations
   1.0000
alpha m=3 occupations
   1.0000
beta m=-1 occupations
   1.0000
beta m=0 occupations
   1.0000   1.0000   1.0000
beta m=1 occupations
   1.0000
DIIS step
Evaluated energy -339.4895896695 (change from lowest -3.705028e-04)
Density matrix difference 2.784924e-03 between lowest-energy and newest entry


Iteration 5: 5 Fock evaluations energy -339.4895896695 change -3.705028e-04 DIIS error vector rms norm 2.810232e-05
History size 5
alpha m=-1 occupations
   1.0000
alpha m=0 occupations
   1.0000   1.0000   1.0000   1.0000   1.0000
alpha m=1 occupations
   1.0000   1.0000
alpha m=2 occupations
   1.0000
alpha m=3 occupations
   1.0000
beta m=-1 occupations
   1.0000
beta m=0 occupations
   1.0000   1.0000   1.0000
beta m=1 occupations
   1.0000
DIIS step
Evaluated energy -339.4896237231 (change from lowest -3.405366e-05)
Density matrix difference 1.011151e-03 between lowest-energy and newest entry


Iteration 6: 6 Fock evaluations energy -339.4896237231 change -3.405366e-05 DIIS error vector rms norm 3.772073e-06
History size 6
alpha m=-1 occupations
   1.0000
alpha m=0 occupations
   1.0000   1.0000   1.0000   1.0000   1.0000
alpha m=1 occupations
   1.0000   1.0000
alpha m=2 occupations
   1.0000
alpha m=3 occupations
   1.0000
beta m=-1 occupations
   1.0000
beta m=0 occupations
   1.0000   1.0000   1.0000
beta m=1 occupations
   1.0000
DIIS step
Evaluated energy -339.4896241724 (change from lowest -4.492511e-07)
Density matrix difference 1.053191e-04 between lowest-energy and newest entry


Iteration 7: 7 Fock evaluations energy -339.4896241724 change -4.492511e-07 DIIS error vector rms norm 6.663842e-07
History size 7
Converged to energy -339.4896241724!

Running program took 2 min 44.70 s.
