ERKALE - HF/DFT from Hel, OpenMP version, running on 8 cores.
(c) Susi Lehtola, 2010-2016.

This program is free software; you can redistribute it and/or modify
it under the terms of the GNU General Public License as published by
the Free Software Foundation; either version 2 of the License, or
(at your option) any later version.

Running on host silver.

Current time is Fri 06 Feb 2026 19:33:05.

Current Settings used by ERKALE:
     AtomGuess      	                Auto	Method used for atomic guess (Auto for same as method)
     Basis          	            HGBSP1-7	Basis set used in calculation
     BasisCutoff    	           1.000e-08	Cutoff for dropping out small primitives from contraction
     BasisOrth      	                Auto	Method of orthonormalization of basis set
     BasisRotate    	               false	Rotate basis set to remove redundant functions?
     Charge         	                   0	Total charge of system
     CholDepThresh  	           1.000e-07	Partial Cholesky decomposition threshold
     Cholesky       	                true	Use Cholesky decomposition?
     CholeskyMode   	                   0	Save/load integrals? 0 no, 1 save, -1 load
     CholeskyNAFThr 	           0.000e+00	Cholesky natural auxiliary function threshold
     CholeskyShThr  	           1.000e-02	Cholesky cache threshold
     CholeskyThr    	           1.000e-07	Cholesky decomposition threshold
     Complexbas     	                true	Use complex basis?
     Confinement    	         0.0 0.0 0.0	Confinement potential V(r) = V_i x_i^2
     ConvThr        	           1.000e-06	Orbital gradient convergence threshold
     DFTBasisThr    	           1.000e-10	Threshold for screening basis functions on grid
     DFTCpars       	                    	Override parameters of correlation functional (expert)
     DFTDelta       	           1.000e+02	Switch to final DFT grid has converged within factor X
     DFTDensityThr  	           1.000e-10	Threshold for screening density on grid
     DFTFinalTol    	           1.000e-05	Tolerance of final DFT grid
     DFTGrid        	             75 -302	DFT integration grid to use: nrad lmax or Auto for adaptive
     DFTInitialTol  	           1.000e-04	Tolerance of initial DFT grid
     DFTLobatto     	               false	Use Lobatto quadrature instead of Lebedev quadrature?
     DFTQuadThresh  	           2.220e-16	Threshold for pruning points with small quadrature weight
     DFTXpars       	                    	Override parameters of exchange functional (expert)
     DIISComb       	               false	Combine alpha and beta errors in unrestricted calcs?
     DIISEps        	           1.000e-01	Start mixing in DIIS when error is
     DIISOrder      	                  10	How many DIIS iterations to keep in memory?
     DIISThr        	           1.000e-02	DIIS error threshold for DIIS updates
     DecFock        	               false	Use decontracted basis to calculate Fock matrix (direct HF)
     Decontract     	                   *	Indices of atoms to decontract basis set for
     DensityFitting 	               false	Use density fitting / RI?
     Direct         	               false	Calculate two-electron integrals (or density fitting) on-the-fly?
     EField         	         0.0 0.0 0.0	Electric field
     ErrorNorm      	                 rms	Error norm to use in the SCF code
     FittingBasis   	                Auto	Basis to use for density fitting / RI (Auto for automatic)
     FittingCholeskyThreshold	           1.000e-08	Linear dependence threshold for pivoted Cholesky of Coulomb integrals in density fitting
     FittingMemory  	                1000	Amount of memory in MB to use for exchange fitting
     FittingThreshold	           1.000e-07	Linear dependence threshold for Coulomb integrals in density fitting
     Guess          	              sapfit	Used guess: SAD (default), SADNO, core, GWH, SAP, or SAPfit
     InitConvThr    	           1.000e-05	Initialization convergence threshold
     InputBohr      	               false	Use atomic units as input units instead of angstrom?
     IntegralThresh 	           1.000e-10	Integral screening threshold
     Kgwh           	           1.750e+00	Scaling constant for GWH
     LinDepThresh   	           1.000e-05	Basis set linear dependency threshold
     LinearB        	           4.400e-01	Magnetic field along bond axis
     LinearFreeze   	               false	If using linear symmetry, freeze symmetry to input guess
     LinearOccupationFile	     ../../Si_5.occs	File to read linear occupations from
     LinearOccupations	                  -1	Read in occupations for linear molecule calculations?
     LinearSymmetry 	                true	Do special calculation on linear molecule along z axis
     LoadChk        	                    	Checkpoint file to load from
     Logfile        	          erkale.log	File to print out full information, stdout for screen
     MaxInitIter    	                  50	Maximum number of iterations in the stepwise solutions
     MaxIter        	                 100	Maximum number of iterations in SCF cycle
     Method         	                  HF	Method used in calculation (HF or a DFT functional)
     Multiplicity   	                   5	Spin multiplicity
     NLGrid         	             50 -194	Integration grid to use for nonlocal correlation: nrad lmax
     Occupancies    	                    	Orbital occupancies
     OptLM          	               false	If spherical harmonics used, use cartesian s and p functions?
     PZ             	               false	Perform Perdew-Zunger self-interaction correction?
     PZEthr         	           1.000e-10	Threshold for energy convergence
     PZIthr         	           1.000e-02	Threshold for initialization convergence (not too small!)
     PZNRthr        	           0.000e+00	Threshold for use of NR method in OO optimization
     PZOOthr        	           1.000e-04	Gradient threshold for OO optimization
     PZOVthr        	           1.000e-05	Gradient threshold for OV optimization
     PZimag         	                Auto	Imaginary degrees of freedom in PZ?
     PZiter         	                  20	Max number of iterations in self-consistency iteration
     PZloc          	                Auto	Initial localization before SIC calculation?
     PZlocmet       	                  FB	Initial localization method (recommend FB or IAO)
     PZmode         	                  XC	Apply PZ to the operators (in addition to J): X C D
     PZoo           	                true	Optimize OO block?
     PZov           	                true	Optimize OV block?
     PZprec         	                   1	Precondition OV block? 0: no, 1: unified, 2: orbital
     PZrand         	                true	Apply random rotation in PZ initialization? (Should be true)
     PZscale        	            Constant	Scaling for PZ: Constant, Density or Kinetic
     PZscaleExp     	           1.000e+00	Exponent in the dynamic scaling equation
     PZseed         	                   0	Seed number for randomized matrices?
     PZstab         	                   0	Stability analysis for PZ-SIC? 1 or -1 for OO, 2 or -2 for OO+OV
     PZstabThr      	           1.000e-03	Instability threshold (interpreted as -thr)
     PZw            	           1.000e+00	Weight for Perdew-Zunger self-interaction correction
     Restricted     	               false	Spin restricted?
     SAPBasis       	    helfem_large.gbs	Tabulated atomic effective potential "basis set"
     SAPGrid        	                    	SAP integration grid to use: nrad lmax or leave empty
     SaveChk        	   complex_basis.chk	Checkpoint file to save to
     Shift          	           0.000e+00	Level shift to use in Hartree
     System         	        ../atoms.xyz	System as an xyz file
     TRRHminS       	           9.750e-01	Trust-Region Roothaan-Hall minimal occupied orbital overlap
     UseADIIS       	                true	Use ADIIS for Fock matrix interpolation?
     UseBroyden     	               false	Use Broyden mixing of Fock matrices?
     UseDIIS        	                true	Use Pulay's Direct Inversion in the Iterative Subspace?
     UseLM          	                true	Use a spherical harmonics basis set by default?
     UseTRRH        	               false	Use Trust-Region Roothaan-Hall?
     VV10           	                Auto	Use VV10 non-local correlation?
     VV10Pars       	                    	VV10 parameters: b C
     Verbose        	                true	Verbose calculation?
     Verbosity      	                   5	Verboseness level

Basis set HGBSP1-7 found in file HGBSP1-7.gbs in /home/lehtola/programs/erkale/basis/.
Basis set helfem_large.gbs found in file helfem_large.gbs in /home/lehtola/programs/erkale/basis/.
Screening by shell pairs and symmetry reduced dofs by factor 1.99.
Individual screening reduced dofs by a total factor 1.99.
Computing Cholesky vectors. Estimated memory size is 41 Mi - 137 Mi.
Cholesky vectors no     0 -     0 computed, error is 1.390217e+02 (0.03 s).
Cholesky vectors no     1 -     1 computed, error is 3.837935e+01 (0.03 s).
Cholesky vectors no     2 -     2 computed, error is 1.605084e+01 (0.03 s).
Cholesky vectors no     3 -     8 computed, error is 1.471482e+01 (0.16 s).
Cholesky vectors no     9 -     9 computed, error is 8.583197e+00 (0.03 s).
Cholesky vectors no    10 -    12 computed, error is 6.616205e+00 (0.08 s).
Cholesky vectors no    13 -    18 computed, error is 2.365934e+00 (0.15 s).
Cholesky vectors no    19 -    33 computed, error is 2.232123e+00 (0.23 s).
Cholesky vectors no    34 -    36 computed, error is 2.033118e+00 (0.00 s).
Cholesky vectors no    37 -    37 computed, error is 1.365652e+00 (0.00 s).
Cholesky vectors no    38 -    47 computed, error is 1.081100e+00 (0.00 s).
Cholesky vectors no    48 -    53 computed, error is 7.815202e-01 (0.00 s).
Cholesky vectors no    54 -    68 computed, error is 7.061688e-01 (0.01 s).
Cholesky vectors no    69 -    71 computed, error is 6.766815e-01 (0.00 s).
Cholesky vectors no    72 -    86 computed, error is 5.994376e-01 (0.01 s).
Cholesky vectors no    87 -    96 computed, error is 4.055825e-01 (0.01 s).
Cholesky vectors no    97 -    97 computed, error is 2.885406e-01 (0.00 s).
Cholesky vectors no    98 -   107 computed, error is 2.754453e-01 (0.01 s).
Cholesky vectors no   108 -   122 computed, error is 1.410356e-01 (0.01 s).
Cholesky vectors no   123 -   137 computed, error is 1.386394e-01 (0.01 s).
Cholesky vectors no   138 -   147 computed, error is 1.093457e-01 (0.01 s).
Cholesky vectors no   148 -   148 computed, error is 9.734104e-02 (0.00 s).
Cholesky vectors no   149 -   163 computed, error is 9.227342e-02 (0.01 s).
Cholesky vectors no   164 -   166 computed, error is 6.833252e-02 (0.00 s).
Cholesky vectors no   167 -   169 computed, error is 6.588750e-02 (0.00 s).
Cholesky vectors no   170 -   179 computed, error is 5.923977e-02 (0.01 s).
Cholesky vectors no   180 -   185 computed, error is 5.347162e-02 (0.01 s).
Cholesky vectors no   186 -   195 computed, error is 4.855246e-02 (0.01 s).
Cholesky vectors no   196 -   210 computed, error is 4.001539e-02 (0.03 s).
Cholesky vectors no   211 -   225 computed, error is 3.743289e-02 (0.01 s).
Cholesky vectors no   226 -   226 computed, error is 3.686598e-02 (0.00 s).
Cholesky vectors no   227 -   236 computed, error is 3.440591e-02 (0.01 s).
Cholesky vectors no   237 -   251 computed, error is 3.263993e-02 (0.01 s).
Cholesky vectors no   252 -   261 computed, error is 3.018479e-02 (0.01 s).
Cholesky vectors no   262 -   262 computed, error is 1.713906e-02 (0.00 s).
Cholesky vectors no   263 -   277 computed, error is 1.360663e-02 (0.01 s).
Cholesky vectors no   278 -   287 computed, error is 1.281472e-02 (0.01 s).
Cholesky vectors no   288 -   297 computed, error is 1.020444e-02 (0.01 s).
Cholesky vectors no   298 -   312 computed, error is 7.153205e-03 (0.04 s).
Cholesky vectors no   313 -   315 computed, error is 6.343572e-03 (0.00 s).
Cholesky vectors no   316 -   325 computed, error is 6.247493e-03 (0.01 s).
Cholesky vectors no   326 -   340 computed, error is 5.412050e-03 (0.01 s).
Cholesky vectors no   341 -   350 computed, error is 4.005474e-03 (0.01 s).
Cholesky vectors no   351 -   365 computed, error is 3.997029e-03 (0.02 s).
Cholesky vectors no   366 -   368 computed, error is 3.531907e-03 (0.00 s).
Cholesky vectors no   369 -   383 computed, error is 3.376935e-03 (0.02 s).
Cholesky vectors no   384 -   390 computed, error is 2.358790e-03 (0.01 s).
Cholesky vectors no   391 -   396 computed, error is 1.629392e-03 (0.01 s).
Cholesky vectors no   397 -   406 computed, error is 1.254477e-03 (0.04 s).
Cholesky vectors no   407 -   421 computed, error is 1.063813e-03 (0.02 s).
Cholesky vectors no   422 -   431 computed, error is 9.939931e-04 (0.01 s).
Cholesky vectors no   432 -   441 computed, error is 7.309355e-04 (0.01 s).
Cholesky vectors no   442 -   456 computed, error is 6.892007e-04 (0.02 s).
Cholesky vectors no   457 -   457 computed, error is 6.819453e-04 (0.00 s).
Cholesky vectors no   458 -   460 computed, error is 4.952904e-04 (0.00 s).
Cholesky vectors no   461 -   475 computed, error is 3.861625e-04 (0.02 s).
Cholesky vectors no   476 -   478 computed, error is 3.389879e-04 (0.00 s).
Cholesky vectors no   479 -   485 computed, error is 1.778249e-04 (0.01 s).
Cholesky vectors no   486 -   488 computed, error is 1.357077e-04 (0.00 s).
Cholesky vectors no   489 -   489 computed, error is 1.221779e-04 (0.00 s).
Cholesky vectors no   490 -   499 computed, error is 9.087871e-05 (0.01 s).
Cholesky vectors no   500 -   509 computed, error is 8.963841e-05 (0.05 s).
Cholesky vectors no   510 -   524 computed, error is 7.090129e-05 (0.02 s).
Cholesky vectors no   525 -   530 computed, error is 6.540540e-05 (0.01 s).
Cholesky vectors no   531 -   540 computed, error is 5.996708e-05 (0.01 s).
Cholesky vectors no   541 -   541 computed, error is 2.963640e-05 (0.00 s).
Cholesky vectors no   542 -   556 computed, error is 2.487227e-05 (0.02 s).
Cholesky vectors no   557 -   559 computed, error is 2.130051e-05 (0.00 s).
Cholesky vectors no   560 -   569 computed, error is 2.129753e-05 (0.01 s).
Cholesky vectors no   570 -   584 computed, error is 1.735228e-05 (0.02 s).
Cholesky vectors no   585 -   594 computed, error is 1.252661e-05 (0.01 s).
Cholesky vectors no   595 -   597 computed, error is 1.178167e-05 (0.00 s).
Cholesky vectors no   598 -   612 computed, error is 1.096049e-05 (0.05 s).
Cholesky vectors no   613 -   613 computed, error is 1.005106e-05 (0.00 s).
Cholesky vectors no   614 -   628 computed, error is 6.035205e-06 (0.02 s).
Cholesky vectors no   629 -   634 computed, error is 4.777663e-06 (0.01 s).
Cholesky vectors no   635 -   644 computed, error is 3.655863e-06 (0.01 s).
Cholesky vectors no   645 -   659 computed, error is 2.693217e-06 (0.02 s).
Cholesky vectors no   660 -   674 computed, error is 2.571128e-06 (0.02 s).
Cholesky vectors no   675 -   684 computed, error is 2.553076e-06 (0.01 s).
Cholesky vectors no   685 -   685 computed, error is 2.467340e-06 (0.00 s).
Cholesky vectors no   686 -   695 computed, error is 1.457628e-06 (0.01 s).
Cholesky vectors no   696 -   700 computed, error is 1.141760e-06 (0.04 s).
Cholesky vectors no   701 -   715 computed, error is 9.926228e-07 (0.04 s).
Cholesky vectors no   716 -   716 computed, error is 9.045602e-07 (0.00 s).
Cholesky vectors no   717 -   726 computed, error is 7.557440e-07 (0.02 s).
Cholesky vectors no   727 -   729 computed, error is 6.814726e-07 (0.01 s).
Cholesky vectors no   730 -   744 computed, error is 5.722172e-07 (0.03 s).
Cholesky vectors no   745 -   754 computed, error is 4.621691e-07 (0.02 s).
Cholesky vectors no   755 -   769 computed, error is 4.538432e-07 (0.03 s).
Cholesky vectors no   770 -   770 computed, error is 2.738319e-07 (0.00 s).
Cholesky vectors no   771 -   776 computed, error is 2.251555e-07 (0.01 s).
Cholesky vectors no   777 -   786 computed, error is 1.383115e-07 (0.02 s).
Cholesky vectors no   787 -   801 computed, error is 1.262141e-07 (0.07 s).
Cholesky vectors no   802 -   811 computed, error is 1.071832e-07 (0.04 s).
Cholesky vectors no   812 -   816 computed, error is 9.313753e-08 (0.01 s).
Cholesky decomposition finished in 2.39 s. Realized memory size is 80 Mi 704 ki.
Time use: integrals 18.6 %, linear algebra 81.4 %.
1534 shell pairs and 1 nuclei
SAP potential formed in 0.003 s.
Smallest eigenvalue of overlap matrix is 2.41e-03, reciprocal condition number is 6.08e-04.
Using symmetric orthogonalization.
Smallest eigenvalue of overlap matrix is 1.37e-03, reciprocal condition number is 3.07e-04.
Using symmetric orthogonalization.
Smallest eigenvalue of overlap matrix is 5.20e-04, reciprocal condition number is 9.23e-05.
Using symmetric orthogonalization.
Smallest eigenvalue of overlap matrix is 1.37e-03, reciprocal condition number is 3.07e-04.
Using symmetric orthogonalization.
Smallest eigenvalue of overlap matrix is 2.41e-03, reciprocal condition number is 6.08e-04.
Using symmetric orthogonalization.
Nela = 9 Nelb = 5



Solving SCF
Evaluated energy -279.6318746392 (change from lowest -2.796319e+02)


Iteration 1: 1 Fock evaluations energy -279.6318746392 change -2.796319e+02 DIIS error vector rms norm 4.437824e-02
History size 1
alpha m=-1 occupations
   1.0000
alpha m=0 occupations
   1.0000   1.0000   1.0000   1.0000   1.0000
alpha m=1 occupations
   1.0000   1.0000   1.0000
beta m=-1 occupations
   1.0000
beta m=0 occupations
   1.0000   1.0000   1.0000
beta m=1 occupations
   1.0000
EDIIS+DIIS step
Evaluated energy -288.4238276825 (change from lowest -8.791953e+00)
Density matrix difference 5.778967e-02 between lowest-energy and newest entry


Iteration 2: 2 Fock evaluations energy -288.4238276825 change -8.791953e+00 DIIS error vector rms norm 2.102777e-03
History size 2
alpha m=-1 occupations
   1.0000
alpha m=0 occupations
   1.0000   1.0000   1.0000   1.0000   1.0000
alpha m=1 occupations
   1.0000   1.0000   1.0000
beta m=-1 occupations
   1.0000
beta m=0 occupations
   1.0000   1.0000   1.0000
beta m=1 occupations
   1.0000
EDIIS+DIIS step
Evaluated energy -288.4323271315 (change from lowest -8.499449e-03)
Density matrix difference 4.405659e-03 between lowest-energy and newest entry


Iteration 3: 3 Fock evaluations energy -288.4323271315 change -8.499449e-03 DIIS error vector rms norm 5.955003e-04
History size 3
alpha m=-1 occupations
   1.0000
alpha m=0 occupations
   1.0000   1.0000   1.0000   1.0000   1.0000
alpha m=1 occupations
   1.0000   1.0000   1.0000
beta m=-1 occupations
   1.0000
beta m=0 occupations
   1.0000   1.0000   1.0000
beta m=1 occupations
   1.0000
EDIIS+DIIS step
Evaluated energy -288.4326951904 (change from lowest -3.680589e-04)
Density matrix difference 8.025835e-04 between lowest-energy and newest entry


Iteration 4: 4 Fock evaluations energy -288.4326951904 change -3.680589e-04 DIIS error vector rms norm 8.676240e-05
History size 4
alpha m=-1 occupations
   1.0000
alpha m=0 occupations
   1.0000   1.0000   1.0000   1.0000   1.0000
alpha m=1 occupations
   1.0000   1.0000   1.0000
beta m=-1 occupations
   1.0000
beta m=0 occupations
   1.0000   1.0000   1.0000
beta m=1 occupations
   1.0000
DIIS step
Evaluated energy -288.4327356238 (change from lowest -4.043347e-05)
Density matrix difference 3.211242e-04 between lowest-energy and newest entry


Iteration 5: 5 Fock evaluations energy -288.4327356238 change -4.043347e-05 DIIS error vector rms norm 1.369536e-05
History size 5
alpha m=-1 occupations
   1.0000
alpha m=0 occupations
   1.0000   1.0000   1.0000   1.0000   1.0000
alpha m=1 occupations
   1.0000   1.0000   1.0000
beta m=-1 occupations
   1.0000
beta m=0 occupations
   1.0000   1.0000   1.0000
beta m=1 occupations
   1.0000
DIIS step
Evaluated energy -288.4327367277 (change from lowest -1.103853e-06)
Density matrix difference 5.326672e-05 between lowest-energy and newest entry


Iteration 6: 6 Fock evaluations energy -288.4327367277 change -1.103853e-06 DIIS error vector rms norm 2.593251e-06
History size 6
alpha m=-1 occupations
   1.0000
alpha m=0 occupations
   1.0000   1.0000   1.0000   1.0000   1.0000
alpha m=1 occupations
   1.0000   1.0000   1.0000
beta m=-1 occupations
   1.0000
beta m=0 occupations
   1.0000   1.0000   1.0000
beta m=1 occupations
   1.0000
DIIS step
Evaluated energy -288.4327367737 (change from lowest -4.607813e-08)
Density matrix difference 1.136058e-05 between lowest-energy and newest entry


Iteration 7: 7 Fock evaluations energy -288.4327367737 change -4.607813e-08 DIIS error vector rms norm 3.977770e-07
History size 7
Converged to energy -288.4327367737!

Running program took 21.44 s.
