ERKALE - HF/DFT from Hel, OpenMP version, running on 8 cores.
(c) Susi Lehtola, 2010-2016.

This program is free software; you can redistribute it and/or modify
it under the terms of the GNU General Public License as published by
the Free Software Foundation; either version 2 of the License, or
(at your option) any later version.

Running on host silver.

Current time is Fri 13 Mar 2026 18:24:02.

Current Settings used by ERKALE:
     AtomGuess      	                Auto	Method used for atomic guess (Auto for same as method)
     Basis          	             cc-pVQZ	Basis set used in calculation
     BasisCutoff    	           1.000e-08	Cutoff for dropping out small primitives from contraction
     BasisOrth      	                Auto	Method of orthonormalization of basis set
     BasisRotate    	               false	Rotate basis set to remove redundant functions?
     Charge         	                   0	Total charge of system
     CholDepThresh  	           1.000e-07	Partial Cholesky decomposition threshold
     Cholesky       	                true	Use Cholesky decomposition?
     CholeskyMode   	                   0	Save/load integrals? 0 no, 1 save, -1 load
     CholeskyNAFThr 	           0.000e+00	Cholesky natural auxiliary function threshold
     CholeskyShThr  	           1.000e-02	Cholesky cache threshold
     CholeskyThr    	           1.000e-07	Cholesky decomposition threshold
     Complexbas     	                true	Use complex basis?
     Confinement    	         0.0 0.0 0.0	Confinement potential V(r) = V_i x_i^2
     ConvThr        	           1.000e-06	Orbital gradient convergence threshold
     DFTBasisThr    	           1.000e-10	Threshold for screening basis functions on grid
     DFTCpars       	                    	Override parameters of correlation functional (expert)
     DFTDelta       	           1.000e+02	Switch to final DFT grid has converged within factor X
     DFTDensityThr  	           1.000e-10	Threshold for screening density on grid
     DFTFinalTol    	           1.000e-05	Tolerance of final DFT grid
     DFTGrid        	             75 -302	DFT integration grid to use: nrad lmax or Auto for adaptive
     DFTInitialTol  	           1.000e-04	Tolerance of initial DFT grid
     DFTLobatto     	               false	Use Lobatto quadrature instead of Lebedev quadrature?
     DFTQuadThresh  	           2.220e-16	Threshold for pruning points with small quadrature weight
     DFTXpars       	                    	Override parameters of exchange functional (expert)
     DIISComb       	               false	Combine alpha and beta errors in unrestricted calcs?
     DIISEps        	           1.000e-01	Start mixing in DIIS when error is
     DIISOrder      	                  10	How many DIIS iterations to keep in memory?
     DIISThr        	           1.000e-02	DIIS error threshold for DIIS updates
     DecFock        	               false	Use decontracted basis to calculate Fock matrix (direct HF)
     Decontract     	                   *	Indices of atoms to decontract basis set for
     DensityFitting 	               false	Use density fitting / RI?
     Direct         	               false	Calculate two-electron integrals (or density fitting) on-the-fly?
     EField         	         0.0 0.0 0.0	Electric field
     ErrorNorm      	                 rms	Error norm to use in the SCF code
     FittingBasis   	                Auto	Basis to use for density fitting / RI (Auto for automatic)
     FittingCholeskyThreshold	           1.000e-08	Linear dependence threshold for pivoted Cholesky of Coulomb integrals in density fitting
     FittingMemory  	                1000	Amount of memory in MB to use for exchange fitting
     FittingThreshold	           1.000e-07	Linear dependence threshold for Coulomb integrals in density fitting
     Guess          	                core	Used guess: SAD (default), SADNO, core, GWH, SAP, or SAPfit
     InitConvThr    	           1.000e-05	Initialization convergence threshold
     InputBohr      	               false	Use atomic units as input units instead of angstrom?
     IntegralThresh 	           1.000e-10	Integral screening threshold
     Kgwh           	           1.750e+00	Scaling constant for GWH
     LinDepThresh   	           1.000e-05	Basis set linear dependency threshold
     LinearB        	           2.200e-01	Magnetic field along bond axis
     LinearFreeze   	               false	If using linear symmetry, freeze symmetry to input guess
     LinearOccupationFile	     ../../Ar_2.occs	File to read linear occupations from
     LinearOccupations	                  -1	Read in occupations for linear molecule calculations?
     LinearSymmetry 	                true	Do special calculation on linear molecule along z axis
     LoadChk        	                    	Checkpoint file to load from
     Logfile        	          erkale.log	File to print out full information, stdout for screen
     MaxInitIter    	                 100	Maximum number of iterations in the stepwise solutions
     MaxIter        	                 100	Maximum number of iterations in SCF cycle
     Method         	                  HF	Method used in calculation (HF or a DFT functional)
     Multiplicity   	                   3	Spin multiplicity
     NLGrid         	             50 -194	Integration grid to use for nonlocal correlation: nrad lmax
     Occupancies    	                    	Orbital occupancies
     OptLM          	               false	If spherical harmonics used, use cartesian s and p functions?
     PZ             	               false	Perform Perdew-Zunger self-interaction correction?
     PZEthr         	           1.000e-10	Threshold for energy convergence
     PZIthr         	           1.000e-02	Threshold for initialization convergence (not too small!)
     PZNRthr        	           0.000e+00	Threshold for use of NR method in OO optimization
     PZOOthr        	           1.000e-04	Gradient threshold for OO optimization
     PZOVthr        	           1.000e-05	Gradient threshold for OV optimization
     PZimag         	                Auto	Imaginary degrees of freedom in PZ?
     PZiter         	                  20	Max number of iterations in self-consistency iteration
     PZloc          	                Auto	Initial localization before SIC calculation?
     PZlocmet       	                  FB	Initial localization method (recommend FB or IAO)
     PZmode         	                  XC	Apply PZ to the operators (in addition to J): X C D
     PZoo           	                true	Optimize OO block?
     PZov           	                true	Optimize OV block?
     PZprec         	                   1	Precondition OV block? 0: no, 1: unified, 2: orbital
     PZrand         	                true	Apply random rotation in PZ initialization? (Should be true)
     PZscale        	            Constant	Scaling for PZ: Constant, Density or Kinetic
     PZscaleExp     	           1.000e+00	Exponent in the dynamic scaling equation
     PZseed         	                   0	Seed number for randomized matrices?
     PZstab         	                   0	Stability analysis for PZ-SIC? 1 or -1 for OO, 2 or -2 for OO+OV
     PZstabThr      	           1.000e-03	Instability threshold (interpreted as -thr)
     PZw            	           1.000e+00	Weight for Perdew-Zunger self-interaction correction
     Restricted     	               false	Spin restricted?
     SAPBasis       	    helfem_large.gbs	Tabulated atomic effective potential "basis set"
     SAPGrid        	                    	SAP integration grid to use: nrad lmax or leave empty
     SaveChk        	   complex_basis.chk	Checkpoint file to save to
     Shift          	           0.000e+00	Level shift to use in Hartree
     System         	        ../atoms.xyz	System as an xyz file
     TRRHminS       	           9.750e-01	Trust-Region Roothaan-Hall minimal occupied orbital overlap
     UseADIIS       	                true	Use ADIIS for Fock matrix interpolation?
     UseBroyden     	               false	Use Broyden mixing of Fock matrices?
     UseDIIS        	                true	Use Pulay's Direct Inversion in the Iterative Subspace?
     UseLM          	                true	Use a spherical harmonics basis set by default?
     UseTRRH        	               false	Use Trust-Region Roothaan-Hall?
     VV10           	                Auto	Use VV10 non-local correlation?
     VV10Pars       	                    	VV10 parameters: b C
     Verbose        	                true	Verbose calculation?
     Verbosity      	                   5	Verboseness level

Basis set cc-pVQZ found in file cc-pVQZ.gbs in /home/lehtola/programs/erkale/basis/.
Basis set helfem_large.gbs found in file helfem_large.gbs in /home/lehtola/programs/erkale/basis/.
Screening by shell pairs and symmetry reduced dofs by factor 1.99.
Individual screening reduced dofs by a total factor 1.99.
Computing Cholesky vectors. Estimated memory size is 7 Mi - 25 Mi.
Cholesky vectors no     0 -     0 computed, error is 1.391655e+02 (0.00 s).
Cholesky vectors no     1 -     1 computed, error is 5.130491e+01 (0.00 s).
Cholesky vectors no     2 -     2 computed, error is 1.929855e+01 (0.00 s).
Cholesky vectors no     3 -     8 computed, error is 8.185383e+00 (0.00 s).
Cholesky vectors no     9 -    11 computed, error is 6.507134e+00 (0.00 s).
Cholesky vectors no    12 -    12 computed, error is 6.369206e+00 (0.00 s).
Cholesky vectors no    13 -    18 computed, error is 1.928903e+00 (0.00 s).
Cholesky vectors no    19 -    21 computed, error is 1.819374e+00 (0.00 s).
Cholesky vectors no    22 -    27 computed, error is 1.559821e+00 (0.00 s).
Cholesky vectors no    28 -    28 computed, error is 1.535237e+00 (0.00 s).
Cholesky vectors no    29 -    34 computed, error is 9.427501e-01 (0.00 s).
Cholesky vectors no    35 -    37 computed, error is 7.977039e-01 (0.00 s).
Cholesky vectors no    38 -    40 computed, error is 7.011255e-01 (0.00 s).
Cholesky vectors no    41 -    46 computed, error is 4.419618e-01 (0.00 s).
Cholesky vectors no    47 -    47 computed, error is 3.488476e-01 (0.00 s).
Cholesky vectors no    48 -    50 computed, error is 2.555805e-01 (0.00 s).
Cholesky vectors no    51 -    95 computed, error is 1.816300e-01 (0.00 s).
Cholesky vectors no    96 -   105 computed, error is 1.552270e-01 (0.00 s).
Cholesky vectors no   106 -   111 computed, error is 1.043871e-01 (0.00 s).
Cholesky vectors no   112 -   114 computed, error is 9.022287e-02 (0.00 s).
Cholesky vectors no   115 -   115 computed, error is 8.641174e-02 (0.00 s).
Cholesky vectors no   116 -   121 computed, error is 8.064559e-02 (0.00 s).
Cholesky vectors no   122 -   127 computed, error is 7.948785e-02 (0.00 s).
Cholesky vectors no   128 -   148 computed, error is 6.996408e-02 (0.01 s).
Cholesky vectors no   149 -   151 computed, error is 3.872915e-02 (0.00 s).
Cholesky vectors no   152 -   154 computed, error is 3.792686e-02 (0.00 s).
Cholesky vectors no   155 -   160 computed, error is 3.494855e-02 (0.00 s).
Cholesky vectors no   161 -   175 computed, error is 3.047238e-02 (0.00 s).
Cholesky vectors no   176 -   196 computed, error is 1.507980e-02 (0.01 s).
Cholesky vectors no   197 -   199 computed, error is 1.066971e-02 (0.00 s).
Cholesky vectors no   200 -   214 computed, error is 8.975443e-03 (0.01 s).
Cholesky vectors no   215 -   249 computed, error is 8.040938e-03 (0.01 s).
Cholesky vectors no   250 -   250 computed, error is 7.260157e-03 (0.00 s).
Cholesky vectors no   251 -   278 computed, error is 6.349097e-03 (0.01 s).
Cholesky vectors no   279 -   281 computed, error is 5.336730e-03 (0.00 s).
Cholesky vectors no   282 -   284 computed, error is 4.229398e-03 (0.00 s).
Cholesky vectors no   285 -   290 computed, error is 2.767882e-03 (0.00 s).
Cholesky vectors no   291 -   300 computed, error is 2.291763e-03 (0.01 s).
Cholesky vectors no   301 -   310 computed, error is 2.162517e-03 (0.00 s).
Cholesky vectors no   311 -   346 computed, error is 1.906963e-03 (0.01 s).
Cholesky vectors no   347 -   374 computed, error is 9.535127e-04 (0.01 s).
Cholesky vectors no   375 -   380 computed, error is 6.374999e-04 (0.00 s).
Cholesky vectors no   381 -   381 computed, error is 6.094692e-04 (0.00 s).
Cholesky vectors no   382 -   384 computed, error is 5.103805e-04 (0.00 s).
Cholesky vectors no   385 -   390 computed, error is 2.200441e-04 (0.00 s).
Cholesky vectors no   391 -   393 computed, error is 2.039113e-04 (0.00 s).
Cholesky vectors no   394 -   394 computed, error is 1.849044e-04 (0.00 s).
Cholesky vectors no   395 -   401 computed, error is 1.547324e-04 (0.01 s).
Cholesky vectors no   402 -   422 computed, error is 1.265996e-04 (0.01 s).
Cholesky vectors no   423 -   431 computed, error is 1.012778e-04 (0.00 s).
Cholesky vectors no   432 -   434 computed, error is 8.345250e-05 (0.00 s).
Cholesky vectors no   435 -   440 computed, error is 3.414723e-05 (0.00 s).
Cholesky vectors no   441 -   443 computed, error is 2.391477e-05 (0.00 s).
Cholesky vectors no   444 -   444 computed, error is 2.242985e-05 (0.00 s).
Cholesky vectors no   445 -   453 computed, error is 1.842800e-05 (0.00 s).
Cholesky vectors no   454 -   460 computed, error is 1.541659e-05 (0.00 s).
Cholesky vectors no   461 -   466 computed, error is 1.169796e-05 (0.00 s).
Cholesky vectors no   467 -   476 computed, error is 1.099896e-05 (0.00 s).
Cholesky vectors no   477 -   477 computed, error is 9.067675e-06 (0.00 s).
Cholesky vectors no   478 -   480 computed, error is 8.347422e-06 (0.00 s).
Cholesky vectors no   481 -   507 computed, error is 8.149947e-06 (0.02 s).
Cholesky vectors no   508 -   510 computed, error is 5.171396e-06 (0.00 s).
Cholesky vectors no   511 -   516 computed, error is 3.921094e-06 (0.00 s).
Cholesky vectors no   517 -   527 computed, error is 3.191334e-06 (0.00 s).
Cholesky vectors no   528 -   536 computed, error is 2.990839e-06 (0.00 s).
Cholesky vectors no   537 -   539 computed, error is 2.413503e-06 (0.00 s).
Cholesky vectors no   540 -   545 computed, error is 2.022350e-06 (0.00 s).
Cholesky vectors no   546 -   572 computed, error is 1.537278e-06 (0.01 s).
Cholesky vectors no   573 -   579 computed, error is 9.811565e-07 (0.00 s).
Cholesky vectors no   580 -   580 computed, error is 9.788950e-07 (0.00 s).
Cholesky vectors no   581 -   592 computed, error is 7.797966e-07 (0.00 s).
Cholesky vectors no   593 -   595 computed, error is 6.829717e-07 (0.00 s).
Cholesky vectors no   596 -   601 computed, error is 4.150492e-07 (0.01 s).
Cholesky vectors no   602 -   602 computed, error is 3.223968e-07 (0.00 s).
Cholesky vectors no   603 -   605 computed, error is 2.989235e-07 (0.00 s).
Cholesky vectors no   606 -   623 computed, error is 1.801256e-07 (0.01 s).
Cholesky vectors no   624 -   629 computed, error is 1.790173e-07 (0.00 s).
Cholesky vectors no   630 -   638 computed, error is 8.615123e-08 (0.00 s).
Cholesky decomposition finished in 0.27 s. Realized memory size is 20 Mi 279 ki.
Time use: integrals 12.0 %, linear algebra 88.0 %.
557 shell pairs and 1 nuclei
SAP potential formed in 0.005 s.
Smallest eigenvalue of overlap matrix is 1.00e+00, reciprocal condition number is 1.00e+00.
Using symmetric orthogonalization.
Smallest eigenvalue of overlap matrix is 3.52e-01, reciprocal condition number is 2.13e-01.
Using symmetric orthogonalization.
Smallest eigenvalue of overlap matrix is 1.27e-01, reciprocal condition number is 5.90e-02.
Using symmetric orthogonalization.
Smallest eigenvalue of overlap matrix is 6.61e-03, reciprocal condition number is 1.80e-03.
Using symmetric orthogonalization.
Smallest eigenvalue of overlap matrix is 1.32e-03, reciprocal condition number is 2.69e-04.
Using symmetric orthogonalization.
Smallest eigenvalue of overlap matrix is 6.61e-03, reciprocal condition number is 1.80e-03.
Using symmetric orthogonalization.
Smallest eigenvalue of overlap matrix is 1.27e-01, reciprocal condition number is 5.90e-02.
Using symmetric orthogonalization.
Smallest eigenvalue of overlap matrix is 3.52e-01, reciprocal condition number is 2.13e-01.
Using symmetric orthogonalization.
Smallest eigenvalue of overlap matrix is 1.00e+00, reciprocal condition number is 1.00e+00.
Using symmetric orthogonalization.
Nela = 10 Nelb = 8



Solving SCF
Evaluated energy -471.0853902294 (change from lowest -4.710854e+02)


Iteration 1: 1 Fock evaluations energy -471.0853902294 change -4.710854e+02 DIIS error vector rms norm 7.468968e-01
History size 1
alpha m=-1 occupations
   1.0000   1.0000
alpha m=0 occupations
   1.0000   1.0000   1.0000   1.0000   1.0000   1.0000
alpha m=1 occupations
   1.0000   1.0000
beta m=-1 occupations
   1.0000   1.0000
beta m=0 occupations
   1.0000   1.0000   1.0000   1.0000   1.0000
beta m=1 occupations
   1.0000
EDIIS step
Evaluated energy -510.8555503440 (change from lowest -3.977016e+01)
Density matrix difference 4.242839e-01 between lowest-energy and newest entry


Iteration 2: 2 Fock evaluations energy -510.8555503440 change -3.977016e+01 DIIS error vector rms norm 2.720418e-01
History size 2
alpha m=-1 occupations
   1.0000   1.0000
alpha m=0 occupations
   1.0000   1.0000   1.0000   1.0000   1.0000   1.0000
alpha m=1 occupations
   1.0000   1.0000
beta m=-1 occupations
   1.0000   1.0000
beta m=0 occupations
   1.0000   1.0000   1.0000   1.0000   1.0000
beta m=1 occupations
   1.0000
EDIIS step
Evaluated energy -525.3878991662 (change from lowest -1.453235e+01)
Density matrix difference 3.549214e-01 between lowest-energy and newest entry


Iteration 3: 3 Fock evaluations energy -525.3878991662 change -1.453235e+01 DIIS error vector rms norm 4.840699e-02
History size 3
alpha m=-1 occupations
   1.0000   1.0000
alpha m=0 occupations
   1.0000   1.0000   1.0000   1.0000   1.0000   1.0000
alpha m=1 occupations
   1.0000   1.0000
beta m=-1 occupations
   1.0000   1.0000
beta m=0 occupations
   1.0000   1.0000   1.0000   1.0000   1.0000
beta m=1 occupations
   1.0000
EDIIS+DIIS step
Evaluated energy -526.1033663457 (change from lowest -7.154672e-01)
Density matrix difference 8.639434e-02 between lowest-energy and newest entry


Iteration 4: 4 Fock evaluations energy -526.1033663457 change -7.154672e-01 DIIS error vector rms norm 8.629876e-03
History size 4
alpha m=-1 occupations
   1.0000   1.0000
alpha m=0 occupations
   1.0000   1.0000   1.0000   1.0000   1.0000   1.0000
alpha m=1 occupations
   1.0000   1.0000
beta m=-1 occupations
   1.0000   1.0000
beta m=0 occupations
   1.0000   1.0000   1.0000   1.0000   1.0000
beta m=1 occupations
   1.0000
EDIIS+DIIS step
Evaluated energy -526.1251827933 (change from lowest -2.181645e-02)
Density matrix difference 1.419940e-02 between lowest-energy and newest entry


Iteration 5: 5 Fock evaluations energy -526.1251827933 change -2.181645e-02 DIIS error vector rms norm 5.637499e-04
History size 5
alpha m=-1 occupations
   1.0000   1.0000
alpha m=0 occupations
   1.0000   1.0000   1.0000   1.0000   1.0000   1.0000
alpha m=1 occupations
   1.0000   1.0000
beta m=-1 occupations
   1.0000   1.0000
beta m=0 occupations
   1.0000   1.0000   1.0000   1.0000   1.0000
beta m=1 occupations
   1.0000
EDIIS+DIIS step
Evaluated energy -526.1261102003 (change from lowest -9.274070e-04)
Density matrix difference 2.985503e-03 between lowest-energy and newest entry


Iteration 6: 6 Fock evaluations energy -526.1261102003 change -9.274070e-04 DIIS error vector rms norm 3.400909e-04
History size 6
alpha m=-1 occupations
   1.0000   1.0000
alpha m=0 occupations
   1.0000   1.0000   1.0000   1.0000   1.0000   1.0000
alpha m=1 occupations
   1.0000   1.0000
beta m=-1 occupations
   1.0000   1.0000
beta m=0 occupations
   1.0000   1.0000   1.0000   1.0000   1.0000
beta m=1 occupations
   1.0000
EDIIS+DIIS step
Evaluated energy -526.1270939529 (change from lowest -9.837526e-04)
Density matrix difference 2.202432e-03 between lowest-energy and newest entry


Iteration 7: 7 Fock evaluations energy -526.1270939529 change -9.837526e-04 DIIS error vector rms norm 3.225055e-04
History size 7
alpha m=-1 occupations
   1.0000   1.0000
alpha m=0 occupations
   1.0000   1.0000   1.0000   1.0000   1.0000   1.0000
alpha m=1 occupations
   1.0000   1.0000
beta m=-1 occupations
   1.0000   1.0000
beta m=0 occupations
   1.0000   1.0000   1.0000   1.0000   1.0000
beta m=1 occupations
   1.0000
EDIIS+DIIS step
Evaluated energy -526.1277722815 (change from lowest -6.783286e-04)
Density matrix difference 1.419008e-03 between lowest-energy and newest entry


Iteration 8: 8 Fock evaluations energy -526.1277722815 change -6.783286e-04 DIIS error vector rms norm 3.307990e-04
History size 8
alpha m=-1 occupations
   1.0000   1.0000
alpha m=0 occupations
   1.0000   1.0000   1.0000   1.0000   1.0000   1.0000
alpha m=1 occupations
   1.0000   1.0000
beta m=-1 occupations
   1.0000   1.0000
beta m=0 occupations
   1.0000   1.0000   1.0000   1.0000   1.0000
beta m=1 occupations
   1.0000
EDIIS+DIIS step
Evaluated energy -526.1276016314 (change from lowest 1.706501e-04)
Density matrix difference 3.472138e-04 between lowest-energy and newest entry


Iteration 9: 9 Fock evaluations energy -526.1277722815 change  0.000000e+00 DIIS error vector rms norm 3.307990e-04
History size 9
alpha m=-1 occupations
   1.0000   1.0000
alpha m=0 occupations
   1.0000   1.0000   1.0000   1.0000   1.0000   1.0000
alpha m=1 occupations
   1.0000   1.0000
beta m=-1 occupations
   1.0000   1.0000
beta m=0 occupations
   1.0000   1.0000   1.0000   1.0000   1.0000
beta m=1 occupations
   1.0000
EDIIS+DIIS step
Evaluated energy -526.1276240723 (change from lowest 1.482092e-04)
Density matrix difference 3.012886e-04 between lowest-energy and newest entry


Iteration 10: 10 Fock evaluations energy -526.1277722815 change  0.000000e+00 DIIS error vector rms norm 3.307990e-04
History size 10
alpha m=-1 occupations
   1.0000   1.0000
alpha m=0 occupations
   1.0000   1.0000   1.0000   1.0000   1.0000   1.0000
alpha m=1 occupations
   1.0000   1.0000
beta m=-1 occupations
   1.0000   1.0000
beta m=0 occupations
   1.0000   1.0000   1.0000   1.0000   1.0000
beta m=1 occupations
   1.0000
EDIIS+DIIS step
Evaluated energy -526.1276314497 (change from lowest 1.408317e-04)
Density matrix difference 2.862128e-04 between lowest-energy and newest entry


Iteration 11: 11 Fock evaluations energy -526.1277722815 change  0.000000e+00 DIIS error vector rms norm 3.307990e-04
History size 10
alpha m=-1 occupations
   1.0000   1.0000
alpha m=0 occupations
   1.0000   1.0000   1.0000   1.0000   1.0000   1.0000
alpha m=1 occupations
   1.0000   1.0000
beta m=-1 occupations
   1.0000   1.0000
beta m=0 occupations
   1.0000   1.0000   1.0000   1.0000   1.0000
beta m=1 occupations
   1.0000
EDIIS+DIIS step
Evaluated energy -526.1276345703 (change from lowest 1.377112e-04)
Density matrix difference 2.798392e-04 between lowest-energy and newest entry


Iteration 12: 12 Fock evaluations energy -526.1277722815 change  0.000000e+00 DIIS error vector rms norm 3.307990e-04
History size 10
alpha m=-1 occupations
   1.0000   1.0000
alpha m=0 occupations
   1.0000   1.0000   1.0000   1.0000   1.0000   1.0000
alpha m=1 occupations
   1.0000   1.0000
beta m=-1 occupations
   1.0000   1.0000
beta m=0 occupations
   1.0000   1.0000   1.0000   1.0000   1.0000
beta m=1 occupations
   1.0000
EDIIS+DIIS step
Evaluated energy -526.1276361427 (change from lowest 1.361387e-04)
Density matrix difference 2.766282e-04 between lowest-energy and newest entry


Iteration 13: 13 Fock evaluations energy -526.1277722815 change  0.000000e+00 DIIS error vector rms norm 3.307990e-04
History size 10
alpha m=-1 occupations
   1.0000   1.0000
alpha m=0 occupations
   1.0000   1.0000   1.0000   1.0000   1.0000   1.0000
alpha m=1 occupations
   1.0000   1.0000
beta m=-1 occupations
   1.0000   1.0000
beta m=0 occupations
   1.0000   1.0000   1.0000   1.0000   1.0000
beta m=1 occupations
   1.0000
Switching to optimal damping for next iterations
EDIIS+DIIS step
Evaluated energy -526.1276370355 (change from lowest 1.352460e-04)
Density matrix difference 2.748055e-04 between lowest-energy and newest entry


Iteration 14: 14 Fock evaluations energy -526.1277722815 change  0.000000e+00 DIIS error vector rms norm 3.307990e-04
History size 10
alpha m=-1 occupations
   1.0000   1.0000
alpha m=0 occupations
   1.0000   1.0000   1.0000   1.0000   1.0000   1.0000
alpha m=1 occupations
   1.0000   1.0000
beta m=-1 occupations
   1.0000   1.0000
beta m=0 occupations
   1.0000   1.0000   1.0000   1.0000   1.0000
beta m=1 occupations
   1.0000
Switching to optimal damping for next iterations
EDIIS+DIIS step
Evaluated energy -526.1277713454 (change from lowest 9.360765e-07)
Density matrix difference 6.276758e-06 between lowest-energy and newest entry


Iteration 15: 15 Fock evaluations energy -526.1277722815 change  0.000000e+00 DIIS error vector rms norm 3.307990e-04
History size 10
alpha m=-1 occupations
   1.0000   1.0000
alpha m=0 occupations
   1.0000   1.0000   1.0000   1.0000   1.0000   1.0000
alpha m=1 occupations
   1.0000   1.0000
beta m=-1 occupations
   1.0000   1.0000
beta m=0 occupations
   1.0000   1.0000   1.0000   1.0000   1.0000
beta m=1 occupations
   1.0000
Switching to optimal damping for next iterations
EDIIS+DIIS step
Evaluated energy -526.1277268547 (change from lowest 4.542674e-05)
Density matrix difference 1.035294e-04 between lowest-energy and newest entry


Iteration 16: 16 Fock evaluations energy -526.1277722815 change  0.000000e+00 DIIS error vector rms norm 3.307990e-04
History size 10
alpha m=-1 occupations
   1.0000   1.0000
alpha m=0 occupations
   1.0000   1.0000   1.0000   1.0000   1.0000   1.0000
alpha m=1 occupations
   1.0000   1.0000
beta m=-1 occupations
   1.0000   1.0000
beta m=0 occupations
   1.0000   1.0000   1.0000   1.0000   1.0000
beta m=1 occupations
   1.0000
Switching to optimal damping for next iterations
EDIIS+DIIS step
Evaluated energy -526.1278943798 (change from lowest -1.220983e-04)
Density matrix difference 3.484445e-04 between lowest-energy and newest entry


Iteration 17: 17 Fock evaluations energy -526.1278943798 change -1.220983e-04 DIIS error vector rms norm 3.326517e-04
History size 10
alpha m=-1 occupations
   1.0000   1.0000
alpha m=0 occupations
   1.0000   1.0000   1.0000   1.0000   1.0000   1.0000
alpha m=1 occupations
   1.0000   1.0000
beta m=-1 occupations
   1.0000   1.0000
beta m=0 occupations
   1.0000   1.0000   1.0000   1.0000   1.0000
beta m=1 occupations
   1.0000
EDIIS+DIIS step
Evaluated energy -526.1284172966 (change from lowest -5.229168e-04)
Density matrix difference 1.037097e-03 between lowest-energy and newest entry


Iteration 18: 18 Fock evaluations energy -526.1284172966 change -5.229168e-04 DIIS error vector rms norm 3.405797e-04
History size 10
alpha m=-1 occupations
   1.0000   1.0000
alpha m=0 occupations
   1.0000   1.0000   1.0000   1.0000   1.0000   1.0000
alpha m=1 occupations
   1.0000   1.0000
beta m=-1 occupations
   1.0000   1.0000
beta m=0 occupations
   1.0000   1.0000   1.0000   1.0000   1.0000
beta m=1 occupations
   1.0000
EDIIS+DIIS step
Evaluated energy -526.1275889385 (change from lowest 8.283581e-04)
Density matrix difference 1.655148e-03 between lowest-energy and newest entry


Iteration 19: 19 Fock evaluations energy -526.1284172966 change  0.000000e+00 DIIS error vector rms norm 3.405797e-04
History size 10
alpha m=-1 occupations
   1.0000   1.0000
alpha m=0 occupations
   1.0000   1.0000   1.0000   1.0000   1.0000   1.0000
alpha m=1 occupations
   1.0000   1.0000
beta m=-1 occupations
   1.0000   1.0000
beta m=0 occupations
   1.0000   1.0000   1.0000   1.0000   1.0000
beta m=1 occupations
   1.0000
EDIIS+DIIS step
Evaluated energy -526.1274830490 (change from lowest 9.342476e-04)
Density matrix difference 1.874438e-03 between lowest-energy and newest entry


Iteration 20: 20 Fock evaluations energy -526.1284172966 change  0.000000e+00 DIIS error vector rms norm 3.405797e-04
History size 10
alpha m=-1 occupations
   1.0000   1.0000
alpha m=0 occupations
   1.0000   1.0000   1.0000   1.0000   1.0000   1.0000
alpha m=1 occupations
   1.0000   1.0000
beta m=-1 occupations
   1.0000   1.0000
beta m=0 occupations
   1.0000   1.0000   1.0000   1.0000   1.0000
beta m=1 occupations
   1.0000
EDIIS+DIIS step
Evaluated energy -526.1272333746 (change from lowest 1.183922e-03)
Density matrix difference 2.394977e-03 between lowest-energy and newest entry


Iteration 21: 21 Fock evaluations energy -526.1284172966 change  0.000000e+00 DIIS error vector rms norm 3.405797e-04
History size 10
alpha m=-1 occupations
   1.0000   1.0000
alpha m=0 occupations
   1.0000   1.0000   1.0000   1.0000   1.0000   1.0000
alpha m=1 occupations
   1.0000   1.0000
beta m=-1 occupations
   1.0000   1.0000
beta m=0 occupations
   1.0000   1.0000   1.0000   1.0000   1.0000
beta m=1 occupations
   1.0000
EDIIS+DIIS step
Evaluated energy -526.1265158079 (change from lowest 1.901489e-03)
Density matrix difference 3.938434e-03 between lowest-energy and newest entry


Iteration 22: 22 Fock evaluations energy -526.1284172966 change  0.000000e+00 DIIS error vector rms norm 3.405797e-04
History size 10
alpha m=-1 occupations
   1.0000   1.0000
alpha m=0 occupations
   1.0000   1.0000   1.0000   1.0000   1.0000   1.0000
alpha m=1 occupations
   1.0000   1.0000
beta m=-1 occupations
   1.0000   1.0000
beta m=0 occupations
   1.0000   1.0000   1.0000   1.0000   1.0000
beta m=1 occupations
   1.0000
EDIIS+DIIS step
Evaluated energy -526.1241736367 (change from lowest 4.243660e-03)
Density matrix difference 9.730230e-03 between lowest-energy and newest entry


Iteration 23: 23 Fock evaluations energy -526.1284172966 change  0.000000e+00 DIIS error vector rms norm 3.405797e-04
History size 10
alpha m=-1 occupations
   1.0000   1.0000
alpha m=0 occupations
   1.0000   1.0000   1.0000   1.0000   1.0000   1.0000
alpha m=1 occupations
   1.0000   1.0000
beta m=-1 occupations
   1.0000   1.0000
beta m=0 occupations
   1.0000   1.0000   1.0000   1.0000   1.0000
beta m=1 occupations
   1.0000
Switching to optimal damping for next iterations
EDIIS+DIIS step
Evaluated energy -526.1224406352 (change from lowest 5.976661e-03)
Density matrix difference 1.559707e-02 between lowest-energy and newest entry


Iteration 24: 24 Fock evaluations energy -526.1284172966 change  0.000000e+00 DIIS error vector rms norm 3.405797e-04
History size 10
alpha m=-1 occupations
   1.0000   1.0000
alpha m=0 occupations
   1.0000   1.0000   1.0000   1.0000   1.0000   1.0000
alpha m=1 occupations
   1.0000   1.0000
beta m=-1 occupations
   1.0000   1.0000
beta m=0 occupations
   1.0000   1.0000   1.0000   1.0000   1.0000
beta m=1 occupations
   1.0000
Switching to optimal damping for next iterations
EDIIS+DIIS step
Evaluated energy -526.1224596534 (change from lowest 5.957643e-03)
Density matrix difference 1.549718e-02 between lowest-energy and newest entry


Iteration 25: 25 Fock evaluations energy -526.1284172966 change  0.000000e+00 DIIS error vector rms norm 3.405797e-04
History size 10
alpha m=-1 occupations
   1.0000   1.0000
alpha m=0 occupations
   1.0000   1.0000   1.0000   1.0000   1.0000   1.0000
alpha m=1 occupations
   1.0000   1.0000
beta m=-1 occupations
   1.0000   1.0000
beta m=0 occupations
   1.0000   1.0000   1.0000   1.0000   1.0000
beta m=1 occupations
   1.0000
Switching to optimal damping for next iterations
EDIIS+DIIS step
Evaluated energy -526.1223423970 (change from lowest 6.074900e-03)
Density matrix difference 1.600137e-02 between lowest-energy and newest entry


Iteration 26: 26 Fock evaluations energy -526.1284172966 change  0.000000e+00 DIIS error vector rms norm 3.405797e-04
History size 10
alpha m=-1 occupations
   1.0000   1.0000
alpha m=0 occupations
   1.0000   1.0000   1.0000   1.0000   1.0000   1.0000
alpha m=1 occupations
   1.0000   1.0000
beta m=-1 occupations
   1.0000   1.0000
beta m=0 occupations
   1.0000   1.0000   1.0000   1.0000   1.0000
beta m=1 occupations
   1.0000
Switching to optimal damping for next iterations
EDIIS+DIIS step
Evaluated energy -526.1222428035 (change from lowest 6.174493e-03)
Density matrix difference 1.643990e-02 between lowest-energy and newest entry


Iteration 27: 27 Fock evaluations energy -526.1284172966 change  0.000000e+00 DIIS error vector rms norm 3.405797e-04
History size 10
alpha m=-1 occupations
   1.0000   1.0000
alpha m=0 occupations
   1.0000   1.0000   1.0000   1.0000   1.0000   1.0000
alpha m=1 occupations
   1.0000   1.0000
beta m=-1 occupations
   1.0000   1.0000
beta m=0 occupations
   1.0000   1.0000   1.0000   1.0000   1.0000
beta m=1 occupations
   1.0000
Switching to optimal damping for next iterations
EDIIS+DIIS step
Evaluated energy -526.1221562604 (change from lowest 6.261036e-03)
Density matrix difference 1.684328e-02 between lowest-energy and newest entry


Iteration 28: 28 Fock evaluations energy -526.1284172966 change  0.000000e+00 DIIS error vector rms norm 3.405797e-04
History size 10
alpha m=-1 occupations
   1.0000   1.0000
alpha m=0 occupations
   1.0000   1.0000   1.0000   1.0000   1.0000   1.0000
alpha m=1 occupations
   1.0000   1.0000
beta m=-1 occupations
   1.0000   1.0000
beta m=0 occupations
   1.0000   1.0000   1.0000   1.0000   1.0000
beta m=1 occupations
   1.0000
Switching to optimal damping for next iterations
EDIIS+DIIS step
Evaluated energy -526.1221054025 (change from lowest 6.311894e-03)
Density matrix difference 1.707939e-02 between lowest-energy and newest entry


Iteration 29: 29 Fock evaluations energy -526.1284172966 change  0.000000e+00 DIIS error vector rms norm 3.405797e-04
History size 10
alpha m=-1 occupations
   1.0000   1.0000
alpha m=0 occupations
   1.0000   1.0000   1.0000   1.0000   1.0000   1.0000
alpha m=1 occupations
   1.0000   1.0000
beta m=-1 occupations
   1.0000   1.0000
beta m=0 occupations
   1.0000   1.0000   1.0000   1.0000   1.0000
beta m=1 occupations
   1.0000
Switching to optimal damping for next iterations
EDIIS+DIIS step
Evaluated energy -526.1220666296 (change from lowest 6.350667e-03)
Density matrix difference 1.726618e-02 between lowest-energy and newest entry


Iteration 30: 30 Fock evaluations energy -526.1284172966 change  0.000000e+00 DIIS error vector rms norm 3.405797e-04
History size 10
alpha m=-1 occupations
   1.0000   1.0000
alpha m=0 occupations
   1.0000   1.0000   1.0000   1.0000   1.0000   1.0000
alpha m=1 occupations
   1.0000   1.0000
beta m=-1 occupations
   1.0000   1.0000
beta m=0 occupations
   1.0000   1.0000   1.0000   1.0000   1.0000
beta m=1 occupations
   1.0000
Switching to optimal damping for next iterations
EDIIS+DIIS step
Evaluated energy -526.1220421003 (change from lowest 6.375196e-03)
Density matrix difference 1.738441e-02 between lowest-energy and newest entry


Iteration 31: 31 Fock evaluations energy -526.1284172966 change  0.000000e+00 DIIS error vector rms norm 3.405797e-04
History size 10
alpha m=-1 occupations
   1.0000   1.0000
alpha m=0 occupations
   1.0000   1.0000   1.0000   1.0000   1.0000   1.0000
alpha m=1 occupations
   1.0000   1.0000
beta m=-1 occupations
   1.0000   1.0000
beta m=0 occupations
   1.0000   1.0000   1.0000   1.0000   1.0000
beta m=1 occupations
   1.0000
Switching to optimal damping for next iterations
EDIIS+DIIS step
Evaluated energy -526.1220307088 (change from lowest 6.386588e-03)
Density matrix difference 1.744757e-02 between lowest-energy and newest entry


Iteration 32: 32 Fock evaluations energy -526.1284172966 change  0.000000e+00 DIIS error vector rms norm 3.405797e-04
History size 10
alpha m=-1 occupations
   1.0000   1.0000
alpha m=0 occupations
   1.0000   1.0000   1.0000   1.0000   1.0000   1.0000
alpha m=1 occupations
   1.0000   1.0000
beta m=-1 occupations
   1.0000   1.0000
beta m=0 occupations
   1.0000   1.0000   1.0000   1.0000   1.0000
beta m=1 occupations
   1.0000
Switching to optimal damping for next iterations
EDIIS+DIIS step
Evaluated energy -526.1223380412 (change from lowest 6.079255e-03)
Density matrix difference 1.612185e-02 between lowest-energy and newest entry


Iteration 33: 33 Fock evaluations energy -526.1284172966 change  0.000000e+00 DIIS error vector rms norm 3.405797e-04
History size 10
alpha m=-1 occupations
   1.0000   1.0000
alpha m=0 occupations
   1.0000   1.0000   1.0000   1.0000   1.0000   1.0000
alpha m=1 occupations
   1.0000   1.0000
beta m=-1 occupations
   1.0000   1.0000
beta m=0 occupations
   1.0000   1.0000   1.0000   1.0000   1.0000
beta m=1 occupations
   1.0000
Switching to optimal damping for next iterations
EDIIS+DIIS step
Evaluated energy -526.1214241184 (change from lowest 6.993178e-03)
Density matrix difference 2.258695e-02 between lowest-energy and newest entry


Iteration 34: 34 Fock evaluations energy -526.1284172966 change  0.000000e+00 DIIS error vector rms norm 3.405797e-04
History size 10
alpha m=-1 occupations
   1.0000   1.0000
alpha m=0 occupations
   1.0000   1.0000   1.0000   1.0000   1.0000   1.0000
alpha m=1 occupations
   1.0000   1.0000
beta m=-1 occupations
   1.0000   1.0000
beta m=0 occupations
   1.0000   1.0000   1.0000   1.0000   1.0000
beta m=1 occupations
   1.0000
Switching to optimal damping for next iterations
EDIIS+DIIS step
Evaluated energy -526.1214289174 (change from lowest 6.988379e-03)
Density matrix difference 2.319257e-02 between lowest-energy and newest entry


Iteration 35: 35 Fock evaluations energy -526.1284172966 change  0.000000e+00 DIIS error vector rms norm 3.405797e-04
History size 10
alpha m=-1 occupations
   1.0000   1.0000
alpha m=0 occupations
   1.0000   1.0000   1.0000   1.0000   1.0000   1.0000
alpha m=1 occupations
   1.0000   1.0000
beta m=-1 occupations
   1.0000   1.0000
beta m=0 occupations
   1.0000   1.0000   1.0000   1.0000   1.0000
beta m=1 occupations
   1.0000
Switching to optimal damping for next iterations
EDIIS+DIIS step
Evaluated energy -526.1214425491 (change from lowest 6.974747e-03)
Density matrix difference 2.371218e-02 between lowest-energy and newest entry


Iteration 36: 36 Fock evaluations energy -526.1284172966 change  0.000000e+00 DIIS error vector rms norm 3.405797e-04
History size 10
alpha m=-1 occupations
   1.0000   1.0000
alpha m=0 occupations
   1.0000   1.0000   1.0000   1.0000   1.0000   1.0000
alpha m=1 occupations
   1.0000   1.0000
beta m=-1 occupations
   1.0000   1.0000
beta m=0 occupations
   1.0000   1.0000   1.0000   1.0000   1.0000
beta m=1 occupations
   1.0000
Switching to optimal damping for next iterations
EDIIS+DIIS step
Evaluated energy -526.1214641399 (change from lowest 6.953157e-03)
Density matrix difference 2.405018e-02 between lowest-energy and newest entry


Iteration 37: 37 Fock evaluations energy -526.1284172966 change  0.000000e+00 DIIS error vector rms norm 3.405797e-04
History size 10
alpha m=-1 occupations
   1.0000   1.0000
alpha m=0 occupations
   1.0000   1.0000   1.0000   1.0000   1.0000   1.0000
alpha m=1 occupations
   1.0000   1.0000
beta m=-1 occupations
   1.0000   1.0000
beta m=0 occupations
   1.0000   1.0000   1.0000   1.0000   1.0000
beta m=1 occupations
   1.0000
Switching to optimal damping for next iterations
EDIIS+DIIS step
Evaluated energy -526.1214735558 (change from lowest 6.943741e-03)
Density matrix difference 2.394606e-02 between lowest-energy and newest entry


Iteration 38: 38 Fock evaluations energy -526.1284172966 change  0.000000e+00 DIIS error vector rms norm 3.405797e-04
History size 10
alpha m=-1 occupations
   1.0000   1.0000
alpha m=0 occupations
   1.0000   1.0000   1.0000   1.0000   1.0000   1.0000
alpha m=1 occupations
   1.0000   1.0000
beta m=-1 occupations
   1.0000   1.0000
beta m=0 occupations
   1.0000   1.0000   1.0000   1.0000   1.0000
beta m=1 occupations
   1.0000
Switching to optimal damping for next iterations
EDIIS+DIIS step
Evaluated energy -526.1214735683 (change from lowest 6.943728e-03)
Density matrix difference 2.378890e-02 between lowest-energy and newest entry


Iteration 39: 39 Fock evaluations energy -526.1284172966 change  0.000000e+00 DIIS error vector rms norm 3.405797e-04
History size 10
alpha m=-1 occupations
   1.0000   1.0000
alpha m=0 occupations
   1.0000   1.0000   1.0000   1.0000   1.0000   1.0000
alpha m=1 occupations
   1.0000   1.0000
beta m=-1 occupations
   1.0000   1.0000
beta m=0 occupations
   1.0000   1.0000   1.0000   1.0000   1.0000
beta m=1 occupations
   1.0000
Switching to optimal damping for next iterations
EDIIS+DIIS step
Evaluated energy -526.1214737301 (change from lowest 6.943566e-03)
Density matrix difference 2.372110e-02 between lowest-energy and newest entry


Iteration 40: 40 Fock evaluations energy -526.1284172966 change  0.000000e+00 DIIS error vector rms norm 3.405797e-04
History size 10
alpha m=-1 occupations
   1.0000   1.0000
alpha m=0 occupations
   1.0000   1.0000   1.0000   1.0000   1.0000   1.0000
alpha m=1 occupations
   1.0000   1.0000
beta m=-1 occupations
   1.0000   1.0000
beta m=0 occupations
   1.0000   1.0000   1.0000   1.0000   1.0000
beta m=1 occupations
   1.0000
Switching to optimal damping for next iterations
EDIIS+DIIS step
Evaluated energy -526.1214736762 (change from lowest 6.943620e-03)
Density matrix difference 2.373760e-02 between lowest-energy and newest entry


Iteration 41: 41 Fock evaluations energy -526.1284172966 change  0.000000e+00 DIIS error vector rms norm 3.405797e-04
History size 10
alpha m=-1 occupations
   1.0000   1.0000
alpha m=0 occupations
   1.0000   1.0000   1.0000   1.0000   1.0000   1.0000
alpha m=1 occupations
   1.0000   1.0000
beta m=-1 occupations
   1.0000   1.0000
beta m=0 occupations
   1.0000   1.0000   1.0000   1.0000   1.0000
beta m=1 occupations
   1.0000
Switching to optimal damping for next iterations
EDIIS+DIIS step
Evaluated energy -526.1214736757 (change from lowest 6.943621e-03)
Density matrix difference 2.373779e-02 between lowest-energy and newest entry


Iteration 42: 42 Fock evaluations energy -526.1284172966 change  0.000000e+00 DIIS error vector rms norm 3.405797e-04
History size 10
alpha m=-1 occupations
   1.0000   1.0000
alpha m=0 occupations
   1.0000   1.0000   1.0000   1.0000   1.0000   1.0000
alpha m=1 occupations
   1.0000   1.0000
beta m=-1 occupations
   1.0000   1.0000
beta m=0 occupations
   1.0000   1.0000   1.0000   1.0000   1.0000
beta m=1 occupations
   1.0000
Switching to optimal damping for next iterations
EDIIS+DIIS step
Evaluated energy -526.1214736746 (change from lowest 6.943622e-03)
Density matrix difference 2.373820e-02 between lowest-energy and newest entry


Iteration 43: 43 Fock evaluations energy -526.1284172966 change  0.000000e+00 DIIS error vector rms norm 3.405797e-04
History size 10
alpha m=-1 occupations
   1.0000   1.0000
alpha m=0 occupations
   1.0000   1.0000   1.0000   1.0000   1.0000   1.0000
alpha m=1 occupations
   1.0000   1.0000
beta m=-1 occupations
   1.0000   1.0000
beta m=0 occupations
   1.0000   1.0000   1.0000   1.0000   1.0000
beta m=1 occupations
   1.0000
Switching to optimal damping for next iterations
EDIIS+DIIS step
Evaluated energy -526.1214736730 (change from lowest 6.943624e-03)
Density matrix difference 2.373874e-02 between lowest-energy and newest entry


Iteration 44: 44 Fock evaluations energy -526.1284172966 change  0.000000e+00 DIIS error vector rms norm 3.405797e-04
History size 10
alpha m=-1 occupations
   1.0000   1.0000
alpha m=0 occupations
   1.0000   1.0000   1.0000   1.0000   1.0000   1.0000
alpha m=1 occupations
   1.0000   1.0000
beta m=-1 occupations
   1.0000   1.0000
beta m=0 occupations
   1.0000   1.0000   1.0000   1.0000   1.0000
beta m=1 occupations
   1.0000
Switching to optimal damping for next iterations
EDIIS+DIIS step
Evaluated energy -526.1214736711 (change from lowest 6.943625e-03)
Density matrix difference 2.373942e-02 between lowest-energy and newest entry


Iteration 45: 45 Fock evaluations energy -526.1284172966 change  0.000000e+00 DIIS error vector rms norm 3.405797e-04
History size 10
alpha m=-1 occupations
   1.0000   1.0000
alpha m=0 occupations
   1.0000   1.0000   1.0000   1.0000   1.0000   1.0000
alpha m=1 occupations
   1.0000   1.0000
beta m=-1 occupations
   1.0000   1.0000
beta m=0 occupations
   1.0000   1.0000   1.0000   1.0000   1.0000
beta m=1 occupations
   1.0000
Switching to optimal damping for next iterations
EDIIS+DIIS step
Evaluated energy -526.1214736637 (change from lowest 6.943633e-03)
Density matrix difference 2.374210e-02 between lowest-energy and newest entry


Iteration 46: 46 Fock evaluations energy -526.1284172966 change  0.000000e+00 DIIS error vector rms norm 3.405797e-04
History size 10
alpha m=-1 occupations
   1.0000   1.0000
alpha m=0 occupations
   1.0000   1.0000   1.0000   1.0000   1.0000   1.0000
alpha m=1 occupations
   1.0000   1.0000
beta m=-1 occupations
   1.0000   1.0000
beta m=0 occupations
   1.0000   1.0000   1.0000   1.0000   1.0000
beta m=1 occupations
   1.0000
Switching to optimal damping for next iterations
EDIIS+DIIS step
Evaluated energy -526.1214736355 (change from lowest 6.943661e-03)
Density matrix difference 2.375324e-02 between lowest-energy and newest entry


Iteration 47: 47 Fock evaluations energy -526.1284172966 change  0.000000e+00 DIIS error vector rms norm 3.405797e-04
History size 10
alpha m=-1 occupations
   1.0000   1.0000
alpha m=0 occupations
   1.0000   1.0000   1.0000   1.0000   1.0000   1.0000
alpha m=1 occupations
   1.0000   1.0000
beta m=-1 occupations
   1.0000   1.0000
beta m=0 occupations
   1.0000   1.0000   1.0000   1.0000   1.0000
beta m=1 occupations
   1.0000
Switching to optimal damping for next iterations
EDIIS+DIIS step
Evaluated energy -526.1214736045 (change from lowest 6.943692e-03)
Density matrix difference 2.376604e-02 between lowest-energy and newest entry


Iteration 48: 48 Fock evaluations energy -526.1284172966 change  0.000000e+00 DIIS error vector rms norm 3.405797e-04
History size 10
alpha m=-1 occupations
   1.0000   1.0000
alpha m=0 occupations
   1.0000   1.0000   1.0000   1.0000   1.0000   1.0000
alpha m=1 occupations
   1.0000   1.0000
beta m=-1 occupations
   1.0000   1.0000
beta m=0 occupations
   1.0000   1.0000   1.0000   1.0000   1.0000
beta m=1 occupations
   1.0000
Switching to optimal damping for next iterations
EDIIS+DIIS step
Evaluated energy -526.1214736632 (change from lowest 6.943633e-03)
Density matrix difference 2.374138e-02 between lowest-energy and newest entry


Iteration 49: 49 Fock evaluations energy -526.1284172966 change  0.000000e+00 DIIS error vector rms norm 3.405797e-04
History size 10
alpha m=-1 occupations
   1.0000   1.0000
alpha m=0 occupations
   1.0000   1.0000   1.0000   1.0000   1.0000   1.0000
alpha m=1 occupations
   1.0000   1.0000
beta m=-1 occupations
   1.0000   1.0000
beta m=0 occupations
   1.0000   1.0000   1.0000   1.0000   1.0000
beta m=1 occupations
   1.0000
Switching to optimal damping for next iterations
EDIIS+DIIS step
Evaluated energy -526.1214736656 (change from lowest 6.943631e-03)
Density matrix difference 2.374091e-02 between lowest-energy and newest entry


Iteration 50: 50 Fock evaluations energy -526.1284172966 change  0.000000e+00 DIIS error vector rms norm 3.405797e-04
History size 10
alpha m=-1 occupations
   1.0000   1.0000
alpha m=0 occupations
   1.0000   1.0000   1.0000   1.0000   1.0000   1.0000
alpha m=1 occupations
   1.0000   1.0000
beta m=-1 occupations
   1.0000   1.0000
beta m=0 occupations
   1.0000   1.0000   1.0000   1.0000   1.0000
beta m=1 occupations
   1.0000
Switching to optimal damping for next iterations
EDIIS+DIIS step
Evaluated energy -526.1214736545 (change from lowest 6.943642e-03)
Density matrix difference 2.374499e-02 between lowest-energy and newest entry


Iteration 51: 51 Fock evaluations energy -526.1284172966 change  0.000000e+00 DIIS error vector rms norm 3.405797e-04
History size 10
alpha m=-1 occupations
   1.0000   1.0000
alpha m=0 occupations
   1.0000   1.0000   1.0000   1.0000   1.0000   1.0000
alpha m=1 occupations
   1.0000   1.0000
beta m=-1 occupations
   1.0000   1.0000
beta m=0 occupations
   1.0000   1.0000   1.0000   1.0000   1.0000
beta m=1 occupations
   1.0000
Switching to optimal damping for next iterations
EDIIS+DIIS step
Evaluated energy -526.1214736551 (change from lowest 6.943641e-03)
Density matrix difference 2.374477e-02 between lowest-energy and newest entry


Iteration 52: 52 Fock evaluations energy -526.1284172966 change  0.000000e+00 DIIS error vector rms norm 3.405797e-04
History size 10
alpha m=-1 occupations
   1.0000   1.0000
alpha m=0 occupations
   1.0000   1.0000   1.0000   1.0000   1.0000   1.0000
alpha m=1 occupations
   1.0000   1.0000
beta m=-1 occupations
   1.0000   1.0000
beta m=0 occupations
   1.0000   1.0000   1.0000   1.0000   1.0000
beta m=1 occupations
   1.0000
Switching to optimal damping for next iterations
EDIIS+DIIS step
Evaluated energy -526.1214736558 (change from lowest 6.943641e-03)
Density matrix difference 2.374453e-02 between lowest-energy and newest entry


Iteration 53: 53 Fock evaluations energy -526.1284172966 change  0.000000e+00 DIIS error vector rms norm 3.405797e-04
History size 10
alpha m=-1 occupations
   1.0000   1.0000
alpha m=0 occupations
   1.0000   1.0000   1.0000   1.0000   1.0000   1.0000
alpha m=1 occupations
   1.0000   1.0000
beta m=-1 occupations
   1.0000   1.0000
beta m=0 occupations
   1.0000   1.0000   1.0000   1.0000   1.0000
beta m=1 occupations
   1.0000
Switching to optimal damping for next iterations
EDIIS+DIIS step
Evaluated energy -526.1214736562 (change from lowest 6.943640e-03)
Density matrix difference 2.374439e-02 between lowest-energy and newest entry


Iteration 54: 54 Fock evaluations energy -526.1284172966 change  0.000000e+00 DIIS error vector rms norm 3.405797e-04
History size 10
alpha m=-1 occupations
   1.0000   1.0000
alpha m=0 occupations
   1.0000   1.0000   1.0000   1.0000   1.0000   1.0000
alpha m=1 occupations
   1.0000   1.0000
beta m=-1 occupations
   1.0000   1.0000
beta m=0 occupations
   1.0000   1.0000   1.0000   1.0000   1.0000
beta m=1 occupations
   1.0000
Switching to optimal damping for next iterations
EDIIS+DIIS step
Evaluated energy -526.1214736556 (change from lowest 6.943641e-03)
Density matrix difference 2.374458e-02 between lowest-energy and newest entry


Iteration 55: 55 Fock evaluations energy -526.1284172966 change  0.000000e+00 DIIS error vector rms norm 3.405797e-04
History size 10
alpha m=-1 occupations
   1.0000   1.0000
alpha m=0 occupations
   1.0000   1.0000   1.0000   1.0000   1.0000   1.0000
alpha m=1 occupations
   1.0000   1.0000
beta m=-1 occupations
   1.0000   1.0000
beta m=0 occupations
   1.0000   1.0000   1.0000   1.0000   1.0000
beta m=1 occupations
   1.0000
Switching to optimal damping for next iterations
EDIIS+DIIS step
Evaluated energy -526.1214736492 (change from lowest 6.943647e-03)
Density matrix difference 2.374697e-02 between lowest-energy and newest entry


Iteration 56: 56 Fock evaluations energy -526.1284172966 change  0.000000e+00 DIIS error vector rms norm 3.405797e-04
History size 10
alpha m=-1 occupations
   1.0000   1.0000
alpha m=0 occupations
   1.0000   1.0000   1.0000   1.0000   1.0000   1.0000
alpha m=1 occupations
   1.0000   1.0000
beta m=-1 occupations
   1.0000   1.0000
beta m=0 occupations
   1.0000   1.0000   1.0000   1.0000   1.0000
beta m=1 occupations
   1.0000
Switching to optimal damping for next iterations
EDIIS+DIIS step
Evaluated energy -526.1214736533 (change from lowest 6.943643e-03)
Density matrix difference 2.374478e-02 between lowest-energy and newest entry


Iteration 57: 57 Fock evaluations energy -526.1284172966 change  0.000000e+00 DIIS error vector rms norm 3.405797e-04
History size 10
alpha m=-1 occupations
   1.0000   1.0000
alpha m=0 occupations
   1.0000   1.0000   1.0000   1.0000   1.0000   1.0000
alpha m=1 occupations
   1.0000   1.0000
beta m=-1 occupations
   1.0000   1.0000
beta m=0 occupations
   1.0000   1.0000   1.0000   1.0000   1.0000
beta m=1 occupations
   1.0000
Switching to optimal damping for next iterations
EDIIS+DIIS step
Evaluated energy -526.1214738253 (change from lowest 6.943471e-03)
Density matrix difference 2.369564e-02 between lowest-energy and newest entry


Iteration 58: 58 Fock evaluations energy -526.1284172966 change  0.000000e+00 DIIS error vector rms norm 3.405797e-04
History size 10
alpha m=-1 occupations
   1.0000   1.0000
alpha m=0 occupations
   1.0000   1.0000   1.0000   1.0000   1.0000   1.0000
alpha m=1 occupations
   1.0000   1.0000
beta m=-1 occupations
   1.0000   1.0000
beta m=0 occupations
   1.0000   1.0000   1.0000   1.0000   1.0000
beta m=1 occupations
   1.0000
Switching to optimal damping for next iterations
EDIIS+DIIS step
Evaluated energy -526.1214735980 (change from lowest 6.943699e-03)
Density matrix difference 2.376868e-02 between lowest-energy and newest entry


Iteration 59: 59 Fock evaluations energy -526.1284172966 change  0.000000e+00 DIIS error vector rms norm 3.405797e-04
History size 10
alpha m=-1 occupations
   1.0000   1.0000
alpha m=0 occupations
   1.0000   1.0000   1.0000   1.0000   1.0000   1.0000
alpha m=1 occupations
   1.0000   1.0000
beta m=-1 occupations
   1.0000   1.0000
beta m=0 occupations
   1.0000   1.0000   1.0000   1.0000   1.0000
beta m=1 occupations
   1.0000
Switching to optimal damping for next iterations
EDIIS+DIIS step
Evaluated energy -526.1214735881 (change from lowest 6.943708e-03)
Density matrix difference 2.377390e-02 between lowest-energy and newest entry


Iteration 60: 60 Fock evaluations energy -526.1284172966 change  0.000000e+00 DIIS error vector rms norm 3.405797e-04
History size 10
alpha m=-1 occupations
   1.0000   1.0000
alpha m=0 occupations
   1.0000   1.0000   1.0000   1.0000   1.0000   1.0000
alpha m=1 occupations
   1.0000   1.0000
beta m=-1 occupations
   1.0000   1.0000
beta m=0 occupations
   1.0000   1.0000   1.0000   1.0000   1.0000
beta m=1 occupations
   1.0000
Switching to optimal damping for next iterations
EDIIS+DIIS step
Evaluated energy -526.1214735855 (change from lowest 6.943711e-03)
Density matrix difference 2.377530e-02 between lowest-energy and newest entry


Iteration 61: 61 Fock evaluations energy -526.1284172966 change  0.000000e+00 DIIS error vector rms norm 3.405797e-04
History size 10
alpha m=-1 occupations
   1.0000   1.0000
alpha m=0 occupations
   1.0000   1.0000   1.0000   1.0000   1.0000   1.0000
alpha m=1 occupations
   1.0000   1.0000
beta m=-1 occupations
   1.0000   1.0000
beta m=0 occupations
   1.0000   1.0000   1.0000   1.0000   1.0000
beta m=1 occupations
   1.0000
Switching to optimal damping for next iterations
EDIIS+DIIS step
Evaluated energy -526.1214735847 (change from lowest 6.943712e-03)
Density matrix difference 2.377575e-02 between lowest-energy and newest entry


Iteration 62: 62 Fock evaluations energy -526.1284172966 change  0.000000e+00 DIIS error vector rms norm 3.405797e-04
History size 10
alpha m=-1 occupations
   1.0000   1.0000
alpha m=0 occupations
   1.0000   1.0000   1.0000   1.0000   1.0000   1.0000
alpha m=1 occupations
   1.0000   1.0000
beta m=-1 occupations
   1.0000   1.0000
beta m=0 occupations
   1.0000   1.0000   1.0000   1.0000   1.0000
beta m=1 occupations
   1.0000
Switching to optimal damping for next iterations
EDIIS+DIIS step
Evaluated energy -526.1214735843 (change from lowest 6.943712e-03)
Density matrix difference 2.377592e-02 between lowest-energy and newest entry


Iteration 63: 63 Fock evaluations energy -526.1284172966 change  0.000000e+00 DIIS error vector rms norm 3.405797e-04
History size 10
alpha m=-1 occupations
   1.0000   1.0000
alpha m=0 occupations
   1.0000   1.0000   1.0000   1.0000   1.0000   1.0000
alpha m=1 occupations
   1.0000   1.0000
beta m=-1 occupations
   1.0000   1.0000
beta m=0 occupations
   1.0000   1.0000   1.0000   1.0000   1.0000
beta m=1 occupations
   1.0000
Switching to optimal damping for next iterations
EDIIS+DIIS step
Evaluated energy -526.1214735840 (change from lowest 6.943713e-03)
Density matrix difference 2.377599e-02 between lowest-energy and newest entry


Iteration 64: 64 Fock evaluations energy -526.1284172966 change  0.000000e+00 DIIS error vector rms norm 3.405797e-04
History size 10
alpha m=-1 occupations
   1.0000   1.0000
alpha m=0 occupations
   1.0000   1.0000   1.0000   1.0000   1.0000   1.0000
alpha m=1 occupations
   1.0000   1.0000
beta m=-1 occupations
   1.0000   1.0000
beta m=0 occupations
   1.0000   1.0000   1.0000   1.0000   1.0000
beta m=1 occupations
   1.0000
Switching to optimal damping for next iterations
EDIIS+DIIS step
Evaluated energy -526.1214735837 (change from lowest 6.943713e-03)
Density matrix difference 2.377605e-02 between lowest-energy and newest entry


Iteration 65: 65 Fock evaluations energy -526.1284172966 change  0.000000e+00 DIIS error vector rms norm 3.405797e-04
History size 10
alpha m=-1 occupations
   1.0000   1.0000
alpha m=0 occupations
   1.0000   1.0000   1.0000   1.0000   1.0000   1.0000
alpha m=1 occupations
   1.0000   1.0000
beta m=-1 occupations
   1.0000   1.0000
beta m=0 occupations
   1.0000   1.0000   1.0000   1.0000   1.0000
beta m=1 occupations
   1.0000
Switching to optimal damping for next iterations
EDIIS+DIIS step
Evaluated energy -526.1214735838 (change from lowest 6.943713e-03)
Density matrix difference 2.377570e-02 between lowest-energy and newest entry


Iteration 66: 66 Fock evaluations energy -526.1284172966 change  0.000000e+00 DIIS error vector rms norm 3.405797e-04
History size 10
alpha m=-1 occupations
   1.0000   1.0000
alpha m=0 occupations
   1.0000   1.0000   1.0000   1.0000   1.0000   1.0000
alpha m=1 occupations
   1.0000   1.0000
beta m=-1 occupations
   1.0000   1.0000
beta m=0 occupations
   1.0000   1.0000   1.0000   1.0000   1.0000
beta m=1 occupations
   1.0000
Switching to optimal damping for next iterations
EDIIS+DIIS step
Evaluated energy -526.1214735836 (change from lowest 6.943713e-03)
Density matrix difference 2.377602e-02 between lowest-energy and newest entry


Iteration 67: 67 Fock evaluations energy -526.1284172966 change  0.000000e+00 DIIS error vector rms norm 3.405797e-04
History size 10
alpha m=-1 occupations
   1.0000   1.0000
alpha m=0 occupations
   1.0000   1.0000   1.0000   1.0000   1.0000   1.0000
alpha m=1 occupations
   1.0000   1.0000
beta m=-1 occupations
   1.0000   1.0000
beta m=0 occupations
   1.0000   1.0000   1.0000   1.0000   1.0000
beta m=1 occupations
   1.0000
Switching to optimal damping for next iterations
EDIIS+DIIS step
Evaluated energy -526.1214737228 (change from lowest 6.943574e-03)
Density matrix difference 2.372196e-02 between lowest-energy and newest entry


Iteration 68: 68 Fock evaluations energy -526.1284172966 change  0.000000e+00 DIIS error vector rms norm 3.405797e-04
History size 10
alpha m=-1 occupations
   1.0000   1.0000
alpha m=0 occupations
   1.0000   1.0000   1.0000   1.0000   1.0000   1.0000
alpha m=1 occupations
   1.0000   1.0000
beta m=-1 occupations
   1.0000   1.0000
beta m=0 occupations
   1.0000   1.0000   1.0000   1.0000   1.0000
beta m=1 occupations
   1.0000
Switching to optimal damping for next iterations
EDIIS+DIIS step
Evaluated energy -526.1214735798 (change from lowest 6.943717e-03)
Density matrix difference 2.377834e-02 between lowest-energy and newest entry


Iteration 69: 69 Fock evaluations energy -526.1284172966 change  0.000000e+00 DIIS error vector rms norm 3.405797e-04
History size 10
alpha m=-1 occupations
   1.0000   1.0000
alpha m=0 occupations
   1.0000   1.0000   1.0000   1.0000   1.0000   1.0000
alpha m=1 occupations
   1.0000   1.0000
beta m=-1 occupations
   1.0000   1.0000
beta m=0 occupations
   1.0000   1.0000   1.0000   1.0000   1.0000
beta m=1 occupations
   1.0000
Switching to optimal damping for next iterations
EDIIS+DIIS step
Evaluated energy -526.1214735799 (change from lowest 6.943717e-03)
Density matrix difference 2.377818e-02 between lowest-energy and newest entry


Iteration 70: 70 Fock evaluations energy -526.1284172966 change  0.000000e+00 DIIS error vector rms norm 3.405797e-04
History size 10
alpha m=-1 occupations
   1.0000   1.0000
alpha m=0 occupations
   1.0000   1.0000   1.0000   1.0000   1.0000   1.0000
alpha m=1 occupations
   1.0000   1.0000
beta m=-1 occupations
   1.0000   1.0000
beta m=0 occupations
   1.0000   1.0000   1.0000   1.0000   1.0000
beta m=1 occupations
   1.0000
Switching to optimal damping for next iterations
EDIIS+DIIS step
Evaluated energy -526.1214735808 (change from lowest 6.943716e-03)
Density matrix difference 2.377754e-02 between lowest-energy and newest entry


Iteration 71: 71 Fock evaluations energy -526.1284172966 change  0.000000e+00 DIIS error vector rms norm 3.405797e-04
History size 10
alpha m=-1 occupations
   1.0000   1.0000
alpha m=0 occupations
   1.0000   1.0000   1.0000   1.0000   1.0000   1.0000
alpha m=1 occupations
   1.0000   1.0000
beta m=-1 occupations
   1.0000   1.0000
beta m=0 occupations
   1.0000   1.0000   1.0000   1.0000   1.0000
beta m=1 occupations
   1.0000
Switching to optimal damping for next iterations
EDIIS+DIIS step
Evaluated energy -526.1214735822 (change from lowest 6.943714e-03)
Density matrix difference 2.377661e-02 between lowest-energy and newest entry


Iteration 72: 72 Fock evaluations energy -526.1284172966 change  0.000000e+00 DIIS error vector rms norm 3.405797e-04
History size 10
alpha m=-1 occupations
   1.0000   1.0000
alpha m=0 occupations
   1.0000   1.0000   1.0000   1.0000   1.0000   1.0000
alpha m=1 occupations
   1.0000   1.0000
beta m=-1 occupations
   1.0000   1.0000
beta m=0 occupations
   1.0000   1.0000   1.0000   1.0000   1.0000
beta m=1 occupations
   1.0000
Switching to optimal damping for next iterations
EDIIS+DIIS step
Evaluated energy -526.1214735840 (change from lowest 6.943713e-03)
Density matrix difference 2.377548e-02 between lowest-energy and newest entry


Iteration 73: 73 Fock evaluations energy -526.1284172966 change  0.000000e+00 DIIS error vector rms norm 3.405797e-04
History size 10
alpha m=-1 occupations
   1.0000   1.0000
alpha m=0 occupations
   1.0000   1.0000   1.0000   1.0000   1.0000   1.0000
alpha m=1 occupations
   1.0000   1.0000
beta m=-1 occupations
   1.0000   1.0000
beta m=0 occupations
   1.0000   1.0000   1.0000   1.0000   1.0000
beta m=1 occupations
   1.0000
Switching to optimal damping for next iterations
EDIIS+DIIS step
Evaluated energy -526.1214735858 (change from lowest 6.943711e-03)
Density matrix difference 2.377430e-02 between lowest-energy and newest entry


Iteration 74: 74 Fock evaluations energy -526.1284172966 change  0.000000e+00 DIIS error vector rms norm 3.405797e-04
History size 10
alpha m=-1 occupations
   1.0000   1.0000
alpha m=0 occupations
   1.0000   1.0000   1.0000   1.0000   1.0000   1.0000
alpha m=1 occupations
   1.0000   1.0000
beta m=-1 occupations
   1.0000   1.0000
beta m=0 occupations
   1.0000   1.0000   1.0000   1.0000   1.0000
beta m=1 occupations
   1.0000
Switching to optimal damping for next iterations
EDIIS+DIIS step
Evaluated energy -526.1214735872 (change from lowest 6.943709e-03)
Density matrix difference 2.377352e-02 between lowest-energy and newest entry


Iteration 75: 75 Fock evaluations energy -526.1284172966 change  0.000000e+00 DIIS error vector rms norm 3.405797e-04
History size 10
alpha m=-1 occupations
   1.0000   1.0000
alpha m=0 occupations
   1.0000   1.0000   1.0000   1.0000   1.0000   1.0000
alpha m=1 occupations
   1.0000   1.0000
beta m=-1 occupations
   1.0000   1.0000
beta m=0 occupations
   1.0000   1.0000   1.0000   1.0000   1.0000
beta m=1 occupations
   1.0000
Switching to optimal damping for next iterations
EDIIS+DIIS step
Evaluated energy -526.1214735872 (change from lowest 6.943709e-03)
Density matrix difference 2.377357e-02 between lowest-energy and newest entry


Iteration 76: 76 Fock evaluations energy -526.1284172966 change  0.000000e+00 DIIS error vector rms norm 3.405797e-04
History size 10
alpha m=-1 occupations
   1.0000   1.0000
alpha m=0 occupations
   1.0000   1.0000   1.0000   1.0000   1.0000   1.0000
alpha m=1 occupations
   1.0000   1.0000
beta m=-1 occupations
   1.0000   1.0000
beta m=0 occupations
   1.0000   1.0000   1.0000   1.0000   1.0000
beta m=1 occupations
   1.0000
Switching to optimal damping for next iterations
EDIIS+DIIS step
Evaluated energy -526.1214735883 (change from lowest 6.943708e-03)
Density matrix difference 2.377289e-02 between lowest-energy and newest entry


Iteration 77: 77 Fock evaluations energy -526.1284172966 change  0.000000e+00 DIIS error vector rms norm 3.405797e-04
History size 10
alpha m=-1 occupations
   1.0000   1.0000
alpha m=0 occupations
   1.0000   1.0000   1.0000   1.0000   1.0000   1.0000
alpha m=1 occupations
   1.0000   1.0000
beta m=-1 occupations
   1.0000   1.0000
beta m=0 occupations
   1.0000   1.0000   1.0000   1.0000   1.0000
beta m=1 occupations
   1.0000
Switching to optimal damping for next iterations
EDIIS+DIIS step
Evaluated energy -526.1214736845 (change from lowest 6.943612e-03)
Density matrix difference 2.373356e-02 between lowest-energy and newest entry


Iteration 78: 78 Fock evaluations energy -526.1284172966 change  0.000000e+00 DIIS error vector rms norm 3.405797e-04
History size 10
alpha m=-1 occupations
   1.0000   1.0000
alpha m=0 occupations
   1.0000   1.0000   1.0000   1.0000   1.0000   1.0000
alpha m=1 occupations
   1.0000   1.0000
beta m=-1 occupations
   1.0000   1.0000
beta m=0 occupations
   1.0000   1.0000   1.0000   1.0000   1.0000
beta m=1 occupations
   1.0000
Switching to optimal damping for next iterations
EDIIS+DIIS step
Evaluated energy -526.1214735957 (change from lowest 6.943701e-03)
Density matrix difference 2.376889e-02 between lowest-energy and newest entry


Iteration 79: 79 Fock evaluations energy -526.1284172966 change  0.000000e+00 DIIS error vector rms norm 3.405797e-04
History size 10
alpha m=-1 occupations
   1.0000   1.0000
alpha m=0 occupations
   1.0000   1.0000   1.0000   1.0000   1.0000   1.0000
alpha m=1 occupations
   1.0000   1.0000
beta m=-1 occupations
   1.0000   1.0000
beta m=0 occupations
   1.0000   1.0000   1.0000   1.0000   1.0000
beta m=1 occupations
   1.0000
Switching to optimal damping for next iterations
EDIIS+DIIS step
Evaluated energy -526.1214735994 (change from lowest 6.943697e-03)
Density matrix difference 2.376694e-02 between lowest-energy and newest entry


Iteration 80: 80 Fock evaluations energy -526.1284172966 change  0.000000e+00 DIIS error vector rms norm 3.405797e-04
History size 10
alpha m=-1 occupations
   1.0000   1.0000
alpha m=0 occupations
   1.0000   1.0000   1.0000   1.0000   1.0000   1.0000
alpha m=1 occupations
   1.0000   1.0000
beta m=-1 occupations
   1.0000   1.0000
beta m=0 occupations
   1.0000   1.0000   1.0000   1.0000   1.0000
beta m=1 occupations
   1.0000
Switching to optimal damping for next iterations
EDIIS+DIIS step
Evaluated energy -526.1214736026 (change from lowest 6.943694e-03)
Density matrix difference 2.376529e-02 between lowest-energy and newest entry


Iteration 81: 81 Fock evaluations energy -526.1284172966 change  0.000000e+00 DIIS error vector rms norm 3.405797e-04
History size 10
alpha m=-1 occupations
   1.0000   1.0000
alpha m=0 occupations
   1.0000   1.0000   1.0000   1.0000   1.0000   1.0000
alpha m=1 occupations
   1.0000   1.0000
beta m=-1 occupations
   1.0000   1.0000
beta m=0 occupations
   1.0000   1.0000   1.0000   1.0000   1.0000
beta m=1 occupations
   1.0000
Switching to optimal damping for next iterations
EDIIS+DIIS step
Evaluated energy -526.1214736056 (change from lowest 6.943691e-03)
Density matrix difference 2.376385e-02 between lowest-energy and newest entry


Iteration 82: 82 Fock evaluations energy -526.1284172966 change  0.000000e+00 DIIS error vector rms norm 3.405797e-04
History size 10
alpha m=-1 occupations
   1.0000   1.0000
alpha m=0 occupations
   1.0000   1.0000   1.0000   1.0000   1.0000   1.0000
alpha m=1 occupations
   1.0000   1.0000
beta m=-1 occupations
   1.0000   1.0000
beta m=0 occupations
   1.0000   1.0000   1.0000   1.0000   1.0000
beta m=1 occupations
   1.0000
Switching to optimal damping for next iterations
EDIIS+DIIS step
Evaluated energy -526.1214736083 (change from lowest 6.943688e-03)
Density matrix difference 2.376256e-02 between lowest-energy and newest entry


Iteration 83: 83 Fock evaluations energy -526.1284172966 change  0.000000e+00 DIIS error vector rms norm 3.405797e-04
History size 10
alpha m=-1 occupations
   1.0000   1.0000
alpha m=0 occupations
   1.0000   1.0000   1.0000   1.0000   1.0000   1.0000
alpha m=1 occupations
   1.0000   1.0000
beta m=-1 occupations
   1.0000   1.0000
beta m=0 occupations
   1.0000   1.0000   1.0000   1.0000   1.0000
beta m=1 occupations
   1.0000
Switching to optimal damping for next iterations
EDIIS+DIIS step
Evaluated energy -526.1214736111 (change from lowest 6.943685e-03)
Density matrix difference 2.376128e-02 between lowest-energy and newest entry


Iteration 84: 84 Fock evaluations energy -526.1284172966 change  0.000000e+00 DIIS error vector rms norm 3.405797e-04
History size 10
alpha m=-1 occupations
   1.0000   1.0000
alpha m=0 occupations
   1.0000   1.0000   1.0000   1.0000   1.0000   1.0000
alpha m=1 occupations
   1.0000   1.0000
beta m=-1 occupations
   1.0000   1.0000
beta m=0 occupations
   1.0000   1.0000   1.0000   1.0000   1.0000
beta m=1 occupations
   1.0000
Switching to optimal damping for next iterations
EDIIS+DIIS step
Evaluated energy -526.1214736157 (change from lowest 6.943681e-03)
Density matrix difference 2.375921e-02 between lowest-energy and newest entry


Iteration 85: 85 Fock evaluations energy -526.1284172966 change  0.000000e+00 DIIS error vector rms norm 3.405797e-04
History size 10
alpha m=-1 occupations
   1.0000   1.0000
alpha m=0 occupations
   1.0000   1.0000   1.0000   1.0000   1.0000   1.0000
alpha m=1 occupations
   1.0000   1.0000
beta m=-1 occupations
   1.0000   1.0000
beta m=0 occupations
   1.0000   1.0000   1.0000   1.0000   1.0000
beta m=1 occupations
   1.0000
Switching to optimal damping for next iterations
EDIIS+DIIS step
Evaluated energy -526.1214736256 (change from lowest 6.943671e-03)
Density matrix difference 2.375485e-02 between lowest-energy and newest entry


Iteration 86: 86 Fock evaluations energy -526.1284172966 change  0.000000e+00 DIIS error vector rms norm 3.405797e-04
History size 10
alpha m=-1 occupations
   1.0000   1.0000
alpha m=0 occupations
   1.0000   1.0000   1.0000   1.0000   1.0000   1.0000
alpha m=1 occupations
   1.0000   1.0000
beta m=-1 occupations
   1.0000   1.0000
beta m=0 occupations
   1.0000   1.0000   1.0000   1.0000   1.0000
beta m=1 occupations
   1.0000
Switching to optimal damping for next iterations
EDIIS+DIIS step
Evaluated energy -526.1214736386 (change from lowest 6.943658e-03)
Density matrix difference 2.374956e-02 between lowest-energy and newest entry


Iteration 87: 87 Fock evaluations energy -526.1284172966 change  0.000000e+00 DIIS error vector rms norm 3.405797e-04
History size 10
alpha m=-1 occupations
   1.0000   1.0000
alpha m=0 occupations
   1.0000   1.0000   1.0000   1.0000   1.0000   1.0000
alpha m=1 occupations
   1.0000   1.0000
beta m=-1 occupations
   1.0000   1.0000
beta m=0 occupations
   1.0000   1.0000   1.0000   1.0000   1.0000
beta m=1 occupations
   1.0000
Switching to optimal damping for next iterations
EDIIS+DIIS step
Evaluated energy -526.1214736510 (change from lowest 6.943646e-03)
Density matrix difference 2.374498e-02 between lowest-energy and newest entry


Iteration 88: 88 Fock evaluations energy -526.1284172966 change  0.000000e+00 DIIS error vector rms norm 3.405797e-04
History size 10
alpha m=-1 occupations
   1.0000   1.0000
alpha m=0 occupations
   1.0000   1.0000   1.0000   1.0000   1.0000   1.0000
alpha m=1 occupations
   1.0000   1.0000
beta m=-1 occupations
   1.0000   1.0000
beta m=0 occupations
   1.0000   1.0000   1.0000   1.0000   1.0000
beta m=1 occupations
   1.0000
Switching to optimal damping for next iterations
EDIIS+DIIS step
Evaluated energy -526.1214736461 (change from lowest 6.943650e-03)
Density matrix difference 2.374675e-02 between lowest-energy and newest entry


Iteration 89: 89 Fock evaluations energy -526.1284172966 change  0.000000e+00 DIIS error vector rms norm 3.405797e-04
History size 10
alpha m=-1 occupations
   1.0000   1.0000
alpha m=0 occupations
   1.0000   1.0000   1.0000   1.0000   1.0000   1.0000
alpha m=1 occupations
   1.0000   1.0000
beta m=-1 occupations
   1.0000   1.0000
beta m=0 occupations
   1.0000   1.0000   1.0000   1.0000   1.0000
beta m=1 occupations
   1.0000
Switching to optimal damping for next iterations
EDIIS+DIIS step
Evaluated energy -526.1214736466 (change from lowest 6.943650e-03)
Density matrix difference 2.374653e-02 between lowest-energy and newest entry


Iteration 90: 90 Fock evaluations energy -526.1284172966 change  0.000000e+00 DIIS error vector rms norm 3.405797e-04
History size 10
alpha m=-1 occupations
   1.0000   1.0000
alpha m=0 occupations
   1.0000   1.0000   1.0000   1.0000   1.0000   1.0000
alpha m=1 occupations
   1.0000   1.0000
beta m=-1 occupations
   1.0000   1.0000
beta m=0 occupations
   1.0000   1.0000   1.0000   1.0000   1.0000
beta m=1 occupations
   1.0000
Switching to optimal damping for next iterations
EDIIS+DIIS step
Evaluated energy -526.1214736509 (change from lowest 6.943646e-03)
Density matrix difference 2.374489e-02 between lowest-energy and newest entry


Iteration 91: 91 Fock evaluations energy -526.1284172966 change  0.000000e+00 DIIS error vector rms norm 3.405797e-04
History size 10
alpha m=-1 occupations
   1.0000   1.0000
alpha m=0 occupations
   1.0000   1.0000   1.0000   1.0000   1.0000   1.0000
alpha m=1 occupations
   1.0000   1.0000
beta m=-1 occupations
   1.0000   1.0000
beta m=0 occupations
   1.0000   1.0000   1.0000   1.0000   1.0000
beta m=1 occupations
   1.0000
Switching to optimal damping for next iterations
EDIIS+DIIS step
Evaluated energy -526.1214736590 (change from lowest 6.943638e-03)
Density matrix difference 2.374195e-02 between lowest-energy and newest entry


Iteration 92: 92 Fock evaluations energy -526.1284172966 change  0.000000e+00 DIIS error vector rms norm 3.405797e-04
History size 10
alpha m=-1 occupations
   1.0000   1.0000
alpha m=0 occupations
   1.0000   1.0000   1.0000   1.0000   1.0000   1.0000
alpha m=1 occupations
   1.0000   1.0000
beta m=-1 occupations
   1.0000   1.0000
beta m=0 occupations
   1.0000   1.0000   1.0000   1.0000   1.0000
beta m=1 occupations
   1.0000
Switching to optimal damping for next iterations
EDIIS+DIIS step
Evaluated energy -526.1214736714 (change from lowest 6.943625e-03)
Density matrix difference 2.373763e-02 between lowest-energy and newest entry


Iteration 93: 93 Fock evaluations energy -526.1284172966 change  0.000000e+00 DIIS error vector rms norm 3.405797e-04
History size 10
alpha m=-1 occupations
   1.0000   1.0000
alpha m=0 occupations
   1.0000   1.0000   1.0000   1.0000   1.0000   1.0000
alpha m=1 occupations
   1.0000   1.0000
beta m=-1 occupations
   1.0000   1.0000
beta m=0 occupations
   1.0000   1.0000   1.0000   1.0000   1.0000
beta m=1 occupations
   1.0000
Switching to optimal damping for next iterations
EDIIS+DIIS step
Evaluated energy -526.1214736879 (change from lowest 6.943609e-03)
Density matrix difference 2.373214e-02 between lowest-energy and newest entry


Iteration 94: 94 Fock evaluations energy -526.1284172966 change  0.000000e+00 DIIS error vector rms norm 3.405797e-04
History size 10
alpha m=-1 occupations
   1.0000   1.0000
alpha m=0 occupations
   1.0000   1.0000   1.0000   1.0000   1.0000   1.0000
alpha m=1 occupations
   1.0000   1.0000
beta m=-1 occupations
   1.0000   1.0000
beta m=0 occupations
   1.0000   1.0000   1.0000   1.0000   1.0000
beta m=1 occupations
   1.0000
Switching to optimal damping for next iterations
EDIIS+DIIS step
Evaluated energy -526.1214736987 (change from lowest 6.943598e-03)
Density matrix difference 2.372871e-02 between lowest-energy and newest entry


Iteration 95: 95 Fock evaluations energy -526.1284172966 change  0.000000e+00 DIIS error vector rms norm 3.405797e-04
History size 10
alpha m=-1 occupations
   1.0000   1.0000
alpha m=0 occupations
   1.0000   1.0000   1.0000   1.0000   1.0000   1.0000
alpha m=1 occupations
   1.0000   1.0000
beta m=-1 occupations
   1.0000   1.0000
beta m=0 occupations
   1.0000   1.0000   1.0000   1.0000   1.0000
beta m=1 occupations
   1.0000
Switching to optimal damping for next iterations
EDIIS+DIIS step
Evaluated energy -526.1214736927 (change from lowest 6.943604e-03)
Density matrix difference 2.373063e-02 between lowest-energy and newest entry


Iteration 96: 96 Fock evaluations energy -526.1284172966 change  0.000000e+00 DIIS error vector rms norm 3.405797e-04
History size 10
alpha m=-1 occupations
   1.0000   1.0000
alpha m=0 occupations
   1.0000   1.0000   1.0000   1.0000   1.0000   1.0000
alpha m=1 occupations
   1.0000   1.0000
beta m=-1 occupations
   1.0000   1.0000
beta m=0 occupations
   1.0000   1.0000   1.0000   1.0000   1.0000
beta m=1 occupations
   1.0000
Switching to optimal damping for next iterations
EDIIS+DIIS step
Evaluated energy -526.1214736900 (change from lowest 6.943607e-03)
Density matrix difference 2.373149e-02 between lowest-energy and newest entry


Iteration 97: 97 Fock evaluations energy -526.1284172966 change  0.000000e+00 DIIS error vector rms norm 3.405797e-04
History size 10
alpha m=-1 occupations
   1.0000   1.0000
alpha m=0 occupations
   1.0000   1.0000   1.0000   1.0000   1.0000   1.0000
alpha m=1 occupations
   1.0000   1.0000
beta m=-1 occupations
   1.0000   1.0000
beta m=0 occupations
   1.0000   1.0000   1.0000   1.0000   1.0000
beta m=1 occupations
   1.0000
Switching to optimal damping for next iterations
EDIIS+DIIS step
Evaluated energy -526.1214736944 (change from lowest 6.943602e-03)
Density matrix difference 2.373005e-02 between lowest-energy and newest entry


Iteration 98: 98 Fock evaluations energy -526.1284172966 change  0.000000e+00 DIIS error vector rms norm 3.405797e-04
History size 10
alpha m=-1 occupations
   1.0000   1.0000
alpha m=0 occupations
   1.0000   1.0000   1.0000   1.0000   1.0000   1.0000
alpha m=1 occupations
   1.0000   1.0000
beta m=-1 occupations
   1.0000   1.0000
beta m=0 occupations
   1.0000   1.0000   1.0000   1.0000   1.0000
beta m=1 occupations
   1.0000
Switching to optimal damping for next iterations
EDIIS+DIIS step
Evaluated energy -526.1214737075 (change from lowest 6.943589e-03)
Density matrix difference 2.372601e-02 between lowest-energy and newest entry


Iteration 99: 99 Fock evaluations energy -526.1284172966 change  0.000000e+00 DIIS error vector rms norm 3.405797e-04
History size 10
alpha m=-1 occupations
   1.0000   1.0000
alpha m=0 occupations
   1.0000   1.0000   1.0000   1.0000   1.0000   1.0000
alpha m=1 occupations
   1.0000   1.0000
beta m=-1 occupations
   1.0000   1.0000
beta m=0 occupations
   1.0000   1.0000   1.0000   1.0000   1.0000
beta m=1 occupations
   1.0000
Switching to optimal damping for next iterations
EDIIS+DIIS step
Evaluated energy -526.1214737267 (change from lowest 6.943570e-03)
Density matrix difference 2.372036e-02 between lowest-energy and newest entry


Iteration 100: 100 Fock evaluations energy -526.1284172966 change  0.000000e+00 DIIS error vector rms norm 3.405797e-04
History size 10
alpha m=-1 occupations
   1.0000   1.0000
alpha m=0 occupations
   1.0000   1.0000   1.0000   1.0000   1.0000   1.0000
alpha m=1 occupations
   1.0000   1.0000
beta m=-1 occupations
   1.0000   1.0000
beta m=0 occupations
   1.0000   1.0000   1.0000   1.0000   1.0000
beta m=1 occupations
   1.0000
Switching to optimal damping for next iterations
EDIIS+DIIS step
Evaluated energy -526.1214737411 (change from lowest 6.943555e-03)
Density matrix difference 2.371632e-02 between lowest-energy and newest entry

Running program took 5.30 s.
