ERKALE - HF/DFT from Hel, OpenMP version, running on 8 cores.
(c) Susi Lehtola, 2010-2016.

This program is free software; you can redistribute it and/or modify
it under the terms of the GNU General Public License as published by
the Free Software Foundation; either version 2 of the License, or
(at your option) any later version.

Running on host silver.

Current time is Tue 27 Jan 2026 03:22:14.

Current Settings used by ERKALE:
     AtomGuess      	                Auto	Method used for atomic guess (Auto for same as method)
     Basis          	           AHGBSP3-9	Basis set used in calculation
     BasisCutoff    	           1.000e-08	Cutoff for dropping out small primitives from contraction
     BasisOrth      	                Auto	Method of orthonormalization of basis set
     BasisRotate    	               false	Rotate basis set to remove redundant functions?
     Charge         	                   0	Total charge of system
     CholDepThresh  	           1.000e-07	Partial Cholesky decomposition threshold
     Cholesky       	                true	Use Cholesky decomposition?
     CholeskyMode   	                   0	Save/load integrals? 0 no, 1 save, -1 load
     CholeskyNAFThr 	           0.000e+00	Cholesky natural auxiliary function threshold
     CholeskyShThr  	           1.000e-02	Cholesky cache threshold
     CholeskyThr    	           1.000e-07	Cholesky decomposition threshold
     Complexbas     	                true	Use complex basis?
     Confinement    	         0.0 0.0 0.0	Confinement potential V(r) = V_i x_i^2
     ConvThr        	           1.000e-06	Orbital gradient convergence threshold
     DFTBasisThr    	           1.000e-10	Threshold for screening basis functions on grid
     DFTCpars       	                    	Override parameters of correlation functional (expert)
     DFTDelta       	           1.000e+02	Switch to final DFT grid has converged within factor X
     DFTDensityThr  	           1.000e-10	Threshold for screening density on grid
     DFTFinalTol    	           1.000e-05	Tolerance of final DFT grid
     DFTGrid        	             75 -302	DFT integration grid to use: nrad lmax or Auto for adaptive
     DFTInitialTol  	           1.000e-04	Tolerance of initial DFT grid
     DFTLobatto     	               false	Use Lobatto quadrature instead of Lebedev quadrature?
     DFTQuadThresh  	           2.220e-16	Threshold for pruning points with small quadrature weight
     DFTXpars       	                    	Override parameters of exchange functional (expert)
     DIISComb       	               false	Combine alpha and beta errors in unrestricted calcs?
     DIISEps        	           1.000e-01	Start mixing in DIIS when error is
     DIISOrder      	                  10	How many DIIS iterations to keep in memory?
     DIISThr        	           1.000e-02	DIIS error threshold for DIIS updates
     DecFock        	               false	Use decontracted basis to calculate Fock matrix (direct HF)
     Decontract     	                   *	Indices of atoms to decontract basis set for
     DensityFitting 	               false	Use density fitting / RI?
     Direct         	               false	Calculate two-electron integrals (or density fitting) on-the-fly?
     EField         	         0.0 0.0 0.0	Electric field
     ErrorNorm      	                 rms	Error norm to use in the SCF code
     FittingBasis   	                Auto	Basis to use for density fitting / RI (Auto for automatic)
     FittingCholeskyThreshold	           1.000e-08	Linear dependence threshold for pivoted Cholesky of Coulomb integrals in density fitting
     FittingMemory  	                1000	Amount of memory in MB to use for exchange fitting
     FittingThreshold	           1.000e-07	Linear dependence threshold for Coulomb integrals in density fitting
     Guess          	              sapfit	Used guess: SAD (default), SADNO, core, GWH, SAP, or SAPfit
     InitConvThr    	           1.000e-05	Initialization convergence threshold
     InputBohr      	               false	Use atomic units as input units instead of angstrom?
     IntegralThresh 	           1.000e-10	Integral screening threshold
     Kgwh           	           1.750e+00	Scaling constant for GWH
     LinDepThresh   	           1.000e-05	Basis set linear dependency threshold
     LinearB        	           2.800e-01	Magnetic field along bond axis
     LinearFreeze   	               false	If using linear symmetry, freeze symmetry to input guess
     LinearOccupationFile	     ../../Na_3.occs	File to read linear occupations from
     LinearOccupations	                  -1	Read in occupations for linear molecule calculations?
     LinearSymmetry 	                true	Do special calculation on linear molecule along z axis
     LoadChk        	                    	Checkpoint file to load from
     Logfile        	          erkale.log	File to print out full information, stdout for screen
     MaxInitIter    	                  50	Maximum number of iterations in the stepwise solutions
     MaxIter        	                 100	Maximum number of iterations in SCF cycle
     Method         	                  HF	Method used in calculation (HF or a DFT functional)
     Multiplicity   	                   2	Spin multiplicity
     NLGrid         	             50 -194	Integration grid to use for nonlocal correlation: nrad lmax
     Occupancies    	                    	Orbital occupancies
     OptLM          	               false	If spherical harmonics used, use cartesian s and p functions?
     PZ             	               false	Perform Perdew-Zunger self-interaction correction?
     PZEthr         	           1.000e-10	Threshold for energy convergence
     PZIthr         	           1.000e-02	Threshold for initialization convergence (not too small!)
     PZNRthr        	           0.000e+00	Threshold for use of NR method in OO optimization
     PZOOthr        	           1.000e-04	Gradient threshold for OO optimization
     PZOVthr        	           1.000e-05	Gradient threshold for OV optimization
     PZimag         	                Auto	Imaginary degrees of freedom in PZ?
     PZiter         	                  20	Max number of iterations in self-consistency iteration
     PZloc          	                Auto	Initial localization before SIC calculation?
     PZlocmet       	                  FB	Initial localization method (recommend FB or IAO)
     PZmode         	                  XC	Apply PZ to the operators (in addition to J): X C D
     PZoo           	                true	Optimize OO block?
     PZov           	                true	Optimize OV block?
     PZprec         	                   1	Precondition OV block? 0: no, 1: unified, 2: orbital
     PZrand         	                true	Apply random rotation in PZ initialization? (Should be true)
     PZscale        	            Constant	Scaling for PZ: Constant, Density or Kinetic
     PZscaleExp     	           1.000e+00	Exponent in the dynamic scaling equation
     PZseed         	                   0	Seed number for randomized matrices?
     PZstab         	                   0	Stability analysis for PZ-SIC? 1 or -1 for OO, 2 or -2 for OO+OV
     PZstabThr      	           1.000e-03	Instability threshold (interpreted as -thr)
     PZw            	           1.000e+00	Weight for Perdew-Zunger self-interaction correction
     Restricted     	               false	Spin restricted?
     SAPBasis       	    helfem_large.gbs	Tabulated atomic effective potential "basis set"
     SAPGrid        	                    	SAP integration grid to use: nrad lmax or leave empty
     SaveChk        	   complex_basis.chk	Checkpoint file to save to
     Shift          	           0.000e+00	Level shift to use in Hartree
     System         	        ../atoms.xyz	System as an xyz file
     TRRHminS       	           9.750e-01	Trust-Region Roothaan-Hall minimal occupied orbital overlap
     UseADIIS       	                true	Use ADIIS for Fock matrix interpolation?
     UseBroyden     	               false	Use Broyden mixing of Fock matrices?
     UseDIIS        	                true	Use Pulay's Direct Inversion in the Iterative Subspace?
     UseLM          	                true	Use a spherical harmonics basis set by default?
     UseTRRH        	               false	Use Trust-Region Roothaan-Hall?
     VV10           	                Auto	Use VV10 non-local correlation?
     VV10Pars       	                    	VV10 parameters: b C
     Verbose        	                true	Verbose calculation?
     Verbosity      	                   5	Verboseness level

Basis set AHGBSP3-9 found in file AHGBSP3-9.gbs in /home/lehtola/programs/erkale/basis/.
Basis set helfem_large.gbs found in file helfem_large.gbs in /home/lehtola/programs/erkale/basis/.
Screening by shell pairs and symmetry reduced dofs by factor 2.10.
Individual screening reduced dofs by a total factor 2.10.
Computing Cholesky vectors. Estimated memory size is 2 Gi - 7 Gi.
Cholesky vectors no     0 -     0 computed, error is 4.567160e+02 (0.01 s).
Cholesky vectors no     1 -     1 computed, error is 1.154735e+02 (0.01 s).
Cholesky vectors no     2 -     2 computed, error is 6.557354e+01 (0.01 s).
Cholesky vectors no     3 -     3 computed, error is 4.159257e+01 (0.01 s).
Cholesky vectors no     4 -     9 computed, error is 1.467551e+01 (0.07 s).
Cholesky vectors no    10 -    12 computed, error is 1.177286e+01 (0.04 s).
Cholesky vectors no    13 -    18 computed, error is 1.067736e+01 (0.10 s).
Cholesky vectors no    19 -    19 computed, error is 3.898782e+00 (0.03 s).
Cholesky vectors no    20 -    22 computed, error is 3.737415e+00 (0.08 s).
Cholesky vectors no    23 -    37 computed, error is 3.509232e+00 (0.36 s).
Cholesky vectors no    38 -    38 computed, error is 3.078223e+00 (0.02 s).
Cholesky vectors no    39 -    39 computed, error is 2.560429e+00 (0.02 s).
Cholesky vectors no    40 -    45 computed, error is 1.962978e+00 (0.10 s).
Cholesky vectors no    46 -    55 computed, error is 1.559539e+00 (0.18 s).
Cholesky vectors no    56 -    58 computed, error is 1.322796e+00 (0.05 s).
Cholesky vectors no    59 -    86 computed, error is 9.894479e-01 (0.54 s).
Cholesky vectors no    87 -   101 computed, error is 7.904444e-01 (0.47 s).
Cholesky vectors no   102 -   122 computed, error is 5.320751e-01 (0.75 s).
Cholesky vectors no   123 -   167 computed, error is 3.720858e-01 (1.81 s).
Cholesky vectors no   168 -   203 computed, error is 3.212730e-01 (1.58 s).
Cholesky vectors no   204 -   231 computed, error is 3.061884e-01 (1.86 s).
Cholesky vectors no   232 -   234 computed, error is 2.704244e-01 (0.12 s).
Cholesky vectors no   235 -   235 computed, error is 2.004533e-01 (0.04 s).
Cholesky vectors no   236 -   280 computed, error is 1.844936e-01 (2.66 s).
Cholesky vectors no   281 -   290 computed, error is 1.719305e-01 (0.34 s).
Cholesky vectors no   291 -   296 computed, error is 1.597931e-01 (0.20 s).
Cholesky vectors no   297 -   332 computed, error is 1.559925e-01 (3.43 s).
Cholesky vectors no   333 -   377 computed, error is 1.406833e-01 (4.06 s).
Cholesky vectors no   378 -   380 computed, error is 1.059850e-01 (0.28 s).
Cholesky vectors no   381 -   381 computed, error is 8.667378e-02 (0.09 s).
Cholesky vectors no   382 -   391 computed, error is 7.578649e-02 (0.84 s).
Cholesky vectors no   392 -   412 computed, error is 7.435836e-02 (2.31 s).
Cholesky vectors no   413 -   457 computed, error is 7.156843e-02 (3.85 s).
Cholesky vectors no   458 -   493 computed, error is 6.039897e-02 (3.68 s).
Cholesky vectors no   494 -   538 computed, error is 3.695986e-02 (5.48 s).
Cholesky vectors no   539 -   553 computed, error is 3.304204e-02 (1.23 s).
Cholesky vectors no   554 -   589 computed, error is 2.793239e-02 (3.92 s).
Cholesky vectors no   590 -   625 computed, error is 2.756311e-02 (5.62 s).
Cholesky vectors no   626 -   670 computed, error is 2.585777e-02 (4.96 s).
Cholesky vectors no   671 -   671 computed, error is 2.241565e-02 (0.12 s).
Cholesky vectors no   672 -   716 computed, error is 2.195402e-02 (6.19 s).
Cholesky vectors no   717 -   761 computed, error is 2.022424e-02 (5.24 s).
Cholesky vectors no   762 -   764 computed, error is 1.985841e-02 (0.32 s).
Cholesky vectors no   765 -   765 computed, error is 1.942374e-02 (0.10 s).
Cholesky vectors no   766 -   771 computed, error is 1.809273e-02 (0.62 s).
Cholesky vectors no   772 -   807 computed, error is 1.249628e-02 (5.87 s).
Cholesky vectors no   808 -   843 computed, error is 1.222045e-02 (4.89 s).
Cholesky vectors no   844 -   846 computed, error is 1.151230e-02 (0.43 s).
Cholesky vectors no   847 -   853 computed, error is 1.021692e-02 (0.95 s).
Cholesky vectors no   854 -   898 computed, error is 9.800170e-03 (6.31 s).
Cholesky vectors no   899 -   899 computed, error is 8.647018e-03 (0.18 s).
Cholesky vectors no   900 -   935 computed, error is 8.623837e-03 (8.09 s).
Cholesky vectors no   936 -   955 computed, error is 8.309050e-03 (3.25 s).
Cholesky vectors no   956 -  1000 computed, error is 5.580603e-03 (7.57 s).
Cholesky vectors no  1001 -  1028 computed, error is 5.354427e-03 (4.95 s).
Cholesky vectors no  1029 -  1064 computed, error is 5.107201e-03 (7.43 s).
Cholesky vectors no  1065 -  1109 computed, error is 4.036433e-03 (12.29 s).
Cholesky vectors no  1110 -  1145 computed, error is 3.999246e-03 (13.15 s).
Cholesky vectors no  1146 -  1181 computed, error is 3.704327e-03 (11.80 s).
Cholesky vectors no  1182 -  1226 computed, error is 3.013779e-03 (16.15 s).
Cholesky vectors no  1227 -  1271 computed, error is 2.362253e-03 (20.55 s).
Cholesky vectors no  1272 -  1307 computed, error is 1.936233e-03 (13.46 s).
Cholesky vectors no  1308 -  1352 computed, error is 1.833890e-03 (10.33 s).
Cholesky vectors no  1353 -  1397 computed, error is 1.643780e-03 (7.87 s).
Cholesky vectors no  1398 -  1433 computed, error is 1.593706e-03 (13.33 s).
Cholesky vectors no  1434 -  1436 computed, error is 1.369388e-03 (0.48 s).
Cholesky vectors no  1437 -  1472 computed, error is 1.207744e-03 (10.44 s).
Cholesky vectors no  1473 -  1478 computed, error is 1.144927e-03 (1.34 s).
Cholesky vectors no  1479 -  1481 computed, error is 9.312139e-04 (0.44 s).
Cholesky vectors no  1482 -  1487 computed, error is 8.134378e-04 (1.30 s).
Cholesky vectors no  1488 -  1494 computed, error is 7.392050e-04 (3.85 s).
Cholesky vectors no  1495 -  1497 computed, error is 7.182025e-04 (1.02 s).
Cholesky vectors no  1498 -  1542 computed, error is 6.004792e-04 (21.53 s).
Cholesky vectors no  1543 -  1587 computed, error is 5.999041e-04 (12.76 s).
Cholesky vectors no  1588 -  1599 computed, error is 5.522984e-04 (2.58 s).
Cholesky vectors no  1600 -  1635 computed, error is 5.091287e-04 (10.28 s).
Cholesky vectors no  1636 -  1671 computed, error is 4.446514e-04 (8.24 s).
Cholesky vectors no  1672 -  1716 computed, error is 3.402948e-04 (10.53 s).
Cholesky vectors no  1717 -  1731 computed, error is 3.164206e-04 (2.00 s).
Cholesky vectors no  1732 -  1741 computed, error is 2.618249e-04 (1.24 s).
Cholesky vectors no  1742 -  1756 computed, error is 2.445577e-04 (1.98 s).
Cholesky vectors no  1757 -  1801 computed, error is 2.270020e-04 (8.46 s).
Cholesky vectors no  1802 -  1802 computed, error is 2.213120e-04 (0.19 s).
Cholesky vectors no  1803 -  1847 computed, error is 2.072161e-04 (8.10 s).
Cholesky vectors no  1848 -  1883 computed, error is 1.525322e-04 (5.81 s).
Cholesky vectors no  1884 -  1886 computed, error is 1.348331e-04 (0.48 s).
Cholesky vectors no  1887 -  1907 computed, error is 1.102678e-04 (4.77 s).
Cholesky vectors no  1908 -  1922 computed, error is 1.080636e-04 (2.98 s).
Cholesky vectors no  1923 -  1958 computed, error is 8.300873e-05 (7.40 s).
Cholesky vectors no  1959 -  2003 computed, error is 8.089161e-05 (8.65 s).
Cholesky vectors no  2004 -  2004 computed, error is 7.913506e-05 (0.21 s).
Cholesky vectors no  2005 -  2040 computed, error is 7.791880e-05 (8.36 s).
Cholesky vectors no  2041 -  2043 computed, error is 7.017836e-05 (0.84 s).
Cholesky vectors no  2044 -  2050 computed, error is 6.741539e-05 (1.68 s).
Cholesky vectors no  2051 -  2095 computed, error is 6.588452e-05 (9.73 s).
Cholesky vectors no  2096 -  2096 computed, error is 5.638182e-05 (0.29 s).
Cholesky vectors no  2097 -  2124 computed, error is 4.806257e-05 (8.72 s).
Cholesky vectors no  2125 -  2160 computed, error is 4.298777e-05 (7.54 s).
Cholesky vectors no  2161 -  2196 computed, error is 4.098364e-05 (11.34 s).
Cholesky vectors no  2197 -  2241 computed, error is 3.068278e-05 (30.50 s).
Cholesky vectors no  2242 -  2277 computed, error is 2.882628e-05 (8.18 s).
Cholesky vectors no  2278 -  2322 computed, error is 2.350222e-05 (11.58 s).
Cholesky vectors no  2323 -  2358 computed, error is 1.820863e-05 (8.26 s).
Cholesky vectors no  2359 -  2361 computed, error is 1.655365e-05 (0.70 s).
Cholesky vectors no  2362 -  2364 computed, error is 1.501780e-05 (0.69 s).
Cholesky vectors no  2365 -  2365 computed, error is 1.375593e-05 (0.24 s).
Cholesky vectors no  2366 -  2375 computed, error is 1.326743e-05 (2.10 s).
Cholesky vectors no  2376 -  2411 computed, error is 1.299523e-05 (11.31 s).
Cholesky vectors no  2412 -  2447 computed, error is 1.124406e-05 (13.15 s).
Cholesky vectors no  2448 -  2453 computed, error is 6.633082e-06 (2.28 s).
Cholesky vectors no  2454 -  2489 computed, error is 5.524557e-06 (6.91 s).
Cholesky vectors no  2490 -  2490 computed, error is 5.256585e-06 (0.14 s).
Cholesky vectors no  2491 -  2535 computed, error is 4.267251e-06 (14.17 s).
Cholesky vectors no  2536 -  2538 computed, error is 2.779920e-06 (0.83 s).
Cholesky vectors no  2539 -  2559 computed, error is 2.312461e-06 (6.28 s).
Cholesky vectors no  2560 -  2562 computed, error is 1.939849e-06 (1.05 s).
Cholesky vectors no  2563 -  2607 computed, error is 1.510412e-06 (15.17 s).
Cholesky vectors no  2608 -  2613 computed, error is 1.410357e-06 (2.22 s).
Cholesky vectors no  2614 -  2622 computed, error is 1.378647e-06 (3.52 s).
Cholesky vectors no  2623 -  2667 computed, error is 1.230158e-06 (16.52 s).
Cholesky vectors no  2668 -  2703 computed, error is 1.035150e-06 (16.47 s).
Cholesky vectors no  2704 -  2716 computed, error is 9.626631e-07 (4.14 s).
Cholesky vectors no  2717 -  2717 computed, error is 8.818345e-07 (0.41 s).
Cholesky vectors no  2718 -  2720 computed, error is 8.638898e-07 (0.90 s).
Cholesky vectors no  2721 -  2765 computed, error is 7.137649e-07 (10.94 s).
Cholesky vectors no  2766 -  2810 computed, error is 6.545720e-07 (10.93 s).
Cholesky vectors no  2811 -  2846 computed, error is 4.624010e-07 (5.18 s).
Cholesky vectors no  2847 -  2882 computed, error is 4.055096e-07 (5.06 s).
Cholesky vectors no  2883 -  2897 computed, error is 4.014919e-07 (2.11 s).
Cholesky vectors no  2898 -  2902 computed, error is 3.717470e-07 (2.18 s).
Cholesky vectors no  2903 -  2903 computed, error is 3.488474e-07 (0.14 s).
Cholesky vectors no  2904 -  2948 computed, error is 2.520321e-07 (7.15 s).
Cholesky vectors no  2949 -  2993 computed, error is 2.254174e-07 (6.47 s).
Cholesky vectors no  2994 -  2994 computed, error is 1.783620e-07 (0.14 s).
Cholesky vectors no  2995 -  3004 computed, error is 1.700121e-07 (3.04 s).
Cholesky vectors no  3005 -  3040 computed, error is 1.613532e-07 (5.30 s).
Cholesky vectors no  3041 -  3049 computed, error is 1.475341e-07 (1.31 s).
Cholesky vectors no  3050 -  3062 computed, error is 1.211798e-07 (1.92 s).
Cholesky vectors no  3063 -  3098 computed, error is 1.180255e-07 (5.31 s).
Cholesky vectors no  3099 -  3143 computed, error is 1.141040e-07 (8.46 s).
Cholesky vectors no  3144 -  3146 computed, error is 1.136012e-07 (0.45 s).
Cholesky vectors no  3147 -  3174 computed, error is 9.557374e-08 (4.41 s).
Cholesky decomposition finished in 11 min 32.26 s. Realized memory size is 3 Gi 987 Mi 834 ki.
Time use: integrals 1.4 %, linear algebra 98.6 %.
7438 shell pairs and 1 nuclei
SAP potential formed in 0.128 s.
Smallest eigenvalue of overlap matrix is 2.86e-04, reciprocal condition number is 6.53e-05.
Using symmetric orthogonalization.
Smallest eigenvalue of overlap matrix is 2.21e-04, reciprocal condition number is 4.79e-05.
Using symmetric orthogonalization.
Smallest eigenvalue of overlap matrix is 2.21e-04, reciprocal condition number is 4.56e-05.
Using symmetric orthogonalization.
Smallest eigenvalue of overlap matrix is 1.30e-04, reciprocal condition number is 2.37e-05.
Using symmetric orthogonalization.
Smallest eigenvalue of overlap matrix is 4.40e-05, reciprocal condition number is 6.29e-06.
Using symmetric orthogonalization.
Smallest eigenvalue of overlap matrix is 1.30e-04, reciprocal condition number is 2.37e-05.
Using symmetric orthogonalization.
Smallest eigenvalue of overlap matrix is 2.21e-04, reciprocal condition number is 4.56e-05.
Using symmetric orthogonalization.
Smallest eigenvalue of overlap matrix is 2.21e-04, reciprocal condition number is 4.79e-05.
Using symmetric orthogonalization.
Smallest eigenvalue of overlap matrix is 2.86e-04, reciprocal condition number is 6.53e-05.
Using symmetric orthogonalization.
Nela = 6 Nelb = 5



Solving SCF
Evaluated energy -45.4417541278 (change from lowest -4.544175e+01)


Iteration 1: 1 Fock evaluations energy -45.4417541278 change -4.544175e+01 DIIS error vector rms norm 1.416365e-01
History size 1
alpha m=-1 occupations
   1.0000
alpha m=0 occupations
   1.0000   1.0000   1.0000
alpha m=1 occupations
   1.0000
alpha m=2 occupations
   1.0000
beta m=-1 occupations
   1.0000
beta m=0 occupations
   1.0000   1.0000   1.0000
beta m=1 occupations
   1.0000
EDIIS step
Evaluated energy -161.2854280913 (change from lowest -1.158437e+02)
Density matrix difference 2.386474e-02 between lowest-energy and newest entry


Iteration 2: 2 Fock evaluations energy -161.2854280913 change -1.158437e+02 DIIS error vector rms norm 4.853753e-04
History size 2
alpha m=-1 occupations
   1.0000
alpha m=0 occupations
   1.0000   1.0000   1.0000
alpha m=1 occupations
   1.0000
alpha m=2 occupations
   1.0000
beta m=-1 occupations
   1.0000
beta m=0 occupations
   1.0000   1.0000   1.0000
beta m=1 occupations
   1.0000
EDIIS+DIIS step
Evaluated energy -161.2866429733 (change from lowest -1.214882e-03)
Density matrix difference 7.858056e-04 between lowest-energy and newest entry


Iteration 3: 3 Fock evaluations energy -161.2866429733 change -1.214882e-03 DIIS error vector rms norm 1.730436e-04
History size 3
alpha m=-1 occupations
   1.0000
alpha m=0 occupations
   1.0000   1.0000   1.0000
alpha m=1 occupations
   1.0000
alpha m=2 occupations
   1.0000
beta m=-1 occupations
   1.0000
beta m=0 occupations
   1.0000   1.0000   1.0000
beta m=1 occupations
   1.0000
EDIIS+DIIS step
Evaluated energy -161.2868362031 (change from lowest -1.932299e-04)
Density matrix difference 2.386890e-04 between lowest-energy and newest entry


Iteration 4: 4 Fock evaluations energy -161.2868362031 change -1.932299e-04 DIIS error vector rms norm 1.019142e-05
History size 4
alpha m=-1 occupations
   1.0000
alpha m=0 occupations
   1.0000   1.0000   1.0000
alpha m=1 occupations
   1.0000
alpha m=2 occupations
   1.0000
beta m=-1 occupations
   1.0000
beta m=0 occupations
   1.0000   1.0000   1.0000
beta m=1 occupations
   1.0000
DIIS step
Evaluated energy -161.2868378749 (change from lowest -1.671714e-06)
Density matrix difference 3.857664e-05 between lowest-energy and newest entry


Iteration 5: 5 Fock evaluations energy -161.2868378749 change -1.671714e-06 DIIS error vector rms norm 1.659963e-06
History size 5
alpha m=-1 occupations
   1.0000
alpha m=0 occupations
   1.0000   1.0000   1.0000
alpha m=1 occupations
   1.0000
alpha m=2 occupations
   1.0000
beta m=-1 occupations
   1.0000
beta m=0 occupations
   1.0000   1.0000   1.0000
beta m=1 occupations
   1.0000
DIIS step
Evaluated energy -161.2868379883 (change from lowest -1.134515e-07)
Density matrix difference 1.141876e-05 between lowest-energy and newest entry


Iteration 6: 6 Fock evaluations energy -161.2868379883 change -1.134515e-07 DIIS error vector rms norm 5.333435e-07
History size 6
Converged to energy -161.2868379883!

Running program took 15 min 36.53 s.
