ERKALE - HF/DFT from Hel, OpenMP version, running on 8 cores.
(c) Susi Lehtola, 2010-2016.

This program is free software; you can redistribute it and/or modify
it under the terms of the GNU General Public License as published by
the Free Software Foundation; either version 2 of the License, or
(at your option) any later version.

Running on host silver.

Current time is Tue 27 Jan 2026 00:50:25.

Current Settings used by ERKALE:
     AtomGuess      	                Auto	Method used for atomic guess (Auto for same as method)
     Basis          	           AHGBSP3-5	Basis set used in calculation
     BasisCutoff    	           1.000e-08	Cutoff for dropping out small primitives from contraction
     BasisOrth      	                Auto	Method of orthonormalization of basis set
     BasisRotate    	               false	Rotate basis set to remove redundant functions?
     Charge         	                   0	Total charge of system
     CholDepThresh  	           1.000e-07	Partial Cholesky decomposition threshold
     Cholesky       	                true	Use Cholesky decomposition?
     CholeskyMode   	                   0	Save/load integrals? 0 no, 1 save, -1 load
     CholeskyNAFThr 	           0.000e+00	Cholesky natural auxiliary function threshold
     CholeskyShThr  	           1.000e-02	Cholesky cache threshold
     CholeskyThr    	           1.000e-07	Cholesky decomposition threshold
     Complexbas     	                true	Use complex basis?
     Confinement    	         0.0 0.0 0.0	Confinement potential V(r) = V_i x_i^2
     ConvThr        	           1.000e-06	Orbital gradient convergence threshold
     DFTBasisThr    	           1.000e-10	Threshold for screening basis functions on grid
     DFTCpars       	                    	Override parameters of correlation functional (expert)
     DFTDelta       	           1.000e+02	Switch to final DFT grid has converged within factor X
     DFTDensityThr  	           1.000e-10	Threshold for screening density on grid
     DFTFinalTol    	           1.000e-05	Tolerance of final DFT grid
     DFTGrid        	             75 -302	DFT integration grid to use: nrad lmax or Auto for adaptive
     DFTInitialTol  	           1.000e-04	Tolerance of initial DFT grid
     DFTLobatto     	               false	Use Lobatto quadrature instead of Lebedev quadrature?
     DFTQuadThresh  	           2.220e-16	Threshold for pruning points with small quadrature weight
     DFTXpars       	                    	Override parameters of exchange functional (expert)
     DIISComb       	               false	Combine alpha and beta errors in unrestricted calcs?
     DIISEps        	           1.000e-01	Start mixing in DIIS when error is
     DIISOrder      	                  10	How many DIIS iterations to keep in memory?
     DIISThr        	           1.000e-02	DIIS error threshold for DIIS updates
     DecFock        	               false	Use decontracted basis to calculate Fock matrix (direct HF)
     Decontract     	                   *	Indices of atoms to decontract basis set for
     DensityFitting 	               false	Use density fitting / RI?
     Direct         	               false	Calculate two-electron integrals (or density fitting) on-the-fly?
     EField         	         0.0 0.0 0.0	Electric field
     ErrorNorm      	                 rms	Error norm to use in the SCF code
     FittingBasis   	                Auto	Basis to use for density fitting / RI (Auto for automatic)
     FittingCholeskyThreshold	           1.000e-08	Linear dependence threshold for pivoted Cholesky of Coulomb integrals in density fitting
     FittingMemory  	                1000	Amount of memory in MB to use for exchange fitting
     FittingThreshold	           1.000e-07	Linear dependence threshold for Coulomb integrals in density fitting
     Guess          	              sapfit	Used guess: SAD (default), SADNO, core, GWH, SAP, or SAPfit
     InitConvThr    	           1.000e-05	Initialization convergence threshold
     InputBohr      	               false	Use atomic units as input units instead of angstrom?
     IntegralThresh 	           1.000e-10	Integral screening threshold
     Kgwh           	           1.750e+00	Scaling constant for GWH
     LinDepThresh   	           1.000e-05	Basis set linear dependency threshold
     LinearB        	           2.800e-01	Magnetic field along bond axis
     LinearFreeze   	               false	If using linear symmetry, freeze symmetry to input guess
     LinearOccupationFile	     ../../Na_1.occs	File to read linear occupations from
     LinearOccupations	                  -1	Read in occupations for linear molecule calculations?
     LinearSymmetry 	                true	Do special calculation on linear molecule along z axis
     LoadChk        	                    	Checkpoint file to load from
     Logfile        	          erkale.log	File to print out full information, stdout for screen
     MaxInitIter    	                  50	Maximum number of iterations in the stepwise solutions
     MaxIter        	                 100	Maximum number of iterations in SCF cycle
     Method         	                  HF	Method used in calculation (HF or a DFT functional)
     Multiplicity   	                   2	Spin multiplicity
     NLGrid         	             50 -194	Integration grid to use for nonlocal correlation: nrad lmax
     Occupancies    	                    	Orbital occupancies
     OptLM          	               false	If spherical harmonics used, use cartesian s and p functions?
     PZ             	               false	Perform Perdew-Zunger self-interaction correction?
     PZEthr         	           1.000e-10	Threshold for energy convergence
     PZIthr         	           1.000e-02	Threshold for initialization convergence (not too small!)
     PZNRthr        	           0.000e+00	Threshold for use of NR method in OO optimization
     PZOOthr        	           1.000e-04	Gradient threshold for OO optimization
     PZOVthr        	           1.000e-05	Gradient threshold for OV optimization
     PZimag         	                Auto	Imaginary degrees of freedom in PZ?
     PZiter         	                  20	Max number of iterations in self-consistency iteration
     PZloc          	                Auto	Initial localization before SIC calculation?
     PZlocmet       	                  FB	Initial localization method (recommend FB or IAO)
     PZmode         	                  XC	Apply PZ to the operators (in addition to J): X C D
     PZoo           	                true	Optimize OO block?
     PZov           	                true	Optimize OV block?
     PZprec         	                   1	Precondition OV block? 0: no, 1: unified, 2: orbital
     PZrand         	                true	Apply random rotation in PZ initialization? (Should be true)
     PZscale        	            Constant	Scaling for PZ: Constant, Density or Kinetic
     PZscaleExp     	           1.000e+00	Exponent in the dynamic scaling equation
     PZseed         	                   0	Seed number for randomized matrices?
     PZstab         	                   0	Stability analysis for PZ-SIC? 1 or -1 for OO, 2 or -2 for OO+OV
     PZstabThr      	           1.000e-03	Instability threshold (interpreted as -thr)
     PZw            	           1.000e+00	Weight for Perdew-Zunger self-interaction correction
     Restricted     	               false	Spin restricted?
     SAPBasis       	    helfem_large.gbs	Tabulated atomic effective potential "basis set"
     SAPGrid        	                    	SAP integration grid to use: nrad lmax or leave empty
     SaveChk        	   complex_basis.chk	Checkpoint file to save to
     Shift          	           0.000e+00	Level shift to use in Hartree
     System         	        ../atoms.xyz	System as an xyz file
     TRRHminS       	           9.750e-01	Trust-Region Roothaan-Hall minimal occupied orbital overlap
     UseADIIS       	                true	Use ADIIS for Fock matrix interpolation?
     UseBroyden     	               false	Use Broyden mixing of Fock matrices?
     UseDIIS        	                true	Use Pulay's Direct Inversion in the Iterative Subspace?
     UseLM          	                true	Use a spherical harmonics basis set by default?
     UseTRRH        	               false	Use Trust-Region Roothaan-Hall?
     VV10           	                Auto	Use VV10 non-local correlation?
     VV10Pars       	                    	VV10 parameters: b C
     Verbose        	                true	Verbose calculation?
     Verbosity      	                   5	Verboseness level

Basis set AHGBSP3-5 found in file AHGBSP3-5.gbs in /home/lehtola/programs/erkale/basis/.
Basis set helfem_large.gbs found in file helfem_large.gbs in /home/lehtola/programs/erkale/basis/.
Screening by shell pairs and symmetry reduced dofs by factor 2.05.
Individual screening reduced dofs by a total factor 2.05.
Computing Cholesky vectors. Estimated memory size is 370 Mi - 1 Gi.
Cholesky vectors no     0 -     0 computed, error is 2.422003e+01 (0.00 s).
Cholesky vectors no     1 -     1 computed, error is 9.476305e+00 (0.00 s).
Cholesky vectors no     2 -     7 computed, error is 2.729252e+00 (0.01 s).
Cholesky vectors no     8 -    10 computed, error is 2.561068e+00 (0.00 s).
Cholesky vectors no    11 -    11 computed, error is 2.177205e+00 (0.00 s).
Cholesky vectors no    12 -    26 computed, error is 1.316671e+00 (0.03 s).
Cholesky vectors no    27 -    27 computed, error is 7.753219e-01 (0.00 s).
Cholesky vectors no    28 -    30 computed, error is 7.244811e-01 (0.01 s).
Cholesky vectors no    31 -    58 computed, error is 5.542557e-01 (0.07 s).
Cholesky vectors no    59 -    64 computed, error is 3.760081e-01 (0.02 s).
Cholesky vectors no    65 -    74 computed, error is 3.084001e-01 (0.03 s).
Cholesky vectors no    75 -   119 computed, error is 1.812470e-01 (0.51 s).
Cholesky vectors no   120 -   122 computed, error is 1.735730e-01 (0.01 s).
Cholesky vectors no   123 -   143 computed, error is 1.420289e-01 (0.09 s).
Cholesky vectors no   144 -   144 computed, error is 1.311557e-01 (0.01 s).
Cholesky vectors no   145 -   154 computed, error is 1.236636e-01 (0.05 s).
Cholesky vectors no   155 -   199 computed, error is 1.143820e-01 (0.27 s).
Cholesky vectors no   200 -   214 computed, error is 7.954496e-02 (0.18 s).
Cholesky vectors no   215 -   250 computed, error is 6.055560e-02 (0.29 s).
Cholesky vectors no   251 -   295 computed, error is 5.840268e-02 (0.40 s).
Cholesky vectors no   296 -   340 computed, error is 4.671912e-02 (0.54 s).
Cholesky vectors no   341 -   361 computed, error is 3.654024e-02 (0.19 s).
Cholesky vectors no   362 -   367 computed, error is 3.466362e-02 (0.06 s).
Cholesky vectors no   368 -   403 computed, error is 2.733063e-02 (0.51 s).
Cholesky vectors no   404 -   404 computed, error is 2.265941e-02 (0.01 s).
Cholesky vectors no   405 -   440 computed, error is 2.146264e-02 (0.44 s).
Cholesky vectors no   441 -   485 computed, error is 1.995730e-02 (0.58 s).
Cholesky vectors no   486 -   488 computed, error is 1.927714e-02 (0.05 s).
Cholesky vectors no   489 -   533 computed, error is 1.523897e-02 (0.84 s).
Cholesky vectors no   534 -   554 computed, error is 1.276979e-02 (0.33 s).
Cholesky vectors no   555 -   599 computed, error is 9.847273e-03 (0.78 s).
Cholesky vectors no   600 -   609 computed, error is 9.087055e-03 (0.27 s).
Cholesky vectors no   610 -   645 computed, error is 7.061830e-03 (0.48 s).
Cholesky vectors no   646 -   690 computed, error is 7.007613e-03 (0.74 s).
Cholesky vectors no   691 -   726 computed, error is 6.508623e-03 (0.86 s).
Cholesky vectors no   727 -   747 computed, error is 6.360605e-03 (0.31 s).
Cholesky vectors no   748 -   792 computed, error is 6.071721e-03 (1.13 s).
Cholesky vectors no   793 -   795 computed, error is 4.152236e-03 (0.07 s).
Cholesky vectors no   796 -   831 computed, error is 4.012565e-03 (1.39 s).
Cholesky vectors no   832 -   876 computed, error is 3.639375e-03 (1.48 s).
Cholesky vectors no   877 -   886 computed, error is 3.082076e-03 (0.28 s).
Cholesky vectors no   887 -   892 computed, error is 2.803869e-03 (0.17 s).
Cholesky vectors no   893 -   928 computed, error is 2.329944e-03 (2.16 s).
Cholesky vectors no   929 -   973 computed, error is 1.882695e-03 (2.12 s).
Cholesky vectors no   974 -  1001 computed, error is 1.857021e-03 (2.00 s).
Cholesky vectors no  1002 -  1018 computed, error is 1.752698e-03 (0.97 s).
Cholesky vectors no  1019 -  1054 computed, error is 1.447889e-03 (1.56 s).
Cholesky vectors no  1055 -  1073 computed, error is 1.323029e-03 (0.78 s).
Cholesky vectors no  1074 -  1118 computed, error is 1.313961e-03 (2.53 s).
Cholesky vectors no  1119 -  1121 computed, error is 1.046813e-03 (0.14 s).
Cholesky vectors no  1122 -  1122 computed, error is 8.689334e-04 (0.06 s).
Cholesky vectors no  1123 -  1129 computed, error is 8.480793e-04 (0.37 s).
Cholesky vectors no  1130 -  1165 computed, error is 7.722216e-04 (1.67 s).
Cholesky vectors no  1166 -  1180 computed, error is 5.800521e-04 (0.76 s).
Cholesky vectors no  1181 -  1225 computed, error is 4.989792e-04 (2.10 s).
Cholesky vectors no  1226 -  1260 computed, error is 4.816101e-04 (0.77 s).
Cholesky vectors no  1261 -  1281 computed, error is 3.147200e-04 (0.45 s).
Cholesky vectors no  1282 -  1317 computed, error is 3.041880e-04 (2.06 s).
Cholesky vectors no  1318 -  1362 computed, error is 2.645585e-04 (2.52 s).
Cholesky vectors no  1363 -  1363 computed, error is 2.232913e-04 (0.05 s).
Cholesky vectors no  1364 -  1366 computed, error is 1.445648e-04 (0.15 s).
Cholesky vectors no  1367 -  1367 computed, error is 1.246465e-04 (0.06 s).
Cholesky vectors no  1368 -  1403 computed, error is 1.125950e-04 (2.60 s).
Cholesky vectors no  1404 -  1448 computed, error is 5.936600e-05 (3.40 s).
Cholesky vectors no  1449 -  1451 computed, error is 5.614256e-05 (0.20 s).
Cholesky vectors no  1452 -  1487 computed, error is 5.285223e-05 (2.64 s).
Cholesky vectors no  1488 -  1532 computed, error is 5.208598e-05 (3.91 s).
Cholesky vectors no  1533 -  1538 computed, error is 4.147134e-05 (0.31 s).
Cholesky vectors no  1539 -  1553 computed, error is 4.089956e-05 (0.83 s).
Cholesky vectors no  1554 -  1568 computed, error is 3.500799e-05 (0.75 s).
Cholesky vectors no  1569 -  1604 computed, error is 2.866864e-05 (1.91 s).
Cholesky vectors no  1605 -  1640 computed, error is 2.572749e-05 (1.02 s).
Cholesky vectors no  1641 -  1668 computed, error is 1.917461e-05 (0.79 s).
Cholesky vectors no  1669 -  1686 computed, error is 1.492891e-05 (0.54 s).
Cholesky vectors no  1687 -  1704 computed, error is 1.268711e-05 (1.20 s).
Cholesky vectors no  1705 -  1749 computed, error is 1.213445e-05 (2.95 s).
Cholesky vectors no  1750 -  1794 computed, error is 1.181756e-05 (4.08 s).
Cholesky vectors no  1795 -  1839 computed, error is 1.001243e-05 (4.69 s).
Cholesky vectors no  1840 -  1842 computed, error is 9.782706e-06 (0.27 s).
Cholesky vectors no  1843 -  1843 computed, error is 7.139879e-06 (0.10 s).
Cholesky vectors no  1844 -  1856 computed, error is 6.263333e-06 (1.21 s).
Cholesky vectors no  1857 -  1892 computed, error is 5.775938e-06 (3.16 s).
Cholesky vectors no  1893 -  1937 computed, error is 4.748261e-06 (5.12 s).
Cholesky vectors no  1938 -  1942 computed, error is 3.903793e-06 (0.48 s).
Cholesky vectors no  1943 -  1978 computed, error is 3.466858e-06 (3.15 s).
Cholesky vectors no  1979 -  2023 computed, error is 2.723151e-06 (4.78 s).
Cholesky vectors no  2024 -  2051 computed, error is 2.603817e-06 (2.14 s).
Cholesky vectors no  2052 -  2052 computed, error is 2.068812e-06 (0.08 s).
Cholesky vectors no  2053 -  2079 computed, error is 1.653321e-06 (2.29 s).
Cholesky vectors no  2080 -  2083 computed, error is 1.557635e-06 (0.36 s).
Cholesky vectors no  2084 -  2092 computed, error is 1.312377e-06 (0.69 s).
Cholesky vectors no  2093 -  2137 computed, error is 1.282766e-06 (4.16 s).
Cholesky vectors no  2138 -  2173 computed, error is 1.124052e-06 (3.32 s).
Cholesky vectors no  2174 -  2209 computed, error is 9.373907e-07 (2.32 s).
Cholesky vectors no  2210 -  2254 computed, error is 7.152403e-07 (2.72 s).
Cholesky vectors no  2255 -  2274 computed, error is 3.981690e-07 (1.51 s).
Cholesky vectors no  2275 -  2319 computed, error is 3.643690e-07 (3.79 s).
Cholesky vectors no  2320 -  2355 computed, error is 3.328428e-07 (2.79 s).
Cholesky vectors no  2356 -  2360 computed, error is 2.825750e-07 (0.43 s).
Cholesky vectors no  2361 -  2363 computed, error is 2.736617e-07 (0.26 s).
Cholesky vectors no  2364 -  2364 computed, error is 2.303140e-07 (0.08 s).
Cholesky vectors no  2365 -  2373 computed, error is 2.126529e-07 (0.74 s).
Cholesky vectors no  2374 -  2398 computed, error is 1.637180e-07 (1.91 s).
Cholesky vectors no  2399 -  2413 computed, error is 1.519015e-07 (2.06 s).
Cholesky vectors no  2414 -  2419 computed, error is 1.242481e-07 (0.51 s).
Cholesky vectors no  2420 -  2439 computed, error is 1.161114e-07 (1.71 s).
Cholesky vectors no  2440 -  2449 computed, error is 4.321533e-08 (0.78 s).
Cholesky decomposition finished in 2 min 4.49 s. Realized memory size is 960 Mi 963 ki.
Time use: integrals 1.7 %, linear algebra 98.3 %.
2170 shell pairs and 1 nuclei
SAP potential formed in 0.041 s.
Smallest eigenvalue of overlap matrix is 2.37e-02, reciprocal condition number is 8.14e-03.
Using symmetric orthogonalization.
Smallest eigenvalue of overlap matrix is 2.37e-02, reciprocal condition number is 8.09e-03.
Using symmetric orthogonalization.
Smallest eigenvalue of overlap matrix is 1.42e-02, reciprocal condition number is 4.36e-03.
Using symmetric orthogonalization.
Smallest eigenvalue of overlap matrix is 1.01e-02, reciprocal condition number is 2.83e-03.
Using symmetric orthogonalization.
Smallest eigenvalue of overlap matrix is 4.18e-03, reciprocal condition number is 9.30e-04.
Using symmetric orthogonalization.
Smallest eigenvalue of overlap matrix is 1.01e-02, reciprocal condition number is 2.83e-03.
Using symmetric orthogonalization.
Smallest eigenvalue of overlap matrix is 1.42e-02, reciprocal condition number is 4.36e-03.
Using symmetric orthogonalization.
Smallest eigenvalue of overlap matrix is 2.37e-02, reciprocal condition number is 8.09e-03.
Using symmetric orthogonalization.
Smallest eigenvalue of overlap matrix is 2.37e-02, reciprocal condition number is 8.14e-03.
Using symmetric orthogonalization.
Nela = 6 Nelb = 5



Solving SCF
Evaluated energy -104.3448940363 (change from lowest -1.043449e+02)


Iteration 1: 1 Fock evaluations energy -104.3448940363 change -1.043449e+02 DIIS error vector rms norm 1.184325e-01
History size 1
alpha m=-1 occupations
   1.0000
alpha m=0 occupations
   1.0000   1.0000   1.0000
alpha m=1 occupations
   1.0000   1.0000
beta m=-1 occupations
   1.0000
beta m=0 occupations
   1.0000   1.0000   1.0000
beta m=1 occupations
   1.0000
EDIIS step
Evaluated energy -161.5784039838 (change from lowest -5.723351e+01)
Density matrix difference 3.290645e-02 between lowest-energy and newest entry


Iteration 2: 2 Fock evaluations energy -161.5784039838 change -5.723351e+01 DIIS error vector rms norm 1.047425e-03
History size 2
alpha m=-1 occupations
   1.0000
alpha m=0 occupations
   1.0000   1.0000   1.0000
alpha m=1 occupations
   1.0000   1.0000
beta m=-1 occupations
   1.0000
beta m=0 occupations
   1.0000   1.0000   1.0000
beta m=1 occupations
   1.0000
EDIIS+DIIS step
Evaluated energy -161.5801235867 (change from lowest -1.719603e-03)
Density matrix difference 1.651670e-03 between lowest-energy and newest entry


Iteration 3: 3 Fock evaluations energy -161.5801235867 change -1.719603e-03 DIIS error vector rms norm 3.925194e-04
History size 3
alpha m=-1 occupations
   1.0000
alpha m=0 occupations
   1.0000   1.0000   1.0000
alpha m=1 occupations
   1.0000   1.0000
beta m=-1 occupations
   1.0000
beta m=0 occupations
   1.0000   1.0000   1.0000
beta m=1 occupations
   1.0000
EDIIS+DIIS step
Evaluated energy -161.5804080650 (change from lowest -2.844783e-04)
Density matrix difference 4.842421e-04 between lowest-energy and newest entry


Iteration 4: 4 Fock evaluations energy -161.5804080650 change -2.844783e-04 DIIS error vector rms norm 1.986857e-05
History size 4
alpha m=-1 occupations
   1.0000
alpha m=0 occupations
   1.0000   1.0000   1.0000
alpha m=1 occupations
   1.0000   1.0000
beta m=-1 occupations
   1.0000
beta m=0 occupations
   1.0000   1.0000   1.0000
beta m=1 occupations
   1.0000
DIIS step
Evaluated energy -161.5804104896 (change from lowest -2.424659e-06)
Density matrix difference 6.144048e-05 between lowest-energy and newest entry


Iteration 5: 5 Fock evaluations energy -161.5804104896 change -2.424659e-06 DIIS error vector rms norm 3.660507e-06
History size 5
alpha m=-1 occupations
   1.0000
alpha m=0 occupations
   1.0000   1.0000   1.0000
alpha m=1 occupations
   1.0000   1.0000
beta m=-1 occupations
   1.0000
beta m=0 occupations
   1.0000   1.0000   1.0000
beta m=1 occupations
   1.0000
DIIS step
Evaluated energy -161.5804106626 (change from lowest -1.729360e-07)
Density matrix difference 1.887527e-05 between lowest-energy and newest entry


Iteration 6: 6 Fock evaluations energy -161.5804106626 change -1.729360e-07 DIIS error vector rms norm 8.807818e-07
History size 6
Converged to energy -161.5804106626!

Running program took 5 min 27.14 s.
