ERKALE - HF/DFT from Hel, OpenMP version, running on 8 cores.
(c) Susi Lehtola, 2010-2016.

This program is free software; you can redistribute it and/or modify
it under the terms of the GNU General Public License as published by
the Free Software Foundation; either version 2 of the License, or
(at your option) any later version.

Running on host silver.

Current time is Sat 24 Jan 2026 08:26:30.

Current Settings used by ERKALE:
     AtomGuess      	                Auto	Method used for atomic guess (Auto for same as method)
     Basis          	            HGBSP3-7	Basis set used in calculation
     BasisCutoff    	           1.000e-08	Cutoff for dropping out small primitives from contraction
     BasisOrth      	                Auto	Method of orthonormalization of basis set
     BasisRotate    	               false	Rotate basis set to remove redundant functions?
     Charge         	                   0	Total charge of system
     CholDepThresh  	           1.000e-07	Partial Cholesky decomposition threshold
     Cholesky       	                true	Use Cholesky decomposition?
     CholeskyMode   	                   0	Save/load integrals? 0 no, 1 save, -1 load
     CholeskyNAFThr 	           0.000e+00	Cholesky natural auxiliary function threshold
     CholeskyShThr  	           1.000e-02	Cholesky cache threshold
     CholeskyThr    	           1.000e-07	Cholesky decomposition threshold
     Complexbas     	                true	Use complex basis?
     Confinement    	         0.0 0.0 0.0	Confinement potential V(r) = V_i x_i^2
     ConvThr        	           1.000e-06	Orbital gradient convergence threshold
     DFTBasisThr    	           1.000e-10	Threshold for screening basis functions on grid
     DFTCpars       	                    	Override parameters of correlation functional (expert)
     DFTDelta       	           1.000e+02	Switch to final DFT grid has converged within factor X
     DFTDensityThr  	           1.000e-10	Threshold for screening density on grid
     DFTFinalTol    	           1.000e-05	Tolerance of final DFT grid
     DFTGrid        	             75 -302	DFT integration grid to use: nrad lmax or Auto for adaptive
     DFTInitialTol  	           1.000e-04	Tolerance of initial DFT grid
     DFTLobatto     	               false	Use Lobatto quadrature instead of Lebedev quadrature?
     DFTQuadThresh  	           2.220e-16	Threshold for pruning points with small quadrature weight
     DFTXpars       	                    	Override parameters of exchange functional (expert)
     DIISComb       	               false	Combine alpha and beta errors in unrestricted calcs?
     DIISEps        	           1.000e-01	Start mixing in DIIS when error is
     DIISOrder      	                  10	How many DIIS iterations to keep in memory?
     DIISThr        	           1.000e-02	DIIS error threshold for DIIS updates
     DecFock        	               false	Use decontracted basis to calculate Fock matrix (direct HF)
     Decontract     	                   *	Indices of atoms to decontract basis set for
     DensityFitting 	               false	Use density fitting / RI?
     Direct         	               false	Calculate two-electron integrals (or density fitting) on-the-fly?
     EField         	         0.0 0.0 0.0	Electric field
     ErrorNorm      	                 rms	Error norm to use in the SCF code
     FittingBasis   	                Auto	Basis to use for density fitting / RI (Auto for automatic)
     FittingCholeskyThreshold	           1.000e-08	Linear dependence threshold for pivoted Cholesky of Coulomb integrals in density fitting
     FittingMemory  	                1000	Amount of memory in MB to use for exchange fitting
     FittingThreshold	           1.000e-07	Linear dependence threshold for Coulomb integrals in density fitting
     Guess          	              sapfit	Used guess: SAD (default), SADNO, core, GWH, SAP, or SAPfit
     InitConvThr    	           1.000e-05	Initialization convergence threshold
     InputBohr      	               false	Use atomic units as input units instead of angstrom?
     IntegralThresh 	           1.000e-10	Integral screening threshold
     Kgwh           	           1.750e+00	Scaling constant for GWH
     LinDepThresh   	           1.000e-05	Basis set linear dependency threshold
     LinearB        	           1.600e-01	Magnetic field along bond axis
     LinearFreeze   	               false	If using linear symmetry, freeze symmetry to input guess
     LinearOccupationFile	     ../../Mg_4.occs	File to read linear occupations from
     LinearOccupations	                  -1	Read in occupations for linear molecule calculations?
     LinearSymmetry 	                true	Do special calculation on linear molecule along z axis
     LoadChk        	                    	Checkpoint file to load from
     Logfile        	          erkale.log	File to print out full information, stdout for screen
     MaxInitIter    	                  50	Maximum number of iterations in the stepwise solutions
     MaxIter        	                 100	Maximum number of iterations in SCF cycle
     Method         	                  HF	Method used in calculation (HF or a DFT functional)
     Multiplicity   	                   3	Spin multiplicity
     NLGrid         	             50 -194	Integration grid to use for nonlocal correlation: nrad lmax
     Occupancies    	                    	Orbital occupancies
     OptLM          	               false	If spherical harmonics used, use cartesian s and p functions?
     PZ             	               false	Perform Perdew-Zunger self-interaction correction?
     PZEthr         	           1.000e-10	Threshold for energy convergence
     PZIthr         	           1.000e-02	Threshold for initialization convergence (not too small!)
     PZNRthr        	           0.000e+00	Threshold for use of NR method in OO optimization
     PZOOthr        	           1.000e-04	Gradient threshold for OO optimization
     PZOVthr        	           1.000e-05	Gradient threshold for OV optimization
     PZimag         	                Auto	Imaginary degrees of freedom in PZ?
     PZiter         	                  20	Max number of iterations in self-consistency iteration
     PZloc          	                Auto	Initial localization before SIC calculation?
     PZlocmet       	                  FB	Initial localization method (recommend FB or IAO)
     PZmode         	                  XC	Apply PZ to the operators (in addition to J): X C D
     PZoo           	                true	Optimize OO block?
     PZov           	                true	Optimize OV block?
     PZprec         	                   1	Precondition OV block? 0: no, 1: unified, 2: orbital
     PZrand         	                true	Apply random rotation in PZ initialization? (Should be true)
     PZscale        	            Constant	Scaling for PZ: Constant, Density or Kinetic
     PZscaleExp     	           1.000e+00	Exponent in the dynamic scaling equation
     PZseed         	                   0	Seed number for randomized matrices?
     PZstab         	                   0	Stability analysis for PZ-SIC? 1 or -1 for OO, 2 or -2 for OO+OV
     PZstabThr      	           1.000e-03	Instability threshold (interpreted as -thr)
     PZw            	           1.000e+00	Weight for Perdew-Zunger self-interaction correction
     Restricted     	               false	Spin restricted?
     SAPBasis       	    helfem_large.gbs	Tabulated atomic effective potential "basis set"
     SAPGrid        	                    	SAP integration grid to use: nrad lmax or leave empty
     SaveChk        	   complex_basis.chk	Checkpoint file to save to
     Shift          	           0.000e+00	Level shift to use in Hartree
     System         	        ../atoms.xyz	System as an xyz file
     TRRHminS       	           9.750e-01	Trust-Region Roothaan-Hall minimal occupied orbital overlap
     UseADIIS       	                true	Use ADIIS for Fock matrix interpolation?
     UseBroyden     	               false	Use Broyden mixing of Fock matrices?
     UseDIIS        	                true	Use Pulay's Direct Inversion in the Iterative Subspace?
     UseLM          	                true	Use a spherical harmonics basis set by default?
     UseTRRH        	               false	Use Trust-Region Roothaan-Hall?
     VV10           	                Auto	Use VV10 non-local correlation?
     VV10Pars       	                    	VV10 parameters: b C
     Verbose        	                true	Verbose calculation?
     Verbosity      	                   5	Verboseness level

Basis set HGBSP3-7 found in file HGBSP3-7.gbs in /home/lehtola/programs/erkale/basis/.
Basis set helfem_large.gbs found in file helfem_large.gbs in /home/lehtola/programs/erkale/basis/.
Screening by shell pairs and symmetry reduced dofs by factor 2.05.
Individual screening reduced dofs by a total factor 2.05.
Computing Cholesky vectors. Estimated memory size is 632 Mi - 2 Gi.
Cholesky vectors no     0 -     0 computed, error is 1.191260e+02 (0.03 s).
Cholesky vectors no     1 -     1 computed, error is 3.288774e+01 (0.03 s).
Cholesky vectors no     2 -     2 computed, error is 1.375332e+01 (0.02 s).
Cholesky vectors no     3 -     8 computed, error is 1.260741e+01 (0.14 s).
Cholesky vectors no     9 -     9 computed, error is 7.357838e+00 (0.03 s).
Cholesky vectors no    10 -    12 computed, error is 5.671646e+00 (0.07 s).
Cholesky vectors no    13 -    18 computed, error is 2.028087e+00 (0.10 s).
Cholesky vectors no    19 -    33 computed, error is 1.913296e+00 (0.04 s).
Cholesky vectors no    34 -    36 computed, error is 1.741683e+00 (0.01 s).
Cholesky vectors no    37 -    37 computed, error is 1.170474e+00 (0.00 s).
Cholesky vectors no    38 -    47 computed, error is 9.267372e-01 (0.03 s).
Cholesky vectors no    48 -    53 computed, error is 7.614942e-01 (0.02 s).
Cholesky vectors no    54 -    98 computed, error is 6.055742e-01 (0.17 s).
Cholesky vectors no    99 -   101 computed, error is 5.811573e-01 (0.06 s).
Cholesky vectors no   102 -   116 computed, error is 5.195248e-01 (0.08 s).
Cholesky vectors no   117 -   137 computed, error is 3.474519e-01 (0.13 s).
Cholesky vectors no   138 -   138 computed, error is 2.879024e-01 (0.01 s).
Cholesky vectors no   139 -   183 computed, error is 2.158879e-01 (0.39 s).
Cholesky vectors no   184 -   219 computed, error is 1.706537e-01 (0.45 s).
Cholesky vectors no   220 -   247 computed, error is 1.550852e-01 (0.30 s).
Cholesky vectors no   248 -   257 computed, error is 1.117968e-01 (0.11 s).
Cholesky vectors no   258 -   302 computed, error is 1.106074e-01 (0.60 s).
Cholesky vectors no   303 -   338 computed, error is 9.361039e-02 (0.94 s).
Cholesky vectors no   339 -   339 computed, error is 7.897550e-02 (0.04 s).
Cholesky vectors no   340 -   342 computed, error is 5.898554e-02 (0.09 s).
Cholesky vectors no   343 -   378 computed, error is 5.844241e-02 (0.94 s).
Cholesky vectors no   379 -   423 computed, error is 5.519437e-02 (1.29 s).
Cholesky vectors no   424 -   438 computed, error is 5.341857e-02 (0.38 s).
Cholesky vectors no   439 -   441 computed, error is 4.352240e-02 (0.04 s).
Cholesky vectors no   442 -   486 computed, error is 3.907949e-02 (0.65 s).
Cholesky vectors no   487 -   492 computed, error is 3.493028e-02 (0.09 s).
Cholesky vectors no   493 -   502 computed, error is 3.206832e-02 (0.30 s).
Cholesky vectors no   503 -   503 computed, error is 3.132510e-02 (0.02 s).
Cholesky vectors no   504 -   539 computed, error is 2.891403e-02 (0.57 s).
Cholesky vectors no   540 -   567 computed, error is 2.591564e-02 (0.46 s).
Cholesky vectors no   568 -   612 computed, error is 2.580510e-02 (0.93 s).
Cholesky vectors no   613 -   613 computed, error is 2.132715e-02 (0.02 s).
Cholesky vectors no   614 -   634 computed, error is 1.692763e-02 (0.37 s).
Cholesky vectors no   635 -   679 computed, error is 1.657389e-02 (0.79 s).
Cholesky vectors no   680 -   715 computed, error is 1.095023e-02 (0.84 s).
Cholesky vectors no   716 -   751 computed, error is 1.018429e-02 (0.68 s).
Cholesky vectors no   752 -   796 computed, error is 9.842801e-03 (0.86 s).
Cholesky vectors no   797 -   817 computed, error is 8.760011e-03 (0.62 s).
Cholesky vectors no   818 -   862 computed, error is 8.739298e-03 (0.92 s).
Cholesky vectors no   863 -   898 computed, error is 6.107809e-03 (0.83 s).
Cholesky vectors no   899 -   901 computed, error is 5.097516e-03 (0.29 s).
Cholesky vectors no   902 -   937 computed, error is 4.592152e-03 (0.81 s).
Cholesky vectors no   938 -   973 computed, error is 4.028554e-03 (0.85 s).
Cholesky vectors no   974 -  1018 computed, error is 3.430324e-03 (1.43 s).
Cholesky vectors no  1019 -  1021 computed, error is 3.201998e-03 (0.08 s).
Cholesky vectors no  1022 -  1066 computed, error is 2.743323e-03 (1.13 s).
Cholesky vectors no  1067 -  1073 computed, error is 2.683305e-03 (0.17 s).
Cholesky vectors no  1074 -  1109 computed, error is 2.525623e-03 (1.16 s).
Cholesky vectors no  1110 -  1154 computed, error is 2.003897e-03 (1.22 s).
Cholesky vectors no  1155 -  1160 computed, error is 1.713309e-03 (0.17 s).
Cholesky vectors no  1161 -  1189 computed, error is 1.418398e-03 (0.83 s).
Cholesky vectors no  1190 -  1225 computed, error is 1.243649e-03 (1.41 s).
Cholesky vectors no  1226 -  1270 computed, error is 7.564668e-04 (1.34 s).
Cholesky vectors no  1271 -  1306 computed, error is 7.481359e-04 (1.38 s).
Cholesky vectors no  1307 -  1317 computed, error is 7.018703e-04 (0.32 s).
Cholesky vectors no  1318 -  1320 computed, error is 5.913569e-04 (0.09 s).
Cholesky vectors no  1321 -  1321 computed, error is 5.189782e-04 (0.03 s).
Cholesky vectors no  1322 -  1331 computed, error is 5.124292e-04 (0.30 s).
Cholesky vectors no  1332 -  1376 computed, error is 4.849462e-04 (1.33 s).
Cholesky vectors no  1377 -  1391 computed, error is 4.424348e-04 (0.45 s).
Cholesky vectors no  1392 -  1427 computed, error is 3.308898e-04 (1.43 s).
Cholesky vectors no  1428 -  1430 computed, error is 3.154761e-04 (0.09 s).
Cholesky vectors no  1431 -  1458 computed, error is 3.013647e-04 (0.89 s).
Cholesky vectors no  1459 -  1491 computed, error is 2.760133e-04 (1.04 s).
Cholesky vectors no  1492 -  1498 computed, error is 1.963784e-04 (0.22 s).
Cholesky vectors no  1499 -  1543 computed, error is 1.526740e-04 (1.81 s).
Cholesky vectors no  1544 -  1546 computed, error is 1.159376e-04 (0.10 s).
Cholesky vectors no  1547 -  1547 computed, error is 1.083376e-04 (0.03 s).
Cholesky vectors no  1548 -  1583 computed, error is 5.783555e-05 (1.19 s).
Cholesky vectors no  1584 -  1589 computed, error is 5.718562e-05 (0.21 s).
Cholesky vectors no  1590 -  1610 computed, error is 5.135324e-05 (1.08 s).
Cholesky vectors no  1611 -  1611 computed, error is 5.048741e-05 (0.03 s).
Cholesky vectors no  1612 -  1656 computed, error is 4.034811e-05 (1.56 s).
Cholesky vectors no  1657 -  1692 computed, error is 2.134279e-05 (1.33 s).
Cholesky vectors no  1693 -  1695 computed, error is 1.944053e-05 (0.11 s).
Cholesky vectors no  1696 -  1740 computed, error is 1.534486e-05 (2.02 s).
Cholesky vectors no  1741 -  1776 computed, error is 1.239049e-05 (1.32 s).
Cholesky vectors no  1777 -  1779 computed, error is 1.222278e-05 (0.11 s).
Cholesky vectors no  1780 -  1824 computed, error is 1.171465e-05 (2.10 s).
Cholesky vectors no  1825 -  1869 computed, error is 1.057144e-05 (1.94 s).
Cholesky vectors no  1870 -  1905 computed, error is 9.487914e-06 (1.85 s).
Cholesky vectors no  1906 -  1906 computed, error is 6.731223e-06 (0.04 s).
Cholesky vectors no  1907 -  1912 computed, error is 6.448459e-06 (0.25 s).
Cholesky vectors no  1913 -  1957 computed, error is 6.114994e-06 (1.89 s).
Cholesky vectors no  1958 -  1985 computed, error is 5.908976e-06 (1.19 s).
Cholesky vectors no  1986 -  2021 computed, error is 2.769431e-06 (2.58 s).
Cholesky vectors no  2022 -  2066 computed, error is 2.608522e-06 (2.93 s).
Cholesky vectors no  2067 -  2076 computed, error is 2.250809e-06 (0.48 s).
Cholesky vectors no  2077 -  2091 computed, error is 2.248584e-06 (0.67 s).
Cholesky vectors no  2092 -  2127 computed, error is 2.185660e-06 (2.14 s).
Cholesky vectors no  2128 -  2172 computed, error is 2.183828e-06 (2.22 s).
Cholesky vectors no  2173 -  2173 computed, error is 2.012493e-06 (0.05 s).
Cholesky vectors no  2174 -  2209 computed, error is 1.242166e-06 (2.35 s).
Cholesky vectors no  2210 -  2214 computed, error is 1.174655e-06 (0.28 s).
Cholesky vectors no  2215 -  2223 computed, error is 9.377307e-07 (0.45 s).
Cholesky vectors no  2224 -  2236 computed, error is 8.500572e-07 (0.61 s).
Cholesky vectors no  2237 -  2237 computed, error is 8.233387e-07 (0.05 s).
Cholesky vectors no  2238 -  2273 computed, error is 5.436997e-07 (1.72 s).
Cholesky vectors no  2274 -  2276 computed, error is 5.321805e-07 (0.14 s).
Cholesky vectors no  2277 -  2321 computed, error is 4.173755e-07 (2.71 s).
Cholesky vectors no  2322 -  2357 computed, error is 3.882092e-07 (1.82 s).
Cholesky vectors no  2358 -  2358 computed, error is 3.362957e-07 (0.05 s).
Cholesky vectors no  2359 -  2394 computed, error is 2.846290e-07 (1.84 s).
Cholesky vectors no  2395 -  2403 computed, error is 2.821269e-07 (1.15 s).
Cholesky vectors no  2404 -  2448 computed, error is 2.423268e-07 (2.28 s).
Cholesky vectors no  2449 -  2454 computed, error is 1.888466e-07 (0.30 s).
Cholesky vectors no  2455 -  2499 computed, error is 1.145013e-07 (2.32 s).
Cholesky vectors no  2500 -  2544 computed, error is 1.063728e-07 (3.49 s).
Cholesky vectors no  2545 -  2557 computed, error is 1.036094e-07 (0.87 s).
Cholesky vectors no  2558 -  2593 computed, error is 9.188455e-08 (1.63 s).
Cholesky decomposition finished in 1 min 33.59 s. Realized memory size is 1 Gi 403 Mi 784 ki.
Time use: integrals 3.3 %, linear algebra 96.7 %.
3381 shell pairs and 1 nuclei
SAP potential formed in 0.054 s.
Smallest eigenvalue of overlap matrix is 5.90e-03, reciprocal condition number is 1.73e-03.
Using symmetric orthogonalization.
Smallest eigenvalue of overlap matrix is 3.42e-03, reciprocal condition number is 9.29e-04.
Using symmetric orthogonalization.
Smallest eigenvalue of overlap matrix is 2.41e-03, reciprocal condition number is 6.08e-04.
Using symmetric orthogonalization.
Smallest eigenvalue of overlap matrix is 1.37e-03, reciprocal condition number is 3.07e-04.
Using symmetric orthogonalization.
Smallest eigenvalue of overlap matrix is 5.20e-04, reciprocal condition number is 9.22e-05.
Using symmetric orthogonalization.
Smallest eigenvalue of overlap matrix is 1.37e-03, reciprocal condition number is 3.07e-04.
Using symmetric orthogonalization.
Smallest eigenvalue of overlap matrix is 2.41e-03, reciprocal condition number is 6.08e-04.
Using symmetric orthogonalization.
Smallest eigenvalue of overlap matrix is 3.42e-03, reciprocal condition number is 9.29e-04.
Using symmetric orthogonalization.
Smallest eigenvalue of overlap matrix is 5.90e-03, reciprocal condition number is 1.73e-03.
Using symmetric orthogonalization.
Nela = 7 Nelb = 5



Solving SCF
Evaluated energy -194.5441407026 (change from lowest -1.945441e+02)


Iteration 1: 1 Fock evaluations energy -194.5441407026 change -1.945441e+02 DIIS error vector rms norm 1.062426e-02
History size 1
alpha m=-1 occupations
   1.0000
alpha m=0 occupations
   1.0000   1.0000   1.0000   1.0000
alpha m=1 occupations
   1.0000
alpha m=2 occupations
   1.0000
beta m=-1 occupations
   1.0000
beta m=0 occupations
   1.0000   1.0000   1.0000
beta m=1 occupations
   1.0000
EDIIS+DIIS step
Evaluated energy -199.2884904483 (change from lowest -4.744350e+00)
Density matrix difference 3.711771e-02 between lowest-energy and newest entry


Iteration 2: 2 Fock evaluations energy -199.2884904483 change -4.744350e+00 DIIS error vector rms norm 6.775402e-04
History size 2
alpha m=-1 occupations
   1.0000
alpha m=0 occupations
   1.0000   1.0000   1.0000   1.0000
alpha m=1 occupations
   1.0000
alpha m=2 occupations
   1.0000
beta m=-1 occupations
   1.0000
beta m=0 occupations
   1.0000   1.0000   1.0000
beta m=1 occupations
   1.0000
EDIIS+DIIS step
Evaluated energy -199.2895696148 (change from lowest -1.079166e-03)
Density matrix difference 1.344597e-03 between lowest-energy and newest entry


Iteration 3: 3 Fock evaluations energy -199.2895696148 change -1.079166e-03 DIIS error vector rms norm 2.068958e-04
History size 3
alpha m=-1 occupations
   1.0000
alpha m=0 occupations
   1.0000   1.0000   1.0000   1.0000
alpha m=1 occupations
   1.0000
alpha m=2 occupations
   1.0000
beta m=-1 occupations
   1.0000
beta m=0 occupations
   1.0000   1.0000   1.0000
beta m=1 occupations
   1.0000
EDIIS+DIIS step
Evaluated energy -199.2896927329 (change from lowest -1.231181e-04)
Density matrix difference 4.023739e-04 between lowest-energy and newest entry


Iteration 4: 4 Fock evaluations energy -199.2896927329 change -1.231181e-04 DIIS error vector rms norm 1.742039e-05
History size 4
alpha m=-1 occupations
   1.0000
alpha m=0 occupations
   1.0000   1.0000   1.0000   1.0000
alpha m=1 occupations
   1.0000
alpha m=2 occupations
   1.0000
beta m=-1 occupations
   1.0000
beta m=0 occupations
   1.0000   1.0000   1.0000
beta m=1 occupations
   1.0000
DIIS step
Evaluated energy -199.2897071099 (change from lowest -1.437700e-05)
Density matrix difference 2.035959e-04 between lowest-energy and newest entry


Iteration 5: 5 Fock evaluations energy -199.2897071099 change -1.437700e-05 DIIS error vector rms norm 5.899008e-06
History size 5
alpha m=-1 occupations
   1.0000
alpha m=0 occupations
   1.0000   1.0000   1.0000   1.0000
alpha m=1 occupations
   1.0000
alpha m=2 occupations
   1.0000
beta m=-1 occupations
   1.0000
beta m=0 occupations
   1.0000   1.0000   1.0000
beta m=1 occupations
   1.0000
DIIS step
Evaluated energy -199.2897099376 (change from lowest -2.827642e-06)
Density matrix difference 1.106316e-04 between lowest-energy and newest entry


Iteration 6: 6 Fock evaluations energy -199.2897099376 change -2.827642e-06 DIIS error vector rms norm 1.520963e-06
History size 6
alpha m=-1 occupations
   1.0000
alpha m=0 occupations
   1.0000   1.0000   1.0000   1.0000
alpha m=1 occupations
   1.0000
alpha m=2 occupations
   1.0000
beta m=-1 occupations
   1.0000
beta m=0 occupations
   1.0000   1.0000   1.0000
beta m=1 occupations
   1.0000
DIIS step
Evaluated energy -199.2897101440 (change from lowest -2.064466e-07)
Density matrix difference 3.407892e-05 between lowest-energy and newest entry


Iteration 7: 7 Fock evaluations energy -199.2897101440 change -2.064466e-07 DIIS error vector rms norm 3.369271e-07
History size 7
Converged to energy -199.2897101440!

Running program took 4 min 35.42 s.
