ERKALE - HF/DFT from Hel, OpenMP version, running on 8 cores.
(c) Susi Lehtola, 2010-2016.

This program is free software; you can redistribute it and/or modify
it under the terms of the GNU General Public License as published by
the Free Software Foundation; either version 2 of the License, or
(at your option) any later version.

Running on host silver.

Current time is Mon 26 Jan 2026 16:27:17.

Current Settings used by ERKALE:
     AtomGuess      	                Auto	Method used for atomic guess (Auto for same as method)
     Basis          	           AHGBSP2-9	Basis set used in calculation
     BasisCutoff    	           1.000e-08	Cutoff for dropping out small primitives from contraction
     BasisOrth      	                Auto	Method of orthonormalization of basis set
     BasisRotate    	               false	Rotate basis set to remove redundant functions?
     Charge         	                   0	Total charge of system
     CholDepThresh  	           1.000e-07	Partial Cholesky decomposition threshold
     Cholesky       	                true	Use Cholesky decomposition?
     CholeskyMode   	                   0	Save/load integrals? 0 no, 1 save, -1 load
     CholeskyNAFThr 	           0.000e+00	Cholesky natural auxiliary function threshold
     CholeskyShThr  	           1.000e-02	Cholesky cache threshold
     CholeskyThr    	           1.000e-07	Cholesky decomposition threshold
     Complexbas     	                true	Use complex basis?
     Confinement    	         0.0 0.0 0.0	Confinement potential V(r) = V_i x_i^2
     ConvThr        	           1.000e-06	Orbital gradient convergence threshold
     DFTBasisThr    	           1.000e-10	Threshold for screening basis functions on grid
     DFTCpars       	                    	Override parameters of correlation functional (expert)
     DFTDelta       	           1.000e+02	Switch to final DFT grid has converged within factor X
     DFTDensityThr  	           1.000e-10	Threshold for screening density on grid
     DFTFinalTol    	           1.000e-05	Tolerance of final DFT grid
     DFTGrid        	             75 -302	DFT integration grid to use: nrad lmax or Auto for adaptive
     DFTInitialTol  	           1.000e-04	Tolerance of initial DFT grid
     DFTLobatto     	               false	Use Lobatto quadrature instead of Lebedev quadrature?
     DFTQuadThresh  	           2.220e-16	Threshold for pruning points with small quadrature weight
     DFTXpars       	                    	Override parameters of exchange functional (expert)
     DIISComb       	               false	Combine alpha and beta errors in unrestricted calcs?
     DIISEps        	           1.000e-01	Start mixing in DIIS when error is
     DIISOrder      	                  10	How many DIIS iterations to keep in memory?
     DIISThr        	           1.000e-02	DIIS error threshold for DIIS updates
     DecFock        	               false	Use decontracted basis to calculate Fock matrix (direct HF)
     Decontract     	                   *	Indices of atoms to decontract basis set for
     DensityFitting 	               false	Use density fitting / RI?
     Direct         	               false	Calculate two-electron integrals (or density fitting) on-the-fly?
     EField         	         0.0 0.0 0.0	Electric field
     ErrorNorm      	                 rms	Error norm to use in the SCF code
     FittingBasis   	                Auto	Basis to use for density fitting / RI (Auto for automatic)
     FittingCholeskyThreshold	           1.000e-08	Linear dependence threshold for pivoted Cholesky of Coulomb integrals in density fitting
     FittingMemory  	                1000	Amount of memory in MB to use for exchange fitting
     FittingThreshold	           1.000e-07	Linear dependence threshold for Coulomb integrals in density fitting
     Guess          	              sapfit	Used guess: SAD (default), SADNO, core, GWH, SAP, or SAPfit
     InitConvThr    	           1.000e-05	Initialization convergence threshold
     InputBohr      	               false	Use atomic units as input units instead of angstrom?
     IntegralThresh 	           1.000e-10	Integral screening threshold
     Kgwh           	           1.750e+00	Scaling constant for GWH
     LinDepThresh   	           1.000e-05	Basis set linear dependency threshold
     LinearB        	           6.000e-01	Magnetic field along bond axis
     LinearFreeze   	               false	If using linear symmetry, freeze symmetry to input guess
     LinearOccupationFile	      ../../C_4.occs	File to read linear occupations from
     LinearOccupations	                  -1	Read in occupations for linear molecule calculations?
     LinearSymmetry 	                true	Do special calculation on linear molecule along z axis
     LoadChk        	                    	Checkpoint file to load from
     Logfile        	          erkale.log	File to print out full information, stdout for screen
     MaxInitIter    	                  50	Maximum number of iterations in the stepwise solutions
     MaxIter        	                 100	Maximum number of iterations in SCF cycle
     Method         	                  HF	Method used in calculation (HF or a DFT functional)
     Multiplicity   	                   5	Spin multiplicity
     NLGrid         	             50 -194	Integration grid to use for nonlocal correlation: nrad lmax
     Occupancies    	                    	Orbital occupancies
     OptLM          	               false	If spherical harmonics used, use cartesian s and p functions?
     PZ             	               false	Perform Perdew-Zunger self-interaction correction?
     PZEthr         	           1.000e-10	Threshold for energy convergence
     PZIthr         	           1.000e-02	Threshold for initialization convergence (not too small!)
     PZNRthr        	           0.000e+00	Threshold for use of NR method in OO optimization
     PZOOthr        	           1.000e-04	Gradient threshold for OO optimization
     PZOVthr        	           1.000e-05	Gradient threshold for OV optimization
     PZimag         	                Auto	Imaginary degrees of freedom in PZ?
     PZiter         	                  20	Max number of iterations in self-consistency iteration
     PZloc          	                Auto	Initial localization before SIC calculation?
     PZlocmet       	                  FB	Initial localization method (recommend FB or IAO)
     PZmode         	                  XC	Apply PZ to the operators (in addition to J): X C D
     PZoo           	                true	Optimize OO block?
     PZov           	                true	Optimize OV block?
     PZprec         	                   1	Precondition OV block? 0: no, 1: unified, 2: orbital
     PZrand         	                true	Apply random rotation in PZ initialization? (Should be true)
     PZscale        	            Constant	Scaling for PZ: Constant, Density or Kinetic
     PZscaleExp     	           1.000e+00	Exponent in the dynamic scaling equation
     PZseed         	                   0	Seed number for randomized matrices?
     PZstab         	                   0	Stability analysis for PZ-SIC? 1 or -1 for OO, 2 or -2 for OO+OV
     PZstabThr      	           1.000e-03	Instability threshold (interpreted as -thr)
     PZw            	           1.000e+00	Weight for Perdew-Zunger self-interaction correction
     Restricted     	               false	Spin restricted?
     SAPBasis       	    helfem_large.gbs	Tabulated atomic effective potential "basis set"
     SAPGrid        	                    	SAP integration grid to use: nrad lmax or leave empty
     SaveChk        	   complex_basis.chk	Checkpoint file to save to
     Shift          	           0.000e+00	Level shift to use in Hartree
     System         	        ../atoms.xyz	System as an xyz file
     TRRHminS       	           9.750e-01	Trust-Region Roothaan-Hall minimal occupied orbital overlap
     UseADIIS       	                true	Use ADIIS for Fock matrix interpolation?
     UseBroyden     	               false	Use Broyden mixing of Fock matrices?
     UseDIIS        	                true	Use Pulay's Direct Inversion in the Iterative Subspace?
     UseLM          	                true	Use a spherical harmonics basis set by default?
     UseTRRH        	               false	Use Trust-Region Roothaan-Hall?
     VV10           	                Auto	Use VV10 non-local correlation?
     VV10Pars       	                    	VV10 parameters: b C
     Verbose        	                true	Verbose calculation?
     Verbosity      	                   5	Verboseness level

Basis set AHGBSP2-9 found in file AHGBSP2-9.gbs in /home/lehtola/programs/erkale/basis/.
Basis set helfem_large.gbs found in file helfem_large.gbs in /home/lehtola/programs/erkale/basis/.
Screening by shell pairs and symmetry reduced dofs by factor 2.05.
Individual screening reduced dofs by a total factor 2.05.
Computing Cholesky vectors. Estimated memory size is 487 Mi - 1 Gi.
Cholesky vectors no     0 -     0 computed, error is 2.459071e+02 (0.04 s).
Cholesky vectors no     1 -     1 computed, error is 6.228158e+01 (0.03 s).
Cholesky vectors no     2 -     2 computed, error is 3.513096e+01 (0.03 s).
Cholesky vectors no     3 -     3 computed, error is 2.254234e+01 (0.04 s).
Cholesky vectors no     4 -     9 computed, error is 7.980506e+00 (0.12 s).
Cholesky vectors no    10 -    12 computed, error is 6.420735e+00 (0.02 s).
Cholesky vectors no    13 -    18 computed, error is 5.711819e+00 (0.06 s).
Cholesky vectors no    19 -    19 computed, error is 2.117834e+00 (0.02 s).
Cholesky vectors no    20 -    22 computed, error is 2.038809e+00 (0.04 s).
Cholesky vectors no    23 -    37 computed, error is 1.872393e+00 (0.25 s).
Cholesky vectors no    38 -    38 computed, error is 1.630952e+00 (0.01 s).
Cholesky vectors no    39 -    44 computed, error is 1.260529e+00 (0.08 s).
Cholesky vectors no    45 -    45 computed, error is 1.069250e+00 (0.01 s).
Cholesky vectors no    46 -    55 computed, error is 8.596296e-01 (0.12 s).
Cholesky vectors no    56 -    58 computed, error is 7.215394e-01 (0.04 s).
Cholesky vectors no    59 -    86 computed, error is 5.397788e-01 (0.27 s).
Cholesky vectors no    87 -   101 computed, error is 4.312013e-01 (0.27 s).
Cholesky vectors no   102 -   122 computed, error is 2.721400e-01 (0.39 s).
Cholesky vectors no   123 -   150 computed, error is 1.920260e-01 (0.65 s).
Cholesky vectors no   151 -   171 computed, error is 1.755671e-01 (0.55 s).
Cholesky vectors no   172 -   199 computed, error is 1.662855e-01 (0.76 s).
Cholesky vectors no   200 -   202 computed, error is 1.437459e-01 (0.27 s).
Cholesky vectors no   203 -   203 computed, error is 9.942818e-02 (0.03 s).
Cholesky vectors no   204 -   213 computed, error is 9.566411e-02 (0.31 s).
Cholesky vectors no   214 -   241 computed, error is 9.328339e-02 (0.85 s).
Cholesky vectors no   242 -   247 computed, error is 8.601821e-02 (0.19 s).
Cholesky vectors no   248 -   268 computed, error is 7.853338e-02 (0.74 s).
Cholesky vectors no   269 -   271 computed, error is 7.588091e-02 (0.13 s).
Cholesky vectors no   272 -   299 computed, error is 5.598660e-02 (1.02 s).
Cholesky vectors no   300 -   300 computed, error is 4.704752e-02 (0.28 s).
Cholesky vectors no   301 -   310 computed, error is 3.745710e-02 (0.48 s).
Cholesky vectors no   311 -   331 computed, error is 3.531622e-02 (1.12 s).
Cholesky vectors no   332 -   352 computed, error is 3.351647e-02 (1.03 s).
Cholesky vectors no   353 -   380 computed, error is 2.678001e-02 (1.22 s).
Cholesky vectors no   381 -   408 computed, error is 2.019847e-02 (1.37 s).
Cholesky vectors no   409 -   423 computed, error is 1.563896e-02 (0.73 s).
Cholesky vectors no   424 -   444 computed, error is 1.372823e-02 (0.79 s).
Cholesky vectors no   445 -   445 computed, error is 1.267887e-02 (0.03 s).
Cholesky vectors no   446 -   466 computed, error is 1.174156e-02 (0.80 s).
Cholesky vectors no   467 -   494 computed, error is 1.075033e-02 (0.98 s).
Cholesky vectors no   495 -   497 computed, error is 1.069599e-02 (0.12 s).
Cholesky vectors no   498 -   503 computed, error is 1.039712e-02 (0.58 s).
Cholesky vectors no   504 -   504 computed, error is 9.383957e-03 (0.04 s).
Cholesky vectors no   505 -   532 computed, error is 8.785358e-03 (1.23 s).
Cholesky vectors no   533 -   560 computed, error is 7.189015e-03 (1.30 s).
Cholesky vectors no   561 -   581 computed, error is 6.888394e-03 (1.01 s).
Cholesky vectors no   582 -   584 computed, error is 6.273551e-03 (0.15 s).
Cholesky vectors no   585 -   591 computed, error is 5.295871e-03 (0.33 s).
Cholesky vectors no   592 -   612 computed, error is 5.052313e-03 (1.41 s).
Cholesky vectors no   613 -   613 computed, error is 4.658322e-03 (0.05 s).
Cholesky vectors no   614 -   633 computed, error is 3.669130e-03 (0.94 s).
Cholesky vectors no   634 -   654 computed, error is 3.389380e-03 (1.04 s).
Cholesky vectors no   655 -   682 computed, error is 3.373567e-03 (1.50 s).
Cholesky vectors no   683 -   710 computed, error is 2.713674e-03 (1.76 s).
Cholesky vectors no   711 -   738 computed, error is 2.477362e-03 (2.47 s).
Cholesky vectors no   739 -   759 computed, error is 1.189055e-03 (1.62 s).
Cholesky vectors no   760 -   787 computed, error is 1.140788e-03 (2.03 s).
Cholesky vectors no   788 -   815 computed, error is 8.616271e-04 (2.54 s).
Cholesky vectors no   816 -   818 computed, error is 7.277305e-04 (0.21 s).
Cholesky vectors no   819 -   839 computed, error is 6.662676e-04 (1.32 s).
Cholesky vectors no   840 -   845 computed, error is 6.510198e-04 (0.47 s).
Cholesky vectors no   846 -   848 computed, error is 5.950082e-04 (0.25 s).
Cholesky vectors no   849 -   869 computed, error is 5.049343e-04 (1.59 s).
Cholesky vectors no   870 -   875 computed, error is 4.440439e-04 (0.39 s).
Cholesky vectors no   876 -   882 computed, error is 4.168554e-04 (0.46 s).
Cholesky vectors no   883 -   910 computed, error is 4.095956e-04 (2.54 s).
Cholesky vectors no   911 -   931 computed, error is 3.977988e-04 (1.34 s).
Cholesky vectors no   932 -   934 computed, error is 3.375364e-04 (0.18 s).
Cholesky vectors no   935 -   946 computed, error is 3.307098e-04 (0.53 s).
Cholesky vectors no   947 -   974 computed, error is 2.267367e-04 (1.12 s).
Cholesky vectors no   975 -   995 computed, error is 1.735666e-04 (0.81 s).
Cholesky vectors no   996 -  1005 computed, error is 1.559972e-04 (0.77 s).
Cholesky vectors no  1006 -  1033 computed, error is 1.500658e-04 (1.31 s).
Cholesky vectors no  1034 -  1048 computed, error is 1.197691e-04 (0.81 s).
Cholesky vectors no  1049 -  1049 computed, error is 1.147028e-04 (0.06 s).
Cholesky vectors no  1050 -  1077 computed, error is 9.362087e-05 (1.61 s).
Cholesky vectors no  1078 -  1098 computed, error is 9.109852e-05 (1.04 s).
Cholesky vectors no  1099 -  1119 computed, error is 8.394152e-05 (1.82 s).
Cholesky vectors no  1120 -  1122 computed, error is 7.213143e-05 (0.20 s).
Cholesky vectors no  1123 -  1143 computed, error is 6.701202e-05 (1.09 s).
Cholesky vectors no  1144 -  1158 computed, error is 6.276555e-05 (0.84 s).
Cholesky vectors no  1159 -  1186 computed, error is 4.451978e-05 (1.79 s).
Cholesky vectors no  1187 -  1189 computed, error is 3.829962e-05 (0.18 s).
Cholesky vectors no  1190 -  1196 computed, error is 3.799352e-05 (0.40 s).
Cholesky vectors no  1197 -  1224 computed, error is 3.768175e-05 (2.41 s).
Cholesky vectors no  1225 -  1225 computed, error is 3.488888e-05 (0.06 s).
Cholesky vectors no  1226 -  1253 computed, error is 3.343733e-05 (1.78 s).
Cholesky vectors no  1254 -  1254 computed, error is 1.977332e-05 (0.06 s).
Cholesky vectors no  1255 -  1275 computed, error is 1.194674e-05 (1.14 s).
Cholesky vectors no  1276 -  1296 computed, error is 1.179228e-05 (1.42 s).
Cholesky vectors no  1297 -  1317 computed, error is 9.887833e-06 (1.91 s).
Cholesky vectors no  1318 -  1320 computed, error is 8.550476e-06 (0.21 s).
Cholesky vectors no  1321 -  1323 computed, error is 7.742872e-06 (0.23 s).
Cholesky vectors no  1324 -  1324 computed, error is 6.215720e-06 (0.07 s).
Cholesky vectors no  1325 -  1334 computed, error is 6.152435e-06 (0.61 s).
Cholesky vectors no  1335 -  1340 computed, error is 6.134498e-06 (0.38 s).
Cholesky vectors no  1341 -  1361 computed, error is 5.530813e-06 (1.37 s).
Cholesky vectors no  1362 -  1382 computed, error is 3.521058e-06 (1.63 s).
Cholesky vectors no  1383 -  1410 computed, error is 2.891175e-06 (3.29 s).
Cholesky vectors no  1411 -  1411 computed, error is 2.473524e-06 (0.11 s).
Cholesky vectors no  1412 -  1432 computed, error is 2.437821e-06 (2.31 s).
Cholesky vectors no  1433 -  1435 computed, error is 1.568281e-06 (0.34 s).
Cholesky vectors no  1436 -  1463 computed, error is 1.211551e-06 (2.87 s).
Cholesky vectors no  1464 -  1484 computed, error is 1.208245e-06 (2.27 s).
Cholesky vectors no  1485 -  1487 computed, error is 9.213973e-07 (0.33 s).
Cholesky vectors no  1488 -  1515 computed, error is 8.325182e-07 (3.57 s).
Cholesky vectors no  1516 -  1521 computed, error is 7.806866e-07 (0.64 s).
Cholesky vectors no  1522 -  1530 computed, error is 5.555607e-07 (1.02 s).
Cholesky vectors no  1531 -  1558 computed, error is 4.996132e-07 (3.55 s).
Cholesky vectors no  1559 -  1559 computed, error is 4.966236e-07 (0.15 s).
Cholesky vectors no  1560 -  1562 computed, error is 4.695676e-07 (0.45 s).
Cholesky vectors no  1563 -  1590 computed, error is 2.623188e-07 (3.95 s).
Cholesky vectors no  1591 -  1611 computed, error is 2.579252e-07 (4.64 s).
Cholesky vectors no  1612 -  1639 computed, error is 2.211222e-07 (3.72 s).
Cholesky vectors no  1640 -  1644 computed, error is 1.816214e-07 (0.67 s).
Cholesky vectors no  1645 -  1645 computed, error is 1.812216e-07 (0.13 s).
Cholesky vectors no  1646 -  1673 computed, error is 1.480580e-07 (3.62 s).
Cholesky vectors no  1674 -  1688 computed, error is 1.238410e-07 (1.80 s).
Cholesky vectors no  1689 -  1709 computed, error is 1.179993e-07 (3.18 s).
Cholesky vectors no  1710 -  1710 computed, error is 9.452489e-08 (0.14 s).
Cholesky decomposition finished in 1 min 58.21 s. Realized memory size is 831 Mi 315 ki.
Time use: integrals 1.4 %, linear algebra 98.6 %.
4448 shell pairs and 1 nuclei
SAP potential formed in 0.022 s.
Smallest eigenvalue of overlap matrix is 2.33e-04, reciprocal condition number is 5.07e-05.
Using symmetric orthogonalization.
Smallest eigenvalue of overlap matrix is 2.33e-04, reciprocal condition number is 4.84e-05.
Using symmetric orthogonalization.
Smallest eigenvalue of overlap matrix is 1.34e-04, reciprocal condition number is 2.47e-05.
Using symmetric orthogonalization.
Smallest eigenvalue of overlap matrix is 4.38e-05, reciprocal condition number is 6.27e-06.
Using symmetric orthogonalization.
Smallest eigenvalue of overlap matrix is 1.34e-04, reciprocal condition number is 2.47e-05.
Using symmetric orthogonalization.
Smallest eigenvalue of overlap matrix is 2.33e-04, reciprocal condition number is 4.84e-05.
Using symmetric orthogonalization.
Smallest eigenvalue of overlap matrix is 2.33e-04, reciprocal condition number is 5.07e-05.
Using symmetric orthogonalization.
Nela = 5 Nelb = 1



Solving SCF
Evaluated energy  256.6722590416 (change from lowest 2.566723e+02)


Iteration 1: 1 Fock evaluations energy  256.6722590416 change  2.566723e+02 DIIS error vector rms norm 6.097875e-01
History size 1
alpha m=0 occupations
   1.0000   1.0000   1.0000
alpha m=1 occupations
   1.0000
alpha m=2 occupations
   1.0000
beta m=0 occupations
   1.0000
EDIIS step
Evaluated energy -36.7085557030 (change from lowest -2.933808e+02)
Density matrix difference 5.152520e-02 between lowest-energy and newest entry


Iteration 2: 2 Fock evaluations energy -36.7085557030 change -2.933808e+02 DIIS error vector rms norm 1.085904e-03
History size 2
alpha m=0 occupations
   1.0000   1.0000   1.0000
alpha m=1 occupations
   1.0000
alpha m=2 occupations
   1.0000
beta m=0 occupations
   1.0000
EDIIS+DIIS step
Evaluated energy -36.7221236354 (change from lowest -1.356793e-02)
Density matrix difference 3.789985e-03 between lowest-energy and newest entry


Iteration 3: 3 Fock evaluations energy -36.7221236354 change -1.356793e-02 DIIS error vector rms norm 1.578610e-04
History size 3
alpha m=0 occupations
   1.0000   1.0000   1.0000
alpha m=1 occupations
   1.0000
alpha m=2 occupations
   1.0000
beta m=0 occupations
   1.0000
EDIIS+DIIS step
Evaluated energy -36.7226443741 (change from lowest -5.207387e-04)
Density matrix difference 8.271068e-04 between lowest-energy and newest entry


Iteration 4: 4 Fock evaluations energy -36.7226443741 change -5.207387e-04 DIIS error vector rms norm 3.610611e-05
History size 4
alpha m=0 occupations
   1.0000   1.0000   1.0000
alpha m=1 occupations
   1.0000
alpha m=2 occupations
   1.0000
beta m=0 occupations
   1.0000
DIIS step
Evaluated energy -36.7226825198 (change from lowest -3.814572e-05)
Density matrix difference 2.451449e-04 between lowest-energy and newest entry


Iteration 5: 5 Fock evaluations energy -36.7226825198 change -3.814572e-05 DIIS error vector rms norm 7.948239e-06
History size 5
alpha m=0 occupations
   1.0000   1.0000   1.0000
alpha m=1 occupations
   1.0000
alpha m=2 occupations
   1.0000
beta m=0 occupations
   1.0000
DIIS step
Evaluated energy -36.7226842960 (change from lowest -1.776178e-06)
Density matrix difference 6.137780e-05 between lowest-energy and newest entry


Iteration 6: 6 Fock evaluations energy -36.7226842960 change -1.776178e-06 DIIS error vector rms norm 6.980228e-07
History size 6
Converged to energy -36.7226842960!

Running program took 5 min 42.07 s.
