ERKALE - HF/DFT from Hel, OpenMP version, running on 8 cores.
(c) Susi Lehtola, 2010-2016.

This program is free software; you can redistribute it and/or modify
it under the terms of the GNU General Public License as published by
the Free Software Foundation; either version 2 of the License, or
(at your option) any later version.

Running on host silver.

Current time is Sat 31 Jan 2026 23:56:29.

Current Settings used by ERKALE:
     AtomGuess      	                Auto	Method used for atomic guess (Auto for same as method)
     Basis          	           AHGBSP3-7	Basis set used in calculation
     BasisCutoff    	           1.000e-08	Cutoff for dropping out small primitives from contraction
     BasisOrth      	                Auto	Method of orthonormalization of basis set
     BasisRotate    	               false	Rotate basis set to remove redundant functions?
     Charge         	                   0	Total charge of system
     CholDepThresh  	           1.000e-07	Partial Cholesky decomposition threshold
     Cholesky       	                true	Use Cholesky decomposition?
     CholeskyMode   	                   0	Save/load integrals? 0 no, 1 save, -1 load
     CholeskyNAFThr 	           0.000e+00	Cholesky natural auxiliary function threshold
     CholeskyShThr  	           1.000e-02	Cholesky cache threshold
     CholeskyThr    	           1.000e-07	Cholesky decomposition threshold
     Complexbas     	                true	Use complex basis?
     Confinement    	         0.0 0.0 0.0	Confinement potential V(r) = V_i x_i^2
     ConvThr        	           1.000e-06	Orbital gradient convergence threshold
     DFTBasisThr    	           1.000e-10	Threshold for screening basis functions on grid
     DFTCpars       	                    	Override parameters of correlation functional (expert)
     DFTDelta       	           1.000e+02	Switch to final DFT grid has converged within factor X
     DFTDensityThr  	           1.000e-10	Threshold for screening density on grid
     DFTFinalTol    	           1.000e-05	Tolerance of final DFT grid
     DFTGrid        	             75 -302	DFT integration grid to use: nrad lmax or Auto for adaptive
     DFTInitialTol  	           1.000e-04	Tolerance of initial DFT grid
     DFTLobatto     	               false	Use Lobatto quadrature instead of Lebedev quadrature?
     DFTQuadThresh  	           2.220e-16	Threshold for pruning points with small quadrature weight
     DFTXpars       	                    	Override parameters of exchange functional (expert)
     DIISComb       	               false	Combine alpha and beta errors in unrestricted calcs?
     DIISEps        	           1.000e-01	Start mixing in DIIS when error is
     DIISOrder      	                  10	How many DIIS iterations to keep in memory?
     DIISThr        	           1.000e-02	DIIS error threshold for DIIS updates
     DecFock        	               false	Use decontracted basis to calculate Fock matrix (direct HF)
     Decontract     	                   *	Indices of atoms to decontract basis set for
     DensityFitting 	               false	Use density fitting / RI?
     Direct         	               false	Calculate two-electron integrals (or density fitting) on-the-fly?
     EField         	         0.0 0.0 0.0	Electric field
     ErrorNorm      	                 rms	Error norm to use in the SCF code
     FittingBasis   	                Auto	Basis to use for density fitting / RI (Auto for automatic)
     FittingCholeskyThreshold	           1.000e-08	Linear dependence threshold for pivoted Cholesky of Coulomb integrals in density fitting
     FittingMemory  	                1000	Amount of memory in MB to use for exchange fitting
     FittingThreshold	           1.000e-07	Linear dependence threshold for Coulomb integrals in density fitting
     Guess          	              sapfit	Used guess: SAD (default), SADNO, core, GWH, SAP, or SAPfit
     InitConvThr    	           1.000e-05	Initialization convergence threshold
     InputBohr      	               false	Use atomic units as input units instead of angstrom?
     IntegralThresh 	           1.000e-10	Integral screening threshold
     Kgwh           	           1.750e+00	Scaling constant for GWH
     LinDepThresh   	           1.000e-05	Basis set linear dependency threshold
     LinearB        	           8.000e-02	Magnetic field along bond axis
     LinearFreeze   	               false	If using linear symmetry, freeze symmetry to input guess
     LinearOccupationFile	     ../../Si_3.occs	File to read linear occupations from
     LinearOccupations	                  -1	Read in occupations for linear molecule calculations?
     LinearSymmetry 	                true	Do special calculation on linear molecule along z axis
     LoadChk        	                    	Checkpoint file to load from
     Logfile        	          erkale.log	File to print out full information, stdout for screen
     MaxInitIter    	                  50	Maximum number of iterations in the stepwise solutions
     MaxIter        	                 100	Maximum number of iterations in SCF cycle
     Method         	                  HF	Method used in calculation (HF or a DFT functional)
     Multiplicity   	                   5	Spin multiplicity
     NLGrid         	             50 -194	Integration grid to use for nonlocal correlation: nrad lmax
     Occupancies    	                    	Orbital occupancies
     OptLM          	               false	If spherical harmonics used, use cartesian s and p functions?
     PZ             	               false	Perform Perdew-Zunger self-interaction correction?
     PZEthr         	           1.000e-10	Threshold for energy convergence
     PZIthr         	           1.000e-02	Threshold for initialization convergence (not too small!)
     PZNRthr        	           0.000e+00	Threshold for use of NR method in OO optimization
     PZOOthr        	           1.000e-04	Gradient threshold for OO optimization
     PZOVthr        	           1.000e-05	Gradient threshold for OV optimization
     PZimag         	                Auto	Imaginary degrees of freedom in PZ?
     PZiter         	                  20	Max number of iterations in self-consistency iteration
     PZloc          	                Auto	Initial localization before SIC calculation?
     PZlocmet       	                  FB	Initial localization method (recommend FB or IAO)
     PZmode         	                  XC	Apply PZ to the operators (in addition to J): X C D
     PZoo           	                true	Optimize OO block?
     PZov           	                true	Optimize OV block?
     PZprec         	                   1	Precondition OV block? 0: no, 1: unified, 2: orbital
     PZrand         	                true	Apply random rotation in PZ initialization? (Should be true)
     PZscale        	            Constant	Scaling for PZ: Constant, Density or Kinetic
     PZscaleExp     	           1.000e+00	Exponent in the dynamic scaling equation
     PZseed         	                   0	Seed number for randomized matrices?
     PZstab         	                   0	Stability analysis for PZ-SIC? 1 or -1 for OO, 2 or -2 for OO+OV
     PZstabThr      	           1.000e-03	Instability threshold (interpreted as -thr)
     PZw            	           1.000e+00	Weight for Perdew-Zunger self-interaction correction
     Restricted     	               false	Spin restricted?
     SAPBasis       	    helfem_large.gbs	Tabulated atomic effective potential "basis set"
     SAPGrid        	                    	SAP integration grid to use: nrad lmax or leave empty
     SaveChk        	   complex_basis.chk	Checkpoint file to save to
     Shift          	           0.000e+00	Level shift to use in Hartree
     System         	        ../atoms.xyz	System as an xyz file
     TRRHminS       	           9.750e-01	Trust-Region Roothaan-Hall minimal occupied orbital overlap
     UseADIIS       	                true	Use ADIIS for Fock matrix interpolation?
     UseBroyden     	               false	Use Broyden mixing of Fock matrices?
     UseDIIS        	                true	Use Pulay's Direct Inversion in the Iterative Subspace?
     UseLM          	                true	Use a spherical harmonics basis set by default?
     UseTRRH        	               false	Use Trust-Region Roothaan-Hall?
     VV10           	                Auto	Use VV10 non-local correlation?
     VV10Pars       	                    	VV10 parameters: b C
     Verbose        	                true	Verbose calculation?
     Verbosity      	                   5	Verboseness level

Basis set AHGBSP3-7 found in file AHGBSP3-7.gbs in /home/lehtola/programs/erkale/basis/.
Basis set helfem_large.gbs found in file helfem_large.gbs in /home/lehtola/programs/erkale/basis/.
Screening by shell pairs and symmetry reduced dofs by factor 2.07.
Individual screening reduced dofs by a total factor 2.07.
Computing Cholesky vectors. Estimated memory size is 1006 Mi - 3 Gi.
Cholesky vectors no     0 -     0 computed, error is 1.390217e+02 (0.03 s).
Cholesky vectors no     1 -     1 computed, error is 3.837935e+01 (0.03 s).
Cholesky vectors no     2 -     2 computed, error is 1.605084e+01 (0.03 s).
Cholesky vectors no     3 -     8 computed, error is 1.471482e+01 (0.05 s).
Cholesky vectors no     9 -     9 computed, error is 8.583197e+00 (0.00 s).
Cholesky vectors no    10 -    12 computed, error is 6.616205e+00 (0.01 s).
Cholesky vectors no    13 -    18 computed, error is 2.365934e+00 (0.05 s).
Cholesky vectors no    19 -    33 computed, error is 2.232123e+00 (0.11 s).
Cholesky vectors no    34 -    36 computed, error is 2.033118e+00 (0.02 s).
Cholesky vectors no    37 -    37 computed, error is 1.365652e+00 (0.01 s).
Cholesky vectors no    38 -    47 computed, error is 1.081100e+00 (0.08 s).
Cholesky vectors no    48 -    53 computed, error is 8.884896e-01 (0.06 s).
Cholesky vectors no    54 -    98 computed, error is 7.061688e-01 (0.31 s).
Cholesky vectors no    99 -   101 computed, error is 6.776408e-01 (0.11 s).
Cholesky vectors no   102 -   116 computed, error is 6.062018e-01 (0.17 s).
Cholesky vectors no   117 -   137 computed, error is 4.055827e-01 (0.28 s).
Cholesky vectors no   138 -   138 computed, error is 3.359028e-01 (0.02 s).
Cholesky vectors no   139 -   183 computed, error is 2.518874e-01 (0.77 s).
Cholesky vectors no   184 -   219 computed, error is 1.990458e-01 (0.70 s).
Cholesky vectors no   220 -   247 computed, error is 1.809614e-01 (0.66 s).
Cholesky vectors no   248 -   257 computed, error is 1.304371e-01 (0.24 s).
Cholesky vectors no   258 -   302 computed, error is 1.290466e-01 (1.24 s).
Cholesky vectors no   303 -   338 computed, error is 1.095009e-01 (0.82 s).
Cholesky vectors no   339 -   339 computed, error is 9.202429e-02 (0.03 s).
Cholesky vectors no   340 -   342 computed, error is 6.881796e-02 (0.08 s).
Cholesky vectors no   343 -   378 computed, error is 6.817518e-02 (0.92 s).
Cholesky vectors no   379 -   423 computed, error is 6.440556e-02 (1.73 s).
Cholesky vectors no   424 -   438 computed, error is 6.233446e-02 (0.54 s).
Cholesky vectors no   439 -   441 computed, error is 5.077962e-02 (0.11 s).
Cholesky vectors no   442 -   486 computed, error is 4.555157e-02 (1.27 s).
Cholesky vectors no   487 -   492 computed, error is 4.078033e-02 (0.17 s).
Cholesky vectors no   493 -   502 computed, error is 3.743354e-02 (0.55 s).
Cholesky vectors no   503 -   503 computed, error is 3.654667e-02 (0.03 s).
Cholesky vectors no   504 -   539 computed, error is 3.373787e-02 (1.21 s).
Cholesky vectors no   540 -   567 computed, error is 3.023543e-02 (0.95 s).
Cholesky vectors no   568 -   612 computed, error is 3.014356e-02 (1.69 s).
Cholesky vectors no   613 -   613 computed, error is 2.488354e-02 (0.04 s).
Cholesky vectors no   614 -   634 computed, error is 1.975046e-02 (0.72 s).
Cholesky vectors no   635 -   679 computed, error is 1.933673e-02 (1.73 s).
Cholesky vectors no   680 -   715 computed, error is 1.277428e-02 (1.76 s).
Cholesky vectors no   716 -   751 computed, error is 1.188210e-02 (1.43 s).
Cholesky vectors no   752 -   796 computed, error is 1.147526e-02 (1.88 s).
Cholesky vectors no   797 -   817 computed, error is 1.021912e-02 (1.34 s).
Cholesky vectors no   818 -   862 computed, error is 1.019630e-02 (1.90 s).
Cholesky vectors no   863 -   898 computed, error is 7.681525e-03 (1.53 s).
Cholesky vectors no   899 -   943 computed, error is 7.123317e-03 (2.55 s).
Cholesky vectors no   944 -   946 computed, error is 5.946374e-03 (0.15 s).
Cholesky vectors no   947 -   982 computed, error is 5.357892e-03 (1.76 s).
Cholesky vectors no   983 -  1018 computed, error is 4.620607e-03 (2.32 s).
Cholesky vectors no  1019 -  1063 computed, error is 3.995785e-03 (2.50 s).
Cholesky vectors no  1064 -  1066 computed, error is 3.735363e-03 (0.19 s).
Cholesky vectors no  1067 -  1111 computed, error is 3.203351e-03 (3.08 s).
Cholesky vectors no  1112 -  1118 computed, error is 3.130108e-03 (0.44 s).
Cholesky vectors no  1119 -  1154 computed, error is 2.805677e-03 (2.22 s).
Cholesky vectors no  1155 -  1190 computed, error is 2.337331e-03 (2.17 s).
Cholesky vectors no  1191 -  1196 computed, error is 2.000487e-03 (0.36 s).
Cholesky vectors no  1197 -  1223 computed, error is 1.828032e-03 (2.13 s).
Cholesky vectors no  1224 -  1268 computed, error is 1.652944e-03 (2.81 s).
Cholesky vectors no  1269 -  1304 computed, error is 1.448641e-03 (2.55 s).
Cholesky vectors no  1305 -  1349 computed, error is 1.146079e-03 (3.07 s).
Cholesky vectors no  1350 -  1394 computed, error is 1.025343e-03 (3.22 s).
Cholesky vectors no  1395 -  1405 computed, error is 9.352245e-04 (1.37 s).
Cholesky vectors no  1406 -  1441 computed, error is 8.719396e-04 (2.84 s).
Cholesky vectors no  1442 -  1477 computed, error is 8.201195e-04 (2.75 s).
Cholesky vectors no  1478 -  1480 computed, error is 6.904518e-04 (0.19 s).
Cholesky vectors no  1481 -  1481 computed, error is 6.051636e-04 (0.05 s).
Cholesky vectors no  1482 -  1491 computed, error is 5.660500e-04 (0.53 s).
Cholesky vectors no  1492 -  1506 computed, error is 5.642269e-04 (1.86 s).
Cholesky vectors no  1507 -  1551 computed, error is 4.548618e-04 (4.00 s).
Cholesky vectors no  1552 -  1587 computed, error is 3.856278e-04 (2.98 s).
Cholesky vectors no  1588 -  1590 computed, error is 3.678716e-04 (0.27 s).
Cholesky vectors no  1591 -  1618 computed, error is 3.515109e-04 (3.25 s).
Cholesky vectors no  1619 -  1653 computed, error is 3.223638e-04 (2.76 s).
Cholesky vectors no  1654 -  1660 computed, error is 2.325168e-04 (0.45 s).
Cholesky vectors no  1661 -  1705 computed, error is 2.290177e-04 (4.55 s).
Cholesky vectors no  1706 -  1750 computed, error is 2.186703e-04 (3.84 s).
Cholesky vectors no  1751 -  1786 computed, error is 1.778029e-04 (3.15 s).
Cholesky vectors no  1787 -  1789 computed, error is 1.354355e-04 (0.26 s).
Cholesky vectors no  1790 -  1790 computed, error is 8.222265e-05 (0.09 s).
Cholesky vectors no  1791 -  1811 computed, error is 6.741545e-05 (2.56 s).
Cholesky vectors no  1812 -  1817 computed, error is 5.995925e-05 (0.38 s).
Cholesky vectors no  1818 -  1818 computed, error is 5.888893e-05 (0.06 s).
Cholesky vectors no  1819 -  1863 computed, error is 4.703800e-05 (3.97 s).
Cholesky vectors no  1864 -  1899 computed, error is 3.884845e-05 (3.40 s).
Cholesky vectors no  1900 -  1935 computed, error is 2.486198e-05 (4.19 s).
Cholesky vectors no  1936 -  1938 computed, error is 2.261946e-05 (0.26 s).
Cholesky vectors no  1939 -  1983 computed, error is 1.790147e-05 (4.06 s).
Cholesky vectors no  1984 -  2019 computed, error is 1.446213e-05 (4.03 s).
Cholesky vectors no  2020 -  2022 computed, error is 1.425544e-05 (0.22 s).
Cholesky vectors no  2023 -  2067 computed, error is 1.231863e-05 (3.45 s).
Cholesky vectors no  2068 -  2103 computed, error is 1.111453e-05 (3.35 s).
Cholesky vectors no  2104 -  2104 computed, error is 8.790848e-06 (0.08 s).
Cholesky vectors no  2105 -  2149 computed, error is 7.837825e-06 (3.28 s).
Cholesky vectors no  2150 -  2155 computed, error is 7.117293e-06 (0.39 s).
Cholesky vectors no  2156 -  2183 computed, error is 6.965190e-06 (1.94 s).
Cholesky vectors no  2184 -  2219 computed, error is 5.316316e-06 (3.79 s).
Cholesky vectors no  2220 -  2264 computed, error is 3.462955e-06 (3.71 s).
Cholesky vectors no  2265 -  2309 computed, error is 3.040455e-06 (3.92 s).
Cholesky vectors no  2310 -  2319 computed, error is 2.923554e-06 (0.73 s).
Cholesky vectors no  2320 -  2364 computed, error is 2.859940e-06 (3.37 s).
Cholesky vectors no  2365 -  2400 computed, error is 2.634026e-06 (4.77 s).
Cholesky vectors no  2401 -  2415 computed, error is 2.613535e-06 (1.85 s).
Cholesky vectors no  2416 -  2451 computed, error is 2.550754e-06 (4.15 s).
Cholesky vectors no  2452 -  2452 computed, error is 1.451095e-06 (0.12 s).
Cholesky vectors no  2453 -  2457 computed, error is 1.366193e-06 (0.63 s).
Cholesky vectors no  2458 -  2466 computed, error is 1.257474e-06 (1.14 s).
Cholesky vectors no  2467 -  2511 computed, error is 1.094429e-06 (7.20 s).
Cholesky vectors no  2512 -  2524 computed, error is 1.033981e-06 (1.96 s).
Cholesky vectors no  2525 -  2560 computed, error is 9.925209e-07 (4.38 s).
Cholesky vectors no  2561 -  2561 computed, error is 9.917568e-07 (0.13 s).
Cholesky vectors no  2562 -  2606 computed, error is 9.792248e-07 (5.86 s).
Cholesky vectors no  2607 -  2642 computed, error is 6.346681e-07 (3.10 s).
Cholesky vectors no  2643 -  2645 computed, error is 5.963576e-07 (0.28 s).
Cholesky vectors no  2646 -  2690 computed, error is 4.868969e-07 (3.65 s).
Cholesky vectors no  2691 -  2726 computed, error is 4.540023e-07 (3.79 s).
Cholesky vectors no  2727 -  2727 computed, error is 3.637893e-07 (0.08 s).
Cholesky vectors no  2728 -  2763 computed, error is 3.316771e-07 (3.10 s).
Cholesky vectors no  2764 -  2772 computed, error is 2.812012e-07 (0.79 s).
Cholesky vectors no  2773 -  2778 computed, error is 1.712535e-07 (0.54 s).
Cholesky vectors no  2779 -  2823 computed, error is 1.655870e-07 (5.56 s).
Cholesky vectors no  2824 -  2859 computed, error is 1.274224e-07 (3.13 s).
Cholesky vectors no  2860 -  2904 computed, error is 1.246685e-07 (4.75 s).
Cholesky vectors no  2905 -  2917 computed, error is 1.172708e-07 (1.14 s).
Cholesky vectors no  2918 -  2931 computed, error is 1.161888e-07 (1.22 s).
Cholesky vectors no  2932 -  2967 computed, error is 1.072202e-07 (3.70 s).
Cholesky vectors no  2968 -  2972 computed, error is 8.567213e-08 (0.66 s).
Cholesky decomposition finished in 3 min 39.67 s. Realized memory size is 2 Gi 188 Mi 507 ki.
Time use: integrals 2.1 %, linear algebra 97.9 %.
4347 shell pairs and 1 nuclei
SAP potential formed in 0.156 s.
Smallest eigenvalue of overlap matrix is 5.33e-03, reciprocal condition number is 1.55e-03.
Using symmetric orthogonalization.
Smallest eigenvalue of overlap matrix is 3.11e-03, reciprocal condition number is 8.35e-04.
Using symmetric orthogonalization.
Smallest eigenvalue of overlap matrix is 2.27e-03, reciprocal condition number is 5.69e-04.
Using symmetric orthogonalization.
Smallest eigenvalue of overlap matrix is 1.30e-03, reciprocal condition number is 2.89e-04.
Using symmetric orthogonalization.
Smallest eigenvalue of overlap matrix is 5.07e-04, reciprocal condition number is 8.92e-05.
Using symmetric orthogonalization.
Smallest eigenvalue of overlap matrix is 1.30e-03, reciprocal condition number is 2.89e-04.
Using symmetric orthogonalization.
Smallest eigenvalue of overlap matrix is 2.27e-03, reciprocal condition number is 5.69e-04.
Using symmetric orthogonalization.
Smallest eigenvalue of overlap matrix is 3.11e-03, reciprocal condition number is 8.35e-04.
Using symmetric orthogonalization.
Smallest eigenvalue of overlap matrix is 5.33e-03, reciprocal condition number is 1.55e-03.
Using symmetric orthogonalization.
Nela = 9 Nelb = 5



Solving SCF
Evaluated energy -288.8254930283 (change from lowest -2.888255e+02)


Iteration 1: 1 Fock evaluations energy -288.8254930283 change -2.888255e+02 DIIS error vector rms norm 6.829416e-03
History size 1
alpha m=-1 occupations
   1.0000   1.0000
alpha m=0 occupations
   1.0000   1.0000   1.0000   1.0000   1.0000
alpha m=1 occupations
   1.0000   1.0000
beta m=-1 occupations
   1.0000
beta m=0 occupations
   1.0000   1.0000   1.0000
beta m=1 occupations
   1.0000
EDIIS+DIIS step
Evaluated energy -288.9017624641 (change from lowest -7.626944e-02)
Density matrix difference 1.078908e-02 between lowest-energy and newest entry


Iteration 2: 2 Fock evaluations energy -288.9017624641 change -7.626944e-02 DIIS error vector rms norm 5.374167e-04
History size 2
alpha m=-1 occupations
   1.0000   1.0000
alpha m=0 occupations
   1.0000   1.0000   1.0000   1.0000   1.0000
alpha m=1 occupations
   1.0000   1.0000
beta m=-1 occupations
   1.0000
beta m=0 occupations
   1.0000   1.0000   1.0000
beta m=1 occupations
   1.0000
EDIIS+DIIS step
Evaluated energy -288.9057159979 (change from lowest -3.953534e-03)
Density matrix difference 2.293702e-03 between lowest-energy and newest entry


Iteration 3: 3 Fock evaluations energy -288.9057159979 change -3.953534e-03 DIIS error vector rms norm 1.359617e-04
History size 3
alpha m=-1 occupations
   1.0000   1.0000
alpha m=0 occupations
   1.0000   1.0000   1.0000   1.0000   1.0000
alpha m=1 occupations
   1.0000   1.0000
beta m=-1 occupations
   1.0000
beta m=0 occupations
   1.0000   1.0000   1.0000
beta m=1 occupations
   1.0000
EDIIS+DIIS step
Evaluated energy -288.9060437909 (change from lowest -3.277930e-04)
Density matrix difference 6.213666e-04 between lowest-energy and newest entry


Iteration 4: 4 Fock evaluations energy -288.9060437909 change -3.277930e-04 DIIS error vector rms norm 3.517826e-05
History size 4
alpha m=-1 occupations
   1.0000   1.0000
alpha m=0 occupations
   1.0000   1.0000   1.0000   1.0000   1.0000
alpha m=1 occupations
   1.0000   1.0000
beta m=-1 occupations
   1.0000
beta m=0 occupations
   1.0000   1.0000   1.0000
beta m=1 occupations
   1.0000
DIIS step
Evaluated energy -288.9060988614 (change from lowest -5.507047e-05)
Density matrix difference 3.364268e-04 between lowest-energy and newest entry


Iteration 5: 5 Fock evaluations energy -288.9060988614 change -5.507047e-05 DIIS error vector rms norm 3.485715e-06
History size 5
alpha m=-1 occupations
   1.0000   1.0000
alpha m=0 occupations
   1.0000   1.0000   1.0000   1.0000   1.0000
alpha m=1 occupations
   1.0000   1.0000
beta m=-1 occupations
   1.0000
beta m=0 occupations
   1.0000   1.0000   1.0000
beta m=1 occupations
   1.0000
DIIS step
Evaluated energy -288.9060994467 (change from lowest -5.852796e-07)
Density matrix difference 3.521058e-05 between lowest-energy and newest entry


Iteration 6: 6 Fock evaluations energy -288.9060994467 change -5.852796e-07 DIIS error vector rms norm 3.685424e-07
History size 6
Converged to energy -288.9060994467!

Running program took 8 min 13.44 s.
